71855 80401 80808 0.00566418
71290 79626 79649 0.000322626
72468 81677 81086 -0.00815532
72210 81564 81116 -0.00620413
71703 81623 81366 -0.00358423
71306 79111 79438 0.00458587
74350 82539 82712 0.00232683
71917 81513 81611 0.00136268
69730 80466 80633 0.00239495
71027 79858 79858 0
75120 82371 82371 0
71024 81158 81343 0.00260475
72325 80301 81159 0.0118631
72661 82445 82584 0.00191299
69508 80943 80532 -0.00591299
72626 80854 81511 0.00904635
72607 82562 82808 0.0033881
70118 80295 80574 0.00397901
68926 79539 79130 -0.0059339
71794 80920 80607 -0.0043597
72552 81723 82271 0.0075532
73786 82982 82782 -0.00271054
70752 79431 79550 0.00168193
74121 81728 81799 0.000957893
71438 80809 80983 0.00243568
73140 80798 81589 0.0108149
72269 82348 81957 -0.00541034
72721 80727 80609 -0.00162264
72715 82158 82210 0.000715121
73539 80806 80018 -0.0107154
73531 82259 81955 -0.00413431
70860 79607 79272 -0.00472763
71765 81031 80915 -0.00161639
69809 78703 78633 -0.00100274
71280 80859 80837 -0.000308642
69364 80480 79411 -0.0154115
74180 80665 80364 -0.0040577
73326 82907 82765 -0.00193656
71609 81372 81132 -0.00335153
70223 80212 80212 0
73870 83183 83064 -0.00161094
70950 80170 80289 0.00167724
72445 82501 82621 0.00165643
71485 82159 82159 0
70332 79444 79043 -0.00570153
72957 83240 83053 -0.00256315
72587 80681 80902 0.00304462
72087 83037 83022 -0.000208082
72056 82263 81814 -0.00623126
71333 78715 79218 0.00705143
71199 79380 79380 0
70743 79650 79849 0.002813
71411 78693 79050 0.00499923
70113 79989 79952 -0.00052772
72896 82076 81851 -0.00308659
71776 80645 81117 0.00657601
72989 81188 81204 0.000219211
73984 81790 81694 -0.00129758
72372 80602 80843 0.00333002
70864 80253 79518 -0.010372
71742 80677 80770 0.00129631
71787 80170 80539 0.00514021
73515 80579 80471 -0.00146909
72368 81948 81901 -0.000649458
71051 79227 79316 0.00125262
70604 81820 81964 0.00203954
70692 81529 81460 -0.000976065
72278 80755 80718 -0.000511912
70422 79565 79747 0.00258442
73149 81112 80886 -0.00308958
71376 80499 80531 0.00044833
71052 79274 78670 -0.00850082
70514 82272 81926 -0.00490683
71354 80487 80772 0.00399417
69710 81489 81371 -0.00169273
69565 80241 80071 -0.00244376
70896 79948 80111 0.00229914
71291 80512 80279 -0.00326829
71914 83110 82341 -0.0106933
71011 82073 82159 0.00121108
68472 78711 78355 -0.00519921
70846 79714 80152 0.00618242
70651 79110 78246 -0.0122291
69946 77737 77667 -0.00100077
69713 81601 81431 -0.00243857
71135 82313 82365 0.000731004
70971 79021 78974 -0.000662242
73492 83502 83467 -0.000476242
71316 81123 81062 -0.000855348
71308 82661 82565 -0.00134627
73165 84127 84068 -0.000806397
70471 79988 80185 0.00279548
72661 81500 81519 0.000261488
70413 80506 79835 -0.00952949
72724 81966 81995 0.000398768
70287 79509 79299 -0.00298775
70613 79572 79155 -0.00590543
71990 81781 82018 0.00329212
72331 80307 80381 0.00102307
69310 77950 77455 -0.00714183
71899 81311 81423 0.00155774
74186 82096 81787 -0.00416521
73293 82686 82640 -0.000627618
70266 79900 79801 -0.00140893
73191 80959 80987 0.000382561
73218 82906 82248 -0.00898686
70937 81185 81052 -0.0018749
73179 82616 82749 0.00181746
70299 80656 80963 0.00436706
72086 81266 81266 0
72866 81435 81500 0.000892048
70559 78296 78453 0.00222509
71247 82964 82964 0
69394 79797 79935 0.00198864
70882 79665 79415 -0.00352699
71873 79895 79849 -0.000640018
71915 80063 79705 -0.0049781
72966 82353 82550 0.00269989
70880 82240 81973 -0.00376693
71303 79766 79700 -0.000925627
71116 81273 81272 -1.40615e-05
71553 81052 80563 -0.0068341
72961 81567 81667 0.0013706
68166 78999 79111 0.00164305
72705 81795 81772 -0.000316347
71021 80071 80244 0.0024359
72146 79933 79414 -0.00719375
71735 80685 80575 -0.00153342
73231 81584 81458 -0.00172058
73399 82488 82728 0.0032698
72458 80926 80515 -0.00567225
72509 81855 81968 0.00155843
71750 80580 80656 0.00105923
69674 80548 80066 -0.00691793
70555 80910 80493 -0.00591028
69376 80698 80686 -0.00017297
73056 81401 81188 -0.00291557
73023 82430 81901 -0.00724429
71491 80961 81015 0.00075534
73802 81794 81555 -0.00323839
68187 78599 79007 0.00598355
72099 79145 79007 -0.00191403
68722 78383 78061 -0.00468554
70805 80635 80559 -0.00107337
72810 80645 80749 0.00142838
71668 81249 81243 -8.37194e-05
72054 81661 81780 0.00165154
70081 78872 78576 -0.00422368
72709 80937 80829 -0.00148537
70102 78750 78758 0.000114119
69150 80375 80375 0
69654 80913 80667 -0.00353174
69891 79509 79220 -0.00413501
71621 79998 79998 0
70705 80440 79749 -0.009773
72686 79975 80056 0.00111438
70561 79919 79644 -0.00389734
71055 80072 80091 0.000267398
71890 80692 80692 0
69753 78575 79146 0.00818603
73821 81310 80857 -0.00613647
71825 82287 82355 0.000946746
71319 80065 79941 -0.00173867
72021 81458 81458 0
70254 80470 80378 -0.00130953
74182 80577 80556 -0.000283088
73430 81736 81736 0
72506 81484 81581 0.00133782
72028 81018 80984 -0.000472039
71652 81175 81125 -0.000697817
70016 79891 80087 0.00279936
73382 82686 82502 -0.00250743
71018 80087 79779 -0.00433693
70623 79720 79840 0.00169916
74087 81842 80964 -0.0118509
74314 81779 81736 -0.000578626
71139 81479 81427 -0.000730963
72314 79823 79863 0.000553143
70319 80598 80388 -0.00298639
71132 80894 80660 -0.00328966
75167 82794 82721 -0.000971171
72921 80856 81222 0.00501913
72311 80291 79938 -0.00488169
71077 81009 81207 0.00278571
73551 82686 82132 -0.00753219
73926 83054 83334 0.00378757
69583 80154 80006 -0.00212696
69416 78762 79122 0.00518612
71287 80682 80575 -0.00150097
73063 82892 83052 0.00218989
72451 81682 81355 -0.0045134
69881 79496 79970 0.00678296
70756 80538 80025 -0.00725027
72263 81466 81402 -0.000885654
70980 82022 81676 -0.00487461
71067 79923 79795 -0.00180112
70552 81409 81461 0.000737045
69439 78834 78591 -0.00349947
70136 79331 79194 -0.00195335
69694 78983 78815 -0.00241054
73817 82154 82082 -0.000975385
72611 80721 80263 -0.00630758
73845 80978 80829 -0.00201774
70706 81810 81325 -0.00685939
73816 80713 80689 -0.000325133
71430 80083 80039 -0.000615988
71848 81475 81503 0.000389712
72866 80608 80586 -0.000301924
70832 78574 78320 -0.00358595
70548 79429 78756 -0.0095396
68194 77649 77912 0.00385664
73302 82940 82869 -0.000968596
70410 81010 81172 0.00230081
72518 81571 81644 0.00100665
71961 81004 80761 -0.00337683
70640 80006 79854 -0.00215176
72971 81157 81111 -0.000630387
71220 80040 80023 -0.000238697
72238 82130 82087 -0.000595255
75648 81664 81671 9.25338e-05
72633 81220 80763 -0.00629191
71834 80071 80016 -0.000765654
73671 83579 82714 -0.0117414
68768 78633 78597 -0.000523499
72027 82243 82045 -0.00274897
71044 80728 79865 -0.0121474
68759 79577 79482 -0.00138164
71754 80189 80469 0.00390222
73581 79980 80271 0.00395483
72826 80570 81207 0.00874688
71690 79565 79694 0.00179941
72660 81771 81681 -0.00123865
72780 83143 83053 -0.0012366
70469 79777 79975 0.00280975
71408 81092 81293 0.00281481
69949 78667 78942 0.00393144
70677 80439 80687 0.00350892
71749 80394 80321 -0.00101744
70763 80892 80233 -0.00931278
73216 81042 81399 0.00487598
73232 80161 80170 0.000122897
71820 81410 81458 0.000668338
71579 79502 79747 0.00342279
72449 80121 80540 0.00578338
72616 82536 82547 0.000151482
71222 82693 82953 0.00365056
69674 79291 79381 0.00129173
71361 79802 79252 -0.00770729
71861 81056 81193 0.00190646
69734 79612 80004 0.00562136
71429 78983 79104 0.00169399
72921 81000 81026 0.00035655
73375 81440 80430 -0.0137649
69690 78877 78518 -0.00515138
73057 80279 80422 0.00195738
73778 81526 81857 0.00448643
71340 82004 81990 -0.000196243
71341 81916 81848 -0.000953169
70377 80306 80302 -5.68368e-05
72065 80274 80311 0.000513425
71873 81029 81029 0
71865 81400 81492 0.00128018
71116 80053 79939 -0.00160301
69828 79323 79683 0.00515553
71944 82582 82744 0.00225175
69657 79507 79707 0.00287121
71196 81236 81436 0.00280915
71889 79962 79979 0.000236476
70822 79875 79935 0.000847194
69086 78152 76990 -0.0168196
72596 82117 81975 -0.00195603
71299 78104 78287 0.00256666
72396 79542 79551 0.000124316
72592 79753 79825 0.000991845
74502 82735 82622 -0.00151674
71083 81477 81074 -0.00566943
68606 81192 80414 -0.0113401
68442 78154 78081 -0.0010666
73421 81670 81672 2.72402e-05
70631 81574 81201 -0.00528097
71127 81216 81328 0.00157465
68776 78994 78674 -0.00465279
70653 80614 80600 -0.000198152
72320 80530 80604 0.00102323
71193 80923 81063 0.00196649
70204 81274 79960 -0.0187169
70862 78835 78783 -0.000733821
75170 82263 82168 -0.0012638
71647 80559 80186 -0.00520608
71483 80592 80485 -0.00149686
71800 81739 81700 -0.000543175
73217 80108 80141 0.000450715
70723 79292 79540 0.00350664
71850 80169 80327 0.00219903
72661 80542 81085 0.00747306
73309 81677 81872 0.00265997
74055 83469 83485 0.000216056
70828 80450 80598 0.00208957
73465 82094 82262 0.0022868
72905 83786 82573 -0.0166381
70167 79874 79841 -0.000470307
73471 81755 81764 0.000122497
71860 80812 80692 -0.00166991
73486 81893 81515 -0.00514384
70193 78751 78746 -7.12322e-05
71679 81731 80912 -0.0114259
70406 81180 81401 0.00313894
72907 80452 80705 0.00347017
72332 78773 78631 -0.00196317
69640 78906 78924 0.000258472
73043 81651 81620 -0.000424408
71639 81073 81203 0.00181465
72813 79275 79540 0.00363946
71349 81788 81741 -0.000658734
71293 79293 79073 -0.00308586
72456 80650 80768 0.00162857
73062 80684 81313 0.00860913
69821 79904 79717 -0.00267828
71148 79747 79522 -0.00316242
68276 79662 79054 -0.00890503
71624 78724 78410 -0.00438401
68710 80327 80365 0.000553049
71335 82266 82171 -0.00133174
72189 80585 81067 0.00667692
70318 81203 81266 0.00089593
70893 80054 80028 -0.00036675
71454 79850 79999 0.00208526
71661 79542 79516 -0.000362819
71628 78594 78286 -0.00429999
70556 80503 80524 0.000297636
69778 79447 79349 -0.00140445
74237 80537 80671 0.00180503
70304 78877 78656 -0.00314349
73751 82226 82630 0.00547789
70968 78353 78448 0.00133863
70195 80462 80574 0.00159556
70760 80227 79937 -0.00409836
73403 82622 82692 0.000953639
70690 79223 79206 -0.000240487
71409 83132 83315 0.0025627
73372 80644 80424 -0.00299842
72556 79956 80381 0.00585754
73336 81788 81496 -0.00398167
70695 80160 79827 -0.00471038
70231 79566 79673 0.00152354
72295 82205 82363 0.00218549
71190 81962 81739 -0.00313246
69873 81413 81091 -0.00460836
70088 79249 79037 -0.00302477
71960 80705 80641 -0.000889383
71598 81109 81340 0.00322635
70215 81552 81395 -0.00223599
72856 80400 80422 0.000301966
70839 80853 80858 7.05826e-05
71138 80090 80090 0
74618 82675 82934 0.00347101
71238 79632 79568 -0.000898397
73203 82459 82491 0.000437141
68547 77618 77707 0.00129838
73706 79943 79949 8.14045e-05
70283 80100 79984 -0.00165047
72637 80167 80089 -0.00107383
72003 81027 81345 0.00441648
74103 81321 81206 -0.00155189
73792 82347 81923 -0.00574588
72137 81986 81967 -0.000263388
71585 78129 78069 -0.000838164
70060 82005 82067 0.000884956
71347 80589 80433 -0.0021865
73259 82632 82779 0.00200658
74146 82059 82049 -0.000134869
70993 80493 80021 -0.00664854
71734 81090 80525 -0.00787632
73472 82980 82326 -0.00890135
73536 83549 84171 0.00845844
70512 81816 81812 -5.67279e-05
71664 81489 81916 0.00595836
72833 80655 80799 0.00197713
71710 81521 81521 0
71665 81937 81966 0.000404661
70616 80693 80867 0.00246403
71959 80364 80530 0.00230687
72151 80338 80427 0.00123352
71704 81808 81048 -0.0105991
69866 79660 79070 -0.00844474
70998 78645 79122 0.0067185
72048 80097 80295 0.00274817
71046 80665 80766 0.00142161
71439 80678 80682 5.59918e-05
74900 84646 84583 -0.000841121
72202 79681 79301 -0.00526301
70029 81459 81922 0.00661155
72322 81362 81237 -0.00172838
73868 82891 82385 -0.00685006
73072 82857 82627 -0.00314758
70942 79181 79130 -0.000718897
71556 80496 80521 0.000349377
71139 80253 80276 0.000323311
69077 79922 80039 0.00169376
71410 81538 81538 0
69063 80597 80820 0.00322894
71551 81007 80617 -0.00545066
70714 79462 79346 -0.00164041
73544 80158 80449 0.00395681
71448 80227 79967 -0.00363901
67988 78549 78593 0.000647173
71788 80080 79944 -0.00189447
73065 80771 80356 -0.00567987
74086 82640 82778 0.0018627
72217 79923 79692 -0.00319869
72157 81611 80725 -0.0122788
69520 79098 78815 -0.00407077
71073 79874 79693 -0.00254668
71108 80494 80364 -0.0018282
73588 80144 80434 0.00394086
69581 80180 79824 -0.00511634
72866 82799 82731 -0.00093322
71648 79656 79835 0.00249833
71298 81477 81545 0.000953743
68940 78440 78399 -0.00059472
71091 79806 79862 0.000787723
74406 82375 82377 2.68796e-05
76055 81096 80763 -0.00437841
71804 81000 80761 -0.00332851
72222 82662 82689 0.000373847
73184 82440 82486 0.000628553
71433 81526 82057 0.00743354
71606 80383 80741 0.00499958
69290 80072 80127 0.000793765
72354 81628 81306 -0.00445034
70788 80499 80556 0.000805221
72395 81499 81486 -0.00017957
73233 81846 81846 0
71846 79018 79100 0.00114133
69453 79588 79588 0
71712 81001 80955 -0.000641455
69181 80616 79750 -0.0125179
72817 80480 80336 -0.00197756
71580 79797 79823 0.00036323
71902 83848 83786 -0.000862285
70269 80251 80858 0.00863823
71252 79640 79621 -0.000266659
70528 81257 81175 -0.00116266
69401 80021 80309 0.0041498
71667 80869 81009 0.00195348
70657 81724 81458 -0.00376467
71167 80411 80399 -0.000168617
69953 81681 81612 -0.000986377
68980 79007 79138 0.0018991
74406 82980 82899 -0.00108862
74696 82998 83079 0.0010844
70864 80779 80799 0.000282231
70054 81443 81390 -0.000756559
71402 81109 81028 -0.00113442
72498 81719 81970 0.00346216
72869 82893 82500 -0.00539324
71886 82005 81740 -0.00368639
70919 81012 80562 -0.00634527
72723 80628 80520 -0.00148509
73738 82357 82177 -0.00244108
69892 79147 79076 -0.00101585
71753 81195 81349 0.00214625
69036 80654 80738 0.00121676
71562 81033 80903 -0.00181661
71904 82950 82978 0.000389408
73249 82552 81715 -0.0114268
73251 82187 82213 0.000354944
70420 80145 80135 -0.000142005
74072 82190 81970 -0.00297008
69948 81077 80550 -0.00753417
72010 82713 82558 -0.00215248
69705 79762 79391 -0.00532243
68224 79532 79048 -0.00709428
71557 81942 81842 -0.00139749
69534 79259 79334 0.00107861
73583 81087 81214 0.00172594
72740 80909 80838 -0.000976079
71057 80480 80560 0.00112586
72028 81425 81713 0.00399845
71309 80391 80138 -0.00354794
70532 82132 82238 0.00150286
69929 79545 79634 0.00127272
73134 81734 81970 0.00322695
71726 80061 80389 0.00457296
73410 81489 81481 -0.000108977
75022 82219 82442 0.00297246
71352 78668 78653 -0.000210225
73739 81161 81310 0.00202064
69795 80804 80360 -0.00636149
72006 81565 81452 -0.00156931
72381 80639 80408 -0.00319145
71520 81933 81743 -0.0026566
69771 79179 79151 -0.000401313
72977 81326 81151 -0.00239802
71321 81750 81378 -0.00521586
69818 78214 78214 0
73764 80741 80638 -0.00139635
72068 81266 81498 0.00321918
73877 81288 81348 0.000812161
74382 82330 82248 -0.00110242
71764 81070 81078 0.000111477
71802 80607 80619 0.000167126
74876 81809 82075 0.00355254
71180 78874 78869 -7.02445e-05
70844 80709 80699 -0.000141155
71366 78897 78914 0.000238209
72988 82788 82531 -0.00352113
69919 80186 80081 -0.00150174
70435 80600 80831 0.00327962
73410 82581 82237 -0.00468601
72299 78848 78675 -0.00239284
69626 79672 80022 0.00502686
73343 80796 80517 -0.00380404
72798 80456 80461 6.86832e-05
71573 80601 80277 -0.00452685
74486 81917 81794 -0.00165132
72541 81501 81565 0.00088226
73584 82460 82738 0.003778
74092 82380 82422 0.000566863
70709 81551 81613 0.000876833
67646 79175 78910 -0.00391745
72850 80934 80776 -0.00216884
72254 80627 80851 0.00310017
72983 81547 81552 6.85091e-05
67172 78270 78201 -0.00102721
67306 78180 78367 0.00277836
72114 79251 79246 -6.93347e-05
71014 81843 81825 -0.000253471
69750 79411 79285 -0.00180645
70642 82108 81980 -0.00181195
70539 80304 80548 0.00345908
71166 80409 80863 0.00637945
71514 81629 81337 -0.00408312
70360 78487 79162 0.00959352
68744 78833 78917 0.00122192
70834 81629 81602 -0.000381173
72124 81513 80846 -0.00924796
68849 79363 79845 0.00700083
68876 79192 79060 -0.00191649
72396 81609 81589 -0.000276258
74114 83152 83028 -0.0016731
69778 79781 79803 0.000315286
71237 80052 80213 0.00226006
70131 80252 80061 -0.00272347
71907 79429 79255 -0.00241979
70701 81303 81058 -0.0034653
73914 81254 81364 0.00148822
70819 80971 80776 -0.0027535
70598 81874 81960 0.00121816
72990 82506 82857 0.00480888
69811 80609 80140 -0.00671814
72546 80735 80760 0.000344609
72003 80940 80992 0.000722192
73324 82384 82768 0.00523703
71527 79947 79776 -0.00239071
70315 79256 78528 -0.0103534
74336 82805 82305 -0.00672622
70128 79932 80113 0.00258099
70250 79478 79156 -0.00458363
71903 80917 80772 -0.00201661
69919 78407 77901 -0.00723695
72631 80896 80902 8.26094e-05
71698 82372 82288 -0.00117158
72297 81092 81124 0.000442619
73944 82235 82303 0.000919615
69778 78494 79013 0.00743787
70323 79763 79697 -0.000938527
73669 82463 82297 -0.00225332
70246 79645 79749 0.00148051
72433 79229 78971 -0.00356191
73464 83175 83181 8.16727e-05
72003 81686 81785 0.00137494
70820 80682 80571 -0.00156735
73338 81821 81665 -0.00212714
71137 80765 80870 0.00147603
73587 81817 82069 0.00342452
73165 81645 81173 -0.00645117
69237 79910 80276 0.00528619
72495 80166 80259 0.00128285
69931 80066 80110 0.000629192
66836 80937 80546 -0.00585014
69134 79047 79381 0.0048312
72802 82305 82353 0.000659323
70256 78999 78962 -0.000526645
75723 81732 81591 -0.00186205
73016 80362 80714 0.00482086
71886 80139 80220 0.00112678
68818 78869 78625 -0.00354558
71795 81627 80996 -0.00878891
70665 80636 80767 0.00185382
75134 84158 83984 -0.00231586
72657 78962 78707 -0.00350964
70628 78749 78328 -0.00596081
72976 79650 79125 -0.00719415
73305 84646 84824 0.00242821
71851 79402 79943 0.00752947
70861 80050 79778 -0.0038385
69449 81441 81511 0.00100793
69679 78793 78882 0.00127729
69840 81021 81050 0.000415235
67551 78143 78170 0.000399698
69660 79221 79358 0.0019667
72832 81345 81345 0
72466 80744 80767 0.00031739
70900 81422 81125 -0.004189
71769 80036 79990 -0.000640945
72986 80701 80699 -2.74025e-05
73069 81369 81437 0.000930627
71249 79487 79097 -0.00547376
73243 81592 81678 0.00117417
71295 79624 79798 0.00244056
69684 81578 81746 0.00241088
71772 79515 79971 0.00635345
70873 80112 80048 -0.000903024
70291 79496 79325 -0.00243274
70855 80482 80918 0.00615341
72012 81763 81614 -0.0020691
72039 79656 79613 -0.000596899
69492 79445 79098 -0.00499338
71589 81463 81541 0.00108955
71853 81054 81322 0.00372984
70633 80847 80549 -0.00421899
72767 81853 81526 -0.0044938
71090 80942 81056 0.0016036
69995 77538 77476 -0.000885778
69065 79735 80012 0.00401071
69810 79910 79864 -0.000658931
71688 80666 80448 -0.00304096
72369 81782 81062 -0.00994901
72587 81953 81830 -0.00169452
74019 79789 78896 -0.0120645
71482 80498 81451 0.013332
70976 82140 81777 -0.0051144
72601 81887 81895 0.000110191
72825 82602 83087 0.0066598
72306 80929 80614 -0.00435648
71208 81399 81081 -0.00446579
70605 81586 81200 -0.00546703
70917 80082 79589 -0.00695179
73956 80500 80455 -0.00060847
73904 80946 80946 0
68788 79254 79608 0.00514625
70405 78671 78312 -0.00509907
72598 82051 81725 -0.00449048
70680 81338 80910 -0.00605546
71997 81447 80702 -0.0103477
69688 79438 80115 0.00971473
72830 83635 83435 -0.00274612
73267 83283 83092 -0.0026069
72416 81187 81037 -0.00207137
70969 81151 81102 -0.000690442
69709 80928 80994 0.000946793
71787 81576 81516 -0.000835806
71138 81303 81341 0.000534173
75523 83297 83291 -7.9446e-05
72604 79733 79609 -0.00170789
72859 82404 82408 5.49006e-05
74497 81248 81085 -0.00218801
70437 82911 83118 0.0029388
70313 80193 79942 -0.00356975
71277 80641 80745 0.0014591
71221 82017 81969 -0.000673959
70164 80351 80530 0.00255117
71680 79799 79742 -0.000795201
71971 81261 81125 -0.00188965
71757 81035 81035 0
70085 80052 80194 0.00202611
70219 78114 78641 0.00750509
69385 79961 80225 0.00380486
73640 80429 80235 -0.00263444
71536 81503 81466 -0.000517222
73845 81867 82055 0.00254587
72558 81555 81725 0.00234295
72184 81349 81592 0.0033664
74211 82000 82149 0.00200779
71322 82050 81690 -0.00504753
68163 80253 79847 -0.00595631
69017 78366 78207 -0.00230378
70081 81021 81012 -0.000128423
73224 81972 81972 0
74605 81528 81604 0.0010187
71335 80411 80117 -0.0041214
70738 78283 78471 0.00265769
72319 81658 81713 0.000760519
72687 80816 80925 0.00149958
71111 81731 81740 0.000126563
72062 81589 81433 -0.0021648
71088 80521 80045 -0.00669593
71293 80445 80386 -0.000827571
71679 83272 82852 -0.00585946
69755 79804 79995 0.00273815
70957 80805 80848 0.000606001
70564 81036 81083 0.000666062
70296 79878 79204 -0.00958803
74249 81626 81480 -0.00196636
72593 84771 84380 -0.00538619
71420 82750 82916 0.00232428
73137 81072 81235 0.00222869
70699 80127 80237 0.00155589
69267 78968 78937 -0.000447544
70585 80588 80705 0.00165758
71431 81227 81165 -0.00086797
73100 80499 80092 -0.00556772
71559 81696 81767 0.000992188
71613 81912 81928 0.000223423
71562 80899 81051 0.00212403
73313 82591 82625 0.000463765
69897 78846 78373 -0.0067671
71688 80048 80280 0.00323625
68926 79769 79729 -0.000580333
72503 80026 79839 -0.0025792
73196 82204 82079 -0.00170774
71084 80119 79543 -0.00810309
71855 79925 80431 0.00704196
72195 81290 81292 2.77027e-05
74045 80700 81119 0.00565872
71863 80652 80248 -0.00562181
71870 81965 81897 -0.000946153
71683 81584 81712 0.00178564
71957 79723 79927 0.00283503
73175 82460 82277 -0.00250085
72989 80036 80091 0.000753538
73664 83128 83053 -0.00101814
75500 82444 82647 0.00268874
70299 79180 79279 0.00140827
71518 80892 80446 -0.00623619
74866 81909 82034 0.00166965
70947 81218 81167 -0.000718846
72831 81063 81041 -0.000302069
70395 80699 81056 0.00507138
73348 81506 81407 -0.00134973
72465 81495 81393 -0.00140758
72901 82155 82080 -0.00102879
72620 81578 81174 -0.00556321
71945 79669 79422 -0.00343318
71041 80387 80404 0.000239298
68029 78811 78731 -0.00117597
71511 80780 80885 0.00146831
72423 80121 80488 0.00506745
72650 79892 79870 -0.000302822
72321 80547 80395 -0.00210174
69930 79490 79146 -0.0049192
71199 81047 81005 -0.000589896
70532 81223 80764 -0.00650768
72072 80348 80068 -0.003885
70277 79569 79219 -0.00498029
69235 78660 78784 0.001791
74689 83117 82657 -0.00615887
71007 78122 77985 -0.00192939
73027 82228 81861 -0.00502554
70114 81024 80435 -0.0084006
73568 82860 81885 -0.013253
70428 80138 80590 0.0064179
73166 80500 80734 0.00319821
71913 80915 81424 0.007078
69356 78723 78846 0.00177346
69327 80704 80636 -0.000980859
72282 79981 80033 0.000719405
71983 81404 81404 0
71290 81478 81065 -0.00579324
71604 80599 79991 -0.00849115
70853 79559 79355 -0.0028792
69147 78759 78646 -0.0016342
69790 80006 80109 0.00147586
71037 80986 80794 -0.00270282
71568 81534 81817 0.00395428
71847 83631 83765 0.00186507
70551 79395 79212 -0.00259387
74657 81242 81253 0.000147341
73358 83551 84093 0.00738842
72304 82509 82690 0.00250332
69865 81091 81407 0.00452301
73337 80905 80590 -0.00429524
69358 80213 80119 -0.00135529
70693 80715 81134 0.00592704
68959 79986 79954 -0.000464044
70631 79868 79924 0.000792853
72374 81558 81603 0.00062177
69968 80143 80143 0
68618 78110 77574 -0.00781136
68742 78614 78494 -0.00174566
72230 80707 80790 0.00114911
72175 81166 80653 -0.00710772
74192 81176 81431 0.00343703
70606 79807 79812 7.08155e-05
71886 80742 80194 -0.00762318
71637 79376 79270 -0.00147968
70657 80795 80654 -0.00199556
72435 81428 81102 -0.00450059
69989 80871 80527 -0.00491506
71857 80776 80851 0.00104374
70542 79780 79553 -0.00321794
72244 81246 80919 -0.00452633
70765 80010 80300 0.00409807
71481 81548 81406 -0.00198654
69839 80043 80241 0.00283509
70505 79293 79413 0.00170201
70054 79651 79514 -0.00195563
69631 80293 80164 -0.00185262
69370 79847 79826 -0.000302725
70753 79929 79861 -0.00096109
71400 82414 82388 -0.000364146
71107 80952 81077 0.00175791
74920 82351 82394 0.000573946
72191 79795 80077 0.0039063
74559 81315 81002 -0.00419802
71053 80856 80893 0.000520738
68756 80352 80571 0.00318518
71912 81435 81453 0.000250306
72944 81046 80955 -0.00124753
72191 78559 78752 0.00267346
74132 82374 82464 0.00121405
71833 82469 82559 0.00125291
73454 81048 81090 0.000571786
72974 81047 81173 0.00172664
70861 80833 80531 -0.00426186
70595 80700 80708 0.000113322
70746 80288 80288 0
71423 79936 80286 0.00490038
74420 82947 82914 -0.000443429
69720 79482 79260 -0.00318417
75987 83209 82643 -0.00744864
72544 82772 82694 -0.00107521
74675 82315 81970 -0.00462002
72098 80540 80339 -0.00278787
69937 79383 79392 0.000128687
71800 81798 81773 -0.000348189
71142 79835 79752 -0.00116668
72361 80409 80673 0.00364837
72211 80563 81385 0.0113833
68984 79627 79239 -0.00562449
70186 80834 80587 -0.00351922
72897 81490 81604 0.00156385
71478 81999 81954 -0.000629564
72749 81387 80605 -0.0107493
71593 80395 80361 -0.000474907
69176 82557 82303 -0.00367179
69225 79858 79633 -0.00325027
71262 81332 81287 -0.000631473
71115 81366 81576 0.00295296
70963 79698 79522 -0.00248017
69409 80831 81103 0.0039188
70786 79698 79724 0.000367304
72126 80179 79938 -0.00334137
73885 81543 81518 -0.000338364
71101 78858 79069 0.00296761
72807 80675 80778 0.0014147
72997 80830 80881 0.000698659
74080 81006 80960 -0.00062095
72839 80867 80859 -0.000109831
68764 80744 81157 0.00600605
69733 80999 80606 -0.00563578
71861 80779 80318 -0.00641516
70596 78681 78660 -0.000297467
71220 80369 80496 0.00178321
71488 81291 81508 0.00303547
73001 81866 81855 -0.000150683
71725 81438 80641 -0.0111119
70690 79376 79328 -0.000679021
71229 80045 79966 -0.0011091
71244 80624 80675 0.00071585
72306 82094 82094 0
69964 80408 80263 -0.00207249
72434 80581 80586 6.90284e-05
70699 79596 79567 -0.00041019
70265 81253 80806 -0.00636163
73169 82573 82588 0.000205005
70333 79497 79102 -0.00561614
71636 79547 79830 0.00395053
74968 82654 82543 -0.00148063
66667 78261 77972 -0.00433498
71618 81270 81270 0
71788 80103 80181 0.00108653
71837 81287 80984 -0.00421788
73678 80971 80691 -0.00380032
72339 82226 81743 -0.0066769
72963 81047 80679 -0.00504365
71964 80189 79905 -0.00394642
71707 82139 81626 -0.00715411
72183 81185 81358 0.00239669
70939 80252 80076 -0.002481
73798 81333 81359 0.000352313
73586 81179 81406 0.00308483
71039 79727 79671 -0.000788299
71677 80925 80820 -0.00146491
73319 80723 80654 -0.000941093
72288 81031 81304 0.00377656
71673 80318 80304 -0.000195332
73089 82676 82456 -0.00301003
72960 81983 82090 0.00146656
69638 79566 79669 0.00147908
70794 79343 79131 -0.0029946
73017 80449 80661 0.00290343
69794 80529 80909 0.00544459
70642 79049 78945 -0.00147221
73325 81729 82047 0.00433686
71059 81329 81509 0.00253311
73369 82339 81695 -0.00877755
69469 80006 79598 -0.00587312
72523 79739 79721 -0.000248197
74799 81996 82135 0.00185831
69457 78364 78242 -0.00175648
70681 79711 79771 0.000848884
72637 82160 81864 -0.00407506
71459 82483 82237 -0.00344253
72404 81440 81427 -0.000179548
74040 83454 83454 0
73617 82377 82413 0.000489017
70597 80848 80780 -0.000963214
69847 79443 79517 0.00105946
67366 79729 78775 -0.0141614
71734 82300 82253 -0.000655198
73330 81426 81537 0.00151371
71352 80900 81031 0.00183597
70816 80772 81060 0.00406688
74006 82920 82603 -0.00428344
72053 80945 81177 0.00321985
72436 80693 80874 0.00249876
74862 83965 83595 -0.00494243
73489 83182 83502 0.00435439
71500 80623 80057 -0.00791608
72680 81051 81026 -0.000343974
72189 82208 82071 -0.0018978
73679 81267 81339 0.000977212
73326 81033 80969 -0.000872815
72356 78857 78894 0.00051136
70604 77001 76967 -0.000481559
71710 79464 79809 0.00481104
71950 80106 80794 0.0095622
71513 81596 81328 -0.00374757
72437 82343 82410 0.000924942
73333 82071 82609 0.0073364
73532 80955 81102 0.00199913
71283 80912 80818 -0.00131869
71195 79643 79605 -0.000533745
73560 82010 82017 9.51604e-05
73047 82120 82159 0.000533903
71955 82131 82603 0.00655966
71781 80612 80525 -0.00121202
71861 81571 82025 0.00631775
70487 81021 81184 0.00231248
71542 80641 80643 2.79556e-05
72381 81625 81717 0.00127105
74494 82969 83253 0.00381239
72988 82105 82007 -0.00134269
68156 79994 79726 -0.00393216
70071 81406 81290 -0.00165546
71821 80804 80749 -0.000765793
72064 82217 82262 0.000624445
68347 78679 79054 0.00548671
73303 82371 82679 0.00420174
71683 80174 80416 0.00337597
70409 80752 80600 -0.00215881
73019 81523 81089 -0.00594366
70307 80334 80362 0.000398253
71007 79951 80216 0.00373203
70732 80086 80015 -0.00100379
70239 79515 79622 0.00152337
72056 80880 80774 -0.00147108
70478 80384 80713 0.00466812
70893 81701 81247 -0.00640402
70695 79485 79519 0.000480939
72117 81020 81004 -0.000221862
72283 81055 80326 -0.0100854
71990 80197 80454 0.00356994
70614 78789 78727 -0.000878013
70231 80270 80206 -0.000911278
73620 80311 80716 0.00550122
71696 80403 80319 -0.00117161
71591 80850 80670 -0.00251428
72975 82293 82363 0.000959233
73808 80905 80745 -0.00216779
71448 79554 79332 -0.00310715
69945 80369 79589 -0.0111516
71997 81487 81170 -0.00440296
71038 80722 81234 0.00720741
72834 83111 82991 -0.00164758
71636 80266 79954 -0.00435535
69639 79481 79180 -0.00432229
73367 81424 81289 -0.00184006
74296 82200 81633 -0.00763164
71559 82212 82105 -0.00149527
73614 81163 81165 2.71687e-05
72479 79607 79691 0.00115896
71414 79945 80670 0.0101521
71067 81331 81453 0.00171669
71738 80597 80765 0.00234186
70551 80663 80479 -0.00260804
69863 80373 80911 0.00770079
72120 80303 80004 -0.00414587
71515 81278 80779 -0.00697756
71345 83343 83343 0
70089 79271 79079 -0.00273937
72739 81428 81881 0.00622775
69263 79717 79539 -0.00256991
70336 78787 78538 -0.00354015
71641 81243 80705 -0.00750967
71340 80628 80734 0.00148584
72907 80484 81023 0.00739298
72882 79630 79197 -0.00594111
