64904 72436 72623 0.00288118
64229 71826 71526 -0.00467079
65163 73618 74018 0.00613845
64396 74071 73648 -0.00656873
64950 73660 73470 -0.00292533
64456 73076 72605 -0.00730731
67589 75047 74906 -0.00208614
64858 73840 73840 0
62184 72336 72325 -0.000176894
63713 72244 71972 -0.00426914
67772 73822 73947 0.00184442
63181 73411 73292 -0.00188348
64203 72875 72672 -0.00316185
65401 74871 74954 0.00126909
62901 73051 72880 -0.00271856
64462 72250 72647 0.00615867
64813 74645 75140 0.00763736
63559 73548 73509 -0.000613603
62270 72043 71518 -0.00843103
63816 72997 72617 -0.00595462
65587 73917 73818 -0.00150945
65760 73578 73742 0.00249392
63419 71905 72053 0.00233369
67388 74314 74499 0.0027453
64139 73219 72884 -0.00522303
66205 74645 74334 -0.00469753
64245 74154 73908 -0.00382909
66414 73581 73552 -0.000436655
64762 73493 73575 0.00126617
66590 73198 72706 -0.0073885
66568 74019 74171 0.00228338
64301 72004 72006 3.11037e-05
63751 73265 73162 -0.00161566
63219 71666 71753 0.00137617
63744 72953 72924 -0.000454945
62623 73365 73365 0
66849 73275 73118 -0.00234858
65964 74621 74854 0.00353223
64042 73288 73299 0.000171762
62959 73235 73212 -0.000365317
66933 76019 75896 -0.00183766
63803 72455 72023 -0.00677084
64832 74784 74617 -0.00257589
64145 73924 74350 0.0066412
63670 71851 72009 0.00248155
66729 75574 75540 -0.000509524
65553 73379 73452 0.0011136
65265 75238 74952 -0.00438213
65756 74588 74239 -0.0053075
64833 71898 71893 -7.71212e-05
64107 72021 71645 -0.00586519
63892 72741 72714 -0.000422588
63792 70733 70969 0.00369952
63031 72249 72615 0.00580667
65575 73808 73905 0.00147922
64433 72732 72320 -0.00639424
65202 73596 73830 0.00358885
66799 74674 74639 -0.00052396
64700 73054 73165 0.00171561
64223 73052 72344 -0.0110241
64686 72924 73019 0.00146863
64693 71642 72005 0.00561112
66190 73063 72692 -0.00560508
64938 73919 73689 -0.00354184
64156 71674 71539 -0.00210425
63968 74594 74578 -0.000250125
63750 73912 73312 -0.00941176
64061 72978 72934 -0.000686845
64100 72012 72004 -0.000124805
65677 73166 73200 0.000517685
64667 73131 73143 0.000185566
63698 71652 72109 0.00717448
63384 73674 73630 -0.000694181
64756 73386 73951 0.00872506
61834 72654 72498 -0.00252288
62005 71957 72384 0.00688654
63697 72367 72415 0.000753568
64482 73640 73634 -9.30492e-05
64572 74837 74340 -0.00769683
63504 74600 74601 1.5747e-05
60619 70968 70927 -0.000676356
63894 72578 72454 -0.00194071
63872 71624 71456 -0.00263026
62835 70574 70709 0.00214848
63093 74322 74066 -0.0040575
64963 74105 74126 0.000323261
63997 71697 71581 -0.00181258
65992 75236 75408 0.00260638
63926 73774 73235 -0.00843162
64338 73899 73861 -0.000590631
65435 76665 76827 0.00247574
63160 72078 72064 -0.000221659
65273 74627 74600 -0.000413647
63838 72778 72526 -0.00394749
65404 73964 74135 0.00261452
63711 72028 72189 0.00252704
63703 71804 72131 0.0051332
64625 74404 74535 0.00202708
65431 73958 73897 -0.00093228
62866 71415 71104 -0.00494703
64617 73825 73888 0.000974976
66307 74389 74382 -0.00010557
65246 74810 75059 0.00381633
63480 72817 73126 0.00486767
65976 73404 73234 -0.00257669
66209 74946 74963 0.000256763
63345 73620 73004 -0.00972452
65665 74348 74055 -0.00446204
63580 73327 73327 0
64972 72937 73094 0.00241643
65293 73722 73724 3.06312e-05
64088 71384 71761 0.00588254
64193 75176 75093 -0.00129298
62226 72488 72498 0.000160705
63454 72039 71718 -0.00505878
64562 71535 71785 0.00387225
64994 72724 72974 0.00384651
65130 74031 74341 0.00475971
63561 74003 73735 -0.00421642
64603 72380 72201 -0.00277077
63860 73323 73130 -0.00302224
64764 72692 72828 0.00209993
65174 73587 73525 -0.0009513
61155 72049 71892 -0.00256725
65219 73889 73889 0
64264 73509 73122 -0.00602203
64795 72903 72597 -0.00472259
65499 74027 73694 -0.00508405
66150 74287 74158 -0.00195011
66656 74773 75029 0.00384061
65840 72897 73765 0.0131835
64791 73847 73884 0.000571067
64378 72432 72473 0.000636864
62547 73750 73580 -0.00271796
64397 73079 73153 0.00114912
62405 72972 73384 0.00660204
65669 73627 73735 0.00164461
65414 74371 74281 -0.00137585
63424 72873 72888 0.000236504
66587 73914 73856 -0.000871041
62156 72314 72430 0.00186627
64215 70950 70979 0.000451608
62122 70742 70483 -0.00416922
63805 72595 72607 0.000188073
65625 73127 73258 0.00199619
64654 74144 74144 0
65019 73948 73711 -0.00364509
62329 70862 70430 -0.00693096
66386 73602 73976 0.00563372
62348 70576 71108 0.00853275
62096 72722 72739 0.00027377
62546 73124 72721 -0.00644326
62609 72245 71912 -0.00531872
63900 71949 71892 -0.000892019
63714 72751 72783 0.000502244
64843 72468 72173 -0.00454945
63863 72120 72067 -0.000829902
63364 72161 72261 0.00157818
64992 73515 73449 -0.00101551
63066 71361 71383 0.000348841
65768 73092 72650 -0.00672059
63888 74716 74536 -0.00281743
63647 71902 72103 0.00315804
64298 73416 73453 0.000575446
63297 73665 73456 -0.00330189
68080 73915 74099 0.0027027
65796 73223 73124 -0.00150465
66020 74898 74885 -0.00019691
65640 74515 74390 -0.00190433
64640 73458 73625 0.00258354
63215 72951 72965 0.000221466
65879 74969 74550 -0.00636015
63826 71944 71731 -0.0033372
63128 72169 72195 0.000411862
66727 73310 74177 0.0129932
66194 73556 73493 -0.000951748
64289 73979 74044 0.00101106
64367 72385 72250 -0.00209735
63434 72746 72821 0.00118233
63854 73128 73252 0.00194193
67543 74866 74933 0.000991961
65508 73540 73477 -0.000961715
65649 73017 72639 -0.00575789
63968 72560 72798 0.00372061
67286 75950 75898 -0.00077282
67110 75470 75283 -0.00278647
62588 72358 72519 0.00257238
62648 71166 70790 -0.00600179
64059 73158 72981 -0.00276308
65772 75489 75489 0
65170 73909 73488 -0.00646003
63204 72522 72556 0.000537941
62862 72873 71912 -0.0152875
65703 74338 74615 0.00421594
64543 73665 73632 -0.000511287
63594 72747 72680 -0.00105356
63500 73087 72847 -0.00377953
63041 71243 71340 0.00153868
62853 72056 72066 0.000159101
63175 71719 71851 0.00208943
65606 73949 73715 -0.00356675
65732 72865 73029 0.00249498
66553 72466 72467 1.50256e-05
64065 74355 73973 -0.00596269
66784 73619 73484 -0.00202144
63600 71686 71807 0.00190252
64889 73562 72865 -0.0107414
64922 72779 72412 -0.00565294
63764 71198 70835 -0.00569287
64225 72725 72174 -0.00857921
61239 69840 69959 0.00194321
66900 75825 76135 0.00463378
64011 73193 73813 0.00968584
65382 74210 74201 -0.000137653
64819 72869 72891 0.000339407
63682 72124 72007 -0.00183725
65927 73106 73137 0.000470217
64197 72366 72241 -0.00194713
65171 74289 74018 -0.00415829
68728 74412 74065 -0.00504889
65815 74054 74183 0.00196004
64337 71842 71457 -0.00598411
67150 76120 76120 0
61664 70255 70168 -0.00141087
65060 74593 74450 -0.00219797
64267 73871 73470 -0.00623959
61803 71805 72174 0.00597058
64950 72529 72338 -0.00294072
66571 73754 73214 -0.00811164
64433 73045 72884 -0.00249872
65158 73389 73656 0.00409773
65479 73607 73707 0.00152721
65343 75222 75393 0.00261696
63278 72733 72779 0.000726951
63915 74029 73859 -0.00265978
63034 72074 71916 -0.00250658
63187 72331 72415 0.00132939
63910 72714 72750 0.000563292
63898 73046 72606 -0.00688597
65676 73427 73167 -0.00395883
65545 72192 72380 0.00286826
64688 73752 73998 0.00380287
64585 71763 71884 0.0018735
64926 72098 72421 0.00497489
65957 75372 75185 -0.00283518
64637 74948 74911 -0.000572428
62085 71380 71524 0.0023194
63514 71822 71966 0.00226722
64231 73039 73041 3.11376e-05
62707 72231 72385 0.00245587
64737 71539 71949 0.00633332
65417 73447 73604 0.00239999
65629 73498 73055 -0.00675006
62636 71135 71389 0.00405518
65458 72590 72672 0.00125271
66720 73672 73363 -0.00463129
64034 75063 74719 -0.00537215
63918 74000 74029 0.000453706
63377 72946 73121 0.00276125
64899 72500 72271 -0.00352856
65359 72772 72602 -0.00260102
64319 73831 73725 -0.00164804
63959 73036 73005 -0.000484686
62714 71714 71835 0.00192939
64844 75222 75018 -0.00314601
63495 72271 72168 -0.00162217
63488 73176 73060 -0.00182712
64600 72043 71822 -0.00342105
63735 72246 72160 -0.00134934
61751 69800 69939 0.00225098
64840 74235 74442 0.00319247
64992 71088 70787 -0.00463134
64969 71965 71748 -0.00334005
66012 73182 73124 -0.000878628
66103 74565 74313 -0.00381223
64033 72888 72938 0.000780847
61474 73943 73913 -0.000488011
61184 71063 70921 -0.00232087
65359 74043 73949 -0.00143821
63667 73451 73451 0
64372 73380 73362 -0.000279625
62302 71570 71468 -0.00163719
63936 72853 72933 0.00125125
65173 72802 72461 -0.00523223
63812 72694 72694 0
62930 73329 73205 -0.00197044
63134 70770 70785 0.00023759
67971 74770 74745 -0.000367804
64807 73591 73453 -0.0021294
65134 73169 73294 0.00191912
64372 73533 74063 0.00823339
65434 72472 72560 0.00134487
63159 71208 71155 -0.000839152
64794 72797 72583 -0.00330277
65305 73309 73216 -0.00142409
65815 74133 74329 0.00297804
66258 74948 75118 0.00256573
63156 72120 72301 0.00286592
66175 75058 74764 -0.00444277
65575 75459 75598 0.00211971
63850 72243 72254 0.000172279
65990 74022 74078 0.000848613
64418 72917 72876 -0.000636468
65740 73821 74150 0.00500456
63252 71078 71176 0.00154936
63746 73512 73704 0.00301195
63508 73623 73384 -0.00376331
65091 71903 71912 0.000138268
65487 71609 71633 0.000366485
62439 71354 71327 -0.000432422
66006 74300 74302 3.03003e-05
63571 72685 72248 -0.0068742
65240 72255 71764 -0.00752606
64305 73886 73798 -0.00136848
63434 71830 71543 -0.00452439
65525 73374 73502 0.00195345
65859 73270 73806 0.0081386
63129 71760 71726 -0.00053858
64429 72339 72519 0.00279377
61031 71282 71199 -0.00135996
64505 70896 69747 -0.0178126
61084 71837 71817 -0.000327418
64295 74521 74078 -0.00689012
65210 72852 73192 0.00521392
63782 73787 73825 0.000595779
63144 72008 71766 -0.00383251
63953 71629 71368 -0.00408112
64610 72266 72279 0.000201207
65057 71463 71287 -0.00270532
63718 72551 72567 0.000251106
62767 72003 71779 -0.00356875
66657 73253 73379 0.00189027
63791 71674 71657 -0.000266495
65640 74640 74271 -0.00562157
63440 71282 71537 0.00401955
63616 73322 73217 -0.00165053
63951 72452 72654 0.00315867
66207 74737 75019 0.00425937
64312 71953 71970 0.000264336
64329 75058 75001 -0.00088607
66513 73377 73397 0.000300693
65961 73034 72968 -0.00100059
66461 73541 73989 0.0067408
63692 72656 72516 -0.00219808
63350 71926 72177 0.00396212
65403 74246 74143 -0.00157485
64546 74339 74376 0.000573235
63509 72810 72629 -0.00284999
63060 71514 71239 -0.00436093
64618 72720 72905 0.00286298
64382 73564 73520 -0.000683421
63304 73821 73615 -0.00325414
65976 73275 73100 -0.00265248
63483 72701 72549 -0.00239434
63779 72823 72769 -0.000846674
67851 75027 74420 -0.00894607
63242 72205 72421 0.00341545
66523 75267 74817 -0.00676458
62599 71174 70851 -0.00515983
66450 73186 73073 -0.00170053
63011 72780 72773 -0.000111092
65715 72910 72521 -0.0059195
65484 73545 73720 0.00267241
66481 73488 73006 -0.00725019
66464 74643 74659 0.000240732
65566 73765 73640 -0.00190648
65423 71694 71841 0.00224692
62955 73931 73763 -0.00266857
63894 72790 72806 0.000250415
65199 74887 74577 -0.00475467
66828 74080 74332 0.00377087
63098 72552 72372 -0.00285271
65080 73125 72822 -0.00465581
66551 75037 75015 -0.000330574
65851 76145 76366 0.00335606
63210 74027 74164 0.00216738
64890 73940 73623 -0.00488519
65101 73284 73523 0.00367122
65301 73439 73307 -0.00202141
64020 73603 73686 0.00129647
63300 74006 73622 -0.00606635
64793 72764 72317 -0.00689889
64997 72946 72826 -0.00184624
65129 73879 73346 -0.00818376
63651 72556 71966 -0.0092693
64987 72444 72179 -0.00407774
65195 73061 72959 -0.00156454
64301 73359 73402 0.00066873
64398 73723 73983 0.00403739
66552 76262 76267 7.51292e-05
65617 72558 72763 0.00312419
62730 73652 74397 0.0118763
64958 72821 73388 0.00872872
65924 74795 74955 0.00242704
66121 74896 74936 0.000604952
64563 71805 71477 -0.00508031
63904 73182 72995 -0.00292626
63993 72343 72146 -0.00307846
62934 72888 72983 0.00150952
64752 74113 74023 -0.00138992
62688 72895 72914 0.000303088
64375 73274 73100 -0.00270291
63789 72022 72006 -0.000250827
66359 72215 72522 0.00462635
65265 72854 72579 -0.00421359
60736 70736 70687 -0.00080677
64408 71813 71614 -0.00308968
66262 73890 72918 -0.014669
67023 74826 74846 0.000298405
65357 72379 72397 0.00027541
64688 73490 72733 -0.0117023
62349 71577 71175 -0.00644758
64106 72639 72732 0.00145072
65272 73629 73367 -0.00401397
65411 71811 72412 0.00918806
62975 73367 73106 -0.0041445
65947 75162 74770 -0.00594417
64733 72400 72356 -0.000679715
63689 73457 72686 -0.0121057
62262 70914 70466 -0.0071954
64781 72835 73243 0.00629814
67026 75565 75093 -0.00704204
69077 73613 73733 0.00173719
64341 72374 72245 -0.00200494
64275 74475 74389 -0.001338
65663 74197 73901 -0.00450787
64039 74173 74102 -0.0011087
64441 73349 73264 -0.00131904
62602 72609 72745 0.00217245
64778 73453 73333 -0.00185248
63816 73129 72189 -0.0147298
66076 74352 74139 -0.00322356
66047 74127 74066 -0.000923585
64950 71657 71932 0.00423403
62037 71199 71851 0.0105099
65199 74341 74154 -0.00286814
61831 71544 71574 0.000485194
65678 72942 72860 -0.00124852
64749 72009 71523 -0.00750591
64448 74944 75009 0.00100857
62801 73096 73287 0.00304135
63928 72215 72161 -0.0008447
63275 73548 72983 -0.00892928
62552 72887 72907 0.000319734
64184 72758 72578 -0.00280444
63027 74066 74066 0
65014 73583 72952 -0.0097056
62901 73414 72997 -0.00662947
62239 72185 72127 -0.000931892
66406 74380 74087 -0.00441225
67536 75251 74975 -0.00408671
63242 72327 72442 0.00181841
63256 73019 73157 0.00218161
65194 73910 73882 -0.000429487
65703 74368 74429 0.00092842
66091 75007 74185 -0.0124374
65632 74772 74652 -0.00182838
63979 73393 73422 0.000453274
65215 73158 72820 -0.00518286
65938 74912 75003 0.00138008
63523 72222 72207 -0.000236135
65252 73561 73683 0.00186967
62314 72702 72807 0.00168501
64743 73159 72693 -0.00719769
64455 74559 74438 -0.00187728
66036 74587 74094 -0.00746562
66314 74212 74016 -0.00295564
62891 73085 73022 -0.00100173
66100 73422 73531 0.00164902
63431 73186 72542 -0.0101528
65202 74513 74671 0.00242324
63984 71638 71998 0.00562641
60769 71595 71595 0
64441 74288 73846 -0.00685899
62678 71746 71755 0.000143591
66324 73346 73096 -0.00376937
65747 73469 73484 0.000228147
63959 72526 72472 -0.000844291
64487 73598 73517 -0.00125607
64148 72765 72628 -0.00213569
64324 75014 75177 0.00253405
62301 71409 71737 0.00526476
65716 74112 74237 0.00190212
65146 72802 72752 -0.000767507
66622 73957 74117 0.00240161
68223 74535 74504 -0.000454392
64795 72042 70857 -0.0182884
66593 73346 73576 0.00345382
62483 72449 72214 -0.00376102
65017 74159 74237 0.00119969
65447 73296 73412 0.00177243
63460 73439 73415 -0.000378191
63262 72096 72290 0.00306661
66140 74016 73585 -0.00651648
63967 73523 73523 0
62361 71063 71110 0.000753676
66311 73335 73262 -0.00110087
63937 73232 73176 -0.000875862
65754 72890 72824 -0.00100374
66458 74210 74481 0.00407776
64128 73051 72979 -0.00112275
64737 72920 72878 -0.000648779
67103 73760 73703 -0.00084944
63778 71391 71369 -0.000344947
63854 73046 72628 -0.00654618
64441 71443 72064 0.00963672
65851 74832 74990 0.00239936
62778 72269 72083 -0.00296282
64526 74135 74088 -0.000728389
66360 75078 74856 -0.00334539
64745 71430 71200 -0.0035524
62128 71882 72125 0.00391128
65964 74140 74457 0.00480565
65946 72935 72349 -0.00888606
64788 73497 73357 -0.00216089
67089 74062 73863 -0.00296621
64899 73288 73411 0.00189525
66120 75301 74592 -0.0107229
66318 74053 73925 -0.00193009
63744 73613 73186 -0.00669867
60750 71458 71063 -0.00650206
64302 72836 72732 -0.00161737
65147 73436 73042 -0.00604786
65866 73266 73479 0.00323384
60473 70984 70909 -0.00124022
61280 71155 71156 1.63185e-05
64583 71776 71896 0.00185807
63529 72909 73387 0.00752412
62517 71998 72278 0.00447878
63452 74600 74831 0.00364055
63074 72863 72600 -0.00416971
64684 74088 74067 -0.000324655
64873 74557 74458 -0.00152606
62767 71322 71141 -0.00288368
61841 71749 71055 -0.0112223
63732 74424 74452 0.00043934
65249 74069 73589 -0.00735643
62262 73002 72850 -0.0024413
61182 71081 70796 -0.00465823
65507 74149 74003 -0.00222877
66844 75561 75509 -0.000777931
61610 71115 71368 0.00410648
63756 71949 71587 -0.0056779
63058 72502 72399 -0.00163342
64417 71909 72318 0.00634926
63805 73154 73096 -0.00090902
66969 74283 74422 0.00207559
63637 73241 73071 -0.0026714
64278 74352 74722 0.00575625
65670 74586 74438 -0.00225369
62533 72824 73034 0.00335823
66707 73969 73886 -0.00124425
64335 73161 73326 0.0025647
65865 74661 74675 0.000212556
65359 72803 73036 0.00356493
64190 71417 70969 -0.00697928
66916 74771 74595 -0.00263016
63092 72410 72885 0.00752869
63341 71498 71491 -0.000110513
64039 73050 72884 -0.00259217
63005 70425 70375 -0.000793588
65131 73317 73157 -0.00245659
64785 74233 74815 0.00898356
65161 72764 73082 0.00488022
67386 74737 74737 0
62893 71288 71466 0.0028302
63030 72560 72968 0.00647311
67357 75035 75007 -0.000415695
62291 71745 71260 -0.00778604
65656 72903 72851 -0.000792007
65988 74323 74498 0.002652
65338 74646 74639 -0.000107135
63672 72646 72548 -0.00153914
66581 74181 74083 -0.00147189
63087 72880 72660 -0.00348725
67171 75019 74870 -0.00221822
65733 73614 73587 -0.000410753
62644 72087 72087 0
64836 72560 72402 -0.00243692
63036 72996 73015 0.000301415
60230 71996 71856 -0.00232442
63225 72374 71731 -0.01017
65752 74733 74759 0.000395425
62990 70892 70457 -0.00690586
68110 73908 73441 -0.00685656
65971 72720 72738 0.000272847
64939 72902 72829 -0.00112413
62594 71849 71651 -0.00316324
64358 73559 73364 -0.00302993
63839 72445 72365 -0.00125315
67905 76031 75714 -0.00466829
65914 72277 71674 -0.00914828
63493 71619 71810 0.00300821
65820 71894 71852 -0.000638104
66457 76712 76963 0.00377688
63809 71778 71878 0.00156718
63431 72403 72406 4.72955e-05
62940 73845 73760 -0.00135049
63094 71366 71136 -0.00364535
62573 73984 73626 -0.00572132
60584 70529 70529 0
62690 72043 72102 0.000941139
63909 72279 71862 -0.0065249
64720 72890 73009 0.00183869
64005 73277 73488 0.00329662
65037 72941 72791 -0.00230638
65661 73941 73746 -0.0029698
66537 73728 73983 0.00383245
64202 71707 71435 -0.00423663
66517 73995 74152 0.0023603
64456 72972 72983 0.000170659
62630 73437 73244 -0.00308159
65107 72794 72427 -0.00563687
64203 72024 72034 0.000155756
64017 73048 72576 -0.00737304
64159 73519 73510 -0.000140277
64423 73191 73090 -0.00156776
64940 72331 72331 0
62898 71957 71836 -0.00192375
64063 73216 73414 0.00309071
64413 73060 72745 -0.00489032
63463 72572 72747 0.00275751
65861 73631 73950 0.00484353
63690 72776 72745 -0.000486733
63225 70586 70498 -0.00139185
61981 71835 72010 0.00282345
63225 72663 72526 -0.00216686
63543 72361 72261 -0.00157374
64203 73166 73506 0.0052957
65970 73886 74151 0.00401698
67634 73147 72730 -0.00616554
64189 73602 73573 -0.000451791
64172 74437 74428 -0.000140248
65575 74198 74368 0.00259245
65403 75412 74681 -0.0111769
66109 73385 73459 0.00111936
63250 72115 72584 0.00741502
63819 72913 73060 0.00230339
64013 73170 72915 -0.00398357
66333 73020 73020 0
66382 73738 73738 0
61436 72555 71975 -0.00944072
63554 71446 71551 0.00165214
66052 74366 74479 0.00171077
63258 73432 73195 -0.00374656
64549 72789 73429 0.00991495
61722 72699 72729 0.00048605
65024 74924 74955 0.000476747
66560 75112 75272 0.00240385
65100 73137 73058 -0.00121352
63491 73219 73141 -0.00122852
61978 72596 72483 -0.00182323
64952 74228 74312 0.00129326
64099 73217 72919 -0.00464906
68322 75350 75221 -0.00188812
65770 72183 72230 0.000714612
65946 75059 74938 -0.00183483
67605 73805 73726 -0.00116855
62515 74483 74588 0.0016796
62423 71545 71300 -0.00392484
64397 73035 72877 -0.00245353
63315 73200 73702 0.00792861
63609 72421 72479 0.000911821
64921 73171 73158 -0.000200243
65050 73588 73399 -0.00290546
64265 72745 73224 0.00745351
63161 72613 72496 -0.00185241
63747 71437 71611 0.00272954
62612 72187 71928 -0.00413659
65863 72081 71668 -0.00627059
64189 73986 73832 -0.00239916
66030 73923 73965 0.000636075
65201 73864 73930 0.00101225
64574 74375 74107 -0.00415028
66734 75043 74530 -0.00768724
65152 74513 74088 -0.00652321
62089 73451 73543 0.00148174
61666 70687 70747 0.000972983
62998 72751 72961 0.00333344
65432 73717 73530 -0.00285793
67423 74143 73592 -0.00817229
64620 72594 72401 -0.00298669
63734 70452 70935 0.00757837
65364 73677 73529 -0.00226424
65758 73138 73080 -0.000882022
63800 74106 74398 0.0045768
64176 73685 73689 6.23286e-05
63764 72682 72744 0.000972335
64362 72822 72661 -0.00250148
64637 74723 74838 0.00177917
62637 72363 72340 -0.000367195
63977 73355 73485 0.00203198
64260 74697 75097 0.00622471
63511 72457 72728 0.00426698
67052 73718 73379 -0.00505578
65335 76307 76033 -0.00419377
64403 75375 75480 0.00163036
65916 73502 73452 -0.000758541
63420 72842 72542 -0.00473037
62520 71195 70815 -0.00607806
63692 72943 73330 0.00607612
64264 73271 73516 0.0038124
65396 72486 72363 -0.00188085
63686 74039 73849 -0.00298339
63862 73199 72962 -0.00371113
64279 72537 72625 0.00136903
65715 73992 74004 0.000182607
62405 71169 70847 -0.00515984
65162 73689 73602 -0.00133513
61955 71634 72136 0.00810266
65007 72311 72204 -0.00164598
66725 74411 75176 0.011465
63881 72655 72612 -0.000673127
64506 72009 72439 0.00666605
64979 73258 73218 -0.000615583
66263 72533 72419 -0.00172042
64742 73484 73454 -0.000463378
65297 74401 74738 0.00516103
64183 73568 73407 -0.00250845
65840 72681 72657 -0.00036452
66178 74852 74685 -0.0025235
65465 72589 72441 -0.00226075
66455 75639 75639 0
68132 74482 74850 0.00540128
63040 71204 71422 0.00345812
64019 72037 71894 -0.00223371
67411 75094 74985 -0.00161695
64055 73854 73852 -3.12232e-05
65912 74224 74099 -0.00189647
63447 73052 73167 0.00181254
66656 74001 74044 0.000645103
65357 74246 73943 -0.00463608
65616 74756 74533 -0.00339856
64724 73238 73010 -0.00352265
65057 72155 71809 -0.00531841
63868 72650 72591 -0.00092378
61583 71637 71452 -0.00300408
65124 73340 73517 0.00271789
65880 72517 72621 0.00157863
65561 72292 72676 0.00585714
64940 72440 72237 -0.00312596
62674 72758 72758 0
63787 74007 73513 -0.00774452
63721 72979 73148 0.00265219
64998 72643 72010 -0.00973876
63187 72244 71517 -0.0115055
62398 70852 70696 -0.00250008
67419 74945 75171 0.00335217
63336 70446 69887 -0.00882594
66100 74689 74457 -0.00350983
63109 73680 73404 -0.00437339
65996 74115 74116 1.51524e-05
63356 73436 73026 -0.00647137
65307 72353 72118 -0.00359839
64192 73266 73115 -0.00235232
62442 71573 71134 -0.00703052
62078 72918 72712 -0.00331841
64997 72518 71993 -0.0080773
64058 73370 73504 0.00209185
63208 73113 73110 -4.74623e-05
64216 72912 72688 -0.00348823
63187 71073 71063 -0.00015826
62603 71859 71873 0.000223631
62774 72807 72518 -0.00460382
63451 72859 72664 -0.00307324
64010 73334 73048 -0.00446805
64434 75464 75517 0.000822547
62908 71940 71767 -0.00275005
67365 74156 74190 0.000504713
65908 75919 76233 0.00476422
65052 75214 75340 0.00193691
63244 73620 73691 0.00112264
65831 73397 72808 -0.00894715
62225 71381 71475 0.00151065
64116 73340 73852 0.00798553
62313 72696 72912 0.00346637
63883 72177 72367 0.00297419
65618 74152 73786 -0.00557774
63600 72551 72433 -0.00185535
61836 70639 70376 -0.00425319
62012 70766 71196 0.00693414
64245 72801 72440 -0.00561911
64780 73642 73281 -0.00557271
66560 73379 73754 0.00563401
63694 71754 71719 -0.000549502
65054 73220 72946 -0.00421189
63907 71573 71663 0.0014083
64155 72945 72645 -0.00467617
65017 73313 73141 -0.00264546
62845 73426 73384 -0.000668311
64148 72062 72100 0.00059238
62982 71863 71963 0.00158776
64462 73617 73554 -0.00097732
63905 72756 72857 0.00158047
65052 74485 74289 -0.00301297
62974 73031 72871 -0.00254073
63939 71859 71482 -0.00589624
63292 72619 72690 0.00112178
62897 73118 72745 -0.00593033
63442 72169 72540 0.00584786
63347 71718 71902 0.00290464
64503 75662 75624 -0.00058912
64398 73340 73280 -0.000931706
67322 74913 74848 -0.000965509
65228 72167 72122 -0.000689888
67671 74402 74158 -0.00360568
63286 72865 73110 0.00387131
61909 72152 72061 -0.0014699
64832 73898 73944 0.000709526
64627 72606 72746 0.00216628
66144 71537 71474 -0.000952467
67112 74852 74880 0.000417213
64078 74044 74243 0.00310559
65660 72730 72643 -0.00132501
64849 72911 72682 -0.00353128
63027 73074 72953 -0.00191981
63532 72801 72884 0.00130643
63268 72532 72510 -0.000347727
64526 72308 71672 -0.00985649
67516 75195 74569 -0.00927188
62504 71183 71820 0.0101913
67930 74889 74656 -0.00343
64659 74402 74376 -0.00040211
67748 74973 75258 0.00420677
64277 72696 72326 -0.00575634
63078 72559 72559 0
65041 74259 74497 0.00365923
64834 73040 72944 -0.0014807
64865 73145 72830 -0.00485624
64316 73442 73291 -0.00234778
62239 71790 72309 0.00833882
62886 73520 73410 -0.0017492
65197 73726 73938 0.00325168
64358 73347 74061 0.0110942
64594 73605 73609 6.19253e-05
65118 72597 72727 0.00199638
62209 74275 74393 0.00189683
61883 72486 72528 0.0006787
63366 74119 73700 -0.00661238
64114 73056 73337 0.00438282
63417 71825 71747 -0.00122995
63138 74049 74045 -6.33533e-05
64102 72477 72351 -0.00196562
64742 72615 71859 -0.0116771
66350 73955 73894 -0.000919367
64379 72395 72380 -0.000232995
66020 72762 72545 -0.00328688
65574 73698 73605 -0.00141825
67001 73012 72677 -0.00499993
65168 73297 73430 0.00204088
62548 72931 72840 -0.00145488
63130 73425 73220 -0.00324727
64466 73014 73014 0
64180 71927 71839 -0.00137114
63847 72753 72882 0.00202046
64260 73376 73181 -0.00303455
65375 73965 73918 -0.000718929
64536 73263 72922 -0.00528387
63900 72814 72658 -0.00244131
63642 72441 72494 0.000832783
63313 73490 73339 -0.00238498
64710 73820 73658 -0.00250348
63201 72121 71861 -0.00411386
65119 72918 72918 0
63645 72569 72730 0.00252966
63020 73203 72613 -0.00936211
65088 74576 74254 -0.00494715
63147 71557 71516 -0.000649279
64263 71260 71702 0.00687799
67538 74434 74339 -0.00140662
60533 71512 71483 -0.000479078
64386 73956 74003 0.000729972
64189 72259 71921 -0.0052657
64885 73738 73499 -0.00368344
66525 73844 73768 -0.00114243
65126 74056 73829 -0.00348555
66108 73002 73466 0.00701882
65534 72332 72205 -0.00193793
64864 74433 74433 0
64942 73669 73661 -0.000123187
63623 72288 72491 0.00319067
66674 73797 73627 -0.00254972
65870 73501 73374 -0.00192804
63687 71344 71570 0.0035486
64486 73194 73194 0
66052 72897 72951 0.000817538
66816 73867 73790 -0.00115242
63608 71783 71571 -0.00333291
65879 75021 75071 0.000758967
66069 75414 75201 -0.0032239
62224 71774 71640 -0.00215351
64469 72495 72090 -0.00628209
65774 73125 73197 0.00109466
62339 72631 72435 -0.0031441
63202 70893 70583 -0.00490491
65952 74564 74439 -0.00189532
63541 73618 74105 0.00766434
66922 75073 74583 -0.00732196
62095 71843 71745 -0.00157823
65105 72647 72641 -9.21588e-05
67410 74835 74844 0.000133511
62871 71194 71077 -0.00186095
63208 71592 71686 0.00148715
65614 74180 74043 -0.00208797
65024 74220 74541 0.00493664
65205 73871 73956 0.00130358
66548 74156 74553 0.00596562
66431 74606 74554 -0.000782767
63642 73597 72804 -0.0124603
62999 71742 71832 0.00142859
61037 71732 71700 -0.000524272
64980 74321 74097 -0.00344721
66209 73771 73610 -0.00243169
63921 72762 72559 -0.0031758
62993 72617 72834 0.00344483
66298 74519 74596 0.00116142
64975 73333 73458 0.00192382
65141 73167 73354 0.0028707
68160 76511 76343 -0.00246479
66918 75649 75778 0.00192773
64318 73125 72715 -0.00637458
66025 73371 72998 -0.00564938
65336 74341 74732 0.00598445
65891 73200 73057 -0.00217025
65553 73398 73378 -0.000305097
65212 71550 71120 -0.00659388
63282 68777 69026 0.00393477
65022 72829 72207 -0.00956599
64540 72524 72435 -0.00137899
63860 72769 73076 0.00480739
65078 74309 74551 0.00371861
65880 74056 74289 0.00353673
66885 73951 74187 0.00352844
64844 73916 73945 0.000447227
63950 72161 71837 -0.00506646
66743 74264 74389 0.00187286
65950 74262 74322 0.00090978
64738 74289 74603 0.00485032
65224 73391 73216 -0.00268306
65387 75184 75197 0.000198816
63522 73312 73439 0.00199931
64402 72751 72379 -0.00577622
64994 74011 74006 -7.69302e-05
66650 75218 75244 0.000390098
65859 74279 74242 -0.000561806
61920 73096 72349 -0.012064
62722 73362 73342 -0.000318867
64949 73249 73206 -0.000662058
65236 74275 74007 -0.00410816
61116 70850 71214 0.00595589
65481 73867 73909 0.000641407
64585 73337 73334 -4.64504e-05
63511 73005 72914 -0.00143282
65690 73351 73293 -0.000882935
62571 71996 72339 0.00548177
64747 73527 73469 -0.000895794
63661 72553 72136 -0.00655032
62781 72272 72319 0.000748634
65320 73482 73580 0.00150031
62685 72890 72886 -6.38111e-05
64297 74241 74370 0.00200631
64135 72456 72294 -0.00252592
64755 73224 73264 0.000617713
64606 72357 72322 -0.000541745
65471 73102 73102 0
63504 71875 71827 -0.000755858
63160 72818 73135 0.005019
66804 73385 73461 0.00113766
63616 72568 72445 -0.00193348
64054 72162 72090 -0.00112405
66460 74480 74684 0.00306952
66552 73539 73529 -0.000150258
64581 71844 71623 -0.00342206
63374 73571 73605 0.000536498
64678 73330 73709 0.0058598
63751 73459 73338 -0.00189801
65477 74949 74879 -0.00106908
64426 72942 72467 -0.0073728
63132 72181 72757 0.00912374
66271 74190 74056 -0.002022
67067 74979 74831 -0.00220675
64493 74429 74050 -0.00587661
66377 73709 73348 -0.00543863
65491 72315 72457 0.00216824
64223 72397 72698 0.00468679
63810 73182 73307 0.00195894
64645 73530 73426 -0.00160879
63966 72905 73287 0.00597192
62293 72437 72473 0.000577914
65232 72478 72669 0.00292801
64155 72972 72815 -0.0024472
64486 74796 74703 -0.00144217
64079 71891 72205 0.0049002
65919 74167 74257 0.00136531
62556 72954 72935 -0.000303728
63182 70163 70372 0.0033079
64267 72762 72826 0.000995845
63322 72303 72431 0.00202141
65937 73057 73223 0.00251755
65097 72196 72196 0
