43851 49718 49915 0.00449249
43021 49423 49481 0.00134818
43927 49720 50263 0.0123614
43141 50785 50887 0.00236434
43519 50247 49944 -0.00696248
43936 50419 49923 -0.0112891
44129 50861 50708 -0.00346711
42597 50110 50285 0.00410827
41491 49445 49546 0.00243426
42947 49192 49192 0
45080 49686 49830 0.00319432
41911 49895 49800 -0.00226671
42244 48679 48596 -0.00196478
43791 51648 51554 -0.00214656
42107 50423 50523 0.0023749
41731 49183 49295 0.00268386
42396 50424 50566 0.00334937
42942 50689 50609 -0.00186298
42739 49343 49144 -0.00465617
42857 49957 49636 -0.00749002
44031 50520 50575 0.00124912
43461 49190 49379 0.00434873
41611 49131 49131 0
43935 49660 49645 -0.000341413
43768 50361 50369 0.000182782
44702 50560 50486 -0.00165541
41765 50116 50071 -0.00107746
44338 51185 51104 -0.00182688
41956 49314 48826 -0.0116312
44343 50302 50265 -0.000834405
43491 50965 51246 0.00646111
43221 49342 49550 0.00481248
43115 49338 49307 -0.000719007
42115 49011 49026 0.000356168
43208 48662 48868 0.00476764
40634 48798 48778 -0.000492199
43555 49907 49481 -0.00978074
44750 52112 52071 -0.000916201
43407 50923 51083 0.00368604
41626 49984 50156 0.00413203
44243 51661 51859 0.00447528
42863 50649 50439 -0.00489933
42841 50477 49981 -0.0115777
44067 50031 50221 0.00431162
42226 48868 48811 -0.00134988
45004 51893 52003 0.00244423
44130 50502 50367 -0.00305914
44584 50412 50471 0.00132334
42976 50291 50307 0.000372301
43126 49301 49823 0.0121041
43213 47719 48351 0.0146252
42931 50541 50369 -0.00400643
43092 48995 48495 -0.0116031
43149 50283 50077 -0.00477415
44703 51346 51346 0
42598 49791 49539 -0.00591577
43921 49709 49685 -0.000546436
44167 50599 50581 -0.000407544
42449 49734 50562 0.0195058
42444 48872 48558 -0.00739798
43751 50004 50021 0.000388563
42991 48583 49153 0.0132586
45333 51259 51272 0.000286767
43359 51636 51323 -0.0072188
41670 47529 47654 0.00299976
42248 49275 49259 -0.000378716
41772 50268 50112 -0.00373456
44020 49634 49455 -0.00406633
42214 49050 49050 0
42484 49467 49059 -0.00960362
43007 50255 50188 -0.00155789
41809 50048 50048 0
42003 50767 51412 0.015356
43220 50035 50552 0.0119621
40764 48848 48742 -0.00260033
40814 48454 48552 0.00240114
41942 49623 49583 -0.000953698
42744 50552 50689 0.00320513
42249 50897 50904 0.000165684
43009 50630 50463 -0.00388291
41528 48378 48030 -0.00837989
42707 49200 49171 -0.000679046
42073 48961 48966 0.000118841
42190 49010 48512 -0.0118037
41387 50236 49942 -0.00710368
43231 50595 50677 0.00189679
42800 49005 48988 -0.000397196
42679 51113 51300 0.00438155
43284 51407 51490 0.00191757
42861 51170 51084 -0.00200649
43821 52148 52182 0.000775884
43252 50463 50637 0.00402294
43701 51019 50815 -0.00466809
42538 49141 49154 0.000305609
44845 51259 51472 0.00474969
42447 48404 48487 0.00195538
42778 49112 48924 -0.00439478
43316 50442 51068 0.0144519
43355 49644 49527 -0.00269865
41761 49182 49134 -0.0011494
44527 50924 51168 0.00547982
44385 51748 51713 -0.000788555
43912 50767 50875 0.00245946
42330 51063 50980 -0.00196078
44814 50129 50326 0.00439595
44431 51577 51378 -0.00447885
41792 49102 49000 -0.00244066
42769 49856 50110 0.00593888
41948 49634 49783 0.00355202
44657 51719 51708 -0.000246322
43806 51080 51152 0.00164361
43475 49038 49147 0.00250719
42054 49851 49529 -0.00765682
42288 49800 49882 0.00193908
40839 47615 47738 0.00301183
43785 49077 48980 -0.00221537
43547 49119 49349 0.00528165
43489 50326 50352 0.000597852
43629 51077 51077 0
43844 49863 49895 0.00072986
42980 50197 50014 -0.00425779
42886 49825 49732 -0.00216854
42969 50614 50759 0.00337453
40431 49409 49114 -0.00729638
43625 50313 50403 0.00206304
43482 50608 50682 0.00170185
43418 49618 49565 -0.00122069
43281 50771 50578 -0.00445923
42378 49968 49968 0
44800 51599 51809 0.0046875
43864 50775 50749 -0.000592741
43226 50189 50503 0.00726415
43231 49636 49472 -0.00379357
41785 50636 50543 -0.00222568
44805 50721 50427 -0.00656177
41812 50288 50544 0.00612264
43310 50565 50565 0
42788 51037 51023 -0.000327195
41884 49472 49497 0.000596887
43668 50934 50389 -0.0124805
41171 48848 48681 -0.00405625
42739 49571 49909 0.00790847
40808 47264 46988 -0.00676338
43074 48918 48587 -0.00768445
43689 50031 49780 -0.00574515
43735 51078 51006 -0.00164628
43159 50610 50677 0.0015524
42302 49298 49368 0.00165477
44468 51556 51262 -0.0066115
41088 48380 48835 0.0110738
42617 49220 49540 0.00750874
41036 49309 49140 -0.00411834
41671 49132 49183 0.00122387
42943 49551 49117 -0.0101064
43522 49920 50197 0.0063646
44097 50580 50695 0.00260789
42157 49288 49315 0.000640463
42930 49490 49636 0.00340089
42965 49627 49766 0.00323519
43459 49267 49470 0.00467107
43898 51297 51248 -0.00111622
43235 50780 50863 0.00191974
43130 50153 50312 0.00368653
43514 50582 50682 0.00229811
41586 48928 49003 0.00180349
44691 49964 50109 0.0032445
43020 50022 49755 -0.00620642
43516 51110 50952 -0.00363085
43605 51312 51087 -0.00515996
43933 50851 50764 -0.00198029
42554 49975 49579 -0.00930582
44769 50418 50490 0.00160826
42560 49884 50028 0.00338346
41897 49349 49261 -0.00210039
44636 50166 50782 0.0138005
43916 50673 50698 0.000569269
42849 50775 50712 -0.00147028
43013 49325 49343 0.000418478
42823 50014 50224 0.00490391
43251 50347 50332 -0.000346813
45391 51046 51077 0.000682955
43443 50016 49726 -0.00667541
43847 49405 49947 0.0123612
42298 49187 49382 0.00461015
45041 51414 51409 -0.00011101
43650 51766 51708 -0.00132875
41199 49519 49600 0.00196607
41487 48520 48878 0.00862921
42867 50707 50707 0
43613 51371 51395 0.000550295
43842 49847 49633 -0.00488116
43116 50614 50675 0.00141479
41867 49894 49876 -0.000429933
44452 51496 51220 -0.00620894
43409 50871 50777 -0.00216545
41850 49003 48934 -0.00164875
42416 50425 50425 0
43081 48928 48610 -0.00738144
40866 49240 48903 -0.00824646
42699 50539 50179 -0.00843111
44680 52144 52211 0.00149955
43736 50336 50203 -0.00304097
44574 50554 50491 -0.00141338
44245 51494 51820 0.00736806
44126 49494 49524 0.000679871
41467 47295 47395 0.00241156
43552 50405 50405 0
43944 50187 49940 -0.00562079
42682 48847 48375 -0.0110585
43080 49551 49609 0.00134633
40435 47415 47310 -0.00259676
45195 51643 51539 -0.00230114
43291 50513 50521 0.000184796
44591 51288 51240 -0.00107645
43143 49849 50079 0.00533111
42449 49791 49802 0.000259134
43951 49114 49039 -0.00170645
42741 49944 50040 0.00224609
42360 49883 49680 -0.00479226
44285 50011 50024 0.000293553
43808 51020 50239 -0.0178278
43348 49393 49188 -0.00472917
46198 51846 52197 0.00759773
41033 48737 48730 -0.000170594
43512 50694 50323 -0.00852638
44222 50756 50858 0.00230654
41286 49493 49310 -0.0044325
43388 49179 49261 0.00188992
43666 49866 50291 0.00973297
43291 50192 50076 -0.00267954
44125 50276 50732 0.0103343
45143 50748 50831 0.0018386
42876 51449 51355 -0.00219237
42883 49439 49550 0.00258844
42922 49782 49412 -0.00862029
42141 49667 49653 -0.000332218
41595 49922 49709 -0.00512081
42613 49191 49164 -0.000633609
42609 50082 50081 -2.34692e-05
43340 49664 49966 0.00696816
44305 49146 49146 0
43140 50450 50380 -0.00162262
41994 48265 48587 0.00766776
43211 49342 49191 -0.00349448
44338 51804 51844 0.000902161
43485 51565 51391 -0.00400138
41998 48592 48878 0.00680985
42352 49183 49200 0.000401398
42189 49299 49043 -0.00606793
41664 49064 49094 0.000720046
43659 48440 48492 0.00119105
43555 50993 50903 -0.00206635
43740 50313 50262 -0.00116598
40895 48415 48324 -0.00222521
44459 49608 49545 -0.00141704
44203 49700 49779 0.00178721
43305 50236 49427 -0.0186814
43244 50325 50348 0.000531866
43058 50172 50182 0.000232245
42738 49723 49695 -0.000655155
42951 48370 48197 -0.00402785
43280 49437 49683 0.00568392
44107 51171 51171 0
42027 49423 49050 -0.00887525
43749 51338 51087 -0.00573727
42392 49246 49184 -0.00146254
42819 50302 50533 0.0053948
44152 49956 50735 0.0176436
42598 50373 50291 -0.00192497
41240 48593 48330 -0.0063773
43204 51271 51190 -0.00187483
43385 48943 48813 -0.00299643
43883 49071 48944 -0.00289406
43660 50271 50271 0
44200 51394 51517 0.00278281
42823 50441 50391 -0.0011676
41869 50936 50903 -0.000788173
40562 47853 47806 -0.00115872
43634 51340 51322 -0.000412522
42996 50382 50431 0.00113964
41878 49961 49993 0.000764124
40804 48213 48188 -0.000612685
41804 48679 48019 -0.015788
43167 50289 50702 0.00956749
42137 48862 48778 -0.0019935
42319 50985 51006 0.000496231
41846 48485 48487 4.77943e-05
46157 51830 51674 -0.00337977
42158 50244 50244 0
43607 50468 50488 0.000458642
43090 49848 50070 0.00515201
43371 49517 49393 -0.00285905
41917 49013 49213 0.00477133
43188 49287 49663 0.00870612
43069 50083 49779 -0.00705844
43524 50016 50020 9.19033e-05
44862 52092 52131 0.000869333
43100 49599 49917 0.00737819
45560 51201 51290 0.00195347
43031 49224 49493 0.00625131
41551 48906 48822 -0.00202161
43955 50716 50518 -0.00450461
44017 50236 50154 -0.00186292
43920 51214 51237 0.000523679
42170 48306 47807 -0.0118331
41706 49678 49702 0.000575457
42783 50321 50044 -0.00647453
44594 49947 50331 0.00861102
43508 48952 48851 -0.00232141
41688 48819 48695 -0.00297448
44348 50574 50785 0.00475782
40975 49008 48996 -0.000292862
44505 49147 49239 0.00206718
43333 50912 50730 -0.00420003
42462 49453 49703 0.00588762
44578 51135 51014 -0.00271434
44341 50316 50279 -0.000834442
40361 48519 48509 -0.000247764
43134 49256 48911 -0.00799833
40074 48496 48560 0.00159705
42396 48382 48104 -0.00655722
40437 48060 47611 -0.0111037
43994 49919 49731 -0.00427331
43539 49346 49533 0.004295
42394 50523 50521 -4.71765e-05
42715 49138 49557 0.0098092
42768 50431 50084 -0.00811354
42635 49667 49835 0.00394042
42422 48735 48523 -0.00499741
43532 51323 51073 -0.0057429
42150 48760 49063 0.00718861
44110 49376 49613 0.00537293
42377 48703 48797 0.00221818
42414 50516 50455 -0.0014382
42476 48745 48719 -0.00061211
42253 50103 50421 0.00752609
42761 50140 50112 -0.000654802
44733 51858 51969 0.00248139
42826 48431 48455 0.000560407
43503 51646 51638 -0.000183895
45247 50969 50862 -0.0023648
44170 50069 50024 -0.00101879
43772 50062 50050 -0.000274148
41719 49998 49762 -0.00565689
42843 49361 49487 0.00294097
43936 50895 50847 -0.0010925
42357 50984 50691 -0.00691739
43327 50527 50387 -0.00323124
41936 48714 48877 0.00388688
41994 49358 49030 -0.00781064
43638 51691 51737 0.00105413
41873 49536 49686 0.00358226
44199 49760 49688 -0.001629
42241 49378 49377 -2.36737e-05
42247 49956 49666 -0.00686439
45227 50338 50305 -0.000729653
41629 49108 49262 0.00369934
45367 51206 51079 -0.00279939
42627 49094 48839 -0.00598212
43589 49175 49223 0.0011012
40844 49822 49698 -0.00303594
43133 49660 49661 2.31841e-05
43366 50378 50465 0.00200618
44626 50706 50976 0.00605028
44831 51130 51340 0.00468426
42681 50537 50374 -0.00381903
43458 48520 48398 -0.00280731
42400 50132 50168 0.000849057
42161 49772 49186 -0.0138991
43323 50875 50921 0.00106179
44827 51845 51865 0.00044616
42174 49729 49645 -0.00199175
43201 49344 49199 -0.0033564
43736 51754 51951 0.0045043
43027 51191 51251 0.00139447
41802 50830 51166 0.00803789
41441 49925 48771 -0.0278468
44336 50466 50351 -0.00259383
43891 50122 50238 0.00264291
42987 50748 50748 0
42948 50429 50203 -0.00526218
43292 49552 49578 0.000600573
44101 49607 49532 -0.00170064
43500 49944 49992 0.00110345
40865 49029 48786 -0.00594641
43535 49635 49582 -0.00121741
42635 49977 49892 -0.00199367
43111 49876 50169 0.00679641
42762 49561 49618 0.00133296
43909 51160 51182 0.000501036
43720 49390 49438 0.0010979
42821 50447 50543 0.00224189
43408 49306 49497 0.00440011
44004 51457 51328 -0.00293155
43298 50270 50461 0.00441129
44208 49546 49349 -0.00445621
42864 50398 50398 0
42987 49078 48941 -0.00318701
40980 49715 49635 -0.00195217
42712 50566 50511 -0.00128769
41489 49575 49530 -0.00108462
43007 49572 49410 -0.00376683
42740 48920 48813 -0.00250351
44012 48561 48541 -0.000454422
43189 49279 49102 -0.00409827
40396 48943 48629 -0.00777305
42971 49932 49705 -0.00528263
42939 48383 48729 0.00805794
44977 51945 51990 0.00100051
41646 48660 48535 -0.00300149
43060 49878 49780 -0.00227589
42504 49404 49374 -0.000705816
42047 49426 49207 -0.00520846
44215 50720 50763 0.000972521
44228 49720 49314 -0.00917971
41410 49661 49561 -0.00241488
44132 51611 51479 -0.00299103
43132 49151 49144 -0.000162292
42539 50423 50224 -0.00467806
42019 48603 48518 -0.00202289
43719 50205 49750 -0.0104074
44684 50804 50353 -0.0100931
45796 50505 50479 -0.000567735
42856 49222 49893 0.0156571
42711 50003 49990 -0.000304371
44386 51264 51260 -9.01185e-05
43094 50112 50574 0.0107207
43245 51056 51028 -0.000647474
41227 49567 49422 -0.00351711
44047 49941 49792 -0.00338275
43099 50525 50285 -0.00556857
45077 51485 51537 0.00115358
44067 50937 50850 -0.00197427
43258 49886 49881 -0.000115586
41130 49029 48921 -0.00262582
43014 49540 49845 0.00709071
41065 49164 49686 0.0127116
44333 49638 49871 0.00525568
44704 49411 49175 -0.00527917
42253 51898 51886 -0.000284004
41200 49884 49625 -0.00628641
42493 49464 49875 0.00967218
42278 48561 48312 -0.00588959
42270 49845 50038 0.00456589
42434 49068 49226 0.00372343
40460 49642 49634 -0.000197726
44008 50571 50087 -0.010998
42057 48874 49202 0.00779894
42166 50615 50626 0.000260874
46274 50793 50932 0.00300385
44632 50260 49963 -0.00665442
42191 49705 49419 -0.0067787
42384 49473 49712 0.00563892
43131 50392 50196 -0.0045443
43448 50604 50412 -0.00441908
43511 51629 51581 -0.00110317
45734 51594 51541 -0.00115888
42778 50458 50340 -0.00275843
43462 50951 50528 -0.00973264
43375 50322 50081 -0.0055562
41976 48926 48915 -0.000262055
43645 49444 49663 0.00501776
41171 50102 50174 0.0017488
42542 49582 49714 0.00310282
43185 50468 50823 0.00822045
44918 51433 52250 0.0181887
45636 52435 52435 0
42341 49749 49690 -0.00139345
44257 49963 49953 -0.000225953
41092 50298 50154 -0.00350433
43313 50688 50982 0.0067878
42914 48795 49057 0.00610523
41210 48900 48915 0.000363989
44520 51532 51419 -0.00253819
41453 48114 48344 0.00554845
44459 50892 50520 -0.00836726
41960 49979 49937 -0.00100095
43487 49574 49775 0.00462207
42810 51028 50481 -0.0127774
42270 48521 48333 -0.0044476
43437 51201 50778 -0.00973824
41552 48528 48461 -0.00161244
42750 50656 50714 0.00135673
43146 49602 49606 9.27085e-05
44815 50593 50571 -0.000490907
45262 50749 50695 -0.00119305
44653 50681 50717 0.000806217
44347 50519 50666 0.00331477
40423 49160 49182 0.000544245
43949 50896 50785 -0.00252565
44221 49817 49758 -0.00133421
42408 50323 50395 0.00169779
42205 48867 49204 0.00798484
43923 50509 50758 0.00566901
42123 48831 49295 0.0110154
42384 49545 49540 -0.000117969
43494 50322 50375 0.00121856
42606 50099 50047 -0.00122049
44085 49022 49467 0.0100941
43712 49586 49815 0.00523884
42227 49115 49003 -0.00265233
43290 50192 50192 0
44242 49754 49887 0.00300619
42195 47501 47450 -0.00120867
41937 48692 48915 0.0053175
43165 48714 48549 -0.00382254
43552 52117 52237 0.00275533
41111 49724 49748 0.000583785
43291 51444 51453 0.000207895
44099 50311 50190 -0.00274383
42951 48596 48663 0.00155992
43435 50951 51081 0.00299298
43466 50401 50698 0.00683293
43910 51160 51178 0.000409929
43997 50024 49867 -0.00356843
44143 50289 50217 -0.00163106
44323 50299 50058 -0.00543736
44827 51762 51762 0
42522 49757 50091 0.00785476
42983 50730 51035 0.00709583
40873 48584 48264 -0.00782913
41548 48511 48471 -0.000962742
43282 49308 49347 0.000901067
44003 50202 50596 0.00895393
40783 49082 48824 -0.00632617
40431 48357 47838 -0.0128367
42554 48409 48511 0.00239695
42307 50129 50258 0.00304914
41376 49157 49311 0.00372196
42842 51118 51195 0.0017973
41433 49145 48998 -0.0035479
43429 50122 50051 -0.00163485
43778 51426 51401 -0.000571063
41138 47445 47648 0.00493461
40803 49244 49153 -0.00223023
41181 50826 50911 0.00206406
43301 51116 50697 -0.00967645
41918 49877 50006 0.00307744
41007 48126 48241 0.0028044
43737 50738 50545 -0.00441274
44335 50804 50715 -0.00200744
41049 48040 48356 0.00769812
42605 49174 48968 -0.00483511
42911 50420 50471 0.00118851
43982 49738 49721 -0.000386522
41470 50213 50120 -0.00224259
44389 50861 50139 -0.0162653
42807 49691 50148 0.0106758
42636 52001 51957 -0.00103199
43618 51324 51203 -0.00277408
41919 50039 50419 0.0090651
44598 51146 51167 0.000470873
42325 49264 49156 -0.00255168
44206 50543 50432 -0.00251097
43696 48872 48903 0.000709447
43304 49277 49449 0.00397192
45325 51333 51361 0.000617761
41236 49348 49269 -0.0019158
42357 49281 49429 0.00349411
42479 48802 48662 -0.00329575
41690 48391 48578 0.00448549
43135 50123 50123 0
44898 51503 51891 0.00864181
43401 50161 50415 0.0058524
44261 50394 50565 0.00386345
42375 48906 48752 -0.00363422
41935 48638 48664 0.000620007
45009 50903 50917 0.000311049
42714 49519 49878 0.00840474
43642 49584 49236 -0.00797397
44931 51557 51113 -0.00988182
44546 52360 52360 0
42393 49684 49687 7.07664e-05
44441 50728 50845 0.0026327
42746 50877 50620 -0.00601226
43703 51110 50795 -0.00720774
43781 50142 49886 -0.00584729
40231 48189 48149 -0.000994258
43073 50085 49873 -0.00492188
40591 49122 48931 -0.00470548
39852 48749 48775 0.000652414
42499 49856 49705 -0.00355302
44037 51291 51215 -0.00172582
41441 48058 47879 -0.00431939
45414 50663 50432 -0.00508654
44088 50114 50313 0.0045137
42169 49426 49459 0.000782565
41876 49660 49589 -0.00169548
42225 50359 50325 -0.00080521
42220 48602 48399 -0.00480815
45737 52394 52676 0.00616569
44251 50127 49920 -0.00467786
42888 48976 48901 -0.00174874
43463 48536 48785 0.00572901
43341 50812 50842 0.000692185
43424 49027 49202 0.00403003
39999 48196 48107 -0.00222506
41228 49695 49938 0.00589405
41701 48387 48515 0.00306947
41821 50855 50817 -0.000908634
40616 49038 49063 0.000615521
42290 50038 49631 -0.00962402
41414 48978 49052 0.00178684
42645 49920 49789 -0.00307187
42079 49626 49425 -0.00477673
42881 50110 49766 -0.0080222
44104 50897 51130 0.00528297
44474 49678 49604 -0.00166389
43367 49591 49536 -0.00126825
45291 51401 51213 -0.00415094
43074 49838 49610 -0.00529322
40859 49944 49470 -0.0116009
43772 49189 49124 -0.00148497
42127 50416 50228 -0.0044627
41782 48989 48989 0
42213 49019 49000 -0.000450098
42394 50093 49869 -0.00528377
42910 49169 49234 0.0015148
41948 49239 49240 2.3839e-05
43005 50615 50912 0.00690617
43167 50209 50109 -0.00231658
42594 49690 49973 0.00664413
43370 49989 50077 0.00202905
42757 50041 50161 0.00280656
42438 48876 48969 0.00219143
41221 48836 48739 -0.00235317
42081 50027 50310 0.00672513
42139 49866 49140 -0.0172287
43344 50753 50641 -0.00258398
43582 49563 49868 0.0069983
44705 50003 49745 -0.00577117
42955 50202 50039 -0.00379467
43007 51190 50876 -0.00730114
42957 49683 49514 -0.00393417
44073 51177 51287 0.00249586
43496 49746 48995 -0.017266
42423 49638 49849 0.00497372
42740 48874 49050 0.00411792
42037 48583 48284 -0.00711278
45781 51032 51023 -0.000196588
44268 50322 50242 -0.00180717
41298 49426 49402 -0.000581142
43054 49220 49282 0.00144005
42906 50443 50472 0.000675896
41880 50912 50554 -0.00854823
44376 50833 51004 0.00385343
40559 48690 48743 0.00130674
43941 51975 51932 -0.000978585
45099 51893 51692 -0.00445686
43034 49746 49884 0.00320677
42653 50086 50045 -0.000961245
40816 48488 48549 0.00149451
42319 50197 50033 -0.00387533
42640 51008 51008 0
45586 51602 51454 -0.00324661
43893 50292 50495 0.00462488
44517 51393 51476 0.00186446
44959 50874 50977 0.00229098
41705 50646 50953 0.00736123
40723 48226 48011 -0.00527957
43208 50224 50401 0.00409646
42930 50287 50630 0.00798975
41937 49446 49076 -0.00882276
43134 49419 49223 -0.00454398
44291 50507 50464 -0.000970852
43774 50440 50331 -0.00249006
43585 50305 50247 -0.00133073
42628 48035 48414 0.00889087
42014 49387 49476 0.00211834
42877 48854 48778 -0.00177251
43137 50688 50515 -0.00401048
44720 51332 51386 0.00120751
42969 50212 49900 -0.00726105
43006 50908 51152 0.00567363
45836 51363 51010 -0.00770137
44575 51646 51509 -0.00307347
41344 49634 50098 0.0112229
41013 48794 48699 -0.00231634
41874 49476 49501 0.000597029
43034 50224 49928 -0.00687828
45270 50992 50977 -0.000331345
43339 50136 50078 -0.00133829
43759 49486 49702 0.00493613
43983 50690 50195 -0.0112543
43808 49189 49421 0.00529584
42440 50006 49998 -0.000188501
44254 51398 51239 -0.0035929
41451 49619 49359 -0.00627247
42979 50736 50860 0.00288513
43991 52039 51920 -0.0027051
42124 49525 49719 0.00460545
42622 51081 51173 0.00215851
43392 51685 51669 -0.000368732
42214 50219 50161 -0.00137395
44889 51614 51485 -0.00287376
43086 52561 52084 -0.0110709
42864 51152 50984 -0.00391937
42965 49596 49664 0.00158268
43663 50536 50536 0
41925 49181 49010 -0.00407871
43272 50043 50034 -0.000207987
43030 50010 49890 -0.00278875
43867 50218 50300 0.00186929
41758 50802 50890 0.00210738
41391 49722 49605 -0.0028267
42009 49006 49022 0.000380871
42649 49683 49808 0.0029309
41802 48984 48722 -0.00626764
43639 50337 49734 -0.0138179
42253 49296 49185 -0.00262703
42724 48772 48807 0.000819212
44793 52176 52323 0.00328176
43209 50206 50213 0.000162003
42597 49459 49335 -0.002911
44479 50586 50944 0.00804874
44766 50050 50149 0.0022115
42338 50685 50195 -0.0115735
43142 50157 50182 0.000579482
43413 50839 50762 -0.00177366
42945 49844 50043 0.00463383
44780 51188 51132 -0.00125056
42486 47819 48139 0.00753189
44656 52156 52156 0
45456 50943 51109 0.00365188
42395 48722 48283 -0.010355
43272 49534 49567 0.000762618
44688 50632 51086 0.0101593
42272 50690 50516 -0.0041162
43551 50641 50598 -0.000987348
43027 50383 50383 0
43674 50767 50603 -0.00375509
43696 50789 50846 0.00130447
44233 50850 50880 0.000678227
43996 50047 49940 -0.00243204
43915 49013 49444 0.00981441
42898 49340 49131 -0.00487202
40227 48764 48638 -0.00313222
44267 51168 51162 -0.000135541
43416 48441 48530 0.00204994
44606 50231 50199 -0.000717392
43238 49627 49156 -0.0108932
41240 49595 49241 -0.0085839
42166 50511 50567 0.00132808
42843 50010 50222 0.0049483
43266 49575 49387 -0.00434521
41904 49440 49373 -0.00159889
42052 49227 48981 -0.0058499
45664 51099 50949 -0.00328486
42285 48066 48560 0.0116826
45262 50979 51164 0.00408731
42846 50396 50311 -0.00198385
43616 50752 50536 -0.00495231
41305 50296 50245 -0.00123472
44200 50610 50664 0.00122172
42796 49904 49867 -0.000864567
41669 49134 49192 0.00139192
41037 49528 49379 -0.00363087
43143 48991 48779 -0.00491389
43151 49633 50292 0.015272
40413 49381 49083 -0.00737386
42556 50083 50030 -0.00124542
41970 48740 48486 -0.00605194
41791 49494 49392 -0.00244072
41853 48549 48378 -0.00408573
43806 50212 50457 0.00559284
42586 50119 50026 -0.00218382
43312 51888 51711 -0.00408663
42744 49912 49857 -0.00128673
44568 50142 50209 0.00150332
43154 50984 51026 0.000973259
43434 50661 50753 0.00211816
42596 50283 50283 0
44425 50770 50891 0.00272369
42142 49288 49117 -0.00405771
42647 50740 50933 0.00452552
41692 50083 50008 -0.00179891
42149 49755 49788 0.000782937
44960 51784 51440 -0.00765125
42383 49185 49089 -0.00226506
40304 48065 47606 -0.0113884
41584 48421 48281 -0.00336668
42031 49940 49928 -0.000285504
42654 48549 48841 0.00684578
43680 50355 50395 0.000915751
41888 48613 48222 -0.00933442
42448 49243 48852 -0.00921127
41787 48400 48486 0.00205806
42374 48967 48862 -0.00247793
43320 49711 49523 -0.0043398
42350 51195 51122 -0.00172373
42195 48459 48442 -0.000402891
42518 49920 49766 -0.003622
43301 50363 50200 -0.00376435
41955 49651 49419 -0.00552973
42784 50241 50306 0.00151926
41616 49721 49732 0.000264321
42777 49678 49411 -0.00624167
42624 49878 49799 -0.00185342
42288 49783 50128 0.00815834
41977 48374 48953 0.0137933
40880 48974 49045 0.00173679
42789 50703 51009 0.00715137
43417 49975 49893 -0.00188866
46263 51296 50932 -0.00786806
43134 49538 49063 -0.0110122
45069 50558 50563 0.000110941
41608 48665 48870 0.00492694
40289 49227 49102 -0.00310258
44085 51445 51425 -0.000453669
42449 49384 49634 0.00588942
43555 48555 48334 -0.00507404
46375 52528 52476 -0.00112129
43331 50327 50267 -0.00138469
44187 49406 49286 -0.00271573
44482 51352 51425 0.00164111
42465 49021 49668 0.0152361
41363 48063 48465 0.00971883
41454 47951 47962 0.000265354
43351 49900 49912 0.00027681
44686 51030 51169 0.00311059
40797 48964 48588 -0.00921636
45099 50797 50703 -0.0020843
43385 52017 52129 0.00258154
45382 51453 51497 0.000969547
42899 48599 48869 0.00629385
41994 48951 48825 -0.00300043
42969 50219 50202 -0.000395634
42263 49562 49562 0
42542 50608 50344 -0.00620563
42323 48686 48830 0.00340241
42445 50751 50930 0.00421722
41988 50419 50444 0.000595408
43303 49960 50198 0.00549616
43013 49918 50309 0.00909028
43638 50430 50490 0.00137495
42853 49617 49340 -0.00646396
41160 51138 51204 0.0016035
40974 49155 49012 -0.00349002
41868 49465 49857 0.00936276
42260 50120 50082 -0.000899195
42746 50473 50328 -0.00339213
41340 50678 50183 -0.0119739
42012 48243 48405 0.00385604
42980 48443 48724 0.00653792
43757 49708 49742 0.000777019
41956 48906 48925 0.000452855
44221 49669 49632 -0.000836707
43927 49604 49483 -0.00275457
44746 49316 49568 0.00563179
42903 49634 49831 0.00459175
41700 50527 50429 -0.00235012
42487 50094 50073 -0.000494269
44350 50410 49664 -0.0168207
42980 49364 48760 -0.014053
42261 50020 50213 0.00456686
43164 50044 50113 0.00159855
44200 50629 50419 -0.00475113
42339 50644 50204 -0.0103923
42140 48713 48844 0.00310869
43290 49166 49214 0.0011088
41128 49023 49419 0.00962848
42497 49932 49483 -0.0105655
42193 48947 48826 -0.00286777
42374 48783 48845 0.00146316
42517 50681 50214 -0.0109838
41888 49211 49556 0.00823625
42854 50628 50727 0.00231017
41330 48565 48402 -0.00394387
43539 48712 48576 -0.00312364
44710 49582 49421 -0.00360098
39902 48725 48702 -0.000576412
43094 51183 51183 0
43958 49728 49523 -0.00466354
43572 51033 51135 0.00234095
43960 50265 50188 -0.00175159
43388 50674 50718 0.00101411
44482 50578 50620 0.000944202
44766 50857 50644 -0.00475808
44559 51502 51454 -0.00107722
43955 50572 50667 0.0021613
42023 49559 49550 -0.000214168
44322 49953 49780 -0.00390325
43116 49862 49958 0.00222655
42370 49068 49143 0.00177012
41533 48998 48990 -0.000192618
44366 50190 50344 0.00347113
45488 50373 50141 -0.00510025
43124 49894 49694 -0.00463779
43926 49559 49973 0.00942494
43425 51225 51126 -0.00227979
42285 50050 49784 -0.00629065
41838 49662 49167 -0.0118313
43285 49471 49467 -9.24108e-05
42395 50239 49808 -0.0101663
41947 47263 47152 -0.0026462
44929 50742 50802 0.00133544
41871 50320 50372 0.00124191
45190 51299 51360 0.00134986
41131 49382 49396 0.000340376
43318 49239 49227 -0.000277021
44750 51111 50803 -0.00688268
41442 48429 48353 -0.00183389
41480 48875 48401 -0.0114272
44107 50644 50732 0.00199515
41905 49683 49542 -0.00336475
44399 49914 49990 0.00171175
45164 51275 50773 -0.011115
44294 50938 50932 -0.000135459
42664 49608 49631 0.000539096
41692 49248 49669 0.0100979
41518 50014 50128 0.0027458
44088 49894 49698 -0.00444565
44063 50572 50606 0.000771622
42411 48899 49127 0.00537596
41397 48502 48737 0.00567674
44560 50849 50728 -0.00271544
44073 49415 49209 -0.00467406
43005 50087 50333 0.00572027
45313 51474 51477 6.62062e-05
44144 51631 51661 0.000679594
43618 49901 50003 0.00233848
44354 50338 50214 -0.00279569
42715 50892 50936 0.00103008
43986 50128 50187 0.00134134
43237 50109 50123 0.000323797
43798 49708 49558 -0.00342481
42533 47926 47994 0.00159876
43203 49880 50060 0.00416638
44575 50418 50215 -0.00455412
42764 49478 49292 -0.00434945
43883 49847 49939 0.00209648
43386 50791 50855 0.00147513
44492 50109 49925 -0.00413557
42729 49395 49446 0.00119357
42267 49576 48940 -0.0150472
45106 51481 51459 -0.00048774
44491 50921 50876 -0.00101144
44597 51811 51650 -0.00361011
43345 50476 50164 -0.00719806
43594 51070 50863 -0.00474836
43699 50626 50417 -0.00478272
42829 50263 50567 0.00709799
44081 51721 51155 -0.01284
43478 50781 51019 0.00547403
43665 50629 50609 -0.000458033
41101 49709 50047 0.00822364
41521 50064 50064 0
43269 49842 49557 -0.0065867
44763 50508 50935 0.00953913
40254 49317 49423 0.00263328
43920 50842 50356 -0.0110656
42176 50161 50329 0.00398331
42452 50069 50130 0.00143692
43963 49559 49561 4.54928e-05
42292 50110 50039 -0.0016788
43399 50170 50228 0.00133644
43074 48914 48871 -0.000998282
41932 49965 49943 -0.000524659
43346 50756 51035 0.00643658
41864 49523 49527 9.55475e-05
44087 50704 50526 -0.00403747
41898 48906 48781 -0.00298344
43185 50789 50750 -0.000903091
43427 49757 49752 -0.000115136
43064 49266 49189 -0.00178804
41847 49060 48565 -0.0118288
42407 50377 50285 -0.00216945
44618 49938 49982 0.000986149
42343 48739 49138 0.00942305
42657 49847 49402 -0.0104321
44324 51180 51074 -0.00239148
44268 49637 49802 0.0037273
42420 50104 49934 -0.00400754
42140 51121 50976 -0.00344091
42444 50050 50057 0.000164923
42475 50140 49884 -0.00602707
44147 52378 52354 -0.000543638
43331 49276 49295 0.000438485
41695 49806 49864 0.00139105
45682 52168 52097 -0.00155422
44631 51504 51394 -0.00246465
43554 50469 50567 0.00225008
43428 49215 49376 0.00370729
44170 50012 49862 -0.00339597
44529 50908 50644 -0.00592872
43640 51289 51144 -0.00332264
42836 49920 49727 -0.00450556
41867 49809 49804 -0.000119426
41252 48735 48444 -0.0070542
43651 49872 49896 0.000549816
42515 50295 50233 -0.00145831
42659 51111 51245 0.00314119
43003 48669 48806 0.00318582
44994 51491 51064 -0.00949015
42654 49456 49038 -0.00979978
42020 48092 48085 -0.000166587
42859 50582 50274 -0.00718636
41976 48804 48377 -0.0101725
43424 50051 49903 -0.00340825
43026 49803 49879 0.00176637
