18541 21156 21227 0.00382935
18090 20998 20970 -0.00154782
18300 21367 21408 0.00224044
18334 21935 21973 0.00207265
18149 21386 21437 0.00281007
18549 21371 21351 -0.00107823
18559 21608 21595 -0.000700469
18048 21856 21856 0
17464 21041 21074 0.0018896
17907 21124 21072 -0.00290389
19033 21406 21269 -0.00719802
17608 21281 21233 -0.00272603
17780 20912 20845 -0.00376828
18577 22052 22192 0.0075362
17781 21704 21650 -0.00303695
17942 20781 20797 0.000891762
17528 21337 21346 0.000513464
17966 21243 21354 0.00617834
18537 21174 21105 -0.00372229
18207 21016 21174 0.00867798
19030 21861 21889 0.00147136
18516 20898 20841 -0.00307842
17515 21043 21223 0.0102769
18333 20846 20920 0.00403644
18130 21392 21220 -0.00948704
18754 21643 21656 0.000693185
17890 21317 21356 0.00217999
18725 21831 21766 -0.0034713
17419 20847 20790 -0.00327229
18673 21341 21435 0.00503401
17962 21311 21353 0.00233827
18318 21174 21322 0.00807948
18384 21596 21495 -0.00549391
17910 20721 20584 -0.00764936
18099 20948 20991 0.00237582
17204 20825 20974 0.00866078
18223 21218 21249 0.00170115
18939 21950 21998 0.00253445
18226 21841 21690 -0.00828487
17707 21582 21504 -0.00440504
18276 21511 21674 0.0089188
17720 21460 21498 0.00214447
18061 21502 21478 -0.00132883
18603 21304 21375 0.00381659
17561 20906 20852 -0.003075
18744 22225 22242 0.000906957
18674 21631 21726 0.00508729
18590 21181 21214 0.00177515
17727 20964 21093 0.00727704
17944 21037 21108 0.00395675
17966 20483 20577 0.00523211
17757 21521 21525 0.000225263
18037 20820 20834 0.000776182
18074 21328 21520 0.010623
18451 21535 21589 0.00292667
18217 21410 21438 0.00153703
18637 21310 21239 -0.00380963
18639 21625 21556 -0.00370192
18009 21536 21311 -0.0124938
17760 20848 20686 -0.00912162
18334 21474 21374 -0.00545435
18069 20942 20945 0.00016603
19171 21810 22015 0.0106932
18559 21962 21998 0.00193976
17650 20282 20282 0
17760 20864 20846 -0.00101351
17695 20925 20883 -0.00237355
18591 21197 21416 0.0117799
17919 20930 20831 -0.00552486
17844 21020 20975 -0.00252186
17628 20927 20861 -0.00374404
17807 20926 21029 0.00578424
17657 21788 21724 -0.00362462
18220 21689 21653 -0.00197585
17184 21189 21032 -0.00913641
16838 20332 20194 -0.00819575
17842 20844 20976 0.00739827
18072 21308 21357 0.00271138
17671 21696 21502 -0.0109784
18269 21723 21715 -0.0004379
17450 20243 20234 -0.000515759
18047 21344 21305 -0.00216102
17821 20929 20760 -0.00948319
17996 20956 20882 -0.00411202
17488 21173 21169 -0.000228728
18255 21791 21787 -0.000219118
18131 21150 21083 -0.00369533
17866 21749 21791 0.00235083
18391 22311 22485 0.00946115
18410 21596 21339 -0.0139598
18361 21857 22051 0.0105659
17962 21586 21493 -0.0051776
18018 21951 21961 0.000555001
17927 21028 20967 -0.00340269
18503 21473 21514 0.00221586
18019 20768 20665 -0.00571619
17928 20983 21096 0.00630299
18058 21015 21131 0.00642375
18226 21277 20797 -0.026336
17559 20398 20250 -0.00842873
18845 21652 21703 0.00270629
18793 21817 21881 0.00340552
18409 21621 21665 0.00239014
17787 21276 21199 -0.004329
18534 21566 21574 0.000431639
18888 22111 22076 -0.00185303
17583 20828 20770 -0.00329864
17936 21071 21101 0.00167261
17493 21087 21159 0.00411593
18947 21884 21962 0.00411675
18343 21753 21724 -0.00158098
18264 21030 20882 -0.00810337
17739 21250 21468 0.0122893
17458 21235 21270 0.00200481
17050 20258 20242 -0.000938416
18498 20886 20877 -0.000486539
18276 20753 20900 0.00804334
18443 21770 21727 -0.00233151
18686 22082 22073 -0.000481644
18146 21093 21160 0.00369227
18296 21636 21360 -0.0150853
18123 21039 21145 0.00584892
18053 21474 21469 -0.000276962
16901 20773 20645 -0.00757352
18656 21292 21511 0.0117389
17876 21046 21005 -0.00229358
17992 20817 20848 0.00172299
18019 21371 21394 0.00127643
18052 20932 21193 0.0144582
18635 21921 21599 -0.0172793
18741 21570 21560 -0.000533589
18325 22106 21963 -0.00780355
18325 20870 20919 0.00267394
17593 21485 21411 -0.00420622
19218 21957 21880 -0.00400666
17535 21607 21628 0.0011976
18412 21604 21693 0.0048338
17996 21686 21877 0.0106135
17878 21081 21108 0.00151024
18208 21298 21298 0
17239 20778 20890 0.0064969
18170 21245 21368 0.0067694
17443 20361 20341 -0.00114659
18298 21182 21171 -0.000601159
18212 21010 20840 -0.0093345
18341 21660 21615 -0.00245352
18384 21326 21240 -0.00467798
17803 21230 21181 -0.00275235
18696 21831 21831 0
17557 21047 21047 0
18083 21535 21398 -0.00757618
16960 20921 20994 0.00430425
17581 20775 20893 0.00671179
18139 21280 21273 -0.000385909
18405 21455 21480 0.00135833
18512 21359 21430 0.00383535
17560 20777 20765 -0.000683371
17955 21240 21164 -0.0042328
18221 21588 21537 -0.00279897
18379 20867 20942 0.00408074
18265 21610 21661 0.00279223
18343 21619 21497 -0.00665104
17854 21198 21198 0
18734 21628 21575 -0.00282908
17330 20784 20920 0.00784766
18684 21303 21457 0.00824235
17751 21102 21313 0.0118867
18374 21603 21603 0
18143 21286 21197 -0.00490547
18424 21638 21665 0.00146548
17400 21041 21085 0.00252874
18805 21319 21267 -0.00276522
17902 21088 21186 0.00547425
17906 21138 21139 5.58472e-05
19031 21909 21975 0.00346803
18769 21546 21660 0.00607385
18465 22213 21922 -0.0157595
18126 20966 20962 -0.000220677
18110 21328 21145 -0.0101049
18550 21756 21837 0.00436658
19128 22093 22164 0.00371184
18047 21130 21046 -0.00465451
18566 21491 21544 0.00285468
17881 21016 20938 -0.00436217
18824 21816 21917 0.00536549
18486 22196 22215 0.0010278
17402 20943 20919 -0.00137915
17409 20780 20929 0.00855879
17981 21536 21419 -0.00650687
18410 21646 21666 0.00108637
18103 20936 20964 0.0015467
17961 21759 21734 -0.0013919
17703 21275 21145 -0.00734339
18522 21628 21550 -0.00421121
18330 21592 21383 -0.0114021
17655 20617 20525 -0.00521099
18190 21714 21666 -0.00263881
17739 20937 20966 0.00163482
17351 20804 20961 0.00904847
18400 21395 21430 0.00190217
18857 22183 22336 0.0081137
18361 21229 21235 0.00032678
18432 21193 21242 0.00265842
18496 22097 22110 0.000702855
18780 21140 21425 0.0151757
17799 20814 20814 0
18382 21542 21595 0.00288326
18643 21336 21325 -0.000590034
18248 20921 20909 -0.000657606
18475 21114 21153 0.00211096
17378 20355 20488 0.00765335
18783 22048 22024 -0.00127775
18384 21325 21308 -0.000924717
18783 21563 21716 0.00814566
17943 21330 21282 -0.00267514
18312 21225 21187 -0.00207514
18422 20962 20962 0
17863 21257 21455 0.0110844
17652 21189 21093 -0.00543848
18562 21271 21130 -0.00759616
18558 22061 21865 -0.0105615
18132 20750 20678 -0.00397088
19200 22011 21779 -0.0120833
17569 20777 20724 -0.00301668
18249 21986 21977 -0.000493178
18713 21529 21451 -0.00416823
17648 21580 21559 -0.00118994
18352 20793 20595 -0.010789
18703 21131 21269 0.0073785
18383 21455 21417 -0.00206713
18883 21418 21515 0.0051369
18793 21412 21412 0
18413 21883 21826 -0.00309564
17859 21197 21132 -0.00363962
17874 21073 21035 -0.00212599
17418 20607 20632 0.0014353
17227 21097 21057 -0.00232194
17891 21036 20899 -0.00765748
17939 21284 21176 -0.0060204
18056 21257 21257 0
18660 20978 20978 0
18007 20679 20922 0.0134948
17699 20492 20672 0.0101701
18396 21096 21006 -0.00489237
18543 21926 21945 0.00102465
18639 22037 22196 0.0085305
17589 21083 21177 0.00534425
17648 20741 20569 -0.00974615
17952 20931 21096 0.00919118
17476 21123 21148 0.00143053
18392 20756 20541 -0.0116899
18405 21491 21618 0.0069003
18264 21603 21618 0.000821288
17049 20519 20465 -0.00316734
18464 20907 20744 -0.00882799
18511 20654 20917 0.0142078
18446 21040 21040 0
18017 21297 21297 0
18201 21233 21187 -0.00252733
17953 21496 21464 -0.00178243
17732 20684 20713 0.00163546
18154 20983 21160 0.00974992
18784 21798 21770 -0.00149063
17993 21301 21256 -0.00250097
18341 21693 21647 -0.00250804
17831 21150 21221 0.00398183
17847 21161 21028 -0.00745223
18676 21856 21761 -0.00508674
17897 21539 21331 -0.0116221
17144 20698 20642 -0.00326645
18061 21600 21621 0.00116273
17919 20345 20326 -0.00106033
17879 20683 20628 -0.00307623
18793 21618 21618 0
18410 21851 21811 -0.00217273
17817 21376 21438 0.00347982
17960 22219 22230 0.000612472
16767 20107 20041 -0.0039363
18355 21507 21523 0.000871697
18097 21311 21308 -0.000165773
17815 21313 21030 -0.0158855
17177 20487 20503 0.000931478
17645 20656 20521 -0.00765089
18095 21604 21609 0.000276319
17439 20630 20539 -0.00521819
17829 21196 21183 -0.000729149
17242 20552 20617 0.00376986
19712 22166 22174 0.000405844
17933 21368 21338 -0.00167289
18289 21027 21305 0.0152004
18004 21191 21291 0.00555432
18206 21112 21034 -0.0042843
17692 21085 21119 0.00192177
18127 21202 21297 0.0052408
18263 21434 21388 -0.00251875
18160 21256 21220 -0.00198238
19061 22059 22146 0.00456429
18160 21624 21495 -0.00710352
19510 21904 21904 0
18199 21287 20928 -0.0197264
17431 20632 20701 0.00395846
18431 21899 21900 5.42564e-05
18452 20997 21010 0.000704531
18182 21558 21546 -0.000659993
17476 20547 20351 -0.0112154
17409 20896 20919 0.00132116
18260 21589 21557 -0.00175246
18563 21077 21001 -0.00409417
18661 21015 20911 -0.00557312
17342 21051 21000 -0.00294084
18526 21335 21363 0.00151139
17084 20620 20490 -0.00760946
18565 20677 20678 5.38648e-05
18064 21264 21382 0.00653233
18197 21260 21272 0.000659449
18783 21834 21732 -0.00543044
19069 21779 21716 -0.00330379
17135 20733 20686 -0.00274292
17504 20704 20537 -0.00954068
16702 20308 20353 0.00269429
18038 20875 20813 -0.00343719
17109 20110 20087 -0.00134432
18615 21323 21190 -0.00714478
18383 21250 21321 0.00386226
17908 21388 21495 0.00597498
18291 21221 21293 0.00393636
18170 21520 21475 -0.00247661
18001 21123 21082 -0.00227765
17883 20652 20747 0.00531231
18354 21773 21646 -0.00691947
17497 20790 20867 0.00440075
18363 20752 20669 -0.00451996
18334 21048 21068 0.00109087
18114 21696 21713 0.000938501
17771 20958 20917 -0.00230713
17752 21348 21443 0.00535151
17707 21139 21159 0.0011295
18501 22096 21954 -0.00767526
18021 20774 20742 -0.00177571
18180 21760 21877 0.00643564
18607 21262 21284 0.00118235
18460 21298 21264 -0.00184182
18451 21406 21535 0.00699149
17468 21433 21421 -0.00068697
17873 21022 20971 -0.00285347
18473 21264 21373 0.0059005
17642 21583 21553 -0.00170049
17823 21081 21298 0.0121753
17686 20475 20478 0.000169626
17539 20422 20455 0.00188152
18909 22335 22334 -5.28849e-05
17751 21168 21166 -0.00011267
18239 21022 21006 -0.000877241
17977 21068 21079 0.000611893
17507 21148 21065 -0.00474096
18532 21263 21145 -0.00636736
17715 20854 20672 -0.0102738
18739 21520 21274 -0.0131277
17921 20692 20708 0.000892807
18805 20822 21089 0.0141984
17345 21245 21258 0.000749496
18614 21538 21570 0.00171914
18408 21693 21676 -0.000923512
18814 21731 21675 -0.00297651
19219 22261 22373 0.00582757
17963 21411 21322 -0.00495463
18257 20285 20176 -0.00597031
17999 21622 21450 -0.00955609
17875 20953 21049 0.00537063
18239 21662 21634 -0.00153517
18826 22063 22122 0.00313396
17748 21012 21153 0.00794456
18120 20904 20914 0.000551876
18387 22041 22083 0.00228422
18166 21713 21738 0.0013762
17960 21657 21605 -0.00289532
17406 21246 21434 0.0108009
18515 21170 21246 0.00410478
18543 20918 20851 -0.00361322
17967 21806 21808 0.000111315
17649 21024 21130 0.00600601
17942 21163 21291 0.0071341
18529 20651 20549 -0.00550488
19108 21814 21748 -0.00345405
17189 20965 20838 -0.00738845
18211 21081 21169 0.00483224
18143 21545 21630 0.004685
17989 21060 21049 -0.000611485
18244 21113 21097 -0.000877001
18387 21657 21762 0.00571056
18775 20959 21075 0.00617843
18225 21567 21582 0.000823045
18413 21072 21041 -0.00168359
18221 21544 21799 0.0139948
17531 21162 21292 0.00741544
18648 21338 21468 0.00697126
18179 20944 20942 -0.000110017
18280 21287 21308 0.0011488
17140 21287 21267 -0.00116686
17959 21384 21386 0.000111365
17287 21055 21089 0.0019668
18070 20938 20920 -0.000996126
18019 20896 20944 0.00266385
18338 20414 20299 -0.00627113
18055 21116 21130 0.000775408
17231 20769 20903 0.00777668
17999 21156 21187 0.00172232
17945 20647 20618 -0.00161605
18963 22012 22053 0.00216211
17642 20924 20895 -0.0016438
18056 21388 21433 0.00249225
17747 21128 21245 0.00659266
17799 21361 21281 -0.00449463
19106 21362 21434 0.00376845
18641 21256 21256 0
17395 21201 21147 -0.00310434
18487 22054 22006 -0.00259642
18193 20853 20827 -0.00142912
17641 21587 21238 -0.0197835
17561 20910 20887 -0.00130972
18640 21393 21271 -0.00654506
18529 21619 21455 -0.00885099
18896 21424 21454 0.00158764
17921 21359 21325 -0.00189722
18117 21133 21048 -0.00469173
18772 21495 21526 0.0016514
18232 21574 21592 0.000987275
18079 21836 21679 -0.00868411
17536 21218 21089 -0.0073563
18556 21397 21430 0.0017784
18194 21755 21759 0.000219853
18974 22229 22220 -0.000474333
18556 21825 21790 -0.00188618
17975 20977 20803 -0.00968011
16792 20548 20567 0.00113149
17659 20964 21011 0.00266153
17047 20885 20883 -0.000117323
18563 21142 21045 -0.00522545
18783 20896 20926 0.00159719
17923 21699 21978 0.0155666
17270 21184 21091 -0.00538506
17840 21261 21260 -5.60538e-05
17822 20994 20953 -0.00230053
17907 21534 21444 -0.00502597
17806 21024 21191 0.00937886
16939 20972 20989 0.0010036
18621 21461 21526 0.00349068
18307 21178 21228 0.0027312
17825 21407 21534 0.00712482
19662 21546 21861 0.0160208
18784 21461 21508 0.00250213
17637 21258 21155 -0.00584
17724 21160 21219 0.00332882
18308 21291 21169 -0.00666375
17971 21406 21344 -0.00345
18395 21962 22162 0.0108725
19368 21943 21858 -0.00438868
18040 21373 21328 -0.00249446
17980 21182 21287 0.00583982
18335 21332 21238 -0.00512681
17961 20942 21033 0.00506653
17803 20738 20704 -0.00190979
17544 21502 21542 0.00227998
17456 21116 21087 -0.00166132
17813 21416 21399 -0.000954359
18706 21928 21886 -0.00224527
19338 22250 22251 5.17117e-05
17560 21277 21295 0.00102506
18753 21499 21275 -0.0119448
17259 21500 21232 -0.0155281
17827 21796 21751 -0.00252426
18108 20853 20794 -0.00325823
17245 20838 20954 0.00672659
18400 21506 21497 -0.00048913
17309 20384 20391 0.000404414
18675 21622 21539 -0.00444444
17643 20960 21045 0.00481777
18411 21296 21243 -0.00287871
18291 21685 21744 0.00322563
17814 20863 20853 -0.000561356
18356 21481 21541 0.00326869
17308 20854 20830 -0.00138664
17779 21529 21543 0.000787446
18234 21102 21131 0.00159044
18576 21366 21250 -0.00624462
19183 21481 21445 -0.00187666
18623 21189 21271 0.00440316
18724 21385 21341 -0.00234993
16821 21026 21087 0.00362642
18237 21259 21279 0.00109667
19018 21378 21419 0.00215585
18163 21587 21677 0.00495513
17582 20773 20655 -0.00671141
18631 21607 21552 -0.00295207
17424 20581 20863 0.0161846
18119 21574 21532 -0.00231801
18327 21302 21534 0.0126589
18018 21430 21467 0.0020535
18567 20776 21187 0.022136
18146 21126 21163 0.00203902
17524 20821 20722 -0.0056494
18597 21844 21898 0.00290369
18359 21083 21106 0.00125279
17669 19971 20136 0.00933839
17734 20930 20930 0
17803 20703 20632 -0.00398809
18312 22181 22251 0.00382263
17311 21051 21189 0.00797181
18288 22058 22058 0
18708 21289 21284 -0.000267265
17848 20698 20630 -0.00380995
18269 21386 21444 0.00317478
18297 21546 21683 0.00748757
18541 21661 21609 -0.0028046
18546 21665 21793 0.00690176
18664 21418 21449 0.00166095
18795 21400 21384 -0.00085129
18790 21922 21870 -0.00276743
17579 20878 20867 -0.000625747
18224 21582 21462 -0.00658472
17319 20728 20887 0.00918067
17122 20507 20544 0.00216096
17828 20818 20739 -0.00443123
18352 21587 21485 -0.00555798
17246 20690 20732 0.00243535
16978 20757 20799 0.00247379
17808 20791 20774 -0.000954627
17765 21403 21599 0.0110329
17597 20977 20922 -0.00312553
17924 21742 21790 0.00267797
17697 20876 20862 -0.000791095
18277 21371 21386 0.000820704
18421 21824 21798 -0.00141143
17207 20203 20135 -0.00395188
17176 21056 20927 -0.00751048
17935 21640 21645 0.000278784
18148 21632 21537 -0.00523474
17816 21529 21497 -0.00179614
17037 19953 19955 0.000117392
18689 21697 21638 -0.00315694
18678 21282 21283 5.35389e-05
17252 20277 20490 0.0123464
17814 20912 20941 0.00162793
18166 21157 21332 0.00963338
18520 21318 21212 -0.00572354
17321 21236 21221 -0.000866001
18364 21395 21447 0.00283163
18567 21755 21736 -0.00102332
17756 22149 22263 0.00642036
18120 21624 21577 -0.00259382
17488 21181 21183 0.000114364
18565 21780 21545 -0.0126582
17748 20820 20797 -0.00129592
18423 21463 21562 0.00537372
18535 21087 21254 0.00900998
18244 21404 21417 0.000712563
18907 21734 21740 0.000317343
17161 20761 20890 0.00751704
17763 20834 20770 -0.00360299
17633 20794 20895 0.0057279
17395 20359 20561 0.0116125
18096 21244 21281 0.00204465
18769 22154 21673 -0.0256274
18126 20954 21054 0.00551694
18643 21459 21526 0.00359384
17886 20585 20751 0.009281
17583 20769 20759 -0.000568731
18947 21486 21446 -0.00211115
18062 21327 21438 0.0061455
18095 21282 21223 -0.00326057
18630 21699 21743 0.00236178
18796 22188 22188 0
17513 21066 20914 -0.00867927
18744 21839 21818 -0.00112036
17884 21671 21614 -0.00318721
18438 21743 21743 0
18212 21329 21321 -0.000439271
17056 20798 20742 -0.0032833
18264 20903 20921 0.000985545
16683 20739 20724 -0.000899119
16913 21127 21045 -0.00484834
17611 20468 20393 -0.0042587
18295 21751 21820 0.00377152
17623 20601 20549 -0.00295069
19143 21491 21445 -0.00240297
18524 21587 21616 0.00156554
17639 20842 20816 -0.00147401
17791 21135 21151 0.000899331
17848 21515 21412 -0.00577095
17812 20992 21005 0.000729845
19264 22281 22131 -0.00778654
18200 20902 21003 0.00554945
17876 20635 20677 0.00234952
18484 20607 20667 0.00324605
18225 21344 21270 -0.00406036
17865 20658 20658 0
17174 20803 20795 -0.00046582
17881 21276 21318 0.00234886
17620 20678 20729 0.00289444
18070 22094 22156 0.0034311
16953 20428 20426 -0.000117973
17591 20929 20880 -0.00278552
17695 20933 20922 -0.000621645
18263 21429 21417 -0.000657066
17659 21160 21126 -0.00192536
17875 21229 21222 -0.000391608
18768 21663 21662 -5.32822e-05
18632 21106 21120 0.000751395
18406 21251 21160 -0.00494404
19157 21590 21376 -0.0111709
18042 21159 21164 0.000277131
17187 21040 21059 0.00110549
18075 21040 20971 -0.00381743
17501 21335 21372 0.00211416
17736 20833 20863 0.00169147
17800 20814 20864 0.00280899
17766 21011 21013 0.000112575
18124 21065 20989 -0.00419333
17217 20784 20868 0.0048789
17990 21398 21196 -0.0112285
18190 21131 21258 0.00698186
18107 21256 21297 0.00226432
18135 21233 21078 -0.00854701
18028 21136 21116 -0.00110939
18026 21049 21069 0.00110951
17607 20689 20751 0.00352133
17988 21311 21405 0.00522571
17471 21024 20955 -0.0039494
17812 21203 21415 0.0119021
18091 21359 21342 -0.000939694
18790 21370 21281 -0.00473656
17981 21459 21402 -0.00317001
18285 21909 22058 0.00814876
17976 20991 20941 -0.00278149
18359 21829 21987 0.00860613
18284 21152 21007 -0.00793043
17920 21204 21208 0.000223214
18031 20762 20818 0.00310576
17786 20814 20704 -0.00618464
19043 21539 21571 0.00168041
18844 21441 21441 0
17374 21259 21132 -0.00730977
18148 21077 20985 -0.00506943
18446 21801 21769 -0.00173479
17572 21677 21595 -0.00466651
18541 21337 21240 -0.00523165
17415 20806 20750 -0.00321562
18545 22237 22343 0.00571583
18937 22404 22522 0.00623119
17971 21252 21117 -0.0075121
18035 21641 21618 -0.0012753
17158 20407 20772 0.0212729
17714 21036 21050 0.000790335
18132 21671 21590 -0.00446724
19008 21337 21353 0.000841751
18482 21798 21759 -0.00211016
18709 22107 22179 0.00384842
19043 21881 21884 0.000157538
17886 22091 22077 -0.000782735
17299 20504 20545 0.00237008
18222 21283 21283 0
17996 21318 21489 0.00950211
17603 21139 21142 0.000170425
18167 20749 20888 0.00765124
18442 21613 21679 0.00357879
18154 21329 21315 -0.00077118
18360 21224 21362 0.00751634
18031 20647 20502 -0.00804171
17677 21151 21197 0.00260225
17858 20571 20620 0.00274387
18012 21547 21485 -0.00344215
18662 21872 21942 0.00375094
18257 21242 21283 0.00224571
17958 21342 21317 -0.00139214
18964 21678 21721 0.00226745
18881 21835 21811 -0.00127112
17364 21054 21035 -0.00109422
17167 20656 20592 -0.00372808
17896 21198 21114 -0.00469379
18377 21166 21068 -0.00533275
18845 21252 21364 0.00594322
18367 21307 21307 0
18464 21118 21022 -0.00519931
18334 21327 21312 -0.000818152
18730 21148 21082 -0.00352376
18090 21621 21649 0.00154782
18737 22122 22042 -0.00426963
17244 20903 21058 0.00898863
18226 21439 21407 -0.00175573
18208 22137 22075 -0.0034051
17365 20852 20851 -5.75871e-05
17673 22003 21980 -0.00130142
18409 22050 22111 0.0033136
18059 21730 21601 -0.00714325
18460 22111 22148 0.00200433
18521 22604 22578 -0.00140381
17909 21847 21686 -0.00898989
18150 21223 21223 0
18419 21198 21160 -0.00206309
17180 20747 20601 -0.00849825
17838 21073 21114 0.00229846
17779 20861 20976 0.00646831
18497 21537 21515 -0.00118938
17757 21599 21628 0.00163316
17147 21114 21111 -0.000174958
18000 20932 20957 0.00138889
17643 21432 21247 -0.0104857
17619 20864 20823 -0.00232703
18329 21266 21324 0.00316438
17657 20654 20905 0.0142153
17924 21211 21142 -0.00384959
18762 22007 22007 0
18118 21147 21147 0
17574 20771 20895 0.00705588
18576 21305 21305 0
18398 20898 20803 -0.0051636
17764 21414 21358 -0.00315244
18468 21109 21006 -0.00557721
18196 21662 21664 0.000109914
18185 21257 21271 0.000769865
19125 21692 21657 -0.00183007
17935 20432 20392 -0.00223028
18497 22042 21932 -0.00594691
19337 21668 21700 0.00165486
17701 20751 20659 -0.00519745
18315 21008 21170 0.00884521
19082 21665 21764 0.00518814
17853 21544 21535 -0.000504117
18077 21488 21565 0.00425956
17743 21316 21301 -0.000845404
18457 21586 21491 -0.0051471
18307 21637 21665 0.00152947
18919 21767 21612 -0.00819282
18199 21319 21364 0.00247266
18500 20826 20708 -0.00637838
18033 20704 20671 -0.00182998
17006 20755 20808 0.00311655
18667 21887 21846 -0.00219639
18500 20573 20648 0.00405405
18845 21478 21477 -5.30645e-05
17833 20958 21029 0.00398138
17195 21024 20992 -0.00186101
17369 21033 21052 0.0010939
18424 21266 21301 0.0018997
18394 21137 21234 0.00527346
17930 21211 21383 0.00959286
17652 20798 20825 0.00152957
19531 21931 22034 0.00527367
17610 20441 20611 0.00965361
18945 21545 21436 -0.0057535
18237 21836 21838 0.000109667
18722 22024 22014 -0.000534131
17420 21198 21340 0.00815155
18855 21289 21386 0.00514452
17708 21017 21103 0.00485656
17840 20808 20679 -0.00723094
17137 20854 20698 -0.00910311
18151 21036 21048 0.000661121
17953 21662 21592 -0.00389907
16973 21079 21107 0.00164968
17969 21515 21519 0.000222606
17727 20743 20699 -0.00248209
17675 21298 21263 -0.0019802
17569 20610 20607 -0.000170755
18594 21318 21175 -0.00769065
17573 21258 21296 0.00216241
18001 22127 22127 0
17626 21260 21014 -0.0139567
18448 21108 20969 -0.00753469
18590 21390 21417 0.00145239
18759 21562 21712 0.00799616
17678 21254 21240 -0.000791945
18882 21882 21743 -0.00736151
17433 20718 20845 0.00728503
17880 21574 21574 0
17648 21223 21290 0.00379646
17912 21453 21319 -0.00748102
19058 21827 21810 -0.000892014
17937 21074 21055 -0.00105926
17151 20683 20416 -0.0155676
17471 20568 20427 -0.00807052
17755 21153 21082 -0.00399887
17954 20760 20813 0.00295199
18408 21498 21463 -0.00190135
17338 20667 20582 -0.00490253
18078 20819 20753 -0.00365085
17662 20925 20620 -0.0172687
17941 21113 20959 -0.00858369
18398 21063 20930 -0.00722905
18055 21806 21802 -0.000221545
17932 20884 20848 -0.00200758
17999 21889 21886 -0.000166676
17991 21516 21490 -0.00144517
17659 21359 21334 -0.00141571
17960 21424 21501 0.00428731
18006 21203 21314 0.00616461
18063 21342 21350 0.000442894
17729 21311 21248 -0.0035535
17680 21131 21267 0.00769231
17780 20586 20704 0.00663667
17299 20729 20712 -0.000982716
18183 21493 21659 0.00912941
18463 21340 21522 0.00985755
19561 21938 21728 -0.0107356
18176 20820 20875 0.00302597
19316 21935 21935 0
17843 21081 21121 0.00224178
17033 20909 20989 0.00469677
18852 22036 22005 -0.00164439
17808 21049 20988 -0.00342543
18511 20781 20785 0.000216088
19715 22340 22351 0.000557951
18216 21309 21425 0.00636803
18275 20824 20810 -0.000766074
18830 21989 21830 -0.00844397
17588 20597 20773 0.0100068
17589 20529 20511 -0.00102337
17542 20504 20472 -0.00182419
17928 21111 21027 -0.00468541
18834 21742 21732 -0.000530955
16973 20758 20732 -0.00153184
19275 21984 21984 0
17990 21773 21825 0.00289049
18886 21874 21792 -0.00434184
17995 20803 20772 -0.0017227
17695 21028 20779 -0.0140718
17877 21494 21611 0.00654472
17850 21007 21229 0.012437
17712 21658 21661 0.000169377
17734 20662 20649 -0.000733055
17897 21498 21584 0.00480527
17655 21732 21697 -0.00198244
18635 21716 21607 -0.00584921
18306 21147 21143 -0.000218508
18275 21493 21378 -0.00629275
17540 20544 20654 0.00627138
16991 21596 21548 -0.00282503
16753 20642 20630 -0.00071629
17559 21244 21224 -0.00113902
17785 21039 21146 0.00601631
18179 21351 21351 0
17269 21608 21484 -0.0071805
17414 20515 20512 -0.000172275
18071 20693 20621 -0.00398428
18412 21229 21248 0.00103194
17704 20702 20955 0.0142906
18663 21130 20961 -0.00905535
18363 20490 20728 0.0129608
18444 21055 21087 0.00173498
18301 21241 21259 0.000983553
17590 21618 21554 -0.00363843
18179 21418 21494 0.00418065
19018 21761 21780 0.000999054
18321 20846 20812 -0.00185579
17885 21440 21437 -0.000167738
18029 21449 21491 0.00232958
18440 21553 21405 -0.00802603
18172 21657 21725 0.00374202
17650 20464 20547 0.00470255
18177 20773 20846 0.00401606
17230 20752 20954 0.0117237
17761 21127 21092 -0.00197061
17884 20605 20483 -0.00682174
17908 21077 20999 -0.0043556
17888 21735 21452 -0.0158207
17458 21090 21081 -0.000515523
17880 21860 21892 0.00178971
17492 20884 20967 0.00474503
18129 20611 20581 -0.00165481
18939 21109 21109 0
16536 20340 20362 0.00133043
18349 21551 21512 -0.00212546
18386 21251 21045 -0.0112042
18510 21772 21858 0.00464614
18588 21210 21370 0.0086077
18496 21635 21204 -0.0233023
18450 21422 21522 0.00542005
18695 21798 21701 -0.00518855
19148 21930 21962 0.00167119
18493 21484 21484 0
17609 20869 20929 0.00340735
18734 21276 21109 -0.00891427
18191 21564 21421 -0.00786103
17867 20679 20478 -0.0112498
17431 20795 20644 -0.00866273
18810 21522 21507 -0.000797448
18884 20972 21129 0.00831392
17743 21074 21115 0.00231077
18302 21163 21256 0.00508141
18501 22021 22055 0.00183774
17592 21221 21204 -0.000966348
17409 20913 20764 -0.00855879
18086 21139 21146 0.00038704
18045 21493 21369 -0.00687171
17805 20099 20098 -5.6164e-05
18305 21327 21161 -0.00906856
17561 21363 21362 -5.69444e-05
18766 21581 21581 0
17267 20791 20999 0.0120461
18644 21154 21056 -0.00525638
19170 21561 21806 0.0127804
17445 20788 20601 -0.0107194
17633 20847 20981 0.00759939
18732 21671 21649 -0.00117446
17604 21436 21140 -0.0168144
18332 20893 20959 0.00360026
18909 21733 21777 0.00232693
18829 21669 21597 -0.00382389
17767 21234 21169 -0.00365847
17270 21160 21106 -0.00312681
16963 21042 20912 -0.00766374
18523 21195 21189 -0.000323922
18926 21757 21684 -0.00385713
18152 21011 21004 -0.000385632
17556 21036 20983 -0.00301891
18867 21768 21835 0.00355117
18439 21190 21084 -0.00574868
18311 21445 21542 0.00529736
19117 21599 21556 -0.00224931
18445 21944 22043 0.00536731
18955 21413 21500 0.00458982
18595 21164 21144 -0.00107556
18115 21780 21776 -0.000220811
18727 21306 21295 -0.000587387
18521 21343 21434 0.00491334
18804 21458 21353 -0.00558392
17764 20324 20332 0.000450349
17699 21008 20871 -0.00774055
18999 21555 21626 0.00373704
17791 20869 20952 0.00466528
18241 21306 21361 0.00301519
17833 21478 21464 -0.000785061
18763 21583 21235 -0.0185471
18190 21228 21188 -0.00219901
17738 20553 20557 0.000225505
18598 21687 21731 0.00236585
19056 21941 21952 0.000577246
18792 21862 21928 0.00351213
18010 21697 21659 -0.00210994
18470 21714 21717 0.000162426
18593 21565 21636 0.00381864
18013 21306 21294 -0.000666186
18440 21641 21510 -0.00710412
18327 21678 21613 -0.00354668
18168 21162 21183 0.00115588
16860 21470 21379 -0.00539739
17597 21408 21274 -0.00761493
18399 21672 21649 -0.00125007
18681 21492 21528 0.00192709
17127 21402 21312 -0.00525486
19005 21612 21556 -0.00294659
17882 21509 21556 0.00262834
17954 21487 21316 -0.00952434
18849 21223 21207 -0.000848851
18174 21378 21269 -0.00599758
18435 21839 21739 -0.00542446
18289 21253 21100 -0.00836568
17249 20872 20908 0.00208708
18459 21937 21919 -0.000975134
17505 21295 21118 -0.0101114
18487 21625 21598 -0.00146049
17343 20867 20851 -0.000922562
18332 21839 21865 0.00141828
18129 21085 21305 0.0121353
18391 21408 21314 -0.0051112
17341 20787 20761 -0.00149934
18020 21260 21614 0.0196448
18650 21231 21188 -0.00230563
18035 20778 20831 0.00293873
17885 21168 21181 0.000726866
18943 21696 21612 -0.00443436
18935 21432 21375 -0.0030103
17715 21142 21154 0.000677392
17549 21642 21718 0.00433073
17956 21324 21400 0.00423257
17997 21409 21414 0.000277824
18680 22406 22321 -0.00455032
18165 21015 21033 0.000990917
17454 21192 21149 -0.00246362
19532 22579 22555 -0.00122875
18955 22038 21992 -0.0024268
18374 21594 21521 -0.00397301
18034 20557 20661 0.00576688
18639 21368 21501 0.00713558
19061 21958 21958 0
18631 21945 21946 5.3674e-05
18305 21398 21452 0.00295001
17336 21280 21334 0.00311491
17514 20656 20736 0.00456777
18525 21231 21168 -0.00340081
17928 21086 21121 0.00195225
18223 21754 21808 0.00296329
18177 20702 20738 0.00198052
19037 21736 21663 -0.00383464
18297 20867 20856 -0.000601191
17899 20801 20738 -0.00351975
17756 21393 21444 0.00287227
17566 20925 20984 0.00335876
18293 21239 21328 0.00486525
18148 20888 21435 0.0301411
