36288 40599 40638 0.00107474
35985 40221 40341 0.00333472
36588 41221 40917 -0.00830874
36465 41093 40938 -0.00425065
36206 41378 41080 -0.00823068
36026 39955 40271 0.00877144
37542 41663 41742 0.00210431
36301 41129 41120 -0.000247927
35214 40638 40719 0.00230022
35879 40315 40266 -0.0013657
37918 41574 41574 0
35872 40946 41064 0.00328947
36517 40963 40964 2.73845e-05
36684 41605 41676 0.00193545
35067 40855 40642 -0.00607409
36669 40743 41073 0.00899943
36651 41678 41803 0.00341055
35425 40537 40692 0.00437544
34821 40176 39949 -0.00651905
36267 40975 40744 -0.00636943
36618 41250 41516 0.00726419
37254 41872 41779 -0.00249638
35735 40094 40154 0.00167903
37430 41261 41257 -0.000106866
36076 40804 40885 0.00224526
36936 40786 41183 0.0107483
36501 41575 41501 -0.00202734
36704 40792 40672 -0.0032694
36712 41473 41498 0.000680976
37135 40790 40400 -0.0105022
37114 41512 41360 -0.00409549
35787 40191 40018 -0.00483416
36239 40912 40860 -0.00143492
35250 39723 39693 -0.000851064
36000 40825 40814 -0.000305556
35027 40628 40096 -0.0151883
37447 40632 40731 0.00264374
37025 41842 41771 -0.00191762
36171 41081 41117 0.000995272
35489 40527 40527 0
37288 41964 41902 -0.00166273
35816 40474 40525 0.00142394
36589 41649 41699 0.00136653
36100 41465 41391 -0.00204986
35523 40121 40034 -0.00244912
36838 42006 41756 -0.00678647
36638 40616 40548 -0.001856
36386 41903 41893 -0.000274831
36379 41521 41293 -0.00626735
36019 39595 40011 0.0115495
35953 40074 40074 0
35728 40317 40317 0
36078 39739 39931 0.0053218
35408 40376 40356 -0.000564844
36811 41440 41319 -0.00328706
36241 40703 40950 0.00681549
36853 40999 41016 0.000461292
37350 41290 41415 0.00334672
36542 40896 40808 -0.00240819
35777 40271 40471 0.00559018
36224 40736 40771 0.00096621
36252 40479 40667 0.00518592
37103 40657 40607 -0.0013476
36541 41357 41397 0.00109466
35883 40003 40047 0.00122621
35646 41289 41185 -0.00291758
35710 41208 41129 -0.00221227
36493 40758 40725 -0.000904283
35559 40168 40263 0.00267162
36929 40933 40825 -0.00292453
36029 40620 40636 0.000444087
35884 40026 39724 -0.00841601
35616 41529 41360 -0.00474506
36033 40630 40673 0.00119335
35209 41099 41081 -0.000511233
35121 40484 40455 -0.000825717
35811 40379 40457 0.0021781
36012 40687 40541 -0.0040542
36308 41938 41565 -0.0102732
35858 40991 41471 0.0133861
34589 39759 39567 -0.0055509
35765 40421 40454 0.00092269
35678 39942 39564 -0.0105948
35327 39252 39264 0.000339684
35206 41193 41038 -0.00440266
35912 41546 41567 0.000584763
35828 39887 39858 -0.000809423
37118 42151 42134 -0.000457999
36031 41035 40934 -0.00280314
36005 41857 41854 -8.33218e-05
36938 42462 42433 -0.000785099
35593 40396 40493 0.00272525
36691 41172 41161 -0.000299801
35546 40631 40235 -0.0111405
36731 41391 41408 0.000462824
35494 40144 40021 -0.00346537
35666 40060 39956 -0.00291594
36361 41284 41413 0.00354776
36541 40547 40584 0.00101256
35019 39367 39086 -0.00802422
36311 41056 41102 0.00126683
37461 41448 40970 -0.0127599
37004 41564 41712 0.00399957
35471 40331 40279 -0.00146599
36947 40833 40874 0.0011097
36958 41655 41512 -0.00386926
35811 40972 40907 -0.00181508
36972 41726 41794 0.00183923
35514 40743 40890 0.00413921
36411 41040 41040 0
36791 41106 41144 0.00103286
35627 39518 39598 0.00224549
35971 41867 41867 0
35041 40280 40351 0.0020262
35790 40215 40090 -0.0034926
36302 40344 40321 -0.000633574
36320 40495 40254 -0.00663546
36839 41584 41654 0.00190016
35775 41274 41389 0.00321454
36013 40279 40259 -0.000555355
35910 41024 41029 0.000139237
36125 40902 40655 -0.00683737
36845 41198 41220 0.000597096
34432 39964 39946 -0.00052277
36707 41283 41271 -0.000326913
35862 40471 40441 -0.00083654
36417 40341 40081 -0.00713952
36199 40708 40660 -0.001326
36969 41181 41118 -0.00170413
37068 41643 41757 0.00307543
36607 40968 40655 -0.00855028
36596 41313 41291 -0.000601159
36220 40679 40705 0.000717835
35185 40648 40537 -0.00315475
35653 40855 40686 -0.00474013
35030 40737 40732 -0.000142735
36876 41127 40939 -0.00509817
36875 41592 41341 -0.00680678
36108 40881 40941 0.00166168
37251 41282 41164 -0.0031677
34451 39701 39914 0.00618269
36420 39958 40057 0.00271829
34720 39602 39435 -0.00480991
35754 40719 40680 -0.00109079
36760 40633 40748 0.0031284
36215 41059 41057 -5.52257e-05
36386 41215 40933 -0.00775023
35395 39834 39678 -0.0044074
36694 40878 40787 -0.00247997
35407 39505 39759 0.00717372
34914 40583 40583 0
35193 40867 40543 -0.00920638
35296 40134 39988 -0.00413645
36176 40388 40307 -0.00223905
35701 40613 40525 -0.00246492
36718 40394 40436 0.00114385
35624 40312 40195 -0.0032843
35899 40453 40458 0.00013928
36302 40751 40751 0
35236 39673 39967 0.00834374
37290 41050 40822 -0.00611424
36257 41525 41291 -0.00645393
36010 40423 40297 -0.00349903
36374 41142 41142 0
35486 40361 40587 0.00636871
37448 40676 40664 -0.000320444
37079 41255 41255 0
36623 41137 41283 0.00398657
36361 40914 40870 -0.00121009
36184 40989 40962 -0.000746186
35365 40341 40439 0.0027711
37047 41692 41636 -0.00151159
35867 40428 40268 -0.00446093
35664 40260 40318 0.00162629
37401 41168 40864 -0.00812812
37528 41302 41273 -0.000772756
35919 41130 41100 -0.000835213
36515 40298 40276 -0.000602492
35498 40679 40580 -0.00278889
35918 40887 40723 -0.00456596
37934 41781 41745 -0.000949017
36839 40833 41032 0.00540188
36493 40515 40332 -0.00501466
35883 40893 40993 0.00278683
37144 41735 41692 -0.00115766
37326 41914 42061 0.00393827
35145 40475 40393 -0.00233319
35043 39747 40008 0.00744799
35994 40725 40820 0.00263933
36875 41836 41913 0.00208814
36584 41239 41072 -0.00456484
35275 40223 40358 0.00382707
35729 40641 40576 -0.00181925
36500 41229 41111 -0.00323288
35838 41407 41448 0.00114404
35879 40335 40274 -0.00170016
35636 41107 41206 0.00277809
35072 39816 39695 -0.00345005
35413 39900 39982 0.00231553
35217 39885 39802 -0.00235682
37257 41457 41426 -0.000832058
36667 40754 40637 -0.00319088
37284 40898 40898 0
35705 41338 41049 -0.0080941
37267 40747 40731 -0.000429334
36073 40415 40393 -0.000609874
36283 41129 41144 0.000413417
36799 40693 40709 0.000434794
35769 39679 39581 -0.0027398
35632 40061 39876 -0.00519196
34445 39213 39344 0.00380316
37012 41865 41823 -0.00113477
35577 41000 40996 -0.000112432
36601 41174 41207 0.000901615
36329 40891 40706 -0.00509235
35679 40401 40365 -0.001009
36856 40980 40959 -0.000569785
35974 40412 40403 -0.000250181
36470 41460 41435 -0.000685495
38200 41246 41239 -0.000183246
36681 41006 40776 -0.00627028
36288 40433 40285 -0.00407848
37193 41753 41748 -0.000134434
34744 39645 39684 0.0011225
36374 41529 41416 -0.00310661
35873 40738 40315 -0.0117916
34739 40189 40215 0.000748438
36214 40472 40612 0.00386591
37153 40379 40552 0.00465642
36776 40649 40858 0.00568305
36198 40146 40178 0.000884027
36687 41276 41124 -0.00414316
36733 41963 41914 -0.00133395
35587 40275 40376 0.00283812
36058 40935 41032 0.00269011
35325 39713 39855 0.00401982
35709 40629 40746 0.00327648
36243 40582 40545 -0.00102089
35736 40848 40506 -0.00957018
36969 40912 41098 0.00503124
36988 40492 40484 -0.000216286
36269 41101 41099 -5.51435e-05
36145 40137 40255 0.00326463
36579 40627 40657 0.000820143
36662 41649 41655 0.000163657
35934 41711 41841 0.00361774
35185 39983 40089 0.00301265
36018 40262 39990 -0.00755178
36272 40914 40973 0.0016266
35221 40200 40406 0.00584878
36085 39838 39946 0.00299293
36820 41041 40918 -0.00334058
37040 41062 40596 -0.012581
35180 39603 39636 0.000938033
36865 40508 40581 0.0019802
37251 41144 41320 0.00472471
36005 41411 41352 -0.00163866
36031 41349 41321 -0.000777109
35525 40531 40523 -0.000225194
36378 40510 40533 0.00063225
36284 40571 40784 0.00587036
36287 41085 41139 0.00148814
35895 40428 40360 -0.00189441
35276 40069 40238 0.00479079
36334 41685 41935 0.00688061
35192 40154 40213 0.00167652
35944 41002 41099 0.00269864
36307 40460 40383 -0.0021208
35771 40318 40357 0.00109027
34915 39205 38947 -0.00738937
36656 41440 41379 -0.00166412
35999 39423 39521 0.0027223
36550 39940 40155 0.00588235
36670 40337 40321 -0.000436324
37612 41549 41580 0.000824205
35887 41078 41150 0.0020063
34644 40982 40592 -0.0112574
34575 39464 39427 -0.00107014
37069 41260 41228 -0.000863255
35666 41176 40993 -0.00513094
35910 40984 41053 0.00192147
34739 39884 39723 -0.00463456
35668 40687 40682 -0.000140182
36522 40665 40702 0.00101309
35949 40854 40919 0.00180812
35451 40894 40370 -0.014781
35787 39800 39776 -0.000670635
37958 41647 41482 -0.00434691
36179 40670 40486 -0.00508582
36104 40599 40644 0.0012464
36252 41262 41317 0.00151716
36962 40432 40446 0.000378767
36375 40608 40622 0.00038488
36283 40468 40557 0.00245294
36684 40689 40936 0.00673318
37027 41241 41345 0.00280876
37403 42151 42163 0.00032083
35765 40619 40693 0.00206906
37079 41432 41520 0.00237331
36798 42290 41668 -0.0169031
35425 40319 40304 -0.00042343
37086 41264 41269 0.000134822
36276 40834 40725 -0.00300474
37098 41339 41140 -0.00536417
35446 39746 39715 -0.00087457
36179 41250 40839 -0.0113602
35562 41012 41102 0.00253079
36808 40609 40732 0.00334166
36514 39853 39689 -0.00449143
35187 39862 39874 0.000341035
36881 41217 41204 -0.000352485
36190 40936 41004 0.00187897
36754 40029 40164 0.00367307
36018 41346 41253 -0.00258204
36022 40042 40108 0.00183221
36582 40710 40664 -0.00125745
36884 40731 41043 0.00845895
35257 40330 40231 -0.00280795
35933 40260 40154 -0.00294993
34475 40207 39897 -0.00899202
36173 39752 39595 -0.00434025
34701 40549 40571 0.000633987
36030 41534 41432 -0.00283097
36439 40669 40880 0.0057905
35498 40990 41019 0.000816947
35821 40441 40426 -0.000418749
36062 40292 40368 0.00210748
36174 40155 40120 -0.000967546
36180 39685 39536 -0.0041183
35636 40650 40486 -0.00460209
35254 40145 40076 -0.00195722
37498 40676 40749 0.00194677
35525 39744 39906 0.00456017
37237 41520 41704 0.00494132
35834 39571 39657 0.00239996
35443 40610 40670 0.00169286
35746 40524 40372 -0.00425222
37039 41690 41718 0.00075596
35692 39996 39980 -0.00044828
36067 41969 42060 0.00252308
37066 40594 40640 0.00124103
36627 40539 40576 0.00101018
37026 41235 41140 -0.00256576
35679 40463 40297 -0.0046526
35466 40186 40220 0.000958665
36502 41481 41564 0.00227385
35937 41363 41205 -0.00439658
35291 41099 40945 -0.00436372
35401 39986 39901 -0.00240106
36331 40738 40708 -0.000825741
36142 41188 41056 -0.00365226
35452 41168 41087 -0.00228478
36796 40603 40613 0.000271769
35802 40839 40837 -5.58628e-05
35909 40429 40429 0
37666 41690 41865 0.0046461
35980 40199 40172 -0.000750417
36965 41620 41543 -0.00208305
34639 39213 39258 0.00129911
37201 40357 40337 -0.00053762
35499 40421 40396 -0.000704245
36665 40454 40455 2.7274e-05
36356 40886 41196 0.00852679
37416 41060 41003 -0.00152341
37254 41607 41351 -0.00687175
36445 41406 41397 -0.000246947
36156 39452 39424 -0.000774422
35375 41385 41357 -0.000791519
36020 40670 40596 -0.00205441
36976 41713 41765 0.00140632
37419 41399 41396 -8.01732e-05
35854 40641 40403 -0.00663803
36213 40932 40647 -0.0078701
37094 41882 41454 -0.0115383
37124 42168 42341 0.00466006
35621 41304 41214 -0.0025266
36178 41166 41339 0.00478191
36775 40546 40790 0.00663494
36204 41141 41141 0
36186 41300 41378 0.00215553
35674 40743 40835 0.00257891
36337 40752 40590 -0.00445827
36421 40534 40532 -5.49134e-05
36215 41208 40922 -0.00789728
35283 40201 39911 -0.00821926
35843 39687 39936 0.00694696
36366 40428 40528 0.00274982
35876 40592 40776 0.00512878
36081 40731 40730 -2.77154e-05
37805 42720 42723 7.93546e-05
36455 40227 40030 -0.00540392
35355 41122 41347 0.00636402
36513 41072 40774 -0.00816148
37283 41828 41613 -0.0057667
36898 41826 41709 -0.0031709
35836 39842 39799 -0.00119991
36114 40630 40602 -0.000775323
35919 40500 40516 0.000445447
34874 40414 40404 -0.000286747
36038 41144 41144 0
34871 40690 40797 0.00306845
36135 40895 40929 0.000940916
35704 40131 40050 -0.00226865
37121 40455 40601 0.00393308
36087 40441 40376 -0.0018012
34347 39678 39697 0.000553178
36252 40430 40292 -0.00380669
36878 40903 40563 -0.00921959
37401 41683 41770 0.00232614
36472 40357 40239 -0.00323536
36444 41228 40776 -0.0124026
35126 39952 39900 -0.00148038
35881 40346 40220 -0.00351161
35914 40634 40571 -0.00175419
37157 40499 40597 0.00263746
35124 40462 40290 -0.00489694
36780 41773 41737 -0.000978793
36181 40215 40302 0.00240458
35990 41120 41150 0.000833565
34808 39574 39575 2.8729e-05
35896 40285 40471 0.00518164
37562 41576 41582 0.000159736
38388 40965 40755 -0.00547046
36264 40900 40770 -0.00358482
36456 41717 41717 0
36935 41537 41625 0.00238256
36063 41148 41438 0.00804148
36147 40575 40590 0.000414972
34984 40424 40452 0.000800366
36534 41197 40998 -0.00544698
35743 40650 40673 0.000643483
36537 41119 41113 -0.000164217
36968 41312 41312 0
36265 39880 39923 0.00118572
35068 40072 40184 0.00319379
36224 40895 40877 -0.000496908
34939 40702 40263 -0.0125648
36759 40631 40538 -0.00252999
36145 40351 40301 -0.00138332
36326 42347 42316 -0.000853383
35485 40522 40534 0.000338171
35992 40221 40213 -0.000222272
35624 40897 40993 0.00269481
35043 40381 40525 0.00410924
36194 40828 40942 0.00314969
35673 41257 41116 -0.00395257
35933 40592 40598 0.000166977
35320 41229 41138 -0.00257644
34829 39893 39950 0.00163657
37562 41891 41847 -0.0011714
37709 41895 41940 0.00119335
35782 40773 40783 0.00027947
35365 41098 41072 -0.00073519
36047 40935 40894 -0.0011374
36601 41260 41371 0.0030327
36785 41833 41641 -0.00521952
36300 41399 41259 -0.00385675
35812 40894 40669 -0.00628281
36717 40695 40664 -0.000844296
37225 41480 41566 0.00231028
35290 39864 39919 0.00155852
36231 40993 41072 0.00218045
34865 40733 40763 0.000860462
36133 40902 40758 -0.00398528
36294 41852 41709 -0.00394005
36962 41651 41408 -0.00657432
36980 41345 41478 0.00359654
35574 40477 40468 -0.000252994
37390 41484 41390 -0.00251404
35325 40941 40680 -0.00738854
36372 41825 41664 -0.00442648
35201 40269 40085 -0.00522712
34445 40166 39889 -0.00804181
36122 41357 41272 -0.00235314
35109 40011 40051 0.00113931
37158 40962 40976 0.000376769
36714 40844 40806 -0.00103503
35895 40641 40682 0.00114222
36364 41095 41240 0.00398746
36023 40462 40428 -0.000943841
35625 41474 41526 0.00145965
35306 40145 40192 0.00133122
36913 41335 41366 0.000839813
36208 40586 40570 -0.000441891
37073 41124 41128 0.000107895
37897 41524 41631 0.00282344
36053 39751 39746 -0.000138685
37218 40962 41041 0.00212263
35254 40747 40585 -0.00459522
36359 41160 41106 -0.00148519
36556 40703 40525 -0.00486924
36124 41324 41261 -0.00174399
35237 39987 39972 -0.000425689
36849 41061 40932 -0.00350077
35998 41247 41058 -0.00525029
35271 39516 39515 -2.83519e-05
37254 40654 40708 0.00144951
36409 41044 41050 0.000164794
37295 41029 41061 0.000858024
37543 41517 41504 -0.00034627
36218 40918 40922 0.000110442
36242 40675 40592 -0.00229016
37806 41333 41442 0.00288314
35934 39822 39821 -2.78288e-05
35783 40752 40716 -0.00100606
36039 39776 39827 0.00141513
36842 41776 41845 0.00187286
35327 40489 40429 -0.00169842
35567 40760 40793 0.000927826
37051 41631 41499 -0.00356266
36513 39696 39841 0.00397119
35150 40151 40391 0.00682788
37036 40793 40656 -0.0036991
36739 40593 40601 0.000217752
36150 40750 40534 -0.0059751
37616 41331 41294 -0.000983624
36626 41143 41142 -2.7303e-05
37152 41614 41756 0.00382214
37383 41560 41582 0.000588503
35704 41171 41196 0.000700202
34174 39977 40039 0.00181424
36788 40863 40805 -0.0015766
36483 40706 40815 0.00298769
36843 41158 41160 5.42844e-05
33927 39519 39496 -0.000677926
34005 39482 39580 0.00288193
36416 40098 40010 -0.00241652
35859 41311 41292 -0.000529853
35212 40075 40028 -0.00133477
35660 41438 41378 -0.00168256
35616 40539 40667 0.00359389
35923 40584 40795 0.00587367
36105 41203 41084 -0.00329594
35542 39479 40054 0.016178
34718 39796 39834 0.00109453
35773 41214 41197 -0.000475219
36424 41146 40813 -0.00914232
34788 40102 40310 0.00597907
34769 39965 39873 -0.00264604
36557 41204 41192 -0.000328255
37414 41963 41899 -0.00171059
35252 40170 40304 0.0038012
35968 40400 40513 0.00314168
35433 40522 40435 -0.00245534
36297 40133 40004 -0.00355401
35700 41034 40911 -0.00344538
37310 41210 41065 -0.00388636
35756 40662 40767 0.00293657
35637 41321 41417 0.00269383
36851 41648 41822 0.00472172
35246 40693 40543 -0.0042558
36638 40761 40775 0.000382117
36351 40881 40861 -0.000550191
37010 41576 41765 0.00510673
36132 39969 40286 0.00877339
35503 40017 39625 -0.0110413
37523 41796 41530 -0.00708899
35405 40643 40436 -0.00584663
35477 40124 39959 -0.0046509
36299 40838 40720 -0.00325078
35302 39583 39274 -0.00875305
36663 40837 40831 -0.000163653
36183 41564 41513 -0.0014095
36506 40950 40928 -0.000602641
37337 41508 41538 0.000803493
35249 39907 39764 -0.00405685
35506 40273 40231 -0.0011829
37220 41635 41554 -0.00217625
35476 40215 40272 0.00160672
36598 40208 39885 -0.00882562
37089 41978 41946 -0.00086279
36352 41228 41281 0.00145797
35776 40749 40691 -0.0016212
37010 41286 41286 0
35922 40896 40820 -0.0021157
37146 41289 41419 0.0034997
36914 41195 40985 -0.0056889
34966 40342 40527 0.00529085
36614 40525 40532 0.000191184
35311 40364 40439 0.00212398
33756 40850 40738 -0.00331793
34924 39901 39992 0.00260566
36765 41565 41473 -0.00250238
35471 39868 39522 -0.00975445
38241 41271 41172 -0.00258884
36882 40581 40758 0.00479909
36285 40438 40480 0.0011575
34756 39830 39704 -0.00362527
36247 41210 40895 -0.00869037
35683 40677 40530 -0.00411961
37901 42478 42283 -0.00514498
36687 39786 39745 -0.00111756
35671 39762 39547 -0.00602731
36865 40226 39960 -0.00721552
37010 42715 42807 0.00248581
36275 40076 40339 0.00725017
35786 40423 40302 -0.00338121
35082 41313 41131 -0.00518785
35182 39663 39568 -0.00270024
35278 40901 40916 0.000425194
34126 39460 39470 0.000293032
35166 40028 40058 0.000853097
36773 41058 41058 0
36574 40751 40751 0
35788 41089 40935 -0.00430312
36227 40398 40371 -0.0007453
36833 40730 40722 -0.000217197
36896 41081 41198 0.00317108
35977 40111 39927 -0.00511438
36974 41178 41223 0.00121707
36002 40205 40288 0.00230543
35176 41173 41261 0.00250171
36241 40149 40356 0.00571176
35775 40416 40382 -0.000950384
35500 40182 40264 0.00230986
35777 40653 40796 0.00399698
36383 41291 41213 -0.00214386
36381 40237 40207 -0.000824606
35112 40123 39948 -0.00498405
36152 40884 41165 0.00777274
36289 40921 41057 0.00374769
35679 40817 40674 -0.00400796
36747 41326 41162 -0.00446295
35900 40864 40923 0.00164345
35342 39158 39123 -0.000990323
34881 40242 40387 0.00415699
35255 40340 40319 -0.00059566
36191 40653 40613 -0.00110525
36545 41282 40924 -0.00979614
36649 41370 41018 -0.00960463
37358 40349 40153 -0.00524653
36105 40659 41129 0.0130176
35835 41463 41307 -0.00435329
36653 41335 41342 0.00019098
36779 41710 41959 0.00677017
36528 40864 40709 -0.00424332
35962 41081 40927 -0.0042823
35654 41188 40988 -0.00560947
35818 40443 40269 -0.00485789
37336 40628 40604 -0.000642811
37316 40864 40864 0
34744 39971 39991 0.000575639
35554 39722 39617 -0.00295325
36642 41398 41408 0.000272911
35677 41054 40828 -0.00633461
36358 41112 40734 -0.0103966
35175 40103 40358 0.00724947
36771 42198 42085 -0.00307307
36990 42056 42056 0
36572 40996 40936 -0.0016406
35824 40951 40926 -0.000697856
35213 40913 40907 -0.000170392
36247 41182 41151 -0.000855243
35934 41052 41072 0.000556576
38108 41912 42021 0.00286029
36666 40260 40196 -0.00174549
36793 41606 41592 -0.000380507
37610 40842 40915 0.00194097
35578 41885 41969 0.00236101
35502 40496 40266 -0.00647851
35988 40756 40807 0.00141714
35970 41351 41385 0.000945232
35430 40572 40673 0.00285069
36190 40279 40246 -0.000911854
36350 41031 40944 -0.0023934
36244 40914 40914 0
35393 40392 40483 0.00257113
35472 39446 39717 0.00763983
35043 40360 40499 0.00396656
37179 40596 40536 -0.00161381
36111 41136 41121 -0.000415386
37299 41390 41433 0.00115285
36636 41152 41241 0.0024293
36460 41076 41195 0.00326385
37465 41386 41429 0.00114774
36026 41423 41288 -0.00374729
34413 40501 40296 -0.00595705
34879 39584 39502 -0.00235098
35393 40901 40893 -0.000226033
36970 41378 41378 0
37667 41153 41186 0.000876098
36008 40580 40494 -0.00238836
35706 39515 39615 0.00280065
36512 41214 41246 0.000876424
36692 40812 40845 0.000899379
35899 41025 41249 0.00623973
36388 41157 41108 -0.0013466
35887 40640 40394 -0.00685485
35994 40575 40562 -0.000361171
36190 42000 41773 -0.00627245
35229 40285 40202 -0.00235601
35847 40795 40823 0.000781097
35612 40899 40851 -0.00134786
35490 40353 39976 -0.0106227
37496 41207 41178 -0.000773416
36642 42559 42579 0.000545822
36055 41647 41841 0.00538067
36942 40976 41013 0.00100157
35691 40454 40501 0.00131686
34971 39871 39855 -0.000457522
35625 40671 40745 0.00207719
36063 41078 40969 -0.00302249
36905 40632 40322 -0.00839995
36128 41196 41268 0.00199291
36144 41296 41349 0.00146636
36146 40850 40986 0.00376252
37024 41691 41710 0.000513181
35305 39525 39493 -0.000906387
36198 40639 40477 -0.00447539
34818 40280 40124 -0.00448044
36619 40380 40312 -0.00185696
36939 41502 41527 0.000676791
35883 40429 40149 -0.00780314
36283 40621 40620 -2.75611e-05
36461 41055 41040 -0.000411398
37378 40735 40954 0.00585906
36279 40596 40499 -0.00267372
36288 41310 41343 0.000909392
36193 41178 41244 0.00182356
36335 40240 40339 0.00272465
36939 41574 41607 0.000893365
36841 40432 40435 8.1431e-05
37169 41950 41916 -0.000914741
38121 41623 41730 0.00280685
35501 39984 40034 0.00140841
36123 40818 40617 -0.00556432
37794 41408 41412 0.000105837
35825 40995 40970 -0.000697837
36774 40931 40915 -0.00043509
35537 40730 40912 0.00512142
37027 41129 41080 -0.00132336
36589 41105 41084 -0.000573943
36821 41476 41436 -0.00108634
36660 41176 40967 -0.00570104
36331 40222 40098 -0.00341306
35867 40576 40582 0.000167285
34352 39794 39735 -0.00171751
36124 40802 40820 0.000498284
36572 40429 40548 0.00325386
36687 40339 40323 -0.000436122
36527 40675 40596 -0.00216278
35324 40133 40060 -0.00206658
35949 40953 40893 -0.00166903
35625 41015 40833 -0.00510877
36401 40574 40431 -0.00392846
35481 40159 39981 -0.00501677
34950 39726 39602 -0.00354793
37705 41944 41716 -0.00604694
35859 39442 39404 -0.00105971
36863 41512 41323 -0.00512709
35400 40898 40598 -0.00847458
37144 41757 41330 -0.0114958
35559 40794 40594 -0.00562446
36947 40635 40756 0.00327496
36317 40861 41104 0.00669108
35035 39828 39828 0
35012 40807 40707 -0.00285616
36498 40381 40404 0.000630172
36345 41089 41089 0
36003 41083 40927 -0.00433297
36140 40677 40359 -0.00879911
35787 39942 40067 0.00349289
34914 39762 39540 -0.00635848
35248 40387 40411 0.00068089
35860 40657 40803 0.00407139
36145 41153 41303 0.00414995
36261 42206 42273 0.00184772
35634 40094 40062 -0.000898019
37700 41018 40951 -0.00177719
37030 42161 42431 0.00729139
36492 41636 41726 0.00246629
35279 40940 41098 0.00447858
37026 40795 40833 0.00102631
35029 40495 40493 -5.70955e-05
35695 40808 40951 0.00400616
34832 40397 40380 -0.000488057
35671 40320 40348 0.000784951
36547 41178 41203 0.000684051
35330 40456 40456 0
34651 39362 39340 -0.000634902
34723 39783 39644 -0.00400311
36491 40759 40746 -0.000356252
36449 40972 40717 -0.00699608
37446 40971 41101 0.00347167
35658 40297 40302 0.000140221
36306 40769 40487 -0.00776731
36163 40070 40024 -0.00127202
35693 40792 40721 -0.00198919
36594 41048 40954 -0.00256873
35341 40817 40634 -0.00517812
36284 40773 40727 -0.00126778
35641 40297 40180 -0.00328274
36465 41000 40775 -0.0061703
35739 40409 40540 0.00366546
36103 41137 41103 -0.00094175
35275 40408 40501 0.00263643
35600 40035 40086 0.00143258
35384 40232 40156 -0.00214786
35151 40520 40531 0.000312936
35012 40286 40273 -0.000371301
35726 40351 40318 -0.000923697
36050 41594 41577 -0.000471567
35925 40886 40957 0.00197634
37830 41587 41607 0.000528681
36457 40292 40174 -0.00323669
37632 41038 40902 -0.00361395
35893 40819 40835 0.000445769
34733 40589 40482 -0.00308064
36295 41099 40992 -0.00294806
36820 40760 40855 0.00258012
36466 39669 39765 0.00263259
37429 41576 41621 0.00120228
36280 41643 41686 0.00118523
37078 40905 40925 0.000539403
36848 40872 40912 0.00108554
35783 40814 40663 -0.00421988
35647 40744 40749 0.000140264
35717 40530 40669 0.0038917
36077 40354 40527 0.0047953
37564 41663 41850 0.00497817
35217 40150 40032 -0.00335065
38353 41987 41698 -0.00753526
36629 41779 41737 -0.00114663
37712 41487 41387 -0.00265168
36412 40654 40556 -0.00269142
35330 40091 40098 0.000198132
36258 41285 41272 -0.000358542
35923 40300 40247 -0.00147538
36543 40343 40718 0.0102619
36463 40658 41074 0.0114088
34831 40193 39995 -0.00568459
35432 40872 40677 -0.0055035
36805 41133 41190 0.0015487
36087 41470 41492 0.000609638
36724 40981 40673 -0.00838689
36158 40605 40597 -0.000221251
34927 41675 41652 -0.000658516
34958 40309 40297 -0.000343269
35983 41062 41033 -0.000805936
35909 41072 41183 0.00309115
35852 40248 40163 -0.00237086
35044 40809 40923 0.00325305
35750 40271 40214 -0.00159441
36418 40477 40122 -0.00974793
37300 41161 41152 -0.000241287
35889 39768 39910 0.00395664
36783 40754 40800 0.00125058
36849 40800 40820 0.000542756
37401 40891 40874 -0.000454533
36763 40812 40755 -0.00155047
34721 40766 40971 0.00590421
35242 40699 40700 2.83752e-05
36291 40728 40803 0.00206663
35659 39448 39693 0.00687064
35968 40563 40629 0.00183496
36110 41101 41155 0.00149543
36844 41315 41310 -0.000135707
36208 41090 40703 -0.0106882
35682 40066 40045 -0.000588532
35956 40389 40356 -0.000917788
35986 40725 40731 0.000166732
36518 41452 41452 0
35325 40586 40517 -0.00195329
36568 40592 40671 0.00216036
35706 40176 40166 -0.000280065
35506 40862 40815 -0.00132372
36944 41681 41691 0.00027068
35515 40096 40065 -0.000872871
36181 40409 40297 -0.00309555
37863 41690 41675 -0.000396165
33665 39517 39367 -0.00445567
36147 41005 41005 0
36253 40491 40482 -0.000248255
36276 41028 40875 -0.00421766
37198 40867 40731 -0.00365611
36521 41470 41258 -0.00580488
36825 40934 40717 -0.00589274
36332 40483 40335 -0.00407354
36221 41486 41217 -0.00742663
36445 41030 41068 0.00104267
35818 40514 40498 -0.000446703
37251 41074 41068 -0.00016107
37155 40976 41094 0.00317588
35875 40246 40217 -0.000808362
36187 40842 40721 -0.00334374
37016 40747 40711 -0.000972552
36510 40903 40958 0.00150644
36176 40543 40526 -0.000469925
36900 41722 41608 -0.00308943
36838 41549 41432 -0.00317607
35165 40175 40228 0.00150718
35745 40040 39938 -0.00285355
36850 40594 40700 0.00287653
35238 40643 40827 0.00522164
35693 39918 40018 0.00280167
37013 41234 41399 0.00445789
35888 41066 41031 -0.000975256
37043 41562 41426 -0.00367141
35082 40390 40160 -0.00655607
36635 40262 40064 -0.00540467
37762 41386 41452 0.00174779
35081 39580 39512 -0.00193837
35699 40169 40277 0.00302529
36672 41477 41325 -0.00414485
36088 41631 41505 -0.00349147
36553 41105 41096 -0.000246218
37380 42084 42098 0.000374532
37158 41573 41592 0.00051133
35663 40826 40795 -0.000869248
35275 40118 40150 0.000907158
34029 40246 39776 -0.0138117
36214 41533 41400 -0.00367261
37010 41109 41188 0.00213456
36042 40617 40918 0.00835137
35756 40761 40915 0.00430697
37354 41907 41687 -0.0058896
36374 40865 40978 0.00310661
36563 40731 40252 -0.0131007
37777 42264 42198 -0.00174709
37100 41991 42153 0.00436658
36108 40703 40617 -0.00238174
36696 40921 40908 -0.000354262
36428 41508 41414 -0.00258043
37204 41029 41063 0.00091388
37038 40920 40881 -0.00105297
36526 39807 39825 0.0004928
35682 38909 38887 -0.000616557
36211 40412 40278 -0.00370053
36332 40441 40787 0.00952329
36109 41091 41061 -0.000830818
36577 41557 41441 -0.00317139
37024 41418 41691 0.0073736
37106 40708 40919 0.00568641
35994 40843 40796 -0.00130577
35949 40548 40384 -0.00456202
37124 41384 41395 0.000296304
36880 41451 41469 0.000488069
36327 41452 41688 0.00649655
36242 40753 40643 -0.00303515
36270 41159 41151 -0.000220568
35590 40573 40991 0.0117449
36140 40767 40727 -0.00110681
36555 41208 41255 0.00128573
37611 41880 42025 0.00385526
36838 41424 41418 -0.000162875
34420 40387 40250 -0.00398024
35393 41139 41040 -0.00279716
36256 40816 40859 0.00118601
36386 41500 41527 0.000742044
34529 39726 39680 -0.00133221
37027 41681 41744 0.00170146
36183 40460 40592 0.00364812
35560 40731 40690 -0.00115298
36880 41163 41081 -0.00222343
35499 40549 40462 -0.00245077
35853 40275 40456 0.00504839
35722 40431 40374 -0.00159566
35466 40139 40195 0.00157898
36394 40838 40785 -0.00145628
35603 40764 40764 0
35802 41244 41010 -0.00653595
35702 40132 40149 0.000476164
36431 40971 40903 -0.00186654
36494 40888 40536 -0.00964542
36361 40540 40624 0.00231017
35674 39807 39762 -0.00126142
35481 40517 40508 -0.000253657
37168 40564 40818 0.00683384
36215 40605 40683 0.0021538
36161 40775 40724 -0.00141036
36837 41536 41425 -0.00301327
37278 40856 40800 -0.00150223
36071 40083 40051 -0.000887139
35320 40602 40167 -0.012316
36344 40891 41248 0.0098228
35874 40759 40339 -0.0117076
36771 41955 41898 -0.00155013
36179 40518 40362 -0.00431189
35183 39999 40033 0.000966376
37027 41099 41120 0.000567154
37501 41479 41200 -0.0074398
36127 41491 41442 -0.00135633
37163 40963 40969 0.000161451
36603 40221 40122 -0.0027047
36057 40354 40723 0.0102338
35882 40917 41123 0.00574104
36218 40668 40757 0.00245734
35622 40723 40627 -0.00269496
35279 40579 40852 0.00773831
36407 40524 40308 -0.00593292
36101 40987 40883 -0.00288081
36018 42056 42056 0
35405 40029 39927 -0.00288095
36743 41100 41347 0.00672237
34986 40239 40106 -0.00380152
35515 39762 39889 0.00357595
36163 40984 40735 -0.00688549
36032 40873 40651 -0.00616119
36793 40619 40889 0.00733835
36812 40204 39990 -0.00581332
