22146 25099 25201 0.0046058
21717 24940 24926 -0.000644656
22178 25166 25365 0.00897286
21788 25640 25687 0.00215715
21974 25110 25217 0.00486939
22193 25454 25276 -0.00802055
22283 25771 25586 -0.00830229
21501 25268 25370 0.00474397
20964 24984 25025 0.00195573
21699 24843 24668 -0.00806489
22749 25067 25137 0.00307706
21165 25191 25243 0.00245689
21338 24466 24537 0.0033274
22107 26063 26016 -0.00212602
21237 25443 25494 0.00240147
21076 24749 24887 0.00654773
21399 25448 25520 0.00336464
21691 25597 25554 -0.00198239
21596 24920 24823 -0.00449157
21652 25163 25072 -0.00420285
22226 25493 25512 0.000854855
21948 24826 24921 0.00432841
21021 24804 24804 0
22183 25021 25062 0.00184826
22098 25419 25426 0.000316771
22574 25524 25482 -0.00186055
21101 25303 25295 -0.000379129
22369 25616 25702 0.00384461
21188 24772 24560 -0.0100057
22398 25399 25379 -0.000892937
21952 25710 25856 0.00665087
21823 24909 25010 0.00462814
21773 24854 24887 0.00151564
21266 24707 24752 0.00211605
21822 24573 24674 0.00462836
20519 24635 24624 -0.000536089
21985 25187 24972 -0.0097794
22593 26297 26272 -0.00110654
21917 25696 25776 0.00365013
21038 25253 25338 0.00404031
22331 26058 26159 0.00452286
21641 25559 25425 -0.00619195
21650 25530 25244 -0.0132102
22245 25196 25382 0.00836143
21326 24731 24656 -0.00351683
22718 26242 26242 0
22271 25454 25401 -0.00237978
22496 25437 25465 0.00124467
21702 25389 25218 -0.00787946
21772 24887 24899 0.000551167
21821 24089 24407 0.0145731
21680 25516 25432 -0.00387454
21769 24743 24775 0.00146998
21792 25382 25279 -0.00472651
22572 25920 25920 0
21514 25138 25011 -0.00590313
22185 25103 25089 -0.000631057
22291 25533 25521 -0.000538334
21424 25183 25506 0.0150765
21423 24667 24505 -0.00756197
22087 25241 25247 0.000271653
21715 24791 24827 0.00165784
22875 25868 25871 0.000131148
21899 26114 25901 -0.00972647
21049 24117 24129 0.000570098
21331 24865 24857 -0.000375041
21105 25376 25305 -0.00336413
22228 25057 24969 -0.00395897
21317 24762 24762 0
21448 24826 24789 -0.0017251
21710 25359 25347 -0.000552741
21123 25265 25265 0
21219 25694 25960 0.0125359
21826 25496 25467 -0.00132869
20604 24677 24633 -0.00213551
20597 24454 24497 0.00208768
21185 25058 25039 -0.000896861
21588 25595 25595 0
21336 25692 25695 0.000140607
21709 25595 25479 -0.00534341
20982 24435 24268 -0.0079592
21556 24850 24889 0.00180924
21249 24724 24726 9.41221e-05
21311 24747 24495 -0.0118249
20902 25358 25210 -0.00708066
21825 25543 25584 0.00187858
21605 24729 24723 -0.000277713
21549 25791 25889 0.00454777
21858 25951 26104 0.00699973
21648 25822 25471 -0.016214
22129 26329 26343 0.000632654
21832 25468 25556 0.00403078
22068 25766 25661 -0.00475802
21479 24799 24804 0.000232786
22632 25867 25975 0.004772
21439 24433 24477 0.00205233
21603 24796 24698 -0.00453641
21880 25468 25782 0.014351
21908 24929 24869 -0.00273873
21102 24834 24810 -0.00113733
22486 25765 25756 -0.000400249
22419 26125 26113 -0.00053526
22172 25626 25679 0.0023904
21369 25787 25731 -0.00262062
22617 25288 25390 0.00450988
22419 26003 25918 -0.00379143
21103 24783 24571 -0.010046
21616 25240 25318 0.00360844
21192 25061 25134 0.0034447
22544 26103 26097 -0.000266146
22116 25784 25819 0.00158256
21953 24746 24804 0.00264201
21238 25135 25002 -0.00626236
21354 25139 25183 0.0020605
20630 24044 24104 0.00290839
22116 24767 24732 -0.00158256
21995 24806 24921 0.00522846
21972 25409 25421 0.00054615
22016 25764 25761 -0.000136265
22136 25175 25190 0.000677629
21704 25335 25239 -0.00442315
21650 25144 25017 -0.00586605
21696 25559 25628 0.00318031
20414 24935 24936 4.8986e-05
22025 25420 25433 0.000590238
21959 25579 25578 -4.55394e-05
21911 25007 25014 0.000319474
21835 25609 25650 0.00187772
21405 25226 25226 0
22621 26119 26144 0.00110517
22151 25627 25614 -0.000586881
21818 25319 25479 0.00733339
21821 25058 24966 -0.00421612
21091 25553 25507 -0.00218103
22634 25607 25459 -0.00653884
21109 25375 25504 0.00611114
21858 25518 25518 0
21605 25764 25757 -0.000323999
21165 24989 25000 0.000519726
22039 25702 25815 0.00512727
20801 24664 24580 -0.00403827
21592 25030 25198 0.00778066
20625 23771 23738 -0.0016
21749 24706 24458 -0.0114028
22062 25264 25134 -0.00589248
22096 25810 25773 -0.00167451
21788 25544 25573 0.00133101
21359 24889 24925 0.00168547
22434 26007 25861 -0.00650798
20752 24425 24650 0.0108423
21516 24850 25006 0.00725042
20740 24876 24817 -0.00284474
21042 24803 24827 0.00114058
21686 25009 24788 -0.0101909
21973 25202 25344 0.00646248
22273 25543 25601 0.00260405
21283 24871 24886 0.000704788
21685 24993 25183 0.00876182
21700 25060 25137 0.00354839
21954 24882 24973 0.00414503
22182 25902 25878 -0.00108196
21838 25632 25671 0.00178588
21778 25336 25392 0.0025714
21972 25538 25585 0.00213909
21005 24838 24742 -0.00457034
22566 25227 25303 0.0033679
21728 25254 25117 -0.00630523
21979 25808 25727 -0.00368534
22020 25903 25790 -0.0051317
22182 25669 25537 -0.00595077
21486 25230 25084 -0.00679512
22599 25452 25480 0.00123899
21495 25178 25173 -0.000232612
21166 24922 24888 -0.00160635
22532 25318 25574 0.0113616
22172 25629 25593 -0.00162367
21640 25599 25406 -0.00891867
21715 24906 24896 -0.000460511
21617 25210 25345 0.00624508
21840 25419 25412 -0.000320513
22903 25926 25776 -0.00654936
21954 25276 25127 -0.00678692
22124 25240 25200 -0.00180799
21361 24862 24942 0.00374514
22734 25941 25935 -0.000263922
22040 26105 26095 -0.000453721
20818 24981 25074 0.00446729
20950 24495 24674 0.00854415
21644 25598 25598 0
22011 25920 25933 0.000590614
22140 25167 25033 -0.00605239
21759 25534 25563 0.00133278
21140 25188 25180 -0.00037843
22460 26013 25872 -0.00627783
21916 25678 25632 -0.00209892
21130 24725 24696 -0.00137246
21429 25461 25461 0
21764 24712 24674 -0.001746
20632 24861 24688 -0.00838503
21573 25518 25336 -0.00843647
22558 26387 26284 -0.00456601
22098 25417 25362 -0.00248891
22503 25513 25479 -0.00151091
22339 25989 26155 0.00743095
22274 24980 24995 0.000673431
20957 23885 23937 0.00248127
21995 25442 25446 0.00018186
22195 25339 25207 -0.00594729
21552 24709 24431 -0.012899
21757 25018 25047 0.0013329
20428 23777 23888 0.00543372
22819 26065 26004 -0.00267321
21876 25380 25550 0.00777107
22505 25887 25860 -0.00119973
21781 25135 25284 0.00684082
21435 25100 25146 0.00214602
22196 24803 24771 -0.0014417
21579 25220 25260 0.00185365
21393 25200 25086 -0.00532885
22363 25138 25255 0.00523186
22120 25660 25524 -0.00614828
21895 24944 24840 -0.00474994
23314 26161 26337 0.00754911
20736 24606 24609 0.000144676
21968 25532 25397 -0.0061453
22324 25669 25669 0
20861 25016 24875 -0.00675902
21892 24820 24879 0.00269505
22053 25169 25384 0.00974924
21860 25338 25273 -0.00297347
22271 25365 25593 0.0102375
22785 25607 25649 0.00184332
21644 25968 25923 -0.0020791
21661 24962 25017 0.00253913
21666 25001 24933 -0.00313856
21280 25068 25064 -0.00018797
21009 25279 25094 -0.00880575
21527 24825 24818 -0.000325173
21520 25197 25289 0.00427509
21884 25069 25218 0.00680863
22375 24813 24813 0
21784 25463 25426 -0.00169849
21208 24420 24532 0.00528103
21815 24855 24822 -0.00151272
22384 26143 26165 0.000982845
21943 26013 25928 -0.00387367
21212 24546 24715 0.00796719
21379 24845 24826 -0.000888723
21299 24890 24880 -0.000469506
21044 24772 24823 0.00242349
22065 24473 24497 0.0010877
21994 25746 25746 0
22085 25398 25372 -0.00117727
20648 24454 24407 -0.00227625
22430 25024 24953 -0.0031654
22317 25028 25133 0.00470493
21859 25349 24938 -0.0188023
21836 25293 25418 0.00572449
21732 25320 25322 9.20302e-05
21576 25098 25084 -0.000648869
21690 24420 24338 -0.00378054
21851 25014 25125 0.00507986
22259 25832 25825 -0.00031448
21227 24953 24672 -0.0132379
22090 25915 25783 -0.00597555
21412 24869 24876 0.000326919
21612 25387 25502 0.00532112
22298 25225 25617 0.0175801
21512 25398 25385 -0.000604314
20846 24578 24543 -0.00167898
21815 25868 25831 -0.00169608
21904 24688 24638 -0.00228269
22156 24791 24711 -0.00361076
22054 25295 25383 0.00399021
22313 25942 26000 0.00259938
21620 25457 25427 -0.0013876
21149 25714 25693 -0.000992955
20495 24232 24136 -0.00468407
22032 25915 25905 -0.000453885
21709 25521 25455 -0.00304021
21146 25224 25051 -0.00818122
20610 24355 24327 -0.00135856
21110 24661 24233 -0.0202748
21794 25386 25482 0.00440488
21278 24670 24423 -0.0116082
21371 25791 25745 -0.00215245
21135 24470 24296 -0.00823279
23301 26157 26079 -0.0033475
21292 25366 25366 0
22017 25474 25485 0.000499614
21763 25170 25277 0.0049166
21903 25006 24938 -0.0031046
21161 24845 24845 0
21802 24870 25057 0.00857719
21747 25234 25151 -0.00381662
21973 25242 25244 9.10208e-05
22654 26299 26095 -0.00900503
21767 25048 25103 0.00252676
22986 25966 25879 -0.00378491
21725 25004 24978 -0.00119678
20969 24685 24645 -0.00190758
22199 25490 25512 0.000991036
22214 25350 25309 -0.00184568
22179 25846 25856 0.000450877
21296 24382 24136 -0.0115515
21061 25074 24974 -0.00474811
21609 25354 25268 -0.00397982
22508 25200 25400 0.00888573
21968 24703 24659 -0.00200291
21069 24586 24573 -0.00061702
22388 25619 25633 0.000625335
20705 24702 24745 0.00207679
22461 24817 24861 0.00195895
21874 25691 25636 -0.0025144
21458 24981 25069 0.00410103
22500 25806 25742 -0.00284444
22382 25397 25372 -0.00111697
20391 24498 24495 -0.000147124
21773 24858 24785 -0.00335278
20239 24474 24510 0.00177874
21414 24498 24261 -0.0110675
20415 24249 24024 -0.0110213
22225 25204 25113 -0.00409449
21985 24691 24873 0.00827837
21385 25447 25478 0.00144961
21584 24821 24886 0.00301149
21575 25437 25262 -0.00811124
21520 25065 25123 0.00269517
21439 24611 24514 -0.00452446
21974 25905 25755 -0.00682625
21315 24638 24729 0.00426929
22283 24939 25059 0.00538527
21413 24599 24640 0.00191472
21412 25462 25474 0.000560433
21452 24658 24608 -0.00233079
21335 25291 25450 0.00745254
21601 25320 25306 -0.000648118
22572 26165 26218 0.00234804
21617 24438 24464 0.00120276
21972 26071 26054 -0.000773712
22852 25730 25676 -0.00236303
22299 25272 25267 -0.000224225
22104 25274 25268 -0.000271444
21061 25236 25120 -0.00550781
21633 24921 24988 0.00309712
22181 25681 25677 -0.000180335
21384 25730 25585 -0.00678077
21879 25369 25434 0.00297089
21179 24580 24668 0.00415506
21202 24909 24746 -0.00768795
22018 26078 26100 0.000999182
21144 25004 25076 0.00340522
22322 25135 25094 -0.00183675
21351 24942 24940 -9.36724e-05
21328 25214 25067 -0.00689235
22830 25407 25394 -0.000569426
21026 24794 24870 0.00361457
22915 25858 25796 -0.00270565
21526 24793 24662 -0.00608566
22003 24819 24848 0.001318
20630 25156 25093 -0.00305381
21776 25065 25060 -0.000229611
21901 25440 25481 0.00187206
22541 25667 25738 0.00314982
22626 25801 25906 0.00464068
21567 25521 25441 -0.00370937
21956 24508 24508 0
21408 25310 25386 0.00355007
21290 25119 24822 -0.0139502
21861 25664 25671 0.000320205
22616 26154 26150 -0.000176866
21304 25112 25071 -0.00192452
21808 24910 24835 -0.0034391
22081 26109 26218 0.00493637
21732 25847 25871 0.00110436
21120 25659 25833 0.00823864
20920 25100 24602 -0.023805
22384 25474 25417 -0.00254646
22155 25262 25346 0.00379147
21707 25619 25684 0.00299443
21695 25437 25346 -0.00419451
21863 25018 25028 0.000457394
22252 25026 24971 -0.00247169
21968 25250 25239 -0.000500728
20641 24762 24632 -0.00629814
21975 25056 25030 -0.00118316
21525 25254 25185 -0.00320557
21773 25174 25320 0.00670555
21597 25016 24816 -0.00926055
22167 25822 25835 0.000586457
22077 24935 24945 0.00045296
21615 25464 25556 0.0042563
21913 24889 24923 0.00155159
22210 25962 25898 -0.00288158
21865 25374 25282 -0.00420764
22320 25031 24905 -0.00564516
21628 25420 25373 -0.00217311
21703 24767 24773 0.000276459
20691 25104 25059 -0.00217486
21562 25525 25493 -0.00148409
20951 25025 25006 -0.000906878
21724 25025 24941 -0.00386669
21583 24694 24633 -0.0028263
22218 24448 24497 0.00220542
21817 24884 24795 -0.00407939
20401 24722 24563 -0.00779374
21698 25204 25095 -0.0050235
21678 24609 24609 0
22713 26210 26235 0.00110069
21038 24571 24508 -0.00299458
21746 25192 25152 -0.00183942
21479 24950 25011 0.00283998
21234 24948 24903 -0.00211924
22329 25600 25662 0.00277666
22339 25095 24891 -0.00913201
20906 24871 25009 0.00660098
22265 26032 26022 -0.000449135
21775 24797 24760 -0.0016992
21474 25437 25344 -0.00433082
21219 24516 24460 -0.00263914
22079 25347 25070 -0.0125459
22559 25638 25410 -0.0101068
23112 25495 25476 -0.000822084
21648 24858 25197 0.0156596
21556 25197 25293 0.00445352
22413 25877 25878 4.4617e-05
21754 25293 25532 0.0109865
21832 25534 25765 0.0105808
20821 24957 24957 0
22237 25200 25130 -0.00314791
21766 25512 25289 -0.0102453
22749 25968 25996 0.00123082
22242 25713 25667 -0.00206816
21834 25154 25177 0.0010534
20767 24746 24720 -0.00125199
21729 25010 25147 0.00630494
20742 24821 25083 0.0126314
22379 25052 25173 0.00540685
22577 24947 24831 -0.00513797
21352 26206 26199 -0.000327838
20816 25189 25062 -0.00610108
21471 25003 25193 0.00884915
21356 24548 24402 -0.00683649
21336 25153 25254 0.00473378
21437 24769 24853 0.00391846
20431 25057 25055 -9.78905e-05
22223 25523 25282 -0.0108446
21247 24837 24848 0.00051772
21290 25542 25544 9.39408e-05
23356 25631 25698 0.00286864
22533 25335 25225 -0.00488173
21307 25093 24952 -0.00661754
21402 24880 25015 0.00630782
21773 25443 25334 -0.0050062
21933 25532 25434 -0.00446815
21966 26028 26028 0
23091 26104 26019 -0.00368109
21609 25479 25419 -0.00277662
21944 25721 25574 -0.00669887
21896 25471 25271 -0.00913409
21199 24698 24694 -0.000188688
22032 24955 25068 0.0051289
20798 25296 25242 -0.0025964
21482 25034 25100 0.00307234
21801 25460 25641 0.00830237
22673 26001 26366 0.0160984
23026 26455 26455 0
21389 25119 25093 -0.00121558
22348 25222 25219 -0.00013424
20754 25393 25317 -0.00366194
21880 25596 25747 0.00690128
21669 24797 24767 -0.00138447
20806 24676 24683 0.000336441
22466 26005 25946 -0.00262619
20937 24330 24222 -0.00515833
22449 25688 25502 -0.00828545
21189 25235 25212 -0.00108547
21966 25030 25128 0.00446144
21619 25760 25485 -0.0127203
21354 24484 24416 -0.00318442
21930 25845 25633 -0.00966712
20972 24486 24636 0.00715239
21579 25559 25591 0.00148292
21776 25050 25029 -0.000964364
22636 25530 25528 -8.83548e-05
22862 25620 25592 -0.00122474
22554 25598 25617 0.000842423
22392 25516 25586 0.00312612
20421 24823 24749 -0.00362372
22187 25721 25719 -9.01429e-05
22340 25091 25170 0.00353626
21421 25401 25435 0.00158723
21310 24673 24847 0.00816518
22177 25494 25622 0.00577175
21267 24641 24871 0.0108149
21418 25077 25028 -0.0022878
21963 25376 25429 0.00241315
21533 25305 25291 -0.000650165
22257 24740 24967 0.010199
22076 25040 25154 0.00516398
21309 24778 24722 -0.002628
21847 25321 25213 -0.00494347
22334 25114 25183 0.00308946
21312 24059 23961 -0.00459835
21186 24581 24704 0.00580572
21795 24599 24518 -0.00371645
21979 26294 26357 0.00286637
20775 25105 25145 0.00192539
21850 25962 25966 0.000183066
22252 25382 25324 -0.00260651
21695 24515 24464 -0.00235077
21931 25721 25787 0.00300944
21953 25459 25606 0.00669612
22153 25811 25817 0.000270844
22218 25262 25184 -0.00351067
22294 25445 25353 -0.00412667
22381 25374 25270 -0.0046468
22637 26120 26120 0
21470 25108 25272 0.00763857
21709 25607 25762 0.0071399
20656 24528 24369 -0.00769752
20986 24494 24487 -0.000333556
21852 24892 24911 0.000869486
22214 25341 25538 0.00886828
20596 24784 24641 -0.0069431
20425 24419 24154 -0.0129743
21497 24418 24494 0.00353538
21370 25313 25285 -0.00131025
20895 24813 24889 0.00363723
21623 25792 25819 0.00124867
20927 24818 24732 -0.00410952
21927 25300 25270 -0.00136818
22097 25951 25939 -0.00054306
20786 24011 24068 0.00274223
20605 24864 24812 -0.00252366
20802 25662 25704 0.00201904
21870 25734 25564 -0.00777321
21178 25281 25268 -0.000613845
20704 24191 24351 0.00772798
22081 25623 25612 -0.000498166
22385 25637 25595 -0.00187626
20731 24251 24407 0.00752496
21511 24794 24714 -0.00371903
21671 25455 25482 0.0012459
22203 25169 25093 -0.00342296
20940 25337 25296 -0.00195798
22406 25616 25306 -0.0138356
21617 25089 25317 0.0105473
21524 26245 26225 -0.000929195
22022 25703 25837 0.00608482
21162 25247 25437 0.00897836
22522 25818 25828 0.00044401
21378 24870 24842 -0.00130976
22316 25506 25456 -0.00224054
22078 24673 24701 0.00126823
21866 24881 24956 0.00342998
22878 25889 25916 0.00118017
20821 24917 24779 -0.00662792
21389 24876 24950 0.00345972
21442 24594 24552 -0.00195877
21049 24555 24520 -0.00166279
21780 25257 25305 0.00220386
22657 25837 26177 0.0150064
21917 25501 25447 -0.00246384
22345 25439 25518 0.00353547
21409 24697 24617 -0.00373675
21181 24580 24578 -9.44242e-05
22744 25709 25717 0.000351741
21568 25000 25174 0.00806751
22042 25036 24810 -0.0102532
22690 26064 25809 -0.0112384
22487 26428 26428 0
21412 25086 25084 -9.34056e-05
22425 25594 25654 0.00267559
21584 25507 25551 0.00203855
22062 25786 25758 -0.00126915
22084 25289 25181 -0.00489042
20319 24327 24307 -0.0009843
21753 25363 25223 -0.00643589
20502 24586 24705 0.00580431
20135 24614 24625 0.000546312
21466 25175 25098 -0.00358707
22241 25887 25854 -0.00148375
20923 24256 24153 -0.00492281
22935 25573 25454 -0.00518858
22267 25306 25393 0.00390713
21280 24934 24951 0.000798872
21139 25084 25033 -0.0024126
21320 25421 25405 -0.000750469
21321 24543 24442 -0.00473711
23067 26421 26565 0.00624268
22338 25298 25196 -0.00456621
21660 24724 24686 -0.00175439
21954 24508 24608 0.00455498
21882 25646 25658 0.000548396
21924 24747 24836 0.00405948
20217 24246 24293 0.00232478
20834 25093 25170 0.00369588
21059 24431 24492 0.00289662
21125 25679 25665 -0.000662722
20514 24768 24768 0
21342 25241 25039 -0.0094649
20919 24847 24768 -0.00377647
21527 25194 25131 -0.00292656
21241 25047 24911 -0.00640271
21638 25255 25155 -0.0046215
22254 25685 25805 0.00539229
22452 25097 24901 -0.00872973
21895 25026 24999 -0.00123316
22863 25867 25840 -0.00118095
21751 25165 25050 -0.00528711
20636 25215 24977 -0.0115332
22103 24831 24799 -0.00144777
21267 25429 25245 -0.0086519
21102 24737 24737 0
21325 24757 24746 -0.000515826
21422 25293 25183 -0.00513491
21677 24829 24861 0.00147622
21199 24869 24873 0.000188688
21714 25624 25701 0.0035461
21798 25352 25204 -0.00678961
21518 25096 25231 0.00627382
21905 25169 25287 0.0053869
21580 25330 25311 -0.000880445
21431 24588 24735 0.00685922
20820 24653 24599 -0.00259366
21259 25253 25395 0.00667952
21277 25175 24806 -0.0173427
21886 25506 25565 0.00269579
22012 25011 25179 0.0076322
22559 25224 24941 -0.0125449
21690 25341 25359 0.000829876
21712 25837 25679 -0.00727708
21694 25083 25001 -0.00377985
22259 25839 25895 0.00251584
21969 25121 24995 -0.00573535
21419 24975 25160 0.00863719
21583 24627 24765 0.00639392
21240 24536 24383 -0.00720339
23114 25762 25753 -0.000389374
22356 25411 25385 -0.001163
20852 24938 24931 -0.000335699
21740 24848 24943 0.00436983
21654 25454 25523 0.00318648
21148 25700 25521 -0.00846416
22414 25652 25737 0.00379227
20476 24574 24601 0.00131862
22173 26212 26293 0.00365309
22765 26167 26091 -0.00333846
21742 25126 25191 0.00298961
21531 25186 25258 0.00334402
20628 24499 24527 0.00135738
21367 25340 25261 -0.00369729
21539 25749 25737 -0.000557129
23002 26032 25956 -0.00330406
22167 25400 25400 0
22480 25940 25982 0.00186833
22698 25680 25867 0.00823861
21065 25564 25653 0.00422502
20566 24350 24238 -0.00544588
21810 25410 25431 0.000962861
21684 25489 25561 0.00332042
21183 24973 24788 -0.00873342
21769 24936 24909 -0.0012403
22378 25499 25486 -0.000580928
22098 25454 25399 -0.00248891
22005 25388 25361 -0.00122699
21530 24249 24350 0.00469113
21220 24929 24977 0.00226202
21656 24666 24596 -0.00323236
21769 25574 25482 -0.00422619
22591 25964 25947 -0.000752512
21691 25301 25172 -0.00594717
21720 25744 25641 -0.00474217
23126 25907 25758 -0.00644296
22518 26069 25998 -0.00315303
20866 25041 25275 0.0112144
20731 24568 24601 0.00159182
21143 24953 24975 0.00104053
21733 25357 25364 0.000322091
22850 25734 25718 -0.000700219
21870 25316 25293 -0.00105167
22089 24972 25079 0.00484404
22210 25580 25412 -0.00756416
22120 24830 24948 0.00533454
21439 25250 25249 -4.6644e-05
22341 25941 25889 -0.00232756
20933 25044 24912 -0.00630583
21690 25561 25510 -0.00235131
22205 26244 26198 -0.00207161
21269 25003 25101 0.00460764
21520 25779 25827 0.00223048
21894 26074 26069 -0.000228373
21313 25337 25323 -0.000656876
22665 26047 25980 -0.0029561
21747 26527 26283 -0.0112199
21642 25806 25724 -0.00378893
21711 25033 25071 0.00175026
22038 25510 25503 -0.000317633
21165 24826 24739 -0.00411056
21843 25323 25259 -0.00293
21725 25236 25175 -0.00280783
22142 25321 25392 0.00320658
21090 25648 25691 0.00203888
20901 25146 25030 -0.00554997
21230 24755 24765 0.000471032
21544 25084 25070 -0.000649833
21117 24704 24595 -0.00516172
22031 25405 25102 -0.0137533
21337 24890 24832 -0.00271828
21582 24630 24653 0.0010657
22601 26323 26392 0.00305296
21806 25325 25334 0.00041273
21510 24967 24899 -0.00316132
22466 25583 25683 0.00445117
22600 25270 25318 0.00212389
21366 25319 25276 -0.00201254
21778 25416 25289 -0.00583157
21921 25653 25610 -0.00196159
21684 25158 25290 0.00608744
22606 25839 25801 -0.00168097
21461 24149 23966 -0.0085271
22529 26317 26317 0
22948 25662 25797 0.00588287
21412 24599 24388 -0.00985429
21867 25014 25031 0.000777427
22560 25769 25786 0.000753546
21359 25596 25508 -0.00412004
21993 25573 25551 -0.00100032
21715 25421 25421 0
22040 25612 25527 -0.00385662
22057 25629 25659 0.00136011
22346 25675 25690 0.000671261
22207 25258 25203 -0.0024767
22170 24740 24950 0.00947226
21662 24777 24807 0.00138491
20314 24622 24584 -0.00187063
22360 25850 25847 -0.000134168
21926 24411 24499 0.0040135
22526 25354 25338 -0.00071029
21846 25063 24826 -0.0108487
20835 25038 24865 -0.00830334
21289 25494 25523 0.00136221
21639 25389 25275 -0.00526827
21851 25034 25084 0.00228822
21153 24946 24880 -0.00312012
21225 24777 24723 -0.00254417
23051 25784 25707 -0.00334042
21356 24270 24517 0.0115658
22849 25735 25828 0.0040702
21639 25281 25552 0.0125237
22019 25609 25500 -0.00495027
20856 25412 25365 -0.00225355
22313 25536 25561 0.00112042
21606 25191 25174 -0.000786818
21057 24823 24850 0.00128223
20727 25005 24931 -0.00357022
21791 24748 24639 -0.00500207
21795 25063 25390 0.0150034
20413 24929 24779 -0.00734826
21483 25278 25244 -0.00158265
21194 24499 24474 -0.00117958
21102 24989 24936 -0.00251161
21139 24501 24420 -0.00383178
22111 25341 25398 0.0025779
21509 25301 25254 -0.00218513
21855 26252 26086 -0.00759552
21594 25213 25144 -0.00319533
22503 25312 25346 0.00151091
21785 25721 25742 0.000963966
21924 25570 25617 0.00214377
21511 25386 25386 0
22430 25626 25685 0.00263041
21286 24885 24798 -0.00408719
21534 25606 25703 0.0045045
21062 25296 25256 -0.00189915
21297 25127 25141 0.00065737
22702 26140 25966 -0.00766452
21396 24829 24785 -0.00205646
20356 24268 24031 -0.0116428
21014 24464 24498 0.00161797
21237 25209 25212 0.000141263
21540 24503 24651 0.00687094
22050 25408 25430 0.000997732
21153 24445 24485 0.00189098
21433 24859 24675 -0.00858489
21107 24435 24486 0.00241626
21409 24623 24673 0.00233547
21886 25098 25002 -0.00438637
21386 25843 25823 -0.000935191
21309 24468 24462 -0.000281571
21479 25169 25130 -0.00181573
21851 25412 25330 -0.00375269
21178 24988 24940 -0.0022665
21600 25354 25420 0.00305556
21019 25055 24973 -0.00390123
21597 25080 25062 -0.000833449
21525 25189 25147 -0.00195122
21351 25133 25192 0.00276334
21189 24579 24701 0.0057577
20648 24696 24766 0.00339016
21599 25583 25572 -0.000509283
21936 25238 25196 -0.00191466
23360 25881 25716 -0.00706336
21784 24973 24778 -0.00895152
22743 25509 25512 0.000131909
21020 24566 24672 0.00504282
20362 24863 24808 -0.00270111
22248 25956 25891 -0.00292161
21429 24927 25052 0.00583322
21998 24517 24405 -0.00509137
23420 26520 26492 -0.00119556
21885 25418 25386 -0.00146219
22308 24934 24875 -0.00264479
22460 25918 25955 0.00164737
21440 24749 25072 0.0150653
20885 24270 24458 0.00900168
20932 24211 24220 0.000429964
21896 25186 25196 0.000456704
22559 25756 25738 -0.000797908
20614 24738 24535 -0.00984768
22764 25637 25584 -0.00232824
21904 26240 26299 0.00269357
22907 25969 25957 -0.000523857
21663 24618 24727 0.00503162
21211 24714 24654 -0.00282872
21693 25344 25307 -0.00170562
21341 25016 25016 0
21480 25545 25408 -0.00637803
21376 24642 24651 0.000421033
21411 25598 25696 0.00457709
21195 25438 25452 0.000660533
21860 25213 25332 0.00544373
21712 25193 25386 0.00888909
22029 25282 25475 0.00876118
21652 25066 24925 -0.0065121
20779 25803 25887 0.00404254
20693 24816 24743 -0.00352776
21151 24977 25115 0.00652451
21336 25330 25279 -0.00239033
21590 25481 25422 -0.00273275
20876 25510 25327 -0.00876605
21220 24356 24442 0.00405278
21707 24467 24608 0.0064956
22092 25095 25134 0.00176534
21177 24680 24693 0.000613874
22341 25092 25071 -0.000939976
22172 25043 24979 -0.00288652
22591 24884 25018 0.00593157
21654 25049 25150 0.00466427
21055 25506 25457 -0.00232724
21471 25306 25283 -0.00107121
22393 25471 25450 -0.000937793
21713 24917 24617 -0.0138166
21339 25185 25345 0.00749801
21806 25265 25300 0.00160506
22299 25545 25436 -0.00488811
21373 25514 25337 -0.00828148
21275 24590 24660 0.00329025
21846 24804 24828 0.0010986
20777 24752 24967 0.010348
21463 25215 24989 -0.0105297
21304 24636 24675 0.00183064
21402 24637 24667 0.00140174
21470 25582 25464 -0.00549604
21172 24856 25029 0.00817117
21637 25560 25611 0.00235707
20878 24527 24525 -9.57946e-05
21996 24604 24581 -0.00104564
22581 25035 24951 -0.00371994
20156 24597 24620 0.0011411
21749 25807 25807 0
22197 25043 24962 -0.00364914
22005 25815 25735 -0.00363554
22191 25359 25252 -0.00482177
21900 25571 25591 0.000913242
22444 25519 25531 0.000534664
22600 25675 25539 -0.0060177
22516 26011 25987 -0.00106591
22184 25519 25570 0.00229895
21218 24982 25017 0.00164954
22368 25173 25129 -0.0019671
21782 25178 25231 0.0024332
21396 24756 24805 0.00229015
20976 24737 24731 -0.000286041
22393 25352 25411 0.00263475
22971 25424 25327 -0.00422272
21768 25068 25080 0.000551268
22174 25014 25230 0.00974114
21928 25756 25806 0.00228019
21340 25250 25121 -0.00604499
21125 25064 25077 0.000615385
21847 24957 24957 0
21398 25346 25097 -0.0116366
21206 23889 23831 -0.00273507
22673 25591 25652 0.00269042
21151 25424 25435 0.00052007
22814 25896 25926 0.00131498
20776 24929 24934 0.000240662
21876 24858 24851 -0.000319985
22587 25787 25633 -0.00681808
20935 24459 24415 -0.00210174
20958 24680 24447 -0.0111175
22269 25561 25609 0.00215546
21158 25068 24995 -0.00345023
22416 25192 25223 0.00138294
22802 25888 25631 -0.0112709
22353 25703 25701 -8.94734e-05
21557 25056 25066 0.000463886
21058 25109 25083 -0.00123469
20963 25137 25282 0.00691695
22258 25182 25073 -0.00489712
22248 25507 25536 0.00130349
21426 24456 24808 0.0164286
20901 24704 24579 -0.00598058
22485 25653 25591 -0.00275739
22248 24931 24842 -0.00400036
21708 25284 25408 0.00571218
22878 25987 25986 -4.37101e-05
22285 26059 26078 0.000852591
22028 25251 25218 -0.00149809
22397 25405 25202 -0.00906371
21558 25675 25698 0.00106689
22218 25385 25435 0.00225043
21847 25357 25314 -0.00196823
22105 25031 25004 -0.00122144
21501 24214 24250 0.00167434
21814 25151 25172 0.000962685
22511 25460 25388 -0.00319844
21593 24939 24886 -0.0024545
22159 25157 25291 0.0060472
21905 25618 25666 0.00219128
22459 25293 25287 -0.000267153
21576 24940 24964 0.00111235
21354 25025 24707 -0.0148918
22769 25983 25972 -0.000483113
22462 25706 25681 -0.00111299
22522 26150 26069 -0.00359648
21888 25451 25347 -0.00475146
22000 25771 25663 -0.00490909
22059 25560 25502 -0.00262931
21629 25378 25526 0.00684266
22259 26105 25815 -0.0130284
21951 25513 25752 0.0108879
22040 25548 25475 -0.00331216
20758 25254 25258 0.000192697
20975 25125 25271 0.00696067
21836 25174 25004 -0.00778531
22601 25545 25705 0.00707933
20340 24903 25014 0.00545723
22182 25675 25430 -0.011045
21291 25403 25400 -0.000140905
21441 25274 25306 0.00149247
22209 25028 25029 4.50268e-05
21356 25281 25249 -0.00149841
21911 25475 25349 -0.00575054
21757 24691 24671 -0.000919244
21168 25208 25199 -0.00042517
21896 25625 25764 0.00634819
21154 25014 25011 -0.000141817
22263 25585 25503 -0.00368324
21161 24693 24634 -0.00278815
21810 25639 25617 -0.00100871
21923 25114 25107 -0.000319299
21753 24867 24828 -0.00179286
21136 24765 24730 -0.00165594
21423 25435 25462 0.00126033
22516 25196 25219 0.0010215
21390 24614 24820 0.00963067
21542 25154 25000 -0.00714883
22368 25829 25775 -0.00241416
22367 25069 24874 -0.0087182
21415 25294 25207 -0.00406257
21281 25791 25715 -0.00357126
21424 25257 25260 0.00014003
21447 25260 25167 -0.00433627
22292 26438 26452 0.000628028
21881 24874 24882 0.000365614
21064 25141 25170 0.00137676
23052 26319 26280 -0.00169183
22522 25963 25850 -0.00501732
21986 25446 25521 0.00341126
21909 24826 24842 0.000730293
22310 25252 25176 -0.00340654
22477 25688 25557 -0.00582818
22031 25897 25829 -0.00308656
21620 25186 25139 -0.00217391
21136 25145 25094 -0.00241294
20835 24605 24455 -0.00719942
22030 25134 25165 0.00140717
21463 25392 25357 -0.00163071
21528 25784 25851 0.00311223
21713 24639 24634 -0.000230277
22723 25992 25937 -0.00242046
21555 24971 24763 -0.00964973
21227 24283 24236 -0.00221416
21637 25531 25405 -0.00582336
21208 24639 24427 -0.00999623
21917 25266 25182 -0.00383264
21737 25150 25232 0.00377237
