36712 41908 41930 0.000599259
35838 41603 41554 -0.00136726
36235 42337 42414 0.00212502
36301 43611 43494 -0.00322305
35939 42401 42470 0.00191992
36716 42313 42364 0.00138904
36758 42821 42804 -0.000462484
35760 43309 43309 0
34567 41474 41730 0.00740591
35435 41653 41713 0.00169324
37719 42476 42165 -0.00824518
34876 42171 42062 -0.00312536
35198 41409 41275 -0.00380703
36799 43741 43974 0.00633169
35257 43013 42906 -0.00303486
35519 41150 41208 0.00163293
34717 42235 42292 0.00164185
35559 41956 42273 0.00891476
36698 41936 41802 -0.00365143
36044 41623 41929 0.00848962
37699 43441 43372 -0.00183029
36677 41411 41294 -0.00319001
34664 41856 41772 -0.00242326
36308 41284 41439 0.00426903
35908 42434 42035 -0.0111117
37145 42892 42918 0.00069996
35426 42413 42312 -0.00285101
37106 43269 43154 -0.00309923
34488 41290 41175 -0.00333449
36962 42256 42446 0.00514041
35589 42246 42332 0.00241648
36286 42133 42232 0.00272832
36403 42788 42587 -0.00552152
35462 41038 40765 -0.00769838
35837 41494 41580 0.00239975
34067 41033 41501 0.0137376
36107 42117 42100 -0.000470823
37507 43607 43570 -0.000986483
36098 43281 43091 -0.00526345
35030 42717 42565 -0.00433914
36207 42642 42955 0.00864474
35084 42513 42594 0.00230874
35733 42573 42521 -0.00145524
36847 42208 42180 -0.000759899
34771 41391 41468 0.00221449
37132 43984 44068 0.0022622
37005 42835 43063 0.00616133
36845 41979 42048 0.00187271
35099 41532 41784 0.00717969
35542 41679 41802 0.00346069
35581 40574 40556 -0.000505888
35159 42624 42630 0.000170653
35708 41297 41230 -0.00187633
35784 42258 42282 0.000670691
36537 42758 42758 0
36077 42415 42471 0.00155224
36901 42213 42070 -0.00387523
36933 42852 42719 -0.00360112
35675 42679 42228 -0.0126419
35192 41308 40991 -0.00900773
36308 42539 42339 -0.00550843
35771 41457 41465 0.000223645
37994 43221 43625 0.0106333
36762 43680 43481 -0.0054132
34960 40169 40169 0
35177 41370 41312 -0.0016488
35021 41533 41345 -0.00536821
36819 42200 42427 0.0061653
35494 41465 41267 -0.00557841
35352 41657 41520 -0.00387531
34920 41473 41341 -0.00378007
35241 41439 41645 0.00584546
34951 42847 43017 0.00486395
36085 42988 42913 -0.00207843
34006 41942 41633 -0.00908663
33364 40318 40217 -0.00302721
35322 41277 41536 0.00733254
35778 42198 42364 0.00463972
34989 42984 42597 -0.0110606
36199 43042 43027 -0.000414376
34543 40063 39938 -0.00361868
35748 42024 42132 0.00302115
35280 41451 41105 -0.00980726
35626 41505 41353 -0.00426655
34628 41960 41933 -0.000779716
36156 43161 42875 -0.00791017
35931 41854 41796 -0.00161421
35388 43109 43192 0.00234543
36420 44200 44533 0.00914333
36449 42732 42269 -0.0127027
36364 43308 43903 0.0163623
35587 42774 42721 -0.00148931
35667 43461 43479 0.000504668
35502 41675 41551 -0.00349276
36656 42528 42622 0.00256438
35676 41244 40932 -0.00874538
35499 41572 41832 0.00732415
35732 41601 41844 0.00680063
36071 42173 41183 -0.0274459
34749 40651 40088 -0.0162019
37315 42891 42851 -0.00107195
37208 43217 43341 0.00333262
36458 42826 42915 0.00244117
35234 42137 41987 -0.00425725
36720 42831 42761 -0.00190632
37442 44009 43779 -0.00614283
34819 41269 41165 -0.00298687
35487 41722 41763 0.00115535
34618 41759 41917 0.0045641
37529 43360 43512 0.0040502
36332 43100 43045 -0.00151382
36191 41684 41396 -0.00795778
35126 42096 42367 0.00771508
34552 42046 42254 0.00601991
33743 40120 40092 -0.000829802
36626 41362 41352 -0.00027303
36185 41105 41394 0.00798673
36508 43122 43038 -0.00230087
37039 43792 43771 -0.00056697
35938 41783 41914 0.00364517
36239 42878 42325 -0.0152598
35898 41771 41921 0.00417851
35760 42540 42530 -0.000279642
33466 41147 40978 -0.0050499
36952 42183 42620 0.0118262
35393 41693 41868 0.00494448
35646 41249 41315 0.00185154
35723 42384 42426 0.00117571
35740 41458 42172 0.0199776
36906 43206 42797 -0.0110822
37115 42734 42713 -0.000565809
36316 43695 43550 -0.00399273
36301 41404 41446 0.00115699
34860 42577 42435 -0.00407344
38051 43511 43351 -0.00420488
34729 42824 42861 0.00106539
36487 42827 42991 0.00449475
35635 42958 43335 0.0105795
35377 41622 41785 0.00460751
36077 42204 42204 0
34105 40867 41359 0.014426
35963 42090 42181 0.00253038
34519 40258 40258 0
36232 41929 41802 -0.00350519
36058 41601 41270 -0.00917966
36300 42867 42778 -0.00245179
36418 42257 42088 -0.00464056
35263 42035 41949 -0.00243882
37065 43272 43272 0
34763 41703 41687 -0.000460259
35817 42656 42384 -0.00759416
33549 41597 41568 -0.000864407
34819 41154 41388 0.00672047
35929 42166 42150 -0.000445323
36449 42493 42507 0.000384098
36651 42395 42440 0.0012278
34771 41073 41141 0.00195565
35542 42066 41891 -0.00492375
36090 42732 42665 -0.00185647
36379 41309 41465 0.00428819
36143 42798 42985 0.00517389
36311 42823 42578 -0.00674727
35352 41990 41990 0
37109 42889 42732 -0.00423078
34313 41168 41441 0.00795617
37004 42200 42234 0.00091882
35136 41787 42218 0.0122666
36373 42817 42817 0
35915 42251 41988 -0.00732285
36493 42771 42908 0.00375414
34450 41787 41759 -0.000812772
37240 42249 42136 -0.00303437
35448 41780 41969 0.00533175
35447 41862 41853 -0.0002539
37708 43411 43543 0.00350058
37176 42678 42606 -0.00193673
36571 43997 43305 -0.0189221
35914 41541 41538 -8.35329e-05
35880 42267 42130 -0.00381828
36739 43094 43257 0.0044367
37909 43447 43925 0.0126091
35714 41813 41649 -0.00459204
36797 42595 42707 0.00304373
35404 41846 41455 -0.0110439
37286 43233 43429 0.00525666
36615 43986 44027 0.00111976
34437 41453 41405 -0.00139385
34471 41154 41444 0.00841287
35617 42670 42441 -0.00642951
36483 42900 42934 0.000931941
35851 41471 41532 0.00170149
35587 43127 43076 -0.00143311
35068 42143 41884 -0.00738565
36651 42812 42670 -0.00387438
36301 42767 42692 -0.00206606
34966 40853 40673 -0.00514786
36026 43001 42913 -0.00244268
35113 41454 41506 0.00148093
34377 41212 41529 0.00922128
36420 42368 42336 -0.000878638
37343 43949 44264 0.00843532
36337 42126 42064 -0.00170625
36509 41998 42097 0.00271166
36639 43781 43809 0.000764213
37189 41832 42381 0.0147624
35223 41219 41224 0.000141953
36396 42670 42772 0.00280251
36913 42287 42308 0.000568905
36149 41430 41414 -0.000442613
36590 41821 41907 0.00235037
34394 40298 40558 0.00755946
37204 43693 43795 0.00274164
36374 42239 42195 -0.00120966
37221 43001 43038 0.000994062
35533 42240 42151 -0.00250471
36272 42044 41967 -0.00212285
36485 41516 41517 2.74085e-05
35391 42116 42515 0.0112741
34958 41965 41765 -0.00572115
36756 42123 41842 -0.00764501
36750 43712 43326 -0.0105034
35895 41094 40952 -0.00395598
38046 43618 43152 -0.0122483
34773 41034 41132 0.00281828
36147 43565 43546 -0.000525631
37071 42663 42506 -0.00423512
34928 42753 42786 0.000944801
36383 41214 40811 -0.0110766
37030 42046 42126 0.00216041
36407 42505 42427 -0.00214245
37411 42449 42643 0.00518564
37236 42433 42433 0
36472 43421 43233 -0.00515464
35348 41973 41845 -0.00362114
35398 41735 41685 -0.00141251
34499 40834 40883 0.00142033
34101 41858 41921 0.00184745
35416 41786 41418 -0.0103908
35515 42143 42418 0.00774321
35756 42099 42099 0
36947 41615 41547 -0.00184047
35660 41481 41522 0.00114975
35046 40458 40781 0.00921646
36447 41818 41631 -0.00513074
36728 43441 43490 0.00133413
36945 43824 44008 0.00498038
34814 41738 41685 -0.00152238
34957 41170 40758 -0.0117859
35564 41467 41793 0.00916657
34603 41836 41891 0.00158946
36394 41090 40666 -0.0116503
36452 42557 42807 0.00685833
36181 42828 42831 8.29164e-05
33768 40619 40511 -0.00319829
36591 41430 41103 -0.00893662
36657 40888 41384 0.0135308
36547 41724 41724 0
35680 42195 42195 0
36064 42090 41995 -0.00263421
35556 42573 42506 -0.00188435
35106 40771 40800 0.00082607
35963 41582 41940 0.00995468
37214 43186 43119 -0.0018004
35621 42189 42099 -0.0025266
36318 42964 42877 -0.00239551
35314 41925 42038 0.00319986
35356 41923 41658 -0.00749519
36993 43443 43112 -0.00894764
35445 42673 42263 -0.0115672
33917 40970 40858 -0.00330218
35759 42864 42841 -0.000643195
35477 40313 40266 -0.0013248
35404 40963 40852 -0.00313524
37211 42827 42827 0
36472 43278 43354 0.00208379
35285 42340 42461 0.00342922
35564 44029 44055 0.000731076
33176 39805 39731 -0.00223053
36347 42600 42639 0.00107299
35832 42215 42229 0.000390712
35293 42231 41664 -0.0160655
34011 40594 40625 0.00091147
34935 40925 40653 -0.00778589
35834 42795 42805 0.000279065
34545 40961 40693 -0.007758
35292 41943 42223 0.00793381
34133 40698 40831 0.00389652
39050 43923 43941 0.000460948
35513 42340 42279 -0.00171768
36214 41649 42201 0.0152427
35647 41977 42178 0.00563862
36040 41799 41647 -0.00421754
35051 41788 41852 0.00182591
35914 42028 42217 0.00526257
36163 42271 42367 0.00265465
35972 42115 42043 -0.00200156
37744 43696 43832 0.00360322
35963 42831 42571 -0.00722965
38674 43412 43412 0
36048 42171 41468 -0.0195018
34543 40883 41013 0.00376343
36494 43374 43374 0
36551 41809 41712 -0.00265383
36011 42726 42704 -0.000610924
34601 40556 40304 -0.00728303
34480 41394 41432 0.00110209
36159 42438 42700 0.00724578
36775 41772 41619 -0.00416044
36960 41629 41413 -0.00584416
34317 41668 41573 -0.00276831
36699 42277 42334 0.00155318
33804 40814 40576 -0.00704059
36791 40962 41413 0.0122584
35777 42623 42297 -0.009112
36017 42108 42175 0.00186023
37217 43195 43059 -0.00365424
37790 43283 43028 -0.00674782
33927 41068 40992 -0.0022401
34672 41007 40690 -0.00914282
33061 40230 40312 0.00248026
35712 40980 41201 0.0061884
33889 39877 39811 -0.00194753
36845 42222 41959 -0.00713801
36408 42169 42239 0.00192265
35505 42404 42630 0.0063653
36200 42007 42290 0.00781768
36022 42615 42571 -0.00122148
35662 41856 41779 -0.00215916
35378 40887 41076 0.0053423
36352 43125 42877 -0.00682218
34596 41130 41281 0.00436467
36353 41090 40919 -0.00470388
36294 41791 41726 -0.00179093
35885 42989 42998 0.000250801
35184 41508 41274 -0.00665075
35150 42286 42478 0.0054623
35041 41852 42059 0.00590737
36660 43788 43510 -0.0075832
35704 41170 41018 -0.00425723
35989 43111 43338 0.00630748
36833 42087 42154 0.00181902
36564 42167 42104 -0.00172301
36532 42371 42649 0.00760977
34600 42461 42439 -0.000635838
35394 41643 41540 -0.0029101
36593 42143 42359 0.00590277
34934 42791 42699 -0.00263354
35287 41769 42189 0.0119024
35014 40461 40570 0.00311304
34744 40470 40618 0.00425973
37491 44395 44285 -0.00293404
35150 41939 41930 -0.000256046
36113 41611 41585 -0.000719962
35573 41707 41731 0.000674669
34671 41900 41735 -0.00475902
36703 42127 41890 -0.00645724
35071 41302 40945 -0.0101794
37099 42617 42375 -0.00652309
35499 41001 41007 0.000169019
37259 41258 41792 0.0143321
34348 42076 42103 0.000786072
36876 42709 42747 0.00103048
36449 42969 42939 -0.000823068
37254 42856 42929 0.00195952
38090 44114 44346 0.00609084
35546 42398 42222 -0.00495133
36134 40181 40204 0.00063652
35650 42834 42506 -0.00920056
35402 41516 41715 0.00562115
36152 42944 42891 -0.00146603
37318 43741 43857 0.00310842
35121 41608 41885 0.00788702
35901 41414 41628 0.00596084
36428 43690 43774 0.00230592
35965 43000 43050 0.00139024
35548 42894 42794 -0.0028131
34484 42100 42476 0.0109036
36671 41939 42091 0.00414496
36733 41447 41320 -0.00345738
35589 43195 43385 0.00533873
34928 41871 41850 -0.000601237
35525 41911 42161 0.0070373
36722 40937 40793 -0.00392136
37846 43216 43084 -0.00348782
34020 41505 41256 -0.00731922
36078 41762 41934 0.00476745
35930 42671 42843 0.00478709
35617 41728 41705 -0.000645759
36132 41825 41785 -0.00110705
36428 42921 43122 0.00551773
37183 41520 41749 0.00615873
36106 42734 42766 0.000886279
36495 41754 41701 -0.00145225
36092 42778 43196 0.0115815
34714 41934 42189 0.00734574
36936 42292 42553 0.00706628
36016 41494 41526 0.000888494
36204 42184 42232 0.00132582
33954 42188 42125 -0.00185545
35562 42358 42361 8.43597e-05
34241 41642 41788 0.00426389
35772 41477 41439 -0.00106228
35681 41401 41483 0.00229814
36326 40450 40218 -0.00638661
35733 41869 41843 -0.000727619
34121 41114 41381 0.00782509
35646 41909 41972 0.00176738
35540 41033 40832 -0.0056556
37553 43623 43705 0.00218358
34921 41440 41384 -0.00160362
35760 42349 42440 0.00254474
35125 41840 41693 -0.00418505
35259 42329 42176 -0.00433932
37835 42578 42459 -0.00314524
36907 42124 42124 0
34466 41959 41920 -0.00113155
36641 43727 43631 -0.00262002
36036 41314 41266 -0.001332
34943 42778 42075 -0.0201185
34769 41416 41366 -0.00143806
36908 42575 42134 -0.0119486
36706 42806 42522 -0.00773715
37432 42455 42513 0.00154948
35480 42294 42225 -0.00194476
35896 41878 41706 -0.00479162
37184 42586 42644 0.00155981
36139 42754 42809 0.0015219
35806 43128 42748 -0.0106127
34713 42017 42026 0.000259269
36758 42405 42468 0.00171391
36030 43089 43092 8.32639e-05
37605 44082 44062 -0.000531844
36765 43246 43179 -0.00182239
35606 41554 41220 -0.00938044
33247 40702 40732 0.000902337
34947 41516 41611 0.0027184
33749 41372 41371 -2.96305e-05
36770 41879 41693 -0.00505847
37196 41387 41455 0.00182815
35467 43078 43527 0.0126597
34179 41955 41769 -0.00544194
35297 42084 42079 -0.000141655
35286 41567 41485 -0.00232387
35480 42674 42538 -0.00383315
35247 41646 41979 0.00944761
33546 41543 41493 -0.00149049
36874 42515 42652 0.00371535
36238 42135 42048 -0.00240079
35304 42609 42633 0.00067981
38959 42702 43323 0.0159398
37217 42523 42616 0.00249886
34931 42015 42044 0.000830208
35111 41917 42026 0.00310444
36271 42200 41951 -0.00686499
35600 42435 42311 -0.00348315
36438 43517 43921 0.0110873
38352 43465 43293 -0.00448477
35709 42327 42236 -0.00254838
35599 41944 42157 0.00598331
36318 42263 42078 -0.00509389
35571 41504 41689 0.00520087
35265 41091 40765 -0.00924429
34733 42587 42659 0.00207296
34571 41387 41773 0.0111654
35282 42634 42382 -0.00714245
37062 43455 43365 -0.00242836
38327 44110 44077 -0.000861012
34758 42134 42175 0.00117958
37135 42481 42139 -0.00920964
34170 42588 42052 -0.0156863
35284 43051 43058 0.00019839
35859 41304 41186 -0.00329067
34158 41305 41534 0.00670414
36455 42617 42596 -0.000576053
34266 40353 40362 0.000262651
36981 42840 42784 -0.00151429
34938 41485 41695 0.00601065
36445 42171 42064 -0.00293593
36220 42878 43075 0.00543898
35260 41657 41311 -0.00981282
36357 42660 42682 0.00060511
34295 41328 41282 -0.0013413
35222 42665 42698 0.000936914
36127 41820 41881 0.00168849
36771 42319 42084 -0.00639091
37980 42543 42473 -0.00184308
36862 42060 42023 -0.00100374
37081 42152 42261 0.00293951
33288 41641 41756 0.0034547
36118 42082 42163 0.00224265
37644 42340 42419 0.00209861
35959 42834 42954 0.00333713
34818 41142 40896 -0.00706531
36902 42813 42700 -0.00306216
34509 40789 41343 0.0160538
35861 42711 42475 -0.00658097
36292 42186 42623 0.0120412
35648 42417 42494 0.00216001
36778 41171 41872 0.0190603
35930 41839 41920 0.00225438
34731 41278 41082 -0.00564337
36867 43309 43420 0.00301082
36365 41796 41817 0.000577478
34982 39546 39929 0.0109485
35093 41441 41441 0
35252 41005 40867 -0.00391467
36285 43963 44103 0.00385834
34260 41698 41965 0.00779335
36239 43720 43720 0
37071 41921 42173 0.00679777
35334 40995 40862 -0.00376408
36179 42353 42474 0.00334448
36239 42668 42937 0.00742294
36751 42943 42833 -0.00299312
36720 42908 43161 0.00688998
36961 42420 42481 0.00165039
37223 42396 42364 -0.000859684
37200 43203 43322 0.00319892
34810 41128 41342 0.00614766
36093 42766 42650 -0.00321392
34277 41402 41377 -0.000729352
33894 40613 40682 0.00203576
35316 41248 41095 -0.00433231
36350 42720 42559 -0.00442916
34142 40966 41067 0.00295823
33607 41119 41094 -0.000743893
35250 41172 41137 -0.000992908
35174 42387 42782 0.0112299
34842 41549 41438 -0.00318581
35518 43091 43185 0.00264655
35033 41357 41600 0.00693632
36203 42470 42365 -0.00290031
36507 43252 43207 -0.00123264
34052 39992 39857 -0.00396452
34010 41709 41469 -0.00705675
35508 42864 42877 0.000366115
35933 42604 42657 0.00147497
35263 42634 42588 -0.00130448
33725 39521 39518 -8.89548e-05
37010 42887 42859 -0.000756552
36994 42167 41889 -0.00751473
34163 40346 40605 0.0075813
35281 41434 41486 0.00147388
35976 41901 42249 0.00967312
36682 42119 42020 -0.00269887
34306 42042 42041 -2.91494e-05
36385 42409 42621 0.00582658
36771 43097 43034 -0.00171331
35174 43881 44110 0.00651049
35877 42843 42840 -8.3619e-05
34629 42187 41973 -0.00617979
36769 43154 42690 -0.0126193
35132 41241 41194 -0.00133781
36492 42535 42731 0.00537104
36684 41752 42088 0.00915931
36142 42431 42503 0.00199214
37446 42720 43086 0.00977407
33990 40960 41433 0.0139159
35170 41260 41279 0.000540233
34923 41567 41396 -0.00489649
34448 40335 40760 0.0123374
35834 42089 42149 0.00167439
37199 43914 42966 -0.0254846
35895 41499 41783 0.00791197
36916 42506 42647 0.00381948
35399 40758 40758 0
34802 41129 41104 -0.00071835
37505 42837 42473 -0.00970537
35776 42253 42450 0.00550648
35825 42155 42037 -0.00329379
36888 42982 43071 0.00241271
37242 43967 43967 0
34685 41729 41430 -0.00862044
37161 43288 43251 -0.000995668
35408 42926 42813 -0.00319137
36520 43085 43085 0
36098 42279 42261 -0.000498643
33771 41198 41083 -0.00340529
36155 41379 41419 0.00110635
33031 41055 41063 0.000242197
33471 41796 41878 0.00244988
34860 40484 40413 -0.00203672
36224 43079 43331 0.00695671
34908 40813 40707 -0.00303655
37908 42593 42496 -0.00255883
36677 42756 42822 0.00179949
34958 41220 41258 0.00108702
35251 41873 41904 0.000879408
35342 42623 42416 -0.00585705
35284 41586 41606 0.000566829
38188 44174 43877 -0.00777731
36043 41394 41600 0.0057154
35391 40962 40962 0
36600 40942 40941 -2.73224e-05
36099 42294 42204 -0.00249314
35375 40856 40918 0.00175265
33981 41182 41260 0.0022954
35387 42135 42074 -0.0017238
34886 40955 41045 0.00257983
35780 43765 43885 0.00335383
33556 40454 40528 0.00220527
34857 41474 41405 -0.00197952
35027 41465 41435 -0.000856482
36177 42461 42437 -0.000663405
34989 41933 41867 -0.00188631
35423 41918 42060 0.00400869
37198 42962 42937 -0.000672079
36901 41806 41840 0.000921384
36452 42105 41928 -0.0048557
37947 42788 42364 -0.0111735
35714 41901 41908 0.000196002
34041 41683 41868 0.00543462
35780 41674 41531 -0.00399665
34662 42288 42350 0.0017887
35120 41286 41177 -0.00310364
35242 41228 41330 0.00289427
35152 41644 41621 -0.000654301
35885 41725 41565 -0.00445869
34055 41140 41303 0.00478637
35630 42393 41987 -0.0113949
36019 41847 42105 0.00716289
35847 42256 42056 -0.00557927
35898 42044 41744 -0.00835701
35717 41877 41846 -0.000867934
35691 41672 41627 -0.00126082
34856 40964 41105 0.00404521
35613 42223 42411 0.00527897
34613 41658 41529 -0.00372692
35268 41998 42426 0.0121356
35807 42295 42262 -0.000921608
37234 42363 42192 -0.00459258
35615 42224 42408 0.00516636
36226 43422 43233 -0.00521725
35593 41573 41475 -0.00275335
36341 43234 43546 0.00858534
36205 41886 41597 -0.00798232
35480 42006 42009 8.45547e-05
35708 41118 41226 0.00302453
35200 41212 41284 0.00204545
37714 42665 42729 0.00169698
37307 42393 42456 0.00168869
34407 42129 41871 -0.00749847
35931 41744 41562 -0.00506526
36558 43100 43137 0.00101209
34802 42770 42779 0.000258606
36706 42283 42086 -0.00536697
34494 41231 41114 -0.00339189
36758 44103 44301 0.00538658
37526 44405 44641 0.00628897
35561 42069 41803 -0.0074801
35732 42899 42865 -0.000951528
33949 40410 40898 0.0143745
35079 41697 41697 0
35902 42974 42771 -0.00565428
37660 42287 42310 0.000610728
36591 43154 43078 -0.00207701
37051 43795 43904 0.00294189
37718 43213 43358 0.00384432
35414 43761 43744 -0.000480036
34253 40620 40703 0.00242315
36096 42181 42178 -8.31117e-05
35616 42204 42571 0.0103044
34843 41850 41864 0.000401802
35998 41124 41036 -0.00244458
36506 42817 42939 0.00334192
35961 42142 42240 0.00272517
36358 42049 42436 0.0106441
35702 40901 40700 -0.00562994
35009 41916 41992 0.00217087
35360 40740 40712 -0.000791855
35693 42714 42593 -0.00339002
36942 43325 43467 0.00384386
36173 42121 42199 0.0021563
35554 42258 42219 -0.00109692
37586 42987 43071 0.00223487
37375 43254 43234 -0.000535117
34402 41738 41678 -0.00174408
33962 40902 40762 -0.00412225
35442 41998 41839 -0.0044862
36390 41923 41720 -0.00557846
37328 42121 42376 0.00683133
36393 42240 41827 -0.0113483
36580 41860 41659 -0.00549481
36314 42268 42232 -0.000991353
37096 41906 41776 -0.00350442
35818 42825 42882 0.00159138
37123 43625 43690 0.00175094
34141 41305 41787 0.0141179
36128 42497 42434 -0.0017438
36065 43882 43761 -0.00335505
34397 41313 41303 -0.000290723
34998 43598 43547 -0.00145723
36487 43701 43819 0.00323403
35774 43029 42798 -0.0064572
36560 43820 43891 0.00194201
36695 44802 44472 -0.00899305
35468 43284 42975 -0.00871208
35922 42040 42040 0
36505 42028 42030 5.4787e-05
34038 41106 40819 -0.00843175
35335 41835 41844 0.000254705
35213 41340 41558 0.0061909
36644 42663 42617 -0.00125532
35162 42797 42840 0.00122291
33963 41827 41887 0.00176663
35623 41439 41491 0.00145973
34923 42455 42082 -0.0106806
34876 41326 41244 -0.00235119
36316 42151 42263 0.00308404
34971 40912 41418 0.0144691
35471 41968 41857 -0.00312932
37190 43627 43627 0
35890 41901 41901 0
34804 41097 41392 0.00847604
36772 42185 42185 0
36428 41630 41197 -0.0118865
35205 42477 42356 -0.00343701
36587 41819 41614 -0.00560308
36042 42932 42940 0.000221963
36014 42120 42141 0.000583107
37887 42993 42924 -0.00182121
35501 40466 40389 -0.00216895
36663 43540 43462 -0.00212749
38303 42937 42876 -0.00159256
35045 41074 40904 -0.00485091
36235 41714 41911 0.00543673
37793 42914 43113 0.00526553
35341 42670 42652 -0.000509323
35792 42556 42713 0.00438646
35151 42240 42210 -0.000853461
36584 42800 42618 -0.00497485
36258 42967 42912 -0.00151691
37456 43103 42759 -0.00918411
36055 42233 42321 0.00244072
36642 41258 41027 -0.00630424
35716 41006 40931 -0.0020999
33685 41323 41213 -0.00326555
36963 43366 43287 -0.00213727
36633 40760 40912 0.00414926
37316 42560 42554 -0.000160789
35291 41492 41492 0
34039 41541 41587 0.00135139
34391 41655 41695 0.00116309
36476 42115 42179 0.00175458
36431 41871 42062 0.00524279
35523 42046 42384 0.00951496
34962 41200 41261 0.00174475
38690 43460 43668 0.00537607
34867 40601 40476 -0.00358505
37541 42687 42465 -0.00591353
36119 43269 43271 5.53725e-05
37085 43658 43633 -0.000674127
34501 42320 42284 -0.00104345
37347 42191 42396 0.00548906
35071 41639 41846 0.00590231
35309 41194 41184 -0.000283214
33927 41308 41227 -0.00238748
35929 41637 41659 0.000612319
35547 42703 42770 0.00188483
33601 41748 41803 0.00163686
35594 42632 42631 -2.80946e-05
35102 41097 41009 -0.00250698
35014 42193 42163 -0.0008568
34779 40861 40840 -0.000603813
36830 41792 41963 0.00464295
34791 42105 42179 0.00212699
35673 43757 43856 0.00277521
34888 42084 41511 -0.016424
36535 41802 41532 -0.00739017
36827 42387 42450 0.0017107
37170 42977 43021 0.00118375
35008 42093 42079 -0.000399909
37404 43342 43075 -0.00713827
34507 41039 41284 0.00710001
35405 42752 42752 0
34940 42025 42163 0.00394963
35445 42471 42448 -0.000648893
37738 43232 43208 -0.000635964
35527 41769 41708 -0.001717
33954 40990 40436 -0.0163162
34566 40699 40421 -0.00804259
35127 41879 41696 -0.00520967
35566 41152 41323 0.00480796
36478 42617 42539 -0.00213828
34332 40935 40769 -0.00483514
35802 41234 41103 -0.00365901
34963 41233 40839 -0.0112691
35509 41821 41511 -0.00873018
36416 41724 41454 -0.00741432
35760 43151 43187 0.00100671
35510 41346 41287 -0.0016615
35637 43398 43299 -0.00277801
35642 42633 42581 -0.00145895
34984 42311 42262 -0.00140064
35570 42510 42549 0.00109643
35652 42016 42244 0.00639515
35787 42278 42296 0.000502976
35108 42203 42082 -0.00344651
35021 41856 42126 0.00770966
35227 40681 41036 0.0100775
34243 41051 41016 -0.00102211
36028 42595 42928 0.00924281
36548 42251 42616 0.00998687
38732 43451 43025 -0.0109987
35988 41222 41337 0.00319551
38284 43268 43478 0.00548532
35321 42018 41864 -0.00436001
33711 41393 41555 0.00480555
37362 43677 43619 -0.00155238
35268 41697 41569 -0.00362935
36643 41149 41153 0.000109161
39038 44249 44173 -0.00194682
36061 42193 42410 0.00601758
36196 41254 41278 0.000663057
37294 43565 43240 -0.00871454
34837 40805 41157 0.0101042
34838 40789 40161 -0.0180263
34735 40506 40492 -0.000403052
35489 41820 41650 -0.00479022
37309 43073 43054 -0.000509261
33605 41100 41060 -0.0011903
38187 43569 43569 0
35628 43144 43249 0.00294712
37425 43339 43184 -0.00414162
35630 41095 41135 0.00112265
35026 41654 41154 -0.0142751
35421 42597 42838 0.00680387
35351 41600 42062 0.0130689
35079 42913 42951 0.00108327
35109 40919 40899 -0.000569655
35466 42600 42768 0.00473693
34975 43078 43012 -0.00188706
36919 43028 42818 -0.00568813
36271 41915 41904 -0.000303273
36196 42562 42361 -0.0055531
34694 40641 41129 0.0140658
33665 42802 42719 -0.00246547
33158 40845 40849 0.000120635
34747 42301 42037 -0.00759778
35222 41655 41905 0.00709784
35982 42246 42280 0.000944917
34200 42610 42741 0.00383041
34468 40581 40626 0.00130556
35784 40978 40828 -0.00419182
36469 42051 42089 0.00104198
35087 41027 41524 0.0141648
36944 41836 41505 -0.00895951
36378 40585 41053 0.0128649
36520 41763 41767 0.000109529
36256 42094 42132 0.0010481
34827 42813 42689 -0.00356046
35976 42427 42576 0.00414165
37670 43079 43140 0.00161933
36273 41414 41224 -0.00523806
35409 42467 42466 -2.82414e-05
35691 42486 42550 0.00179317
36555 42722 42436 -0.00782383
35997 42921 43056 0.00375031
34965 40547 40703 0.0044616
36018 41236 41307 0.00197124
34112 41110 41507 0.0116381
35162 41838 41770 -0.00193391
35413 40813 40572 -0.00680541
35455 41751 41594 -0.00442815
35415 43049 42943 -0.00299308
34536 41743 41728 -0.000434329
35413 43300 43300 0
34638 41361 41552 0.00551418
35883 40686 40803 0.0032606
37501 41811 41811 0
32726 40266 40233 -0.00100837
36363 42733 42654 -0.00217254
36413 42195 41693 -0.0137863
36654 43131 43191 0.00163693
36814 42444 42484 0.00108654
36643 42871 42014 -0.0233878
36559 42449 42650 0.00549796
37043 43194 43003 -0.00515617
37897 43540 43488 -0.00137214
36648 42588 42598 0.000272866
34871 41335 41451 0.00332655
37116 42107 41809 -0.00802888
36010 42704 42423 -0.00780339
35368 40695 40824 0.00364736
34518 41197 40891 -0.00886494
37260 42717 42479 -0.00638755
37391 41757 41855 0.00262095
35144 41768 41839 0.00202026
36253 41913 41942 0.000799934
36645 43626 43698 0.0019648
34847 41936 42013 0.00220966
34477 41414 41135 -0.00809235
35828 41896 41918 0.000614045
35746 42615 42509 -0.00296537
35216 39770 39764 -0.000170377
36258 42267 41954 -0.00863258
34769 42313 42305 -0.00023009
37186 42767 42767 0
34177 41178 41593 0.0121427
36919 41906 41704 -0.00547144
37987 43088 43227 0.00365915
34543 41177 40820 -0.0103349
34892 41292 41634 0.00980167
37103 42933 43046 0.00304558
34872 42496 41900 -0.0170911
36307 41387 41524 0.00377338
37447 43049 43153 0.00277726
37312 42950 42801 -0.00399335
35158 42036 41910 -0.00358382
34187 41850 41825 -0.000731272
33590 41587 41437 -0.00446561
36689 41893 41977 0.00228951
37487 43097 42951 -0.00389468
35919 41751 41581 -0.00473287
34771 41664 41562 -0.00293348
37400 43149 43294 0.00387701
36526 41976 41853 -0.00336746
36277 42489 42610 0.00333545
37867 42784 42694 -0.00237674
36546 43494 43684 0.00519893
37534 42417 42595 0.00474237
36815 41907 41856 -0.0013853
35897 43181 43166 -0.000417862
37075 42196 42173 -0.000620364
36656 42270 42445 0.00477412
37269 42546 42772 0.00606402
35131 40212 40230 0.000512368
35041 41615 41381 -0.00667789
37625 42700 42832 0.00350831
35226 41303 41489 0.00528019
36134 42230 42337 0.0029612
35325 42552 42503 -0.00138712
37187 42776 42085 -0.0185818
36031 42053 41977 -0.00210929
35103 40706 40720 0.000398826
36833 42969 43058 0.00241631
37749 43472 43496 0.000635778
37208 43302 43311 0.000241883
35677 43001 42928 -0.00204614
36596 42767 43034 0.00729588
36846 42725 42867 0.00385388
35674 42218 42188 -0.000840949
36509 42807 42740 -0.00183516
36306 42948 42825 -0.00338787
35991 42167 41978 -0.00525131
33384 42534 42298 -0.00706925
34821 42344 42175 -0.00485339
36464 43040 42995 -0.00123409
37005 42587 42653 0.00178354
33906 42394 42222 -0.00507285
37638 42808 42705 -0.0027366
35431 42624 42712 0.0024837
35551 42576 42232 -0.00967624
37319 42228 42005 -0.00597551
35989 42372 42147 -0.00625191
36509 43264 43069 -0.00534115
36208 42106 41807 -0.00825784
34174 41378 41456 0.00228244
36546 43465 43435 -0.000820883
34651 42175 42108 -0.00193357
36604 42837 42777 -0.00163917
34335 41318 41294 -0.000698995
36307 43371 43324 -0.00129452
35915 41780 42217 0.0121676
36414 42422 42238 -0.005053
34329 41164 40951 -0.00620467
35666 42102 42810 0.0198508
36965 42085 42001 -0.00227242
35702 41247 41374 0.00355722
35421 41954 41973 0.000536405
37540 42996 42832 -0.00436867
37486 42433 42326 -0.0028544
35095 41877 41821 -0.00159567
34754 42900 43172 0.00782644
35587 42254 42412 0.00443982
35640 42415 42375 -0.00112233
36987 44443 44224 -0.005921
35978 41643 41681 0.0010562
34554 41984 41890 -0.00272038
38708 44755 45060 0.00787951
37559 43671 43577 -0.00250273
36400 42772 42633 -0.00381868
35736 40750 40954 0.00570853
36914 42336 42596 0.0070434
37767 43521 43513 -0.000211825
36904 43464 43536 0.00195101
36267 42422 42527 0.00289519
34328 41956 42240 0.00827313
34680 40911 41075 0.00472895
36706 42131 41962 -0.00460415
35515 41772 41839 0.00188653
36106 42965 43230 0.0073395
36007 41023 41082 0.00163857
37704 43061 42911 -0.00397836
36204 41318 41588 0.00745774
35436 41195 41077 -0.00332995
35176 42398 42497 0.00281442
34773 41474 41564 0.00258821
36257 42085 42266 0.00499214
35917 41366 42443 0.0299858
