32781 36574 36669 0.00289802
32419 36133 36088 -0.00138807
32898 37155 37353 0.0060186
32520 37381 37168 -0.00654982
32794 37184 37090 -0.00286638
32565 36913 36354 -0.0171657
34131 37861 37846 -0.000439483
32737 37260 37260 0
31409 36538 36533 -0.00015919
32185 36332 36414 0.00254777
34205 37261 37323 0.0018126
31906 37091 37001 -0.00282079
32421 36788 36684 -0.0032078
33018 37783 37825 0.00127203
31728 36867 36785 -0.00258447
32551 36473 36624 0.00463887
32713 37676 37639 -0.00113105
32109 37100 37124 0.000747454
31461 36404 36115 -0.00918598
32238 36862 36675 -0.00580061
33105 37267 37252 -0.000453104
33205 37266 37262 -0.000120464
32032 36291 36370 0.00246628
34028 37522 37606 0.00246856
32387 36982 36802 -0.00555779
33427 37650 37515 -0.00403865
32452 37443 37319 -0.00382103
33519 37175 37105 -0.00208837
32703 37143 37143 0
33625 36948 36702 -0.00731599
33594 37353 37427 0.00220277
32474 36351 36302 -0.0015089
32193 36991 36933 -0.00180163
31918 36178 36098 -0.00250642
32196 36833 36842 0.000279538
31618 37039 37033 -0.000189765
33742 36988 36900 -0.00260803
33306 37656 37773 0.00351288
32351 37006 37010 0.000123644
31820 37004 36987 -0.000534255
33785 38347 38310 -0.00109516
32211 36543 36231 -0.00968613
32747 37726 37672 -0.00164901
32385 37311 37522 0.00651536
32152 36272 36357 0.00264369
33689 38219 38120 -0.00293864
33083 37006 37020 0.000423178
32940 37971 37825 -0.0044323
33198 37647 37472 -0.0052714
32731 36303 36299 -0.000122208
32377 36359 36167 -0.00593014
32270 36727 36710 -0.000526805
32228 35785 35845 0.00186174
31837 36466 36660 0.00609354
33115 37259 37311 0.00157029
32537 36608 36534 -0.00227433
32922 37161 37178 0.000516372
33724 37715 37678 -0.00109714
32666 36841 36941 0.00306129
32422 36876 36519 -0.011011
32662 36864 36884 0.000612332
32670 36167 36156 -0.0003367
33402 36935 36672 -0.00787378
32793 37313 37195 -0.00359833
32399 36186 36117 -0.0021297
32297 37645 37449 -0.00606868
32204 37318 37010 -0.00956403
32348 36781 36868 0.0026895
32366 36369 36349 -0.000617932
33156 36927 36945 0.000542888
32643 36906 36911 0.000153172
32170 36180 36403 0.00693192
32018 37096 37174 0.00243613
32700 37036 37325 0.00883792
31236 36690 36574 -0.00371366
31301 36381 36539 0.00504776
32177 36542 36577 0.00108773
32567 37149 37179 0.000921178
32605 37779 37529 -0.00766754
32066 37742 37652 -0.00280671
30625 35838 35818 -0.000653061
32252 36629 36565 -0.00198437
32253 36042 36077 0.00108517
31733 35633 35787 0.00485299
31865 37520 37387 -0.00417386
32791 37403 37401 -6.09923e-05
32307 36189 36130 -0.00182623
33325 37977 38062 0.00255064
32290 37180 36979 -0.00622484
32482 37158 37283 0.00384829
33034 38693 38774 0.00245202
31902 36401 36256 -0.00454517
32960 37676 37653 -0.000697816
32230 36727 36597 -0.00403351
33032 37342 37434 0.00278518
32173 36357 36464 0.00332577
32174 36245 36412 0.00519053
32643 37552 37632 0.00245076
33054 37339 37309 -0.000907606
31766 36064 35908 -0.00491091
32631 37272 37304 0.000980663
33488 37553 37329 -0.00668896
32944 37758 37872 0.00346042
32047 36759 36916 0.00489905
33309 37059 36969 -0.00270197
33424 37840 37835 -0.000149593
31977 37152 37038 -0.00356506
33177 37557 37402 -0.00467191
32118 36925 37034 0.00339374
32817 36918 36909 -0.000274248
32970 37221 37223 6.06612e-05
32358 36024 36215 0.00590271
32409 37777 37898 0.00373353
31426 36584 36589 0.000159104
32044 36327 36209 -0.00368244
32613 36126 36253 0.00389415
32825 36724 36853 0.00392993
32891 37514 37473 -0.00124654
32077 37334 37200 -0.00417745
32630 36551 36256 -0.00904076
32256 37020 36925 -0.00294519
32696 36691 36759 0.00207977
32909 37148 37115 -0.00100277
30890 36482 36294 -0.00608611
32935 37292 37292 0
32449 37104 36907 -0.00607107
32700 36788 36632 -0.00477064
33047 37359 37180 -0.00541653
33398 37495 37380 -0.00344332
33663 37849 37874 0.000742655
33264 36785 37237 0.0135883
32703 37286 37282 -0.000122313
32502 36564 36580 0.000492277
31587 37229 37136 -0.00294425
32540 36905 36945 0.00122926
31508 36932 37045 0.00358639
33144 37150 37150 0
33029 37540 37497 -0.00130189
32038 36793 36794 3.12129e-05
33604 37301 37285 -0.000476134
31405 36524 36581 0.001815
32443 35834 35848 0.000431526
31393 35742 35608 -0.00426847
32221 36662 36639 -0.00071382
33130 36901 36968 0.00202234
32669 37468 37445 -0.000704031
32834 37324 37256 -0.00207102
31484 35796 35579 -0.00689239
33497 37146 37328 0.00543332
31494 35642 35908 0.00844605
31356 36719 36729 0.000318918
31601 36934 36729 -0.00648714
31615 36465 36299 -0.00525067
32276 36327 36297 -0.000929483
32169 36734 36652 -0.00254904
32759 36602 36456 -0.00445679
32243 36414 36369 -0.00139565
32015 36446 36506 0.00187412
32815 37126 37093 -0.00100564
31860 36031 36046 0.00047081
33223 36901 36685 -0.00650152
32252 37722 37613 -0.00337964
32139 36296 36403 0.00332929
32480 37076 37115 0.00120074
31966 37190 37118 -0.00225239
34361 37307 37401 0.00273566
33222 36995 36904 -0.00273915
33347 37821 37813 -0.000239902
33135 37427 37541 0.00344047
32647 37244 37185 -0.00180721
31924 36785 36845 0.00187946
33259 37830 37672 -0.00475059
32230 36317 36209 -0.00335092
31881 36446 36459 0.000407766
33685 36996 37441 0.0132106
33431 37153 37121 -0.000957195
32458 37420 37394 -0.000801035
32502 36541 36442 -0.00304597
32023 36793 36763 -0.000936827
32238 36910 36976 0.00204727
34089 37786 37817 0.000909384
33095 37151 37112 -0.00117843
33127 36834 36644 -0.0057355
32296 36629 36799 0.00526381
33969 38167 38298 0.00385646
33886 38089 38071 -0.000531193
31615 36544 36617 0.00230903
31631 35910 35734 -0.00556416
32348 36935 36848 -0.0026895
33189 38093 38093 0
32913 37316 37103 -0.00647161
31899 36594 36612 0.000564281
31745 36790 36774 -0.000504016
33189 37546 37680 0.00403748
32582 37153 37160 0.000214843
32101 36703 36629 -0.00230522
32078 36918 36791 -0.0039591
31847 35991 36038 0.00147581
31736 36386 36387 3.151e-05
31924 36215 36353 0.00432277
33122 37382 37250 -0.00398527
33199 36791 36902 0.00334347
33607 36592 36589 -8.92671e-05
32349 37527 37334 -0.00596618
33715 37160 37087 -0.00216521
32124 36187 36293 0.00329971
32771 37134 36786 -0.0106191
32795 36744 36567 -0.00539716
32197 35953 35568 -0.0119576
32436 36691 36432 -0.00798495
30932 35271 35325 0.00174576
33780 38272 38429 0.00464772
32346 37314 37281 -0.00102022
32999 37461 37453 -0.000242432
32726 36797 36779 -0.000550021
32170 36423 36367 -0.00174075
33299 37157 36943 -0.00642662
32423 36537 36471 -0.00203559
32900 37501 37363 -0.00419453
34700 37574 37411 -0.00469741
33231 37383 37222 -0.00484487
32500 36274 36078 -0.00603077
33897 38416 38416 0
31157 35475 35430 -0.0014443
32853 37653 37578 -0.0022829
32442 37278 37324 0.00141792
31221 36117 36440 0.0103456
32776 36508 36437 -0.00216622
33610 37219 36948 -0.00806308
32536 36881 36742 -0.00427219
32899 37112 37170 0.00176297
33056 37272 37222 -0.00151258
32979 37965 37984 0.000576124
31956 36722 36739 0.000531981
32269 37359 37276 -0.00257213
31836 36395 36319 -0.00238723
31928 36534 36532 -6.26409e-05
32288 36708 36729 0.000650396
32267 36874 36655 -0.00678712
33162 37067 36945 -0.00367891
33108 36450 36548 0.00296001
32663 37242 37348 0.00324526
32617 36264 36280 0.000490542
32785 36400 36562 0.00494128
33299 38039 37942 -0.002913
32611 37806 37787 -0.000582625
31352 36028 36117 0.00283873
32058 36363 36151 -0.00661301
32422 36867 36874 0.000215903
31672 36479 36555 0.0023996
32701 36126 36333 0.00633008
33034 37074 37158 0.00254283
33134 37104 36880 -0.00676043
31617 35908 35895 -0.000411171
33032 36630 36590 -0.00121095
33687 37215 37217 5.93701e-05
32316 37873 37695 -0.00550811
32284 37348 37375 0.000836328
31992 36820 36901 0.00253188
32763 36587 36475 -0.00341849
32994 36739 36655 -0.00254592
32478 37267 37211 -0.00172424
32280 36871 36855 -0.000495663
31684 36218 36277 0.00186214
32747 37974 37914 -0.00183223
32077 36504 36447 -0.00177697
32055 36942 36876 -0.00205896
32629 36382 36266 -0.00355512
32192 36472 36432 -0.00124254
31211 35268 35342 0.00237096
32742 37542 37576 0.00103842
32804 35798 35722 -0.00231679
32801 36307 36231 -0.002317
33348 36962 36971 0.000269881
33371 37537 37515 -0.000659255
32327 36777 36869 0.00284592
31044 37220 37306 0.00277026
30909 35874 35803 -0.00229707
32997 37484 37328 -0.0047277
32150 37076 36824 -0.00783826
32499 37019 37025 0.000184621
31469 36138 36150 0.000381328
32276 36771 36757 -0.000433759
32914 36765 36589 -0.00534727
32224 36686 36699 0.000403426
31783 37016 36805 -0.00663877
31885 35724 35730 0.000188176
34318 37734 37703 -0.000903316
32727 37151 37084 -0.00204724
32893 36950 37012 0.0018849
32505 37119 37233 0.00350715
33035 36577 36621 0.00133192
32431 36488 36493 0.000154173
32722 36748 36642 -0.00323941
32969 37004 36951 -0.00160757
33238 37428 37529 0.00303869
33461 37846 37936 0.0026897
31899 36416 36525 0.00341704
33398 37883 37863 -0.000598838
33096 38083 38103 0.000604303
32233 36469 36472 9.30723e-05
33316 37371 37220 -0.00453236
32518 36744 36760 0.000492035
33193 37458 37426 -0.000964059
31939 35878 35930 0.0016281
32177 37106 37200 0.00292134
32081 37188 37101 -0.00271189
32860 36585 36303 -0.00858186
33060 36153 36140 -0.000393224
31550 35977 36033 0.00177496
33327 37505 37509 0.000120023
32122 36709 36490 -0.00681776
32932 36477 36231 -0.00746994
32457 37254 37241 -0.00040053
32054 36329 36129 -0.00623947
33075 37034 37125 0.00275132
33244 36983 37249 0.00800144
31882 36172 36206 0.00106643
32532 36431 36608 0.0054408
30818 35969 35958 -0.000356934
32578 35802 35901 0.00303886
30847 36268 36256 -0.000389017
32478 37624 37410 -0.00658908
32916 36758 36935 0.00537732
32199 37242 37260 0.000559024
31906 36424 36247 -0.00554755
32276 36149 36012 -0.00424464
32611 36468 36482 0.000429303
32855 36080 35994 -0.00261756
32183 36636 36646 0.000310723
31715 36091 36324 0.00734668
33666 36995 37062 0.00199014
32233 36190 36186 -0.000124096
33139 37672 37483 -0.00570325
32032 35994 36120 0.00393357
32125 36962 36955 -0.000217899
32308 36595 36701 0.00328092
33409 37708 37843 0.00404083
32462 36439 36326 -0.00348099
32489 37717 37860 0.00440149
33602 37064 37073 0.000267841
33289 36774 36820 0.00138184
33555 37123 37349 0.00673521
32145 36673 36604 -0.00214652
31994 36323 36450 0.00396949
33020 37463 37414 -0.00148395
32581 37512 37530 0.000552469
32073 36754 36713 -0.00127833
31849 36118 35963 -0.00486671
32623 36699 36652 -0.0014407
32500 37128 37097 -0.000953846
31964 37172 37166 -0.000187711
33322 36996 36918 -0.0023408
32086 36700 36626 -0.0023063
32192 36753 36726 -0.000838718
34245 37776 37561 -0.00627829
31944 36451 36560 0.00341222
33588 37993 37764 -0.00681791
31626 35956 35791 -0.00521723
33536 36942 36882 -0.00178912
31826 36757 36753 -0.000125683
33168 36788 36510 -0.00838157
33066 37056 37221 0.00499002
33570 36981 36862 -0.00354483
33554 37677 37684 0.000208619
33121 37184 37189 0.000150962
33045 36197 36195 -6.05235e-05
31790 37278 37234 -0.00138408
32259 36732 36742 0.000309991
32911 37787 37633 -0.00467929
33730 37465 37506 0.00121554
31870 36636 36548 -0.00276122
32850 36911 36749 -0.00493151
33597 37867 37857 -0.000297646
33247 38436 38540 0.0031281
31932 37375 37450 0.00234874
32755 37309 37287 -0.000671653
32872 36993 37112 0.0036201
32965 37070 36990 -0.00242682
32328 37162 37201 0.00120638
31983 37355 37180 -0.00547166
32722 36742 36514 -0.00696779
32808 36808 36753 -0.00167642
32891 37418 37030 -0.0117965
32142 36616 36324 -0.00908469
32810 36563 36428 -0.0041146
32910 36876 36836 -0.00121544
32465 37025 37002 -0.000708455
32526 37227 37167 -0.00184468
33596 38492 38516 0.000714371
33127 36622 36732 0.00332055
31670 37174 37551 0.011904
32797 36758 36669 -0.00271366
33279 37742 37823 0.00243397
33388 37804 37695 -0.00326465
32612 36389 36093 -0.00907641
32253 36864 36840 -0.000744117
32312 36505 36409 -0.00297103
31770 36796 36848 0.00163676
32678 37395 37378 -0.000520228
31656 36802 36810 0.000252717
32513 36995 36905 -0.00276812
32211 36353 36344 -0.000279408
33494 36442 36599 0.00468741
32959 36838 36644 -0.0058861
30687 35692 35738 0.00149901
32525 36254 36157 -0.00298232
33446 37296 36809 -0.0145608
33832 37755 37768 0.000384252
33010 36547 36548 3.02939e-05
32673 37122 37147 0.000765158
31502 36154 35952 -0.00641229
32368 36661 36709 0.00148295
32961 37162 37030 -0.00400473
33035 36251 36558 0.00929317
31785 37022 36898 -0.00390121
33280 37964 37766 -0.00594952
32683 36473 36487 0.000428357
32154 37077 36693 -0.0119425
31442 35820 35575 -0.00779213
32710 36765 36926 0.00492204
33841 38144 37904 -0.00709199
34864 37153 37213 0.00172097
32496 36551 36485 -0.00203102
32444 37586 37541 -0.00138701
33141 37417 37288 -0.00389246
32329 37503 37403 -0.0030932
32529 36990 36996 0.000184451
31610 36662 36730 0.00215122
32707 37071 37080 0.00027517
32224 36928 36523 -0.0125683
33342 37508 37443 -0.00194949
33342 37420 37391 -0.000869774
32779 36160 36303 0.00436255
31321 35943 36276 0.0106318
32939 37530 37442 -0.00267161
31228 36123 36135 0.000384271
33156 36819 36779 -0.00120642
32701 36359 36112 -0.00755329
32564 37910 37891 -0.000583466
31721 36902 37000 0.00308944
32300 36483 36294 -0.00585139
31962 37142 36927 -0.00672674
31585 36788 36794 0.000189964
32417 36722 36641 -0.00249869
31817 37291 37377 0.00270296
32825 37146 36824 -0.0098096
31764 37053 36855 -0.00623347
31425 36414 36407 -0.000222753
33532 37553 37399 -0.00459263
34096 37986 38049 0.00184772
31936 36622 36567 -0.00172219
31935 36858 36921 0.00197276
32914 37279 37294 0.000455733
33172 37576 37564 -0.000361751
33355 37850 37434 -0.0124719
33141 37650 37682 0.000965571
32309 37055 37069 0.000433316
32928 36924 36757 -0.00507167
33287 37810 37850 0.00120167
32073 36457 36450 -0.000218252
32948 37140 37198 0.00176035
31470 36702 36758 0.00177947
32685 36927 36847 -0.00244761
32533 37616 37560 -0.00172133
33320 37634 37391 -0.00729292
33480 37461 37484 0.000686977
31767 36904 36779 -0.0039349
33367 37059 37107 0.00143855
32036 36959 36630 -0.0102697
32935 37623 37725 0.00309701
32306 36168 36413 0.00758373
30684 36059 36084 0.000814757
32534 37401 37273 -0.00393435
31654 36226 36169 -0.00180072
33490 37217 36903 -0.00937593
33186 37079 37075 -0.000120533
32309 36628 36605 -0.000711876
32559 37148 37040 -0.00331706
32403 36741 36638 -0.00317872
32486 37838 37885 0.00144678
31451 36037 36170 0.0042288
33168 37399 37455 0.00168837
32883 36738 36712 -0.000790682
33646 37329 37414 0.0025263
34456 37641 37618 -0.000667518
32739 36394 36444 0.00152723
33615 37025 37118 0.00276662
31567 36591 36477 -0.00361137
32825 37425 37424 -3.04646e-05
33053 37150 37029 -0.00366079
32061 37066 37061 -0.000155953
31946 36415 36312 -0.00322419
33393 37364 37092 -0.00814542
32287 37126 37095 -0.000960139
31506 35934 35939 0.0001587
33489 36931 36987 0.00167219
32304 36983 36958 -0.000773898
33196 36802 36852 0.00150621
33548 37450 37498 0.00143079
32361 36864 36989 0.00386267
32675 36856 36830 -0.000795715
33879 37380 37213 -0.00492931
32199 36046 36033 -0.000403739
32255 36880 36675 -0.0063556
32534 36113 36379 0.00817606
33238 37770 37854 0.00252723
31725 36495 36443 -0.00163909
32585 37422 37403 -0.00058309
33488 37887 37777 -0.00328476
32699 36064 35949 -0.00351693
31369 36289 36256 -0.00105199
33308 37437 37597 0.00480365
33278 36798 36509 -0.00868442
32723 37118 37064 -0.00165022
33876 37196 37286 0.00265675
32770 37067 37043 -0.000732377
33384 37989 37645 -0.0103043
33466 37075 37299 0.00669336
32183 37159 36918 -0.00748843
30690 36080 35932 -0.00482242
32474 36774 36714 -0.00184763
32892 37078 36875 -0.00617171
33252 37083 37087 0.000120294
30543 35802 35798 -0.000130963
30958 35930 35991 0.00197041
32614 36210 36274 0.00196235
32084 36806 37047 0.00751153
31562 36342 36481 0.00440403
32031 37652 37770 0.00368393
31852 36783 36655 -0.00401859
32653 37401 37391 -0.000306251
32755 37633 37584 -0.00149595
31706 36000 35931 -0.00217624
31227 36210 35860 -0.0112082
32184 37575 37587 0.000372856
32952 37197 37149 -0.00145666
31459 36861 36790 -0.00225691
30887 35871 35727 -0.00466216
33080 37441 37378 -0.00190447
33748 38117 38103 -0.000414839
31130 35915 36039 0.0039833
32194 36315 36138 -0.00549792
31854 36611 36622 0.000345326
32519 36291 36497 0.00633476
32215 36979 36841 -0.00428372
33801 37378 37587 0.00618325
32128 36915 36882 -0.00102714
32442 37734 37702 -0.000986376
33155 37643 37821 0.00536872
31572 36754 36863 0.00345243
33690 37343 37299 -0.00130603
32482 36928 37052 0.0038175
33248 37677 37683 0.000180462
33010 36906 36878 -0.000848228
32412 35998 35877 -0.00373319
33773 37727 37633 -0.00278329
31848 36546 36776 0.0072218
31992 36134 36091 -0.00134409
32330 36853 36814 -0.00120631
31813 35552 35527 -0.000785842
32880 37004 36923 -0.0024635
32694 37452 37562 0.00336453
32905 36734 36894 0.00486248
34022 37719 37719 0
31770 36097 36090 -0.000220334
31826 36775 36847 0.0022623
34032 37891 37879 -0.000352609
31464 36073 35991 -0.00260615
33170 36812 36715 -0.00292433
33313 37586 37598 0.00036022
32986 37721 37669 -0.00157643
32165 36732 36712 -0.000621794
33605 37377 37388 0.000327332
31860 36761 36674 -0.0027307
33902 37856 37784 -0.00212377
33164 37140 37132 -0.000241225
31637 36400 36400 0
32745 36647 36563 -0.00256528
31825 36853 36849 -0.000125687
30421 36340 36266 -0.00243253
31938 36538 36214 -0.0101447
33203 37727 37651 -0.00228895
31799 35776 35559 -0.00682411
34397 37267 37083 -0.0053493
33321 36722 36773 0.00153057
32778 36781 36749 -0.000976265
31611 36302 36179 -0.00389105
32494 37137 37044 -0.00286207
32236 36572 36537 -0.00108574
34248 38348 38187 -0.004701
33275 36424 36180 -0.00733283
32065 36158 36175 0.000530173
33246 36308 36288 -0.000601576
33552 38711 38844 0.003964
32216 36228 36271 0.00133474
32033 36484 36560 0.00237255
31795 37112 37239 0.00399434
31856 36031 36173 0.00445756
31607 37352 37160 -0.0060746
30609 35613 35613 0
31647 36361 36392 0.000979556
32275 36485 36288 -0.0061038
32664 36751 36845 0.00287779
32310 36979 37084 0.00324977
32825 36807 36737 -0.00213252
33137 37317 37214 -0.00310831
33594 37262 37350 0.00261952
32419 36249 36020 -0.00706376
33582 37346 37425 0.00235245
32548 36843 36846 9.21716e-05
31618 36990 36992 6.32551e-05
32875 36744 36571 -0.00526236
32409 36439 36346 -0.00286957
32330 36887 36639 -0.00767089
32395 37117 37111 -0.000185214
32550 36963 36917 -0.00141321
32791 36521 36546 0.000762404
31781 36335 36440 0.00330386
32355 36965 37068 0.00318343
32535 36890 36732 -0.00485631
32056 36647 36735 0.0027452
33259 37408 37372 -0.00108241
32166 36746 36733 -0.000404153
31922 35642 35677 0.00109642
31300 36255 36247 -0.000255591
31931 36678 36539 -0.00435314
32082 36566 36482 -0.00261829
32423 36832 37105 0.00841995
33310 37406 37433 0.000810567
34131 36910 36704 -0.00603557
32423 37169 37220 0.00157296
32399 37573 37569 -0.000123461
33106 37455 37534 0.00238627
33034 38075 37707 -0.01114
33390 36992 37094 0.00305481
31944 36580 36641 0.00190959
32228 36806 36993 0.00580241
32327 36950 36884 -0.00204164
33488 36851 36851 0
33517 37224 37224 0
31024 36569 36323 -0.00792935
32096 36110 36119 0.000280409
33336 37544 37585 0.0012299
31931 37056 36944 -0.00350756
32595 36916 37054 0.00423378
31153 36680 36701 0.000674092
32828 37800 37819 0.000578774
33603 37915 38000 0.00252954
32880 36959 36895 -0.00194647
32055 36833 36885 0.00162221
31314 36680 36609 -0.00226736
32796 37517 37518 3.04915e-05
32378 36987 36819 -0.00518871
34469 38013 37948 -0.00188575
33216 36448 36469 0.000632225
33307 37910 37836 -0.00222176
34132 37249 37217 -0.000937537
31578 37605 37658 0.00167838
31520 36128 35973 -0.00491751
32515 36783 36782 -3.0755e-05
31981 36958 37264 0.00956818
32117 36559 36600 0.00127658
32780 36932 36932 0
32855 37154 37042 -0.00340892
32460 36733 36970 0.00730129
31898 36658 36600 -0.0018183
32199 36069 36162 0.00288829
31620 36433 36306 -0.00401645
33255 36501 36172 -0.00989325
32402 37347 37272 -0.00231467
33349 37328 37226 -0.00305856
32923 37077 37309 0.00704675
32618 37554 37410 -0.00441474
33685 37863 37615 -0.00736233
32901 37537 37435 -0.00310021
31341 37060 37107 0.00149963
31166 35703 35627 -0.00243855
31816 36716 36830 0.0035831
33038 37213 37123 -0.00272414
34038 37420 37144 -0.00810858
32619 36634 36538 -0.00294307
32171 35667 35816 0.0046315
32999 37185 37113 -0.00218188
33197 36917 36793 -0.00373528
32210 37397 37517 0.00372555
32412 37077 37171 0.00290016
32194 36685 36715 0.000931851
32494 36578 36663 0.00261587
32635 37705 37761 0.00171595
31632 36425 36519 0.00297167
32316 37044 37103 0.00182572
32424 37691 37803 0.00345423
32065 36658 36527 -0.00408545
33861 37214 37047 -0.00493193
32980 38513 38038 -0.0144027
32516 37833 38090 0.0079038
33302 37108 37108 0
32018 36761 36614 -0.00459117
31564 35958 35751 -0.0065581
32152 36873 37015 0.00441652
32444 36979 37109 0.0040069
33017 36608 36529 -0.00239271
32152 37369 37274 -0.00295472
32233 37018 36824 -0.00601868
32472 36635 36681 0.00141661
33186 37349 37355 0.000180799
31523 35928 35971 0.00136408
32896 37193 37147 -0.00139835
31293 36171 36422 0.00802096
32828 36431 36460 0.000883392
33670 37552 37938 0.0114642
32245 36661 36639 -0.000682276
32575 36243 36567 0.00994628
32821 36988 36977 -0.000335151
33451 36614 36527 -0.00260082
32678 36945 37018 0.00223392
32967 37550 37726 0.00533867
32408 37134 37053 -0.00249938
33238 36683 36665 -0.000541549
33408 37781 37505 -0.00826149
33045 36630 36552 -0.00236042
33532 38174 38174 0
34398 37738 37789 0.00148264
31836 35953 36061 0.00339239
32340 36380 36365 -0.000463822
34026 37899 37842 -0.00167519
32351 37292 37291 -3.09109e-05
33280 37476 37412 -0.00192308
32030 36875 36885 0.000312207
33645 37311 37362 0.00151583
33002 37471 37326 -0.00439367
33138 37348 37621 0.00823828
32681 36967 36852 -0.00351886
32853 36429 36254 -0.00532676
32248 36656 36642 -0.000434135
31092 36104 36072 -0.0010292
32895 37036 37116 0.00243198
33267 36609 36663 0.00162323
33104 36489 36684 0.00589053
32805 36591 36485 -0.00323121
31659 36711 36477 -0.00739126
32205 37354 37109 -0.00760751
32184 36854 36935 0.00251678
32827 36679 36358 -0.00977854
31907 36443 36101 -0.0107187
31504 35778 35689 -0.00282504
34032 37819 37934 0.00337917
31989 35576 35291 -0.00890931
33368 37708 37346 -0.0108487
31867 37191 37082 -0.00342047
33320 37408 37407 -3.0012e-05
31987 37068 36861 -0.00647138
32976 36523 36405 -0.00357836
32418 36981 36908 -0.00225184
31543 35918 35933 0.000475541
31359 36816 36709 -0.0034121
32822 36616 36550 -0.00201085
32349 37040 37100 0.00185477
31925 36915 36912 -9.39702e-05
32417 36800 36847 0.00144986
31916 35887 35890 9.39967e-05
31612 36285 36293 0.000253068
31704 36757 36603 -0.00485743
32034 36776 36670 -0.00330898
32335 37014 36882 -0.00408226
32525 38089 38116 0.000830131
31777 36336 36245 -0.00286371
34012 37454 37447 -0.00020581
33269 38311 38465 0.00462893
32832 37950 38012 0.0018884
31937 37173 37206 0.00103328
33237 37010 36745 -0.00797304
31427 36041 36081 0.00127279
32376 37021 37121 0.00308871
31474 36734 36805 0.00225583
32262 36441 36535 0.00291364
33133 37446 37205 -0.00727372
32107 36618 36559 -0.00183761
31225 35596 35529 -0.00214572
31330 36035 35967 -0.00217044
32457 36768 36583 -0.00569985
32716 37176 36919 -0.00785548
33597 37072 37220 0.00440516
32161 36251 36214 -0.00115046
32849 36961 36825 -0.00414016
32269 36139 36187 0.0014875
32405 36826 36677 -0.00459806
32844 37015 36929 -0.00261844
31732 37062 37067 0.00015757
32395 36382 36484 0.00314863
31818 36294 36135 -0.00499717
32531 37080 37119 0.00119886
32273 36731 36782 0.00158027
32851 37593 37504 -0.0027092
31806 36866 36758 -0.00339559
32284 36274 36077 -0.00610209
31961 36663 36698 0.00109508
31751 36908 36725 -0.0057636
32024 36417 36322 -0.00296653
31989 36206 36303 0.00303229
32562 38176 38159 -0.000522081
32536 37028 37020 -0.000245881
33998 37835 37863 0.000823578
32938 36497 36497 0
34151 37634 37415 -0.0064127
31969 36784 37000 0.00675655
31273 36441 36398 -0.00137499
32723 37459 37320 -0.00424778
32623 36649 36718 0.00211507
33411 36097 36086 -0.000329233
33883 37777 37793 0.000472213
32366 37385 37491 0.00327504
33146 36709 36663 -0.0013878
32749 36819 36693 -0.00384745
31827 36849 36839 -0.000314199
32079 36757 36798 0.00127809
31939 36611 36602 -0.000281787
32591 36653 36189 -0.0142371
34082 37951 37636 -0.00924242
31572 36140 36276 0.00430761
34289 37789 37666 -0.00358716
32649 37559 37540 -0.000581947
34211 37911 37991 0.00233843
32464 36555 36514 -0.00126294
31859 36641 36641 0
32843 37482 37601 0.0036233
32735 36866 36813 -0.00161906
32757 36921 36891 -0.000915835
32477 37077 36995 -0.00252486
31423 36229 36639 0.0130478
31749 37142 37055 -0.00274024
32913 37222 37126 -0.00291678
32491 37143 37379 0.00726355
32610 37146 37149 9.19963e-05
32884 36662 36801 0.00422698
31412 37508 37502 -0.00019101
31255 36627 36618 -0.000287954
32003 37426 37214 -0.00662438
32373 36879 37018 0.0042937
32042 36230 36237 0.000218463
31877 37268 37364 0.00301158
32373 36587 36535 -0.00160628
32690 36661 36262 -0.0122056
33495 37338 37306 -0.000955366
32495 36539 36468 -0.00218495
33353 36744 36642 -0.0030582
33105 37206 37159 -0.00141973
33822 36845 36677 -0.00496718
32886 36990 37053 0.00191571
31580 36816 36770 -0.00145662
31903 37071 36970 -0.00316585
32561 36874 36874 0
32424 36350 36274 -0.00234394
32246 36721 36731 0.000310116
32462 37052 37019 -0.00101657
32997 37329 37297 -0.000969785
32575 36703 36583 -0.00368381
32250 36743 36668 -0.00232558
32125 36553 36525 -0.000871595
31983 37113 36987 -0.00393959
32683 37277 37197 -0.00244776
31911 36420 36273 -0.00460656
32882 36753 36808 0.00167265
32144 36182 36608 0.0132529
31850 37005 36674 -0.0103925
32869 37553 37486 -0.00203839
31889 36128 36105 -0.000721252
32465 35965 36188 0.00686894
34109 37581 37532 -0.00143657
30568 36068 36085 0.000556137
32495 37310 37332 0.000677027
32420 36487 36457 -0.000925355
32769 37231 37113 -0.00360096
33584 37273 37235 -0.00113149
32879 37384 37262 -0.00371058
33365 36835 37075 0.00719317
33088 36517 36612 0.00287113
32767 37609 37588 -0.000640889
32785 37186 37181 -0.000152509
32123 36488 36486 -6.22607e-05
33655 37237 37201 -0.00106968
33261 37075 37042 -0.000992153
32166 36020 36127 0.00332649
32563 36953 36953 0
33349 36847 36827 -0.000599718
33742 37208 37250 0.00124474
32103 36277 36122 -0.00482821
33259 37860 37884 0.000721609
33358 38066 37957 -0.00326758
31419 36238 36165 -0.00232343
32554 36587 36387 -0.00614364
33193 36896 36935 0.00117495
31472 36656 36552 -0.00330452
31934 35787 35651 -0.00425878
33294 37622 37568 -0.00162191
32092 37303 37414 0.00345881
33787 37895 37656 -0.00707373
31354 36270 36218 -0.00165848
32889 36685 36674 -0.000334458
34028 37766 37772 0.000176325
31755 35953 35896 -0.00179499
31927 36145 36200 0.00172268
33128 37432 37399 -0.000996136
32832 37454 37596 0.00432505
32917 37288 37318 0.000911383
33598 37434 37634 0.00595274
33527 37650 37625 -0.000745668
32146 37158 36934 -0.00696821
31812 36221 36269 0.00150886
30828 36163 36190 0.000875827
32809 37513 37513 0
33417 37232 37093 -0.00415956
32287 36744 36638 -0.00328306
31805 36609 36763 0.00484201
33464 37607 37650 0.00128496
32804 37021 37088 0.00204243
32877 36917 36854 -0.00191623
34397 38599 38537 -0.00180248
33779 38178 38242 0.00189467
32481 36929 36711 -0.00671162
33333 37033 36848 -0.00555006
32970 37515 37711 0.0059448
33278 36879 36887 0.000240399
33117 37067 37094 0.000815291
32923 36114 35903 -0.00640889
31988 34761 34854 0.00290734
32835 36106 36445 0.0103243
32594 36617 36581 -0.0011045
32246 36741 36827 0.002667
32866 37598 37464 -0.00407716
33260 37376 37497 0.003638
33750 37311 37425 0.00337778
32738 37310 37326 0.000488729
32292 36423 36352 -0.00219869
33689 37484 37539 0.00163258
33301 37485 37514 0.000870845
32688 37491 37622 0.00400759
32934 37033 36552 -0.014605
33003 37933 37774 -0.00481774
32075 37045 37076 0.000966485
32540 36709 36545 -0.00503995
32827 37323 37359 0.00109666
33652 37968 38003 0.00104006
33240 37484 37458 -0.00078219
31267 36910 36866 -0.00140723
31680 37033 37022 -0.000347222
32777 36781 36932 0.00460689
32942 37488 37351 -0.00415882
30879 35778 36201 0.0136986
33081 37304 37318 0.000423204
32604 37018 37020 6.13422e-05
32084 36858 36813 -0.00140257
33182 37150 37048 -0.00307396
31599 36602 36513 -0.00281654
32692 37124 37095 -0.000887067
32150 36566 36421 -0.00451011
31700 36474 36501 0.000851735
32986 37087 37142 0.00166737
31671 36809 36634 -0.00552556
32469 37481 37238 -0.00748406
32387 36585 36489 -0.00296415
32715 36981 36998 0.000519639
32622 36436 36501 0.00199252
33070 36833 36896 0.00190505
32078 36299 36366 0.00208866
31909 36758 36917 0.00498292
33726 37018 37082 0.00189765
32133 36648 36580 -0.0021162
32354 36430 36344 -0.00265809
33550 37596 37697 0.00301043
33610 37128 37131 8.92591e-05
32599 36267 36156 -0.00340501
31997 37263 36903 -0.0112511
32643 37217 37200 -0.000520785
32193 37147 37024 -0.00382071
33059 37890 37733 -0.00474908
32537 36817 36574 -0.00746842
31896 36451 36744 0.0091861
33443 37433 37436 8.97049e-05
33850 37834 37762 -0.00212703
32557 37567 37374 -0.00592806
33504 37201 37016 -0.00552173
33077 36562 36586 0.00072558
32424 36522 36692 0.00524303
32217 36947 37016 0.00214173
32634 37096 37046 -0.00153214
32297 36957 36728 -0.00709044
31462 36577 36598 0.000667472
32927 36480 36672 0.00583108
32386 36826 36747 -0.00243933
32555 37735 37700 -0.0010751
32366 36311 36436 0.00386208
33294 37446 37461 0.000450532
31595 36827 36855 0.000886216
31910 35615 35512 -0.00322783
32445 36730 36920 0.00585606
31982 36453 36559 0.00331436
33276 36874 36854 -0.000601034
32884 36462 36462 0
