29589 32755 32966 0.00713103
29015 32714 32808 0.0032397
29235 32993 32888 -0.00359159
28840 33631 33407 -0.00776699
29379 33436 33212 -0.00762449
29100 33211 32830 -0.0130928
30290 33911 33904 -0.000231099
28896 33080 33049 -0.00107281
27759 33012 32916 -0.00345834
28651 32296 32276 -0.000698056
30357 33029 33035 0.000197648
28263 33435 33257 -0.00629799
28466 32658 32610 -0.00168622
29211 33784 33743 -0.00140358
28152 32889 32906 0.000603865
29033 33153 33045 -0.0037199
28789 33805 33986 0.00628712
28383 33345 33370 0.000880809
28206 32471 32471 0
28890 33319 33181 -0.00477674
29673 33618 33486 -0.00444849
29652 33170 33175 0.000168623
28629 32836 32836 0
29824 33177 33199 0.000737661
28753 33109 33141 0.00111293
29850 33445 33384 -0.00204355
28701 33282 33223 -0.00205568
29902 33295 33267 -0.000936392
28951 32839 32872 0.00113986
30239 32891 32707 -0.00608486
29596 33604 33617 0.000439249
29445 32768 32803 0.00118866
28405 32668 32668 0
28343 32019 31868 -0.00532759
28676 32636 32901 0.00924118
28106 33070 32739 -0.0117768
29928 33192 33090 -0.00340818
29746 34149 34192 0.00144557
28802 33036 33083 0.00163183
28240 32971 32918 -0.00187677
29952 34349 34385 0.00120192
28822 32903 33085 0.00631462
29029 33429 33304 -0.00430604
28718 33340 33353 0.000452678
28772 32918 32896 -0.000764632
29550 33996 33963 -0.00111675
29400 33262 33260 -6.80272e-05
29479 33600 33680 0.0027138
28990 33404 33473 0.00238013
28869 32225 32180 -0.00155877
29119 32332 32527 0.00669666
28616 33128 33041 -0.00304026
28667 32071 32045 -0.000906966
28644 32672 32556 -0.00404971
29288 33276 33149 -0.00433625
28967 33139 33043 -0.00331412
29632 33151 33122 -0.000978672
29711 33453 33441 -0.000403891
28713 32976 32988 0.000417929
29030 32981 32929 -0.00179125
29284 32787 32851 0.00218549
29148 32483 32527 0.00150954
29583 32705 32640 -0.00219721
29149 33554 33447 -0.00367079
28265 31760 31791 0.00109676
28652 33517 33460 -0.00198939
28314 33581 33363 -0.00769937
28996 32712 32698 -0.000482825
28696 32824 32824 0
29548 33252 33267 0.000507649
28802 32921 32808 -0.00392334
28116 32443 32567 0.0044103
28281 33299 33630 0.011704
28546 32930 33044 0.00399355
27512 32691 32683 -0.000290782
27847 32496 32442 -0.00193917
28168 32602 32577 -0.000887532
28957 33428 33360 -0.00234831
28968 33835 33866 0.00107015
28947 33530 33541 0.000380005
27614 32388 32004 -0.013906
29088 32860 32874 0.000481298
28730 32409 32361 -0.00167073
28222 32174 32181 0.000248033
28291 33471 33358 -0.0039942
29050 33187 32969 -0.0075043
28416 32330 32321 -0.000316723
29249 33818 33526 -0.00998325
28794 33601 33614 0.000451483
29128 33782 33449 -0.0114323
29525 34679 34679 0
28859 33309 33343 0.00117814
29048 33339 33285 -0.00185899
28463 32650 32649 -3.51333e-05
29248 33244 33334 0.00307713
28731 32459 32225 -0.00814451
28579 32454 32312 -0.00496868
29096 33526 33433 -0.00319632
29558 33611 33539 -0.00243589
28082 32189 32332 0.00509223
29262 33548 33316 -0.00792837
29738 33479 33519 0.00134508
29583 33575 33683 0.00365075
28796 33177 33358 0.0062856
29517 32910 32986 0.00257479
29580 33908 33710 -0.00669371
28108 33007 33134 0.00451829
29159 33196 32863 -0.0114201
28449 33054 32868 -0.00653802
29442 33488 33548 0.00203791
29203 33407 33435 0.000958806
29044 32381 32572 0.00657623
28414 33677 33615 -0.00218202
28241 32591 32647 0.00198293
28129 32168 32243 0.00266629
28927 32151 32517 0.0126525
28996 32850 32840 -0.000344875
28920 33342 33452 0.0038036
28952 33463 33408 -0.0018997
29489 32949 32674 -0.00932551
28728 33081 32977 -0.00362016
29017 32966 32928 -0.00130958
29171 33122 33211 0.00305098
27386 32431 32425 -0.00021909
29175 33533 33411 -0.00418166
29042 33663 33441 -0.0076441
29154 33005 32977 -0.000960417
29351 33354 33373 0.000647337
29361 33557 33579 0.000749293
29950 34172 34172 0
29474 33469 33551 0.00278211
29079 32893 33150 0.00883799
29013 32730 32618 -0.00386034
28293 33813 33414 -0.0141024
29165 33369 33006 -0.0124464
28269 33208 33244 0.00127348
29684 33462 33569 0.00360464
29480 33857 33827 -0.00101764
28137 32635 32950 0.0111952
29635 33324 33440 0.00391429
27768 32341 32346 0.000180063
28734 32255 32414 0.00553351
28289 32108 32012 -0.00339355
29122 32845 32844 -3.43383e-05
29303 32936 32956 0.000682524
28996 33228 33228 0
29134 33466 33467 3.43242e-05
28048 32253 32156 -0.00345836
29935 33530 33374 -0.00521129
28040 32175 32175 0
27985 32886 32837 -0.00175094
27987 32707 32687 -0.000714618
28060 32635 32657 0.000784034
28796 32429 32567 0.00479233
28489 32741 32760 0.000666924
29333 32791 32697 -0.00320458
28510 32646 32471 -0.0061382
28521 32394 32417 0.000806423
29119 32854 32932 0.00267866
28334 32244 32299 0.00194113
29662 33284 33162 -0.00411301
28690 33744 33787 0.00149878
28581 32510 32694 0.00643784
28995 33295 33233 -0.0021383
27738 32651 32655 0.000144207
30258 33194 33031 -0.00538701
29617 33097 33269 0.00580748
29287 33500 33508 0.000273159
29403 33557 33467 -0.00306091
29291 33379 33245 -0.00457478
28147 32838 32837 -3.55278e-05
29944 33787 33787 0
28840 32641 32701 0.00208044
28140 32506 32534 0.000995025
30139 33666 33455 -0.0070009
29607 33129 33149 0.000675516
29049 33760 33693 -0.00230645
28802 32708 32544 -0.00569405
28200 32664 32456 -0.00737589
29090 33157 33326 0.00580956
30051 33868 33834 -0.00113141
29646 33374 33522 0.00499224
29615 32976 32798 -0.00601047
29055 33011 33036 0.000860437
30740 34752 34778 0.000845804
29772 34193 34026 -0.0056093
28061 32862 32699 -0.00580877
28304 32145 32102 -0.00151922
28819 33199 33201 6.93987e-05
29443 33987 34017 0.00101892
29440 33317 33126 -0.00648777
28687 33190 33258 0.00237041
28141 32740 32642 -0.00348246
29692 33606 33670 0.00215546
28844 33494 33494 0
28773 33065 32882 -0.00636013
28649 32893 32890 -0.000104716
28626 32416 32187 -0.00799972
27728 32303 32318 0.000540969
28408 32605 32580 -0.000880034
29463 33638 33498 -0.00475172
29445 32939 32919 -0.000679232
29517 32943 33083 0.00474303
28568 33555 33548 -0.000245029
30109 33173 33128 -0.00149457
28250 31756 31631 -0.00442478
29131 33414 33329 -0.00291785
29079 32942 32704 -0.0081846
28598 32226 32335 0.00381146
29084 33141 32943 -0.00680787
27454 31451 31397 -0.00196693
30297 34772 34781 0.000297059
28785 33707 33532 -0.00607956
29511 33574 33649 0.00254143
29159 33008 32841 -0.00572722
28928 32840 32841 3.45686e-05
29603 32774 32616 -0.0053373
28490 32487 32302 -0.00649351
29492 33307 33361 0.00183101
30365 33265 33347 0.00270048
29421 33604 33320 -0.00965297
28909 32541 32493 -0.00166038
30379 34318 34067 -0.00826229
27659 31718 31650 -0.00245851
29469 34010 33926 -0.00285045
29056 33216 32531 -0.0235752
27743 32521 32599 0.00281152
28881 32325 32270 -0.00190437
29434 32829 32942 0.0038391
28858 33128 33092 -0.00124749
29276 33207 33169 -0.00129799
29521 33172 33049 -0.00416653
29235 34165 34348 0.00625962
28645 32900 33072 0.00600454
28841 33144 33096 -0.0016643
28327 32306 32226 -0.00282416
28201 32833 32931 0.00347505
29163 33070 33145 0.00257175
28687 33160 33043 -0.0040785
29250 33417 33356 -0.00208547
29761 32737 32719 -0.000604818
29073 33316 33213 -0.00354281
28654 32645 32561 -0.00293153
28932 32788 32684 -0.00359464
29653 34058 34137 0.00266415
29183 33969 33948 -0.000719597
28101 32400 32546 0.00519554
28432 32173 32217 0.00154755
28262 32591 32669 0.00275989
27963 32234 32286 0.0018596
29691 32575 32609 0.00114513
29288 33085 33063 -0.000751161
29565 33182 33208 0.000879418
27902 32281 32165 -0.00415741
29556 32525 32689 0.00554879
29959 33178 33038 -0.00467305
28984 33627 33277 -0.0120756
28686 33596 33553 -0.00149899
28716 32683 33083 0.0139295
28935 32875 32737 -0.00476931
29392 32696 32726 0.00102069
28524 33020 32901 -0.00417193
28977 33252 33186 -0.00227767
28284 32175 32246 0.00251025
29295 33816 33847 0.0010582
28444 32690 32424 -0.00935171
28697 32752 32688 -0.0022302
29367 32812 32830 0.000612933
28800 32789 32730 -0.00204861
27681 31762 31775 0.000469636
29089 33779 33779 0
29290 32160 32299 0.00474565
29489 32486 32115 -0.012581
29298 33065 33081 0.000546112
30103 33871 33677 -0.00644454
28591 33074 33353 0.00975832
27640 33247 33284 0.00133864
27687 32453 32165 -0.010402
29487 33645 33657 0.000406959
28506 33146 33134 -0.000420964
29149 33212 33207 -0.000171532
28001 32292 32282 -0.00035713
28241 32497 32354 -0.00506356
28908 32844 32956 0.00387436
28429 32463 32504 0.00144219
28318 33333 33088 -0.00865174
28430 31984 31836 -0.00520577
30781 34224 34022 -0.00656249
28859 33344 33318 -0.000900932
29721 33262 32815 -0.0150399
29009 33504 33485 -0.000654969
29693 33127 33071 -0.00188597
28472 32665 32573 -0.00323124
29261 32427 32545 0.00403267
29259 32786 32909 0.00420383
29481 33615 33530 -0.00288321
29782 34053 33972 -0.00271976
28473 32855 32855 0
29771 34113 34128 0.000503846
29605 33683 33619 -0.0021618
28627 32602 32606 0.000139728
30141 33850 33711 -0.00461166
29118 33116 32976 -0.00480802
29055 33111 33235 0.00426777
28807 32487 32490 0.000104141
28372 33336 33364 0.000986888
28463 32940 33019 0.00277553
29284 32689 32764 0.00256113
29496 32652 32703 0.00172905
27891 32197 32190 -0.000250977
29401 33438 33612 0.00591817
28142 32594 32513 -0.00287826
29419 32416 32483 0.00227744
29376 33419 33363 -0.00190632
28808 32834 32429 -0.0140586
29353 33303 33267 -0.00122645
29786 33417 33379 -0.00127577
27924 32323 32488 0.0059089
28960 33007 33047 0.00138122
27082 32102 31965 -0.00505871
29019 31727 31707 -0.000689204
27204 32107 32107 0
28976 33288 33292 0.000138045
28735 32574 32595 0.000730816
28557 33290 33170 -0.00420212
28500 32652 32654 7.01754e-05
29025 32747 32680 -0.00230835
28885 32681 32109 -0.0198027
29472 32429 32456 0.000916124
28819 33109 33210 0.00350463
28218 32426 32461 0.00124034
30158 33215 33212 -9.94761e-05
28572 32296 32344 0.00167997
29079 33053 33152 0.00340452
28526 32232 32338 0.00371591
28232 32943 33101 0.00559649
28933 33010 32954 -0.00193551
29732 33829 33989 0.00538141
29100 32706 32846 0.004811
28891 34118 34088 -0.00103839
30397 33402 33454 0.0017107
29444 32788 32764 -0.000815107
29876 33471 33389 -0.00274468
28729 32978 32642 -0.0116955
28260 32688 32738 0.00176929
29354 33145 33371 0.00769912
29044 33331 33305 -0.000895193
29296 33113 33102 -0.000375478
28295 32381 32257 -0.0043824
28913 32730 32443 -0.00992633
29005 33353 33553 0.00689536
28453 32749 32881 0.00463923
29388 32962 32960 -6.8055e-05
28552 32931 32838 -0.00325721
28858 32870 32868 -6.93049e-05
30746 33975 33839 -0.00442334
28301 32840 32858 0.00063602
29588 33837 33814 -0.000777342
28018 32268 32202 -0.00235563
29508 32730 32382 -0.0117934
27891 32685 32674 -0.000394392
29418 32936 32630 -0.0104018
29261 32971 32925 -0.00157206
30008 33710 33720 0.000333244
29950 33884 33719 -0.00550918
29248 33221 33343 0.00417123
29559 32409 32574 0.00558206
28170 33262 33202 -0.00212993
29158 33083 33042 -0.00140613
29179 33597 33448 -0.00510641
29907 33762 33603 -0.00531648
28227 32689 32629 -0.00212562
28962 32850 32860 0.00034528
29795 34101 34063 -0.00127538
29217 34137 34013 -0.0042441
28160 33479 33506 0.000958807
28686 33180 33186 0.000209161
29280 33245 33085 -0.00546448
29244 32905 32870 -0.00119683
28849 33106 33072 -0.00117855
28501 33294 33367 0.00256131
29239 32974 32953 -0.000718219
29368 32937 32867 -0.00238355
29403 33714 33652 -0.00210863
28467 32549 32800 0.00881723
29205 32843 32810 -0.00112994
29056 32923 33064 0.0048527
29025 33251 33261 0.000344531
28865 33390 33405 0.00051966
29660 34018 34004 -0.000472016
29571 32689 32537 -0.00514017
28448 33623 33695 0.00253093
29166 33055 33143 0.00301721
29414 34138 34162 0.000815938
29842 33716 33425 -0.00975136
29292 32630 32700 0.00238973
28771 33371 33157 -0.00743805
28487 32626 32663 0.00129884
28212 32979 32921 -0.00205586
28789 33099 33127 0.000972594
28400 33087 32996 -0.00320423
29027 33037 33113 0.00261825
28586 32533 32520 -0.000454768
29946 32845 32673 -0.00574367
29323 32914 32906 -0.000272823
27380 32340 32320 -0.00073046
29084 32844 32875 0.00106588
29435 32568 32693 0.00424665
30254 34015 34015 0
29037 32605 32554 -0.00175638
29279 32934 33046 0.00382527
28144 32164 32316 0.0054008
28841 32699 32667 -0.00110953
29222 32994 32913 -0.00277188
29383 32241 32386 0.00493483
28202 33039 33039 0
29425 34052 34123 0.00241291
28961 32708 32603 -0.00362557
28277 33356 33248 -0.00381936
27805 32017 32017 0
29058 33083 33192 0.00375112
30056 33962 33924 -0.00126431
30967 33476 33502 0.000839603
28768 32596 32595 -3.47608e-05
28797 33219 33206 -0.000451436
29725 33796 33744 -0.00174937
28929 33403 33384 -0.00065678
28801 32956 33027 0.00246519
28099 32916 32916 0
29549 33526 33471 -0.00186132
28578 32930 32927 -0.000104976
30031 33798 34074 0.0091905
29530 33322 33374 0.00176092
29142 32544 32548 0.000137259
27645 32527 32485 -0.00151926
29099 33693 33614 -0.00271487
28105 32657 32239 -0.0148728
29034 32483 32469 -0.000482193
29443 32554 32410 -0.00489081
28721 33996 33996 0
28161 32753 32926 0.00614325
28436 32542 32244 -0.0104797
28332 33118 32916 -0.00712975
28225 33057 33143 0.00304694
28840 32555 32555 0
27924 33586 33595 0.000322303
29378 33389 33131 -0.00878208
28193 32872 32967 0.00336963
28359 32650 32815 0.00581826
30429 33673 33549 -0.00407506
30177 33766 33734 -0.00106041
28471 33098 33112 0.000491728
28618 33354 33031 -0.0112866
29309 33769 33705 -0.00218363
29513 33375 33390 0.000508251
29750 33614 33493 -0.00406723
29680 33756 33788 0.00107817
28532 32936 33031 0.00332959
29341 33554 33488 -0.00224941
29584 33801 33758 -0.00145349
28578 32625 32544 -0.00283435
29077 33214 33074 -0.0048148
27791 33002 33154 0.0054694
29204 32981 33242 0.00893713
28951 33456 33323 -0.00459397
29351 33607 33589 -0.000613267
30246 33904 33872 -0.00105799
28712 33213 33243 0.00104486
29621 33333 33334 3.37598e-05
28046 32522 32480 -0.00149754
29444 33824 33563 -0.00886428
28933 32163 32448 0.00985034
27382 32517 32436 -0.00295815
29269 33579 33350 -0.00782398
27854 32018 32015 -0.000107704
29736 33222 33021 -0.00675948
29456 32684 32597 -0.00295356
28828 32983 32908 -0.00260164
28737 33487 33473 -0.000487177
28948 32700 32656 -0.00151997
29013 34259 33882 -0.0129942
27780 32507 32572 0.00233981
29013 33470 33645 0.00603178
28961 32622 32693 0.00245157
29916 33752 33535 -0.00725364
30916 33996 34201 0.00663087
28774 32123 31877 -0.00854938
30015 33564 33352 -0.00706314
27934 32359 32305 -0.00193313
29335 33398 33257 -0.00480655
29742 32879 32880 3.36225e-05
28615 33178 33288 0.00384414
28513 32469 32605 0.00476975
29541 33449 33416 -0.00111709
28509 33182 33314 0.00463012
28421 32370 32426 0.00197037
29420 33060 32984 -0.00258328
28963 33619 33563 -0.0019335
29276 32834 32911 0.00263014
29845 33406 33394 -0.000402077
28612 32873 32619 -0.00887739
28820 33009 33056 0.00163081
29887 33117 32954 -0.00545388
28838 32143 32113 -0.00104029
28276 32477 32284 -0.00682558
29041 32579 32481 -0.00337454
29466 34120 34141 0.000712686
27779 32241 32289 0.00172792
28894 33624 33624 0
29923 33838 33757 -0.00270695
29176 32746 32612 -0.00459282
28258 32430 32697 0.00944865
29592 33617 33464 -0.00517032
29362 33031 33033 6.81153e-05
29339 33372 33375 0.000102253
29961 33224 33240 0.000534028
29162 32843 32858 0.000514368
29523 33928 33880 -0.00162585
29615 33227 33204 -0.000776633
28661 33700 33662 -0.00132584
27209 32163 31982 -0.00665221
28731 32872 32900 0.000974557
28808 32553 32746 0.00669953
29603 33290 33287 -0.000101341
27057 31877 31849 -0.00103485
27423 32006 31860 -0.005324
28855 32361 32436 0.0025992
28362 33181 33193 0.000423101
27796 32587 32418 -0.00608001
28700 33558 33572 0.000487805
28265 33380 33268 -0.0039625
28859 33243 33229 -0.000485117
29248 33717 33674 -0.00147019
27877 31883 31933 0.00179359
27931 32535 32609 0.00264939
28510 33721 33705 -0.000561207
29491 33260 33228 -0.00108508
27969 32785 32798 0.0004648
27346 32011 31670 -0.0124698
29242 33532 33531 -3.41974e-05
29894 34181 34105 -0.00254232
28012 31986 32118 0.00471227
28773 32587 32423 -0.00569979
28602 32825 32781 -0.00153835
28715 32591 32777 0.00647745
28360 33096 33131 0.00123413
29855 33630 33381 -0.00834031
28557 32992 32981 -0.000385195
28805 33876 33816 -0.00208297
29723 33922 33691 -0.00777176
28308 33163 33194 0.0010951
29724 33316 33320 0.000134571
28662 32890 32891 3.48894e-05
29451 33862 33828 -0.00115446
29428 32764 32723 -0.00139323
28716 32694 32389 -0.0106213
30265 33818 33275 -0.0179415
27885 32836 32853 0.000609647
28316 32382 32158 -0.00791072
28539 33063 33011 -0.00182207
28103 31894 31866 -0.000996335
29187 32959 33162 0.00695515
29464 33707 33834 0.00431034
28914 32796 32679 -0.00404648
30063 33566 33426 -0.00465689
28356 32336 32105 -0.00814642
27747 32452 32228 -0.00807294
30232 33793 33827 0.00112464
28222 32567 32248 -0.0113032
29653 33092 33125 0.00111287
29631 33792 33822 0.00101245
29204 33779 33765 -0.000479386
28488 33057 32827 -0.00807357
30032 33514 33557 0.00143181
28438 32552 33084 0.0187074
30061 33931 33613 -0.0105785
29655 33190 32889 -0.0101501
27718 32736 32693 -0.00155134
28744 32939 32783 -0.00542722
28002 32663 32771 0.00385687
26876 32445 32416 -0.00107903
28479 32529 32499 -0.00105341
29353 33833 33761 -0.0024529
27781 31788 31742 -0.00165581
30758 33440 33872 0.0140451
29721 32973 33119 0.00491235
28845 32966 32879 -0.00301612
28229 32602 32525 -0.00272769
28728 33176 33208 0.0011139
28520 32566 32618 0.00182328
30331 34342 34370 0.000923148
29478 32960 32746 -0.00725965
28504 32165 32129 -0.00126298
29341 32046 32311 0.00903173
29585 34567 34615 0.00162244
28885 32511 32456 -0.0019041
28186 32451 32175 -0.0097921
28103 33485 33485 0
28370 32147 32380 0.0082129
28273 33379 33447 0.00240512
27101 31696 31590 -0.00391129
28163 32582 32601 0.000674644
28538 32474 32378 -0.00336394
28817 33255 33263 0.000277614
28703 32830 32969 0.0048427
29143 33089 33140 0.00174999
29494 32965 33370 0.0137316
29840 33267 33223 -0.00147453
29192 32630 32719 0.00304878
30058 33678 33672 -0.000199614
29125 32675 32728 0.00181974
28196 33362 33285 -0.00273088
29141 32685 32826 0.00483854
28897 32935 33030 0.00328754
28694 32906 32651 -0.00888688
28714 32876 32731 -0.0050498
29077 33187 33177 -0.000343914
28972 32563 32563 0
28481 32658 32664 0.000210667
28806 33248 33331 0.00288134
28935 32869 32758 -0.00383618
28064 32396 32591 0.0069484
29488 33533 33501 -0.00108519
28393 32647 32641 -0.00021132
28457 31656 31537 -0.00418175
27557 32316 32357 0.00148783
28550 32886 32824 -0.00217163
28403 32861 32900 0.00137309
28809 32996 33036 0.00138845
29526 33395 33119 -0.00934769
30126 32884 32789 -0.00315342
29010 33177 33265 0.00303344
28867 33696 33698 6.92833e-05
28991 33164 33211 0.00162119
29481 33646 33650 0.000135681
29773 33249 33285 0.00120915
28498 32608 32683 0.00263176
28695 32727 32633 -0.00327583
28669 32636 32611 -0.000872022
29881 32803 32819 0.000535457
29943 33389 33389 0
27349 32681 32502 -0.00654503
28867 32930 33003 0.00252884
29074 33234 33035 -0.0068446
28669 33478 33313 -0.00575535
29229 33295 33231 -0.00218961
27352 32784 32654 -0.00475285
29184 33854 33805 -0.001679
30277 33928 34230 0.00997457
29607 33140 33374 0.00790354
28614 33093 33021 -0.00251625
28231 32883 32948 0.00230243
28830 33321 33190 -0.00454388
28790 33338 33339 3.47343e-05
30778 33998 33977 -0.000682306
29689 32611 32769 0.00532184
29747 34384 34221 -0.00547954
30299 33187 33436 0.00821809
28309 33734 33638 -0.00339115
27628 32082 32015 -0.00242508
28745 32853 32743 -0.00382675
28539 33148 33167 0.000665756
28785 33158 33145 -0.000451624
29315 33173 33271 0.003343
29437 33260 33251 -0.000305738
28929 32907 32926 0.00065678
28501 32745 32477 -0.00940318
28468 31845 31913 0.00238865
28425 32535 32378 -0.00552331
29375 32888 32942 0.0018383
28822 33405 33302 -0.00357366
29676 33529 33496 -0.00111201
29395 33460 33516 0.00190509
28992 33345 33535 0.00655353
29969 33804 33582 -0.00740765
29300 33389 33404 0.000511945
27864 33084 33055 -0.00104077
27975 32071 32324 0.00904379
28438 33003 33075 0.00253182
29072 33112 33042 -0.00240782
30391 33432 33345 -0.00286269
29085 33013 32734 -0.00959257
28792 32382 32273 -0.00378577
29393 33245 33270 0.000850543
29756 33217 33273 0.00188197
28398 33260 33275 0.000528206
29172 33531 33322 -0.0071644
28430 32872 32883 0.000386915
28997 32937 32862 -0.00258647
28905 33638 33396 -0.00837225
27878 32420 32364 -0.00200875
28543 33241 33267 0.000910906
28897 34011 33769 -0.00837457
27993 33047 33138 0.00325081
30250 33384 33674 0.00958678
28894 34359 33969 -0.0134976
28765 33570 33629 0.0020511
29616 33102 33094 -0.000270124
28356 32734 32654 -0.00282127
28047 31930 31903 -0.00096267
28674 32869 33371 0.0175071
28967 33159 33086 -0.00252011
29149 32529 32613 0.00288175
28092 33647 33394 -0.00900612
28044 32936 33058 0.00435031
28885 33049 32913 -0.00470833
29612 33406 33463 0.0019249
28105 32168 32282 0.00405622
29046 33242 33378 0.00468223
27883 32415 32368 -0.00168561
29034 32520 32563 0.00148102
30120 33802 33782 -0.000664011
28911 33076 33007 -0.00238663
28715 32735 32603 -0.0045969
29763 33329 33008 -0.0107852
29733 33043 33095 0.0017489
28860 33126 32835 -0.0100832
28845 33335 33382 0.0016294
29146 33441 33467 0.000892061
28998 32802 32910 0.00372439
29081 33678 33764 0.00295726
29439 32564 32418 -0.00495941
29769 34054 34024 -0.00100776
30812 33899 33903 0.00012982
28436 32238 32209 -0.00101983
28832 32112 32200 0.00305216
30333 34126 33813 -0.0103188
28878 33424 33241 -0.006337
29246 33234 33238 0.000136771
28481 33059 32865 -0.00681156
29830 33644 33547 -0.00325176
29555 34012 33941 -0.0024023
29739 33808 33976 0.00564915
29331 33113 33270 0.0053527
29180 32658 32523 -0.00462646
28940 32982 33049 0.00231513
27365 32551 32469 -0.00299653
29507 33398 33372 -0.000881147
29336 32561 32561 0
29704 32997 32875 -0.00410719
29099 32531 32792 0.00896938
28229 32680 32642 -0.00134613
28857 33409 33224 -0.00641092
28223 32966 32960 -0.000212593
29426 32729 32729 0
28393 32828 32624 -0.00718487
28134 32195 32057 -0.0049051
30630 33929 33930 3.26477e-05
28818 31946 31878 -0.00235964
29841 33817 33498 -0.01069
28448 33664 33422 -0.00850675
29541 33655 33600 -0.00186182
28127 33260 33260 0
29448 32904 32827 -0.00261478
28853 33061 33006 -0.00190621
27937 32227 32120 -0.00383005
27997 32886 32862 -0.000857235
28826 32458 32449 -0.000312218
28689 33228 33243 0.000522848
27811 33114 33112 -7.1914e-05
28806 33140 32699 -0.0153093
28039 32044 32044 0
27914 32416 32335 -0.00290177
28403 32748 32805 0.00200683
28643 32974 32952 -0.000768076
28803 32813 33170 0.0123945
29060 34015 34077 0.00213352
28502 32565 32522 -0.00150867
29954 33678 33678 0
29212 34134 34134 0
29214 33773 33885 0.00383378
28940 33556 33580 0.000829302
29549 33337 33284 -0.00179363
27875 31910 31798 -0.00401794
28644 33672 33673 3.49113e-05
28195 32791 32954 0.00578117
28569 32966 33051 0.00297525
29562 33268 33304 0.00121778
28779 33053 33086 0.00114667
27860 32045 32060 0.000538406
27986 32205 32337 0.00471664
28799 33095 33200 0.00364596
28986 32751 32638 -0.00389843
29766 33342 33378 0.00120943
28571 32406 32281 -0.00437507
29016 32671 32629 -0.00144748
28373 32322 32329 0.000246713
28712 32642 32630 -0.000417944
29007 32646 32694 0.00165477
27905 32984 33099 0.00412113
28617 32380 32506 0.00440298
28528 32458 32242 -0.00757151
29171 33281 33223 -0.00198828
28588 32729 32900 0.00598153
29088 33357 33453 0.00330033
28103 33047 33011 -0.001281
28545 32739 32760 0.000735681
28675 32902 32877 -0.00087184
28477 33201 33360 0.00558345
28498 32737 32656 -0.0028423
28010 32081 32100 0.000678329
28894 33694 33790 0.00332249
28987 33118 32890 -0.00786559
30698 33962 33948 -0.000456056
29330 33061 33068 0.000238663
30512 33668 33506 -0.00530939
28675 32770 32935 0.00575414
27668 32521 32510 -0.000397571
29371 33706 33646 -0.00204283
29001 32982 32982 0
29748 32143 32367 0.00752992
30390 34187 34027 -0.00526489
28721 33424 33413 -0.000382995
29716 32684 32852 0.00565352
29133 33084 33156 0.00247142
28079 32426 32453 0.000961573
28272 32760 32716 -0.00155631
28462 32628 32661 0.00115944
29018 32877 32751 -0.00434213
30089 33772 33793 0.000697929
27746 32347 32084 -0.00947884
30661 33757 33707 -0.00163074
29403 34067 34112 0.00153046
30453 34007 34003 -0.00013135
28777 32843 32854 0.00038225
28665 32985 32981 -0.000139543
29269 33752 33791 0.00133247
29395 33149 33168 0.000646368
28923 33087 32860 -0.00784843
28819 32953 32974 0.000728686
28292 33045 33200 0.00547858
27927 33062 32827 -0.0084148
29303 33217 33126 -0.00310548
28706 33129 33077 -0.00181147
28837 33283 33198 -0.0029476
28920 32759 32714 -0.00155602
27961 33757 33716 -0.00146633
27989 32960 32828 -0.00471614
28182 32731 32886 0.00549996
28619 32990 33062 0.00251581
28419 32752 32683 -0.00242795
28111 33364 33474 0.00391306
28481 32455 32281 -0.00610934
29052 32443 32474 0.00106705
29487 33182 33216 0.00115305
28574 32469 32402 -0.00234479
29942 33049 33221 0.00574444
29332 32789 32827 0.00129551
30119 33131 32929 -0.00670673
29009 33013 32985 -0.000965218
27857 33061 33029 -0.00114872
28546 33137 33168 0.00108597
29124 33276 33327 0.00175113
28733 32400 32456 0.00194898
28812 33001 32993 -0.000277662
29012 33064 33207 0.00492899
29279 33666 33647 -0.000648929
28801 33177 33081 -0.00333322
28473 32633 32528 -0.0036877
28542 32824 32646 -0.00623642
28801 33310 33525 0.00746502
28989 33180 33138 -0.00144883
28030 32421 32551 0.00463789
28997 32476 32282 -0.00669035
28823 33261 33340 0.00274087
28134 33010 32928 -0.00291462
28765 33435 33567 0.00458891
28241 32159 32181 0.000779009
28897 32509 32421 -0.0030453
30131 33056 33148 0.00305333
26938 32523 32518 -0.000185611
28763 33222 33325 0.00358099
29239 32907 32560 -0.0118677
29221 33474 33467 -0.000239554
29935 33665 33821 0.00521129
29668 33499 33551 0.00175273
29561 33310 33331 0.000710395
29287 32419 32395 -0.000819476
29571 34265 34234 -0.00104832
29245 33298 33351 0.00181228
28469 32506 32457 -0.00172117
29966 33155 33224 0.00230261
29636 33227 33289 0.00209205
28653 32389 32293 -0.00335043
29092 33042 33069 0.00092809
29924 33295 33285 -0.00033418
30080 33336 33342 0.000199468
28716 32572 32415 -0.00546734
29411 33461 33132 -0.0111863
29390 33780 33733 -0.00159918
27984 32401 32447 0.0016438
28302 32705 32457 -0.00876263
29181 32949 33044 0.00325554
28076 33020 33279 0.00922496
28558 31720 31947 0.00794874
30033 33674 33734 0.0019978
28662 33501 33576 0.00261671
30252 33739 33926 0.00618141
27655 32518 32408 -0.00397758
28691 32250 32402 0.00529783
30568 33815 33748 -0.00219183
28269 32029 31828 -0.00711026
28493 32563 32373 -0.0066683
29427 33551 33401 -0.00509736
29053 33694 33650 -0.00151447
29314 33017 33059 0.00143276
30325 33878 34019 0.00464963
29455 33332 33398 0.00224071
28535 33032 33017 -0.00052567
28253 32311 32391 0.00283156
27494 32803 32778 -0.000909289
29188 33251 33275 0.000822256
29579 33652 33624 -0.000946618
28575 32926 32926 0
28396 32497 32579 0.00288773
29673 33774 33894 0.00404408
29146 32807 32800 -0.00024017
29159 32977 33389 0.0141294
30543 34166 34286 0.00392889
30090 34341 34452 0.00368893
29358 33384 32990 -0.0134205
29806 33058 32755 -0.0101657
28699 33697 33716 0.000662044
29429 32870 32955 0.00288831
29355 32970 33016 0.00156702
29252 32615 32794 0.00611924
28480 31455 31599 0.00505618
29020 32309 32505 0.00675396
29265 32808 32757 -0.0017427
28620 32891 32797 -0.00328442
29666 33700 33642 -0.0019551
29594 33940 33964 0.000810975
30013 33607 33548 -0.00196581
29268 33420 33533 0.00386087
28540 32864 32615 -0.0087246
30083 33704 33626 -0.00259283
29709 33312 33413 0.00339964
29129 33560 33614 0.00185382
29339 33063 32741 -0.0109752
28950 33828 33712 -0.00400691
28634 33110 33144 0.0011874
28963 32988 32988 0
29138 33631 33729 0.00336331
29929 34207 34210 0.000100237
29393 33364 33298 -0.00224543
27813 32702 32352 -0.012584
28150 33131 32988 -0.00507993
29094 33084 32896 -0.00646181
29888 33676 33712 0.0012045
27474 32200 32112 -0.00320303
29716 33960 33993 0.00111051
28693 33042 32917 -0.00435646
28422 32866 32915 0.00172402
29572 33046 33024 -0.000743947
27915 32423 32355 -0.00243597
29188 33356 33315 -0.00140469
28821 32490 32468 -0.000763332
28378 32970 32978 0.000281909
29582 33357 33385 0.000946522
28377 33052 33059 0.000246679
28812 33208 33368 0.00555324
28544 32547 32574 0.000945908
29147 32920 33085 0.00566096
28938 32678 32644 -0.00117493
29346 32958 32937 -0.0007156
28390 32723 32623 -0.00352237
28421 33272 33130 -0.00499631
29862 32713 32456 -0.00860626
28405 32479 32507 0.000985742
29193 33100 33133 0.00113041
29991 34075 34054 -0.00070021
30211 33158 33156 -6.62011e-05
29233 32845 32845 0
28742 33233 33233 0
28756 33350 33245 -0.00365141
28629 33150 33062 -0.00307381
29246 33811 33784 -0.000923203
29067 33211 33430 0.00753432
28176 32723 32530 -0.0068498
29617 33441 33644 0.00685417
29885 33805 33805 0
29108 33492 33408 -0.0028858
29843 33193 33036 -0.00526087
29441 32844 32744 -0.00339662
29058 32705 32629 -0.00261546
28859 33256 33373 0.00405419
28968 32934 32845 -0.00307236
28533 33051 33101 0.00175236
27680 32369 32254 -0.00415462
29426 32644 32811 0.00567525
28747 32700 32750 0.00173931
28939 33818 33822 0.000138222
29175 32661 32571 -0.00308483
29771 33771 33776 0.000167949
28270 33191 33183 -0.000282985
28233 31777 31754 -0.00081465
29274 33420 33588 0.00573888
27980 32235 32235 0
29434 32913 32963 0.00169872
29239 32720 32595 -0.00427511
