58592 64875 65015 0.0023894
57482 64811 64995 0.003201
57909 65363 65175 -0.00324647
57110 66639 66189 -0.00787953
58187 66249 65792 -0.00785399
57598 65760 65014 -0.0129518
59983 67180 67164 -0.000266742
57239 65549 65487 -0.00108318
54954 65336 65419 0.00151035
56717 64158 63857 -0.00530705
60143 65434 65453 0.000315914
55966 66221 66046 -0.0031269
56360 64607 64680 0.00129524
57852 66719 66864 0.0025064
55812 65166 65197 0.000555436
57503 65693 65470 -0.00387806
57028 66966 67449 0.00846952
56187 66029 66074 0.000800897
55832 64310 64310 0
57200 65843 65718 -0.00218531
58792 66613 66349 -0.00449041
58736 65725 65709 -0.000272405
56680 65090 65048 -0.000741002
59066 65752 65750 -3.38604e-05
56938 65601 65634 0.000579578
59120 66253 66143 -0.00186062
56807 65905 65778 -0.00223564
59256 65992 66091 0.00167072
57329 65037 65111 0.0012908
59873 65197 64990 -0.00345732
58640 66600 66623 0.000392224
58310 64913 64827 -0.00147488
56241 64381 64711 0.00586761
56128 63407 63102 -0.00543401
56775 64625 65154 0.00931748
55666 65514 64863 -0.0116948
59300 65935 65950 0.000252951
58920 67678 67766 0.00149355
57022 65531 65574 0.000754095
55882 65275 65156 -0.00212949
59349 68095 67758 -0.00567828
57093 65195 65558 0.00635805
57468 66093 65965 -0.00222733
56876 66050 66072 0.000386806
56987 65206 65154 -0.000912489
58525 67361 67295 -0.00112772
58256 65925 65797 -0.0021972
58415 66800 66749 -0.000873063
57415 66399 66365 -0.00059218
57178 63818 63671 -0.00257092
57664 64053 64438 0.00667661
56657 65608 65432 -0.00310641
56742 63497 63453 -0.00077544
56712 64728 64919 0.00336789
57987 65995 65726 -0.00463897
57366 65640 65455 -0.00322491
58688 65650 65592 -0.000988277
58856 66165 66246 0.00137624
56873 65360 65367 0.000123081
57512 65351 65136 -0.00373835
57993 65322 65232 -0.00155191
57722 64352 64438 0.0014899
58614 64820 64684 -0.00232026
57725 66493 66287 -0.00356864
55958 62900 62964 0.00114371
56759 66424 66328 -0.00169136
56049 66519 66425 -0.0016771
57418 64842 64778 -0.00111463
56829 65032 65032 0
58535 65891 65924 0.000563765
57062 65237 64988 -0.00436367
55672 64263 64518 0.0045804
55972 65954 66595 0.0114522
56524 65248 65383 0.00238837
54449 64731 64729 -3.67316e-05
55163 64243 64277 0.000616355
55763 64558 63876 -0.0122303
57337 66216 66211 -8.72037e-05
57381 67034 67159 0.00217842
57334 66361 66449 0.00153487
54660 64139 63376 -0.013959
57628 65108 65144 0.000624696
56902 64212 64094 -0.00207374
55878 63719 63734 0.000268442
56018 66302 66302 0
57542 65744 65637 -0.00185951
56289 63936 63813 -0.00218515
57917 67003 66587 -0.00718269
57004 66600 66580 -0.000350853
57694 66932 66272 -0.0114397
58484 68380 68605 0.00384721
57150 65972 65777 -0.00341207
57525 65851 66024 0.00300739
56371 64676 64734 0.0010289
57911 65845 66032 0.00322909
56896 64519 64127 -0.00688976
56588 64295 64009 -0.00505408
57598 66404 66220 -0.00319456
58505 66578 66417 -0.0027519
55581 64098 64021 -0.00138537
57945 66461 66003 -0.00790405
58866 65911 66391 0.00815411
58592 66694 66729 0.000597351
57041 65730 66152 0.00739819
58481 65196 65353 0.00268463
58601 67172 66794 -0.0064504
55676 65395 65655 0.00466988
57704 65703 65121 -0.010086
56310 65446 65408 -0.000674836
58300 66169 66449 0.00480274
57828 66256 66222 -0.00058795
57525 64167 64546 0.00658844
56272 66720 66612 -0.00191925
55920 64571 64676 0.00187768
55697 63758 63864 0.00190315
57263 63645 64383 0.0128879
57411 65094 65036 -0.00101026
57264 65961 66265 0.00530875
57368 66323 66216 -0.00186515
58390 65247 64715 -0.00911115
56875 65523 65360 -0.00286593
57472 65284 65232 -0.000904788
57768 65530 65792 0.00453538
54225 64260 64241 -0.000350392
57778 66437 66196 -0.00417114
57521 66704 66269 -0.00756246
57762 65394 65417 0.000398186
58173 66108 66155 0.000807935
58153 66491 66529 0.000653449
59313 67691 67691 0
58336 66531 65913 -0.0105938
57605 65406 65690 0.00493013
57466 64756 64630 -0.0021926
56039 66999 67017 0.000321205
57722 66087 65361 -0.0125775
55992 65788 65878 0.00160737
58826 66312 66540 0.00387584
58389 67078 67026 -0.000890579
55695 64632 65253 0.01115
58715 66035 66339 0.00517755
54962 64047 64057 0.000181944
56875 63872 64033 0.00283077
55990 63571 63375 -0.00350063
57669 64868 65034 0.0028785
58037 65255 65230 -0.00043076
57391 65755 65767 0.000209092
57692 66307 66312 8.66671e-05
55535 63880 63674 -0.00370937
59334 66459 65950 -0.00857856
55510 63714 63714 0
55425 65138 65035 -0.00185837
55385 64717 64703 -0.000252776
55572 64711 64697 -0.000251925
57014 64231 64516 0.00499877
56427 65042 64901 -0.0024988
58063 64843 64743 -0.00172227
56467 64700 64345 -0.00628686
56456 64180 64174 -0.000106277
57667 65107 65207 0.00173409
56078 63852 64023 0.00304932
58716 65929 65688 -0.0041045
56821 66861 66978 0.0020591
56602 64400 64791 0.00690788
57400 65925 65817 -0.00188153
54914 64674 64681 0.000127472
59938 65758 65438 -0.00533885
58656 66106 65909 -0.00335857
57977 66338 66356 0.000310468
58242 66491 66281 -0.00360565
58005 66120 65821 -0.00515473
55741 65054 65052 -3.58802e-05
59318 66912 66842 -0.00118008
57115 64565 64788 0.0039044
55711 64363 64423 0.00107699
59715 66634 66303 -0.005543
58638 65295 65651 0.00607115
57526 66868 66668 -0.00347669
57035 64787 64460 -0.00573332
55866 64812 64305 -0.00907529
57607 65884 66011 0.00220459
59538 67103 67034 -0.00115892
58676 66354 66354 0
58688 64966 65060 0.00160169
57549 65397 65449 0.000903578
60906 68881 68936 0.000903031
58964 67756 67426 -0.00559664
55555 65068 64766 -0.00543605
56053 63485 63578 0.00165914
57077 65780 65779 -1.75202e-05
58345 67354 67419 0.00111406
58295 65991 65612 -0.00650142
56843 65787 65547 -0.00422216
55728 65132 64388 -0.0133506
58785 66549 66679 0.00221145
57139 66361 66361 0
56995 65522 65166 -0.00624616
56699 65110 65113 5.2911e-05
56665 64138 63721 -0.00735904
54915 63976 63927 -0.000892288
56224 64342 64527 0.00329041
58354 66642 66362 -0.0047983
58295 65242 65203 -0.000669011
58456 65102 65531 0.00733885
56575 66492 66555 0.00111357
59645 65718 65788 0.00117361
55914 62898 62654 -0.00436384
57682 66193 66029 -0.00284317
57573 65257 65259 3.47385e-05
56641 64040 64040 0
57596 65290 65312 0.000381971
54345 62299 62170 -0.00237372
60013 68902 68922 0.000333261
56967 66755 66492 -0.00461671
58469 66523 66662 0.00237733
57756 65241 65055 -0.00322044
57265 65078 65032 -0.000803283
58608 64642 64571 -0.00121144
56410 64339 63969 -0.00655912
58421 65983 66021 0.000650451
60140 65889 65756 -0.00221151
58265 66570 66007 -0.00966275
57231 64450 64344 -0.00185214
60189 68008 67485 -0.0086893
54746 62814 62759 -0.00100464
58360 67359 67213 -0.00250171
57550 65805 64442 -0.0236838
54913 64423 64573 0.00273159
57225 64058 63926 -0.00230668
58295 65054 65282 0.00391114
57144 65590 65545 -0.000787484
57981 65793 65924 0.00225936
58482 65734 65482 -0.00430902
57927 67708 68064 0.00614567
56717 65311 65511 0.00352628
57122 65688 65630 -0.00101537
56104 64004 63991 -0.000231713
55828 65016 65215 0.00356452
57734 65661 65661 0
56805 65679 65449 -0.00404894
57926 66194 66254 0.0010358
58924 64833 64796 -0.000627927
57570 66001 65800 -0.0034914
56740 64685 64517 -0.00296087
57302 64959 64757 -0.00352518
58728 67492 67637 0.00246901
57836 67339 67295 -0.000760772
55652 64487 64472 -0.000269532
56326 63740 63844 0.00184639
55970 64702 64837 0.00241201
55354 64139 64051 -0.00158977
58776 64517 64576 0.00100381
57993 65520 65479 -0.000706982
58560 65383 65554 0.00292008
55279 63882 63719 -0.00294868
58574 64808 64820 0.000204869
59331 65709 65427 -0.004753
57431 66653 65959 -0.0120841
56800 66551 66460 -0.00160211
56886 64752 65489 0.0129557
57310 65001 64858 -0.0024952
58226 64779 64827 0.000824374
56494 65417 65217 -0.0035402
57407 65878 65748 -0.00226453
56001 63718 63855 0.00244638
58017 67121 67053 -0.00117207
56305 64818 64194 -0.0110825
56854 65095 64767 -0.00576916
58144 64972 64969 -5.1596e-05
57036 65046 65046 0
54763 62853 62937 0.00153388
57609 66918 66918 0
58027 63694 64003 0.00532511
58408 64369 63625 -0.012738
57996 65471 65507 0.000620732
59631 67108 66726 -0.00640606
56629 65545 65848 0.00535062
54721 65864 65940 0.00138886
54798 64165 63707 -0.00835797
58409 66662 66635 -0.000462258
56452 65666 65503 -0.00288741
57744 65812 65804 -0.000138543
55444 63980 63956 -0.000432869
55927 64132 64104 -0.000500653
57235 65012 65251 0.00417577
56292 64299 64506 0.00367725
56067 66036 65552 -0.00863253
56289 63348 63356 0.000142124
60975 67847 67418 -0.00703567
57151 66060 65998 -0.00108485
58862 65883 65988 0.00178383
57450 65989 66341 0.00612707
58816 65617 65516 -0.00171722
55609 63555 63554 -1.79827e-05
57947 64246 64484 0.0041072
57948 64966 65194 0.00393456
58378 66385 66618 0.00399123
58970 67437 67262 -0.00296761
56374 65050 65050 0
58987 67582 67544 -0.00064421
58660 66741 66699 -0.00071599
56714 64575 64589 0.000246853
59701 67064 66790 -0.00458954
57678 65605 65332 -0.00473317
57537 65589 65831 0.00420599
57051 64351 64356 8.76409e-05
56196 66051 66152 0.00179728
56344 65212 65404 0.00340764
58005 64759 64907 0.0025515
58429 64697 64841 0.00246453
55201 63747 63734 -0.000235503
58231 66237 66598 0.00619945
55691 64467 64381 -0.00154424
58278 64183 64323 0.00240228
58202 66230 66211 -0.000326449
57009 65002 64204 -0.0139978
58146 65987 65918 -0.00118667
59007 66206 66136 -0.0011863
55294 64035 64358 0.0058415
57361 65386 65465 0.00137724
53634 63388 63317 -0.00132379
57452 62816 62335 -0.00837221
53874 63537 63606 0.00128077
57359 65932 65679 -0.00441082
56910 64539 64573 0.000597435
56577 65944 65737 -0.00365873
56398 64634 64647 0.000230505
57520 64973 64770 -0.00352921
57228 64764 63629 -0.0198329
58356 63875 64274 0.00683734
57063 65566 65764 0.00346985
55834 64185 64081 -0.00186266
59712 65766 65762 -6.69882e-05
56549 63954 64052 0.00173301
57592 65471 65681 0.00364634
56495 63824 64040 0.00382335
55905 65264 65587 0.00577766
57273 65343 65248 -0.00165872
58933 67051 67094 0.000729642
57658 64800 65085 0.00494294
57202 67593 67531 -0.00108388
60168 66116 66111 -8.31007e-05
58343 64918 64915 -5.14201e-05
59167 66090 66145 0.000929572
56916 65339 64850 -0.00859161
55965 64734 64842 0.00192978
58144 65675 66124 0.00772221
57538 66282 66005 -0.00481421
58013 65587 65325 -0.00451623
56029 64368 63920 -0.00799586
57270 64861 64304 -0.00972586
57468 66183 66501 0.00553351
56344 64878 65134 0.00454352
58188 65221 65265 0.00075617
56478 64954 64999 0.00079677
57178 65087 65132 0.000787016
60929 67333 67049 -0.00466116
56037 65022 65024 3.56907e-05
58589 66921 66978 0.000972879
55466 63876 63751 -0.00225363
58462 64841 64163 -0.0115973
55216 64721 64703 -0.000325992
58275 65063 64649 -0.00710425
57948 65171 65282 0.00191551
59425 66773 66304 -0.0078923
59328 67141 66974 -0.00281486
57896 65778 66001 0.00385173
58514 64178 64497 0.00545169
55789 65890 65771 -0.00213304
57761 65557 65480 -0.00133308
57808 66577 66284 -0.0050685
59258 66915 66557 -0.00604138
55881 64747 64608 -0.00248743
57372 64629 65116 0.00848846
59022 67205 67499 0.00498119
57867 67531 67390 -0.00243662
55737 66294 66454 0.00287062
56820 65636 65760 0.00218233
57994 65870 65544 -0.00562127
57923 65194 65129 -0.00112218
57133 65571 65391 -0.00315054
56409 65932 66073 0.0024996
57893 65308 65092 -0.00373102
58185 65283 65134 -0.0025608
58229 66787 66659 -0.00219822
56363 64968 64969 1.77421e-05
57859 64951 64933 -0.000311101
57553 65225 65500 0.0047782
57491 65884 65902 0.000313092
57151 66126 65585 -0.00946615
58755 67404 67364 -0.000680793
58574 64754 64465 -0.00493393
56352 66419 66757 0.00599801
57765 65238 65673 0.00753051
58273 67654 67705 0.000875191
59100 66769 66213 -0.00940778
58000 64751 64766 0.000258621
57016 65640 65707 0.00117511
56425 64656 64736 0.00141781
55890 65012 65222 0.00375738
57033 65567 65640 0.00127996
56241 65533 65359 -0.00309383
57469 65432 65589 0.00273191
56613 64448 64422 -0.000459258
59326 65074 64634 -0.00741665
58052 65176 65165 -0.000189485
54193 64021 63981 -0.000738103
57602 65058 65124 0.00114579
58307 64493 64755 0.00449346
59928 67407 67407 0
57494 64576 64481 -0.00165235
57979 65212 65435 0.00384622
55703 63689 64207 0.00929932
57119 64775 64708 -0.00117299
57850 65355 65188 -0.00288678
58177 63852 64145 0.00503635
55870 65471 65471 0
58314 67524 67628 0.00178345
57363 64800 64590 -0.0036609
56017 66097 65899 -0.00353464
55063 63419 63419 0
57544 65552 65761 0.003632
59527 67287 67206 -0.00136073
61359 66328 66382 0.000880066
56965 64555 64546 -0.000157992
57052 65836 65801 -0.000613475
58890 67015 66867 -0.00251316
57299 66161 66222 0.00106459
57061 65297 64962 -0.00587091
55655 65196 65196 0
58528 66428 66327 -0.00172567
56593 65212 65124 -0.00155496
59508 66989 67541 0.00927606
58503 66016 66114 0.00167513
57736 64479 64486 0.000121242
54737 64422 64133 -0.00527979
57598 66745 66577 -0.00291677
55648 64683 63988 -0.0124892
57512 64343 64312 -0.000539018
58301 64473 63938 -0.00917651
56837 67300 67300 0
55750 64876 65209 0.00597309
56277 64434 64206 -0.00405139
56084 65570 65119 -0.00804151
55900 65499 65674 0.00313059
57093 64516 64468 -0.000840734
55312 66544 66563 0.000343506
58187 65575 65638 0.00108272
55825 65117 65306 0.00338558
56167 64870 64979 0.00194064
60271 66631 66465 -0.00275423
59777 66890 66823 -0.00112083
56387 65563 65590 0.000478834
56689 66091 65457 -0.0111838
58054 66857 66776 -0.00139525
58465 66138 66172 0.000581545
58937 66609 66363 -0.00417395
58771 66871 66926 0.000935836
56493 65369 65334 -0.000619546
58112 66479 66438 -0.000705534
58598 66920 66872 -0.000819141
56600 64634 64323 -0.0054947
57591 65792 65526 -0.00461878
55025 65367 65505 0.00250795
57849 65281 65848 0.00980138
57356 66320 66048 -0.00474231
58162 66561 65895 -0.0114508
59925 67210 67126 -0.00140175
56855 65795 65860 0.00114326
58673 65898 66044 0.00248837
55525 64700 64310 -0.00702386
58301 66989 66938 -0.000874771
57304 63688 64256 0.00991205
54237 64303 64049 -0.00468315
57995 66539 65939 -0.0103457
55148 63405 63391 -0.000253862
58884 65764 65405 -0.00609673
58352 64752 64593 -0.00272484
57063 65205 65163 -0.000736029
56912 66350 66336 -0.000245994
57306 64768 64770 3.49004e-05
57456 67870 67027 -0.0146721
55022 64412 64533 0.00219912
57471 66320 66664 0.00598563
57376 64645 64790 0.00252719
59236 66623 66409 -0.00361267
61212 67170 67728 0.00911586
56951 63584 63103 -0.00844586
59457 66476 66071 -0.00681165
55292 64163 64112 -0.000922376
58113 66198 65875 -0.00555814
58885 65426 65037 -0.0066061
56640 65735 65904 0.00298376
56469 64609 64557 -0.000920859
58501 66259 66187 -0.00123075
56485 65792 66025 0.00412499
56243 64054 64174 0.0021336
58254 65489 65424 -0.0011158
57330 66552 66438 -0.00198849
57983 64859 65196 0.00581205
59119 66190 66170 -0.000338301
56694 65146 64652 -0.00871344
57097 65428 65534 0.00185649
59188 65584 65242 -0.0057782
57116 63489 63603 0.00199594
55971 64319 63921 -0.00711083
57521 64523 64342 -0.00314668
58378 67625 67647 0.000376854
54965 63688 63980 0.00531247
57220 66598 66615 0.000297099
59296 67060 66892 -0.00283324
57772 64854 64594 -0.00450045
55971 64590 64783 0.00344821
58596 66573 66454 -0.00203086
58183 65590 65481 -0.0018734
58089 66082 66090 0.00013772
59335 65804 65842 0.000640431
57741 65043 65063 0.000346374
58458 67225 67130 -0.0016251
58685 65895 66195 0.00511204
56760 66856 66724 -0.00232558
53850 63692 63321 -0.00688951
56894 65371 64907 -0.00815552
57056 64473 64857 0.00673023
58637 65957 65950 -0.000119379
53566 63179 63084 -0.00177351
54287 63382 63105 -0.00510251
57133 64095 64235 0.00245042
56156 65737 65760 0.000409573
55050 64560 64225 -0.00608538
56861 66526 66526 0
55967 66128 65953 -0.00312684
57164 65854 65835 -0.000332377
57928 66794 66705 -0.00153639
55176 63117 63207 0.00163114
55318 64484 64560 0.00137387
56455 66751 66762 0.000194845
58397 66161 65815 -0.00592496
55357 64927 64951 0.00043355
54162 63448 62757 -0.012758
57914 66425 66418 -0.000120869
59213 67685 67747 0.00104707
55443 63373 63612 0.00431073
56984 64562 64265 -0.00521199
56632 65007 64909 -0.00173047
56879 64603 64780 0.00311187
56169 65584 65653 0.00122844
59153 66649 66147 -0.00848647
56557 65359 65334 -0.000442032
57072 67135 67015 -0.00210261
58864 67223 66750 -0.00803547
56069 65520 65778 0.00460147
58849 65986 65997 0.000186919
56758 65160 64776 -0.00676557
58343 67107 67034 -0.00125122
58258 64883 64802 -0.00139037
56876 64763 64763 0
59963 67011 65942 -0.0178277
55240 65112 65098 -0.00025344
56056 64145 63702 -0.00790281
56533 65504 65631 0.00224648
55667 63173 63130 -0.00077245
57806 65301 65721 0.00726568
58386 66818 66652 -0.00284315
57246 64956 64730 -0.00394787
59549 66501 66218 -0.00475239
56140 64048 63583 -0.00828286
54952 64279 63085 -0.0217281
59828 66906 66974 0.00113659
55877 64291 63953 -0.006049
58695 65540 65648 0.00184002
58691 66965 67020 0.000937111
57849 66928 66895 -0.000570451
56395 65468 65004 -0.00822768
59512 66417 66683 0.00446969
56317 64486 65544 0.0187865
59561 67252 66624 -0.0105438
58781 65775 65178 -0.0101563
54882 64841 64753 -0.00160344
56914 65215 64915 -0.00527111
55450 64708 64933 0.00405771
53209 64236 64222 -0.000263113
56379 64305 63840 -0.00824775
58119 67019 66875 -0.00247768
55026 62981 62887 -0.00170828
60913 66457 66729 0.00446539
58846 65302 65593 0.00494511
57158 65339 65154 -0.00323664
55903 64568 64414 -0.00275477
56902 65712 65786 0.00130048
56476 64579 64610 0.000548906
60139 68203 68141 -0.00103094
58395 65302 64881 -0.00720952
56441 63719 63338 -0.00675041
58085 63466 63974 0.0087458
58599 68495 68793 0.00508541
57213 64430 64419 -0.000192264
55806 64206 63720 -0.00870874
55616 66318 66318 0
56188 63885 64055 0.00302556
55968 66110 66234 0.00221555
53651 62768 62563 -0.00382099
55784 64543 64580 0.000663273
56511 64523 64130 -0.0069544
57099 65905 65914 0.000157621
56855 65056 65324 0.00471375
57747 65571 65662 0.00157584
58443 65322 66121 0.0136714
59109 65912 65812 -0.00169179
57821 64650 64821 0.0029574
59547 66724 66727 5.03804e-05
57669 64721 64827 0.00183808
55856 66102 65954 -0.00264967
57713 64957 64601 -0.00616845
57256 65113 65476 0.00633995
56821 65168 64355 -0.0143081
56859 65172 64959 -0.00374611
57551 65713 65689 -0.000417021
57362 64481 64481 0
56363 64667 64815 0.00262584
57039 65860 66024 0.00287523
57297 65183 64909 -0.0047821
55558 64149 64534 0.0069297
58389 66418 66412 -0.000102759
56228 64668 64656 -0.000213417
56368 62694 62450 -0.0043287
54554 64134 64102 -0.000586575
56525 65152 65070 -0.00145069
56246 65103 64835 -0.00476478
57052 65377 65677 0.00525836
58469 66141 65597 -0.00930408
59694 65029 64850 -0.00299863
57434 65933 65878 -0.000957621
57171 66752 66318 -0.00759126
57421 65695 65713 0.000313474
58373 66982 66649 -0.00570469
58949 65846 65932 0.00145889
56430 64579 64740 0.00285309
56817 64816 64749 -0.00117922
56760 64620 64516 -0.00183228
59187 65202 65023 -0.00302431
59293 66132 66132 0
54167 64766 64413 -0.00651688
57168 65401 65367 -0.000594738
57609 65800 65728 -0.0012498
56796 66225 65996 -0.00403197
57885 65988 65786 -0.00348968
54182 64963 64706 -0.00474327
57807 67102 67000 -0.00176449
59976 67233 67590 0.00595238
58619 65618 66080 0.0078814
56677 65568 65350 -0.00384636
55877 65107 65230 0.00220126
57092 65999 65747 -0.00441393
57001 66031 66031 0
61003 67391 67350 -0.000672098
58788 64578 64892 0.00534123
58896 68064 67769 -0.00500883
60007 65746 66239 0.00821571
56043 66833 66689 -0.00256946
54711 63529 63270 -0.00473397
56932 65171 64865 -0.00537483
56500 65644 65685 0.000725664
56997 65645 65627 -0.000315806
58073 65727 65930 0.0034956
58282 65340 65849 0.0087334
57286 65179 64801 -0.00659847
56441 64866 64325 -0.00958523
56356 63060 63042 -0.000319398
56282 64442 64151 -0.00517039
58173 65146 65180 0.000584464
57098 66185 65985 -0.00350275
58755 66408 66341 -0.00114033
58229 66317 66215 -0.0017517
57402 66044 66426 0.00665482
59388 67010 66568 -0.00744258
58018 66145 66278 0.00229239
55202 65904 65246 -0.0119199
55354 63509 63606 0.00175236
56305 65705 65529 -0.00312583
57576 65376 65451 0.00130263
60211 66237 66058 -0.00297288
57627 65435 64795 -0.0111059
57047 64045 63944 -0.00177047
58228 65882 65929 0.000807172
58943 65973 65933 -0.000678622
56243 65897 66028 0.00232918
57762 66420 65998 -0.00730584
56309 65432 64703 -0.0129464
57441 65273 65132 -0.00245469
57254 66665 66156 -0.00889021
55206 63996 64114 0.00213745
56509 65838 65897 0.00104408
57270 67404 66928 -0.00831151
55443 65910 65659 -0.00452717
59905 66126 66715 0.00983223
57232 68081 67305 -0.0135588
56975 66529 66640 0.00194822
58618 65565 65553 -0.000204715
56170 64909 64731 -0.00316895
55556 63233 63184 -0.000881993
56797 65104 66086 0.0172896
57368 65415 65538 0.00214405
57730 64761 64589 -0.00297939
55635 66662 66662 0
55554 65247 65486 0.00430212
57172 65382 65161 -0.00386553
58633 66181 66290 0.00185902
55632 63722 63933 0.00379278
57529 65851 66123 0.00472805
55207 64191 64173 -0.000326046
57490 64508 64489 -0.000330492
59683 67200 66943 -0.00430608
57282 65567 65699 0.00230439
56868 64855 64590 -0.00465991
58926 66008 65364 -0.010929
58898 65460 65532 0.00122245
57183 65223 65079 -0.00251823
57135 65930 66140 0.00367551
57724 66266 66322 0.000970134
57442 65006 65220 0.0037255
57595 66714 66887 0.00300373
58324 64536 64275 -0.004475
59000 67477 67422 -0.000932203
61035 67201 67164 -0.00060621
56299 63824 63773 -0.000905878
57064 63583 63331 -0.00441609
60097 67618 67011 -0.0101003
57178 66199 65844 -0.00620868
57919 65820 65827 0.000120858
56433 65516 65129 -0.00685769
59103 66678 66495 -0.00309629
58532 67387 67247 -0.00239185
58883 67222 67308 0.00146052
58090 65536 65939 0.00693751
57788 64698 64426 -0.00470686
57324 65387 65484 0.00169214
54190 64466 64317 -0.00274958
58419 66099 66157 0.000992828
58093 64495 64495 0
58838 65142 65135 -0.000118971
57604 64416 64920 0.00874939
55882 64699 64656 -0.000769479
57159 66195 66115 -0.0013996
55870 65278 65272 -0.000107392
58266 64825 64825 0
56224 64971 64630 -0.00606503
55736 63770 63466 -0.00545428
60687 67250 67250 0
57059 63259 63131 -0.00224329
59120 66996 66357 -0.0108085
56341 66418 66224 -0.00344332
58511 66479 66581 0.00174326
55721 65904 65735 -0.00303297
58315 65244 65307 0.00108034
57137 65553 65437 -0.00203021
55297 63799 63820 0.000379767
55418 65031 65079 0.000866145
57078 64324 64259 -0.00113879
56815 65762 65848 0.00151368
55061 65589 65589 0
57061 65672 64780 -0.0156324
55504 63019 63480 0.00830571
55269 64195 64035 -0.00289493
56242 65118 65186 0.00120906
56730 65322 65285 -0.000652212
57026 65238 65685 0.00783853
57581 67402 67428 0.000451538
56421 64466 64383 -0.00147108
59326 66717 66717 0
57873 67661 67661 0
57879 66927 67152 0.00388742
57305 66457 66514 0.000994678
58523 66053 65942 -0.00189669
55184 63196 63241 0.000815454
56725 66702 66703 1.76289e-05
55814 64911 65238 0.00585875
56559 65302 65459 0.00277586
58547 66269 65984 -0.00486788
57010 65491 65557 0.00115769
55178 63480 63512 0.000579941
55393 63768 63998 0.00415215
57010 65527 65747 0.00385897
57399 64652 64659 0.000121953
58968 66067 66119 0.000881834
56587 64190 63944 -0.00434729
57464 64720 64650 -0.00121815
56185 64015 64016 1.77983e-05
56848 64667 64636 -0.000545314
57408 64659 64587 -0.00125418
55263 65335 65374 0.000705716
56665 64142 64382 0.00423542
56462 64187 63824 -0.0064291
57807 65954 65840 -0.00197208
56610 64827 65169 0.00604134
57607 65882 66268 0.00670057
55638 65481 65404 -0.00138395
56532 64843 64886 0.000760631
56786 65172 65120 -0.000915719
56404 65769 66080 0.00551379
56457 64872 64793 -0.0013993
55463 63535 63574 0.000703171
57229 66775 66977 0.00352968
57380 65569 65118 -0.00785988
60788 67254 67237 -0.00027966
58080 65483 65491 0.000137741
60455 66854 66347 -0.0083864
56764 64983 65228 0.00431612
54761 64364 64230 -0.002447
58204 66805 66681 -0.00213044
57446 65345 65345 0
58904 63662 64121 0.00779234
60183 67724 67410 -0.00521742
56869 66191 66176 -0.000263764
58866 64770 65093 0.00548704
57689 65520 65791 0.0046976
55605 64235 64212 -0.000413632
55999 64986 64957 -0.000517866
56376 64625 64689 0.00113523
57454 64805 64872 0.00116615
59605 66945 66959 0.00023488
54925 64009 63590 -0.00762858
60753 66962 66810 -0.00250193
58238 67507 67437 -0.00120196
60321 67378 67301 -0.0012765
56979 65060 64985 -0.00131627
56766 65330 65277 -0.000933657
57968 66879 66880 1.72509e-05
58219 65614 65721 0.00183789
57273 65551 65096 -0.00794441
57070 65391 65330 -0.00106886
56053 65506 65799 0.0052272
55318 65509 65047 -0.00835171
58045 65812 65627 -0.00318718
56860 65477 65546 0.00121351
57121 65953 65899 -0.000945362
57256 64651 64782 0.00228797
55375 66883 66802 -0.00146275
55418 65248 65027 -0.00398787
55806 65240 65071 -0.00302835
56681 65360 65508 0.0026111
56243 64174 64716 0.00963675
55684 66110 66339 0.00411249
56394 64079 63934 -0.0025712
57526 64240 64301 0.00106039
58413 65721 65793 0.0012326
56611 64467 64200 -0.0047164
59284 65442 65786 0.00580258
58100 64932 65017 0.00146299
59658 65303 65244 -0.00098897
57472 65439 65357 -0.00142678
55182 65512 65432 -0.00144975
56491 65634 65686 0.000920501
57673 65931 66006 0.00130044
56878 64175 64293 0.00207462
57055 65387 65368 -0.000333012
57424 65472 65764 0.00508498
58015 66635 66672 0.000637766
57055 65748 65549 -0.00348786
56409 64791 64450 -0.00604513
56540 65042 64698 -0.00608419
57019 66226 66388 0.00284116
57396 65709 65621 -0.00153321
55512 64671 64475 -0.00353077
57427 64341 63919 -0.00734846
57080 65905 66055 0.00262789
55659 65402 65223 -0.00321601
56957 65575 66622 0.0183823
55916 63684 63733 0.000876314
57206 64391 64272 -0.0020802
59655 65464 65647 0.00306764
53351 64429 64429 0
56996 65876 66074 0.00347393
57893 65186 64491 -0.0120049
57862 66301 66294 -0.000120977
59303 66706 67015 0.00521053
58780 66571 66493 -0.00132698
58569 66014 65875 -0.00237327
58008 64342 64169 -0.00298235
58532 67853 67762 -0.00155471
57935 65928 66068 0.0024165
56380 64381 64323 -0.00102873
59374 65686 65698 0.000202109
58688 65820 65949 0.00219806
56731 64168 63976 -0.00338439
57605 65458 65626 0.00291641
59281 65962 65946 -0.000269901
59567 66041 66051 0.000167878
56890 64532 64474 -0.00101951
58248 66284 65936 -0.00597445
58208 66922 66821 -0.00173516
55428 64184 64260 0.00137115
56047 64808 64524 -0.00506718
57818 65315 65500 0.0031997
55622 65450 65509 0.00106073
56517 63211 63155 -0.000990852
59495 66756 66861 0.00176485
56750 66201 66508 0.00540969
59921 66847 67220 0.00622486
54759 64089 64191 0.00186271
56797 63867 64175 0.00542282
60558 67010 66877 -0.00219624
55975 63267 63026 -0.00430549
56406 64499 64194 -0.00540723
58274 66465 66163 -0.00518241
57534 66769 66679 -0.00156429
58073 65417 65528 0.00191139
60068 67112 67383 0.00451155
58357 66052 66174 0.00209058
56484 65411 65419 0.000141633
55939 63987 64202 0.00384347
54442 64992 64947 -0.000826568
57807 65733 65934 0.00347709
58591 66679 66626 -0.000904576
56576 65216 64612 -0.0106759
56244 64380 64531 0.00268473
58792 66931 67027 0.00163288
57728 65139 64979 -0.00277162
57775 65352 66162 0.0140199
60522 67889 67892 4.95688e-05
59599 68038 68254 0.00362422
58141 66206 65883 -0.00555546
59039 65489 64892 -0.010112
56862 66775 66815 0.000703457
58264 65095 65268 0.00296924
58105 65293 65387 0.00161776
57951 64616 64970 0.00610861
56336 62246 62484 0.00422465
57463 64015 64403 0.00675217
57951 64981 64969 -0.000207071
56677 65157 64947 -0.00370521
58739 66781 66653 -0.00217913
58619 67260 67392 0.00225183
59472 66611 66496 -0.00193368
57973 66214 66428 0.00369137
56514 65113 64624 -0.00865272
59599 67023 66616 -0.00682897
58834 66078 66194 0.00197165
57689 66510 66613 0.00178544
58093 65450 64858 -0.0101906
57356 67046 66815 -0.00402748
56714 65584 65651 0.00118137
57339 65333 65333 0
57686 66617 66816 0.00344971
59278 67661 67773 0.0018894
58244 66134 66147 0.000223199
55082 64791 64761 -0.000544643
55734 65643 65360 -0.00507769
57646 65566 65422 -0.00249801
59196 66714 66788 0.00125008
54375 63173 63584 0.00755862
58842 67114 67334 0.00373883
56834 65451 65139 -0.00548967
56266 65103 65196 0.00165286
58541 65286 65407 0.00206693
55277 64261 64110 -0.0027317
57809 66070 65997 -0.00126278
57079 64364 64325 -0.000683264
56209 65343 65350 0.000124535
58572 66075 66129 0.000921942
56170 65456 65435 -0.000373865
57043 65995 66098 0.00180566
56517 64467 64508 0.000725445
57691 65254 65515 0.0045241
57316 64760 64733 -0.000471073
58100 65295 65262 -0.000567986
56203 64699 64721 0.000391438
56262 65914 65635 -0.00495894
59148 64803 64300 -0.00850409
56234 64341 64363 0.000391222
57799 65578 65646 0.00117649
59416 67293 67535 0.00407298
59813 65604 65362 -0.00404594
57914 65066 65066 0
56929 65615 65855 0.00421578
56971 66259 65849 -0.00719664
56697 65569 65496 -0.00128755
57915 66969 66919 -0.000863334
57559 65800 66086 0.00496881
55760 64858 64414 -0.0079627
58688 66274 66820 0.00930344
59213 66989 66989 0
57662 66164 66189 0.000433561
59136 65745 65469 -0.00466721
58292 65045 64847 -0.00339669
57562 64793 64655 -0.00239741
57173 66000 66130 0.0022738
57382 65267 65083 -0.00320658
56519 65406 65651 0.00433483
54799 64114 63879 -0.0042884
58297 64689 65031 0.00586651
56943 64788 64888 0.00175614
57322 67018 67022 6.97812e-05
57775 64701 64521 -0.00311553
58947 66876 66906 0.000508932
55968 65753 65282 -0.00841552
55893 62936 62895 -0.000733544
57990 66229 66548 0.00550095
55395 63859 63859 0
58314 65019 65309 0.00497308
57890 64728 64539 -0.00326481
