50896 56734 57300 0.0111207
49899 56762 57113 0.00703421
50847 57501 57278 -0.00438571
50000 58813 58687 -0.00252
51091 58145 58145 0
51495 57838 58166 0.00636955
52814 59424 59199 -0.00426023
50085 58029 57692 -0.00672856
48515 57057 56733 -0.00667835
50365 56819 56479 -0.00675072
52449 56897 57438 0.0103148
48251 57493 57313 -0.00373049
48944 55970 56672 0.0143429
50970 59339 59359 0.000392388
48997 57801 57805 8.16377e-05
49398 57325 57048 -0.00560751
49243 58505 57856 -0.0131795
49853 58378 58238 -0.00280826
48643 56648 55993 -0.0134655
49411 57139 57128 -0.000222622
51625 58738 58486 -0.00488136
50984 57614 57731 0.00229484
49197 56928 56912 -0.000325223
51642 58495 58534 0.000755199
50056 58258 58090 -0.00335624
52105 58247 58148 -0.00190001
49093 57952 58011 0.0012018
52075 58934 59042 0.00207393
49042 56295 56258 -0.000754455
52342 58181 58120 -0.00116541
50211 58301 58189 -0.00223059
50496 57345 57055 -0.00574303
48859 56806 56658 -0.00302912
49162 55922 56631 0.0144217
50325 57107 57144 0.000735221
48211 57325 57351 0.000539296
51149 57630 57413 -0.00424251
52007 60506 60436 -0.00134597
50136 58151 58163 0.000239349
48923 57291 57382 0.00186007
52144 60500 60487 -0.00024931
49830 57577 57117 -0.00923139
50265 58153 57791 -0.00720183
50244 57909 58030 0.00240825
49674 57436 57436 0
51880 59616 59349 -0.00514649
50971 57759 58140 0.00747484
51637 58788 58719 -0.00133625
50062 58473 58319 -0.00307619
50861 57245 57149 -0.0018875
50351 56904 56670 -0.00464738
49527 58062 58055 -0.000141337
50314 56663 56940 0.00550543
49931 56911 56998 0.0017424
51330 57967 58458 0.00956556
50341 58113 57881 -0.00460857
51461 57751 57757 0.000116593
51502 58177 58272 0.00184459
49915 57472 57765 0.00586998
50632 57675 57596 -0.00156028
51524 57271 57270 -1.94084e-05
49953 55877 55843 -0.00068064
52130 57695 57958 0.00504508
50308 58750 58641 -0.00216665
48816 55258 55150 -0.00221239
49379 58081 58062 -0.000384779
48997 58177 58113 -0.0013062
49974 57263 57263 0
49607 57017 56766 -0.00505977
50260 57606 57193 -0.00821727
50427 58164 58320 0.00309358
49276 57357 57349 -0.000162351
48502 58054 58544 0.0101027
49534 57260 57706 0.00900392
47706 56327 56295 -0.000670775
47695 56077 56515 0.00918335
49180 57143 57213 0.00142334
49373 57805 57833 0.000567112
50208 59761 59657 -0.00207138
50174 59155 59236 0.00161438
48248 56358 56372 0.000290167
49927 57204 57832 0.0125784
48777 56033 56075 0.000861062
49141 56615 56661 0.000936082
49101 58014 58102 0.00179222
50919 58219 58381 0.00318152
49242 56160 55936 -0.00454896
50991 59292 59538 0.00482438
50546 59702 59635 -0.00132553
49988 58514 58781 0.00534128
51154 60312 60467 0.00303007
50526 57636 57376 -0.00514587
51202 58448 58624 0.00343737
49570 56805 56430 -0.00756506
51164 58747 58726 -0.000410445
49565 56032 55902 -0.00262282
49691 56629 56670 0.000825099
50334 58466 58104 -0.00719196
50490 57970 58076 0.00209943
48446 56967 56528 -0.00906164
51496 58426 58375 -0.000990368
51627 59267 59503 0.00457125
50865 58341 58087 -0.00499361
49890 58332 58516 0.00368811
51546 57651 57736 0.00164901
51726 59359 59265 -0.00181727
47966 56707 56592 -0.00239753
50230 57975 58001 0.000517619
49383 57766 57732 -0.000688496
51468 59275 59232 -0.000835471
51054 58688 58688 0
49961 56479 56553 0.00148116
49217 58012 58398 0.00784282
48723 57198 56949 -0.00511052
47922 55109 55089 -0.000417345
50343 56712 56399 -0.00621735
50642 57110 56709 -0.00791833
49901 58171 58144 -0.000541071
51001 58599 58654 0.00107841
50824 57241 57440 0.00391547
49830 57549 57664 0.00230785
50432 57776 57393 -0.00759438
50963 58748 58991 0.00476817
47524 56370 56455 0.00178857
51165 58830 58668 -0.00316623
50936 59167 59376 0.00410319
50366 57154 57037 -0.002323
50682 58763 59037 0.00540626
50447 58100 58070 -0.000594684
52064 59100 59111 0.000211278
50942 58048 58306 0.00506458
50067 57726 57892 0.00331556
50218 57299 56980 -0.0063523
48949 58523 58688 0.00337086
51597 57750 57706 -0.000852763
49269 58153 58145 -0.000162374
51236 58936 58855 -0.00158092
50088 58827 58745 -0.00163712
49203 57819 58031 0.00430868
51760 59447 59260 -0.00361283
48114 56269 56260 -0.000187056
50203 57208 57276 0.0013545
48433 54770 55077 0.00633865
50501 56537 56731 0.00384151
50768 57542 57295 -0.00486527
50941 58800 58646 -0.00302311
50222 58561 58171 -0.00776552
48818 56255 56302 0.00096276
51879 59431 59190 -0.00464542
48364 55672 56394 0.0149285
48985 57163 57047 -0.00236807
47994 57291 56913 -0.00787598
48974 56648 56912 0.00539062
49507 57165 57036 -0.00260569
49856 57364 57482 0.00236682
50880 57543 57366 -0.00347877
48877 56565 56332 -0.00476707
50077 57234 57021 -0.00425345
50499 57629 57492 -0.00271293
49585 56224 56451 0.004578
50967 58983 58835 -0.00290384
50474 59088 59032 -0.00110948
50171 58016 58200 0.00366746
50795 58730 58709 -0.000413427
48068 56742 56753 0.000228842
52571 58219 58295 0.00144566
50651 57786 57401 -0.00760103
50678 58534 58765 0.00455819
50471 57962 57989 0.000534961
51434 58515 58058 -0.00888517
49873 57466 57601 0.00270688
51724 58087 58077 -0.000193334
49442 57102 57010 -0.00186077
48995 57424 57476 0.00106133
52525 59217 59384 0.00317944
51282 58375 58536 0.0031395
50250 58545 58360 -0.00368159
50894 57655 57655 0
49053 56908 57021 0.00230363
50317 58772 58739 -0.000655842
53098 59731 59731 0
51065 57848 57987 0.00272202
51800 58205 58248 0.000830116
49868 57413 57496 0.00166439
52774 59848 59812 -0.000682154
50823 59602 59416 -0.00365976
48473 57140 57059 -0.00167103
49074 56493 56926 0.00882341
50341 58357 58411 0.00107268
50432 58986 59068 0.00162595
50684 57589 57280 -0.0060966
50527 58007 57966 -0.000811447
48536 57997 57905 -0.0018955
51393 58669 58584 -0.00165392
50166 58572 58593 0.00041861
49197 56770 56702 -0.0013822
49114 57750 57732 -0.000366494
49455 56212 56037 -0.00353857
48043 57057 57129 0.00149866
49568 57008 57481 0.00954245
52099 59508 59310 -0.00380046
50800 57415 57628 0.00419291
51826 57734 57888 0.00297148
50616 59107 58802 -0.00602576
51865 57629 57886 0.00495517
48684 55077 55001 -0.00156109
50578 57876 58328 0.00893669
50402 57363 57166 -0.00390858
50174 56426 56526 0.00199306
50146 57950 57890 -0.00119651
47325 54946 55028 0.0017327
52909 60489 60540 0.000963919
49870 58946 58966 0.000401043
51467 58706 58963 0.00499349
50518 57869 57741 -0.00253375
49632 56759 56901 0.00286106
51384 56673 56517 -0.00303596
50034 57943 58043 0.00199864
50497 57974 57815 -0.0031487
52463 58461 58522 0.00116272
51558 59342 58207 -0.022014
50569 56830 56994 0.00324309
52885 60348 60192 -0.0029498
47236 55295 55374 0.00167245
50996 59311 58794 -0.0101381
51413 58037 57714 -0.00628246
48551 56824 57107 0.00582892
50303 57018 56947 -0.00141145
50739 57121 57700 0.0114113
51309 58485 58389 -0.00187102
50857 58053 58062 0.000176967
51215 57796 57698 -0.0019135
49879 59162 58995 -0.0033481
49488 57154 57607 0.00915373
49892 57921 58042 0.00242524
48812 56713 56723 0.000204868
49330 58300 57822 -0.00968984
50422 57160 57467 0.00608861
49637 57667 57448 -0.00441203
50905 58586 58586 0
51227 57347 56721 -0.0122201
50368 58071 58084 0.0002581
49677 56052 56346 0.00591823
50565 57486 57594 0.00213586
51520 59604 59639 0.000679348
51206 59841 59841 0
49009 56787 57074 0.00585607
50446 57237 57186 -0.00101098
48380 56166 56631 0.00961141
48014 55944 55838 -0.00220769
51409 56731 56696 -0.000680815
50230 57717 57759 0.000836154
51331 58181 58017 -0.00319495
48339 56207 56136 -0.00146879
51890 57643 57097 -0.0105223
51443 57596 57617 0.000408219
50275 58243 57451 -0.0157534
50492 58171 58171 0
49792 58088 58050 -0.000763175
50121 57812 57843 0.000618503
50920 56893 56955 0.0012176
49382 57104 57225 0.00245029
50017 57731 57717 -0.000279905
48890 56372 55953 -0.00857026
50979 59215 59271 0.00109849
48994 56497 56849 0.00718455
50228 58080 57951 -0.00256829
51454 57939 57616 -0.00627745
49556 57407 56941 -0.0094035
48219 56111 56033 -0.00161762
50219 58593 58593 0
50876 56699 56795 0.00188694
51320 56537 56717 0.0035074
50905 57603 57496 -0.00210195
52188 59047 59077 0.000574845
49996 58172 58059 -0.00226018
48503 58858 58815 -0.000886543
48065 56665 56201 -0.00965359
51116 59003 58753 -0.00489084
49862 58247 58476 0.00459268
49820 57820 57360 -0.00923324
48383 56183 56190 0.000144679
48366 55458 55901 0.00915933
50293 57994 57846 -0.00294276
49524 56627 56789 0.00327114
49252 58271 58049 -0.00450743
49510 55396 55745 0.00704908
53558 59877 59476 -0.00748721
50018 57865 57865 0
51205 57544 57827 0.0055268
50234 57920 57878 -0.000836087
51894 57583 57682 0.00190773
48768 56478 56407 -0.00145587
50218 57423 57151 -0.00541638
50656 57733 57699 -0.000671194
50849 58662 58521 -0.00277292
51535 59620 59428 -0.00372562
50139 57123 57221 0.00195457
52062 59493 58995 -0.00956552
50807 57985 58181 0.00385774
48966 56920 57122 0.00412531
52008 58373 58220 -0.00294186
50952 57743 57474 -0.00527948
51008 58917 58952 0.000686167
49394 56448 56359 -0.00180184
48895 58140 58187 0.000961243
49699 57531 57466 -0.00130787
51252 57330 57605 0.00536564
50829 56776 56539 -0.00466269
48055 56270 55949 -0.00667985
52039 58775 58690 -0.00163339
48027 56167 56225 0.00120765
51100 56334 56180 -0.0030137
50232 58420 58109 -0.00619127
49720 57591 57494 -0.00195093
51848 58940 59071 0.00252662
51459 58187 58180 -0.000136031
47860 56355 56349 -0.000125366
50384 56878 56946 0.00134963
46937 55644 56244 0.0127831
50273 55808 55270 -0.0107016
47150 55532 55612 0.00169671
50751 57974 58295 0.006325
49966 56676 56844 0.00336229
49270 58056 58336 0.00568297
49248 57028 56804 -0.00454841
49441 57237 57065 -0.00347889
50106 57617 57378 -0.00476989
50959 57226 56516 -0.0139328
50616 58303 58203 -0.00197566
49163 56895 56962 0.00136281
52441 57858 58046 0.00358498
49276 56236 56314 0.00158292
49762 58448 58197 -0.00504401
49826 56802 56866 0.00128447
48550 57360 57430 0.00144181
50115 57332 57436 0.00207523
52407 59714 59832 0.00225161
50583 56702 56494 -0.00411205
49979 59529 59530 2.00084e-05
53210 58541 58519 -0.000413456
51396 57564 57595 0.00060316
50887 57737 57609 -0.00251538
49268 57223 56968 -0.00517577
49150 57201 56934 -0.00543235
50902 58071 58498 0.00838867
49823 59174 59132 -0.000842984
50065 57111 57044 -0.00133826
48476 56302 56099 -0.00418764
49846 57642 57510 -0.00264816
50458 58629 58772 0.00283404
48886 58019 58102 0.00169783
51255 57980 57598 -0.00745293
49578 57236 56984 -0.0050829
49689 57230 57283 0.00106663
52871 59347 58996 -0.0066388
48894 56673 56864 0.00390641
51834 59497 59625 0.00246942
49186 56288 56057 -0.00469646
50616 56487 56733 0.00486012
48544 57338 56991 -0.00714815
50683 57463 57411 -0.00102599
51052 58070 58090 0.000391757
51925 58666 58743 0.00148291
52020 58343 58467 0.0023837
50251 57870 57523 -0.00690534
51273 56570 56053 -0.0100833
48962 58548 58916 0.00751603
50205 57573 57481 -0.00183249
50678 58384 58368 -0.000315719
51880 59239 59466 0.00437548
49238 57581 57374 -0.00420407
50641 57135 57104 -0.000612152
50943 59514 59580 0.00129557
50555 59744 59903 0.00314509
48569 58393 58733 0.00700035
49263 58096 58175 0.00160364
51216 57947 58052 0.00205014
50973 57431 57187 -0.00478685
50000 58023 58167 0.00288
49365 57390 57572 0.00368682
50432 57433 57264 -0.00335105
51164 57606 57143 -0.00904933
51288 57971 58572 0.0117181
48424 56151 56465 0.00648439
50676 57350 57350 0
49581 57153 57105 -0.000968113
50164 58008 58104 0.00191372
49800 57725 57507 -0.00437751
51437 59416 59575 0.00309116
51165 56482 56501 0.000371348
49877 59337 59374 0.000741825
50382 56788 57004 0.00428725
51185 59436 58966 -0.00918238
50709 58085 57533 -0.0108856
51351 57994 57895 -0.00192791
50179 58023 58268 0.00488252
49639 57422 57261 -0.00324342
48544 57630 57909 0.00574736
49668 58108 58108 0
49510 57852 57650 -0.00407998
50009 56426 56425 -1.99964e-05
49636 56690 56870 0.0036264
51855 57390 57224 -0.00320123
50427 57185 57064 -0.00239951
47633 56610 56415 -0.0040938
50137 57267 57228 -0.000777869
50908 56702 56579 -0.00241612
52300 59577 59187 -0.00745698
49467 56624 56327 -0.006004
51514 58348 58108 -0.00465893
48845 56559 56514 -0.000921282
50056 57192 56978 -0.00427521
50641 57951 57903 -0.000947849
51089 57017 56870 -0.00287733
48216 57316 57394 0.00161772
51481 59311 59108 -0.0039432
50618 57257 57254 -5.92675e-05
49957 58828 58509 -0.00638549
48734 55718 55916 0.00406287
50231 58070 58240 0.00338436
51854 59070 59127 0.00109924
53760 59211 59351 0.00260417
49630 56961 57179 0.0043925
50058 57571 57733 0.00323625
51678 59334 59288 -0.000890127
49664 58332 58412 0.00161082
51113 58011 58298 0.00561501
48733 57717 57655 -0.00127224
51375 57960 57789 -0.00332847
50113 57967 57720 -0.00492886
52298 60159 59945 -0.00409193
51554 58888 59148 0.00504326
50335 56841 57101 0.00516539
48436 56656 56541 -0.00237427
50374 57950 57841 -0.00216381
47853 57022 56713 -0.00645728
50392 57428 57342 -0.00170662
51006 56737 56533 -0.00399953
49938 59777 59901 0.00248308
48481 57301 57412 0.00228956
49179 56858 56874 0.000325342
48770 57234 57219 -0.000307566
48729 57662 57646 -0.000328347
49391 56227 56067 -0.00323946
48130 58301 57997 -0.00631623
50820 57753 57751 -3.93546e-05
49175 56851 57092 0.00490086
49078 57659 57985 0.00664249
53298 58830 58721 -0.0020451
52338 58829 58779 -0.000955329
49025 57187 57147 -0.00081591
49615 58039 57917 -0.00245893
50680 58952 58954 3.94633e-05
51349 58728 58721 -0.000136322
50764 58966 59052 0.00169411
52056 59088 59076 -0.000230521
49747 57407 57697 0.0058295
51210 59123 58836 -0.00560437
50872 58578 58114 -0.00912093
49192 56182 56324 0.00288665
50492 57712 57151 -0.0111107
48400 58350 58434 0.00173554
50188 57082 56735 -0.006914
50360 58165 58324 0.00315727
52195 59796 60253 0.00875563
53330 59468 60026 0.0104632
50041 57909 57540 -0.00737395
51748 58594 58778 0.00355569
48408 58054 57939 -0.00237564
50871 59123 58702 -0.00827583
50042 56702 56530 -0.00343711
47891 56814 56900 0.00179574
50963 59685 59647 -0.000745639
48044 55849 55695 -0.0032054
52095 58401 58384 -0.000326327
49405 57299 57356 0.00115373
50680 57762 57845 0.00163773
49436 58216 58156 -0.00121369
49612 57216 56538 -0.013666
50535 59403 59503 0.00197883
48831 56840 56746 -0.00192501
50217 58206 58690 0.00963817
50359 57371 57125 -0.00488493
51770 57654 57906 0.00486768
53313 58872 58841 -0.000581472
50891 57230 56790 -0.00864593
52616 59141 58967 -0.00330698
48142 56885 56830 -0.00114245
50704 57891 57991 0.00197223
51441 57734 58159 0.00826189
49409 57934 58459 0.0106256
48716 56599 56668 0.00141637
50989 57954 58080 0.00247112
48849 57000 57047 0.000962149
49610 56903 57158 0.00514009
50366 57495 57579 0.00166779
50402 58533 58270 -0.00521805
51450 57242 57291 0.000952381
51105 58150 58181 0.000606594
49508 57329 56826 -0.01016
50673 58309 58397 0.00173663
51411 57152 57143 -0.00017506
49577 55332 55239 -0.00187587
49259 56388 56145 -0.00493311
50364 56416 56647 0.00458661
51256 59004 58925 -0.00154128
48062 56559 56527 -0.000665807
50092 58673 58487 -0.00371317
50848 58028 58134 0.00208464
50956 56730 56569 -0.00315959
49950 58846 58914 0.00136136
51671 59515 58960 -0.010741
51156 58444 58206 -0.00465244
50863 57677 57957 0.00550498
51940 58251 58036 -0.00413939
51245 58177 58176 -1.95141e-05
52337 59681 59683 3.82139e-05
51105 58302 58254 -0.000939243
50208 59088 58958 -0.00258923
47807 56469 56469 0
49563 57021 56852 -0.0034098
50124 57255 57661 0.00809991
50909 57494 57477 -0.000333929
47429 55989 55839 -0.00316262
46788 55630 55235 -0.00844234
50185 56513 56815 0.00601773
48862 56732 56973 0.00493226
48464 57113 57460 0.00715995
49105 58157 58208 0.00103859
48551 57695 57846 0.00311013
50551 58182 57948 -0.00462899
50915 59079 58869 -0.00412452
48344 55458 55138 -0.00661923
47714 56951 56629 -0.00674854
49205 58728 58633 -0.0019307
50912 58823 58930 0.00210167
48611 57946 57877 -0.00141943
47501 55429 55679 0.00526305
50716 58308 58097 -0.00416042
51798 58783 58735 -0.000926677
48118 55755 55728 -0.000561121
50291 57251 57091 -0.00318148
50057 57519 57515 -7.99089e-05
50639 57521 57529 0.000157981
48486 57883 57832 -0.00105185
51584 57894 58128 0.00453629
49596 57975 57494 -0.00969836
50249 59336 59438 0.00202989
51072 58964 58955 -0.000176222
49020 58249 58166 -0.00169319
51895 58463 58490 0.000520281
49789 57588 57649 0.00122517
51520 59207 59210 5.82298e-05
50528 56751 56637 -0.00225617
49885 56935 56921 -0.000280645
53847 59728 59699 -0.000538563
47798 56181 56055 -0.00263609
49008 56412 56069 -0.00699886
49329 57706 57764 0.00117578
48571 55220 55643 0.0087089
50479 57685 57559 -0.00249609
51823 59130 59130 0
50324 57049 57540 0.00975678
51927 58104 58219 0.00221465
49274 56591 56741 0.0030442
48853 57144 56807 -0.00689825
52479 59495 59528 0.000628823
48688 56905 56739 -0.00340946
51466 57596 57459 -0.00266195
51350 58784 58763 -0.000408958
51282 59705 59771 0.001287
49752 58197 58063 -0.00269336
52072 58778 58765 -0.000249654
49334 57904 57987 0.00168241
52044 59353 59286 -0.00128737
51097 57656 57619 -0.000724113
47326 56394 56427 0.000697291
49871 58061 58250 0.00378978
48434 57034 56860 -0.00359252
46755 56254 56497 0.00519731
50017 57544 57498 -0.000919687
51753 59743 59484 -0.00500454
48814 55781 55362 -0.0085836
53458 58694 58983 0.00540611
51335 57599 57755 0.00303886
50195 57724 57678 -0.000916426
48220 56723 56585 -0.00286188
49337 58123 58095 -0.000567525
49236 56516 56613 0.0019701
53759 60855 60732 -0.00228799
51182 57482 57323 -0.00310656
49253 56313 56404 0.0018476
50690 56050 56718 0.0131781
51001 60002 59879 -0.00241172
50373 56346 56453 0.00212415
48135 56129 56311 0.00378103
48405 58276 57752 -0.0108253
49119 56610 56646 0.000732914
48768 58307 58551 0.00500328
47269 55898 55922 0.000507732
49440 57443 57246 -0.00398463
48813 56349 56357 0.000163891
50086 58209 58015 -0.00387334
49545 57231 57406 0.00353214
50307 57971 58088 0.00232572
51304 58573 58726 0.00298222
51597 57580 57409 -0.00331415
50448 56254 56701 0.00886061
51984 58621 58491 -0.00250077
50481 57496 57467 -0.000574474
47566 57787 57804 0.000357398
50747 57083 56509 -0.011311
49386 57847 57811 -0.000728952
49107 57317 56820 -0.0101208
49493 56578 56644 0.00133352
49787 58183 58019 -0.00329403
49869 57130 57204 0.00148389
49361 56915 56718 -0.00399101
49880 58173 58333 0.0032077
49930 57589 57266 -0.00646906
48912 56651 56808 0.00320985
50965 57870 57752 -0.00231531
49509 57483 57504 0.000424165
49357 56113 55537 -0.0116701
48148 56932 56800 -0.00274155
49121 57563 57563 0
49418 57561 57468 -0.00188191
50004 58111 57528 -0.0116591
51665 57808 57825 0.000329043
51633 57203 57260 0.00110395
50074 58056 58287 0.00461317
50061 58829 58807 -0.000439464
50366 58422 58547 0.00248183
50451 58829 58827 -3.96424e-05
51054 57835 57570 -0.00519058
48959 57592 57341 -0.00512674
50368 57339 57182 -0.00311706
49892 56745 56650 -0.00190411
52659 58258 58228 -0.000569703
51441 57579 57585 0.000116638
48034 56951 56890 -0.00126993
50045 56986 56729 -0.00513538
50078 57823 58079 0.00511203
49188 58269 57908 -0.00733919
51099 57841 58336 0.00968708
47534 56692 56321 -0.00780494
50699 60222 59822 -0.0078897
52215 59233 59189 -0.00084267
50249 56747 56974 0.0045175
49555 58268 58096 -0.00347089
47876 56750 56696 -0.00112791
50155 58784 58988 0.00406739
49614 58384 58281 -0.00207603
53091 59484 59603 0.00224143
51417 57553 57631 0.00151701
51694 59266 59605 0.00655782
52294 58307 58716 0.00782116
48831 58899 59187 0.00589789
48023 55448 55673 0.00468525
50208 57872 57626 -0.00489962
49706 57637 58108 0.00947572
49506 57215 57010 -0.00414091
50853 58020 57890 -0.00255639
51599 58894 58593 -0.00583345
50880 58336 58330 -0.000117925
50093 58388 57984 -0.008065
49742 55621 55354 -0.0053677
49180 56822 56830 0.000162668
50142 57238 57140 -0.00195445
50240 58641 58810 0.00336385
51574 59277 59136 -0.00273394
50480 58237 57961 -0.00546751
50317 58888 58817 -0.00141105
52861 59907 59751 -0.00295114
51514 58960 59004 0.000854137
48056 57569 57713 0.0029965
48255 55927 55863 -0.00132629
48990 57720 57705 -0.000306185
50572 57442 57394 -0.000949142
52926 58765 58798 0.000623512
50493 58266 58302 0.00071297
50571 56757 56835 0.00154239
50762 58333 57997 -0.00661912
51764 58331 58385 0.0010432
48917 58112 58044 -0.00139011
50466 58426 58018 -0.00808465
48860 57263 57067 -0.00401146
50158 57903 57743 -0.00318992
50794 58859 59067 0.00409497
48498 57382 57045 -0.00694874
49571 58654 58810 0.003147
50061 58964 59207 0.00485408
48879 57843 58140 0.00607623
52019 58741 58458 -0.00544032
50449 60356 59962 -0.00780987
49412 58611 58584 -0.000546426
51030 57459 57640 0.00354693
49925 57628 57426 -0.00404607
48898 56036 55943 -0.00190192
50306 57363 57579 0.00429372
50444 57844 57677 -0.0033106
51018 57933 58363 0.0084284
48158 58659 58491 -0.00348852
48036 56822 57064 0.00503789
49584 57135 57016 -0.00239997
50771 58391 58318 -0.00143783
48602 56711 56436 -0.0056582
51028 58471 58669 0.00388022
48824 56747 56991 0.00499754
50240 56578 56315 -0.00523487
51983 58794 59266 0.00907989
50660 57905 58140 0.00463877
49056 56927 56989 0.00126386
51753 58070 58258 0.00363264
52224 57579 57762 0.00350414
50087 58504 58530 0.000519097
50190 57893 58177 0.0056585
51005 59413 59335 -0.00152926
49868 57372 57326 -0.000922435
51022 58406 58406 0
50849 56259 56162 -0.00190761
51414 59404 59309 -0.00184775
53364 59600 59616 0.000299828
48934 56132 55998 -0.00273838
50327 56988 56864 -0.00246389
53068 59760 59736 -0.00045225
50313 57869 58030 0.00319997
49990 57747 57885 0.00276055
49268 57797 57986 0.00383616
50785 58190 57725 -0.00915625
50671 57878 58515 0.0125713
51509 58437 58875 0.00850337
50941 57942 57987 0.000883375
50475 56665 56818 0.0030312
49928 57649 57250 -0.00799151
46550 56384 56088 -0.00635875
51878 58792 58389 -0.00776823
50558 56285 56350 0.00128565
52217 58605 58527 -0.00149377
50775 57739 57575 -0.00322994
48865 57329 57192 -0.00280364
49643 58536 58449 -0.00175251
48892 57331 57355 0.000490878
51314 57577 57619 0.00081849
49049 57034 57314 0.00570858
48779 56592 56260 -0.00680621
52955 58686 58826 0.00264375
49607 56162 56162 0
52422 58899 59139 0.00457823
50279 59478 59425 -0.00105412
51026 58741 58587 -0.00301807
48065 57405 57511 0.00220535
51123 57742 57691 -0.000997594
50167 57586 57586 0
48516 57050 56537 -0.0105738
48420 57378 57048 -0.00681537
50004 56744 56707 -0.000739941
50076 58346 58358 0.000239636
47269 57598 57021 -0.0122067
49779 58422 58422 0
48289 55602 55746 0.00298205
48758 56594 56189 -0.00830633
48626 56934 57215 0.0057788
50443 58097 57920 -0.00350891
49615 57986 58221 0.00473647
50275 59898 59866 -0.000636499
49135 56620 56949 0.00669584
51765 57722 57459 -0.00508065
50819 59186 59293 0.00210551
51117 59004 59300 0.00579064
49456 58267 58059 -0.00420576
51598 58365 58001 -0.00705454
48936 56033 56312 0.00570132
49714 58526 58476 -0.00100575
48823 57656 57489 -0.00342052
49723 58056 58023 -0.000663677
51454 58767 58761 -0.000116609
49674 57019 57313 0.00591859
47875 56071 55922 -0.00311227
48402 55539 55915 0.00776827
49275 58110 58095 -0.000304414
50560 57590 57381 -0.0041337
51488 58421 58461 0.00077688
49626 56720 56550 -0.00342562
49614 56981 56910 -0.00143105
49245 56418 56083 -0.00680272
49086 56452 56505 0.00107974
50595 57054 57369 0.00622591
48773 58418 57734 -0.0140242
49646 56573 56706 0.00267897
49081 56580 56607 0.000550111
50476 57849 57959 0.00217925
49451 57174 56925 -0.00503529
50443 58567 58207 -0.00713677
48626 57878 57804 -0.00152182
49965 57580 57531 -0.000980686
49731 57181 57137 -0.00088476
49439 57832 57891 0.00119339
49506 56716 56639 -0.00155537
48483 56140 56062 -0.00160881
49903 58658 58223 -0.00871691
50353 57351 57119 -0.00460747
53719 59347 59268 -0.00147062
50953 57689 57359 -0.00647656
52478 58995 58559 -0.00830824
48813 56956 56780 -0.0036056
47519 56791 56617 -0.00366169
50902 58965 58673 -0.00573651
50765 57784 57429 -0.00699301
51310 56077 56102 0.000487234
53542 60859 60836 -0.000429569
50214 57826 57684 -0.0028279
51915 57434 57501 0.00129057
51095 58798 58897 0.00193757
49168 56985 56878 -0.00217621
48558 57023 57015 -0.000164751
49622 56445 56419 -0.000523961
50530 57554 57494 -0.00118741
52680 59132 59229 0.00184131
47607 56328 56102 -0.0047472
53152 58819 58945 0.00237056
50777 59676 59727 0.00100439
52992 58889 58990 0.00190595
49886 56784 56762 -0.000441005
49658 56988 56988 0
49959 57736 57888 0.00304249
50310 56946 56966 0.000397535
50226 58254 58177 -0.00153307
49358 56434 56575 0.00285668
49331 58558 58637 0.00160143
48853 58260 58230 -0.000614087
51428 57930 58134 0.00396671
50014 57654 58189 0.010697
50533 58533 58295 -0.00470979
50271 56828 57060 0.00461499
48826 59770 59930 0.00327694
47983 57456 56889 -0.0118167
48903 57675 58267 0.0121056
49654 58006 57753 -0.00509526
48988 56873 56903 0.000612395
48727 58769 58616 -0.00313994
49510 56478 56375 -0.00208039
50246 56123 56252 0.00256737
50898 57996 58084 0.00172895
49681 56675 56640 -0.000704495
51193 57450 57850 0.00781357
51198 56867 56976 0.00212899
52617 57612 58073 0.00876143
49987 57170 57196 0.000520135
48304 58618 58627 0.00018632
49450 57591 57757 0.00335693
50875 58655 58561 -0.00184767
49990 56417 56212 -0.00410082
49517 57792 57812 0.000403902
50174 58480 58254 -0.00450432
51698 58969 58969 0
50173 58193 58032 -0.0032089
49208 56774 56599 -0.00355633
49625 56985 56707 -0.00560202
49170 57575 57907 0.00675208
49827 57504 57653 0.00299035
48751 57607 57005 -0.0123485
50088 56985 56995 0.000199649
49771 58252 58238 -0.000281288
48513 56988 57056 0.00140169
49839 58830 58934 0.00208672
48986 56579 56294 -0.00581799
50406 56579 56237 -0.00678491
52761 57446 57529 0.00157313
46831 56487 56749 0.00559458
50235 59078 59078 0
50687 57590 57470 -0.00236747
50368 58329 58391 0.00123094
51920 59136 58462 -0.0129815
51118 58862 58859 -5.86877e-05
51192 58257 58225 -0.000625098
51013 58201 58113 -0.00172505
51188 59470 59498 0.000547003
50914 58263 58419 0.00306399
48283 56944 56944 0
51733 57662 57410 -0.00487117
51021 58047 58210 0.00319476
49538 56937 57080 0.00288667
49293 57116 56837 -0.00566003
51334 58034 58094 0.00116882
52349 58120 58146 0.000496667
50168 57368 57544 0.00350821
50619 58351 58374 0.000454375
51077 59212 59212 0
48632 57070 57052 -0.000370127
49356 57021 56986 -0.000709134
50135 57349 57645 0.00590406
48948 58026 57964 -0.00126665
49101 54921 54759 -0.00329932
51689 58349 58421 0.00139295
49544 58563 58385 -0.00359277
52390 59034 58975 -0.00112617
47781 56668 56828 0.00334861
50153 56305 56631 0.00650011
53150 59472 59765 0.0055127
48865 56199 55947 -0.00515707
49014 56510 56909 0.00814053
51216 58747 58747 0
49782 58191 57976 -0.00431883
50954 57586 57583 -5.88766e-05
52320 59336 59307 -0.000554281
51384 58893 58854 -0.000758991
49530 57672 57472 -0.00403796
48447 56489 56557 0.0014036
48172 57457 57369 -0.00182679
51044 57785 57466 -0.00624951
50510 58199 58397 0.00392002
48980 57192 57206 0.000285831
48875 56924 56565 -0.00734527
51361 58797 59066 0.00523744
51255 57539 57403 -0.0026534
49876 57786 57636 -0.00300746
52783 59380 59406 0.000492583
51705 59538 59339 -0.00384876
51340 58069 58011 -0.00112972
52017 57435 57935 0.00961224
49761 59039 59072 0.00066317
51095 57903 57829 -0.00144828
50634 57546 57516 -0.000592487
50641 57378 57092 -0.0056476
49197 54912 54924 0.000243917
50446 56920 57161 0.00477739
51146 57842 57647 -0.00381261
49313 57668 57291 -0.00764504
51558 58829 58275 -0.0107452
51385 58976 59068 0.00179041
51338 57709 58197 0.00950563
50248 58327 58601 0.00545295
49308 57295 57382 0.00176442
52504 59184 59046 -0.00262837
51436 58099 58109 0.000194416
50444 58426 58290 -0.00269606
51040 57884 57889 9.79624e-05
50381 59400 58889 -0.0101427
50156 57872 57339 -0.0106268
50036 58112 58105 -0.000139899
50740 58899 58687 -0.00417816
51457 58789 58658 -0.00254581
51144 58461 58717 0.00500547
47993 57395 57183 -0.00441731
48622 57535 56777 -0.0155897
50106 56873 56592 -0.00560811
51789 58907 58967 0.00115855
47387 56429 56391 -0.000801908
51319 58875 58875 0
49314 57318 57263 -0.0011153
49239 57744 57742 -4.06182e-05
51960 58238 58273 0.000673595
48293 57095 57055 -0.000828277
50343 58181 58287 0.00210556
50312 56761 56803 0.000834791
49076 57525 57565 0.000815062
50866 58546 58759 0.00418747
48529 57237 57309 0.00148365
50176 58478 58138 -0.00677615
49215 56820 56835 0.000304785
50697 58777 58250 -0.0103951
50520 57542 57478 -0.00126683
50253 57204 57384 0.00358188
49131 56523 56732 0.00425393
48981 57653 57702 0.00100039
52572 57715 57437 -0.00528799
49166 56724 56736 0.000244071
50219 57433 57037 -0.00788546
51760 59387 59388 1.93199e-05
52023 58090 57666 -0.00815024
49980 57766 57766 0
49214 57975 58089 0.00231641
49875 58529 58508 -0.000421053
49387 57921 57384 -0.0108733
51337 60129 60265 0.00264916
50472 57051 57239 0.00372484
48920 57473 57134 -0.00692968
51877 59457 59108 -0.00672745
52321 59837 59583 -0.00485465
50338 58267 57897 -0.00735031
51827 57932 57881 -0.000984043
51168 57833 57807 -0.00050813
50590 57319 57212 -0.00211504
50162 58448 58195 -0.00504366
50502 57505 57886 0.00754426
49201 58117 58114 -6.09744e-05
47863 56289 55662 -0.0130999
51436 57756 57824 0.00132203
50119 57729 58158 0.00855963
49495 59460 58834 -0.0126477
50647 56923 56422 -0.009892
51786 58709 58742 0.000637238
49910 58015 58009 -0.000120216
48511 55189 55113 -0.00156665
50576 59093 58136 -0.018922
48723 56347 55932 -0.00851754
51085 57825 58216 0.00765391
50165 56750 56855 0.00209309
