25704 28643 28933 0.0112823
25186 28762 28824 0.00246169
25673 29029 28934 -0.00370039
25247 29681 29619 -0.00245574
25797 29349 29320 -0.00112416
26014 29203 29303 0.00384408
26670 29991 29880 -0.00416198
25284 29290 29118 -0.00680272
24510 28823 28655 -0.00685435
25442 28688 28517 -0.00672117
26471 28712 28988 0.0104265
24367 29023 28929 -0.00385768
24724 28259 28614 0.0143585
25735 29901 29963 0.00240917
24717 29172 29172 0
24943 28939 28855 -0.00336768
24858 29532 29200 -0.0133559
25179 29513 29410 -0.00409071
24582 28564 28280 -0.0115532
24961 28862 28853 -0.000360562
26054 29643 29412 -0.0088662
25744 29084 29147 0.00244717
24847 28742 28732 -0.000402463
26070 29396 29542 0.00560031
25276 29413 29328 -0.00336287
26309 29399 29347 -0.00197651
24803 29266 29299 0.00133048
26278 29788 29724 -0.0024355
24766 28423 28404 -0.000767181
26437 29374 29278 -0.00363127
25345 29392 29506 0.00449793
25500 28916 28798 -0.00462745
24676 28683 28737 0.00218836
24825 28360 28513 0.00616314
25417 28834 28857 0.000904906
24342 28938 28949 0.000451894
25814 29080 28971 -0.00422251
26254 30527 30493 -0.00129504
25323 29304 29357 0.00209296
24722 28947 28994 0.00190114
26312 30495 30503 0.000304044
25156 28996 28832 -0.00651932
25394 29359 29181 -0.00700953
25363 29226 29286 0.00236565
25078 29007 28996 -0.000438631
26190 30081 29954 -0.00484918
25724 29146 29332 0.0072306
26056 29648 29632 -0.000614062
25279 29517 29419 -0.00387674
25677 28899 28747 -0.00591969
25427 28722 28613 -0.00428678
25014 29315 29315 0
25418 28603 28479 -0.00487843
25218 28728 28783 0.00218098
25922 29258 29518 0.0100301
25420 29270 29221 -0.00192762
25985 29158 29161 0.000115451
25990 29368 29399 0.00119277
25193 29002 29150 0.00587465
25551 29111 29068 -0.00168291
26012 28945 28917 -0.00107643
25229 28399 28204 -0.0077292
26307 29110 29244 0.0050937
25409 29652 29597 -0.00216459
24661 27833 27853 0.000810997
24929 29308 29290 -0.000722051
24755 29377 29337 -0.00161584
25236 28907 28907 0
25051 28784 28660 -0.0049499
25377 29071 28864 -0.00815699
25456 29349 29429 0.00314268
24891 28961 28921 -0.00160701
24505 29312 29564 0.0102836
25016 28901 29125 0.00895427
24113 28459 28441 -0.000746485
24074 28258 28578 0.0132923
24840 28855 28888 0.0013285
24941 29190 29201 0.000441041
25347 30163 30112 -0.00201207
25328 29851 29892 0.00161876
24373 28454 28380 -0.00303615
25203 28868 29183 0.0124985
24632 28327 28315 -0.000487171
24820 28586 28609 0.000926672
24799 29286 29205 -0.00326626
25707 29389 29470 0.00315089
24860 28349 28235 -0.00458568
25749 29922 30045 0.00477688
25528 30136 30099 -0.00144939
25239 29581 29565 -0.00063394
25831 30455 30525 0.00270992
25510 29100 29088 -0.000470404
25853 29512 29658 0.00564731
25027 28660 28476 -0.00735206
25834 29656 29645 -0.000425795
25030 28316 28213 -0.00411506
25093 28706 28493 -0.00848842
25425 29499 29340 -0.00625369
25512 29115 29330 0.00842741
24481 28760 28548 -0.00865978
26001 29487 29462 -0.000961501
26080 29922 30065 0.00548313
25683 29448 29229 -0.00852704
25189 29521 29284 -0.00940887
26014 29092 29138 0.00176828
26100 29950 29903 -0.00180077
24222 28621 28564 -0.00235323
25383 29290 29301 0.000433361
24948 29171 29156 -0.000601251
25986 29818 29894 0.00292465
25779 29614 29629 0.000581869
25229 28506 28524 0.000713465
24849 29280 29470 0.00764618
24610 28861 28757 -0.00422592
24210 27828 27817 -0.000454358
25426 28665 28481 -0.00723669
25578 28841 28802 -0.00152475
25208 29366 29318 -0.00190416
25736 29563 29589 0.00101026
25670 28881 29004 0.00479159
25168 29048 29112 0.00254291
25462 29156 28974 -0.00714791
25736 29663 29770 0.0041576
23996 28316 28485 0.00704284
25837 29687 29611 -0.00294152
25719 29850 29962 0.00435476
25417 28805 28785 -0.000786875
25570 29645 29775 0.00508408
25476 29328 29313 -0.000588789
26290 29875 29843 -0.00121719
25733 29308 29438 0.00505188
25273 29122 29204 0.00324457
25353 28922 28636 -0.0112807
24710 29534 29730 0.00793201
26069 29136 29098 -0.00145767
24876 29351 29349 -8.03988e-05
25857 29733 29700 -0.00127625
25291 29680 29654 -0.00102803
24860 29196 29306 0.00442478
26122 29998 29901 -0.00371335
24307 28409 28407 -8.22808e-05
25362 28890 28922 0.00126173
24478 27802 27784 -0.000735354
25502 28666 28646 -0.000784252
25640 29108 28931 -0.00690328
25736 29712 29637 -0.00291421
25357 29557 29421 -0.00536341
24653 28414 28435 0.000851823
26174 29978 29856 -0.00466111
24433 28296 28481 0.00757173
24733 28795 28871 0.00307282
24258 28791 28855 0.0026383
24728 28595 28723 0.00517632
25002 28857 28791 -0.00263979
25168 28954 29011 0.00226478
25703 29056 29070 0.000544683
24677 28538 28429 -0.00441707
25294 28900 28795 -0.00415118
25499 29099 29030 -0.00270599
25051 28429 28507 0.00311365
25748 29776 29709 -0.00260214
25487 29821 29849 0.0010986
25334 29398 29398 0
25654 29560 29645 0.00331332
24278 28684 28656 -0.00115331
26545 29398 29309 -0.0033528
25578 29188 28917 -0.010595
25599 29609 29441 -0.00656276
25484 29260 29131 -0.005062
25976 29553 29318 -0.00904681
25181 28961 29115 0.00611572
26113 29321 29376 0.00210623
24966 28822 28777 -0.00180245
24750 28997 29027 0.00121212
26512 29878 29966 0.00331925
25892 29473 29458 -0.00057933
25375 29559 29529 -0.00118227
25696 28934 29109 0.0068104
24762 28729 28785 0.00226153
25405 29709 29653 -0.00220429
26793 30141 30141 0
25803 29231 29299 0.00263535
26137 29364 29081 -0.0108276
25182 28988 29114 0.00500357
26641 30203 30184 -0.000713186
25667 30082 29953 -0.00502591
24490 28873 28820 -0.00216415
24782 28517 28737 0.00887741
25419 29457 29485 0.00110154
25454 29822 29811 -0.000432152
25596 29072 28913 -0.00621191
25501 29263 29239 -0.00094114
24509 29280 29229 -0.00208087
25961 29626 29581 -0.00173337
25327 29546 29577 0.00122399
24836 28719 28614 -0.00422773
24813 29170 29161 -0.000362713
24986 28444 28268 -0.00704394
24254 28819 28842 0.000948297
25044 28782 28946 0.00654847
26304 30101 29993 -0.00410584
25667 28995 29098 0.00401293
26166 29137 29222 0.00324849
25558 29835 29682 -0.00598638
26182 29026 29162 0.00519441
24598 27851 27774 -0.00313034
25544 29136 29439 0.0118619
25461 28964 28866 -0.00384902
25335 28279 28541 0.0103414
25324 29117 29003 -0.00450166
23910 27748 27790 0.00175659
26710 30526 30549 0.000861101
25202 29779 29779 0
25976 29682 29757 0.00288728
25502 29210 29152 -0.00227433
25066 28636 28815 0.00714115
25953 28640 28548 -0.00354487
25263 29251 29300 0.0019396
25495 29328 29204 -0.0048637
26489 29522 29552 0.00113255
26037 29920 29352 -0.0218151
25542 28693 28778 0.00332785
26690 30448 30373 -0.00281004
23867 27924 27941 0.000712281
25747 29934 29679 -0.00990407
25960 29334 29130 -0.00785824
24530 28691 28801 0.0044843
25386 28773 28743 -0.00118175
25631 28904 29129 0.00877843
25909 29527 29412 -0.00443861
25678 29294 29299 0.000194719
25855 29190 29121 -0.00266873
25180 29861 29781 -0.00317712
24998 28864 29071 0.00828066
25185 29225 29269 0.00174707
24649 28635 28637 8.11392e-05
24914 29468 29173 -0.0118407
25469 28851 29008 0.00616436
25071 29082 29007 -0.0029915
25702 29564 29573 0.000350167
25878 28961 28894 -0.00258907
25431 29197 29312 0.00452204
25087 28302 28445 0.00570016
25527 29009 29058 0.00191954
26013 30080 30098 0.000691962
25837 30185 30188 0.000116113
24750 28670 28663 -0.000282828
25462 28880 28857 -0.000903307
24433 28423 28603 0.00736709
24253 28249 28200 -0.00202037
25972 28650 28636 -0.000539042
25369 29256 29169 -0.00342938
25920 29375 29234 -0.00543981
24399 28376 28357 -0.00077872
26181 29085 28809 -0.010542
25978 29082 29045 -0.00142428
25376 29390 28992 -0.0156841
25495 29358 29358 0
25132 29313 29296 -0.000676428
25298 28987 29150 0.0064432
25705 28719 28751 0.00124489
24940 28825 28880 0.00220529
25245 29147 29165 0.000713012
24692 28464 28251 -0.00862628
25742 29895 29724 -0.00664284
24747 28532 28706 0.00703116
25351 29285 29246 -0.0015384
25985 29126 29311 0.00711949
25029 28937 28744 -0.00771106
24375 28358 28316 -0.00172308
25359 29498 29544 0.00181395
25684 28615 28664 0.0019078
25910 28541 28631 0.00347356
25718 29090 29058 -0.00124426
26343 29806 29775 -0.00117678
25239 29349 29403 0.00213955
24496 29704 29734 0.00122469
24285 28607 28376 -0.00951204
25804 29778 29660 -0.00457293
25178 29396 29464 0.00270077
25156 29190 28964 -0.00898394
24433 28355 28361 0.00024557
24425 27984 28161 0.00724667
25397 29286 29297 0.000433122
25015 28591 28675 0.00335799
24871 29407 29216 -0.00767963
25001 27957 28135 0.00711972
27038 30221 30015 -0.00761891
25259 29205 29216 0.000435488
25854 29218 29090 -0.00495088
25369 29264 29235 -0.00114313
26201 29091 29120 0.00110683
24715 28716 28609 -0.00432935
25359 28851 28849 -7.88675e-05
25576 29173 29124 -0.00191586
25676 29609 29524 -0.00331048
26026 30105 30007 -0.00376547
25323 28847 28902 0.00217194
26272 30020 29768 -0.00959196
25646 29262 29362 0.00389924
24711 28729 28840 0.00449193
26262 29454 29393 -0.00232275
25717 29135 29000 -0.00524945
25758 29678 29760 0.00318348
24940 28494 28449 -0.00180433
24692 29287 29370 0.00336141
25101 29058 29010 -0.00191227
25871 28933 29071 0.00533416
25662 28656 28535 -0.00471514
24287 28467 28268 -0.00819368
26273 29716 29625 -0.00346363
24271 28363 28400 0.00152445
25795 28386 28560 0.00674549
25358 29484 29323 -0.00634908
25125 29049 29044 -0.000199005
26174 29745 29742 -0.000114618
25977 29215 29301 0.00331062
24173 28362 28449 0.00359906
25437 28711 28924 0.00837363
23702 28224 28392 0.00708801
25387 28183 27906 -0.0109111
23807 28023 28064 0.00172218
25638 29276 29435 0.00620173
25230 28610 28688 0.00309156
24859 29288 29424 0.00547086
24892 28789 28751 -0.00152659
24948 28914 28790 -0.00497034
25290 29067 28954 -0.00446817
25745 28633 28547 -0.00334045
25555 29451 29380 -0.00277832
24851 28744 28777 0.00132791
26486 29225 29319 0.00354904
24899 28398 28439 0.00164665
25123 29431 29376 -0.00218923
25156 28680 28716 0.00143107
24519 28957 28985 0.00114197
25319 28958 29154 0.00774122
26442 30124 30186 0.00234475
25530 28617 28508 -0.00426949
25244 30010 30026 0.000633814
26878 29565 29552 -0.000483667
25944 28784 29084 0.0115634
25697 29151 29086 -0.00252948
24865 28881 28917 0.00144782
24818 28863 28751 -0.00451285
25702 29346 29493 0.0057194
25153 29858 29838 -0.000795134
25286 28840 28801 -0.00154236
24487 28421 28366 -0.00224609
25165 29089 28785 -0.0120803
25463 29580 29652 0.00282763
24685 29286 29316 0.00121531
25884 29289 29092 -0.00761088
25064 28922 28798 -0.00494733
25081 28881 28891 0.000398708
26682 29949 29949 0
24694 28616 28805 0.00765368
26179 30043 29990 -0.00202452
24846 28431 28375 -0.00225388
25551 28508 28644 0.00532269
24518 28949 28773 -0.0071784
25586 29005 28974 -0.0012116
25780 29320 29332 0.000465477
26227 29624 29661 0.00141076
26263 29455 29499 0.00167536
25386 29224 29052 -0.00677539
25901 28566 28306 -0.0100382
24721 29588 29739 0.00610817
25351 29057 29010 -0.00185397
25578 29461 29450 -0.000430057
26177 29884 29994 0.00420216
24875 29077 28975 -0.0041005
25564 28834 28820 -0.000547645
25718 30014 29972 -0.0016331
25526 30154 30235 0.00317324
24543 29642 29661 0.000774151
24867 29313 29069 -0.0098122
25857 29252 29306 0.00208841
25733 28981 28905 -0.00295341
25249 29512 29349 -0.0064557
24942 28980 29074 0.00376874
25471 28998 28803 -0.00765577
25822 29066 28980 -0.00333049
25896 29262 29570 0.0118937
24457 28350 28510 0.00654209
25579 28944 28944 0
25035 28852 28827 -0.000998602
25328 29295 29270 -0.00098705
25150 29142 29035 -0.00425447
25973 29989 30001 0.000462018
25835 28515 28525 0.000387072
25181 29950 29968 0.000714825
25438 28671 28771 0.00393113
25838 29753 29755 7.74054e-05
25607 29324 29206 -0.00460811
25928 29275 29224 -0.00196699
25319 29282 29398 0.00458154
25060 28972 28887 -0.00339186
24505 29127 29235 0.00440726
25077 29329 29329 0
24999 29203 29101 -0.00408016
25259 28489 28519 0.0011877
25063 28617 28708 0.00363085
26175 28963 28879 -0.00320917
25472 28908 28806 -0.0040044
24059 28595 28497 -0.00407332
25316 28908 28889 -0.000750514
25699 28628 28563 -0.00252928
26405 30064 29868 -0.00742284
24981 28374 28438 0.00256195
26012 29467 29344 -0.00472859
24682 28566 28598 0.00129649
25272 28796 28754 -0.00166192
25581 29251 29230 -0.000820922
25802 28775 28730 -0.00174405
24341 29081 28952 -0.0052997
25974 29907 29812 -0.0036575
25556 28901 28898 -0.000117389
25218 29687 29600 -0.00344992
24611 28248 28235 -0.000528219
25366 29280 29397 0.00461247
26183 29812 29849 0.00141313
27128 29880 29952 0.00265408
25071 28772 28693 -0.00315105
25266 29096 29135 0.00154358
26086 29943 29920 -0.000881699
25078 29457 29490 0.00131589
25798 29276 29423 0.00569812
24604 29141 29108 -0.00134125
25938 29257 29169 -0.00339271
25310 29269 29149 -0.00474121
26395 30351 30302 -0.00185641
26021 29725 29725 0
25404 28805 28680 -0.00492048
24461 28604 28550 -0.0022076
25451 29265 29157 -0.00424345
24173 28786 28632 -0.00637074
25441 28995 28772 -0.00876538
25760 28641 28543 -0.00380435
25234 30355 30249 -0.00420068
24491 28939 28872 -0.0027357
24851 28717 28726 0.000362158
24635 28909 28900 -0.000365334
24597 29094 29087 -0.000284588
24952 28391 28315 -0.00304585
24299 29431 29402 -0.00119346
25662 29075 29155 0.00311745
24841 28820 28828 0.000322048
24778 29097 29258 0.0064977
26909 29691 29642 -0.00182095
26421 29696 29671 -0.000946217
24758 28873 28850 -0.000928993
25048 29371 29226 -0.00578889
25584 29752 29694 -0.00226704
25922 29639 29628 -0.00042435
25626 29757 29808 0.00199017
26287 29827 29816 -0.000418458
25126 28969 28979 0.000397994
25857 29713 29700 -0.000502765
25686 29569 29332 -0.00922682
24839 28358 28506 0.00595837
25489 29131 28843 -0.011299
24451 29468 29502 0.00139054
25339 28815 28638 -0.00698528
25423 29345 29428 0.00326476
26342 30173 30352 0.00679523
26914 30161 30290 0.00479304
25276 29209 29123 -0.00340244
26125 29574 29669 0.00363636
24449 29310 29255 -0.00224958
25694 29858 29658 -0.00778392
25269 28626 28540 -0.00340338
24175 28629 28708 0.00326784
25720 30118 30096 -0.000855365
24266 28206 28099 -0.00440946
26304 29480 29471 -0.000342153
24943 28920 28550 -0.0148338
25601 29093 29212 0.00464826
24962 29281 29361 0.00320487
25064 28890 28550 -0.0135653
25516 29988 30036 0.00188117
24652 28684 28635 -0.00198767
25351 29373 29626 0.00997988
25421 28950 28828 -0.00479918
26144 29091 29114 0.000879743
26931 29803 29708 -0.00352753
25713 28914 28841 -0.00283903
26560 29856 29766 -0.00338855
24320 28719 28659 -0.00246711
25598 29358 29261 -0.00378936
25983 29145 29361 0.00831313
24960 29243 29529 0.0114583
24600 28582 28609 0.00109756
25748 29260 29320 0.00233028
24662 28931 28789 -0.00575785
25071 28756 28880 0.00494595
25434 29023 29072 0.00192656
25464 29518 29140 -0.0148445
25975 28918 28915 -0.000115496
25805 29374 29374 0
24986 28925 28669 -0.0102457
25573 29418 29458 0.00156415
25959 28983 28853 -0.0050079
25035 27941 27897 -0.00175754
24884 28441 28351 -0.00361678
25428 28484 28601 0.00460123
25871 29778 29740 -0.00146883
24285 28555 28538 -0.000700021
25286 29610 29512 -0.00387566
25659 29294 29313 0.000740481
25733 28734 28640 -0.0036529
25218 29732 29732 0
26093 29941 29823 -0.00452229
25811 29481 29365 -0.00449421
25685 29141 29133 -0.000311466
26233 29413 29305 -0.00411695
25873 29373 29373 0
26426 30120 30120 0
25792 29372 29389 0.000659119
25353 29820 29698 -0.00481205
24157 28515 28515 0
25025 28775 28805 0.0011988
25308 28907 29111 0.00806069
25702 29022 29013 -0.000350167
23953 28266 28185 -0.00338162
23638 28093 27886 -0.00875709
25347 28598 28603 0.000197262
24681 28686 28731 0.00182326
24474 28835 29011 0.00719131
24789 29354 29425 0.00286417
24521 29100 28910 -0.00774846
25522 29368 29250 -0.00462346
25702 29811 29704 -0.0041631
24427 28019 27856 -0.00667294
24093 28749 28585 -0.00680696
24850 29649 29602 -0.00189135
25713 29688 29527 -0.00626142
24562 29279 29228 -0.00207638
23985 28018 28112 0.00391912
25614 29442 29336 -0.00413836
26151 29667 29640 -0.00103247
24306 28140 28130 -0.000411421
25392 28893 28871 -0.000866415
25283 29046 29047 3.95523e-05
25565 29036 29037 3.9116e-05
24484 29230 29181 -0.00200131
26038 29427 29340 -0.00334127
25045 29270 29024 -0.00982232
25363 29944 29971 0.00106454
25789 29804 29757 -0.00182248
24747 29267 29348 0.00327312
26211 29515 29532 0.000648583
25144 29052 29102 0.00198855
26009 29879 29881 7.68965e-05
25529 28529 28606 0.00301618
25189 28738 28781 0.00170709
27173 30136 30114 -0.000809627
24140 28359 28302 -0.00236123
24750 28478 28305 -0.0069899
24901 29116 29093 -0.000923658
24521 27882 28163 0.0114596
25490 29122 29071 -0.00200078
26152 29803 29803 0
25412 28797 29041 0.00960176
26218 29326 29386 0.0022885
24892 28709 28650 -0.00237024
24669 28853 28683 -0.00689124
26518 30048 30067 0.000716494
24591 28728 28643 -0.00345655
25999 29080 29015 -0.0025001
25930 29673 29664 -0.000347088
25886 30127 30163 0.00139071
25127 29383 29317 -0.00262666
26275 29652 29647 -0.000190295
24912 29235 29275 0.00160565
26266 29946 29909 -0.00140867
25776 29094 28967 -0.00492706
23900 28469 28482 0.000543933
25189 29324 29415 0.00361269
24458 28980 28704 -0.0112847
23617 28403 28433 0.00127027
25263 28936 29032 0.00380002
26137 30161 30133 -0.00107128
24646 28154 27947 -0.00839893
26994 29645 29763 0.00437134
25931 29082 29164 0.00316224
25328 29124 29100 -0.000947568
24348 28645 28574 -0.00291605
24913 29342 29331 -0.000441537
24862 28537 28586 0.00197088
27111 30707 30632 -0.0027664
25836 28945 28985 0.00154823
24874 28427 28324 -0.00414087
25601 28336 28637 0.0117574
25748 30107 30215 0.0041945
25433 28435 28487 0.00204459
24320 28412 28439 0.0011102
24458 29428 29165 -0.0107531
24797 28553 28750 0.00794451
24635 29449 29573 0.00503349
23877 28226 28239 0.000544457
24956 28991 28890 -0.00404712
24652 28485 28459 -0.00105468
25278 29371 29276 -0.00375821
25010 28877 28967 0.00359856
25385 29246 29310 0.00252117
25890 29571 29632 0.00235612
26047 29089 28974 -0.0044151
25473 28379 28621 0.00950026
26241 29539 29514 -0.000952708
25493 29032 29015 -0.00066685
24018 29167 29176 0.000374719
25623 28814 28528 -0.0111618
24924 29177 29163 -0.000561708
24800 28943 28687 -0.0103226
24999 28572 28603 0.00124005
25155 29346 29295 -0.00202743
25188 28787 28824 0.00146895
24945 28746 28647 -0.00396873
25187 29368 29447 0.00313654
25216 29078 28912 -0.00658312
24710 28613 28695 0.00331849
25738 29220 29163 -0.00221462
24994 29008 29017 0.000360086
24920 28321 28051 -0.0108347
24320 28739 28649 -0.00370066
24808 29052 29052 0
24953 29117 29013 -0.00416784
25249 29336 29046 -0.0114856
26092 29164 29197 0.00126476
26062 28865 28891 0.000997621
25287 29312 29428 0.00458734
25275 29694 29683 -0.000435213
25428 29485 29552 0.00263489
25483 29803 29704 -0.00388494
25784 29204 29131 -0.00283121
24725 29067 28981 -0.00347826
25433 28964 28866 -0.00385326
25205 28657 28660 0.000119024
26586 29360 29391 0.00116603
25982 29041 29079 0.00146255
24247 28737 28677 -0.00247453
25266 28707 28644 -0.00249347
25273 29175 29310 0.00534167
24835 29398 29500 0.00410711
25807 29192 29441 0.00964854
23994 28366 28420 0.00225056
25587 30378 30177 -0.00785555
26359 29900 29933 0.00125194
25388 28786 28777 -0.000354498
25021 29410 29323 -0.00347708
24193 28662 28623 -0.00161204
25321 29668 29774 0.00418625
25057 29472 29407 -0.00259409
26786 30003 30068 0.00242664
25967 29060 29101 0.00157893
26106 29920 30089 0.00647361
26405 29425 29619 0.00734709
24663 29727 29613 -0.00462231
24249 28005 28125 0.00494866
25348 29104 29082 -0.000867919
25109 29104 29279 0.00696961
25002 28991 28791 -0.00799936
25664 29276 29207 -0.00268859
26062 29730 29681 -0.00188013
25693 29438 29409 -0.00112871
25288 29491 29329 -0.0064062
25127 27913 27957 0.0017511
24838 28682 28671 -0.00044287
25324 28896 28954 0.00229032
25357 29643 29677 0.00134085
26052 29929 29877 -0.00199601
25485 29384 29240 -0.00565038
25412 29734 29698 -0.00141665
26671 30218 30137 -0.00303701
26017 29786 29778 -0.000307491
24255 29041 29116 0.00309215
24389 28245 28274 0.00118906
24738 29125 29140 0.000606355
25533 29129 29090 -0.00152744
26709 29650 29662 0.000449287
25482 29393 29411 0.000706381
25522 28640 28683 0.00168482
25630 29445 29287 -0.00616465
26134 29472 29458 -0.000535701
24706 29334 29297 -0.00149761
25487 29496 29290 -0.00808255
24669 28906 28801 -0.00425635
25320 29222 29135 -0.00343602
25643 29624 29806 0.00709745
24489 28963 28794 -0.00690106
25028 29602 29678 0.0030366
25258 29809 29833 0.000950194
24679 29197 29349 0.00615908
26271 29631 29790 0.0060523
25466 30466 30253 -0.00836409
24945 29572 29563 -0.000360794
25785 29012 29054 0.00162885
25204 29083 28979 -0.00412633
24687 28343 28245 -0.0039697
25393 28953 29061 0.00425314
25470 29122 29113 -0.000353357
25753 29243 29463 0.00854269
24316 29609 29522 -0.00357789
24251 28686 28813 0.0052369
25057 28865 28806 -0.00235463
25642 29471 29433 -0.00148194
24552 28634 28500 -0.0054578
25765 29620 29613 -0.000271686
24658 28652 28776 0.00502879
25377 28484 28366 -0.00464988
26234 29666 29904 0.0090722
25564 29259 29331 0.00281646
24775 28737 28765 0.00113017
26145 29454 29390 -0.00244789
26365 29080 29191 0.00421013
25278 29430 29525 0.00375821
25335 29219 29361 0.00560489
25756 29987 29946 -0.00159186
25180 28961 28935 -0.00103257
25764 29490 29490 0
25672 28304 28283 -0.000818012
25940 29976 29928 -0.00185042
26940 30086 30097 0.000408315
24716 28351 28229 -0.00493607
25433 28782 28722 -0.00235914
26785 30156 30141 -0.000560015
25418 29527 29463 -0.0025179
25243 29155 29228 0.00289189
24865 29080 29258 0.00715866
25631 29356 29120 -0.0092076
25585 29219 29542 0.0126246
26017 29502 29720 0.00837914
25719 29247 29311 0.00248843
25480 28600 28673 0.00286499
25209 29101 28902 -0.00789401
23507 28470 28318 -0.00646616
26203 29680 29477 -0.0077472
25530 28412 28404 -0.000313357
26364 29578 29537 -0.00155515
25649 29089 29080 -0.000350891
24680 28934 28872 -0.00251216
25062 29570 29506 -0.00255367
24701 28950 28962 0.00048581
25913 29093 29089 -0.000154363
24767 28787 28925 0.00557193
24625 28538 28403 -0.00548223
26728 29607 29677 0.00261898
25052 28355 28355 0
26461 29891 29840 -0.00192736
25381 29991 29985 -0.000236397
25759 29643 29563 -0.00310571
24265 28968 29029 0.00251391
25814 29114 29116 7.74773e-05
25328 29070 29073 0.000118446
24514 28784 28528 -0.010443
24461 28973 28806 -0.00682719
25258 28662 28642 -0.000791828
25290 29510 29460 -0.00197707
23877 29074 28789 -0.0119362
25124 29481 29481 0
24389 28074 27875 -0.00815942
24624 28580 28378 -0.00820338
24560 28736 28676 -0.002443
25465 29223 29238 0.000589044
25056 29261 29383 0.00486909
25371 30219 30219 0
24824 28774 28766 -0.000322269
26140 29140 28768 -0.0142311
25652 29876 29876 0
25803 29778 29940 0.00627834
24975 29415 29309 -0.00424424
26051 29482 29278 -0.00783079
24717 28293 28434 0.00570458
25105 29543 29517 -0.00103565
24667 29127 29049 -0.00316212
25117 29310 29291 -0.00075646
25980 29674 29624 -0.00192456
25076 28780 28927 0.00586218
24177 28308 28234 -0.00306076
24458 28311 28322 0.000449751
24899 29349 29341 -0.000321298
25530 29068 28963 -0.00411281
25990 29480 29502 0.000846479
25055 28635 28548 -0.00347236
25053 28770 28730 -0.00159662
24874 28484 28320 -0.00659323
24797 28506 28533 0.00108884
25563 28809 28806 -0.000117357
24629 29488 29147 -0.0138455
25071 28562 28627 0.00259264
24796 28575 28592 0.000685594
25470 29293 29241 -0.00204162
24965 28910 28727 -0.00733026
25466 29559 29382 -0.00695044
24559 29221 29169 -0.00211735
25229 29070 29047 -0.000911649
25115 28886 28847 -0.00155286
24960 29087 29224 0.00548878
24992 28672 28582 -0.00360115
24485 28342 28402 0.00245048
25193 29595 29380 -0.00853412
25443 28969 28829 -0.0055025
27128 29972 29930 -0.00154822
25727 29118 28958 -0.00621915
26484 29771 29549 -0.00838242
24659 28729 28716 -0.000527191
24012 28693 28606 -0.00362319
25686 29696 29690 -0.00023359
25627 29165 28988 -0.00690678
25913 28340 28328 -0.000463088
27034 30721 30706 -0.000554857
25358 29187 29174 -0.000512659
26208 28986 29020 0.00129731
25805 29686 29731 0.00174385
24825 28731 28713 -0.000725076
24517 28794 28787 -0.000285516
25053 28505 28489 -0.000638646
25520 29185 29026 -0.00623041
26590 29843 29856 0.000488906
24053 28532 28337 -0.0081071
26828 29670 29703 0.00123006
25637 30112 30141 0.00113118
26753 29722 29776 0.00201847
25195 28671 28651 -0.000793808
25079 28804 28775 -0.00115635
25227 29138 29215 0.00305229
25403 28746 28753 0.000275558
25360 29403 29362 -0.00161672
24928 28588 28558 -0.00120347
24889 29657 29578 -0.00317409
24663 29368 29379 0.000446012
25961 29232 29335 0.00396749
25250 29091 29366 0.0108911
25513 29541 29421 -0.00470348
25397 28755 28819 0.00251998
24649 30165 30245 0.00324557
24232 29007 28958 -0.00202212
24700 28862 29418 0.0225101
25071 29285 29152 -0.00530493
24750 28722 28740 0.000727273
24604 29659 29609 -0.00203219
25004 28508 28450 -0.00231963
25375 28339 28412 0.00287685
25694 29277 29323 0.0017903
25075 28600 28581 -0.000757727
25856 29011 29208 0.00761912
25843 28713 28770 0.00220563
26565 29135 29311 0.00662526
25233 28788 28932 0.00570681
24390 29620 29596 -0.00098401
24992 29074 29116 0.00168054
25690 29565 29429 -0.00529389
25254 28486 28384 -0.00403896
25005 29208 29181 -0.00107978
25350 29528 29418 -0.00433925
26086 29757 29757 0
25327 29367 29285 -0.00323765
24841 28661 28575 -0.00346202
25049 28751 28611 -0.00558905
24837 29270 29235 -0.00140919
25164 29038 29111 0.00290097
24617 29086 28780 -0.0124304
25295 28773 28778 0.000197668
25133 29391 29397 0.00023873
24520 28791 28816 0.00101958
25165 29696 29708 0.000476853
24738 28601 28420 -0.00731668
25466 28568 28400 -0.00659703
26648 29006 29003 -0.000112579
23652 28572 28609 0.00156435
25350 29796 29793 -0.000118343
25597 28814 29010 0.00765715
25440 29444 29480 0.00141509
26210 29844 29506 -0.0128958
25804 29708 29707 -3.87537e-05
25834 29395 29380 -0.00058063
25752 29335 29337 7.76639e-05
25865 30021 30051 0.00115987
25698 29404 29485 0.003152
24383 28716 28716 0
26109 29110 29012 -0.00375349
25768 29296 29386 0.0034927
25020 28591 28812 0.00883293
24895 28837 28697 -0.00562362
25913 29291 29321 0.00115772
26436 29337 29352 0.000567408
25323 28953 29041 0.0034751
25556 29450 29453 0.000117389
25792 29895 29895 0
24551 28797 28797 0
24924 28775 28758 -0.000682074
25300 28905 29084 0.0070751
24705 29275 29337 0.00250961
24816 27748 27594 -0.00620567
26089 29429 29459 0.00114991
25026 29569 29479 -0.00359626
26454 29798 29772 -0.000982838
24135 28696 28691 -0.000207168
25333 28428 28589 0.00635535
26823 30005 30150 0.00540581
24680 28150 28253 0.00417342
24761 28537 28746 0.00844069
25858 29654 29653 -3.86728e-05
25136 29360 29249 -0.00441598
25722 29074 29057 -0.000660913
26417 29956 29941 -0.000567816
25931 29760 29698 -0.00239096
25019 29109 29176 0.00267796
24471 28529 28561 0.00130767
24324 28995 28940 -0.00226114
25773 29159 29004 -0.00601405
25503 29296 29475 0.00701878
24742 28879 28886 0.00028292
24679 28741 28558 -0.00741521
25924 29730 29808 0.00300879
25876 29051 28982 -0.00266656
25177 29169 29092 -0.00305835
26641 30057 29986 -0.00266507
26099 29947 29950 0.000114947
25925 29313 29170 -0.00551591
26260 29134 29233 0.00376999
25111 29805 29802 -0.00011947
25806 29245 29223 -0.000852515
25580 29056 29040 -0.000625489
25563 28820 28806 -0.000547667
24869 27750 27714 -0.00144759
25475 28732 28595 -0.00537782
25828 29202 29107 -0.00367818
24902 29115 28923 -0.00771022
26034 29681 29408 -0.0104863
25943 29769 29815 0.00177312
25913 29116 29365 0.00960908
25368 29439 29577 0.00543992
24905 28923 28963 0.0016061
26504 29877 29801 -0.00286749
25975 29331 29340 0.000346487
25477 29494 29447 -0.0018448
25778 29227 29227 0
25430 29973 29714 -0.0101848
25325 29221 29073 -0.00584403
25269 29338 29336 -7.91484e-05
25624 29727 29626 -0.00394162
25979 29672 29611 -0.00234805
25813 29495 29654 0.00615969
24233 28971 28864 -0.00441547
24560 29043 28655 -0.015798
25289 28786 28556 -0.00909486
26146 29731 29755 0.000917922
23945 28498 28416 -0.00342451
25919 29726 29726 0
24893 28893 28902 0.000361547
24872 29153 29152 -4.02059e-05
26247 29408 29427 0.000723892
24389 28805 28805 0
25422 29455 29468 0.000511368
25407 28652 28673 0.000826544
24777 29029 29051 0.00088792
25689 29557 29663 0.00412628
24517 28899 28938 0.00159073
25343 29521 29380 -0.00556367
24854 28692 28701 0.000362115
25610 29672 29406 -0.0103866
25505 29026 29044 0.000705744
25383 28874 28942 0.00267896
24818 28727 28649 -0.00314288
24745 29106 29131 0.00101031
26538 29128 28988 -0.00527545
24836 28655 28687 0.00128845
25364 28947 28791 -0.00615045
26127 29911 29940 0.00110996
26281 29335 29121 -0.00814276
25234 29162 29162 0
24850 29550 29308 -0.00973843
25173 29540 29542 7.94502e-05
24936 29233 29191 -0.00168431
25919 30345 30416 0.0027393
25490 28801 28893 0.00360926
24719 29025 28838 -0.00756503
26179 30003 29978 -0.000954964
26401 30196 30070 -0.00477255
25414 29409 29225 -0.0072401
26150 29267 29240 -0.0010325
25844 29199 29154 -0.00174122
25539 28881 28873 -0.000313246
25320 29507 29379 -0.00505529
25488 29013 29202 0.00741525
24839 29353 29338 -0.000603889
24176 28420 28107 -0.0129467
25958 29143 29247 0.00400647
25301 29138 29358 0.00869531
24983 29998 29686 -0.0124885
25577 28583 28749 0.00649021
26153 29633 29655 0.000841204
25215 29249 29278 0.00115011
24509 27863 27828 -0.00142805
25531 29825 29343 -0.018879
24614 28315 28240 -0.00304705
25785 29187 29351 0.00636029
25343 28665 28715 0.00197293
