24341 29682 29682 0
24632 29215 28839 -0.0152647
25254 30033 29632 -0.0158787
25301 30739 30857 0.00466385
25099 30032 29976 -0.00223116
24741 29985 29651 -0.0134999
25992 30942 30855 -0.00334718
25916 29980 30102 0.00470752
25135 30110 30139 0.00115377
25942 29127 29345 0.00840336
25575 29863 29965 0.00398827
25031 29321 29308 -0.000519356
25118 28860 29142 0.011227
27080 30329 30385 0.00206795
24783 29615 29727 0.00451923
24844 29507 29701 0.00780873
26169 30380 30188 -0.00733693
25413 30411 30489 0.0030693
24721 29479 29210 -0.0108814
24894 29479 29657 0.00715032
26053 30575 30595 0.000767666
26285 30123 30049 -0.00281529
24622 29385 29312 -0.00296483
25512 29956 29949 -0.000274381
25928 29862 29998 0.00524529
25477 29974 29864 -0.00431762
25568 30185 30156 -0.00113423
26387 30358 30555 0.0074658
24317 29324 29374 0.00205617
25335 29937 29988 0.00201303
25289 30373 30400 0.00106766
24667 29587 29548 -0.00158106
25179 29978 30015 0.00146948
24710 29388 29334 -0.00218535
25288 29435 29549 0.00450807
25026 29960 29907 -0.0021178
26098 30051 29759 -0.0111886
26307 31000 31065 0.00247083
25828 29971 30074 0.00398792
24449 29681 29614 -0.0027404
26607 31416 31413 -0.000112752
24691 29700 29899 0.00805962
26198 30514 30482 -0.00122147
25093 30331 30339 0.000318814
24697 29806 29847 0.00166012
26945 31043 30804 -0.00886992
25582 29934 29766 -0.00656712
26094 30280 30281 3.8323e-05
25704 30038 30007 -0.00120604
25726 29647 29611 -0.00139936
25061 29373 29450 0.0030725
25019 29994 30041 0.00187857
24497 29353 29488 0.00551088
25128 30298 30134 -0.00652658
25177 30074 29929 -0.00575922
25569 30231 30231 0
25657 30115 30179 0.00249445
25452 30326 30194 -0.00518623
26461 29838 29766 -0.00272099
25929 29747 29678 -0.00266111
25619 29960 29819 -0.00550373
25427 29482 29546 0.00251701
25330 30259 30110 -0.00588235
26379 30604 30291 -0.0118655
24165 28151 28239 0.00364163
23974 29600 29640 0.00166847
26367 30102 29987 -0.00436151
25040 29809 29692 -0.00467252
24744 29297 29275 -0.000889104
24717 30258 30291 0.00133511
25002 30182 30370 0.0075194
24869 30069 29878 -0.00768024
24757 30422 30480 0.00234277
25199 29834 29708 -0.0050002
24888 29610 29474 -0.00546448
24508 29394 29361 -0.0013465
25313 29889 29942 0.00209379
25811 30057 30010 -0.00182093
26231 30821 30722 -0.00377416
25569 30315 30546 0.00903438
23955 28994 29095 0.00421624
25201 29670 29713 0.00170628
24766 28937 28904 -0.00133247
24257 29362 29285 -0.00317434
24369 29961 29865 -0.00393943
25052 29930 30015 0.00339294
25031 29044 28997 -0.00187767
25284 30974 30973 -3.95507e-05
26360 30762 30684 -0.00295903
25669 30423 30224 -0.00775254
26519 31426 31226 -0.00754176
25931 29948 30047 0.00381782
25252 30408 30274 -0.00530651
25650 29810 29611 -0.00775828
24973 30395 30309 -0.00344372
24836 29530 29391 -0.00559671
25252 29652 29618 -0.00134643
25307 30054 30091 0.00146205
25076 30078 29932 -0.0058223
24655 29772 29729 -0.00174407
24559 30426 30153 -0.0111161
25080 30509 30514 0.000199362
25326 30313 30140 -0.00683092
25707 29969 29837 -0.00513479
25531 29915 29800 -0.00450433
25977 30306 30259 -0.00180929
25346 29118 29070 -0.00189379
24819 29744 29734 -0.000402917
25187 29566 29807 0.00956843
26118 30267 30293 0.000995482
25477 30370 30382 0.000471013
25762 29305 29424 0.00461921
25748 30178 30020 -0.0061364
24603 29276 29431 0.00630004
24819 28936 28873 -0.00253838
24566 29447 29455 0.000325653
24992 29147 29387 0.00960307
25473 30083 30172 0.0034939
24864 30774 30679 -0.00382079
24554 29234 29363 0.00525373
25228 29733 29661 -0.00285397
25384 30073 30031 -0.00165459
26267 30491 30352 -0.00529181
24271 29274 29266 -0.000329611
25842 30203 30222 0.000735237
24928 30743 30731 -0.000481386
25261 29070 29144 0.00292942
26095 30573 30600 0.00103468
24804 29786 29812 0.00104822
25822 30418 30281 -0.00530555
25878 30159 29861 -0.0115156
25550 30337 30420 0.00324853
25140 29728 29653 -0.00298329
24978 30246 30276 0.00120106
25653 29997 30239 0.00943359
24485 29912 29708 -0.00833163
25295 30690 30700 0.000395335
26308 30398 30513 0.00437129
25455 29778 29562 -0.00848556
26409 30413 30471 0.00219622
24599 29054 29032 -0.000894345
25591 29378 29555 0.00691649
23860 28507 28213 -0.0123219
25110 29186 29321 0.00537634
25016 29361 29519 0.00631596
24963 30251 30120 -0.00524777
26324 30444 30377 -0.00254521
24337 29261 29268 0.000287628
27585 31005 30879 -0.0045677
24556 29296 29305 0.000366509
25554 29765 29839 0.00289583
24950 29360 29431 0.00284569
25521 29303 29580 0.0108538
24640 29499 29650 0.00612825
25588 29449 29736 0.0112162
26567 30231 30130 -0.00380171
24975 29257 29347 0.0036036
25451 29449 29417 -0.00125732
26214 29406 29620 0.00816358
25126 29301 29261 -0.00159198
26110 30252 30220 -0.00122558
25524 30352 30223 -0.00505407
25331 29810 29821 0.000434251
26488 30641 30632 -0.000339777
24069 29349 29175 -0.00722922
25628 29853 29833 -0.000780396
23950 29779 29874 0.0039666
25068 30295 30225 -0.0027924
25604 30124 29988 -0.00531167
26322 30052 30052 0
24521 29548 29697 0.00607642
24726 30557 30428 -0.00521718
25094 29688 29762 0.00294891
25014 29622 29536 -0.00343807
25478 30705 30704 -3.92495e-05
24733 30170 30269 0.00400275
25676 29999 30074 0.00292102
25715 29600 29480 -0.00466654
25119 29960 29916 -0.00175166
25799 30138 30326 0.0072871
26527 30676 30609 -0.00252573
25844 30008 30123 0.00444978
25135 30173 30122 -0.00202904
25333 30051 29819 -0.00915802
26894 31030 30897 -0.00494534
26282 30570 30479 -0.00346245
25079 29632 29410 -0.00885203
24325 28656 29053 0.0163207
25240 30136 30109 -0.00106973
26075 30634 30692 0.00222435
24864 29621 29561 -0.00241313
25539 30360 30231 -0.0050511
26482 29744 29736 -0.000302092
26311 30851 30998 0.00558702
24724 29787 29715 -0.00291215
25247 30019 30090 0.00281222
24950 29577 29595 0.000721443
24871 28988 28924 -0.00257328
24756 29306 29442 0.00549362
24258 29812 29797 -0.000618353
26935 31433 31424 -0.000334138
25869 30218 30073 -0.00560516
26180 30172 30138 -0.0012987
24589 30518 30535 0.000691366
26241 30137 30050 -0.00331542
23867 28755 28738 -0.000712281
25473 30215 30394 0.00702705
25207 29741 29747 0.000238029
24788 29537 29583 0.00185574
25393 29992 30053 0.00240224
24379 28425 28427 8.20378e-05
25724 30607 30786 0.00695848
25161 30074 29975 -0.00393466
25490 30578 30664 0.00337387
24841 29963 29726 -0.00954068
25055 29749 29525 -0.00894033
25643 29416 29534 0.00460165
24766 29985 29837 -0.00597593
25484 30106 30182 0.00298226
25833 29873 29933 0.00232261
25815 30537 30407 -0.00503583
24622 29300 29306 0.000243685
26470 30932 30877 -0.00207782
24252 28857 28557 -0.0123701
25477 30467 30569 0.00400361
25753 30094 30173 0.0030676
25185 29567 29281 -0.011356
24643 29569 29414 -0.00628982
24467 29747 29694 -0.00216618
26031 30061 30059 -7.68315e-05
25823 30315 30408 0.00360144
25465 30092 30059 -0.0012959
25623 30618 30354 -0.0103032
25319 29748 29584 -0.00647735
26000 29736 29711 -0.000961538
24512 29045 29120 0.00305973
24798 29917 29931 0.000564562
25452 29781 29812 0.00121798
25533 30113 30121 0.00031332
25919 30163 29983 -0.00694471
25366 29954 29900 -0.00212883
25229 30208 29972 -0.00935431
25145 29165 29061 -0.00413601
25221 29689 29884 0.00773165
27599 30561 30513 -0.00173919
26027 31070 31074 0.000153687
25136 29490 29638 0.00588797
24520 29317 29238 -0.00322186
23963 29591 29623 0.00133539
24672 29240 29109 -0.00530966
25454 29624 29599 -0.000982164
25110 30022 29872 -0.00597372
25421 29782 30012 0.00904764
24283 29019 28923 -0.00395338
24642 29317 29480 0.00661472
25990 30036 29942 -0.00361678
25556 30494 30403 -0.00356081
25465 29730 29643 -0.00341645
25441 30366 30292 -0.00290869
24667 29663 29625 -0.00154052
25438 29489 29622 0.0052284
24271 29840 29909 0.0028429
24818 29960 29956 -0.000161173
25383 29062 29104 0.00165465
26317 30637 30662 0.000949956
24476 29421 29446 0.00102141
24741 30082 30062 -0.000808375
24628 29820 29830 0.000406042
24517 29795 29730 -0.00265122
25149 28854 28987 0.00528848
25760 30395 30558 0.00632764
25218 29457 29364 -0.00368784
25465 29875 29799 -0.00298449
25338 29990 29901 -0.00351251
26383 31041 31184 0.00542016
25181 30263 30249 -0.000555975
24560 30383 30297 -0.00350163
24247 29460 29357 -0.00424795
25316 30571 30638 0.00264655
24345 29994 29938 -0.00230027
25608 30056 30068 0.000468604
24575 29158 29222 0.00260427
24011 29342 29346 0.00016659
24953 30059 29996 -0.00252475
24761 29076 29007 -0.00278664
25795 30379 30179 -0.00775344
24309 28984 28814 -0.00699329
26631 30722 30748 0.000976306
25613 29737 29725 -0.000468512
25113 29765 29830 0.0025883
26382 30088 30099 0.000416951
24928 30206 30066 -0.00561617
24712 29424 29353 -0.0028731
25299 30045 29893 -0.00600814
25664 30100 30157 0.00222101
25810 29719 29587 -0.0051143
26312 30660 30622 -0.00144421
24892 30025 29957 -0.0027318
25613 30746 30706 -0.00156171
26317 30459 30234 -0.00854961
24984 29515 29710 0.007805
25938 30249 30259 0.000385535
25448 30081 29864 -0.00852719
25950 30362 30327 -0.00134875
24978 29239 29293 0.0021619
25198 29761 29718 -0.00170648
25523 29913 29594 -0.0124985
24572 29827 29802 -0.00101742
25876 29529 29627 0.00378729
24856 29034 28931 -0.00414387
25670 30471 30577 0.00412933
24613 29421 29409 -0.000487547
25248 29087 29087 0
24710 29941 30022 0.00327803
25394 29615 29750 0.00531622
26650 30443 30386 -0.00213884
25114 30130 30101 -0.00115473
24787 29141 29094 -0.00189616
24624 29632 29517 -0.00467024
24170 29219 29330 0.00459247
24692 28807 28548 -0.0104892
24664 28716 28670 -0.00186507
25665 30304 30248 -0.00218196
24774 29704 29591 -0.00456123
26276 29608 29585 -0.000875323
24476 29768 29758 -0.000408563
25433 29596 29453 -0.00562262
25002 29575 29732 0.0062795
24968 30155 30116 -0.001562
26116 30535 30304 -0.00884515
24608 29736 29893 0.00638004
25306 29496 29471 -0.000987908
24059 29414 29454 0.00166258
25342 30243 30235 -0.000315681
24305 29157 29172 0.000617157
24235 29689 29685 -0.000165051
25311 29687 29997 0.0122476
26658 31048 31073 0.000937805
24868 29247 29486 0.00961074
25413 30306 30208 -0.00385629
25728 29876 29960 0.00326493
25437 29852 29709 -0.00562173
24625 29764 29556 -0.0084467
25811 29811 29779 -0.00123978
25338 30007 30092 0.00335465
25587 30185 29883 -0.0118029
23993 30533 30533 0
25310 29991 30024 0.00130383
24551 29330 29242 -0.00358438
25222 30005 29949 -0.00222028
25450 30288 30409 0.00475442
25137 29988 29908 -0.00318256
24855 29768 29736 -0.00128747
25263 29792 29763 -0.00114792
24919 29771 29656 -0.00461495
25150 30452 30349 -0.00409543
24915 29420 29586 0.00666265
25546 30797 30861 0.00250528
24193 29306 29279 -0.00111603
25041 29394 29368 -0.0010383
24778 29879 29861 -0.000726451
24914 29877 30010 0.00533836
25467 30292 30220 -0.00282719
25843 30382 30366 -0.000619123
25970 30364 30341 -0.000885637
25113 29786 29811 0.0009955
24935 29098 29276 0.00713856
25839 30070 30169 0.00383142
24216 29835 29737 -0.00404691
25022 30152 29936 -0.0086324
26886 30613 30628 0.000557911
25817 29851 29935 0.00325367
25942 29958 29906 -0.00200447
25767 31150 30993 -0.00609306
25500 30942 30963 0.000823529
26003 30414 30365 -0.0018844
25813 29841 29838 -0.000116221
25928 29950 29838 -0.00431965
24681 29951 30021 0.00283619
25749 30167 30038 -0.0050099
24936 29401 29551 0.0060154
24642 29683 29708 0.00101453
25784 29676 29879 0.0078731
26208 30393 30074 -0.0121719
24445 29162 29037 -0.00511352
24268 29497 29544 0.00193671
24848 29635 29688 0.00213297
25087 30308 30005 -0.012078
25497 29802 29661 -0.00553006
26209 30653 30792 0.00530352
24695 29411 29307 -0.00421138
26845 30899 30903 0.000149004
25126 29427 29273 -0.00612911
25976 30806 30586 -0.00846936
25651 29955 30084 0.00502904
25203 30203 30323 0.00476134
25686 30346 30346 0
24489 29591 29694 0.00420597
24881 29716 29854 0.0055464
25131 29793 29721 -0.00286499
25129 29886 29972 0.00342234
25171 29464 29467 0.000119185
25082 29288 29445 0.00625947
24408 29799 29904 0.00430187
24952 29418 29408 -0.000400769
25185 29428 29276 -0.00603534
25237 29840 29778 -0.00245671
24796 29355 29347 -0.000322633
27022 30903 30914 0.000407076
25347 29495 29400 -0.00374798
25137 29981 29955 -0.00103433
25315 28911 28832 -0.00312068
25601 29787 29737 -0.00195305
24791 30570 30599 0.00116978
25138 29064 29215 0.00600684
25812 29758 29999 0.00933674
25011 30616 30567 -0.00195914
25272 29443 29473 0.00118708
25422 30270 30355 0.00334356
23996 29003 28879 -0.00516753
25459 30293 30209 -0.00329942
26042 30682 30564 -0.00453114
26023 30684 30464 -0.00845406
25278 29884 29839 -0.0017802
25532 30232 30262 0.001175
25962 30801 30782 -0.000731839
24668 30171 30188 0.000689152
26227 30075 30295 0.0083883
25437 29999 29832 -0.00656524
25935 29942 30066 0.00478118
25387 30013 29932 -0.00319061
26980 30941 30687 -0.00941438
25366 30254 30171 -0.0032721
24802 29443 29444 4.03193e-05
24522 29276 29146 -0.00530136
25239 30017 29560 -0.0181069
24637 29377 29408 0.00125827
24843 29788 29876 0.00354225
24556 29504 29559 0.00223978
25122 30602 30341 -0.0103893
25093 29925 29828 -0.00386562
24679 29315 29607 0.0118319
24605 29635 29501 -0.00544605
25004 30065 30188 0.00491921
24923 29508 29573 0.00260803
24985 30014 30100 0.00344207
24776 30244 30040 -0.00823377
25399 29423 29177 -0.00968542
25619 29729 29730 3.90335e-05
26200 30529 30522 -0.000267176
25157 30422 30417 -0.000198752
25484 29786 29763 -0.000902527
24885 30247 30197 -0.00200924
25772 30403 30456 0.0020565
25981 30561 30574 0.000500366
25895 30747 30646 -0.00390037
27452 30846 30746 -0.00364272
24298 30124 30097 -0.0011112
26428 30486 30433 -0.00200545
26063 30366 30337 -0.00111269
24629 29368 29283 -0.00345122
25229 29836 29791 -0.00178366
26032 30473 30486 0.000499385
25702 29759 29751 -0.00031126
25893 30060 29984 -0.00293516
25609 30665 30852 0.00730212
27037 31258 31323 0.00240411
25681 29832 29806 -0.00101242
25486 30036 30029 -0.000274661
25429 30141 30108 -0.00129773
26480 30700 30606 -0.00354985
26002 29575 29443 -0.00507653
24008 29231 29279 0.00199933
25247 30847 30819 -0.00110904
24282 28989 29086 0.00399473
26008 30052 30109 0.00219163
25476 29811 29955 0.00565238
26023 29993 30002 0.000345848
25555 29998 30120 0.00477402
24020 30080 30029 -0.00212323
25866 30932 30979 0.00181706
24125 29443 29372 -0.00294301
25222 30243 30334 0.00360796
25043 29519 29539 0.000798626
25228 30240 30313 0.00289361
26377 30318 30433 0.00435986
25911 29925 29921 -0.000154375
25423 30722 30690 -0.0012587
25160 29102 28969 -0.00528617
25619 30304 30216 -0.00343495
25813 29839 29513 -0.0126293
24662 29883 30132 0.0100965
25070 29459 29387 -0.00287196
25990 30049 30107 0.00223163
25358 29563 29594 0.00122249
25888 29338 29371 0.00127472
25732 30080 30122 0.00163221
25254 30153 30129 -0.000950344
25366 29934 29876 -0.00228653
24500 29931 29819 -0.00457143
24992 29784 29781 -0.000120038
25513 30408 30367 -0.00160702
25665 29983 29943 -0.00155854
24808 28937 28975 0.00153176
24812 29414 29374 -0.00161212
25183 29486 29393 -0.00369297
25781 30695 30773 0.00302548
25100 29800 29676 -0.00494024
25644 30580 30297 -0.0110357
25043 30202 29980 -0.00886475
24232 29369 29372 0.000123803
26473 29966 29861 -0.00396631
26236 30300 30395 0.00362098
26533 30427 30508 0.0030528
26368 30114 30154 0.00151699
25691 30385 30428 0.00167374
25868 30063 30307 0.0094325
26422 30781 30607 -0.00658542
25693 30344 30387 0.00167361
25907 30076 30292 0.00833751
25822 29066 29273 0.00801642
25404 29955 30057 0.00401512
23883 29476 29288 -0.00787171
25209 29727 29708 -0.000753699
24925 29168 28737 -0.0172919
25170 29021 29244 0.00885975
25705 29831 29669 -0.00630228
25357 29741 29463 -0.0109634
25715 29394 29371 -0.00089442
25686 30393 30036 -0.0138986
24824 30039 29753 -0.0115211
25723 29670 29735 0.00252692
25618 30567 30322 -0.00956359
24104 28895 28919 0.000995685
25043 29275 29349 0.00295492
25158 30252 30286 0.00135146
25959 30626 30519 -0.00412188
25548 30178 30242 0.00250509
24318 29038 28948 -0.00370096
25668 29953 30001 0.00187003
25943 30439 30405 -0.00131057
23683 28911 28772 -0.00586919
25345 29764 29720 -0.00173604
25255 29639 29598 -0.00162344
25385 29766 29911 0.00571203
25371 29647 29910 0.0103662
26480 29721 29916 0.00736405
24824 29780 29726 -0.00217531
25368 30693 30160 -0.0210107
25942 30298 30163 -0.00520392
25376 29991 30061 0.00275851
25464 30030 29924 -0.00416274
25376 29922 29873 -0.00193096
25777 30373 30353 -0.000775885
25135 29734 29836 0.00405809
24958 29364 29366 8.01346e-05
26763 31200 31059 -0.00526847
26023 29095 29116 0.000806978
25241 29062 29145 0.0032883
24704 29583 29589 0.000242876
24329 29169 29058 -0.00456246
24037 29712 29893 0.00753006
25490 30319 30530 0.00827776
25169 29795 29931 0.00540347
25304 30367 30169 -0.00782485
24476 29495 29313 -0.00743586
25013 29511 29597 0.00343821
26425 30538 30535 -0.000113529
24740 29352 29112 -0.00970089
25653 29972 30166 0.00756247
26135 30272 30609 0.0128946
25451 30583 30505 -0.00306471
25189 29906 29925 0.000754298
25339 30304 30239 -0.00256522
25411 30360 30369 0.000354177
26048 30843 30814 -0.00111333
25612 29452 29586 0.00523192
23891 29191 29188 -0.00012557
25366 29766 29874 0.00425767
24996 29451 29592 0.0056409
24268 29330 29323 -0.000288446
25732 29614 29578 -0.00139904
26028 31012 31011 -3.84202e-05
25340 29043 29053 0.000394633
25296 31294 31263 -0.00122549
24771 29992 30004 0.000484437
26025 29909 29864 -0.00172911
25462 29166 29140 -0.00102113
25131 29606 29578 -0.00111416
24360 29707 29650 -0.0023399
26592 31506 31700 0.00729543
25710 29750 29766 0.000622326
24547 28710 28992 0.0114882
25067 29645 29359 -0.0114094
25665 30872 30799 -0.00284434
23966 29377 29232 -0.00605024
24685 28889 29065 0.00712984
25122 30065 30051 -0.00055728
25515 29472 29407 -0.00254752
26595 30106 30163 0.00214326
23620 28781 28589 -0.0081287
25149 29743 29687 -0.00222673
25435 29346 29253 -0.00365638
25266 29461 29326 -0.00534315
24146 30075 29946 -0.0053425
24991 29928 29810 -0.0047217
25681 30364 30411 0.00183015
25441 30236 30259 0.000904053
24541 29740 29742 8.14963e-05
25580 30140 30074 -0.00258014
25398 29632 29659 0.00106308
25058 29632 29608 -0.000957778
25710 29818 29618 -0.00777907
25067 29969 30000 0.00123669
25542 29775 29682 -0.00364106
24769 29798 29724 -0.00298761
26424 30031 30001 -0.00113533
25304 29400 29428 0.00110654
25343 29699 29585 -0.00449828
25154 30463 30411 -0.00206727
26006 30093 30402 0.0118819
25865 29496 29290 -0.00796443
25846 30063 30077 0.00054167
25113 29584 29618 0.00135388
24395 29012 28911 -0.00414019
24591 29385 29387 8.13306e-05
24946 30032 30002 -0.0012026
25690 29648 29361 -0.0111717
25422 29830 30061 0.00908662
26157 29941 29911 -0.00114692
25423 29923 30004 0.00318609
25516 29903 30100 0.00772065
26220 30004 30245 0.00919146
24284 29867 29975 0.00444737
25461 30829 30728 -0.00396685
25262 30222 30222 0
24967 30022 29947 -0.00300397
25574 29515 29518 0.000117307
24776 29571 29464 -0.0043187
25237 30402 30441 0.00154535
24757 29357 29368 0.000444319
24956 30074 30024 -0.00200353
24544 29896 29907 0.000448175
25561 29661 29800 0.00543797
25206 30086 30133 0.00186464
25242 29921 29975 0.00213929
25751 29559 29541 -0.000699002
25928 31435 31287 -0.00570811
25294 30398 30295 -0.00407211
25828 29543 29594 0.0019746
25609 30606 30514 -0.00359249
25455 29503 29496 -0.000274995
25470 30299 30204 -0.00372988
25096 30166 30167 3.9847e-05
26282 30819 30992 0.00658245
26249 29971 29934 -0.00140958
26659 31187 31129 -0.00217563
26117 30647 30547 -0.00382892
26082 30090 30170 0.00306725
24573 29107 29223 0.00472063
25689 30001 30094 0.00362023
24807 30222 30194 -0.00112871
24910 29811 29688 -0.00493778
25499 29680 29653 -0.00105887
26340 30361 30382 0.000797267
25484 29788 29855 0.0026291
25041 30118 30259 0.00563077
24145 29337 29340 0.000124249
25506 29248 29367 0.00466557
24682 29575 29485 -0.00364638
26650 30164 29989 -0.0065666
25581 30153 30068 -0.00332278
25802 30204 30071 -0.00515464
26377 30452 30505 0.00200933
25683 31052 31078 0.00101234
25576 30590 30648 0.00226775
26276 29902 30038 0.00517583
25119 29052 28989 -0.00250806
25249 30038 30291 0.0100202
25195 29962 29899 -0.0025005
26165 30485 30427 -0.0022167
25751 30077 30134 0.00221351
25374 29232 29176 -0.00220698
26338 30336 30243 -0.00353102
26164 30319 30117 -0.00772053
25428 29939 29794 -0.00570238
25385 30613 30520 -0.00366358
25651 30138 30091 -0.00183229
25928 29764 29768 0.000154273
25363 30401 30240 -0.00634783
24291 29433 29349 -0.00345807
26189 30212 30410 0.00756043
25265 30682 30597 -0.00336434
25617 29802 29863 0.00238123
25496 30784 30712 -0.00282397
26715 30830 30729 -0.00378065
26002 29834 29993 0.00611491
25184 30110 30005 -0.00416931
25640 29663 29796 0.00518721
25139 29411 29408 -0.000119336
26129 29889 29985 0.00367408
25331 29631 29690 0.00232916
25875 29778 29832 0.00208696
24948 30145 30072 -0.00292609
24068 29815 29824 0.000373941
25098 29782 29827 0.00179297
26024 30348 30198 -0.00576391
24444 29293 29386 0.00380461
26245 30518 30248 -0.0102877
25248 29494 29444 -0.00198035
24876 29180 29235 0.00221097
26688 30724 30807 0.00311001
25489 29797 29880 0.00325631
24641 29854 29692 -0.00657441
25333 30136 30100 -0.00142107
25027 30268 30208 -0.00239741
26338 30479 30269 -0.00797327
25214 30202 30201 -3.96605e-05
26279 30684 30620 -0.0024354
25506 29374 29456 0.00321493
26001 30026 29795 -0.00888427
25167 29626 29614 -0.000476815
25913 30678 30870 0.00740941
26914 30786 30750 -0.00133759
24686 29046 29101 0.00222798
25360 29361 29334 -0.00106467
25996 30541 30768 0.00873211
25978 30390 30365 -0.000962353
24474 29711 29607 -0.00424941
24943 30001 29981 -0.000801828
26060 30548 30528 -0.00076746
26695 30518 30502 -0.000599363
25939 30284 30379 0.00366244
26111 29994 29969 -0.000957451
25099 29546 29462 -0.00334675
24960 29565 29583 0.000721154
24823 29222 29405 0.0073722
25364 30329 30254 -0.00295695
25700 28959 29290 0.0128794
25626 29868 30033 0.00643877
25098 29829 29852 0.000916408
25307 29792 29953 0.00636188
24760 30200 30321 0.00488691
24964 29368 29298 -0.00280404
25539 29610 29504 -0.00415051
24901 29778 29599 -0.00718847
24788 29167 29228 0.00246087
26118 30293 30398 0.00402022
24194 29031 29071 0.0016533
26401 30156 30227 0.00268929
25946 30782 30678 -0.00400832
24799 30700 30702 8.06484e-05
25025 29737 29764 0.00107892
25283 29912 29699 -0.00842463
25785 29891 29687 -0.00791158
25160 29828 29867 0.00155008
24459 29288 29277 -0.000449732
24749 29430 29589 0.0064245
25186 30381 30141 -0.0095291
25070 29612 29653 0.00163542
26255 29961 29865 -0.00365645
24306 29152 29048 -0.00427878
25190 29605 29616 0.000436681
25043 29534 29566 0.0012778
25736 30285 30404 0.00462387
25225 29582 29622 0.00158573
25796 30842 30808 -0.00131803
25234 29733 29510 -0.00883728
24752 29643 29583 -0.00242405
25443 30687 30666 -0.000825374
26101 30602 30641 0.0014942
24799 30112 30261 0.00600831
26119 30332 30364 0.00122516
25367 29122 29061 -0.0024047
25719 29975 29949 -0.00101093
24867 30095 30048 -0.00189006
25939 29505 29607 0.0039323
26291 30816 30673 -0.00543912
24647 29653 29814 0.00653224
24721 29161 29284 0.00497553
24430 28828 28943 0.00470733
24500 29969 30143 0.00710204
24676 29918 29706 -0.00859134
25482 30724 30652 -0.00282552
24841 29554 29563 0.000362304
25237 29580 29398 -0.00721163
23964 29260 29330 0.00292105
25368 29010 28809 -0.00792337
24777 29698 29448 -0.01009
25309 29656 29968 0.0123276
24444 29677 29618 -0.00241368
25367 29293 29238 -0.00216817
26018 29893 30087 0.00745638
25534 29601 29508 -0.0036422
25922 29857 29984 0.00489931
25041 29593 29553 -0.00159738
25885 29592 29586 -0.000231794
24986 29212 29246 0.00136076
25319 29676 29938 0.010348
24375 29631 29582 -0.00201026
24109 28911 28777 -0.00555809
25897 30274 30289 0.000579218
24582 29841 29738 -0.00419006
25861 30419 30591 0.00665094
25543 29923 30074 0.0059116
25752 30598 30577 -0.000815471
25655 29811 29743 -0.00265056
23416 29350 29428 0.00333106
25706 30453 30376 -0.00299541
25172 29666 29713 0.00186715
25138 29219 29279 0.00238682
25556 31547 31754 0.00809986
24785 29859 29833 -0.00104902
25173 30255 30351 0.00381361
25949 30572 30549 -0.000886354
25236 29617 29662 0.00178317
25319 29434 29467 0.00130337
24440 29593 29841 0.0101473
25314 29540 29498 -0.00165916
25890 30475 30470 -0.000193125
25024 29379 29178 -0.00803229
25909 30151 30107 -0.00169825
25234 30658 30749 0.00360625
26092 30280 30366 0.00329603
25054 29241 29324 0.00331284
25271 29501 29407 -0.00371968
25448 29805 29979 0.00683747
24405 29710 29748 0.00155706
25418 29914 30061 0.0057833
24598 28883 29066 0.00743963
25468 30333 30447 0.00447621
25570 29763 29892 0.00504497
25283 29821 29890 0.00272911
25632 29892 29825 -0.00261392
23936 30726 30693 -0.00137868
24129 30025 30026 4.14439e-05
25491 30752 30613 -0.0054529
24739 29733 29831 0.00396136
24969 30743 30657 -0.00344427
25891 30178 30105 -0.00281951
24663 29139 29117 -0.000892024
26117 30371 30378 0.000268025
25363 29565 29835 0.0106454
23633 29042 29042 0
26635 29859 29686 -0.00649521
25043 29206 29081 -0.00499141
24763 29913 29923 0.000403828
24578 29349 29479 0.00528928
25322 30153 30407 0.0100308
24948 29302 29501 0.00797659
25262 30074 30183 0.00431478
25468 29718 29662 -0.00219884
25485 30231 29968 -0.0103198
25494 29450 29319 -0.00513846
25726 29763 29889 0.00489777
25449 30032 29994 -0.00149318
25107 30295 30372 0.00306687
25556 30046 30144 0.00383472
24444 29079 29384 0.0124775
25167 29699 29524 -0.00695355
25117 29536 29840 0.0121034
25130 30278 30149 -0.00513331
24533 29867 29688 -0.00729629
25907 29627 29776 0.00575134
25273 29559 29534 -0.000989198
25473 29456 29539 0.00325835
26553 30015 29807 -0.00783339
24519 29256 29283 0.00110119
25332 29489 29455 -0.00134218
25651 29726 29666 -0.00233909
24245 29109 28633 -0.0196329
25499 30373 30362 -0.000431389
24750 29815 29879 0.00258586
24714 30202 30213 0.000445092
26012 30443 30487 0.00169153
25267 30658 30748 0.00356196
25230 30135 29907 -0.00903686
25380 30200 30166 -0.00133964
25088 30710 30944 0.00932717
25497 30034 30074 0.00156881
25205 29593 29540 -0.00210276
24922 30040 29990 -0.00200626
25550 30364 30287 -0.0030137
24125 29214 29191 -0.000953368
25135 29600 29702 0.00405809
24903 29930 29914 -0.000642493
25521 30057 30050 -0.000274284
25623 30057 30061 0.00015611
25420 30162 30206 0.00173092
25331 30362 30080 -0.0111326
25642 29364 29433 0.0026909
25086 29956 29857 -0.00394642
25902 30101 30101 0
25911 30563 30427 -0.00524874
24505 28274 28271 -0.000122424
25949 30828 30904 0.00292882
25278 30717 30667 -0.001978
24745 30838 30921 0.00335421
24621 29537 29538 4.06157e-05
24078 29277 29256 -0.000872165
26767 31138 31300 0.00605223
24474 29380 29346 -0.00138923
23965 28961 28968 0.000292093
26315 30602 30456 -0.00554817
24946 29989 30007 0.000721559
25277 29998 30155 0.00621118
26373 30493 30568 0.00284382
25941 30574 30371 -0.00782545
25347 29762 29547 -0.00848227
24765 29229 29170 -0.00238239
24623 30108 30162 0.00219307
24773 30079 30099 0.000807331
25178 30345 30219 -0.00500437
25054 29623 29643 0.000798276
24310 29908 29885 -0.000946113
25873 30539 30698 0.0061454
25443 29920 29984 0.00251543
25281 29615 29503 -0.0044302
25832 31120 30976 -0.00557448
25697 30737 30765 0.00108962
24710 30146 29917 -0.0092675
24517 29899 29814 -0.00346698
25822 30482 30545 0.00243978
25682 29842 29882 0.00155751
25205 29788 29894 0.00420551
25602 29974 29978 0.000156238
24490 28755 28752 -0.000122499
25109 29372 29368 -0.000159305
26061 30019 29827 -0.00736733
25340 29977 29532 -0.0175612
26400 30644 30718 0.00280303
25528 30359 30265 -0.00368223
25247 30122 30209 0.00344595
24966 29995 29876 -0.00476648
25811 29937 30021 0.00325443
26115 30600 30639 0.00149339
25970 29572 29873 0.0115903
26595 30552 30290 -0.00985148
24790 29995 30003 0.000322711
26074 30757 30614 -0.00548439
24991 29825 30017 0.00768277
24873 30022 29814 -0.00836248
25565 30499 30322 -0.00692353
25624 30750 30675 -0.00292694
25350 30291 30292 3.94477e-05
25822 29976 29912 -0.00247851
24404 29801 29785 -0.00065563
25047 29368 29414 0.00183655
26400 30729 30779 0.00189394
25344 29959 29989 0.00118371
24856 30471 30374 -0.00390248
25509 29942 29981 0.00152887
24819 29861 29882 0.000846126
25792 29997 30051 0.00209367
25407 29333 29341 0.000314874
25634 30369 30270 -0.00386206
25504 29315 29375 0.00235257
24391 29455 29396 -0.00241893
25115 30099 29880 -0.00871989
25276 29318 29427 0.00431239
25746 29968 30078 0.00427251
24910 29505 29497 -0.000321156
25570 30171 30249 0.00305045
25766 29716 29699 -0.000659784
24672 29771 29734 -0.00149968
25647 29295 29305 0.000389909
24962 29610 29527 -0.00332505
25769 29960 30175 0.00834336
25303 29106 29091 -0.000592815
24959 29644 29496 -0.00592972
25938 30519 30454 -0.00250598
25321 29830 29971 0.0055685
24124 30001 30168 0.00692257
25606 30396 30204 -0.00749824
24981 30120 30169 0.00196149
25373 29600 29661 0.00240413
26468 30771 30508 -0.00993653
25509 30001 29956 -0.00176408
24842 29827 29827 0
24953 30361 30426 0.0026049
25845 30502 30705 0.00785452
25596 30245 30336 0.00355524
25645 29842 29945 0.00401638
24593 29903 29874 -0.0011792
25194 29725 29627 -0.00388982
25949 30140 30039 -0.00389225
25118 30125 30167 0.00167211
25833 30382 30514 0.00510974
24756 29440 29446 0.000242365
24883 30079 30188 0.0043805
24545 30398 30377 -0.000855571
25268 30466 30465 -3.95757e-05
25081 29844 29826 -0.000717675
25891 30417 30381 -0.00139044
25487 30131 30292 0.00631695
23304 28744 28782 0.00163062
24414 30055 29996 -0.00241665
25067 29320 29299 -0.000837755
25930 30115 30073 -0.00161975
25128 29459 29330 -0.00513372
