48194 58791 58793 4.14989e-05
48769 57931 57192 -0.0151531
50008 59549 58713 -0.0167173
50105 60911 61143 0.00463028
49695 59503 59384 -0.00239461
48956 59397 58506 -0.0182
51491 61309 61148 -0.00312676
51335 59109 59631 0.0101685
49762 59625 59686 0.00122583
51377 57694 58126 0.00840843
50672 59187 59381 0.00382854
49568 58091 58050 -0.000827147
49741 57167 57718 0.0110774
53660 60111 60166 0.00102497
49077 58676 58900 0.00456426
49197 58458 58840 0.0077647
51851 60194 59882 -0.00601724
50326 60245 60394 0.0029607
48933 58140 57888 -0.0051499
49270 58649 58707 0.00117719
51613 60594 60634 0.000774999
52049 59676 59523 -0.00293954
48730 58120 58058 -0.00127232
50519 59343 59337 -0.000118767
51342 59161 59427 0.00518094
50461 59385 59337 -0.00095123
50610 59778 59715 -0.00124481
52288 60197 60577 0.00726744
48168 58123 58203 0.00166085
50157 59347 59081 -0.00530335
50094 60033 60251 0.00435182
48866 58605 58537 -0.00139156
49851 59385 59459 0.00148442
48928 58209 58099 -0.0022482
50084 58143 58531 0.00774699
49551 59364 59256 -0.00217957
51704 59671 58988 -0.0132098
52120 61430 61564 0.00257099
51153 59291 59576 0.00557152
48394 58757 58579 -0.00367814
52754 62289 62287 -3.79118e-05
48912 58838 59248 0.0083824
51870 60452 60412 -0.000771159
49705 60105 60134 0.000583442
48932 59085 59037 -0.000980953
53381 61519 61049 -0.00880463
50679 59265 58997 -0.00528819
51718 60022 60036 0.000270699
50911 59510 59446 -0.0012571
50956 58732 58659 -0.00143261
49637 58188 58441 0.005097
49528 59492 59489 -6.05718e-05
48506 58130 58266 0.00280378
49757 60028 59739 -0.00580823
49865 59571 59296 -0.00551489
50638 59801 59885 0.00165883
50806 59649 59768 0.00234224
50418 60100 59828 -0.0053949
52421 59125 59160 0.000667671
51371 58748 58809 0.00118744
50727 59364 59051 -0.00617028
50338 58394 58525 0.00260241
50172 59617 59665 0.000956709
52257 60633 60011 -0.0119027
47823 56332 55918 -0.00865692
47497 58667 58742 0.00157905
52197 59514 59398 -0.00222235
49574 59033 58824 -0.00421592
49005 58085 57982 -0.00210183
48949 59958 60120 0.00330957
49533 59824 60184 0.00726788
49245 59561 59345 -0.00438623
48998 60255 60369 0.00232663
49930 59115 59306 0.00382536
49247 58631 58361 -0.00548257
48529 58231 58173 -0.00119516
50119 59201 59235 0.000678385
51098 59522 59136 -0.00755411
51951 61066 60870 -0.00377279
50644 60078 60537 0.00906327
47410 57405 57600 0.00411306
49918 58730 58886 0.00312513
49018 57310 57213 -0.00197886
47993 58165 58216 0.00106265
48263 59364 59158 -0.00426828
49628 59240 59467 0.00457403
49588 57549 57450 -0.00199645
50073 61378 61381 5.99125e-05
52187 60896 60777 -0.00228026
50847 60285 59892 -0.00772907
52532 62238 61867 -0.00706236
51368 59313 59531 0.00424389
50008 60227 59970 -0.00513918
50820 58960 58709 -0.004939
49447 60215 60043 -0.00347847
49210 58741 58705 -0.000731559
50000 58751 58679 -0.00144
50104 59660 59601 -0.00117755
49654 59570 59291 -0.00561888
48808 58956 57844 -0.0227832
48643 60288 59745 -0.011163
49637 60427 60442 0.000302194
50149 60104 59732 -0.00741789
50903 59369 59111 -0.00506846
50587 59292 59065 -0.00448732
51452 60075 59814 -0.00507269
50211 57686 57598 -0.0017526
49114 58864 58852 -0.00024433
49865 58555 59021 0.00934523
51730 60042 60030 -0.000231974
50474 60177 60222 0.000891548
51042 58063 57885 -0.00348732
51009 59820 59767 -0.00103903
48711 57956 58307 0.00720576
49143 57306 56940 -0.00744765
48618 58326 58338 0.000246822
49469 58456 58201 -0.00515474
50438 59602 59782 0.00356874
49277 61316 60886 -0.00872618
48610 57900 58143 0.00499897
49946 59065 58767 -0.00596644
50271 59585 59500 -0.00169084
52021 60318 60118 -0.0038446
48073 58044 57991 -0.00110249
51201 59840 59877 0.000722642
49364 60930 60903 -0.000546957
50043 57611 57761 0.00299742
51725 60354 60674 0.00618656
49108 58999 59058 0.00120143
51139 60374 59973 -0.00784137
51250 59537 59309 -0.00444878
50623 60117 60291 0.00343717
49787 58894 58826 -0.00136582
49481 59943 60012 0.00139447
50782 59409 59904 0.00974755
48482 59299 58862 -0.00901365
50103 60830 60849 0.000379219
52104 60121 60451 0.00633349
50379 58976 58542 -0.0086147
52320 60642 60397 -0.00468272
48689 57750 57428 -0.0066134
50673 58188 58541 0.00696623
47221 55913 55836 -0.00163063
49682 57838 58088 0.005032
49533 58159 58520 0.00728807
49406 59870 59050 -0.0165972
52138 60322 60195 -0.00243584
48180 57957 57972 0.000311333
54678 61461 61223 -0.00435276
48598 58023 58031 0.000164616
50605 58949 59095 0.00288509
49374 57977 58294 0.00642038
50543 58311 58522 0.00417466
48792 58449 58754 0.00625102
50680 58707 58913 0.00406472
52606 59862 59859 -5.70277e-05
49479 58084 58151 0.00135411
50367 58327 58257 -0.0013898
51929 58252 58683 0.00829979
49737 58018 57944 -0.00148783
51686 59922 59778 -0.00278605
50537 60213 59871 -0.00676732
50178 59025 58853 -0.0034278
52423 60543 60673 0.00247983
47656 58122 57845 -0.00581249
50752 59124 59095 -0.000571406
47406 59048 59182 0.00282665
49625 60197 59872 -0.00654912
50702 59673 59214 -0.0090529
52113 59499 59524 0.000479727
48553 58532 58834 0.00622001
48985 60305 60315 0.000204144
49712 58817 58970 0.00307773
49521 58590 58483 -0.0021607
50467 60851 60863 0.000237779
48971 59852 60255 0.00822936
50821 59413 59563 0.00295154
50935 58633 58624 -0.000176696
49755 59219 59270 0.00102502
51104 59826 60073 0.00483328
52544 60788 60649 -0.0026454
51145 59490 59613 0.00240493
49830 59822 59713 -0.00218744
50142 59530 59069 -0.00919389
53277 61531 61497 -0.000638174
52042 60569 60171 -0.00764767
49657 58691 58242 -0.00904203
48167 56765 57451 0.0142421
49989 59827 59653 -0.00348077
51637 60717 60804 0.00168484
49250 58698 58553 -0.00294416
50601 60271 60041 -0.00454536
52436 58757 58916 0.00303227
52093 61094 61385 0.00558616
48958 59008 58867 -0.00288002
50005 59482 59340 -0.00283972
49391 58566 58605 0.000789618
49227 57401 57255 -0.00296585
49024 58057 58327 0.00550751
48005 59050 59019 -0.000645766
53357 62299 62344 0.000843376
51243 59850 59557 -0.00571785
51861 59784 59725 -0.00113766
48704 60469 60501 0.00065703
51980 59654 59538 -0.00223163
47250 57044 56932 -0.00237037
50420 59856 59593 -0.00521618
49904 58893 58904 0.000220423
49079 58346 58492 0.0029748
50294 59399 59527 0.00254504
48252 56280 56292 0.000248694
50967 60784 61002 0.00427728
49814 59556 59368 -0.00377404
50498 60535 60765 0.00455464
49203 59378 58998 -0.00772311
49614 59064 58963 -0.00203572
50750 58162 58537 0.00738916
49042 59413 59102 -0.0063415
50449 59639 59289 -0.0069377
51136 59250 59317 0.00131023
51127 60506 60254 -0.0049289
48748 58025 58258 0.00477968
52451 61343 61140 -0.00387028
48014 57156 57099 -0.00118715
50436 60402 60730 0.00650329
50994 59613 59778 0.00323567
49866 58662 58006 -0.0131553
48804 58593 58289 -0.006229
48442 58917 58804 -0.00233269
51562 59390 59540 0.00290912
51158 60078 60264 0.00363579
50438 59595 59782 0.00370752
50749 60787 60148 -0.0125914
50139 58722 58583 -0.00277229
51515 59055 58857 -0.00384354
48551 57402 57800 0.00819757
49107 59257 59287 0.000610911
50402 58997 59069 0.00142851
50549 59629 59644 0.000296742
51331 59822 59477 -0.00672108
50228 59129 59214 0.00169228
49965 59819 59279 -0.0108076
49794 57769 57570 -0.00399647
49956 58840 59233 0.00786692
54691 60553 60467 -0.00157247
51575 61587 61593 0.000116335
49774 58395 58688 0.00588661
48602 58117 57951 -0.0034155
47444 58720 58667 -0.00111711
48832 57920 57656 -0.00540629
50381 58654 58603 -0.00101229
49706 59455 59149 -0.0061562
50306 58987 59428 0.00876635
48085 57496 57472 -0.000499116
48829 58099 58431 0.00679924
51455 59484 59034 -0.00874551
50623 60426 60242 -0.00363471
50436 58909 58961 0.00103101
50416 60089 60036 -0.00105125
48864 58852 58836 -0.000327439
50397 58423 58692 0.00533762
48063 59124 59255 0.00272559
49135 59348 59341 -0.000142465
50248 57736 57659 -0.0015324
52121 60687 60824 0.0026285
48449 57962 58310 0.00718281
49002 59596 59561 -0.000714257
48752 59062 58706 -0.00730226
48548 59033 58899 -0.00276015
49757 57097 57041 -0.00112547
51029 60218 60492 0.0053695
49934 58378 58202 -0.00352465
50436 59326 59031 -0.005849
50164 59230 59183 -0.000936927
52281 61509 61797 0.00550869
49886 59856 60066 0.0042096
48654 60207 60032 -0.00359683
47995 58167 58213 0.000958433
50141 60582 60712 0.00259269
48206 59415 59308 -0.00221964
50718 59561 59521 -0.000788675
48667 57850 57884 0.000698625
47556 58161 58147 -0.00029439
49397 59525 59397 -0.00259125
49035 57598 57454 -0.00293668
51080 60192 59798 -0.00771339
48142 57432 57096 -0.00697935
52760 60866 60922 0.00106141
50723 58900 59213 0.00617077
49726 58954 59085 0.00263444
52263 59878 59622 -0.0048983
49348 59955 59555 -0.0081057
48902 58359 58100 -0.00529631
50114 59521 59441 -0.00159636
50826 59643 59890 0.00485972
51123 58883 58624 -0.00506621
52091 60797 60643 -0.00295636
49274 59416 59331 -0.00172505
50746 60944 60973 0.000571474
52140 59743 59926 0.00350978
49492 58499 58855 0.00719308
51370 59925 59938 0.000253066
50416 59606 59176 -0.00852904
51378 60164 60085 -0.00153762
49480 57913 58023 0.00222312
49914 58962 58887 -0.00150258
50523 59247 58554 -0.0137165
48667 59113 59058 -0.00113013
51258 58560 58711 0.00294588
49201 57475 57375 -0.00203248
50857 60616 60668 0.00102247
48705 58260 58375 0.00236115
49989 57647 57626 -0.000420092
48947 59221 59217 -8.1721e-05
50257 58746 58905 0.00316374
52800 60363 60200 -0.00308712
49721 59698 59641 -0.0011464
49076 57524 57894 0.00753933
48792 58715 58540 -0.00358665
47872 58051 58105 0.00112801
48893 57056 56547 -0.0104105
48856 56902 56770 -0.00270182
50809 60013 59896 -0.00230274
49062 58875 58632 -0.00495292
52074 58688 58668 -0.000384069
48425 58920 58902 -0.000371709
50401 58646 58425 -0.00438483
49517 58616 58930 0.00634126
49423 59716 59612 -0.00210428
51724 60483 60034 -0.00868069
48678 58870 58963 0.00191051
50088 58388 58337 -0.00101821
47632 58159 58328 0.00354803
50191 59916 59897 -0.000378554
48129 57738 57781 0.000893432
47966 58818 58816 -4.16962e-05
50095 59018 59349 0.00660745
52829 61542 61591 0.000927521
49251 57954 58472 0.0105176
50322 60037 59920 -0.00232503
50911 59067 59341 0.00538194
50365 59211 58851 -0.00714782
48775 58972 58698 -0.00561763
51129 59078 59020 -0.00113439
50166 59436 59605 0.00336882
50668 60043 59206 -0.0165193
47519 60517 60518 2.10442e-05
50118 59445 59453 0.000159623
48620 58115 57946 -0.00347594
49963 59549 59359 -0.00380281
50429 60402 60273 -0.00255805
49788 59332 59256 -0.00152647
49189 58937 58879 -0.00117913
49968 58952 58534 -0.00836535
49355 58990 58767 -0.00451829
49808 60333 60120 -0.00427642
49332 58278 58752 0.00960837
50590 60989 61132 0.00282665
47882 58028 58030 4.17693e-05
49585 58234 58189 -0.000907533
49044 59178 59139 -0.000795204
49374 59033 59476 0.00897233
50420 59822 59861 0.000773503
51159 60161 60133 -0.000547313
51418 60191 60168 -0.000447314
49724 59160 59629 0.00943206
49338 57608 57965 0.0072358
51179 59823 59769 -0.00105512
47946 59113 58902 -0.00440078
49580 59758 59530 -0.00459863
53272 60690 60723 0.000619462
51118 59212 59224 0.000234751
51382 59353 59247 -0.00206298
51038 61731 61417 -0.00615228
50499 61301 61334 0.000653478
51456 60225 60127 -0.00190454
51136 59129 58950 -0.00350047
51353 59342 59242 -0.00194731
48892 59355 59486 0.00267937
50987 59756 59500 -0.00502089
49359 58069 58518 0.00909662
48762 58801 58845 0.000902342
51085 58837 59235 0.00779094
51915 60092 59587 -0.00972744
48419 57833 57504 -0.00679485
48062 58356 58546 0.00395323
49219 58712 58812 0.00203174
49676 60056 59556 -0.0100652
50479 59024 59275 0.00497236
51907 60965 61003 0.000732079
48879 58148 58044 -0.0021277
53161 61224 61229 9.40539e-05
49761 58540 57987 -0.0111131
51456 61043 60612 -0.00837609
50808 59346 59600 0.00499921
49897 59821 60075 0.00509049
50892 60146 59985 -0.00316356
48512 58640 58859 0.00451435
49281 59155 59151 -8.11672e-05
49787 59043 58902 -0.00283206
49776 59213 59383 0.0034153
49832 58354 58362 0.000160539
49675 58128 58326 0.00398591
48343 59040 59236 0.00405436
49401 58275 58315 0.0008097
49855 58267 57962 -0.00611774
49975 59115 58989 -0.00252126
49095 58353 58131 -0.00452185
53542 61246 61302 0.00104591
50189 58429 58222 -0.00412441
49770 59368 59311 -0.00114527
50132 57715 57101 -0.0122477
50705 59018 58908 -0.00216941
49083 60486 60613 0.00258745
49796 57577 57883 0.00614507
51148 59036 59445 0.0079964
49574 60711 60636 -0.00151289
50085 58336 58394 0.00115803
50356 59979 59993 0.00027802
47518 57405 57191 -0.00450356
50419 60024 60009 -0.000297507
51574 60795 60551 -0.00473107
51545 60877 60361 -0.0100107
50020 59177 59124 -0.00105958
50575 59957 59972 0.000296589
51434 61078 60992 -0.00167205
48846 59761 59885 0.00253859
51936 59579 60009 0.00827942
50360 59422 59092 -0.00655282
51359 59320 59577 0.00500399
50264 59442 59279 -0.00324288
53455 61325 60823 -0.00939108
50252 59789 59769 -0.000397994
49138 58317 58352 0.00071228
48560 58001 57932 -0.00142092
49961 59450 58546 -0.0180941
48788 58196 58258 0.0012708
49181 59003 59183 0.00365995
48619 58446 58637 0.00392851
49725 60599 60078 -0.0104776
49690 59273 59082 -0.00384383
48856 58043 58365 0.0065908
48698 58684 58413 -0.00556491
49538 59583 59831 0.00500626
49337 58389 58556 0.00338488
49483 59598 59636 0.000767941
49042 59915 59566 -0.00711635
50291 57994 57786 -0.00413593
50761 58919 58910 -0.000177301
51906 60488 60519 0.000597233
49826 59653 60202 0.0110183
50468 58952 58962 0.000198145
49300 59924 59826 -0.00198783
51052 60251 60357 0.00207631
51483 60697 60603 -0.00182585
51289 61031 60724 -0.00598569
54378 61113 60915 -0.00364118
48113 59673 59632 -0.000852161
52346 60407 60297 -0.0021014
51619 60157 60087 -0.00135609
48776 58186 58010 -0.00360833
49975 59081 59030 -0.00102051
51533 59931 60389 0.00888751
50895 58972 58951 -0.000412614
51299 59543 59419 -0.0024172
50717 60777 61154 0.0074334
53557 61947 62080 0.00248334
50836 59094 59224 0.00255724
50486 59517 59499 -0.000356534
50359 59698 59636 -0.00123116
52434 60803 60612 -0.00364267
51497 58586 58317 -0.00522361
47556 57969 58026 0.00119859
50019 61218 60875 -0.00685739
48053 57407 57599 0.00399559
51515 59544 59662 0.00229059
50462 59076 59366 0.0057469
51522 59396 59414 0.000349365
50595 59477 59660 0.00361696
47553 59572 59473 -0.00208189
51226 61289 61389 0.00195213
47777 58340 58191 -0.00311866
49960 59924 60086 0.00324259
49614 58480 58527 0.000947313
49981 59954 59983 0.00058022
52235 60032 60270 0.00455633
51285 59245 59245 0
50360 60858 60795 -0.00125099
49833 57544 57376 -0.00337126
50760 59869 59867 -3.94011e-05
51126 59112 58458 -0.0127919
48815 59214 59629 0.00850149
49634 58333 58131 -0.00406979
51452 59514 59624 0.00213791
50225 58601 58648 0.000935789
51215 58058 58118 0.00117153
50950 59731 59654 -0.00151129
49995 59680 59684 8.0008e-05
50257 59319 59206 -0.00224844
48525 59345 59085 -0.00535806
49508 59030 59026 -8.0795e-05
50540 60283 60173 -0.00217649
50804 59439 59314 -0.00246044
49117 57455 57391 -0.00130301
49138 58256 58179 -0.00156702
49854 58406 58106 -0.00601757
51068 60863 61227 0.00712775
49690 59022 58778 -0.00491044
50809 60612 60037 -0.0113169
49590 59917 59609 -0.00621093
47981 58161 57960 -0.00418916
52444 59113 59162 0.00093433
51943 59861 60188 0.00629536
52565 60373 60460 0.00165509
52219 59652 59799 0.00281507
50860 60194 60328 0.00263468
51249 59895 60069 0.00339519
52347 60997 60656 -0.00651422
50913 60146 60233 0.0017088
51338 59674 60033 0.00699287
51130 57600 58041 0.00862507
50317 59345 59561 0.00429278
47303 58320 58009 -0.00657464
49915 58889 58849 -0.000801362
49362 57778 57266 -0.0103724
49833 57486 57800 0.00630105
50899 59100 58974 -0.00247549
50205 58912 58347 -0.0112539
50923 58230 58195 -0.000687312
50883 60220 59506 -0.0140322
49150 59509 58946 -0.0114547
50944 58540 58935 0.00775361
50736 60572 60082 -0.00965784
47717 57201 57252 0.0010688
49611 57936 57603 -0.00671222
49806 59918 59985 0.00134522
51410 60662 60346 -0.00614666
50574 59848 59889 0.000810693
48160 57517 57349 -0.00348837
50819 59385 59383 -3.93554e-05
51376 60348 60246 -0.00198536
46889 57272 56995 -0.00590757
50191 58970 58884 -0.00171345
50020 58700 58611 -0.00177929
50275 58979 59259 0.00556937
50278 58745 58874 0.00256573
52464 58892 59289 0.00756709
49145 59001 58888 -0.00229932
50255 60840 60226 -0.0122177
51387 60024 59920 -0.00202386
50279 59451 59577 0.00250602
50435 59304 59271 -0.000654308
50241 59288 59184 -0.00207002
51063 60188 60145 -0.000842097
49740 58864 59111 0.00496582
49438 58177 58180 6.06821e-05
53040 61840 61663 -0.0033371
51511 57613 57651 0.000737707
49994 57575 57735 0.00320038
48928 58803 58632 -0.00349493
48175 57483 57567 0.00174364
47603 58854 59215 0.00758356
50506 60216 60458 0.00479151
49851 59025 59317 0.00585746
50108 60168 59779 -0.00776323
48464 58407 58050 -0.00736629
49526 58415 58635 0.00444211
52329 60473 60468 -9.55493e-05
48985 58107 57667 -0.00898234
50813 59369 59749 0.0074784
51761 59972 60625 0.0126157
50415 60615 60449 -0.00329267
49871 59220 59251 0.000621604
50199 60063 59997 -0.00131477
50330 59096 60159 0.0211206
51613 61136 61082 -0.00104625
50765 58394 58573 0.00352605
47302 57816 57886 0.00147985
50231 58950 58863 -0.001732
49529 58365 58583 0.00440146
48058 57774 58063 0.00601357
50948 58662 58692 0.000588836
51532 61329 61248 -0.00157184
50184 57549 57589 0.000797067
50106 62004 61939 -0.00129725
49046 59392 59412 0.00040778
51559 59279 59308 0.000562462
50431 57782 57734 -0.000951796
49764 58957 58607 -0.0070332
48240 58843 58729 -0.00236318
52719 62821 62856 0.000663897
50907 58793 58961 0.00330014
48618 57264 57433 0.00347608
49630 58723 58162 -0.0113036
50849 61159 61028 -0.00257626
47462 58193 57916 -0.00583625
48861 57309 57548 0.00489143
49719 59532 59502 -0.000603391
50537 58299 58259 -0.000791499
52657 59626 59745 0.00225991
46760 57016 56630 -0.00825492
49828 58935 58741 -0.00389339
50361 58139 57952 -0.00371319
50047 58381 58359 -0.000439587
47832 59604 59497 -0.002237
49514 59185 59094 -0.00183786
50890 60185 60162 -0.000451955
50388 59962 59955 -0.000138922
48608 58863 58824 -0.000802337
50649 59727 59589 -0.00272463
50295 58790 58758 -0.000636246
49618 58712 58661 -0.00102785
50913 59029 58884 -0.002848
49664 59416 59402 -0.000281894
50564 58976 58793 -0.00361918
49033 59155 58799 -0.00726042
52327 59474 59252 -0.00424255
50094 58223 58281 0.00115782
50158 58636 58589 -0.000937039
49847 60328 60353 0.000501535
51495 59812 60218 0.00788426
51205 58400 57741 -0.0128698
51167 59529 59564 0.000684035
49732 58610 58686 0.00152819
48298 57493 57279 -0.00443083
48676 58202 58329 0.00260909
49408 59498 59433 -0.00131558
50885 58949 58100 -0.0166847
50363 59096 59634 0.0106824
51801 59306 59429 0.00237447
50363 59348 59451 0.00204515
50519 59474 59628 0.00304836
51942 59309 59920 0.0117631
48096 59172 59383 0.00438706
50403 61056 60852 -0.00404738
50025 59852 59184 -0.0133533
49450 59473 59324 -0.00301314
50649 58472 58367 -0.00207309
49037 58568 58350 -0.00444562
50004 60233 60288 0.00109991
49018 58152 58172 0.000408013
49429 59667 59376 -0.00588723
48600 59193 59245 0.00106996
50651 58969 59059 0.00177687
49923 59606 59701 0.00190293
49997 59289 59411 0.00244015
51023 58926 58549 -0.00738882
51392 62320 62317 -5.83748e-05
50086 60215 59323 -0.0178094
51122 58487 58602 0.00224952
50730 60649 60463 -0.00366647
50382 58417 58405 -0.00023818
50425 59761 59854 0.00184432
49691 59786 59784 -4.02487e-05
52059 61093 61439 0.00664631
51957 59066 59272 0.00396482
52795 61513 61679 0.00314424
51709 60922 60517 -0.00783229
51643 59606 59762 0.00302074
48666 57655 57881 0.0046439
50877 59461 59645 0.00361657
49119 59850 59786 -0.00130296
49315 59038 58790 -0.0050289
50514 58809 58748 -0.00120759
52162 60155 60189 0.000651815
50467 59148 59158 0.000198149
49599 59679 59962 0.00570576
47792 58107 58113 0.000125544
50524 57954 58148 0.00383976
48856 58720 58680 -0.000818733
52790 59684 59419 -0.00501989
50678 59721 59533 -0.0037097
51124 59882 59616 -0.00520304
52249 60308 60432 0.00237325
50920 61546 61610 0.00125687
50646 60615 60725 0.00217194
52079 59278 59543 0.00508842
49706 57515 57382 -0.00267573
50020 59664 59814 0.0029988
49904 59355 59229 -0.00252485
51853 60424 60312 -0.00215995
51022 59490 59732 0.00474305
50276 57847 58023 0.00350068
52162 60106 59919 -0.00358499
51823 60133 59707 -0.00822029
50361 59292 59021 -0.00538115
50286 60647 60532 -0.00228692
50803 59771 59621 -0.00295258
51373 59027 58977 -0.000973274
50259 60262 59943 -0.00634712
48120 58300 57769 -0.0110349
51886 60266 60255 -0.000212003
50061 60822 60229 -0.0118455
50730 59046 59164 0.00232604
50470 61037 60826 -0.0041807
52920 61089 60819 -0.00510204
51498 59115 59428 0.00607791
49852 59304 59433 0.00258766
50804 58782 59034 0.00496024
49768 58251 58249 -4.01865e-05
51748 59220 59391 0.00330448
50174 58721 58825 0.00207279
51247 58989 59104 0.00224403
49398 59722 59809 0.0017612
47673 59115 59080 -0.000734168
49673 58955 59124 0.00340225
51572 60129 59824 -0.00591406
48410 58042 58216 0.0035943
51977 60455 59926 -0.0101776
50007 58372 58323 -0.000979863
49245 57895 57870 -0.000507666
52883 60888 61052 0.00310119
50506 59062 59246 0.00364313
48795 59149 58488 -0.0135465
50147 59681 59615 -0.00131613
49562 59956 59837 -0.00240103
52204 60319 59919 -0.00766225
49958 60325 59859 -0.00932784
52061 60805 60677 -0.00245865
50531 58298 58358 0.00118739
51474 59473 59012 -0.00895598
49857 58652 58663 0.000220631
51369 60801 61183 0.00743639
53319 60899 61152 0.00474503
48864 57512 57606 0.00192371
50202 58141 58084 -0.00113541
51522 60526 60973 0.00867591
51414 60193 60141 -0.0010114
48465 58531 58638 0.00220778
49422 59465 59429 -0.000728421
51648 60564 60521 -0.000832559
52877 60472 60440 -0.000605178
51354 59987 60177 0.00369981
51719 59416 59371 -0.000870086
49711 58531 58372 -0.00319849
49429 58564 58602 0.000768779
49142 57879 58236 0.00726466
50218 60083 59923 -0.00318611
50908 57356 58018 0.0130039
50747 59187 59506 0.00628609
49669 59063 59122 0.00118786
50120 59035 59348 0.00624501
49040 59845 60078 0.00475122
49418 58158 57814 -0.00696103
50569 58662 58646 -0.000316399
49319 59006 58524 -0.00977311
49063 57773 57892 0.00242545
51737 60034 60254 0.00425228
47913 57359 57574 0.0044873
52286 59754 59888 0.00256283
51415 61006 60790 -0.00420111
49137 60851 60844 -0.000142459
49573 58923 59027 0.00209792
50092 59271 58847 -0.00846443
51062 59216 58820 -0.00775528
49783 59064 59129 0.00130567
48417 58009 58195 0.00384163
48995 58268 58515 0.00504133
49861 60176 59693 -0.00968693
49629 58664 58748 0.00169256
52026 59372 59184 -0.00361358
48114 57758 57674 -0.00174585
49868 58674 58646 -0.000561482
49605 58647 58591 -0.00112892
50988 60003 60249 0.00482466
49952 58646 58684 0.00076073
51124 61126 61064 -0.00121274
49935 58868 58428 -0.00881145
49000 58724 58609 -0.00234694
50401 60675 60525 -0.00297613
51706 60289 60710 0.00814219
49109 59647 59556 -0.00185302
51733 60227 60161 -0.00127578
50236 57678 57567 -0.00220957
50942 59371 59321 -0.000981508
49209 59867 59486 -0.00774249
51364 58446 58648 0.00393272
52056 61052 60767 -0.00547487
48826 58744 59066 0.00659485
48944 57749 58003 0.0051896
48363 57077 57304 0.00469367
48499 59346 59637 0.00600012
48869 59270 58850 -0.00859441
50481 60891 60734 -0.00311008
49182 58400 58574 0.00353788
49980 58594 58281 -0.00626251
47437 57939 58084 0.00305669
50226 57334 57045 -0.00575399
49062 58833 58272 -0.0114345
50123 58691 59370 0.0135467
48412 58571 58702 0.00270594
50221 58013 57904 -0.00217041
51553 59235 59636 0.0077784
50587 58658 58486 -0.00340008
51361 59163 59406 0.00473122
49623 58639 58565 -0.00149124
51259 58621 58522 -0.00193137
49461 57852 58034 0.00367967
50147 59388 59392 7.97655e-05
48270 58712 58612 -0.00207168
47750 57261 56997 -0.0055288
51319 60023 59995 -0.000545607
48648 59042 58876 -0.00341227
51199 60239 60539 0.00585949
50595 59270 59575 0.00602826
51019 60258 60602 0.00674259
50797 59034 58910 -0.00244109
46337 58138 58260 0.00263289
50951 60350 60198 -0.00298326
49863 58713 58874 0.00322885
49781 57879 58000 0.00243065
50613 62537 62924 0.00764626
49084 59208 58760 -0.00912721
49868 60200 60181 -0.000381006
51386 60570 60512 -0.00112871
49973 58671 58796 0.00250135
50120 58294 58356 0.00123703
48406 58717 58871 0.00318142
50146 58919 59099 0.00358952
51290 60387 60387 0
49524 57974 57854 -0.00242307
51329 59755 59897 0.00276647
49979 60801 60741 -0.0012005
51689 60001 60140 0.00268916
49615 57919 58079 0.00322483
50030 58421 58172 -0.00497701
50404 59016 59395 0.00751924
48329 58752 58931 0.00370378
50334 59262 59554 0.00580125
48697 57231 57566 0.00687927
50464 60133 60358 0.00445862
50653 58987 59241 0.00501451
50076 58794 59239 0.00888649
50762 59231 59147 -0.00165478
47413 60621 60829 0.00438698
47746 59432 59431 -2.09442e-05
50493 60940 60658 -0.00558493
48981 58897 59095 0.00404238
49421 60764 60731 -0.000667732
51281 59783 59847 0.00124803
48815 57711 57690 -0.000430196
51740 60167 60183 0.000309239
50244 58571 59105 0.0106281
46783 57510 57396 -0.00243678
52760 59146 59200 0.0010235
49616 57877 57485 -0.00790068
49016 59176 59355 0.00365187
48685 58066 58397 0.00679881
50138 59713 60192 0.00955363
49406 58049 58219 0.00344088
50039 59588 59805 0.00433662
50405 58864 58762 -0.00202361
50456 59796 59229 -0.0112375
50483 58344 58086 -0.00511063
50939 58995 59204 0.00410295
50386 59486 59409 -0.0015282
49764 60247 60200 -0.000944458
50635 59686 59751 0.0012837
48409 57609 58179 0.0117747
49860 58872 58524 -0.00697954
49750 58729 58828 0.00198995
49764 59913 59729 -0.00369745
48581 59286 59093 -0.00397275
51316 58973 59012 0.000759997
50055 58624 58512 -0.00223754
50420 58540 58511 -0.000575169
52584 59445 59050 -0.00751179
48546 57941 57857 -0.00173032
50142 58389 58229 -0.00319094
50798 58825 58752 -0.00143706
48007 57657 56708 -0.019768
50541 60225 60196 -0.000573792
49005 59053 59194 0.00287726
48939 59826 59846 0.000408672
51544 60589 60585 -7.76036e-05
50040 60746 60928 0.00363709
49967 59607 59248 -0.00718474
50285 59843 59764 -0.00157105
49639 60798 61112 0.00632567
50505 59527 59697 0.003366
49915 58619 58506 -0.00226385
49365 59509 59414 -0.00192444
50614 60139 59985 -0.00304264
47757 57877 57821 -0.0011726
49764 58629 58834 0.00411944
49332 59303 59278 -0.00050677
50531 59674 59526 -0.0029289
50759 59564 59561 -5.91028e-05
50345 59766 59996 0.00456848
50154 60018 59590 -0.00853372
50779 58198 58101 -0.00191024
49679 59339 59145 -0.00390507
51337 59666 59667 1.94791e-05
51315 60585 60312 -0.00532008
48475 55959 55955 -8.25168e-05
51426 61121 61274 0.00297515
50056 60492 60729 0.0047347
48990 61090 61061 -0.000591958
48745 58268 58504 0.00484152
47673 57987 58096 0.00228641
53044 62152 62053 -0.00186638
48429 57986 57969 -0.000351029
47417 57352 57361 0.000189805
52123 60639 60512 -0.00243654
49435 59148 59481 0.00673612
50057 59445 59728 0.00565355
52238 60712 60543 -0.00323519
51395 60592 60319 -0.0053118
50161 58943 58510 -0.0086322
49033 57881 57778 -0.00210063
48775 59718 59769 0.00104562
49057 59595 59642 0.000958069
49870 60054 59876 -0.00356928
49605 58664 58675 0.000221752
48134 59259 59203 -0.00116342
51252 60544 60640 0.0018731
50409 59271 59403 0.00261858
50092 58677 58462 -0.0042921
51155 61675 61440 -0.00459388
50906 61071 60961 -0.00216085
48939 59733 59392 -0.00696786
48560 59232 59063 -0.00348023
51171 60415 60541 0.00246233
50848 59106 59240 0.00263531
49900 58991 59205 0.00428858
50717 59399 59405 0.000118304
48473 56912 56908 -8.25202e-05
49745 58199 58244 0.000904614
51616 59470 59094 -0.00728456
50167 59413 58504 -0.0181195
52292 60692 60878 0.00355695
50572 59913 59753 -0.00316381
50013 59694 59704 0.000199948
49429 59429 59187 -0.00489591
51114 59311 59478 0.00326721
51715 60649 60779 0.00251378
51431 58586 59173 0.0114133
52672 59941 60014 0.00138594
49079 59416 59433 0.00034638
51652 60947 60825 -0.00236196
49496 59076 59461 0.00777841
49241 59277 59056 -0.00448813
50628 60428 60075 -0.00697243
50753 60926 60757 -0.00332985
50219 60075 60043 -0.000637209
51125 59446 59271 -0.00342298
48329 59045 59007 -0.000786277
49623 58071 58241 0.00342583
52309 60900 61062 0.00309698
50151 59329 59380 0.00101693
49213 60455 60167 -0.00585211
50525 59469 59403 -0.00130628
49144 59137 59179 0.000854631
51085 59401 59504 0.00201625
50340 58220 58116 -0.00206595
50772 60075 59962 -0.00222564
50526 58116 58194 0.00154376
48294 58347 58201 -0.00302315
49744 59631 59287 -0.00691541
50046 57977 58289 0.00623426
50982 59348 59659 0.00610019
49306 58509 58505 -8.1126e-05
50639 59886 59935 0.000967634
51043 58887 58859 -0.000548557
48853 58988 58919 -0.0014124
50760 58053 57975 -0.00153664
49422 58570 58433 -0.00277204
51034 59357 59782 0.00832778
50093 57598 57589 -0.000179666
49442 58571 58416 -0.00313499
51377 60472 60450 -0.000428207
50115 58878 59341 0.00923875
47771 59440 59759 0.00667769
50746 60238 59860 -0.00744886
49470 59714 59780 0.00133414
50240 58736 58751 0.000298567
52405 60963 60433 -0.0101135
50525 59170 59538 0.00728352
49176 59103 59103 0
49449 60172 60301 0.00260875
51206 60447 60845 0.00777253
50690 60104 60104 0
50810 59155 59363 0.00409368
48680 59223 59158 -0.00133525
49877 58910 58714 -0.00392967
51389 59719 59509 -0.00408648
49761 59705 59459 -0.00494363
51165 60182 60447 0.00517932
48999 58329 58344 0.000306129
49304 59623 59841 0.00442155
48601 60226 60048 -0.00366248
50063 60388 60384 -7.98993e-05
49663 59139 59095 -0.000885971
51268 60339 60190 -0.0029063
50476 59697 60011 0.00622078
46126 56935 57008 0.00158262
48357 59772 59367 -0.00837521
49625 58105 57983 -0.00245844
51346 59673 59588 -0.00165544
49745 58331 58002 -0.00661373
