17922 22125 22155 0.00167392
17893 21549 21599 0.00279439
18095 21834 21900 0.00364742
18170 22729 22779 0.00275179
17821 21734 21937 0.0113911
17211 22177 22118 -0.00342804
18583 22253 22326 0.00392832
18757 22335 22247 -0.00469158
17938 21840 21763 -0.00429256
18621 21495 21527 0.00171849
18639 22294 22238 -0.00300445
18251 21728 21863 0.00739685
18163 21329 21361 0.00176182
19676 22385 22507 0.00620045
17900 21938 21732 -0.0115084
17598 21343 21416 0.0041482
18313 22078 22081 0.000163818
17792 22014 22012 -0.00011241
17806 21861 21895 0.00190947
17817 21765 21803 0.00213279
18875 22341 22561 0.0116556
18664 21694 21444 -0.0133948
17486 21424 21493 0.00394601
18307 21570 21820 0.013656
18581 22071 21917 -0.00828804
18235 21709 21663 -0.00252262
18608 22098 22180 0.00440671
18978 22587 22655 0.0035831
17235 21259 21502 0.0140992
18149 21679 21903 0.0123423
17777 22226 22074 -0.00855037
17702 21763 21930 0.00943396
18281 22229 22208 -0.00114873
17955 21737 21759 0.00122529
18291 21641 21611 -0.00164015
18088 21810 21818 0.000442282
18629 22005 22084 0.0042407
18627 22618 22772 0.00826757
18512 22013 22173 0.00864304
17692 22040 22134 0.00531314
18528 22389 22361 -0.00151123
17359 21947 21996 0.00282274
18918 22213 22215 0.000105719
18153 22077 22290 0.0117336
16921 21527 21446 -0.00478695
19749 22890 22859 -0.0015697
18607 22161 22204 0.00231096
18457 22121 22116 -0.0002709
18496 21865 21709 -0.00843426
18059 21553 21673 0.00664489
17695 21327 21144 -0.0103419
17978 22156 22166 0.000556235
17268 21400 21567 0.00967107
17821 21958 21874 -0.00471354
18248 22074 21945 -0.00706927
17803 21965 22013 0.00269617
17862 21947 21891 -0.00313515
18195 22470 22465 -0.000274801
19077 22298 22034 -0.0138387
17587 21276 21324 0.00272929
18072 21890 21864 -0.00143869
18224 22024 21780 -0.0133889
18225 22896 22886 -0.000548697
19380 22955 22609 -0.0178535
17150 20690 20821 0.00763848
16933 21353 21190 -0.00962617
18882 21696 21753 0.00301875
17860 22182 22211 0.00162374
17569 21389 21539 0.00853777
17096 21988 21955 -0.00193028
17610 21508 21467 -0.00232822
17645 21672 21674 0.000113347
17829 22830 22863 0.00185092
18304 22066 22080 0.00076486
17761 21726 21704 -0.00123867
17071 20953 20990 0.00216742
18058 21846 21846 0
18495 21621 21726 0.00567721
18242 22293 22291 -0.000109637
18140 22365 22273 -0.00507166
16872 20699 20735 0.00213371
17808 21894 21865 -0.00162848
17972 21548 21620 0.00400623
17192 21250 21366 0.00674732
17299 21421 21445 0.00138736
17821 22200 22235 0.00196398
18435 21660 21592 -0.00368864
18271 22667 22680 0.00071151
19223 22746 22741 -0.000260105
18144 22163 22470 0.0169202
18995 22506 22571 0.00342195
18527 22193 22088 -0.0056674
18207 22152 22219 0.0036799
18395 21788 21763 -0.00135906
17316 22265 22238 -0.00155925
17595 21697 21591 -0.00602444
18417 21871 21864 -0.000380084
17916 22215 22199 -0.000893056
17974 22079 21750 -0.0183042
16763 21483 21502 0.00113345
17871 22147 22142 -0.000279783
17954 22423 22365 -0.00323048
18474 22225 22263 0.00205694
17812 21557 21483 -0.0041545
18443 22078 22058 -0.00108442
18704 22495 22739 0.0130453
18332 21495 21499 0.000218198
17614 21645 21600 -0.00255479
17699 21451 21407 -0.00248602
18668 22519 22454 -0.00348189
18210 22056 22119 0.00345964
18739 21754 21664 -0.00480282
17956 22015 22042 0.00150368
17496 21612 21501 -0.00634431
17751 20866 20996 0.00732353
17967 21526 21484 -0.00233762
17738 21418 21475 0.00321344
18461 22214 22344 0.00704187
17917 22526 22264 -0.014623
17878 21725 21674 -0.00285267
18197 22136 22228 0.00505578
18307 21810 21864 0.00294969
18522 22048 22111 0.00340136
17411 21276 21465 0.0108552
18276 21960 22029 0.00377544
17198 21667 21562 -0.00610536
17318 21136 21145 0.00051969
18618 22119 22144 0.00134279
17640 22054 21841 -0.0120748
18644 22342 22245 -0.00520275
18971 22311 22235 -0.00400611
18527 22498 22564 0.00356237
17623 21785 21865 0.00453952
18098 22101 22268 0.00922754
18552 22624 22636 0.000646831
17095 22285 22263 -0.00128693
18123 22314 22229 -0.00469017
18722 22821 22612 -0.0111633
17607 21642 21704 0.00352133
18206 22000 22051 0.00280127
17448 21643 21463 -0.0103164
18430 22195 22070 -0.00678242
16983 20716 20934 0.0128364
18327 21965 21787 -0.00971245
17624 21531 21594 0.00357467
17912 22208 22153 -0.00307057
18643 21956 21903 -0.00284289
17567 21658 21698 0.002277
19965 22778 22798 0.00100175
17611 21649 21775 0.00715462
18809 22082 22383 0.016003
17761 21403 21342 -0.00343449
18481 21487 21594 0.00578973
17734 21539 21661 0.00687944
18523 21798 21921 0.00664039
18949 22096 21996 -0.00527732
17703 21394 21400 0.000338926
18207 21824 21780 -0.00241665
18840 22045 22209 0.00870488
18124 21679 21559 -0.00662105
18841 22142 22172 0.00159227
18470 22399 22544 0.00785057
18031 21676 21753 0.00427042
18974 22285 22291 0.000316222
16986 21491 21592 0.00594607
18201 21695 21751 0.00307675
17032 22096 22108 0.000704556
17772 22175 22092 -0.00467027
18048 21949 21941 -0.000443262
18850 22123 22136 0.000689655
16980 21750 21697 -0.00312132
17795 22213 22237 0.00134869
18303 21917 21917 0
17822 21692 21661 -0.00173942
18488 22489 22487 -0.000108178
17588 22434 22360 -0.00420741
18793 22538 22599 0.00324589
18077 21909 21839 -0.00387232
18434 22123 22167 0.00238689
18610 21961 22231 0.0145083
18750 22469 22553 0.00448
18203 21770 21720 -0.0027468
17753 21918 22017 0.00557652
17946 21922 21730 -0.0106988
19126 22311 22070 -0.0126006
18537 22533 22683 0.00809192
17725 21428 21450 0.00124118
16958 21177 21074 -0.00607383
18112 22066 22053 -0.000717756
18241 22366 22230 -0.00745573
18044 21385 21372 -0.000720461
17967 22430 22362 -0.00378472
18625 21831 21956 0.00671141
18459 22539 22537 -0.000108348
17652 22182 22252 0.00396556
17820 21464 21451 -0.000729517
18173 22186 22186 0
17309 21473 21455 -0.00103992
17635 21522 21539 0.000963992
16966 21814 21779 -0.00206295
19564 23491 23525 0.00173789
18438 21922 22124 0.0109556
18822 21789 21715 -0.00393157
17630 22613 22602 -0.000623936
18997 22279 22282 0.00015792
17290 21166 21266 0.00578369
17986 22097 22054 -0.00239075
18126 22150 22033 -0.00645482
17847 21857 21802 -0.00308175
18321 21936 21898 -0.00207412
17903 20918 21136 0.0121767
18266 22615 22705 0.00492719
17717 21995 22018 0.00129819
18236 22137 22257 0.00658039
17548 22009 21971 -0.00216549
17898 21927 21791 -0.00759861
18380 21687 21605 -0.00446137
17696 22102 22144 0.00237342
18064 21660 21759 0.00548051
18178 21940 21743 -0.0108373
17968 22479 22391 -0.0048976
17399 21338 21242 -0.00551756
18823 22437 22433 -0.000212506
17525 21470 21510 0.00228245
18885 22627 22692 0.00344189
18530 21967 22210 0.0131139
18614 22077 22108 0.00166541
17570 21331 21454 0.00700057
17887 21844 21969 0.00698832
18754 21900 21915 0.000799829
18562 22601 22493 -0.00581834
18101 21776 21745 -0.00171261
18318 22440 22490 0.00272956
17781 21408 21611 0.0114167
18140 21688 21524 -0.00904079
17315 21049 21091 0.00242564
17889 21647 21544 -0.00575773
17834 21563 21619 0.00314007
18020 22076 22075 -5.54939e-05
18471 21812 21767 -0.00243625
18271 21709 21825 0.00634886
17652 21926 21952 0.00147292
17594 21208 21257 0.00278504
17959 21832 21773 -0.00328526
19622 22521 22495 -0.00132504
19166 23361 23435 0.003861
18429 21394 21464 0.00379836
16939 21459 21462 0.000177106
17207 21722 21849 0.00738072
18007 21710 21778 0.00377631
17804 21204 21325 0.00679623
18190 21681 21516 -0.00907092
17691 21977 22014 0.00209146
17242 21147 21195 0.0027839
17854 21539 21349 -0.0106419
18125 21626 21687 0.00336552
18827 22007 21981 -0.001381
17838 21685 21684 -5.60601e-05
18477 22180 22223 0.00232722
17687 21677 21769 0.00520156
18146 21320 21446 0.00694368
17516 21763 21702 -0.00348253
17861 22315 22360 0.00251946
18180 21777 21507 -0.0148515
18596 22186 22069 -0.00629168
17287 21527 21543 0.000925551
17746 21415 21417 0.000112701
17972 22382 22356 -0.00144669
17631 22258 22286 0.00158811
18408 21085 21163 0.00423729
18164 22150 22189 0.0021471
17360 20786 20887 0.00581797
18000 21471 21421 -0.00277778
18285 22484 22384 -0.00546896
18926 22797 22883 0.00454401
18446 22111 22050 -0.00330695
17932 22556 22571 0.000836493
17378 20745 20854 0.0062723
17931 22154 22219 0.00362501
17691 21951 21921 -0.00169578
18374 22040 21963 -0.0041907
17429 20915 20843 -0.00413105
17220 21194 21205 0.000638792
17825 22366 22343 -0.00129032
17788 21244 21375 0.00736452
17909 21666 21833 0.00932492
17092 21022 20983 -0.00228177
19077 22835 22615 -0.0115322
18508 22195 22125 -0.00378215
17749 21879 21930 0.0028734
18344 22083 21948 -0.00735935
17587 21845 21971 0.00716438
18269 21788 21922 0.00733483
18312 21757 21755 -0.000109218
18390 22238 22229 -0.000489396
18969 21235 21449 0.0112816
19470 22691 22756 0.00333847
18214 22313 22150 -0.00894916
18495 22499 22539 0.00216275
18704 22008 21930 -0.00417023
17803 21330 21293 -0.0020783
18445 22115 22066 -0.00265655
17360 21829 21752 -0.00443548
18244 22271 22171 -0.00548125
17621 21178 21266 0.00499404
17824 21575 21605 0.00168312
18654 21927 21838 -0.00477109
17583 21854 21652 -0.0114884
18663 21686 21748 0.00332208
18124 21652 21595 -0.003145
18261 22027 21918 -0.005969
17211 21408 21408 0
17691 21234 21273 0.00220451
17423 22019 22012 -0.000401768
17984 21830 21811 -0.00105649
19217 22800 22770 -0.00156112
17849 22566 22532 -0.00190487
17904 21175 21463 0.0160858
17620 21030 21033 0.000170261
16706 20706 20878 0.0102957
17529 21160 21311 0.0086143
17695 20804 20899 0.00536875
17824 22052 22041 -0.000617145
17575 22375 22033 -0.0194595
18781 22064 22095 0.0016506
17547 22055 22056 5.69898e-05
18332 21926 22029 0.00561859
18257 21529 21584 0.00301254
17644 21739 21546 -0.0109386
19097 22151 22098 -0.00277531
17302 21497 21360 -0.00791816
18026 21371 21392 0.00116498
17185 22003 21964 -0.00226942
17755 22109 22224 0.00647705
17038 21393 21453 0.00352154
17238 22016 22113 0.0056271
18157 21913 21858 -0.00302913
18868 22669 22655 -0.000741997
17174 21587 21566 -0.00122278
18068 21897 22109 0.0117335
18058 21483 21584 0.00559309
17988 21982 21829 -0.00850567
17776 21953 21884 -0.00388164
18694 21972 22033 0.00326308
17871 21691 21820 0.0072184
18448 22103 22087 -0.000867303
17414 22010 22032 0.00126335
18027 22027 22014 -0.000721141
17399 21577 21671 0.00540261
17458 21344 21328 -0.000916485
18597 22983 22978 -0.000268861
18224 21790 21839 0.00268876
17646 21647 21685 0.00215346
18080 21581 21557 -0.00132743
17512 21721 21714 -0.000399726
17275 21525 21619 0.00544139
17554 21355 21340 -0.000854506
18349 22182 22123 -0.00321543
17176 21544 21419 -0.0072776
18307 21867 21815 -0.00284044
18120 21707 21658 -0.00270419
18073 22462 22513 0.00282189
18497 22188 22260 0.00389252
19138 22234 22283 0.00256035
19262 22810 22874 0.0033226
18164 22078 22136 0.00319313
17675 21510 21279 -0.0130693
18808 22336 22319 -0.000903871
17737 21957 21814 -0.00806224
18119 22170 22001 -0.00932723
19379 22614 22557 -0.00294133
18267 21594 21580 -0.000766409
18388 21753 21849 0.0052208
18639 22860 22840 -0.00107302
18108 22592 22535 -0.00314778
18499 22016 22070 0.00291908
18306 21626 21686 0.00327761
18466 21830 21885 0.00297845
17440 22024 21759 -0.015195
18677 22211 22424 0.0114044
17824 21456 21463 0.000392729
17635 21720 21873 0.00867593
18017 21510 21637 0.0070489
18856 22493 22377 -0.00615189
17738 21428 21383 -0.00253693
17181 21649 21722 0.00424888
17636 22203 22170 -0.00187117
18075 21922 21882 -0.002213
18199 22136 22007 -0.0070883
18732 22370 22367 -0.000160154
17713 21886 21781 -0.00592785
18895 22445 22451 0.000317544
18176 21430 21482 0.00286092
18540 22210 22228 0.000970874
17972 21640 21625 -0.000834632
17947 22203 22262 0.00328746
17954 21839 21892 0.00295199
17142 21720 21791 0.00414187
17717 21658 21631 -0.00152396
18006 21561 21659 0.00544263
17866 21836 21873 0.00207097
17772 21537 21563 0.00146298
18118 21524 21571 0.00259411
16842 21014 21091 0.0045719
17545 21506 21460 -0.00262183
17624 21377 21269 -0.00612801
18099 21952 21900 -0.00287309
17309 21534 21471 -0.00363972
19561 22682 22768 0.0043965
18239 21426 21295 -0.00718241
17653 21945 21802 -0.00810061
18284 21836 21865 0.00158609
18360 21969 21864 -0.00571895
17841 22542 22609 0.00375539
18157 21678 21641 -0.00203778
18405 21748 21914 0.00901929
17971 22428 22351 -0.00428468
17870 21109 21057 -0.0029099
18237 22028 21865 -0.00893787
17247 21591 21706 0.00666783
18315 22064 22209 0.00791701
18247 21769 21996 0.0124404
18419 22197 22176 -0.00114013
18470 22167 22136 -0.0016784
18288 21798 21820 0.00120297
18657 22065 22047 -0.000964785
17974 22434 22577 0.00795594
18629 22148 22203 0.00295239
17886 21899 21928 0.00162138
18811 22651 22652 5.31604e-05
18294 22209 22126 -0.00453701
19691 22815 22574 -0.0122391
17891 22344 22421 0.00430384
17526 21363 21383 0.00114116
17517 20805 20830 0.00142719
18165 21669 21608 -0.00335811
17506 21528 21496 -0.00182794
17724 21943 21972 0.0016362
17204 21945 21963 0.00104627
18224 22077 22061 -0.000877963
17766 21637 21688 0.00287065
17355 21762 21677 -0.00489772
17584 21582 21491 -0.00517516
18015 22189 22078 -0.00616153
17780 21838 21808 -0.00168729
18158 21672 21690 0.000991299
17681 22220 21913 -0.0173633
18570 21804 21773 -0.00166936
18486 22052 21974 -0.00421941
19193 22095 22274 0.00932632
17790 22348 22179 -0.00949972
18394 21778 21841 0.00342503
17734 21858 21679 -0.0100936
18005 21818 21835 0.000944182
18166 22021 21831 -0.0104591
18955 22796 22721 -0.00395674
20067 22412 22423 0.000548164
17049 21888 21909 0.00123174
18623 22184 22110 -0.00397358
18570 21996 22064 0.00366182
18053 21637 21669 0.00177256
17440 21685 21775 0.00516055
19012 22391 22260 -0.00689039
18104 21703 21744 0.00226469
18373 22037 22130 0.00506178
18586 22366 22494 0.0068869
19365 22969 22882 -0.00449264
18170 21462 21590 0.00704458
18433 22037 22016 -0.00113926
17745 22047 22013 -0.00191603
18892 22172 22208 0.00190557
18826 21477 21533 0.00297461
17104 21331 21152 -0.0104654
17369 22491 22434 -0.00328171
17032 20924 20878 -0.0027008
18758 21777 21884 0.00570423
18046 21627 21633 0.000332484
18472 21719 21488 -0.0125054
18490 22233 22103 -0.00703083
16984 21741 21763 0.00129534
18216 22366 22234 -0.00724638
17867 21234 21477 0.0136005
18319 22320 22222 -0.00534964
18013 21507 21647 0.00777216
17846 21732 21793 0.00341813
18863 22030 22061 0.00164343
18780 22048 22125 0.00410011
17811 21947 21963 0.000898321
17713 21466 21236 -0.0129848
18149 22221 22110 -0.00611604
18569 22062 21983 -0.0042544
17657 22298 22263 -0.00198222
17877 21712 21667 -0.0025172
18374 22082 22050 -0.00174159
18245 21413 21414 5.48095e-05
18289 21729 21740 0.000601454
18441 22464 22417 -0.00254867
18061 22050 22227 0.00980012
18195 22051 21943 -0.0059357
17238 21676 21740 0.00371273
17504 21373 21489 0.00662706
18870 22430 22412 -0.000953895
18271 22150 22150 0
17489 20845 21070 0.0128652
17744 21434 21375 -0.00332507
17713 21393 21434 0.00231468
18500 22734 22748 0.000756757
17911 22012 21998 -0.000781643
18533 22974 22927 -0.00253602
17918 22121 21997 -0.00692042
17030 21223 21159 -0.00375807
19288 21885 22009 0.00642887
18598 22140 22268 0.00688246
19056 22165 22349 0.00965575
18717 22248 22321 0.0039002
18475 22122 22149 0.00146143
18328 22187 22187 0
18376 22263 22295 0.0017414
18311 21724 21689 -0.00191142
18832 22082 22071 -0.000584112
18560 21383 21379 -0.000215517
17822 21293 21364 0.00398384
17292 21196 21179 -0.000983114
17792 21861 21818 -0.00241682
17916 21348 21175 -0.00965617
18251 21476 21488 0.000657498
18240 21385 21508 0.00674342
18302 21862 21979 0.00639274
18404 21216 21390 0.00945447
18207 22219 22300 0.00444884
17558 21787 21881 0.00535368
18020 21959 21940 -0.00105438
18191 22403 22319 -0.00461767
17200 20978 20946 -0.00186047
17635 21677 21743 0.00374256
18335 22181 22269 0.00479956
18677 22317 22344 0.00144563
18284 22029 22021 -0.000437541
17324 20576 20718 0.00819672
18297 22142 22215 0.00398973
17943 22162 22141 -0.00117037
17266 21051 21002 -0.00283795
18024 21324 21325 5.54816e-05
17967 21773 21707 -0.0036734
18019 22041 21919 -0.00677063
17595 21710 21473 -0.0134697
18879 22051 22039 -0.000635627
18372 22384 22212 -0.00936207
18464 22575 22543 -0.0017331
18932 22106 22171 0.00343334
18031 22016 22048 0.00177472
18519 22304 22336 0.00172796
17992 21509 21450 -0.00327924
18461 22010 21714 -0.0160338
17892 21854 21858 0.000223564
18011 22077 22039 -0.00210982
19069 22135 22247 0.00587341
18404 21616 21309 -0.0166812
18273 21370 21375 0.000273628
17349 21430 21567 0.00789671
17372 21252 21296 0.00253281
17220 21833 21825 -0.000464576
18365 22191 22289 0.00533624
18202 21933 21875 -0.00318646
18156 22354 22365 0.00060586
17305 21402 21218 -0.0106328
17386 21500 21429 -0.00408375
19097 21977 22000 0.00120438
17635 21871 21824 -0.00266515
18115 21946 21970 0.00132487
18839 22618 22640 0.00116779
18695 22655 22539 -0.00620487
17737 21693 21735 0.00236793
17908 22383 22388 0.000279205
18360 22058 22176 0.00642702
18519 22402 22279 -0.00664183
18583 21714 21810 0.00516601
17034 21195 21221 0.00152636
17749 21579 21521 -0.00326779
17407 21485 21431 -0.0031022
17268 21794 21844 0.00289553
17807 20955 21134 0.0100522
18632 22761 22726 -0.00187849
17967 21298 21353 0.00306117
17901 22601 22473 -0.00715044
17840 22296 22374 0.0043722
17936 21044 21107 0.00351249
18323 21641 21691 0.00272881
17745 21955 21997 0.00236686
17624 21548 21734 0.0105538
19247 22946 23188 0.0125734
17982 21515 21392 -0.00684017
17753 21124 21231 0.00602715
18089 21528 21567 0.00215601
18056 22197 22192 -0.000276916
17024 21389 21263 -0.00740132
17848 21401 21346 -0.00308158
18279 22125 22158 0.00180535
18145 21585 21600 0.000826674
19567 22569 22389 -0.00919916
16711 20807 20757 -0.00299204
17455 21901 21762 -0.00796333
18053 21640 21585 -0.00304659
18229 22048 21909 -0.00762521
16843 21843 21815 -0.00166241
18264 21797 21862 0.00355891
18467 22502 22465 -0.00200357
17715 21922 21946 0.00135478
17770 22111 22088 -0.00129432
18541 22133 21972 -0.00868346
18276 21740 21727 -0.000711315
17948 21614 21597 -0.000947181
18083 21669 21725 0.00309683
17857 21955 21977 0.00123201
17995 21413 21413 0
17322 21455 21272 -0.0105646
18498 21763 21707 -0.00302735
18260 21616 21603 -0.000711939
17948 21539 21568 0.00161578
17808 22353 22285 -0.00381851
18497 21948 21770 -0.00962318
19020 22009 21997 -0.000630915
18219 22150 22212 0.00340304
17815 21660 21495 -0.00926186
17472 21701 21653 -0.00274725
17637 21462 21458 -0.000226796
17907 22007 21968 -0.00217792
18147 21498 21512 0.000771477
18065 21937 21888 -0.00271243
18581 22155 22163 0.000430547
17790 21995 21952 -0.00241709
18372 22145 22068 -0.00419116
19278 22512 22433 -0.00409794
16601 21342 21554 0.0127703
18407 22815 22843 0.00152116
17719 21574 21472 -0.00575653
18067 21717 21757 0.00221398
17826 21381 21496 0.00645125
17788 21731 21758 0.00151788
18183 22302 22170 -0.00725953
18050 21711 21729 0.00099723
17765 22144 22141 -0.000168871
17223 21542 21620 0.00452883
18969 22311 22266 -0.00237229
18015 22023 21990 -0.00183181
18214 21891 21857 -0.0018667
18162 21646 21659 0.00071578
18587 22918 22987 0.00371227
18276 22922 22816 -0.00579996
18389 21771 21771 0
18878 22349 22204 -0.0076809
17961 21316 21292 -0.00133623
17968 21782 21782 0
18216 22204 22178 -0.00142732
17837 22070 21849 -0.01239
19268 22164 22226 0.00321777
19072 22831 22853 0.00115352
19091 22615 22147 -0.0245142
18930 22362 22477 0.00607501
17613 21535 21355 -0.0102197
18192 21752 21976 0.0123131
18130 22197 22074 -0.00678434
17698 21894 21772 -0.00689343
18282 21340 21558 0.0119243
18153 21992 21999 0.000385611
17999 21949 22030 0.00450025
17614 22191 22159 -0.00181674
17096 21516 21399 -0.00684371
18247 21691 21651 -0.00219214
17164 21493 21651 0.00920531
18920 21789 21747 -0.00221987
18350 22332 22378 0.00250681
18318 22225 22162 -0.00343924
18878 22154 22016 -0.0073101
18317 22408 22514 0.00578697
18526 22650 22651 5.39782e-05
19140 22043 22122 0.00412748
18103 21153 21195 0.00232006
18189 21998 21911 -0.00478311
18038 22023 22050 0.00149684
18650 21972 21770 -0.0108311
18519 21459 21608 0.00804579
18522 21537 21681 0.00777454
19083 22064 22105 0.00214851
18292 22098 21918 -0.00984037
18082 22153 22050 -0.00569627
18817 23089 22974 -0.00611149
17679 21915 21963 0.00271509
19025 22013 21961 -0.00273325
18271 22587 22554 -0.00180614
17656 21602 21488 -0.00645673
18689 22467 22469 0.000107015
18104 22543 22601 0.00320371
18549 21801 21976 0.00943447
18372 22588 22493 -0.00517091
19485 23141 23006 -0.00692841
18548 22178 22242 0.00345051
17244 21429 21673 0.0141498
18521 21809 21638 -0.00923276
18046 21342 21237 -0.00581846
18627 21913 21921 0.000429484
17831 21308 21564 0.014357
18459 21840 21696 -0.00780107
17738 22017 22241 0.0126283
17040 21872 21950 0.00457746
17763 21777 21745 -0.0018015
18212 22097 21947 -0.00823633
17391 21383 21093 -0.0166753
19041 21938 21895 -0.00225828
18190 21480 21520 0.00219901
17757 21885 21783 -0.00574421
18996 22566 22483 -0.00436934
18276 21378 21522 0.00787919
17658 21831 21694 -0.00775852
17518 21820 21923 0.00587967
17536 21581 21575 -0.000342153
18629 22089 21759 -0.0177143
17910 22289 22377 0.00491346
18539 22135 22373 0.0128378
18246 21734 21699 -0.00191823
18590 22302 22087 -0.0115654
17343 21359 21425 0.00380557
18347 22404 22429 0.00136262
18899 21982 22296 0.0166146
17671 21262 21140 -0.00690397
17947 21906 21948 0.00234022
18547 22153 22414 0.0140724
18234 22155 22138 -0.000932324
17619 21908 22112 0.0115784
18125 21887 21851 -0.00198621
19018 22757 22761 0.000210327
19302 22453 22441 -0.000621697
18604 22197 22229 0.00172006
18536 22053 22059 0.000323694
17890 21514 21431 -0.00463946
17373 21078 21339 0.0150233
17891 21590 21205 -0.0215192
18137 22573 22608 0.00192976
18110 21381 21265 -0.0064053
17943 21984 22000 0.000891713
17817 21345 21484 0.00780154
18059 21535 21664 0.00714325
17245 21605 21763 0.00916208
18262 21357 21516 0.0087066
17971 21676 21614 -0.00345
18082 22086 21976 -0.0060834
17824 21644 21488 -0.00875224
18984 22454 22493 0.00205436
17405 21193 21132 -0.00350474
18909 22186 22035 -0.00798562
18345 22241 22408 0.0091033
18167 22661 22484 -0.00974294
17651 22100 22024 -0.00430571
18114 22026 22013 -0.000717677
18475 21874 21826 -0.00259811
17854 21648 21808 0.00896158
16867 21452 21319 -0.00788522
17634 21666 21619 -0.00266531
18091 22368 22345 -0.00127135
17623 21445 21403 -0.00238325
18658 21808 21905 0.00519884
17415 21429 21464 0.00200976
18461 21932 21791 -0.00763772
17975 21423 21378 -0.00250348
18037 22088 22021 -0.00371459
17803 21709 21768 0.00331405
18087 22299 22197 -0.00563941
18049 21745 21676 -0.00382293
17626 21712 21678 -0.00192897
18015 22251 22237 -0.00077713
18309 22434 22253 -0.00988585
17290 22032 21990 -0.00242915
19294 22459 22484 0.00129574
17533 21002 20810 -0.0109508
18546 22026 22148 0.00657824
17467 22227 22072 -0.00887388
18445 21786 21648 -0.0074817
18578 22356 22457 0.00543654
17559 21744 21766 0.00125292
17671 21178 21296 0.00667761
17831 21010 21151 0.00790758
17401 21817 21913 0.00551692
17615 21509 21553 0.00249787
18163 22266 22082 -0.0101305
17377 21326 21112 -0.0123151
18023 21458 21536 0.0043278
17449 21305 21531 0.012952
18167 21353 21317 -0.00198162
17923 21645 21495 -0.00836913
18153 22191 22257 0.00363576
17741 21721 21571 -0.00845499
18654 22426 22446 0.00107216
18029 21898 22067 0.00937379
18195 21651 21552 -0.00544106
18434 21837 21855 0.000976457
18061 21814 21671 -0.00791761
18516 21816 21875 0.00318643
18028 21618 21583 -0.00194142
18315 21821 21871 0.00273
17377 21342 21409 0.00385567
17112 21170 21073 -0.00566854
18871 22215 22224 0.000476922
17803 22219 22177 -0.00235915
18979 22577 22605 0.00147531
17423 21409 21360 -0.00281237
18720 22479 22502 0.00122863
18232 21878 21890 0.000658183
16602 21355 21296 -0.00355379
18845 22426 22478 0.00275935
18043 21775 21728 -0.00260489
17795 21299 21162 -0.00769879
18281 23245 23188 -0.00311799
17484 21840 21757 -0.0047472
17650 21805 21733 -0.00407932
19115 22705 22758 0.00277269
18054 21415 21509 0.0052066
17983 20803 20741 -0.0034477
17407 21439 21358 -0.0046533
17822 21728 21640 -0.00493772
18282 22549 22486 -0.00344601
17901 21440 21450 0.000558628
18220 22130 22220 0.00493963
17945 22559 22597 0.00211758
18590 22116 22080 -0.00193653
18170 21334 21364 0.00165107
17597 21202 21276 0.00420526
18678 22272 22291 0.00101724
17273 21881 21907 0.00150524
17858 22102 22189 0.00487177
17558 21384 21328 -0.00318943
18308 22076 21983 -0.00507975
18372 22095 22100 0.000272153
18397 22119 22096 -0.0012502
18608 22124 22149 0.00134351
17229 22458 22391 -0.00388879
16837 21533 21573 0.00237572
18216 21878 21843 -0.00192139
17709 21501 21586 0.00479982
17862 21957 22067 0.00615832
18320 21719 21629 -0.00491266
17783 21931 21797 -0.00753529
18573 22132 22228 0.00516879
17407 21226 21391 0.00947895
16652 21292 21380 0.00528465
18534 21711 21776 0.00350707
17803 21505 21605 0.00561703
17656 21760 21755 -0.00028319
17272 21245 21344 0.00573182
17992 21802 21786 -0.000889284
17955 21836 21807 -0.00161515
18167 21960 21820 -0.00770628
18399 22033 21721 -0.0169574
18298 22238 22263 0.00136627
18416 21328 21525 0.0106972
17989 22006 22084 0.00433598
18114 21879 21840 -0.00215303
17807 22324 22167 -0.00881676
18319 22341 22406 0.00354823
17410 21402 21373 -0.00166571
17780 21301 21641 0.0191226
17300 21612 21383 -0.013237
17684 21774 21476 -0.0168514
17720 21168 21055 -0.00637698
18612 21712 21696 -0.00085966
17974 21709 21802 0.00517414
18384 21316 21348 0.00174064
18938 22339 22277 -0.00327384
17477 21523 21540 0.000972707
17726 21197 21307 0.00620557
17985 21697 21540 -0.0087295
17216 20937 20715 -0.012895
18107 22033 22107 0.00408682
17472 21885 21780 -0.00600962
18273 22286 22227 -0.00322881
18165 22217 22204 -0.000715662
18026 22269 22228 -0.00227449
17701 22234 22189 -0.00254223
18760 22510 22584 0.00394456
18392 22519 22557 0.00206612
18480 21884 22109 0.0121753
17667 21686 21721 0.00198109
18061 21913 21666 -0.0136759
17883 22539 22596 0.00318738
16872 21482 21409 -0.0043267
17371 21292 21282 -0.000575672
17701 22226 22218 -0.000451952
18167 21830 21823 -0.000385314
18103 21715 21967 0.0139203
18079 21948 22022 0.00409315
17658 22394 22154 -0.0135916
18323 21568 21644 0.00414779
17389 21346 21303 -0.00247283
18402 22034 21989 -0.00244539
18486 22187 22018 -0.00914205
17646 20661 20616 -0.00255015
18108 21960 22010 0.00276121
18070 22289 22191 -0.00542335
17815 22552 22624 0.00404154
17618 21114 21356 0.013736
17532 21696 21732 0.00205339
19323 22648 22636 -0.000621022
17425 21575 21565 -0.000573888
17348 21386 21390 0.000230574
19294 22478 22575 0.00502747
17814 21783 21838 0.00308746
17824 21649 21702 0.00297352
18830 21756 21820 0.00339883
18590 22388 22399 0.000591716
18016 22025 21991 -0.00188721
17723 21815 21801 -0.000789934
17249 21556 21362 -0.011247
18076 22088 21993 -0.00525559
18297 22537 22644 0.00584795
17690 21694 21655 -0.00220464
17486 21832 21752 -0.00457509
18518 22600 22580 -0.00108003
18619 21643 21689 0.00247059
18073 21698 21767 0.00381785
18523 22184 22262 0.00421098
18377 22700 22683 -0.000925069
18052 22102 22019 -0.00459783
17205 21726 21474 -0.0146469
18859 22381 22372 -0.000477226
18335 21986 21908 -0.00425416
17955 21944 21940 -0.000222779
18592 22115 22193 0.00419535
17643 20776 20790 0.000793516
17454 21379 21276 -0.00590123
18925 21875 22067 0.0101453
18371 21478 21648 0.00925372
18459 22167 22111 -0.00303375
17972 21775 21765 -0.000556421
17880 22298 22139 -0.00889262
17625 21877 21893 0.000907801
17828 21312 21391 0.00443123
18447 22153 22053 -0.00542094
18541 22202 22267 0.00350574
19647 22644 22581 -0.0032066
17495 22330 22282 -0.00274364
18788 22346 22347 5.32255e-05
17859 22316 22172 -0.00806316
17619 21917 21852 -0.0036892
17894 21970 21952 -0.00100592
18774 22388 22402 0.000745712
17868 21630 21694 0.00358182
18567 22281 22237 -0.0023698
17464 21845 21871 0.00148878
18084 22480 22389 -0.00503207
18901 22159 22103 -0.00296281
18376 22380 22434 0.00293862
17939 22658 22521 -0.00763699
18451 22339 22379 0.0021679
17619 21837 21717 -0.00681083
18216 21942 21992 0.00274484
18559 22029 22080 0.00274799
18723 22633 22615 -0.000961384
18283 21968 21902 -0.00360991
17113 21442 21499 0.0033308
18147 22417 22404 -0.000716372
18747 21811 21895 0.00448072
18056 22403 22354 -0.00271378
17448 21302 21392 0.00515818
18531 22260 22264 0.000215855
18131 21653 21812 0.00876951
17799 21824 21808 -0.000898927
18224 21379 21436 0.00312774
18489 21877 21744 -0.00719347
18338 21543 21645 0.00556222
18410 21198 21276 0.00423683
17435 21952 21854 -0.00562088
18687 22296 22236 -0.00321079
18078 21829 21849 0.00110632
17368 21799 21817 0.00103639
18587 22125 22194 0.00371227
18325 22112 22135 0.00125512
18364 21780 21896 0.00631671
19009 22692 22521 -0.00899574
17783 22195 22198 0.0001687
17649 21760 21806 0.00260638
18843 23226 23089 -0.0072706
18405 22518 22470 -0.00260799
18332 22628 22620 -0.000436395
17819 21592 21471 -0.0067905
17865 21991 21978 -0.00072768
18573 22337 22169 -0.00904539
18973 22579 22538 -0.00216097
18020 22108 22143 0.00194229
17969 22124 22263 0.00773554
17310 21597 21504 -0.00537262
17875 21796 21864 0.0038042
17526 21932 21986 0.00308114
18013 22393 22428 0.00194304
17608 21306 21341 0.00198773
18829 21965 21958 -0.000371767
17647 21713 21694 -0.00107667
16846 21512 21519 0.000415529
17545 21892 22053 0.0091764
18079 21588 21518 -0.0038719
18422 21879 21950 0.00385409
18318 21940 21913 -0.00147396
