31763 37660 37837 0.00557252
31619 36703 36581 -0.00385844
31967 37884 37651 -0.00728877
32187 38525 38287 -0.00739429
32232 38011 37966 -0.00139613
31320 37462 37458 -0.000127714
33186 39185 39176 -0.000271199
33295 37946 38074 0.00384442
32355 37796 38009 0.00658322
32784 36771 36864 0.00283675
33213 38053 38159 0.00319152
32419 37807 37439 -0.0113514
32344 37644 37700 0.00173139
34307 38179 38137 -0.00122424
32057 37700 37681 -0.000592694
31966 38223 38234 0.000344116
33587 38278 38412 0.00398964
32386 37875 37982 0.0033039
31835 37287 37291 0.000125648
32242 37655 37718 0.00195397
32640 38423 38320 -0.00315564
33246 38314 38252 -0.00186489
31727 37323 37310 -0.000409746
32795 38136 37926 -0.00640342
32675 37591 37525 -0.00201989
32979 37965 37870 -0.00288062
33189 38557 38430 -0.00382657
33591 38450 38477 0.000803787
32226 38274 38225 -0.00152051
32500 37655 37725 0.00215385
33347 39052 38897 -0.00464809
31579 37191 37272 0.002565
32519 38112 38183 0.00218334
32030 37316 37158 -0.00493288
32565 37655 37676 0.000644864
32523 37918 37839 -0.00242905
33523 37843 37823 -0.000596605
33470 38780 38762 -0.000537795
32520 37644 37699 0.00169127
31904 37691 37638 -0.00166123
34359 39433 39439 0.000174627
32119 37625 37421 -0.00635138
33768 39146 39162 0.000473821
32382 38581 38456 -0.00386017
31705 37161 37134 -0.000851601
34198 39231 38978 -0.00739809
32842 38314 37980 -0.0101699
33691 38582 38614 0.000949809
33284 38000 38046 0.00138205
33156 37053 36915 -0.00416214
32286 37641 37485 -0.00483182
32016 37524 37582 0.00181159
32192 37197 37141 -0.00173956
31994 37509 37503 -0.000187535
32063 38015 38018 9.35658e-05
33189 37754 37798 0.00132574
33123 38212 38164 -0.00144914
33395 38853 38713 -0.00419224
33622 37788 37806 0.000535364
33045 38136 38162 0.000786806
32373 37865 37917 0.00160628
32987 37412 37404 -0.00024252
32586 37767 37887 0.00368256
33469 38382 38448 0.00197197
31607 36817 36778 -0.0012339
31668 38541 38501 -0.0012631
34157 37887 37862 -0.000731914
32258 37817 37732 -0.00263501
32087 37077 37122 0.00140244
32239 37904 38146 0.00750644
31897 37793 37748 -0.00141079
32494 37609 37569 -0.001231
31784 38329 38396 0.00210798
32706 37799 37796 -9.17263e-05
32284 37805 37738 -0.00207533
32242 37248 37293 0.0013957
32322 37810 37433 -0.0116639
32940 38140 38157 0.00051609
33434 38723 38674 -0.00146557
33039 38417 38448 0.000938285
31008 36617 36864 0.00796569
32353 37683 37215 -0.0144654
32089 36712 36650 -0.00193213
31344 36494 36426 -0.00216947
31724 37953 38007 0.00170218
32336 37812 37716 -0.00296883
32673 37297 37189 -0.00330548
32852 39275 39133 -0.00432242
33279 38213 38229 0.000480784
33041 38031 38263 0.00702158
33859 39359 39372 0.000383945
32989 37885 37750 -0.00409227
32540 38315 38239 -0.00233559
33074 37773 37779 0.000181411
32280 38059 38077 0.000557621
31860 37582 37522 -0.00188324
32284 37509 37474 -0.00108413
32708 38133 38044 -0.00272105
32685 38505 38476 -0.000887257
31304 36788 36730 -0.0018528
31551 37628 37657 0.000919147
32542 37982 38090 0.00331879
33170 38610 38549 -0.00183901
32197 37459 37239 -0.00683293
32828 38207 38112 -0.00289387
32950 38239 38204 -0.00106222
32766 37784 37747 -0.00112922
32518 38083 37983 -0.00307522
32563 37819 37869 0.00153549
32753 37347 37519 0.00525143
32576 38260 38186 -0.00227161
32677 36698 36820 0.00373351
33266 38454 38374 -0.00240486
31544 37413 37564 0.00478696
32326 37020 37302 0.00872363
31547 37179 37305 0.00399404
32278 37691 37575 -0.00359378
33440 38447 38608 0.00481459
31603 38180 38220 0.0012657
31070 37222 37222 0
32389 37928 37915 -0.000401371
32358 37908 37785 -0.00380122
32983 38198 38175 -0.000697329
31082 37340 37213 -0.00408597
32888 38057 37973 -0.00255412
31719 38118 38121 9.45805e-05
32423 36768 37324 0.0171483
32783 38140 38111 -0.000884605
32666 38073 38014 -0.00180616
33197 38561 38534 -0.000813327
33573 38133 38032 -0.00300837
32511 38275 38256 -0.000584418
32409 37507 37623 0.00357925
31855 38047 37778 -0.00844451
32116 38176 38230 0.0016814
31440 37521 37670 0.00473919
32768 38453 38291 -0.00494385
33607 38087 38147 0.00178534
32762 37653 37620 -0.00100726
33515 38071 38290 0.00653439
32171 37164 37039 -0.00388549
32352 36782 36844 0.00191642
30691 36292 35959 -0.0108501
32430 37004 37298 0.00906568
32670 37560 37535 -0.000765228
31980 37870 37865 -0.000156348
33623 38458 38346 -0.00333105
31334 36804 36825 0.000670199
34442 38329 38150 -0.00519714
31445 36887 36950 0.0020035
32785 37427 37407 -0.000610035
32026 37606 37494 -0.00349716
32499 37495 37511 0.000492323
31223 36940 36719 -0.00707812
32744 37585 37481 -0.00317615
33510 37528 37518 -0.000298418
32251 37440 37346 -0.00291464
33010 37364 37347 -0.000514995
34188 37814 37642 -0.00503101
32285 37244 37000 -0.00755769
32684 37530 37572 0.00128503
32737 38283 38497 0.00653695
32367 37419 37610 0.00590107
33657 38300 38481 0.00537778
31813 37666 37902 0.00741835
32747 38537 38592 0.00167954
31438 38064 37771 -0.00931993
32564 38477 38219 -0.00792286
33102 38169 38103 -0.00199384
33544 38079 37877 -0.00602194
31199 37594 37594 0
31791 38805 38920 0.00361738
32669 37473 37237 -0.00722397
32162 36912 36864 -0.00149244
32483 38274 38336 0.00190869
32406 37908 38195 0.00885638
33023 38089 37978 -0.00336129
31967 37287 37341 0.00168924
32453 37877 37849 -0.000862786
32830 37943 37920 -0.000700579
33711 38517 38481 -0.0010679
32805 38138 38142 0.000121933
32127 38500 38500 0
32400 38005 38006 3.08642e-05
34444 39146 38809 -0.009784
33585 38816 38749 -0.00199494
32274 37658 37480 -0.00551528
31126 36560 36647 0.00279509
32350 37952 37781 -0.00528594
33458 38894 38897 8.96647e-05
31934 37942 38057 0.00360118
31728 37597 37670 0.00230081
33520 37341 37374 0.000984487
33218 39269 39201 -0.00204708
32037 38208 37778 -0.013422
32770 37986 38125 0.00424168
32554 37574 37579 0.000153591
32122 36498 36714 0.00672436
31947 37434 37320 -0.00356841
31303 37106 36822 -0.00907261
33501 38796 38825 0.000865646
33593 38173 38167 -0.000178609
32875 37231 37298 0.00203802
31777 38180 38268 0.0027693
34140 38153 37936 -0.00635618
31510 37157 37152 -0.00015868
32354 38350 38343 -0.000216357
32829 37452 37439 -0.000395991
31523 37073 37039 -0.00107858
32416 37147 37108 -0.00120311
31841 36259 36184 -0.00235545
33098 38969 38961 -0.000241706
32528 37559 37643 0.00258239
32795 38785 38667 -0.00359811
32447 38032 38084 0.00160261
32408 37401 37222 -0.00552333
33004 37761 37624 -0.00415101
31721 37267 37256 -0.000346773
32976 38408 38292 -0.00351771
33294 38613 38615 6.00709e-05
33454 38471 38261 -0.00627728
31844 37314 37261 -0.00166436
33883 39215 39072 -0.00422041
31652 36393 36407 0.00044231
32810 38586 38575 -0.000335264
32702 37883 38021 0.00421993
31981 37475 37411 -0.00200119
32261 37489 37576 0.00269675
32160 38362 38256 -0.00329602
32837 37701 37745 0.00133995
33358 38481 38475 -0.000179867
32763 38318 38226 -0.00280805
33174 38971 38894 -0.00232109
32131 37314 37199 -0.0035791
33178 37974 37934 -0.00120562
31048 36811 36745 -0.00212574
31813 37572 37172 -0.0125735
33315 37627 37616 -0.000330182
33262 37942 38062 0.00360772
34189 38181 38133 -0.00140396
32064 37475 37147 -0.0102295
32381 38548 38492 -0.00172941
32107 37142 37210 0.00211792
31867 37428 37402 -0.000815891
34925 38599 38637 0.00108805
33183 38881 39128 0.00744357
32056 36849 36827 -0.000686299
31331 37047 36818 -0.00730905
31111 38323 38161 -0.00520716
32464 37392 37385 -0.000215623
32759 37494 37085 -0.0124851
32715 37943 37748 -0.00596057
32861 37372 37381 0.000273881
31729 37065 37059 -0.000189101
32220 36970 37177 0.00642458
33710 38208 38253 0.00133492
33167 38751 38751 0
32911 37972 38116 0.00437544
32328 38038 38040 6.18659e-05
32025 37752 37662 -0.0028103
32870 37925 37696 -0.00696684
31832 38275 38468 0.00606308
31760 37819 37750 -0.00217254
32948 37096 37200 0.00315649
33398 38990 39260 0.00808432
31901 37597 37446 -0.00473339
32096 37909 37980 0.00221211
31327 37096 36782 -0.0100233
31765 37572 37572 0
31804 36589 36625 0.00113193
32473 38281 38229 -0.00160133
32385 37214 37060 -0.00475529
32555 37422 37490 0.00208877
33078 38277 38144 -0.0040208
33198 38774 38692 -0.00247003
32772 38128 37909 -0.00668253
31562 37592 37369 -0.00706546
30661 37293 37338 0.00146766
32087 38096 38083 -0.000405149
31351 37985 37918 -0.00213709
32680 38271 38191 -0.00244798
31624 37028 37073 0.00142297
31445 37790 37856 0.0020989
32295 37694 37552 -0.00439697
32171 37422 37368 -0.00167853
33185 38181 37909 -0.00819647
31272 36520 36703 0.00585188
33715 38533 38646 0.00335162
33138 38224 38240 0.000482829
32154 37545 37078 -0.0145239
33832 38462 38507 0.0013301
31745 37614 37682 0.00214207
31575 37564 37396 -0.00532067
32655 37774 37737 -0.00113306
33059 38242 38205 -0.00111921
33179 37551 37258 -0.00883089
33206 38661 38658 -9.03451e-05
32124 37338 37346 0.000249035
33156 38498 38344 -0.00464471
34037 38812 39061 0.00731557
32032 37457 37276 -0.0056506
33415 38412 38228 -0.00550651
32744 37794 37939 0.00442829
32600 38131 38318 0.0057362
31590 36750 36751 3.16556e-05
31992 37591 37665 0.00231308
32798 37819 37675 -0.00439051
31508 37559 37524 -0.00111083
32622 37109 37223 0.00349457
31744 36398 36426 0.000882056
32513 38486 38232 -0.00781226
31775 37541 37425 -0.00365067
32889 37210 37035 -0.00532093
31970 38117 37900 -0.00678761
32271 37129 37201 0.00223111
33593 37882 37641 -0.00717411
32521 38270 38172 -0.00301344
31819 37446 37259 -0.00587699
31276 37289 37397 0.00345313
31371 36957 37188 0.00736349
31640 36552 36580 0.000884956
31682 36704 36845 0.00445048
33097 38675 38769 0.00284014
31988 38344 38237 -0.003345
33574 37546 37423 -0.00366355
31527 37643 37480 -0.00517017
32222 37295 37379 0.00260691
32080 37274 37174 -0.00311721
32010 37295 37382 0.0027179
32742 38267 37702 -0.0172561
31729 37079 37279 0.00630338
32437 37496 37364 -0.00406943
31083 37023 37116 0.00299199
33562 38585 38615 0.000893868
31896 36822 36732 -0.00282167
31516 37618 37794 0.00558447
32404 37436 37478 0.00129614
33707 38993 39023 0.000890023
31553 37503 37685 0.00576807
32458 38209 38084 -0.00385113
32731 37613 37569 -0.00134429
32524 37736 37613 -0.00378182
32413 37910 37915 0.000154259
32931 37590 37624 0.00103246
32667 38000 37981 -0.000581627
33134 38228 38078 -0.00452707
31379 38351 38314 -0.00117913
32132 37752 37729 -0.000715797
32168 37227 37230 9.32604e-05
32055 38334 38298 -0.00112307
32758 38129 37726 -0.0123023
32413 37552 37801 0.0076821
31800 37528 37469 -0.00185535
31952 37507 37201 -0.00957687
32045 37373 37550 0.00552348
32556 38743 38783 0.00122865
32167 37116 37175 0.00183418
32787 39048 39111 0.00192149
30548 36729 36555 -0.00569595
32543 37745 37633 -0.0034416
32066 37683 37635 -0.00149691
32342 37583 37558 -0.000772989
33004 38308 38588 0.00848382
32824 37435 37686 0.00764684
33283 38332 38350 0.000540817
32482 38116 38251 0.00415615
32510 37405 37525 0.00369117
33076 38034 37943 -0.00275124
31192 37550 37272 -0.00891254
32919 38549 38633 0.00255172
33897 38578 38515 -0.00185857
33032 37872 37872 0
33153 37841 37863 0.00066359
33472 39005 39047 0.00125478
32933 39138 39234 0.00291501
33217 38192 38030 -0.00487702
33874 38368 38412 0.00129893
32963 38087 38144 0.00172921
32037 38247 38209 -0.00118613
32451 37740 37823 0.0025577
32122 37656 37517 -0.00432725
32004 37926 37950 0.000749906
33357 37537 37530 -0.000209851
33600 37802 37912 0.00327381
32050 37834 37651 -0.00570983
31419 37276 37343 0.00213247
32410 38090 38002 -0.00271521
32373 37810 37774 -0.00111204
33124 38085 38145 0.00181138
34252 38995 38940 -0.00160575
31619 37312 37788 0.0150542
33811 38634 38618 -0.000473219
32759 37495 37604 0.00332733
33128 38717 38675 -0.00126781
33702 38450 38633 0.00542994
32124 36910 37107 0.00613249
32814 37490 37268 -0.00676541
31179 37611 37564 -0.00150742
32218 37794 37608 -0.00577317
32691 38102 38122 0.000611789
32479 37464 37388 -0.00233997
32873 37739 37640 -0.00301159
31771 37186 36902 -0.00893897
31327 37402 37267 -0.00430938
32060 37284 37396 0.00349345
32027 36734 36553 -0.00565148
32146 37506 37426 -0.00248865
32402 37900 37604 -0.00913524
34586 38938 38909 -0.00083849
32671 37580 37507 -0.0022344
32436 37803 37706 -0.0029905
32395 36688 36398 -0.008952
32689 37444 37523 0.00241672
32282 38561 38731 0.00526609
32540 37154 37262 0.00331899
33543 37459 37485 0.000775124
32151 38470 38642 0.00534976
32210 37175 37155 -0.000620925
32677 37806 37523 -0.00866053
30399 36653 36742 0.00292773
32879 38240 38265 0.000760364
33388 38560 38787 0.00679885
32885 38526 38349 -0.00538239
32391 37587 37617 0.000926183
33297 38244 38106 -0.00414452
32947 38129 37924 -0.00622211
32178 38290 38505 0.00668158
33407 37887 37808 -0.00236477
32100 37658 37476 -0.00566978
32410 37550 37595 0.00138846
32816 38015 37840 -0.00533276
34069 38539 38527 -0.000352226
32166 38292 38192 -0.00310887
31713 37012 37199 0.00589664
31532 36913 37017 0.00329824
32885 37925 38165 0.00729816
31522 36718 36906 0.00596409
32491 37748 37855 0.00329322
31732 37357 37408 0.00160721
32469 38432 38257 -0.00538976
32672 37938 37990 0.00159158
31697 37105 37353 0.00782408
31926 37927 37916 -0.000344547
31792 37936 38009 0.00229618
32192 37807 37865 0.00180169
32449 38128 37796 -0.0102314
31866 38193 38165 -0.000878679
32752 37676 37742 0.00201514
32749 37406 37131 -0.0083972
33652 38315 38441 0.00374421
33056 38886 38635 -0.00759318
32703 37828 37795 -0.00100908
31888 37855 37607 -0.00777722
32997 37916 37581 -0.0101524
33160 38260 38147 -0.00340772
33126 38529 38528 -3.01878e-05
34604 38628 38848 0.00635765
31260 38044 37980 -0.00204734
33228 38144 37634 -0.0153485
33618 38766 38785 0.000565173
32364 37414 37570 0.00482017
32852 38189 38175 -0.000426154
32778 38039 38033 -0.00018305
33192 38003 38019 0.000482044
33784 38591 38521 -0.00207199
32833 38562 38499 -0.0019188
33837 38538 38548 0.000295534
33081 37517 37568 0.00154167
32254 37709 37966 0.007968
32611 37804 37702 -0.00312778
33402 38710 38512 -0.00592779
33601 37548 37418 -0.00386893
30614 36813 36745 -0.00222121
32195 38651 38606 -0.00139773
31796 36827 36703 -0.00389986
33599 38006 37993 -0.000386916
33504 38412 38214 -0.00590974
33237 37785 37794 0.000270783
32682 38260 38226 -0.00104033
31375 37821 37832 0.000350598
32791 38896 38793 -0.00314111
31320 37209 37146 -0.00201149
32306 38587 38320 -0.00826472
32370 37221 37388 0.0051591
32527 38461 38539 0.00239801
33330 38459 38376 -0.00249025
32599 37606 37773 0.00512286
32598 38046 38106 0.0018406
32223 37091 36785 -0.00949632
32352 38435 38418 -0.00052547
33197 37629 37563 -0.00198813
31946 37563 37615 0.00162775
32336 37587 37711 0.00383474
33503 37994 38169 0.00522341
32309 37829 37967 0.00427126
32847 36784 36757 -0.000821993
33310 38253 38304 0.00153107
32523 37861 37905 0.00135289
32243 37642 37830 0.00583072
31801 38345 38437 0.00289299
32345 37688 37469 -0.00677075
32617 37697 37606 -0.00278996
32824 38282 38111 -0.0052096
32148 37089 36982 -0.00332836
32300 37458 37552 0.00291022
32616 37040 37165 0.00383247
32851 38865 39107 0.00736659
32458 37794 37869 0.00231068
32871 38337 38348 0.000334641
33021 38709 38618 -0.00275582
31519 36730 36737 0.000222088
33174 37072 37219 0.00443118
33549 38123 38116 -0.00020865
34101 38114 37594 -0.0152488
33422 38081 38173 0.00275268
32847 38482 38627 0.00441441
32820 37992 38070 0.0023766
33856 38130 38187 0.0016836
33359 38485 38547 0.00185857
32745 37796 38013 0.00662697
32746 36925 36917 -0.000244305
32758 37846 37695 -0.00460956
30908 37694 37870 0.00569432
32391 37718 37596 -0.00376648
31958 36763 36779 0.000500657
32537 36568 36566 -6.14685e-05
32680 37410 37296 -0.00348837
32892 37894 38064 0.00516843
32431 37073 37112 0.00120255
32811 38774 38932 0.00481546
31951 37924 38086 0.00507026
32551 37745 38110 0.0112132
32900 38396 38288 -0.00328267
31677 36660 36942 0.00890236
31871 36953 36956 9.41295e-05
32768 37878 38378 0.0152588
33882 37981 37914 -0.00197745
32834 37655 37773 0.00359384
31748 36730 36763 0.00103944
33453 38090 38242 0.00454369
33165 38642 38663 0.000633198
30746 36930 36806 -0.00403304
32376 37039 36937 -0.00315048
32296 36875 36901 0.000805053
32438 37395 37675 0.00863185
32860 38119 37994 -0.00380402
34775 37929 37929 0
32178 37369 37581 0.00658835
32355 38252 38339 0.00268892
33202 38584 38589 0.000150593
32220 37668 37593 -0.00232775
32769 38037 38030 -0.000213617
32503 37622 37626 0.000123066
32846 38465 38335 -0.00395786
32746 37825 38007 0.00555793
32129 37729 37526 -0.00631828
33787 39143 38987 -0.00461716
34277 37707 37521 -0.00542638
32197 36857 36779 -0.00242259
31702 37867 37767 -0.00315438
31556 36614 36586 -0.000887311
31630 37945 37959 0.000442618
32351 38330 38457 0.00392569
32763 38168 38013 -0.00473095
32709 39031 39008 -0.00070317
31242 36702 36811 0.00348889
32021 37837 37813 -0.000749508
33585 38287 38224 -0.00187584
32187 37199 37139 -0.00186411
32294 37685 37659 -0.000805103
33459 38760 38687 -0.00218177
32474 38145 38100 -0.00138572
32260 37650 37439 -0.00654061
32621 38486 38387 -0.00303485
32181 37550 37861 0.00966409
33885 38701 38910 0.00616792
33407 37784 37514 -0.00808214
30600 36783 36835 0.00169935
32244 37504 37094 -0.0127155
32320 37800 38067 0.00826114
31812 37286 37268 -0.000565824
32463 37423 37459 0.00110895
33249 38790 38778 -0.000360913
32685 36916 36699 -0.00663913
32370 39054 38820 -0.00722892
31701 37830 37598 -0.00731838
33279 37564 37469 -0.00285465
32843 37306 37167 -0.00423226
32559 37695 37702 0.000214994
32115 37805 37600 -0.00638331
34180 39626 39562 -0.00187244
32637 37850 37776 -0.00226737
31480 36722 36750 0.000889454
32237 37231 37170 -0.00189224
33295 39385 39427 0.00126145
30974 37083 37016 -0.0021631
31937 37200 37108 -0.00288067
32491 38004 37969 -0.00107722
32862 36787 36800 0.000395594
33639 37923 37819 -0.00309165
30491 36139 36267 0.00419796
31927 37036 37027 -0.000281893
33106 37523 37388 -0.00407781
32253 37234 37482 0.00768921
31419 38177 38178 3.18279e-05
32222 37968 37923 -0.00139656
32803 38093 38033 -0.0018291
33069 38167 38347 0.00544316
31773 37300 37264 -0.00113304
33074 38235 38006 -0.00692387
32625 37771 37735 -0.00110345
32778 37946 37707 -0.00729148
33200 37742 37601 -0.00424699
31882 37788 37574 -0.00671225
32775 37825 37745 -0.00244088
32639 38072 37988 -0.00257361
33639 37790 37765 -0.000743185
32919 37339 37302 -0.00112397
32521 37559 37405 -0.0047354
32745 38120 38086 -0.00103833
32896 38661 38405 -0.0077821
32993 37512 37645 0.00403116
33534 38496 38065 -0.0128526
31967 37543 37207 -0.0105108
31707 36972 37055 0.00261772
32136 36853 37022 0.0052589
32108 38008 37967 -0.00127694
32820 37761 37630 -0.00399147
32711 38055 37988 -0.00204824
33784 38545 38508 -0.00109519
33234 38405 38405 0
32962 38023 38248 0.00682604
33157 37908 38244 0.0101336
30811 37819 38109 0.00941222
32861 38709 38858 0.00453425
32724 38292 38158 -0.00409485
31773 37606 37599 -0.000220313
32784 37494 37550 0.00170815
32491 38171 38218 0.00144655
32837 37953 37736 -0.0066084
32129 37351 37488 0.00426406
31801 37563 37600 0.00116349
31217 37450 37400 -0.00160169
32829 38134 38190 0.00170581
32719 38088 38044 -0.00134478
32910 37801 37811 0.000303859
32595 37584 37791 0.00635067
33368 39134 39130 -0.000119875
32854 38699 38568 -0.00398734
33623 37481 37716 0.00698926
32651 38075 37993 -0.00251141
32962 37055 37283 0.00691706
32550 38024 38015 -0.000276498
32090 37826 37830 0.000124649
34587 39284 39281 -8.67378e-05
33172 37638 37826 0.00566743
33862 38798 38825 0.000797354
33643 38469 38441 -0.000832268
33381 38526 38536 0.000299572
31908 37112 37121 0.000282061
32691 37977 38054 0.00235539
31974 38289 38299 0.000312754
32145 37812 37595 -0.00675066
32186 37607 37622 0.000466041
32935 37730 37876 0.00443297
32762 37385 37435 0.00152616
32335 37970 37947 -0.000711304
31423 37528 37530 6.36476e-05
32274 37077 37031 -0.0014253
31580 37321 37366 0.00142495
33815 37826 37677 -0.00440633
32588 37478 37442 -0.0011047
33193 38205 38120 -0.00256078
33290 38407 38568 0.00483629
32835 38967 38850 -0.00356327
32792 38371 38424 0.00161625
33458 38305 38158 -0.00439357
31948 36666 36564 -0.00319269
32451 38237 38121 -0.00357462
32231 37711 37703 -0.000248208
33249 38313 38350 0.00111282
32532 37799 37820 0.000645518
31660 36403 35928 -0.0150032
33439 37920 37966 0.00137564
33142 37845 37809 -0.00108623
33038 38127 37988 -0.00420728
32066 38534 38254 -0.00873199
33139 37777 37692 -0.00256495
33019 37607 37358 -0.00754111
32496 38575 38699 0.00381585
31322 37087 37088 3.19264e-05
33142 37897 37871 -0.000784503
31979 38659 38714 0.00171988
32320 37362 37795 0.0133973
32772 38634 38483 -0.00460759
34594 39150 38985 -0.00476961
33962 38627 38701 0.00217891
32778 37592 37695 0.00314235
32804 37686 37682 -0.000121936
32764 36978 36994 0.000488341
33134 37593 37812 0.00660952
32259 38051 38024 -0.000836976
32406 36944 36768 -0.00543109
32335 37965 38099 0.00414412
31375 38393 38306 -0.00277291
32583 37781 37743 -0.00116625
33467 38423 38257 -0.00496011
31306 36420 36470 0.00159714
32918 38155 38232 0.00233915
32036 37117 37266 0.00465102
32232 37382 37336 -0.00142715
34424 38630 38756 0.00366024
32199 37498 37230 -0.00832324
31805 37593 37776 0.00575381
32310 37881 38070 0.00584958
31718 37760 37668 -0.00290056
33378 38139 38278 0.00416442
32636 38448 38647 0.00609756
33458 37983 37930 -0.00158408
33037 37402 37497 0.00287556
33135 38418 38407 -0.000331975
32701 37755 37733 -0.000672762
33691 38481 38649 0.00498649
34035 38465 38649 0.0054062
32305 37070 36896 -0.00538616
32234 37152 37174 0.000682509
32906 38850 38940 0.00273506
32887 38112 38189 0.00234135
32791 37932 38039 0.00326309
31720 37883 37843 -0.00126103
33465 38970 38970 0
33684 38268 38268 0
33426 38595 38439 -0.00466703
33060 37879 37637 -0.00732002
32447 37251 37370 0.00366752
32484 37508 37498 -0.000307844
32360 37270 37179 -0.00281211
32537 38157 38149 -0.000245874
33004 37289 37071 -0.00660526
32271 37472 37079 -0.0121781
32540 37564 37475 -0.0027351
31727 37682 37495 -0.00589403
32077 38245 38242 -9.3525e-05
32316 37314 37290 -0.000742666
32698 37284 37141 -0.00437336
31929 37483 37477 -0.000187917
32024 36533 36575 0.00131152
33728 38591 38448 -0.0042398
31086 36941 36850 -0.00292736
33904 38471 38418 -0.00156324
32273 37704 37707 9.2957e-05
32177 38710 38728 0.000559406
32670 38129 38117 -0.000367309
32031 37023 36925 -0.00305954
33028 37887 37947 0.00181664
32068 36990 36929 -0.00190221
31339 37203 37322 0.00379719
32093 37687 37705 0.00056087
32395 37984 37973 -0.000339559
32756 37715 37664 -0.00155697
33132 37639 37766 0.00383315
32011 36858 36750 -0.00337384
31828 37038 36872 -0.00521553
32660 37431 37394 -0.00113288
32770 37725 37545 -0.00549283
32452 37443 37331 -0.00345125
33477 38585 38862 0.00827434
32387 37155 37116 -0.00120419
32413 37916 37705 -0.00650973
33157 39389 39006 -0.0115511
33792 38607 38899 0.0086411
32112 37944 37799 -0.00451545
33134 38098 37881 -0.00654916
32592 36897 36864 -0.00101252
33326 38159 38237 0.00234051
31540 38167 38017 -0.00475587
32817 37078 36626 -0.0137733
33628 38431 38599 0.00499584
31705 37587 37527 -0.00189245
31428 36594 36491 -0.00327733
31215 36658 36866 0.00666346
31386 37864 37855 -0.000286752
31710 38075 37829 -0.00775781
32794 38472 38496 0.000731841
31929 37403 37397 -0.000187917
33072 38075 37736 -0.0102504
31042 37478 37298 -0.0057986
32923 37235 37287 0.00157944
32182 37504 37647 0.00444348
32846 37863 37852 -0.000334896
31841 37642 37369 -0.00857385
32506 37279 37118 -0.00495293
32831 38002 37889 -0.00344187
33083 37653 37561 -0.00278088
33495 37920 37873 -0.00140319
32004 37337 37501 0.00512436
32758 36939 37071 0.00402955
32120 37276 37331 0.00171233
32333 37442 37444 6.18563e-05
32049 37825 37836 0.000343224
31992 37067 37061 -0.000187547
33376 38900 38807 -0.00278643
31671 37612 37750 0.0043573
33353 38269 38480 0.00632627
32882 37583 37515 -0.002068
33052 38343 38543 0.00605107
33458 37713 37421 -0.00872736
31495 37621 37682 0.00193682
32703 38044 38026 -0.000550408
32253 37067 37371 0.00942548
32062 37165 37206 0.00127877
32589 39238 39238 0
31522 37946 37740 -0.00653512
32085 37890 38066 0.00548543
33252 38144 38191 0.00141345
32335 38040 37954 -0.00265966
32506 37685 37564 -0.00372239
32500 37924 37995 0.00218462
32282 37339 37227 -0.00346943
33290 38752 38673 -0.00237309
32082 36932 36733 -0.00620286
32620 38123 38072 -0.00156346
33049 38512 38118 -0.0119217
33780 38548 38711 0.00482534
32835 37455 37572 0.00356327
32386 37379 37196 -0.00565059
33268 38050 38125 0.00225442
31744 37681 37605 -0.00239415
32354 37978 38030 0.00160722
31981 37748 37758 0.000312686
31576 37447 37517 0.00221687
32935 37756 37823 0.00203431
32334 38075 38134 0.0018247
33178 38158 38207 0.00147688
30893 38613 38101 -0.0165733
32154 38079 37878 -0.00625117
32160 38246 38120 -0.00391791
32324 38060 37779 -0.00869323
31718 38597 38666 0.00217542
33008 38162 38176 0.00042414
31494 37334 37408 0.00234965
33013 38572 38592 0.000605822
32975 37654 37437 -0.00658074
31497 36952 36956 0.000126996
33786 38148 37737 -0.0121648
32611 37383 37346 -0.00113459
31989 37365 37324 -0.00128169
31759 37562 37594 0.00100759
32480 37726 37918 0.00591133
32203 37632 37501 -0.00406794
32380 37544 37429 -0.00355158
33181 37837 38107 0.00813719
31947 37847 37806 -0.00128338
32832 36872 36881 0.000274123
33160 37425 37489 0.00193004
32753 37794 37807 0.00039691
32303 38311 37909 -0.0124447
32831 38343 38398 0.00167525
32363 37545 37497 -0.00148318
32356 37656 37449 -0.00639758
32291 37732 37738 0.00018581
32171 38078 38104 0.000808181
31971 37512 37613 0.00315911
33110 37394 37371 -0.000694654
32063 37461 37416 -0.00140349
33014 37531 37542 0.000333192
33745 37820 37855 0.00103719
31703 36970 37065 0.00299656
32420 37388 37285 -0.00317705
32548 38282 38182 -0.00307239
30931 36981 36887 -0.00303902
32698 37926 38001 0.00229372
31366 37305 37387 0.0026143
32342 38080 38127 0.00145322
33079 38148 38001 -0.00444391
32222 38466 38345 -0.0037552
32412 37633 37730 0.00299272
32120 37624 37598 -0.000809465
31837 38615 38620 0.00015705
32556 37599 37722 0.00377811
32365 37796 37827 0.000957825
32335 37945 37974 0.000896861
33266 38096 37829 -0.00802621
31134 37074 37110 0.00115629
32587 37975 37864 -0.00340627
31646 37599 37842 0.0076787
32830 38313 38052 -0.00795005
32152 37696 37554 -0.00441652
33478 38640 38561 -0.00235976
32729 38861 38522 -0.0103578
32673 37160 36921 -0.00731491
32167 37651 37673 0.000683931
33613 37999 38171 0.00511707
33428 38174 38270 0.00287184
32258 36549 36531 -0.000558001
33425 38935 39102 0.00499626
32583 38561 38646 0.00260872
31792 38776 38902 0.00396326
31656 37319 37356 0.00116881
31210 37294 37198 -0.00307594
33114 39441 39396 -0.00135894
31543 37168 37117 -0.00161684
31445 36702 36892 0.0060423
33443 38444 38337 -0.00319947
32710 38229 38575 0.0105778
32951 38154 38073 -0.0024582
33345 38514 38467 -0.00140951
33043 38413 38372 -0.00124081
32689 37665 37591 -0.00226376
31822 37285 37346 0.00191691
31058 36975 37266 0.00936957
31702 38604 38398 -0.00649801
32292 38098 38150 0.00161031
32495 37533 37530 -9.23219e-05
31410 37624 37717 0.00296084
33482 38785 38925 0.00418135
32679 37909 38032 0.00376389
32655 37517 37661 0.00440974
32820 39551 39261 -0.00883608
33309 39147 38876 -0.00813594
31644 37937 37850 -0.00274934
32005 37905 37660 -0.00765505
33258 38110 38124 0.000420951
33035 37916 37786 -0.00393522
32454 37432 37693 0.00804215
32877 37322 37364 0.00127749
31181 35977 36043 0.00211667
32640 37258 37188 -0.00214461
33414 37836 37902 0.00197522
32455 37786 37622 -0.00505315
34322 38993 38872 -0.00352544
32961 38524 38465 -0.00178999
33055 38549 38796 0.00747239
31950 37934 38032 0.00306729
33510 37789 37868 0.00235751
33359 38422 38702 0.00839354
33448 37935 38006 0.0021227
34352 38772 38701 -0.00206684
31964 37756 37450 -0.00957327
34036 38969 38949 -0.000587613
32126 38118 38022 -0.00298823
31685 37552 37520 -0.00100994
32673 38168 37991 -0.00541732
32715 38842 38608 -0.00715268
32943 38056 38037 -0.000576754
33239 38158 38073 -0.00255724
31614 37536 37472 -0.00202442
32594 38444 38315 -0.00395778
33749 38332 38178 -0.0045631
32215 37252 37512 0.00807077
32139 38565 38574 0.000280034
32830 38132 38079 -0.00161438
32230 37710 37501 -0.00648464
33143 38106 38169 0.00190085
32677 37507 37514 0.000214218
33112 38292 38430 0.00416767
33538 37359 37589 0.00685789
31219 37222 37127 -0.00304302
32169 37971 37950 -0.000652802
32793 37331 37219 -0.00341536
33316 38313 38170 -0.00429223
32147 37407 37581 0.00541264
32621 37745 37928 0.00560988
32710 36942 37247 0.00932437
32158 37986 38085 0.00307855
32976 37437 37304 -0.00403324
32621 37562 37475 -0.00266699
33554 38139 38012 -0.00378494
32476 37033 37048 0.00046188
32103 37346 37204 -0.00442326
33495 38131 38023 -0.00322436
32685 38152 37952 -0.00611901
31277 37554 37563 0.000287751
32733 37963 37954 -0.000274952
32578 38189 37915 -0.00841058
33185 37642 37635 -0.000210939
33500 38435 38432 -8.95522e-05
32638 38111 37836 -0.00842576
32329 37713 37782 0.00213431
32510 38139 38283 0.00442941
33220 38374 38742 0.0110777
32552 38526 38706 0.00552961
32431 37545 37630 0.00262095
31701 37506 37538 0.00100943
32341 37344 37539 0.0060295
33062 38048 38114 0.00199625
32350 38218 38055 -0.00503864
33159 38616 38570 -0.00138726
32040 37492 37470 -0.000686642
31866 38110 38080 -0.000941442
31536 37845 37769 -0.00240994
33265 38236 37989 -0.00742522
31598 37384 37308 -0.00240522
33436 38476 38408 -0.00203374
32720 37812 37683 -0.00394254
30324 36437 36508 0.00234138
30867 37422 37638 0.00699776
32291 37821 38016 0.00603883
32972 38043 38149 0.00321485
32477 37367 37325 -0.00129322
