28144 33774 33696 -0.00277146
28385 33261 33217 -0.00155011
28798 33850 33853 0.000104174
28657 34546 34498 -0.00167498
28965 34189 34136 -0.00182979
27995 33716 33650 -0.00235756
29685 34758 34892 0.00451406
29528 34172 34144 -0.000948253
28582 34115 33984 -0.0045833
29268 32719 32905 0.00635506
29382 33838 33834 -0.000136138
29025 33998 33779 -0.00754522
28613 33320 33276 -0.00153776
30627 34226 34093 -0.00434257
28613 33660 33564 -0.00335512
28616 33885 34007 0.00426335
30024 34513 34448 -0.00216493
28772 34221 34312 0.0031628
28540 33430 33598 0.00588648
28653 34131 34137 0.000209402
29246 34499 34416 -0.00283799
29631 34114 34058 -0.00188991
28445 33779 33697 -0.00288276
29088 33936 33924 -0.000412541
29273 33877 33874 -0.000102484
29143 34107 34067 -0.00137254
29081 34205 34367 0.00557065
30084 34456 34473 0.000565084
28197 33824 33907 0.00294358
28783 33519 33747 0.00792134
29164 34515 34721 0.0070635
28183 33450 33612 0.00574815
28500 33795 33762 -0.00115789
28203 33017 33055 0.00134737
29083 33689 33731 0.00144414
28912 33966 33843 -0.00425429
29860 34397 34028 -0.0123577
29821 35146 35023 -0.00412461
29058 33791 33819 0.00096359
27968 33417 33180 -0.00847397
30501 35796 35757 -0.00127865
28544 33734 33803 0.00241732
29927 34578 34689 0.00370903
28704 34363 34237 -0.00438963
28140 33691 33680 -0.000390903
30336 35090 34792 -0.00982331
29454 34028 34148 0.00407415
30106 34221 34106 -0.00381984
29341 34049 34175 0.00429433
29178 32999 33045 0.00157653
28981 33951 33554 -0.0136986
28402 33847 33630 -0.00764031
28343 33466 33391 -0.00264616
28676 33518 33631 0.00394058
28515 33751 33986 0.00824128
29548 34005 33944 -0.00206444
29470 34244 34170 -0.00251103
29270 34412 34394 -0.000614964
30228 33965 33816 -0.0049292
29607 33697 33642 -0.00185767
29171 33927 34005 0.00267389
29422 33519 33588 0.00234518
28783 33525 33711 0.00646215
29849 34422 34414 -0.000268016
27793 32687 32438 -0.00895909
27807 34203 34172 -0.00111483
30156 33955 33990 0.00116063
28704 33623 33690 0.00233417
28476 33210 33259 0.00172075
28625 34623 34398 -0.00786026
28409 33863 33936 0.00256961
28425 33785 33629 -0.00548813
28407 34497 34507 0.000352026
28636 33437 33490 0.00185082
28625 33759 33564 -0.00681223
28540 33343 33169 -0.00609671
28527 33494 33526 0.00112174
29023 34167 34362 0.00671881
29634 34620 34621 3.3745e-05
29159 34295 34420 0.00428684
27550 32737 32868 0.00475499
28834 33781 33791 0.000346813
28695 33059 33268 0.0072835
27917 33059 32954 -0.00376115
27991 34256 33939 -0.0113251
28677 33777 33845 0.00237124
28659 33085 33209 0.00432674
28735 34743 34937 0.00675135
29881 34624 34624 0
29499 34496 34225 -0.00918675
30240 35375 35460 0.00281085
29760 34276 34141 -0.00453629
28630 34128 34154 0.000908138
29498 33731 33792 0.00206794
28460 34190 33994 -0.00688686
28638 33863 33842 -0.000733291
28702 33528 33605 0.00268274
29009 34084 34108 0.000827329
28931 34377 34437 0.0020739
28116 33275 33266 -0.000320102
27902 33787 33693 -0.00336893
28727 34300 34037 -0.00915515
29344 34319 34433 0.00388495
29084 33697 33429 -0.00921469
29368 34098 34090 -0.000272405
29334 34409 34396 -0.000443172
29371 33800 33445 -0.0120868
28675 33600 33397 -0.00707934
28984 33588 33745 0.00541678
29544 33750 33786 0.00121852
28843 34108 34242 0.00464584
29311 33449 33417 -0.00109174
29388 34308 34244 -0.00217776
28323 33232 33274 0.00148289
28463 32688 32894 0.00723747
27885 33165 33147 -0.000645508
28719 33580 33446 -0.0046659
29363 34290 34370 0.00272452
28311 34560 34568 0.000282576
27946 33358 33733 0.0134187
28777 33876 33885 0.00031275
29000 33924 33931 0.000241379
29483 34296 34028 -0.00908998
27628 33364 33096 -0.0097003
29249 34204 34334 0.0044446
28424 34613 34583 -0.00105545
28875 33368 33443 0.0025974
29230 34407 34377 -0.00102634
28713 33951 34069 0.00410964
29564 34673 34562 -0.00375457
29900 34290 34073 -0.00725753
29120 34338 34258 -0.00274725
28934 33813 33902 0.00307597
28436 34366 34412 0.00161767
28876 34171 34300 0.00446738
27863 33755 33849 0.00337365
29230 34628 34625 -0.000102634
30238 34505 34419 -0.0028441
29112 33612 33567 -0.00154575
29884 34145 34031 -0.00381475
28296 32869 32948 0.00279191
28921 33258 33310 0.001798
27461 32521 32507 -0.000509814
28879 33557 33506 -0.00176599
28905 33487 33516 0.00100329
28166 33889 33968 0.0028048
30029 34374 34433 0.00196477
27949 32979 32936 -0.00153852
31162 34680 34764 0.00269559
27963 33247 33096 -0.00539999
29122 33883 33935 0.00178559
28560 33328 33267 -0.00213585
29190 33625 33666 0.00140459
27647 33218 33291 0.00264043
29031 33481 33345 -0.00468465
30162 33889 33745 -0.00477422
28777 33593 33520 -0.00253675
28982 33319 33110 -0.00721137
30062 33492 33213 -0.00928082
28680 33138 33104 -0.0011855
29524 33885 34034 0.00504674
29168 34437 34520 0.00284558
28685 33423 33506 0.0028935
29747 34578 34539 -0.00131106
27447 33417 33332 -0.00309688
28811 33978 33894 -0.00291555
28050 34241 33979 -0.00934046
28864 34246 34162 -0.0029102
29414 34025 34140 0.0039097
30096 34222 34048 -0.0057815
27717 33334 33261 -0.00263376
28481 34788 34796 0.000280889
28957 33663 33608 -0.00189937
28353 33366 33207 -0.00560787
29254 34394 34606 0.00724687
28608 34287 34080 -0.00723574
29646 34568 34529 -0.00131552
28663 33387 33457 0.00244217
28700 33766 33782 0.000557491
29407 34054 33981 -0.0024824
30008 34443 34370 -0.00243268
29570 34403 34467 0.00216436
28481 33959 34084 0.00438889
28883 33996 34042 0.00159263
30847 35603 35453 -0.00486271
30077 34599 34574 -0.0008312
28591 33834 33601 -0.00814942
27702 32769 32941 0.00620894
28671 33908 33848 -0.00209271
29777 35035 35071 0.00120899
28325 34028 33945 -0.00293027
28737 34081 34080 -3.47983e-05
29906 33327 33289 -0.00127065
29688 35134 35243 0.00367152
28066 33971 33902 -0.00245849
29120 34268 34359 0.003125
28686 33434 33486 0.00181273
28674 32990 32934 -0.00195299
28422 33238 33301 0.00221659
27492 33456 33186 -0.00982104
30082 34934 34846 -0.00292534
29996 34265 34217 -0.00160021
29701 33835 33844 0.00030302
28044 34441 34325 -0.00413636
30373 34139 34003 -0.00447766
27494 33086 32996 -0.00327344
28953 34414 34171 -0.00839291
28849 33928 33741 -0.00648203
28037 33306 33048 -0.00920213
28939 33512 33516 0.000138222
28078 32584 32208 -0.0133913
29506 35051 35027 -0.000813394
28869 33889 33836 -0.00183588
29087 34848 34870 0.000756352
28794 33917 34024 0.00371605
28837 33524 33728 0.00707424
29343 33359 33451 0.00313533
27964 33160 33021 -0.00497068
29167 34368 34406 0.00130284
29350 34051 34120 0.00235094
29689 34356 34396 0.0013473
28460 33601 33129 -0.0165847
30201 34961 34912 -0.00162246
27879 32663 32684 0.000753255
29132 34785 34533 -0.00865028
29195 33858 33802 -0.00191814
28179 33566 33538 -0.000993648
28185 33325 33431 0.00376087
28272 34146 34109 -0.00130872
29383 33860 33587 -0.00929109
29716 34374 34333 -0.00137973
29238 34345 34241 -0.00355701
29637 35081 34934 -0.00496002
28848 33557 33577 0.000693289
29883 33817 33729 -0.00294482
27839 33151 33161 0.000359208
28360 33828 33741 -0.0030677
29922 34132 34112 -0.000668405
29470 34089 34126 0.00125551
29900 33905 34123 0.00729097
28825 33853 33699 -0.00534258
28867 34407 34205 -0.00699761
28541 33155 33044 -0.00388914
28539 33851 33823 -0.000981114
31167 34661 34647 -0.000449193
29472 35012 35230 0.00739685
28776 33252 33330 0.00271059
27793 32695 32940 0.00881517
27599 33805 33796 -0.000326099
28577 33109 33059 -0.00174966
29378 33525 33398 -0.00432296
29006 33936 34026 0.00310281
29124 33503 33628 0.00429199
27931 33193 33215 0.000787655
28428 33310 33389 0.00277895
30207 34212 34362 0.00496574
29213 34587 34584 -0.000102694
29237 34177 34046 -0.00448062
28934 33836 33932 0.0033179
28055 33580 33438 -0.00506149
29218 33587 33672 0.00290917
28311 34018 33865 -0.00540426
28255 34109 34108 -3.5392e-05
29317 33150 33143 -0.000238769
29826 34924 34576 -0.0116677
28537 33837 33638 -0.0069734
28262 33888 33828 -0.00212299
28048 33708 33579 -0.00459926
28120 33875 33788 -0.00309388
28450 32693 32629 -0.00224956
29063 34390 34562 0.00591818
28790 33394 33321 -0.0025356
29255 33671 33518 -0.00522988
29164 34111 34182 0.00243451
30098 35020 35061 0.00136222
28913 33972 33967 -0.000172933
27754 33731 33608 -0.00443179
27431 33358 32776 -0.0212169
28631 34207 33964 -0.0084873
27875 33813 33799 -0.000502242
29328 34266 34361 0.00323923
28320 33158 33055 -0.00363701
27587 33510 33283 -0.00822851
28701 33457 33742 0.00992997
28327 33237 33220 -0.000600134
29594 33871 34117 0.0083125
27727 32858 32872 0.000504923
30258 34627 34725 0.00323881
29481 34234 34101 -0.00451138
28910 34017 34103 0.00297475
30312 34640 34577 -0.00207838
28397 34146 34027 -0.00419058
28404 33495 33459 -0.00126743
29015 33854 34055 0.00692745
29342 34079 34057 -0.000749778
29660 33947 33958 0.00037087
29698 34679 34362 -0.0106741
28574 33706 33603 -0.00360468
29327 34725 34642 -0.00283016
30155 34909 34820 -0.00295142
28492 33412 33442 0.00105293
30190 34640 34602 -0.00125869
29067 34041 34005 -0.00123852
29033 34000 33868 -0.00454655
28685 33427 33507 0.00278891
28611 33805 33605 -0.00699032
29145 33883 33884 3.43112e-05
28161 33671 33692 0.000745712
29428 33625 33844 0.00744189
28167 32903 32884 -0.000674548
28737 34356 34381 0.000869959
28168 33507 33512 0.000177506
28990 33033 33217 0.00634702
28263 34172 34073 -0.00350281
29072 33570 33272 -0.0102504
30123 33977 34045 0.00225741
29116 34341 34359 0.000618217
28115 33206 33131 -0.00266762
28264 33883 33766 -0.00413954
27537 33102 33219 0.00424883
28060 32751 32677 -0.00263721
28199 32555 32577 0.00078017
29241 34426 34260 -0.00567696
28120 33553 33609 0.00199147
29719 33527 33633 0.00356674
27895 33662 33740 0.0027962
28925 33420 33744 0.0112014
28392 33195 33394 0.00700902
28415 33801 33556 -0.00862221
29402 34020 34162 0.0048296
27905 33096 33072 -0.000860061
28900 33537 33719 0.00629758
27397 33453 33392 -0.00222652
29205 33995 33966 -0.000992981
28394 32963 33158 0.00686765
27919 33520 33703 0.00655468
29093 33917 33902 -0.000515588
30224 35004 34971 -0.00109185
28261 33789 33671 -0.00417537
29013 34382 34460 0.00268845
29209 33639 33718 0.00270465
28801 33831 33822 -0.000312489
28714 34011 34015 0.000139305
29350 33787 33968 0.00616695
28532 33778 33757 -0.000736016
29557 34159 33997 -0.00548094
27934 34226 34222 -0.000143195
28921 34033 34191 0.00546316
28353 33297 33451 0.00543152
28540 33962 33875 -0.00304835
29183 34555 34326 -0.00784703
28642 33753 33789 0.0012569
28321 33498 33530 0.0011299
28513 33553 33645 0.0032266
28265 33536 33664 0.00452857
28793 34599 34536 -0.00218803
28721 33493 33439 -0.00188016
29092 34957 35045 0.00302489
27437 33132 33213 0.00295222
28755 33626 33612 -0.000486872
28280 33651 33502 -0.00526874
28907 33641 33842 0.00695333
29083 34140 34103 -0.00127222
29412 34274 34155 -0.00404597
29747 34518 34698 0.00605103
28968 34013 33789 -0.00773267
28906 33428 33531 0.00356327
29248 33791 33896 0.00358999
27835 33852 33844 -0.000287408
28988 34142 34297 0.00534704
30362 34519 34417 -0.00335946
29235 33651 33680 0.000991962
29492 33619 33628 0.000305168
29696 35183 34998 -0.0062298
28961 34866 34952 0.00296951
29364 34163 33860 -0.0103188
29859 34071 33961 -0.00368398
29379 34035 34017 -0.000612683
28398 33903 33872 -0.00109163
29146 34163 33685 -0.0164002
28451 33580 33610 0.00105444
28497 33872 33718 -0.00540408
29492 33843 33641 -0.00684932
29687 34416 34195 -0.00744434
28313 33279 33317 0.00134214
27842 33409 33559 0.00538754
28709 33864 33813 -0.00177645
28769 34275 34122 -0.00531822
29307 34074 33977 -0.00330979
30179 34441 34696 0.00844958
28145 33793 33646 -0.00522295
30446 34464 34478 0.000459831
29014 33547 33477 -0.00241263
29773 34734 34748 0.000470225
29913 34261 34408 0.00491425
28750 33618 33644 0.000904348
29420 34045 33890 -0.00526852
27602 33473 33424 -0.00177523
28540 33974 33956 -0.000630694
28610 33896 33753 -0.00499825
28759 33731 33628 -0.00358149
28950 33753 33486 -0.0092228
28248 33050 32973 -0.00272586
28003 33712 33681 -0.00110702
28407 33415 33500 0.00299222
28549 33241 33033 -0.00728572
28581 33750 33767 0.000594801
28381 33323 33337 0.000493288
30912 34878 34766 -0.00362319
29020 33579 33556 -0.000792557
28884 33924 33802 -0.00422379
28689 33113 33001 -0.00390394
29115 33781 33740 -0.00140821
28438 34523 34527 0.000140657
28721 33293 33351 0.00201943
29731 33646 33760 0.00383438
28691 34568 34536 -0.00111533
28725 33491 33415 -0.00264578
28948 33869 33898 0.0010018
27157 32808 32392 -0.0153183
29124 34320 34173 -0.00504738
29728 34788 34727 -0.00205194
29364 34337 34281 -0.0019071
28633 33616 33872 0.00894073
29347 34289 34256 -0.00112448
29803 34609 34693 0.00281851
28514 33918 34093 0.00613734
29480 33736 33835 0.00335821
28718 34040 33926 -0.00396964
29197 34019 34149 0.00445251
29014 33747 33759 0.000413593
30749 34918 35007 0.0028944
28777 33962 33990 0.000972999
28526 33249 33247 -7.01115e-05
28161 33408 33250 -0.0056106
29124 34269 34165 -0.00357094
28162 33214 33231 0.00060365
28566 33514 33598 0.00294056
28388 33531 33602 0.00250106
28931 34564 34344 -0.0076043
28975 33822 33787 -0.00120794
27876 33183 33084 -0.00355144
28155 34147 34160 0.00046173
28536 34133 34228 0.00332913
28381 33755 33540 -0.00757549
28722 34123 34122 -3.48165e-05
28509 34156 34230 0.00259567
29065 33376 33523 0.00505763
29045 33643 33444 -0.00685144
30280 34617 34739 0.00402906
29308 34549 34306 -0.00829125
29230 33979 33941 -0.00130003
28343 33842 33948 0.0037399
29509 34360 34399 0.00132163
29431 34359 34399 0.00135911
29497 34525 34363 -0.00549208
31095 34830 34924 0.00302299
27699 34140 34037 -0.00371855
29854 34501 34162 -0.0113553
30197 34510 34443 -0.00221876
28566 33563 33462 -0.00353567
28982 34121 34138 0.000586571
29463 34149 34349 0.00678817
29471 33975 34055 0.00271453
29816 34036 34227 0.00640596
29153 34139 34220 0.00277844
30382 34793 34941 0.00487131
29410 33860 34051 0.00649439
28564 33851 34103 0.00882229
28818 33678 33733 0.00190853
30012 34804 34736 -0.00226576
29881 33413 33434 0.000702788
27503 33027 33042 0.000545395
28476 34687 34692 0.000175586
27985 32677 32792 0.00410934
29577 33809 33933 0.00419245
29420 33918 33853 -0.00220938
29480 33469 33762 0.00993894
29396 34331 34337 0.000204109
27904 34254 34165 -0.00318951
29730 35176 35095 -0.00272452
27682 33411 33329 -0.00296221
28823 34156 34318 0.00562051
28523 33437 33410 -0.000946604
28979 34487 34510 0.000793678
29954 34771 34669 -0.00340522
28957 33365 33279 -0.00296992
29029 34733 34603 -0.00447828
28704 33082 32809 -0.00951087
29125 34562 34364 -0.00679828
29158 33598 33541 -0.00195487
28277 33621 33771 0.00530466
28971 33581 33603 0.00075938
29732 34130 34365 0.00790394
29197 33869 33735 -0.00458951
29266 33066 33112 0.00157179
29214 33997 33896 -0.00345725
28994 34446 34078 -0.0126923
29081 33807 33573 -0.00804649
28490 34286 34218 -0.0023868
28768 33874 33875 3.47608e-05
28983 33912 33893 -0.000655557
29243 34158 34175 0.000581336
28614 32952 32955 0.000104844
28357 33331 33244 -0.00306803
28934 33449 33313 -0.00470035
29539 34943 35101 0.00534886
28483 33697 33556 -0.00495032
29287 34446 34447 3.41448e-05
29181 34439 34520 0.00277578
28154 33164 33041 -0.00436883
29557 33164 33105 -0.00199614
30129 33891 34142 0.00833084
30392 34211 34153 -0.0019084
29757 34289 34337 0.00161307
29257 34606 34589 -0.000581058
29231 33544 33693 0.00509733
30214 34216 34369 0.00506388
29668 34635 34657 0.00074154
29652 34362 34289 -0.00246189
29130 32657 32605 -0.0017851
28997 33858 33862 0.000137945
27140 33409 33349 -0.00221076
28602 33865 33856 -0.000314663
28221 32895 32780 -0.00407498
28897 32898 33113 0.00744022
29392 33572 33494 -0.00265378
29357 33405 33747 0.0116497
29033 33272 33203 -0.00237661
29383 34448 34356 -0.00313106
28494 34222 34425 0.00712431
28956 33601 33779 0.00614726
29182 34398 34477 0.00270715
27837 32643 32736 0.00334088
28621 33161 33189 0.000978303
29072 34260 34326 0.00227023
29779 33888 34014 0.00423117
28797 33602 33827 0.00781331
28134 32997 32983 -0.000497619
29793 34305 34234 -0.00238311
29607 34672 34814 0.00479616
27274 33051 33028 -0.000843294
28675 33389 33232 -0.00547515
28666 33415 33516 0.00352334
28872 33776 33657 -0.00412164
29071 33909 34001 0.00316467
30767 34058 34124 0.00214516
28479 33710 33255 -0.0159767
28652 34680 34308 -0.0129834
29606 34389 34439 0.00168885
28950 34109 34094 -0.000518135
28922 34128 33798 -0.01141
28865 33712 33858 0.00505803
29184 34451 34550 0.00339227
28884 34071 34068 -0.000103864
28567 33377 33431 0.00189029
30013 35128 35083 -0.00149935
30228 33733 33668 -0.00215032
28900 33196 33177 -0.000657439
27805 33730 33651 -0.00284122
27985 33047 33013 -0.00121494
27849 34220 34297 0.00276491
28937 34452 34464 0.000414694
28732 33768 33613 -0.00539468
29064 34860 34812 -0.00165153
28016 33232 33198 -0.00121359
28252 33270 33104 -0.00587569
29915 34294 34289 -0.00016714
28502 33434 33507 0.00256122
28949 34107 34132 0.000863588
29944 34818 34803 -0.000500935
28768 33906 34139 0.00809928
28542 33334 33440 0.00371383
29000 34518 34551 0.00113793
28889 33885 33936 0.00176538
29798 34750 34759 0.000302034
29504 33880 33582 -0.0101003
27467 33233 33114 -0.00433247
28554 33425 33396 -0.00101562
28472 33641 33531 -0.00386344
28187 33366 33223 -0.00507326
28857 33484 33378 -0.00367329
29584 34766 34777 0.000371823
28914 32730 32742 0.000415024
28788 35353 35213 -0.00486314
28420 34328 33986 -0.0120338
29571 33430 33506 0.00257009
29328 33464 33311 -0.00521686
29127 33659 33751 0.00315858
28235 33698 33330 -0.0130335
30172 35422 35652 0.00762296
29212 34033 33850 -0.00626455
27796 32501 32622 0.00435314
28486 33015 33109 0.00329987
29430 35505 35455 -0.00169895
27680 33181 33143 -0.00137283
28334 32972 33192 0.00776452
28963 34139 33942 -0.00680178
29245 33311 33452 0.00482134
29928 34074 34030 -0.0014702
26846 32507 32259 -0.00923788
28465 33550 33434 -0.00407518
29043 33576 33408 -0.00578453
28764 33434 33348 -0.00298985
27804 34036 34025 -0.000395627
28653 34056 34041 -0.000523505
28949 34021 33986 -0.00120902
29247 34349 34363 0.000478682
28326 33754 33771 0.000600155
29491 34570 34546 -0.000813808
28852 33367 33511 0.00499099
28898 33968 33711 -0.00889335
29245 33865 33703 -0.00553941
28662 33989 33909 -0.00279115
29061 33821 33782 -0.001342
28783 33799 33805 0.000208456
30111 33884 33775 -0.00361994
29017 33052 33122 0.00241238
29178 33800 33703 -0.00332442
28687 34067 33985 -0.00285844
29666 34414 34406 -0.000269669
29176 33311 33368 0.00195366
29808 34332 34189 -0.00479737
28450 33210 33228 0.000632689
27870 32743 32608 -0.00484392
28422 33066 33077 0.000387024
28606 34089 34156 0.00234217
29325 34108 33691 -0.0142199
28955 33968 34028 0.00207218
29979 34292 34162 -0.00433637
29215 34031 34101 0.00239603
29261 34404 34251 -0.0052288
29498 34148 34115 -0.00111872
27405 33798 33743 -0.00200693
29571 34545 34617 0.00243482
29014 34364 34107 -0.00885779
28473 34005 34003 -7.0242e-05
29018 33727 33445 -0.00971811
28739 33578 33649 0.00247051
28825 34071 33934 -0.00475282
28225 33488 33479 -0.000318866
28310 33709 33701 -0.000282586
28169 33938 33794 -0.005112
29111 33733 33582 -0.00518704
28955 34115 34226 0.00383353
28775 33537 33853 0.0109818
29046 33490 33303 -0.00643806
29577 35221 35025 -0.00662677
29218 34515 34629 0.0039017
30050 34001 33987 -0.00046589
29306 34372 34173 -0.00679042
29572 33572 33522 -0.00169079
28467 34105 34126 0.000737696
28821 34517 34400 -0.00405954
30369 35328 34955 -0.0122823
29647 33537 33641 0.00350794
30488 35449 35319 -0.00426397
29670 34698 34364 -0.0112572
29967 34534 34570 0.00120132
28210 32915 32941 0.000921659
29337 33983 34056 0.00248833
28380 34097 34025 -0.002537
28770 34023 33804 -0.0076121
28939 33934 33853 -0.00279899
29498 33972 34041 0.00233914
28894 33454 33424 -0.00103828
28750 33977 33892 -0.00295652
27652 33123 33075 -0.00173586
29192 33264 33321 0.00195259
28294 33354 33414 0.00212059
30267 34160 34102 -0.00191628
29040 34056 33830 -0.00778237
29593 34316 33998 -0.0107458
29782 34446 34312 -0.00449936
28946 34863 34810 -0.001831
28991 34318 34259 -0.00203511
29888 33678 34111 0.0144874
28665 32996 32948 -0.00167452
29003 34300 34277 -0.000793021
28731 33781 33801 0.000696112
29736 34264 34249 -0.000504439
29197 33804 33779 -0.000856252
28591 32762 33079 0.0110874
29978 33856 33930 0.00246848
29470 34198 34136 -0.00210383
29129 34085 34026 -0.00202547
28877 34514 34446 -0.00235482
29347 33824 33926 0.00347565
29341 33384 33512 0.0043625
28936 34214 34204 -0.00034559
27661 33238 32970 -0.00968873
29512 33833 33616 -0.00735294
28749 34872 34793 -0.00274792
28764 33666 33748 0.00285079
29422 35069 34844 -0.00764734
30509 35018 35013 -0.000163886
29909 34304 34336 0.00106991
28872 33953 34017 0.00221668
29149 33242 33258 0.000548904
28828 33076 33106 0.00104065
29706 34117 34226 0.00366929
28635 33860 33871 0.000384145
28977 33214 33229 0.000517652
28854 34241 34118 -0.00426284
27667 34187 34179 -0.000289153
28864 33809 33721 -0.00304878
29664 34536 34555 0.000640507
27837 33051 33114 0.00226317
29607 34187 34244 0.00192522
28438 33133 33038 -0.0033406
28370 33228 33148 -0.00281988
30457 34752 34776 0.000787996
28535 33580 33622 0.00147188
28487 33634 34006 0.0130586
28967 34246 34056 -0.00655919
28362 34147 34090 -0.00200973
29604 33924 34005 0.00273612
28758 34437 34262 -0.00608526
29871 34302 34270 -0.00107127
29229 33505 33613 0.00369496
29476 34144 34078 -0.00223911
28841 33733 33854 0.00419542
29631 34738 34758 0.000674969
30522 34695 34535 -0.00524212
28550 32830 33032 0.00707531
28576 33085 33015 -0.00244961
29230 34865 34711 -0.00526856
29573 34277 34163 -0.00385487
28848 33889 33611 -0.00963672
28584 33815 33855 0.00139938
29810 34990 35108 0.0039584
30399 34602 34528 -0.00243429
29938 34484 34684 0.00668047
29566 33882 33778 -0.00351755
28857 33201 33394 0.00668815
28775 33611 33845 0.00813206
28771 33315 33576 0.00907163
28682 34025 34009 -0.000557841
29365 33033 33023 -0.000340541
28837 33627 33638 0.000381454
28638 33494 33587 0.00324743
28510 33849 33712 -0.00480533
28390 33899 34010 0.00390983
28828 33287 33139 -0.0051339
29332 33470 33202 -0.00913678
28647 33817 33821 0.000139631
28606 32711 32857 0.00510382
29936 34649 34482 -0.00557857
27717 32858 32868 0.000360789
30422 34379 34304 -0.00246532
29028 34189 34337 0.00509853
28379 34745 34619 -0.0044399
28790 33847 33971 0.00430705
28634 33493 33477 -0.000558776
29556 33992 34077 0.0028759
28496 33350 33254 -0.00336889
27952 33398 33382 -0.00057241
28184 33676 33580 -0.00340619
28535 34169 34013 -0.00546697
28938 33557 33643 0.00297187
29593 33851 33896 0.00152063
27804 32695 32535 -0.00575457
28519 33234 33177 -0.00199867
28797 33618 33595 -0.000798694
28965 34068 34018 -0.00172622
28956 33462 33724 0.00904821
29860 34906 34970 0.00214334
28795 33431 33236 -0.00677201
28663 33997 33950 -0.00163974
29447 34846 34842 -0.000135837
29589 34471 34573 0.00344723
28572 34511 34497 -0.00048999
29744 34188 34305 0.00393357
28903 32904 32685 -0.00757707
29569 34344 34243 -0.00341574
28392 33990 34168 0.00626937
29365 33292 33260 -0.00108973
30238 34632 34617 -0.000496065
28195 33502 33839 0.0119525
28192 33032 33104 0.00255392
27946 32954 32749 -0.00733558
28083 33958 34043 0.00302674
27935 33728 33678 -0.00178987
29180 34747 34758 0.000376971
28334 33448 33424 -0.000847039
29066 33920 33742 -0.00612399
27642 33435 33264 -0.00618624
29231 33064 33184 0.00410523
28103 33609 33591 -0.000640501
28985 33855 33760 -0.00327756
28044 33563 33399 -0.00584795
28925 33190 32945 -0.00847018
29505 33969 33568 -0.0135909
29562 33507 33445 -0.00209729
29593 33887 33923 0.0012165
28414 33384 33399 0.000527909
29255 33380 33552 0.00587934
28677 33196 33279 0.00289431
28780 33715 33845 0.00451703
28119 33700 33623 -0.00273836
27869 32980 32980 0
29715 34477 34387 -0.00302877
28300 33722 33598 -0.00438163
29711 34608 34288 -0.0107704
29140 33774 33780 0.000205903
29816 34715 34685 -0.00100617
29770 33723 33758 0.00117568
27396 33309 33203 -0.00386918
29293 34373 34385 0.000409654
28639 33237 33152 -0.00296798
28689 33009 33245 0.00822615
29078 35042 34964 -0.00268244
28139 34207 33906 -0.0106969
28568 34060 34050 -0.000350042
29450 34084 34128 0.00149406
28691 33678 33507 -0.00596006
28667 33620 33387 -0.00812781
28586 33889 34028 0.00486252
28742 33587 33576 -0.000382715
29457 34125 34393 0.00909801
28515 33175 33069 -0.00371734
29269 34472 34519 0.00160579
29154 34534 34437 -0.00332716
30181 34834 34823 -0.000364468
28824 33402 33450 0.00166528
28837 33654 33664 0.000346777
29540 34145 34164 0.000643196
28287 33894 33734 -0.00565631
28873 33814 33855 0.00142001
28503 33467 33379 -0.00308739
28464 34212 34197 -0.000526981
29097 33956 33764 -0.00659862
28883 33880 34022 0.00491639
29297 34215 34096 -0.00406185
27565 34405 34398 -0.000253945
28121 33958 34000 0.00149355
28972 34186 34319 0.00459064
28896 34142 34043 -0.00342608
28323 34294 34527 0.00822653
29413 34081 34078 -0.000101996
28034 33093 33068 -0.000891774
29482 34331 34249 -0.00278136
29150 33380 33395 0.00051458
27476 32971 32938 -0.00120105
30163 33595 33606 0.000364685
28845 33168 33048 -0.00416017
28617 33652 33805 0.00534647
28004 33368 33689 0.0114626
28881 33837 33940 0.00356636
28643 33878 33847 -0.00108229
28833 33727 33749 0.000763015
29604 33988 33798 -0.00641805
28938 33974 34103 0.00445781
29332 33270 33256 -0.000477294
29619 33841 33872 0.00104663
29262 33887 33745 -0.00485271
28621 34346 34056 -0.0101324
29005 33994 33794 -0.00689536
28309 33312 33361 0.0017309
28938 33802 33737 -0.00224618
28760 34184 33673 -0.0177677
28749 34555 34060 -0.017218
28109 33665 33743 0.00277491
29602 33432 33408 -0.000810756
28691 33773 33672 -0.00352027
29050 33742 33548 -0.00667814
30263 33738 33759 0.000693917
27776 33011 32990 -0.000756048
28908 33455 33586 0.00453162
28950 33652 33527 -0.00431779
27657 33302 32964 -0.0122211
28735 33897 33852 -0.00156603
28119 33706 33689 -0.000604573
28504 34376 34273 -0.00361353
29480 34484 34582 0.00332429
28951 34470 34629 0.00549204
28907 34094 33879 -0.00743764
28521 33745 33860 0.00403212
28634 34982 34760 -0.00775302
29078 33696 33648 -0.00165073
28933 33815 33781 -0.00117513
28602 33961 33913 -0.0016782
29797 34381 34425 0.00147666
27631 33115 33034 -0.00293149
28902 33884 33953 0.00238738
28556 34088 33894 -0.00679367
29508 34357 34308 -0.00166057
28853 33452 33432 -0.000693169
29321 34356 34178 -0.00607073
28879 34459 34238 -0.00765262
29206 33118 33020 -0.00335547
28412 33521 33733 0.00746164
29687 34096 34132 0.00121265
29734 34314 34377 0.00211879
28639 32658 32659 3.49174e-05
29606 34961 35063 0.00344525
28923 34631 34810 0.00618885
28432 34947 34894 -0.0018641
27851 33416 33347 -0.00247747
27516 33163 33156 -0.000254397
29756 35134 35229 0.00319263
27910 33011 33074 0.00225726
27860 32990 33148 0.00567121
29633 34382 34416 0.00114737
28912 34339 34415 0.00262867
29125 34103 34105 6.86695e-05
30103 34522 34654 0.00438495
29304 34459 34422 -0.00126263
29013 33824 33560 -0.00909937
28278 33253 33321 0.0024047
27851 33717 33737 0.000718107
28132 34349 33966 -0.0136144
28770 34434 34641 0.00719499
28571 33723 33704 -0.00066501
27788 33630 33601 -0.00104362
29701 34785 34469 -0.0106394
29085 33830 33985 0.00532921
29074 33729 33746 0.000584715
29228 35116 35281 0.00564527
29509 34897 34714 -0.0062015
28231 34205 34217 0.000425065
28147 33740 33677 -0.00223825
29243 34070 34244 0.00595014
29149 33794 33861 0.00229854
28579 33637 33773 0.00475874
29353 33771 33618 -0.00521241
27818 32471 32491 0.000718959
28864 33225 33185 -0.00138581
29579 33974 34082 0.00365124
28975 33858 33714 -0.0049698
30608 34877 34843 -0.00111082
29222 34729 34773 0.00150571
29377 34658 34625 -0.00112333
28409 33959 33985 0.000915203
29794 33914 34268 0.0118816
29807 34777 34894 0.00392525
29778 34025 34041 0.000537309
30452 34843 34618 -0.00738868
28267 33846 33946 0.00353769
29570 34494 34613 0.00402435
28711 34009 34109 0.00348299
28328 33437 33360 -0.00271816
29211 34158 34198 0.00136935
29260 34965 35046 0.00276828
28947 33848 33908 0.00207275
29233 34052 33904 -0.00506277
28204 33553 33668 0.00407744
29022 33909 33942 0.00113707
30210 34572 34435 -0.00453492
28570 33367 33274 -0.00325516
28888 34764 34768 0.000138466
28953 33902 34018 0.00400649
28648 33642 33718 0.00265289
29241 33694 33855 0.00550597
29004 33142 33148 0.000206868
29525 34599 34241 -0.0121253
29522 33294 33331 0.0012533
28172 33443 33445 7.09925e-05
28497 33668 33949 0.00986069
29288 33470 33283 -0.00638487
29265 33890 33851 -0.00133265
28349 33239 33399 0.00564394
29063 34023 33938 -0.00292468
29379 33285 33253 -0.00108921
28740 34231 34148 -0.00288796
29200 33266 33383 0.00400685
29191 33796 33637 -0.00544688
29460 33467 33824 0.0121181
28922 33016 32880 -0.0047023
28624 33661 33605 -0.0019564
29692 34629 34650 0.000707261
29017 34092 33948 -0.00496261
27800 33853 33803 -0.00179856
29304 34187 34201 0.00047775
28571 34067 34090 0.000805012
29343 33795 33732 -0.00214702
30029 34293 34216 -0.00256419
28914 34372 34337 -0.00121049
28228 33421 33582 0.00570356
28863 34147 34101 -0.00159374
29513 34284 34434 0.00508251
28891 34426 34402 -0.000830709
29172 33840 33918 0.0026738
28101 33684 33563 -0.0043059
28925 33629 33546 -0.00286949
29419 34176 34110 -0.00224345
28490 33996 33805 -0.00670411
29462 34474 34287 -0.00634716
28165 33453 33402 -0.00181076
28564 34172 34318 0.00511133
27945 33917 33900 -0.000608338
29407 34414 34326 -0.00299248
28220 33671 33590 -0.0028703
29894 34395 34559 0.00548605
29283 34038 33966 -0.00245876
26808 32736 32688 -0.00179051
27899 33914 34266 0.0126169
28617 33326 33288 -0.00132788
29108 33783 33789 0.000206129
29023 33373 33481 0.00372119
