21226 25916 25966 0.0023556
21268 25597 25674 0.00362046
22058 25841 26213 0.0168646
21794 26721 26777 0.00256951
21409 25830 25714 -0.00541828
21004 26136 26134 -9.522e-05
22136 26456 26428 -0.00126491
22471 26036 26104 0.00302612
21786 26239 26289 0.00229505
21976 25274 25456 0.00828176
21855 26017 26084 0.00306566
21667 25572 25659 0.00401532
21831 25145 25183 0.00174064
23590 26550 26617 0.00284019
21344 25920 25874 -0.00215517
20998 25317 25572 0.012144
22176 26471 26516 0.00202922
21717 26282 26272 -0.000460469
21265 25472 25322 -0.00705384
21612 25831 26010 0.00828244
22418 26280 26181 -0.00441609
22437 25775 25728 -0.00209475
21048 25272 25376 0.00494109
21902 25492 25604 0.00511369
22565 26257 25906 -0.0155551
21734 25548 25479 -0.00317475
21875 25993 25999 0.000274286
22747 26655 26624 -0.00136282
20878 25678 25539 -0.00665773
21557 25678 25743 0.00301526
21549 26508 26258 -0.0116015
21305 25603 25639 0.00168974
21484 26091 26069 -0.00102402
21356 25604 25596 -0.000374602
21897 25572 25563 -0.000411015
21396 25587 25486 -0.00472051
22171 25868 25821 -0.00211989
22565 26658 26625 -0.00146244
22315 26387 26345 -0.00188214
20838 25731 25679 -0.00249544
22714 26980 26930 -0.00220129
21099 26167 26048 -0.00564008
22489 26367 26499 0.00586954
21714 26166 26405 0.0110067
20814 25484 25486 9.60892e-05
23476 27011 27010 -4.25967e-05
22177 25870 25874 0.000180367
22077 26269 26284 0.00067944
22101 25912 25878 -0.00153839
22206 25643 25458 -0.00833108
21369 25261 25202 -0.00276101
21601 25880 26116 0.0109254
20874 25322 25213 -0.00522181
21599 26255 26280 0.00115746
21714 26092 26144 0.00239477
21433 25880 25607 -0.0127374
21675 26007 26141 0.00618224
21658 26249 26209 -0.00184689
22850 26077 26132 0.002407
21589 25339 25397 0.00268655
21985 25796 25943 0.00668638
22007 25694 25649 -0.0020448
21702 26669 26642 -0.00124412
22902 27135 26922 -0.0093005
20574 24315 24416 0.00490911
20428 25492 25246 -0.0120423
22566 25925 25817 -0.00478596
21531 25878 25768 -0.00510891
20985 25243 25251 0.000381225
20803 25837 25782 -0.00264385
21578 26162 26140 -0.00101956
21517 25958 26081 0.00571641
21320 26944 26836 -0.00506567
21646 25921 26021 0.00461979
21189 25619 25566 -0.0025013
20772 25193 25156 -0.00178124
21842 25871 25889 0.0008241
22336 25921 26021 0.00447708
22161 26294 26282 -0.000541492
21723 26077 26003 -0.00340653
20232 24819 24712 -0.00528865
21630 25839 25806 -0.00152566
21583 25461 25516 0.0025483
20679 25314 25172 -0.00686687
20969 25775 25752 -0.00109686
21385 26086 26021 -0.00303951
21650 25328 25412 0.00387991
21772 26595 26423 -0.00790006
22643 26618 26563 -0.00242901
21944 26406 26417 0.000501276
22662 27034 27147 0.00498632
22570 26281 26228 -0.00234825
21694 26210 26240 0.00138287
22034 25724 25691 -0.00149769
21468 26810 26696 -0.00531023
21253 25534 25631 0.00456406
21688 25836 25779 -0.00262818
21793 26536 26485 -0.0023402
21371 25710 25928 0.0102007
20907 25885 25923 0.00181757
21487 26542 26569 0.00125657
21546 26591 26668 0.00357375
21682 26283 26263 -0.000922424
21974 26088 25885 -0.00923819
22118 25875 25990 0.00519939
22304 26668 26554 -0.00511119
21732 25380 25426 0.00211669
21386 25451 25529 0.00364725
21478 25709 25692 -0.000791508
22497 26626 26660 0.00151131
22012 26360 26404 0.00199891
22271 25399 25541 0.006376
21564 25904 25976 0.0033389
21251 25727 25614 -0.0053174
21210 24985 24898 -0.00410184
21288 25306 25268 -0.00178504
21342 25279 25282 0.000140568
21899 26064 26030 -0.00155258
21275 26490 26195 -0.013866
21457 25805 25769 -0.00167777
21876 25916 25940 0.00109709
21938 25893 25782 -0.00505971
22211 26303 26279 -0.00108055
20897 25483 25438 -0.00215342
22022 26233 26041 -0.00871855
20992 26214 26256 0.00200076
21724 25680 25501 -0.00823973
22313 26202 26304 0.00457133
21193 25728 25777 0.00231208
22270 26676 26581 -0.00426583
22502 26145 26152 0.000311083
21653 26191 26238 0.0021706
21616 25803 25851 0.00222058
21389 26337 26182 -0.00724672
22371 26288 26340 0.00232444
20675 25883 25991 0.0052237
21379 26065 26173 0.00505169
22520 26635 26804 0.00750444
21354 25286 25211 -0.00351222
22253 26258 26212 -0.00206714
21088 25293 25084 -0.00991085
21816 25673 25657 -0.000733407
20318 24782 24378 -0.0198838
21317 25537 25219 -0.0149177
21341 25788 25703 -0.00398294
21419 26183 26233 0.00233438
22601 26501 26469 -0.00141587
20941 25513 25500 -0.000620792
23684 26855 26879 0.00101334
21037 25537 25603 0.00313733
22291 26199 26188 -0.000493473
21420 25489 25447 -0.00196078
22002 25582 25654 0.00327243
21411 25606 25688 0.00382981
22097 25876 26023 0.00665249
22986 26417 26417 0
21452 25723 25547 -0.00820436
21791 25766 25768 9.1781e-05
22166 25608 25508 -0.00451141
21743 25775 25775 0
22355 26417 26334 -0.00371282
22073 26027 26249 0.0100575
21713 26057 25949 -0.00497398
22455 26281 26377 0.00427522
20505 25491 25477 -0.00068276
21826 25736 25789 0.0024283
20615 26019 26006 -0.000630609
21460 26204 26412 0.00969245
22275 26365 26414 0.00219978
22751 26299 26334 0.00153839
20872 25867 25863 -0.000191644
21213 26525 26371 -0.0072597
21815 26228 26182 -0.00210864
21428 25317 25499 0.00849356
21809 26478 26384 -0.00431015
21099 26433 26356 -0.00364946
21885 26087 26100 0.000594014
21649 25865 25855 -0.000461915
21821 26327 26079 -0.0113652
22214 25738 25824 0.00387143
22707 26341 26345 0.000176157
22071 25968 25916 -0.00235603
21289 25802 25926 0.0058246
21346 25870 25830 -0.00187389
22840 26350 26472 0.00534151
22471 26331 26430 0.00440568
21369 25570 25564 -0.000280781
20629 25100 25064 -0.00174512
21797 26366 26048 -0.0145892
22319 26719 26732 0.000582463
21615 25726 25515 -0.00976174
21934 26286 26289 0.000136774
22875 26032 25982 -0.00218579
22311 27053 26938 -0.00515441
21152 26196 26223 0.00127648
21639 25920 25920 0
21625 25978 25891 -0.00402312
21212 25347 25352 0.000235716
21325 25690 25653 -0.00173505
20671 25853 25791 -0.00299937
23240 27749 27707 -0.00180723
22372 26562 26364 -0.00885035
22681 25995 25994 -4.40898e-05
21167 26697 26694 -0.00014173
22209 25939 25811 -0.00576343
20326 24876 24829 -0.00231231
21456 26191 26027 -0.00764355
21677 26139 26063 -0.00350602
21182 25589 25395 -0.00915872
21663 25716 25861 0.00669344
21047 24584 24728 0.00684183
21799 26651 26643 -0.000366989
21305 25964 25900 -0.00300399
22016 26750 26794 0.00199855
21186 26096 25975 -0.00571132
21571 25919 25894 -0.00115896
21992 25257 25285 0.00127319
21110 26019 25689 -0.0156324
21498 25926 25934 0.000372128
22138 25723 25704 -0.000858253
21660 26500 26403 -0.0044783
21200 25692 25383 -0.0145755
23091 27032 26886 -0.00632281
21184 25357 25334 -0.00108573
21870 26410 26311 -0.00452675
22201 26295 26395 0.0045043
21895 25753 25771 0.000822106
20955 25501 25532 0.00147936
21501 26170 26152 -0.00083717
22486 25823 25864 0.00182336
22167 26615 26413 -0.00911264
21776 26044 26020 -0.00110213
22066 26660 26606 -0.0024472
21695 25754 25845 0.00419451
22068 25693 25781 0.00398767
20972 25223 25249 0.00123975
21347 26089 26044 -0.00210802
21644 25627 25589 -0.00175568
21795 26124 26074 -0.0022941
22293 25955 25972 0.000762571
21826 25713 25715 9.16338e-05
21649 26207 26196 -0.000508107
21415 25025 24958 -0.00312865
21624 25717 25573 -0.00665927
23559 26554 26417 -0.00581519
22436 27179 27107 -0.00320913
21777 25434 25475 0.00188272
20578 25412 25605 0.00937895
20580 25630 25563 -0.00325559
21272 25466 25550 0.00394885
21453 25257 25181 -0.00354263
21448 25900 25932 0.00149198
21484 26088 25976 -0.00521318
20713 25214 24965 -0.0120214
21302 25485 25517 0.00150221
22210 26028 26135 0.00481765
22185 25928 26143 0.00969123
21734 25849 25915 0.00303672
21869 26262 26300 0.00173762
21076 25553 25731 0.00844563
21525 25478 25329 -0.00692218
20846 25914 25898 -0.000767533
21486 26533 26359 -0.0080983
21605 25650 25593 -0.00263828
22405 26462 26596 0.00598081
20769 25419 25510 0.00438153
21151 26016 26024 0.000378233
21227 26052 25937 -0.00541763
21070 25981 25892 -0.00422402
22007 25128 25254 0.00572545
22185 26596 26689 0.00419202
21542 25323 25311 -0.000557051
21768 25858 25927 0.00316979
21733 26234 26231 -0.000138039
22583 26782 26784 8.85622e-05
21921 26229 26197 -0.00145979
21215 26118 26106 -0.000565638
20780 25022 24933 -0.00428296
21613 26500 26392 -0.00499699
20962 26092 26025 -0.00319626
21910 26160 26194 0.0015518
21225 24939 25003 0.00301531
20506 25451 25353 -0.00477909
21427 26118 26165 0.00219349
21076 25138 25277 0.00659518
21809 26369 26330 -0.00178825
20716 24880 24782 -0.00473064
22624 26886 26878 -0.000353607
21944 26085 26056 -0.00132155
21489 25882 25916 0.0015822
22515 26209 26129 -0.00355319
21332 25891 25928 0.00173448
21621 25535 25495 -0.00185005
22113 25976 26007 0.00140189
22001 26222 26154 -0.00309077
22522 25426 25463 0.00164284
22958 26818 26872 0.00235212
21478 25755 25899 0.00670453
22142 26462 26520 0.00261946
22251 25951 25744 -0.00930295
21510 25429 25434 0.00023245
22217 26035 25901 -0.00603142
21573 26045 26119 0.00343021
22344 26414 26326 -0.00393842
21520 25185 25111 -0.00343866
21419 25606 25402 -0.00952425
22024 26025 25854 -0.00776426
21285 26180 26266 0.0040404
21948 25733 25676 -0.00259705
21671 25418 25429 0.000507591
21759 26312 26057 -0.0117193
20853 25626 25626 0
21570 25373 25405 0.00148354
21367 26406 26510 0.00486732
21596 25788 25643 -0.00671421
23061 26761 26606 -0.0067213
21253 26221 26218 -0.000141157
21086 25178 25099 -0.00374656
21248 25383 25483 0.00470633
20682 25149 25352 0.0098153
20988 25238 25032 -0.00981513
21115 24998 24963 -0.00165759
21666 26149 26034 -0.00530786
21288 25972 26054 0.00385194
22706 25671 25690 0.000836783
21239 25616 25711 0.0044729
22137 25919 25865 -0.00243935
21796 25712 25757 0.0020646
21124 25823 25555 -0.012687
22784 26319 26376 0.00250176
20954 25283 25330 0.00224301
21731 25492 25410 -0.00377341
20541 25549 25620 0.0034565
21329 26004 26120 0.0054386
20497 25210 25176 -0.00165878
20868 26066 25978 -0.00421698
21818 26319 26293 -0.00119168
22879 26876 26903 0.00118012
20750 25574 25419 -0.00746988
21995 26284 26323 0.00177313
22029 25721 25692 -0.00131645
21572 26090 26075 -0.000695346
21445 25791 25783 -0.000373047
22280 25927 25974 0.00210952
21972 26147 26337 0.00864737
22170 26398 26352 -0.00207488
20909 26243 26166 -0.00368262
21946 26340 26310 -0.00136699
20995 25416 25444 0.00133365
21406 25755 25624 -0.00611978
22041 26716 26639 -0.00349349
21651 26003 25679 -0.0149647
21425 25648 25734 0.004014
21606 25653 25662 0.000416551
21092 25865 25784 -0.00384032
21254 25899 25688 -0.00992754
21161 25311 25201 -0.00519824
22161 26540 26427 -0.00509905
20815 25527 25442 -0.00408359
21675 25463 25666 0.00936563
21564 25787 25822 0.00162308
21520 25927 25929 9.29368e-05
22013 25893 26204 0.014128
22249 26265 26364 0.00444964
22574 26578 26425 -0.00677771
21707 26073 26005 -0.00313263
21176 25047 25100 0.00250283
22213 25681 25959 0.0125152
20908 25723 25657 -0.00315669
21430 26132 26168 0.00167989
23116 26659 26705 0.00198996
21912 25463 25669 0.00940124
21991 25851 25858 0.000318312
22166 27157 27104 -0.00239105
21770 26433 26345 -0.00404226
22254 26418 26440 0.000988586
21658 25501 25490 -0.000507895
22185 25950 25966 0.000721208
21035 26213 26188 -0.0011885
22409 26349 26117 -0.010353
21788 25600 25593 -0.000321278
21228 25854 25843 -0.000518184
22156 25797 25853 0.00252753
22149 26400 26400 0
21171 25331 25328 -0.000141703
20898 25676 25711 0.0016748
21282 25966 25997 0.00145663
21770 25913 25995 0.00376665
21724 25917 25881 -0.00165715
22447 26650 26668 0.000801889
21169 25794 25631 -0.00769994
22824 26767 26729 -0.00166491
21565 25597 25524 -0.00338511
22382 26513 26384 -0.00576356
21951 26169 26217 0.00218669
21400 25906 25813 -0.00434579
21896 26006 25933 -0.00333394
20434 25747 25792 0.00220221
21058 25579 25554 -0.0011872
21675 25977 25844 -0.0061361
21305 25837 25739 -0.00459986
21353 25465 25569 0.00487051
21243 25120 25220 0.00470743
20705 25218 25453 0.0113499
21030 25345 25288 -0.00271041
21243 25308 25247 -0.00287153
21573 25645 25898 0.0117276
21142 25553 25486 -0.00316905
23355 27012 27051 0.00166988
21810 25465 25520 0.00252178
21112 25638 25640 9.47329e-05
21829 25683 25368 -0.0144303
21887 25878 25794 -0.00383789
21380 26763 26839 0.00355472
21766 25325 25278 -0.00215933
22226 25813 25633 -0.00809862
21396 26356 26203 -0.00715087
21604 25314 25029 -0.013192
21835 26030 26011 -0.000870163
20656 25284 25216 -0.00329202
21881 26111 26088 -0.00105114
21920 26360 26343 -0.000775547
22008 26292 26305 0.000590694
21956 25808 25876 0.0030971
21890 25789 25966 0.00808588
22378 26419 26488 0.00308339
21335 26375 26539 0.0076869
22358 26304 26289 -0.000670901
21271 25857 25785 -0.00338489
22184 26137 26077 -0.00270465
21760 25914 25792 -0.00560662
23260 26854 26531 -0.0138865
21519 26265 26287 0.00102235
21414 25357 25576 0.010227
21105 25119 25278 0.00753376
21972 25956 25713 -0.0110595
21231 25672 25587 -0.00400358
21485 26107 26146 0.00181522
20931 25832 25859 0.00128995
21559 26516 26392 -0.00575166
21491 25718 25865 0.00684007
21182 25341 25735 0.0186007
21161 25360 25437 0.00363877
21500 26067 26083 0.000744186
21372 25621 25734 0.00528729
21229 25548 25752 0.0096095
21433 26071 26192 0.0056455
21740 25203 25265 0.00285189
22320 25827 25974 0.00658602
22671 26379 26340 -0.00172026
21236 25987 26057 0.00329629
21947 25793 25742 -0.00232378
21266 25736 25704 -0.00150475
21655 26041 25978 -0.00290926
22149 26022 26219 0.00889431
22235 26845 26680 -0.00742073
23771 26840 26996 0.00656262
20612 25923 26029 0.00514264
22548 26250 26456 0.00913607
22356 25941 26096 0.00693326
21145 25143 25257 0.00539135
21494 25959 25833 -0.0058621
22259 26288 26266 -0.000988364
21908 25765 25587 -0.00812489
21756 26104 26048 -0.002574
22064 26766 26604 -0.00734228
23328 27184 27091 -0.00398663
21837 25692 25755 0.00288501
21839 25934 25944 0.000457896
21539 25974 26090 0.00538558
22545 26478 26496 0.000798403
22596 25553 25591 0.00168171
20494 25356 25391 0.00170782
21695 26583 26599 0.000737497
20691 25151 25199 0.00231985
22314 26187 26060 -0.00569149
21737 25689 25545 -0.00662465
22148 25777 25675 -0.00460538
21900 26208 26004 -0.00931507
20385 25786 25812 0.00127545
22046 26872 26618 -0.0115214
21362 25247 25416 0.00791124
21596 26273 26395 0.00564919
21511 25498 25665 0.00776347
21547 26084 26134 0.00232051
22641 26268 26189 -0.00348925
22740 26236 26177 -0.00259455
21661 26207 26062 -0.00669406
21371 25565 25556 -0.000421131
22003 26330 26329 -4.54483e-05
22005 25701 25681 -0.000908884
21163 26004 26086 0.00387469
21468 25772 25749 -0.00107136
22230 26035 26134 0.00445344
21770 25313 25124 -0.00868167
21945 25592 25628 0.00164046
22079 26410 26418 0.000362335
21466 25983 26122 0.00647536
21859 25818 25915 0.00443753
20956 25740 25791 0.00243367
20989 25448 25516 0.00323979
21854 26217 26134 -0.00379793
22098 26006 26015 0.000407277
21278 25036 25084 0.00225585
21154 25388 25320 -0.00321452
21648 25378 25294 -0.00388027
21959 26724 26785 0.0027779
21368 26032 26011 -0.000982778
22086 26706 26680 -0.00117722
21414 26216 25970 -0.0114878
20616 25365 25154 -0.0102348
22918 26103 26113 0.000436338
22309 25985 26085 0.0044825
22754 26547 26442 -0.00461457
22574 26384 26344 -0.00177195
22057 26188 26253 0.00294691
22040 26315 26219 -0.00435572
22208 26461 26533 0.00324207
21904 26178 25994 -0.00840029
22361 25976 25860 -0.0051876
22143 25178 25291 0.00510319
21896 25553 25748 0.00890574
20468 25455 25457 9.77135e-05
21529 25690 25692 9.2898e-05
21409 25540 25381 -0.00742678
21844 25366 25339 -0.00123604
21705 25266 25408 0.00654227
22090 25903 25805 -0.0044364
21910 25238 25338 0.00456413
22091 26584 26424 -0.00724277
20969 25621 25587 -0.00162144
21951 25653 25947 0.0133935
22010 26602 26623 0.000954112
20932 25016 25110 0.00449073
21277 24974 25188 0.0100578
21614 26237 26243 0.000277598
22363 26424 26422 -8.94334e-05
21752 26199 26178 -0.000965428
20970 25036 25074 0.00181211
21849 25943 26073 0.00594993
22178 26304 26379 0.00338173
20460 25020 24895 -0.00610948
21702 25401 25392 -0.000414708
21731 25889 25809 -0.00368138
21654 25743 25696 -0.0021705
21735 25689 25586 -0.0047389
22737 26050 25971 -0.00347451
21443 25813 25679 -0.00624913
21744 26546 26401 -0.00666851
22696 26449 26462 0.000572788
21640 25944 25799 -0.00670055
22090 26298 26289 -0.000407424
21583 25509 25318 -0.00884956
22004 25924 25898 -0.0011816
21489 25568 25541 -0.00125646
21421 25797 25822 0.00116708
22975 26691 26785 0.0040914
22523 25706 25683 -0.00102118
21834 25339 25377 0.0017404
21122 25451 25449 -9.4688e-05
20925 25219 25103 -0.00554361
20728 25939 25912 -0.00130259
22047 26213 26608 0.0179163
21866 26148 26113 -0.00160066
21660 26248 26371 0.00567867
20969 25380 25498 0.00562735
21134 25460 25525 0.00307561
22559 26133 26041 -0.00407819
21289 25746 25654 -0.00432148
21597 25858 25919 0.00282447
22813 26829 26601 -0.0099943
22141 26899 26890 -0.000406486
21391 25783 25847 0.00299191
21360 26387 26347 -0.00187266
22073 26530 26686 0.00706746
22118 26555 26315 -0.0108509
22159 25466 25690 0.0101088
20585 24982 24996 0.000680107
21464 25543 25761 0.0101565
20906 25507 25489 -0.000860997
20599 25529 25461 -0.00330113
21944 25741 25723 -0.00082027
22279 26672 26614 -0.00260335
21619 25197 25164 -0.00152644
21403 26943 26777 -0.00775592
21295 25864 26184 0.015027
22057 25273 25347 0.00335494
22089 25530 25505 -0.00113179
21325 25776 25761 -0.0007034
21013 25459 25514 0.00261743
22715 27558 27505 -0.00233326
22094 26124 26193 0.00312302
21341 25311 25426 0.00538869
21536 25404 25565 0.00747585
21962 26473 26584 0.00505418
20706 25272 25365 0.00449145
20862 24873 24951 0.00373886
21564 25983 25923 -0.00278242
21816 25224 25220 -0.000183352
22849 26090 26077 -0.000568953
20327 25101 24933 -0.00826487
21364 25812 26004 0.00898708
21959 25644 25655 0.000500934
21636 25328 25294 -0.00157145
20259 25791 25619 -0.00849005
21561 25818 25710 -0.00500904
22245 26630 26714 0.00377613
21404 25948 25851 -0.00453186
21232 26073 25897 -0.00828937
22254 26150 26155 0.000224679
22124 25435 25535 0.00451998
21586 25536 25563 0.00125081
22073 25803 25678 -0.00566303
21511 25979 26030 0.00237088
21633 25678 25664 -0.000647159
21131 25640 25426 -0.0101273
22412 25989 26001 0.000535427
21859 25480 25551 0.00324809
21434 25509 25398 -0.00517869
21736 26720 26791 0.00326647
22486 26224 26223 -4.44721e-05
22992 25873 26092 0.00952505
22215 26268 26245 -0.00103534
21799 25807 25810 0.000137621
20865 25489 25527 0.00182123
20974 25384 25260 -0.00591208
21405 26063 26020 -0.00200888
22020 25701 25797 0.00435967
21758 26378 26298 -0.00367681
22429 25927 26096 0.00753489
21673 26045 25934 -0.00512158
21879 26079 26095 0.000731295
22767 26231 26247 0.000702772
20038 25718 25715 -0.000149716
21983 26812 26796 -0.000727835
21307 25732 25637 -0.00445863
21714 25802 25960 0.00727641
21390 25309 25286 -0.00107527
20931 25454 25496 0.00200659
22063 26529 26525 -0.000181299
21310 25721 25615 -0.00497419
21275 25777 26173 0.0186134
20988 25807 25769 -0.00181056
22204 25770 25875 0.00472888
21404 26091 26007 -0.0039245
22023 26147 26213 0.00299687
21694 25560 25589 0.00133678
22095 27018 27108 0.00407332
21937 26641 26742 0.00460409
21966 25566 25551 -0.000682874
22177 26390 26242 -0.00667358
21673 25322 25374 0.0023993
21707 25974 26008 0.00156632
21312 26148 26327 0.00839902
22069 26593 26486 -0.00484843
22440 25928 25925 -0.00013369
22910 27076 26955 -0.00528154
22764 26512 26561 0.00215252
22144 25757 25887 0.00587066
20962 25369 25207 -0.00772827
22221 26095 26261 0.00747041
21564 26376 26374 -9.27472e-05
21329 25666 25550 -0.0054386
21524 25299 25529 0.0106857
22081 26196 26120 -0.00344187
22134 26056 26066 0.000451794
21519 26217 25921 -0.0137553
20697 25538 25385 -0.00739238
21786 25477 25460 -0.000780318
20730 25424 25303 -0.00583695
22636 26045 26064 0.000839371
22040 26083 26338 0.0115699
22056 26283 26087 -0.00888647
22737 26529 26446 -0.00365044
22040 26812 26792 -0.000907441
22331 26972 26988 0.000716493
22733 25999 25969 -0.00131967
21881 25367 25355 -0.000548421
21417 25982 25788 -0.00905822
21707 26146 26073 -0.00336297
22612 26067 26211 0.0063683
22003 25805 25769 -0.00163614
22130 25655 25509 -0.00659738
22931 26237 26070 -0.00728272
22261 25730 25685 -0.00202147
21759 26132 25594 -0.0247254
22215 26921 26898 -0.00103534
21762 26032 25934 -0.00450326
22393 25689 25877 0.00839548
22246 26702 26769 0.00301178
21101 25637 25716 0.0037439
22456 26484 26485 4.45315e-05
21783 26902 26879 -0.00105587
22174 25755 25839 0.00378822
22096 26678 26867 0.00855358
22919 26948 26840 -0.00471225
22395 26134 26245 0.00495646
20713 25505 25680 0.0084488
22253 26064 26088 0.00107851
21931 25704 25697 -0.000319183
22232 26277 26182 -0.00427312
21391 25736 25683 -0.00247768
22301 25826 25804 -0.000986503
21199 26221 26040 -0.00853814
20572 26039 26086 0.00228466
21034 25246 25557 0.0147856
22014 26025 25960 -0.00295267
21007 25203 25192 -0.000523635
22646 26060 26082 0.000971474
21721 25732 25693 -0.0017955
21316 25486 25376 -0.00516044
22909 26830 26916 0.00375398
21967 25753 25666 -0.00396049
20989 25986 26191 0.00976702
21547 26223 26083 -0.00649742
21292 26076 26076 0
22488 26351 26132 -0.00973853
21423 26496 26430 -0.0030808
22176 26413 26321 -0.00414863
21886 25399 25478 0.00360961
22577 26273 26347 0.00327767
21218 25237 25192 -0.00212084
22328 26825 27064 0.010704
22861 26552 26475 -0.00336818
21302 25161 25130 -0.00145526
21529 25631 25781 0.00696735
22203 26435 26613 0.00801693
21992 26094 26101 0.000318298
21448 26067 25995 -0.00335696
21661 25998 25903 -0.00438576
22530 26653 26730 0.00341767
23143 26573 26297 -0.0119259
22332 26252 26220 -0.00143292
22371 26290 26264 -0.00116222
21591 25441 25625 0.00852207
21278 25511 25442 -0.00324279
21427 25368 24970 -0.0185747
21574 26475 26523 0.0022249
21864 25277 25173 -0.00475668
21702 25824 25925 0.00465395
21555 25716 25667 -0.00227325
21525 25694 25795 0.00469222
21292 25923 26037 0.00535412
21854 25550 25521 -0.00132699
21502 25270 25274 0.000186029
21292 25688 25686 -9.3932e-05
21402 25307 25356 0.00228951
22426 26321 26240 -0.00361188
20902 24913 24979 0.00315759
22634 26279 26319 0.00176725
21846 26319 26266 -0.00242607
21295 26304 26573 0.0126321
21413 26062 26049 -0.000607108
21885 26146 25980 -0.0075851
22125 25890 25891 4.51977e-05
21585 25596 25640 0.00203845
20817 25473 25523 0.00240188
21021 25444 25336 -0.00513772
21639 26352 26119 -0.0107676
21337 25573 25598 0.00117167
22329 25461 25680 0.00980787
20772 25147 25317 0.00818409
21960 25704 25734 0.00136612
21496 25534 25535 4.65203e-05
21972 26365 26270 -0.00432368
21541 25651 25700 0.00227473
22046 26648 26588 -0.00272158
21881 26032 25825 -0.00946026
21299 25496 25768 0.0127706
21988 26423 26394 -0.0013189
21961 26318 26415 0.00441692
20944 26153 26115 -0.00181436
22631 26287 26405 0.00521409
21758 25301 25345 0.00202224
22325 26275 26177 -0.0043897
21161 26378 26222 -0.00737205
22084 25621 25595 -0.00117732
22501 26704 26747 0.00191103
20883 25653 25545 -0.00517167
21041 24811 24865 0.00256642
21399 24954 24987 0.00154213
21010 25840 25733 -0.00509281
20975 25328 25564 0.0112515
21705 26501 26530 0.0013361
21162 25450 25385 -0.00307154
21655 25734 25721 -0.000600323
20723 25169 25182 0.000627322
21659 24951 25100 0.00687936
21172 25680 25700 0.000944644
21717 26081 26230 0.00686098
20823 25465 25337 -0.00614705
21816 25739 25791 0.00238357
22124 25938 25967 0.00131079
21767 25664 25401 -0.0120825
22082 25698 25826 0.00579658
21533 25397 25294 -0.00478336
22198 25757 25630 -0.00572124
21543 25610 25636 0.00120689
22007 25847 25846 -4.54401e-05
20912 25601 25555 -0.00219969
20584 24982 25092 0.00534396
22268 26194 26222 0.00125741
21298 26086 26082 -0.000187811
22410 26612 26514 -0.00437305
21305 25655 25513 -0.0066651
22238 26401 26483 0.00368738
21802 25666 25857 0.00876066
19865 25405 25373 -0.00161087
22371 26509 26506 -0.000134102
21588 25488 25600 0.00518807
21343 25109 24891 -0.0102141
21884 27392 27311 -0.00370133
21396 25757 25724 -0.00154234
21477 26083 26083 0
22533 26795 26712 -0.00368349
21684 25687 25624 -0.00290537
21414 25058 24847 -0.00985337
20918 25230 25271 0.00196003
21587 25811 25686 -0.00579052
22070 26428 26392 -0.00163117
21184 25676 25579 -0.00457893
21749 26001 25988 -0.000597729
21712 26947 26975 0.00128961
22491 26236 26175 -0.0027122
21633 25219 25344 0.00577821
21401 25281 25276 -0.000233634
22182 26153 26306 0.00689748
20541 25480 25704 0.010905
21772 25923 25939 0.000734889
20933 25168 25008 -0.00764343
22151 26261 26219 -0.00189608
22047 26136 26139 0.000136073
21666 25825 26012 0.00863103
22131 26008 26030 0.000994081
20656 26642 26598 -0.00213013
20605 25817 25819 9.70638e-05
21990 26209 25856 -0.0160528
21418 25748 25751 0.000140069
21579 26329 26127 -0.00936095
22408 25817 25782 -0.00156194
21682 25959 25936 -0.00106079
22253 26058 26070 0.000539253
21475 25488 25437 -0.00237485
20215 25046 24959 -0.00430373
22631 25879 25849 -0.00132562
21309 25463 25274 -0.00886949
20992 25788 25601 -0.00890816
20959 25401 25607 0.00982871
21664 25766 25814 0.00221566
21305 25310 25564 0.0119221
21708 25674 25769 0.00437627
21794 25863 25816 -0.00215656
21886 26118 26097 -0.000959517
22143 25571 25578 0.000316127
21845 25889 25962 0.00334173
21819 25861 26003 0.00650809
21434 26561 26550 -0.000513203
21866 26371 26389 0.000823196
20933 25331 25469 0.00659246
21631 25731 25796 0.00300495
21211 25564 25468 -0.00452595
21622 26040 26078 0.00175747
21123 25501 25429 -0.00340861
21981 25462 25476 0.000636914
21656 25569 25566 -0.00013853
21921 25670 25671 4.56184e-05
22748 25932 25969 0.00162652
21028 25330 25369 0.00185467
21623 25492 25375 -0.00541091
21856 25716 25707 -0.000411786
20709 25046 24878 -0.00811241
21824 26312 26300 -0.000549853
20932 25907 25880 -0.00128989
21698 26239 26256 0.000783482
21719 26197 26236 0.00179566
21450 26469 26483 0.000652681
21654 26315 26288 -0.00124688
22193 26700 26665 -0.00157707
21801 26915 26663 -0.0115591
22033 26069 26157 0.00399401
21522 26102 26063 -0.0018121
21477 26084 26049 -0.00162965
21424 25970 25955 -0.000700149
20445 25419 25435 0.000782587
21131 25726 25564 -0.00766646
21196 26026 25889 -0.00646348
22016 25845 25816 -0.00131722
21882 26260 25875 -0.0175944
21713 26217 26077 -0.00644775
21167 26246 26202 -0.00207871
22174 25754 25504 -0.0112745
21321 25887 25712 -0.00820787
22148 25674 25940 0.0120101
22037 26221 26280 0.00267732
20981 24383 24252 -0.00624374
22584 26660 26554 -0.00469359
21697 26152 26172 0.000921786
21576 26816 26892 0.00352243
21359 25300 25308 0.000374549
20980 25384 25394 0.000476644
22796 26697 26736 0.00171083
20874 25313 25197 -0.00555715
20628 25307 25277 -0.00145433
22438 26360 26431 0.00316427
21344 25520 25516 -0.000187406
21543 25884 25878 -0.000278513
22763 26166 26139 -0.00118614
22065 26416 26456 0.00181283
21711 25620 25787 0.00769195
21273 25682 25693 0.000517087
21124 26278 26175 -0.00487597
21301 26075 26022 -0.00248815
21870 26526 26486 -0.00182899
21018 25610 25620 0.000475783
20955 25700 25737 0.00176569
21952 26228 25955 -0.0124362
22052 25793 25719 -0.0033557
21626 25651 25822 0.00790715
21878 26587 26642 0.00251394
22219 26938 26829 -0.00490571
21280 25837 25835 -9.3985e-05
20963 25798 25845 0.00224205
22536 26355 26241 -0.00505857
21930 25986 25967 -0.000866393
21641 26057 25869 -0.00868721
22201 25848 25959 0.00499977
20951 24869 24696 -0.00825736
21573 25733 25833 0.00463542
22546 26036 25685 -0.0155682
22108 25604 25777 0.00782522
22294 26116 26184 0.00305015
22011 26263 26327 0.00290764
21531 26162 26164 9.28893e-05
20996 25613 25643 0.00142884
21973 26090 26041 -0.00223001
22529 26526 26669 0.00634737
22276 26289 26309 0.000897827
23494 27161 27106 -0.00234102
21179 26385 26315 -0.00330516
22375 26662 26601 -0.00272626
21678 26312 26301 -0.000507427
21380 26099 25872 -0.0106174
21913 26415 26397 -0.00082143
22058 26527 26630 0.00466951
21690 26297 25965 -0.0153066
22236 25915 25895 -0.000899442
20883 25883 25927 0.00210698
21551 25926 25810 -0.00538258
22517 26506 26583 0.00341964
21571 26106 26112 0.000278151
21344 26728 26662 -0.0030922
21897 26244 26242 -9.13367e-05
21337 26069 25826 -0.0113887
21941 25923 25945 0.00100269
22188 25993 25870 -0.00554354
21987 26337 26416 0.00359303
21860 25514 25505 -0.000411711
20904 25665 25776 0.00530999
21760 26045 25972 -0.00335478
21879 25534 25702 0.0076786
22028 26047 26082 0.00158889
21366 25476 25554 0.00365066
21901 26154 26147 -0.00031962
21857 25490 25586 0.00439219
21214 25565 25561 -0.000188555
21655 25354 25293 -0.0028169
21630 26020 25976 -0.00203421
22125 25817 25723 -0.00424859
21891 25369 25526 0.0071719
21252 25796 25883 0.00409373
22211 26480 26508 0.00126064
21373 25751 25681 -0.00327516
20598 25780 25704 -0.00368968
21950 26546 26449 -0.00441913
21454 26068 25996 -0.00335602
22032 25894 25775 -0.00540123
22780 26857 26709 -0.00649693
21710 25759 25978 0.0100875
21382 26075 26016 -0.00275933
21908 26908 26684 -0.0102246
22055 26607 26528 -0.00358195
21758 26443 26377 -0.00303337
21941 25851 25800 -0.00232442
21025 25889 25770 -0.00565993
21820 26211 26067 -0.00659945
22521 26458 26446 -0.000532836
21761 25879 25907 0.00128671
21835 26207 26494 0.013144
20912 25433 25351 -0.00392119
21164 25954 25985 0.00146475
21043 26021 25988 -0.00156822
21594 26282 26381 0.00458461
21351 25544 25577 0.0015456
22515 26342 26292 -0.00222074
21434 25872 25863 -0.000419894
19976 25012 25077 0.0032539
21010 25830 25849 0.000904331
21509 25050 25008 -0.00195267
22136 25868 25891 0.00103903
22010 25883 25921 0.00172649
