55727 66893 66744 -0.00267375
56210 65812 65804 -0.000142323
57046 67094 67009 -0.00149003
56744 68440 68349 -0.00160369
57351 67735 67626 -0.00190058
55386 66777 66760 -0.000306937
58813 69267 69137 -0.0022104
58487 67456 67663 0.00353925
56594 67615 67299 -0.00558363
57968 64809 65180 0.00640008
58206 67050 67141 0.00156341
57483 67344 66909 -0.00756745
56666 66008 65920 -0.00155296
60683 67718 67689 -0.000477893
56663 66691 66503 -0.00331786
56671 67589 67515 -0.00130578
59483 68385 68265 -0.00201738
56967 67775 67951 0.00308951
56506 66210 66551 0.00603476
56720 67594 67605 0.000193935
57942 68391 68193 -0.00341721
58691 67441 67485 0.000749689
56299 66915 66759 -0.00277092
57588 67399 67386 -0.000225741
57959 67103 67096 -0.000120775
57719 67574 67494 -0.00138603
57567 67740 68079 0.00588879
59604 68297 68333 0.000603986
55856 67018 67297 0.00499499
56983 66342 66808 0.00817788
57769 68473 68821 0.00602399
55831 66285 66587 0.00540918
56419 66942 66880 -0.00109892
55845 65392 65507 0.00205927
57599 66723 66810 0.00151044
57252 67307 67054 -0.00441906
59163 68093 67441 -0.0110204
59088 69643 69401 -0.00409559
57544 66941 67001 0.00104268
55367 66147 65686 -0.00832626
60456 70969 71153 0.00304354
56552 66930 66981 0.000901825
59259 68508 68729 0.00372939
56844 68099 67849 -0.004398
55745 66728 66706 -0.000394654
60097 69232 68938 -0.00489209
58358 67411 67680 0.00460948
59668 67836 67614 -0.00372059
58122 67472 67211 -0.00449055
57786 65357 65449 0.00159208
57400 67263 66807 -0.00794425
56219 67032 66606 -0.00757751
56117 66271 66225 -0.000819716
56782 66376 66632 0.00450847
56467 66973 67074 0.00178866
58520 67512 67616 0.00177717
58351 67837 67681 -0.00267348
57967 68160 68126 -0.000586541
59871 67293 66985 -0.00514439
58649 66763 66657 -0.00180736
57754 67210 67361 0.00261454
58260 66581 66526 -0.000944044
57011 66426 66781 0.00622687
59134 68236 68199 -0.000625698
55014 64730 64283 -0.0081252
55095 67785 67775 -0.000181505
59707 67339 67232 -0.00179208
56832 66562 66742 0.00316723
56404 65790 65882 0.00163109
56698 68621 68525 -0.00169318
56282 67104 67247 0.00254078
56290 66927 66618 -0.00548943
56229 68262 68339 0.0013694
56730 66092 66364 0.00479464
56660 67123 66483 -0.0112954
56510 66058 65701 -0.00631747
56478 66205 66417 0.00375367
57465 67735 68017 0.00490733
58699 68593 68318 -0.00468492
57747 67956 68203 0.00427728
54528 64920 65078 0.00289759
57122 66950 66808 -0.00248591
56796 65479 65819 0.00598634
55250 65482 65271 -0.003819
55436 67856 67228 -0.0113284
56814 66971 66981 0.000176013
56774 65567 65809 0.00426251
56892 68840 69220 0.00667932
59147 68582 68637 0.000929887
58439 68348 67846 -0.00859015
59914 70097 70270 0.00288747
58946 67878 67624 -0.00430903
56698 67609 67656 0.000828953
58430 66899 67066 0.00285812
56335 67580 67326 -0.00450874
56740 67098 67057 -0.000722594
56829 66499 66619 0.0021116
57436 67496 67724 0.00396964
57292 67980 68263 0.00493961
55659 65889 65864 -0.000449164
55256 66992 66749 -0.00439771
56855 67912 67626 -0.00503034
58104 67996 68012 0.000275368
57596 66769 66221 -0.00951455
58181 67566 67506 -0.00103126
58087 68178 68148 -0.000516467
58190 66970 66271 -0.0120124
56751 66504 66055 -0.00791175
57379 66504 66743 0.00416529
58496 66979 66932 -0.000803474
57130 67576 67723 0.00257308
58078 66279 66218 -0.00105031
58220 67970 67676 -0.00504981
56087 65836 65881 0.000802325
56373 64766 65181 0.00736168
55178 65673 65630 -0.000779296
56847 66171 66344 0.00304326
58151 67902 68083 0.00311259
56105 68517 68480 -0.000659478
55331 66438 66727 0.00522311
56970 67104 67128 0.000421274
57430 67220 67433 0.00370886
58394 67937 67406 -0.0090934
54705 66086 65827 -0.00473448
57949 67614 68027 0.00712696
56290 68582 68527 -0.000977083
57203 66132 66278 0.00255231
57937 68208 68149 -0.00101835
56860 67259 67367 0.0018994
58558 68880 68565 -0.00537928
59212 67921 67498 -0.00714382
57695 68043 67739 -0.00526909
57302 66988 67161 0.00301909
56320 68040 68197 0.00278764
57158 67701 67967 0.00465377
55169 66883 67093 0.00380649
57910 68447 68631 0.00317734
59892 68229 68228 -1.66967e-05
57626 66411 66488 0.0013362
59196 67659 67427 -0.00391918
56004 65104 65262 0.00282123
57264 65882 65698 -0.00321319
54349 64515 64350 -0.00303593
57136 66436 66351 -0.00148768
57247 66359 66445 0.00150226
55743 67058 66833 -0.00403638
59477 67965 67930 -0.000588463
55323 65315 65195 -0.00216908
61758 68618 68909 0.00471194
55351 65837 65707 -0.00234865
57675 67110 67220 0.00190724
56527 66027 65869 -0.00279512
57807 66718 66722 6.91958e-05
54742 65814 65955 0.00257572
57490 66120 65741 -0.00659245
59716 67100 66817 -0.0047391
57008 66571 66430 -0.00247334
57344 65974 65566 -0.00711496
59549 66354 65984 -0.00621337
56771 65617 65546 -0.00125064
58446 67111 67406 0.00504739
57759 68150 68400 0.00432833
56812 66219 66574 0.00624868
58870 68526 68345 -0.00307457
54349 66180 66169 -0.000202396
57067 67322 67157 -0.00289134
55533 67830 67310 -0.0093638
57135 67881 67659 -0.00388553
58256 67932 67644 -0.0049437
59598 67780 67434 -0.00580556
54881 66153 65891 -0.00477397
56428 68894 68933 0.000691146
57361 66692 66578 -0.00198741
56132 65861 65751 -0.00195967
57954 68153 68653 0.00862753
56654 67921 68236 0.00556007
58693 68464 68396 -0.00115857
56766 66210 66259 0.000863193
56846 66895 66930 0.000615699
58248 67461 67299 -0.00278121
59436 68245 68095 -0.00252372
58522 68045 68225 0.00307577
56451 67339 67574 0.0041629
57178 67501 67430 -0.00124174
61122 70565 70251 -0.00513727
59571 68531 68496 -0.000587534
56620 67009 66397 -0.0108089
54856 64795 65158 0.00661733
56794 67142 67062 -0.0014086
58973 69443 69514 0.00120394
56100 67410 67247 -0.00290553
56943 67548 67538 -0.000175614
59211 66304 66185 -0.00200976
58780 69578 69801 0.00379381
55578 67251 67173 -0.00140343
57676 67900 68082 0.00315556
56784 66186 66294 0.00190194
56766 65337 65206 -0.00230772
56274 65784 66010 0.00401606
54408 66148 65726 -0.00775621
59588 69275 69143 -0.00221521
59424 67870 67825 -0.00075727
58830 66481 67056 0.00977392
55550 68253 68020 -0.00419442
60169 67652 67763 0.0018448
54434 65534 65344 -0.00349047
57310 68180 67682 -0.00868958
57118 67202 66926 -0.0048321
55511 65973 65458 -0.00927744
57317 66599 66401 -0.00345447
55579 64528 63826 -0.0126307
58463 69527 69397 -0.00222363
57155 67117 66997 -0.00209955
57620 69045 69082 0.000642138
57021 67211 67406 0.00341979
57091 66674 66722 0.000840763
58078 66047 66039 -0.000137746
55363 65680 65407 -0.00493109
57749 68078 68163 0.00147189
58098 67436 67685 0.00428586
58800 68064 68142 0.00132653
56354 66550 65615 -0.0165915
59840 69300 69203 -0.00162099
55200 64689 64734 0.000815217
57674 68914 68394 -0.00901619
57813 67078 67115 0.000639994
55796 66479 66437 -0.000752742
55821 65757 65999 0.00433529
55993 67650 67615 -0.000625078
58199 67069 66609 -0.00790392
58867 68115 68023 -0.00156285
57914 68060 67855 -0.00353973
58717 69525 68929 -0.0101504
57127 66447 66513 0.00115532
59201 66985 67252 0.00451006
55141 65663 65727 0.00116066
56156 66995 66674 -0.00571622
59255 67607 67572 -0.000590667
58358 67511 67579 0.00116522
59216 67165 67610 0.00751486
57080 67054 66763 -0.00509811
57165 68156 67720 -0.00762704
56520 65681 65461 -0.00389243
56519 67066 67084 0.000318477
61760 68695 68575 -0.00194301
58401 69406 69827 0.00720878
56990 65854 66021 0.00293034
55083 65010 64991 -0.000344934
54649 66986 66957 -0.000530659
56560 65568 65469 -0.00175035
58149 66139 66131 -0.000137578
57424 66728 67382 0.011389
57646 66363 66601 0.00412865
55315 65757 65651 -0.0019163
56332 66012 65813 -0.00353263
59810 67753 68054 0.0050326
57868 68540 68536 -6.91228e-05
57899 67760 67392 -0.0063559
57334 67381 67245 -0.00237207
55564 66533 66257 -0.00496724
57879 66569 66720 0.00260889
56079 67469 67103 -0.00652651
55944 67561 67303 -0.00461175
58033 65530 65632 0.00175762
59079 69172 69163 -0.000152338
56484 67008 66618 -0.00690461
55970 67253 67177 -0.00135787
55516 66761 66438 -0.00581814
55687 67111 66927 -0.00330418
56289 64413 64567 0.00273588
57571 68140 68482 0.00594049
57009 66178 65986 -0.00336789
57945 66702 66398 -0.00524635
57740 67556 67820 0.00457222
59636 69385 69469 0.00140855
57272 67329 67323 -0.000104763
54970 66677 66558 -0.00216482
54306 66071 66077 0.000110485
56699 67321 67525 0.00359795
55197 66980 66961 -0.000344222
58100 68362 68087 -0.00473322
56080 65416 65465 0.000873752
54640 66388 65951 -0.0079978
56810 66692 66848 0.002746
56101 65836 65814 -0.00039215
58601 67093 67651 0.00952202
54899 65095 65230 0.00245906
59938 68608 68804 0.00327005
58394 67827 67562 -0.00453814
57244 67377 67555 0.0031095
60056 68638 68513 -0.00208139
56223 67657 67424 -0.00414421
55783 65944 65806 -0.00247387
57473 67345 67424 0.00137456
58109 67484 67478 -0.000103254
58738 67249 67264 0.000255371
58793 68708 68048 -0.0112258
56563 66756 66624 -0.00233368
58097 68809 68650 -0.0027368
59752 68516 69256 0.0123845
56432 66208 66280 0.00127587
59799 68633 68549 -0.00140471
57570 67435 67365 -0.00121591
57484 67377 67097 -0.00487092
56825 66211 66647 0.00767268
56686 66989 66584 -0.00714462
57686 67095 67097 3.46705e-05
55761 66570 66756 0.00333566
58294 66639 67063 0.00727348
55763 64969 65291 0.00577444
56928 68090 68106 0.000281057
55745 66357 66403 0.000825186
57404 65429 65792 0.0063236
55992 67717 67770 0.000946564
57543 66463 65891 -0.00994039
59677 67331 67467 0.00227893
57648 68028 68071 0.000745906
55676 65784 65635 -0.0026762
55994 67121 66821 -0.00535772
54543 64862 65684 0.0150707
55552 64857 64707 -0.00270017
55850 64486 64281 -0.00367055
57896 68182 67854 -0.00566533
55694 66490 66580 0.00161597
58876 66148 66664 0.00876418
55198 66781 66801 0.000362332
57321 66239 66851 0.0106767
56231 66075 66026 -0.000871405
56257 66946 66461 -0.00862115
58217 67381 67666 0.00489548
55208 65223 65490 0.00483626
57210 66633 66530 -0.00180038
54235 65836 66232 0.00730156
57841 67350 67315 -0.000605107
56222 65393 65674 0.00499804
55268 66419 66601 0.00329304
57578 67196 67116 -0.00138942
59899 69370 69326 -0.00073457
55973 66952 66856 -0.00171511
57445 68106 68116 0.00017408
57797 66616 66764 0.00256069
57038 67047 66732 -0.00552263
56866 67378 67389 0.000193437
58128 66943 67311 0.00633086
56486 66524 66916 0.00693977
58540 67691 67364 -0.00558592
55329 67833 67820 -0.000234958
57277 67418 67738 0.00558688
56166 66305 66286 -0.000338283
56531 67303 67129 -0.00307796
57818 68484 68146 -0.00584593
56717 66985 66825 -0.00282102
56044 66318 66397 0.00140961
56404 66414 66580 0.00294305
55990 66371 66711 0.00607251
57024 68749 68423 -0.00571689
56876 66343 66246 -0.00170546
57616 69241 69421 0.00312413
54298 65611 65764 0.00281778
56954 66613 66596 -0.000298486
55973 66572 66341 -0.00412699
57282 66654 67051 0.00693062
57589 67685 67826 0.00244838
58233 67881 67912 0.000532344
58905 68392 68750 0.00607758
57354 67612 67105 -0.00883984
57209 66017 66404 0.00676467
57930 66915 67048 0.00229587
55121 67214 67060 -0.00279385
57435 67875 67965 0.00156699
60154 68414 68335 -0.0013133
57895 66649 66714 0.00112272
58416 66608 66638 0.000513558
58821 69681 69357 -0.00550824
57356 69115 69130 0.000261525
58107 67793 67043 -0.0129072
59137 67501 67282 -0.00370327
58190 67437 67412 -0.000429627
56248 67164 67109 -0.000977813
57721 67679 66731 -0.0164238
56319 66165 66552 0.00687157
56393 67088 66787 -0.00533754
58425 67087 66675 -0.00705178
58806 68173 67743 -0.00731218
56074 65972 65952 -0.000356672
55146 66208 66518 0.00562144
56866 67094 66993 -0.00177611
56978 67915 67978 0.00110569
58019 67274 66583 -0.0119099
59772 68225 68737 0.00856588
55721 66908 66844 -0.00114858
60294 68285 68316 0.000514147
57465 66459 66319 -0.00243627
58983 68836 68898 0.00105115
59255 68005 67795 -0.003544
56903 66585 66638 0.00093141
58288 67505 67157 -0.00597035
54675 66336 66234 -0.00186557
56528 67304 67271 -0.000583781
56688 66859 66997 0.00243438
56956 66855 66622 -0.00409088
57315 66863 66963 0.00174474
55944 65617 65321 -0.00529101
55458 66786 66480 -0.00551769
56236 66179 66340 0.00286293
56507 65813 65398 -0.00734422
56600 66868 66895 0.000477032
56194 65992 66135 0.00254476
61251 69176 69000 -0.00287342
57462 66502 66428 -0.00128781
57198 67174 66935 -0.00417847
56809 65574 64977 -0.0105089
57660 66903 66837 -0.00114464
56308 68393 68399 0.000106557
56890 65953 66061 0.0018984
58913 66676 66903 0.00385314
56864 68546 68259 -0.00504713
56918 66349 66202 -0.00258266
57338 67584 67119 -0.00810981
53778 64988 64237 -0.0139648
57678 68007 67718 -0.00501058
58875 68920 68802 -0.00200425
58157 68037 68030 -0.000120364
56673 67137 66869 -0.00472888
58131 67961 67888 -0.00125578
59043 68579 68746 0.00282845
56467 67197 67475 0.00492323
58380 66824 67019 0.00334018
56858 67115 67196 0.0014246
57823 67401 67651 0.00432354
57457 66878 66605 -0.00475138
60928 69216 69390 0.00285583
57008 67273 67335 0.00108757
56511 65865 65886 0.000371609
55760 66171 65847 -0.00581062
57659 67811 67664 -0.00254947
55768 65786 65723 -0.00112968
56552 66404 66560 0.00275852
56215 66529 66403 -0.00224139
57258 68439 67997 -0.00771945
57380 67045 66929 -0.00202161
55182 65700 65516 -0.00333442
55726 67621 67648 0.000484514
56519 67848 67747 -0.00178701
56191 66661 66423 -0.00423555
56886 67486 67605 0.0020919
56433 67666 67820 0.0027289
57564 66111 66386 0.00477729
57540 66682 66276 -0.00705596
59990 68606 68832 0.00376729
58049 68428 67969 -0.00790711
57890 67320 67249 -0.00122646
56150 67054 67308 0.0045236
58447 68073 68151 0.00133454
58311 68109 68180 0.00121761
58422 68340 68483 0.00244771
61591 68994 69037 0.000698154
54851 67774 67439 -0.00610745
59131 68354 67680 -0.0113984
59814 68454 68333 -0.00202294
56579 66411 66527 0.00205023
57393 67594 67619 0.000435593
58334 67655 68000 0.00591422
58363 67304 67479 0.00299848
59081 67449 67830 0.00644877
57737 68171 68051 -0.00207839
60179 68955 69243 0.00478572
58229 67091 67460 0.00633705
56579 67219 67390 0.00302232
57058 66712 66831 0.0020856
59433 68923 68881 -0.000706678
59179 66153 66311 0.00266987
54476 65444 65563 0.00218445
56424 68707 68747 0.000708918
55386 64711 64936 0.0040624
58577 67345 67226 -0.00203151
58274 67220 67189 -0.00053197
58356 66221 66898 0.0116012
58206 68010 68031 0.000360788
55253 67842 67595 -0.00447035
58879 69683 69531 -0.00258157
54822 66197 66033 -0.0029915
57090 67777 67985 0.00364337
56506 66260 66196 -0.00113262
57408 68327 68378 0.000888378
59329 68874 68988 0.00192149
57310 66062 65892 -0.00296632
57504 68801 68537 -0.00459098
56845 65522 64849 -0.0118392
57711 68508 68069 -0.00760687
57749 66556 66444 -0.00193943
55971 66612 66798 0.00332315
57364 66617 66715 0.00170839
58863 67597 67605 0.000135909
57842 67159 66870 -0.00499637
57907 65366 65533 0.00288393
57844 67345 67149 -0.00338842
57398 68031 67478 -0.00963448
57616 67073 66533 -0.0093724
56436 67954 67826 -0.00226806
56989 67141 67233 0.00161435
57412 67195 67170 -0.000435449
57879 67564 67693 0.00222879
56658 65477 65270 -0.0036535
56143 65909 65842 -0.00119338
57279 66276 66141 -0.00235688
58517 69244 69555 0.00531469
56376 66786 66440 -0.00613736
58018 68338 68324 -0.000241304
57782 68432 68386 -0.000796096
55748 65666 65436 -0.00412571
58547 65709 65588 -0.00206672
59648 67409 67625 0.00362124
60208 67839 67597 -0.0040194
58927 67912 68008 0.00162913
57926 68637 68507 -0.00224424
57887 66440 66733 0.00506159
59857 67797 68098 0.00502865
58790 68645 68699 0.000918524
58758 68249 67937 -0.00530992
57676 64675 64637 -0.000658853
57424 67070 67193 0.00214196
53747 66041 66059 0.000334902
56635 67083 67077 -0.000105942
55886 65273 64923 -0.00626275
57214 65160 65580 0.00734086
58204 66502 66163 -0.00582434
58134 66171 66845 0.0115939
57502 65928 66127 0.00346075
58213 68545 68074 -0.00809098
56418 67790 68202 0.00730263
57342 66573 66922 0.00608629
57782 68143 68290 0.00254404
55106 64541 64757 0.00391972
56694 65889 65761 -0.00225773
57556 68087 67986 -0.00175481
58979 67167 67232 0.00110209
57000 66544 66778 0.00410526
55719 65380 65348 -0.00057431
59003 67955 67815 -0.00237276
58637 68700 68907 0.00353019
53985 65465 65415 -0.000926183
56783 66144 65841 -0.0053361
56782 66184 66381 0.00346941
57189 66655 66634 -0.000367203
57608 67134 67305 0.00296834
60965 67505 67648 0.00234561
56392 66784 65880 -0.0160306
56756 68738 67995 -0.0130911
58640 68043 68334 0.00496248
57356 67589 67572 -0.000296394
57284 67607 66957 -0.011347
57156 66794 66640 -0.00269438
57810 68262 68451 0.00326933
57167 67391 67516 0.00218658
56591 66116 66234 0.00208514
59469 69620 69766 0.00245506
59863 66941 66756 -0.00309039
57227 65867 65628 -0.00417635
55064 66927 66720 -0.00375926
55414 65469 65385 -0.00151586
55156 67443 67981 0.00975415
57345 68299 68375 0.00132531
56898 66888 66589 -0.00525502
57562 68938 68978 0.000694903
55479 65666 65654 -0.000216298
55946 65820 65720 -0.00178744
59234 67909 67995 0.00145187
56432 66220 65878 -0.00606039
57339 67552 67628 0.00132545
59315 69279 68964 -0.00531063
56981 67726 67620 -0.00186027
56506 66008 66210 0.00357484
57450 68412 68462 0.000870322
57217 67186 67231 0.00078648
59039 68715 68897 0.00308271
58478 67154 66876 -0.00475392
54378 65779 65821 0.000772371
56543 65882 65982 0.00176857
56411 66658 66436 -0.0039354
55827 66092 65814 -0.00497967
57131 66323 66112 -0.00369327
58576 68865 68895 0.000512155
57272 64976 64916 -0.00104763
57018 70036 69760 -0.00484058
56283 67945 67309 -0.0113
58581 66348 66819 0.00804015
58090 66334 65974 -0.00619728
57680 66691 66877 0.00322469
55917 66757 66280 -0.0085305
59801 70222 70411 0.00316048
57843 67414 67069 -0.00596442
55049 64383 64665 0.00512271
56398 65710 65580 -0.00230505
58301 70339 70038 -0.00516286
54821 65742 65680 -0.00113095
56093 65275 65741 0.00830763
57320 67641 67214 -0.00744941
57918 65929 66265 0.00580131
59253 67493 67382 -0.00187332
53147 64244 63913 -0.00622801
56384 65831 66018 0.00331654
57510 66510 66180 -0.00573813
56982 65971 66096 0.00219368
55078 67455 67428 -0.000490214
56768 67555 67458 -0.00170871
57359 67413 67330 -0.00144703
57915 67524 68092 0.00980748
56108 66869 66910 0.000730734
58400 68506 68460 -0.000787671
57137 66101 66381 0.0049005
57237 67202 66799 -0.0070409
57914 67077 66680 -0.00685499
56789 67444 67219 -0.00396203
57528 67002 66781 -0.00384161
56993 67068 66963 -0.00184233
59625 67115 66920 -0.00327044
57446 65563 65592 0.000504822
57752 66756 66734 -0.000380939
56837 67488 67225 -0.00462727
58743 68178 68167 -0.000187256
57766 65992 66078 0.00148877
59009 67997 67705 -0.0049484
56326 65793 65781 -0.000213045
55187 64859 64585 -0.00496494
56267 65504 65527 0.000408765
56647 67533 67663 0.00229491
58083 67570 67089 -0.00828125
57359 67304 67410 0.00184801
59365 67836 67661 -0.00294786
57882 67429 67562 0.00229778
57928 68159 67836 -0.00557589
58428 67640 67578 -0.00106114
54280 66953 66855 -0.00180545
58553 68753 68611 -0.00242515
57450 67664 67558 -0.00184508
56389 67347 67340 -0.000124138
57462 66805 66603 -0.00351537
56886 66305 66680 0.00659213
57112 67507 67229 -0.00486763
55889 66341 66310 -0.000554671
56055 66808 66840 0.000570868
55768 67231 66946 -0.00511046
57692 66860 66566 -0.00509603
57354 67725 67892 0.00291174
56998 66457 67086 0.0110355
57551 66586 65993 -0.0103039
58611 69813 69427 -0.00658579
57858 68380 68452 0.00124443
59488 67516 67314 -0.00339564
58054 68116 67771 -0.00594274
58538 66560 66368 -0.00327992
56349 67513 67596 0.00147296
57063 68385 68147 -0.00417083
60160 70083 69291 -0.0131649
58684 66416 66624 0.00354441
60367 70215 69950 -0.00438982
58749 68772 68777 8.51078e-05
59335 68564 68487 -0.00129772
55864 65389 65060 -0.0058893
58096 67408 67252 -0.00268521
56186 67530 67573 0.000765315
56962 67402 67500 0.00172045
57318 67242 67069 -0.00301825
58408 67299 67355 0.000958773
57213 66274 66206 -0.00118854
56932 67276 67030 -0.00432094
54739 65602 65558 -0.000803814
57828 65908 65954 0.000795462
56014 66076 66071 -8.92634e-05
59958 67686 67568 -0.00196804
57531 67466 67020 -0.00775234
58637 68030 67392 -0.0108805
58986 68241 67967 -0.00464517
57377 69093 68987 -0.00184743
57409 67993 67884 -0.00189866
59235 66816 67607 0.0133536
56729 65324 65232 -0.00162175
57445 67953 68054 0.0017582
56897 66921 66964 0.000755752
58923 67904 67884 -0.000339426
57844 66978 66950 -0.000484061
56641 64933 65742 0.0142829
59378 67086 67137 0.000858904
58369 67994 67583 -0.00704141
57699 67537 67428 -0.00188911
57195 68528 68243 -0.00498295
58126 67007 67214 0.00356123
58132 66251 66528 0.00476502
57338 67822 67793 -0.000505773
54793 65918 65323 -0.0108591
58450 67020 66594 -0.00728828
56955 69127 68856 -0.00475814
56967 66678 66860 0.00319483
58248 69464 68675 -0.0135455
60428 69392 69543 0.00249884
59238 67976 68112 0.00229582
57166 67251 67437 0.00325368
57761 65861 65911 0.000865636
57077 65515 65576 0.00106873
58821 67555 67958 0.00685129
56715 67093 67110 0.000299744
57377 65790 65879 0.00155114
57141 67839 67588 -0.00439264
54812 67739 67561 -0.00324746
57142 66935 66946 0.000192503
58776 68430 68462 0.00054444
55124 65502 65646 0.00261229
58641 67723 67659 -0.00109139
56322 65627 65442 -0.00328468
56174 65616 65647 0.000551857
60347 68927 68927 0
56528 66524 66631 0.00189287
56429 66649 67430 0.0138404
57354 67820 67457 -0.00632911
56173 67436 67553 0.00208285
58668 67243 67508 0.00451694
56971 68238 68376 0.00242229
59181 67969 67912 -0.000963147
57916 66668 66611 -0.000984184
58361 67628 67506 -0.00209044
57144 66830 67084 0.00444491
58741 68886 68599 -0.00488585
60474 68739 68429 -0.00512617
56521 65014 65406 0.00693548
56575 65591 65417 -0.00307556
57919 68991 68917 -0.00127765
58539 67896 67673 -0.00380943
57134 66852 66575 -0.00484825
56629 67144 67219 0.00132441
59070 69359 69597 0.00402912
60218 68580 68414 -0.00275665
59279 68335 68710 0.00632602
58557 67349 66905 -0.00758236
57141 65778 66152 0.00654521
56989 66587 67019 0.00758041
56960 66046 66503 0.00802317
56791 67390 67355 -0.000616295
58156 65421 65405 -0.000275122
57108 66623 66641 0.000315192
56678 66323 66517 0.00342284
56451 67058 66615 -0.00784751
56229 67461 67380 -0.00144054
57071 65854 65759 -0.00166459
58072 66260 65769 -0.00845502
56732 66982 66995 0.000229148
56628 64884 65089 0.00362012
59307 68380 68416 0.000607011
54883 65069 65049 -0.000364412
60252 68126 67966 -0.00265551
57510 68060 68048 -0.000208659
56229 68862 68613 -0.00442832
57040 67072 67258 0.00326087
56720 66354 66444 0.00158674
58536 67352 67504 0.00259669
56388 65857 65847 -0.000177343
55337 66218 66202 -0.000289137
55801 66505 66493 -0.00021505
56506 67829 67376 -0.00801685
57290 66478 66652 0.00303718
58633 67084 67160 0.0012962
55036 64763 64602 -0.00292536
56457 65817 65698 -0.0021078
57044 66610 66575 -0.000613561
57376 67484 66989 -0.0086273
57335 66267 66799 0.0092788
59169 69171 69304 0.0022478
56986 66232 65794 -0.0076861
56754 67369 67479 0.00193819
58336 69064 69078 0.000239989
58618 68296 68506 0.00358252
56580 68356 67981 -0.00662778
58905 67736 67953 0.0036839
57231 65133 64497 -0.0111129
58568 68036 67832 -0.00348313
56198 67434 67549 0.00204634
58147 65777 65819 0.000722307
59873 68605 68572 -0.000551167
55858 66383 67048 0.0119052
55826 65407 65573 0.00297352
55328 64982 64841 -0.00254844
55602 67250 67423 0.0031114
55316 66798 66526 -0.0049172
57810 68900 68870 -0.000518941
56092 66240 66288 0.000855737
57568 67261 66855 -0.00705253
54729 66215 65940 -0.00502476
57878 65504 65730 0.00390477
55644 66545 66537 -0.000143771
57405 66943 66873 -0.00121941
55542 66499 66155 -0.00619351
57251 65723 65236 -0.0085064
58455 67318 66522 -0.0136173
58551 66394 66267 -0.00216905
58620 67003 67198 0.00332651
56295 66138 66026 -0.00198952
57930 66131 66408 0.00478163
56780 65979 65915 -0.00112716
56996 66791 67107 0.00554425
55693 66778 66623 -0.00278311
55199 65317 65317 0
58875 68259 67961 -0.00506157
56015 66765 66746 -0.000339195
58827 68552 67900 -0.0110833
57710 66743 66932 0.003275
59074 68976 68741 -0.00397806
58950 66924 66854 -0.00118745
54217 65941 65734 -0.00381799
58053 68030 68118 0.00151586
56732 65923 65703 -0.00387788
56813 65383 65855 0.00830796
57580 69439 69705 0.00461966
55721 67740 67155 -0.0104987
56588 67486 67463 -0.000406447
58318 67509 67649 0.00240063
56805 66700 66501 -0.00350321
56752 66597 66127 -0.00828165
56625 67144 67251 0.00188962
56927 66538 66522 -0.000281062
58351 68259 68141 -0.00202224
56434 65782 65480 -0.00535138
57987 68284 68414 0.00224188
57745 68445 68638 0.00334228
59787 69018 69112 0.00157225
57088 66165 66112 -0.000928391
57102 66651 66672 0.000367763
58517 67950 67694 -0.0043748
56018 67158 66881 -0.00494484
57174 66984 66990 0.000104943
56443 66296 66123 -0.00306504
56386 67817 67783 -0.000602987
57635 67291 66901 -0.00676672
57205 67202 67415 0.00372345
58030 67350 67347 -5.16974e-05
54612 68373 68173 -0.0036622
55665 67230 67319 0.00159885
57373 67742 68007 0.0046189
57211 67626 67431 -0.00340844
56064 68139 68303 0.00292523
58255 67523 67502 -0.000360484
55481 65521 65546 0.000450605
58417 67912 67874 -0.000650496
57744 66617 66212 -0.00701372
54388 65295 65227 -0.00125028
59747 66550 66571 0.000351482
57141 65716 65471 -0.00428764
56645 66654 66942 0.0050843
55464 66078 66731 0.0117734
57181 66943 67373 0.00751998
56724 67123 67068 -0.000969607
57123 66854 66656 -0.0034662
58597 67342 67120 -0.00378859
57287 67299 67546 0.00431162
58085 65920 65919 -1.72161e-05
58652 67109 67091 -0.000306895
57930 67112 67091 -0.000362506
56717 67202 67472 0.00476048
57471 67466 66805 -0.0115015
56068 66000 65893 -0.0019084
57332 67008 66869 -0.00242447
56955 67677 66821 -0.0150294
56922 68455 67381 -0.0188679
55666 66697 66898 0.00361082
58641 66233 66215 -0.000306952
56827 66920 66709 -0.00371302
57493 66804 66494 -0.00539196
59933 67056 66874 -0.00303672
54996 65376 65328 -0.000872791
57223 66596 66506 -0.00157279
57329 66663 66554 -0.00190131
54769 65986 65675 -0.00567839
56951 67196 67114 -0.00143983
55672 66555 66729 0.00312545
56448 67886 67618 -0.00474773
58410 68333 68396 0.00107858
57343 68310 68675 0.00636521
57241 67555 67122 -0.00756451
56496 66849 66810 -0.000690314
56663 69275 68834 -0.00778286
57589 66763 66527 -0.004098
57304 66987 66923 -0.00111685
56657 67359 67214 -0.00255926
59031 68227 68189 -0.00064373
54708 65600 65634 0.000621481
57230 67112 67261 0.00260353
56567 67547 67156 -0.00691216
58433 68063 67836 -0.00388479
57158 66293 66084 -0.00365653
58068 68072 67727 -0.00594131
57188 68281 67828 -0.00792124
57827 65599 65390 -0.00361423
56265 66730 66827 0.00172398
58831 67819 67660 -0.00270266
58888 68137 68133 -6.79256e-05
56670 64648 64653 8.82301e-05
58665 69310 69512 0.00344328
57275 68318 68892 0.0100218
56299 69228 69235 0.000124336
55147 65917 66045 0.00232107
54473 65685 65658 -0.000495658
58943 69621 69809 0.00318952
55231 65017 65494 0.00863645
55135 65502 65571 0.00125147
58689 68118 68178 0.00102234
57295 68054 68216 0.00282747
57682 67578 67580 3.46729e-05
59633 68392 68652 0.00436
58049 68183 68220 0.000637393
57413 66978 66455 -0.00910944
55976 65647 65999 0.00628841
55163 66816 66856 0.000725124
55708 68067 67616 -0.00809579
56988 68216 68641 0.00745771
56579 66797 66428 -0.00652185
55029 66636 66508 -0.00232605
58832 68942 68985 0.000730895
57617 67032 67342 0.00538036
57616 66841 66880 0.000676895
57886 69582 69242 -0.00587361
58450 69223 68774 -0.00768178
55909 67771 67800 0.0005187
55742 66832 66714 -0.0021169
57945 67513 67599 0.00148417
57710 66928 67049 0.00209669
56576 66724 66979 0.00450721
58148 67072 66629 -0.00761849
55052 64487 64307 -0.00326964
57180 65820 65736 -0.00146905
58583 67302 67511 0.00356759
57359 67248 66976 -0.00474206
60623 68968 69048 0.00131963
57897 68839 68873 0.00058725
58204 68675 68620 -0.000944952
56250 67281 67412 0.00232889
59010 67192 67860 0.0113201
59026 68900 68857 -0.000728493
58968 67412 67426 0.000237417
60319 69021 68611 -0.00679719
55961 67215 67250 0.000625436
58581 68352 68588 0.00402861
56871 67371 67568 0.00346398
56076 66403 66264 -0.00247878
57839 67659 67750 0.00157333
57949 69273 69439 0.00286459
57355 67052 67212 0.00278964
57879 67499 67269 -0.00397381
55854 66354 66697 0.00614101
57497 67264 67273 0.00015653
59844 68305 68261 -0.000735245
56546 66073 65882 -0.00337778
57208 68867 68877 0.000174801
57340 67165 67360 0.00340077
56723 66550 66489 -0.0010754
57917 66725 66795 0.00120863
57467 65805 65786 -0.000330625
58484 68478 67836 -0.0109774
58482 66070 66157 0.00148764
55792 66266 66265 -1.79237e-05
56438 66696 67256 0.00992239
57984 66326 65926 -0.00689845
57951 67457 67109 -0.00600507
56113 65817 66039 0.0039563
57549 66986 67460 0.00823646
58200 65966 65927 -0.000670103
56908 67673 67660 -0.000228439
57798 65873 66184 0.00538081
57813 66738 66621 -0.00202377
58332 66301 66768 0.0080059
57262 65408 65105 -0.00529147
56698 66686 66585 -0.00178137
58819 68620 68149 -0.00800762
57444 67522 67237 -0.00496135
55061 67059 66970 -0.00161639
58075 67822 67792 -0.000516573
56580 67501 67553 0.000919053
58105 66938 66402 -0.00922468
59446 67925 67772 -0.00257376
57276 68309 68027 -0.00492353
55877 66177 66486 0.00553
57193 67540 67572 0.000559509
58467 67943 68241 0.00509689
57219 68120 68170 0.000873836
57789 67071 67147 0.00131513
55632 66719 66467 -0.00452977
57273 66642 66468 -0.00303808
58269 67711 67581 -0.00223103
56431 67361 67155 -0.00365048
58355 68294 68118 -0.00301602
55748 66258 66163 -0.0017041
56598 67718 67961 0.00429344
55339 67253 67170 -0.00149985
58253 68191 68203 0.000205998
55885 67123 66553 -0.0101995
59197 68142 68444 0.00510161
58001 67445 67203 -0.00417234
53071 64845 64746 -0.00186543
55261 67195 67864 0.0121062
56663 66026 65959 -0.00118243
57638 66936 66951 0.000260245
57456 66168 66310 0.00247146
