35491 43826 43884 0.00163422
35423 42730 42794 0.00180674
35831 43264 43398 0.00373978
35978 45036 45133 0.00269609
35279 43385 43457 0.00204087
34047 43916 43795 -0.00355391
36828 44176 44254 0.00211795
37161 44267 44093 -0.00468233
35517 43256 43094 -0.0045612
36869 42562 42632 0.00189861
36945 44198 44090 -0.00292326
36149 42758 43256 0.0137763
35977 42364 42303 -0.00169553
39002 44363 44612 0.00638429
35453 43470 43113 -0.0100697
34840 42279 42419 0.00401837
36274 43710 43748 0.00104758
35221 43588 43587 -2.83922e-05
35256 43370 43374 0.000113456
35263 43105 43187 0.00232538
37386 44272 44704 0.0115551
36967 42905 42487 -0.0113074
34592 42325 42572 0.00714038
36243 42727 43227 0.0137958
36795 43732 43419 -0.00850659
36120 43015 43174 0.00440199
36849 43781 43937 0.00423349
37601 44780 44914 0.00356374
34135 42105 42595 0.0143548
35936 42929 43323 0.0109639
35216 44054 43758 -0.00840527
35069 43107 43442 0.0095526
36193 43958 44041 0.00229326
35551 43061 43112 0.00143456
36231 42871 42809 -0.00171124
35815 43216 43226 0.000279213
36904 43155 43757 0.0163126
36901 44813 45112 0.00810276
36677 43626 43947 0.00875208
35021 43638 43873 0.00671026
36718 44215 44324 0.00296857
34378 43492 43437 -0.00159986
37440 44007 43978 -0.000774573
35954 43754 44169 0.0115425
33507 42623 42465 -0.00471543
39127 45364 45328 -0.000920081
36853 43877 44046 0.00458579
36590 43858 43854 -0.000109319
36629 43318 43014 -0.00829943
35766 42695 42933 0.00665436
35051 42359 41892 -0.0133234
35586 43876 43900 0.000674423
34201 42618 42720 0.00298237
35282 43502 43331 -0.00484666
36144 43725 43472 -0.00699978
35256 43512 43605 0.00263785
35361 43497 43673 0.00497723
36052 44531 44529 -5.54754e-05
37790 44182 43658 -0.0138661
34840 42153 42245 0.00264064
35774 43351 43312 -0.00109018
36071 43351 43126 -0.0062377
36099 45364 45347 -0.000470927
38408 45497 44814 -0.0177828
33956 41412 41250 -0.00477088
33547 42322 42390 0.00202701
37373 42953 43066 0.00302357
35365 43994 44009 0.000424148
34800 42377 42666 0.0083046
33866 43588 43522 -0.00194886
34886 42629 42541 -0.0025225
34931 42913 42916 8.58836e-05
35286 45219 45280 0.00172873
36277 43632 43758 0.00347328
35153 43016 42973 -0.00122322
33806 41518 41742 0.00662604
35752 43264 43256 -0.000223764
36620 42817 43024 0.00565265
36117 43964 44161 0.0054545
35936 44326 44149 -0.00492542
33380 40977 40945 -0.000958658
35266 43293 43325 0.00090739
35564 42674 42808 0.00376786
34009 42141 42319 0.00523391
34266 42434 42485 0.00148836
35296 43979 44052 0.00206822
36542 42936 42764 -0.00470691
36195 44929 44958 0.000801216
38066 45059 45135 0.00199653
35926 43905 44521 0.0171464
37627 44588 44720 0.00350812
36717 43973 43766 -0.00563772
36044 43862 43998 0.00377317
36437 43177 43127 -0.00137223
34303 44113 44064 -0.00142845
34852 42984 42777 -0.0059394
36471 43337 43319 -0.000493543
35453 43989 43953 -0.00101543
35596 43808 43081 -0.0204236
33175 42535 42569 0.00102487
35390 43875 43870 -0.000141283
35542 44406 44152 -0.00714647
36583 43992 44113 0.00330755
35265 42713 42407 -0.00867716
36541 43756 43783 0.000738896
37054 44588 45067 0.0129271
36323 42590 42599 0.000247777
34846 42841 42752 -0.0025541
35032 42476 42450 -0.000742179
36974 44523 44489 -0.000919565
36086 43678 43763 0.00235548
37136 43107 42910 -0.00530483
35558 43628 43682 0.00151865
34633 42606 42555 -0.00147258
35149 41324 41579 0.00725483
35560 42627 42541 -0.00241845
35112 42320 42531 0.00600934
36544 44216 44261 0.00123139
35524 44765 44143 -0.0175093
35399 43201 42986 -0.00607362
36038 43876 44056 0.00499473
36248 43210 43325 0.00317259
36693 43683 43814 0.00357016
34484 42219 42539 0.00927967
36212 43511 43648 0.00378328
34045 42923 42723 -0.00587458
34302 41881 41911 0.000874585
36914 43863 43913 0.0013545
34919 43692 43273 -0.0119992
36929 44254 44062 -0.00519917
37582 44205 44061 -0.00383162
36718 44560 44734 0.00473882
34889 43158 43302 0.00412738
35855 43812 44144 0.00925952
36733 44832 44845 0.000353905
33862 44171 44122 -0.00144705
35894 44238 43863 -0.0104474
37079 45207 44795 -0.0111114
34832 42841 42848 0.000200965
36056 43550 43698 0.00410473
34530 42852 42495 -0.0103388
36493 43962 43728 -0.00641219
33615 41031 41433 0.0119589
36263 43446 43370 -0.0020958
34898 42534 42768 0.00670526
35456 43861 43849 -0.000338448
36931 43539 43395 -0.00389916
34784 42903 42985 0.00235741
39577 45153 45199 0.00116229
34863 43009 43120 0.00318389
37255 43746 44347 0.0161321
35140 42371 42253 -0.003358
36605 42672 42791 0.00325092
35121 42680 42920 0.00683352
36671 43165 43424 0.0070628
37522 43760 43568 -0.005117
35065 42388 42407 0.000541851
36026 43219 43130 -0.00247044
37318 43624 43657 0.000884292
35879 42920 42689 -0.00643831
37285 43848 43907 0.00158241
36559 44316 44654 0.00924533
35716 42952 43106 0.00431179
37562 44158 44174 0.000425962
33639 42573 42703 0.00386456
36043 42974 43084 0.00305191
33704 43961 43732 -0.00679445
35187 43931 43765 -0.00471765
35730 43478 43473 -0.000139938
37325 43788 43850 0.00166109
33617 43085 42978 -0.00318291
35253 44066 44086 0.000567328
36253 43426 43421 -0.00013792
35281 42953 42892 -0.00172898
36623 44571 44568 -8.19157e-05
34825 44433 44291 -0.00407753
37199 44646 44773 0.00341407
35822 43413 43274 -0.0038803
36530 43847 43934 0.0023816
36861 43569 44041 0.0128049
37140 44578 44694 0.00312332
36018 43030 42986 -0.00122161
35200 43457 43654 0.00559659
35513 43392 43035 -0.0100527
37879 44242 43726 -0.0136223
36718 44689 44943 0.00691759
35091 42433 42476 0.00122539
33584 41942 41732 -0.00625298
35877 43730 43709 -0.000585333
36125 44358 44054 -0.00841522
35749 42528 42177 -0.00981846
35589 44451 44324 -0.00356852
36875 43243 43496 0.00686102
36526 44615 44613 -5.47555e-05
34947 43935 43744 -0.00546542
35297 42530 42505 -0.000708275
35988 43947 43947 0
34271 42520 42528 0.000233434
34926 42641 42535 -0.00303499
33571 43199 43163 -0.00107235
38757 46542 46614 0.00185773
36523 43885 43765 -0.0032856
37290 43178 43031 -0.00394208
34924 44811 44787 -0.000687207
37618 44136 44141 0.000132915
34224 41910 42039 0.00376928
35602 43889 43817 -0.00202236
35891 43885 43650 -0.0065476
35343 43301 43179 -0.00345189
36287 43465 43455 -0.000275581
35433 41419 41850 0.0121638
36193 44815 44995 0.00497334
35074 43713 43600 -0.00322176
36134 43878 44119 0.00666962
34747 43597 43527 -0.00201456
35446 43440 43168 -0.00767364
36388 42943 42781 -0.00445202
35057 43820 43876 0.0015974
35752 43146 43093 -0.00148243
35973 43455 43232 -0.00619909
35582 44544 44688 0.00404699
34446 42255 42059 -0.00569007
37299 44484 44477 -0.000187673
34704 42529 42605 0.00218995
37404 44786 44971 0.004946
36695 43534 44013 0.0130535
36852 43734 43792 0.00157386
34810 42244 42530 0.00821603
35416 43264 43516 0.00711543
37151 43256 43427 0.00460284
36776 44805 44719 -0.00233848
35854 43149 43101 -0.00133876
36282 44455 44556 0.00278375
35204 42347 42797 0.0127826
35929 42960 42819 -0.00392441
34308 41714 41792 0.00227352
35425 42892 42688 -0.00575865
35322 42671 42826 0.0043882
35672 43684 43711 0.000756896
36583 43213 43296 0.00226881
36182 42996 43229 0.00643967
34954 43451 43500 0.00140184
34843 42101 42103 5.74003e-05
35575 43271 43349 0.00219255
38887 44635 44582 -0.00136292
37990 46312 46458 0.00384312
36477 42368 42484 0.00318009
33580 42662 42544 -0.003514
34085 43048 43291 0.00712924
35643 43055 43193 0.00387173
35223 42039 42241 0.00573489
36018 42937 42745 -0.00533067
35017 43593 43605 0.000342691
34132 41873 41440 -0.012686
35372 42616 42359 -0.00726563
35878 42795 42942 0.00409722
37301 43613 43547 -0.00176939
35337 42969 42993 0.000679175
36620 43967 44132 0.00450573
35027 42951 43117 0.0047392
35932 42218 42470 0.00701325
34690 43128 43007 -0.00348804
35355 44201 44291 0.00254561
35994 43133 42813 -0.00889037
36828 43763 43718 -0.0012219
34231 42642 42781 0.00406065
35154 42422 42458 0.00102407
35582 44334 44019 -0.00885279
34915 44095 44157 0.00177574
36429 41781 41893 0.00307447
35978 44050 44045 -0.000138974
34366 41195 41401 0.0059943
35646 42529 42438 -0.00255288
36219 44558 44375 -0.0050526
37505 45166 45280 0.00303959
36530 43874 43765 -0.00298385
35524 44851 44771 -0.002252
34393 41073 41290 0.00630942
35495 43889 44011 0.0034371
35033 43486 43427 -0.00168413
36396 43689 43524 -0.00453347
34511 41435 41612 0.0051288
34112 41979 42014 0.00102603
35297 44322 44281 -0.00116157
35243 42097 42357 0.00737735
35447 42916 43244 0.00925325
33833 41550 41558 0.000236456
37794 45326 44960 -0.00968408
36660 43872 43780 -0.00250955
35146 43344 43441 0.00275992
36333 43740 43482 -0.00710098
34803 43253 43280 0.000775795
36194 43189 43455 0.00734928
36297 43123 43187 0.00176323
36417 44061 44095 0.00093363
37586 42082 42508 0.011334
38549 44953 45092 0.0036058
36062 44198 43874 -0.00898453
36651 44597 44738 0.0038471
37048 43614 43461 -0.00412978
35260 42272 42227 -0.00127623
36524 43799 43957 0.00432592
34383 43249 43153 -0.00279208
36121 44130 44182 0.00143961
34892 41940 42108 0.00481486
35302 42742 42857 0.00325761
36932 43444 43269 -0.00473844
34825 43310 42895 -0.0119167
36961 42971 43136 0.00446416
35878 42779 42744 -0.000975528
36182 43650 43358 -0.00807031
34058 42256 42389 0.0039051
35032 42151 42151 0
34495 43606 43597 -0.000260907
35601 43238 43240 5.61782e-05
38077 45168 45061 -0.0028101
35345 44726 44652 -0.00209365
35462 41972 42565 0.0167221
34927 41678 41674 -0.000114525
33072 41016 41315 0.00904088
34695 41906 42190 0.00818562
35056 41224 41416 0.00547695
35274 43673 43647 -0.000737087
34806 44329 43623 -0.0202839
37230 43664 43502 -0.00435133
34711 43658 43687 0.00083547
36333 43413 43825 0.0113396
36156 42610 42768 0.00436995
34912 43039 42985 -0.00154675
37820 43918 43810 -0.00285563
34198 42541 42273 -0.00783672
35683 42310 42349 0.00109296
34014 43593 43588 -0.000146998
35180 43806 44037 0.00656623
33730 42374 42489 0.00340943
34108 43607 43798 0.00559986
35937 43388 43306 -0.00228177
37380 44928 44904 -0.000642055
34014 42873 42602 -0.00796731
35768 43370 43792 0.0117983
35725 42546 42740 0.00543037
35604 43589 43236 -0.00991462
35203 43041 43354 0.00889129
37025 43537 43655 0.00318704
35389 43209 43232 0.000649919
36540 43416 43588 0.00470717
34495 43620 43638 0.000521815
35690 43636 43609 -0.000756514
34460 42745 42950 0.00594893
34582 42300 42308 0.000231334
36877 45571 45563 -0.000216937
36098 43079 43269 0.00526345
34916 42846 42933 0.00249169
35773 42727 42680 -0.00131384
34674 43031 43018 -0.000374921
34194 42635 43128 0.0144177
34759 42337 42261 -0.00218648
36334 43929 43814 -0.00316508
34004 42673 42375 -0.00876367
36249 43325 43295 -0.000827609
35873 43003 42904 -0.00275974
35823 44517 44621 0.00290316
36620 43972 44088 0.00316767
37888 44045 44134 0.00234903
38148 45205 45357 0.00398448
35956 43709 43810 0.00280899
34967 42586 42125 -0.0131839
37254 44242 44211 -0.000832125
35124 43516 43294 -0.00632046
35918 44075 43582 -0.0137257
38395 44845 44722 -0.00320354
36156 42719 42731 0.000331895
36429 43040 43291 0.00689012
36928 45303 45047 -0.00693241
35846 44741 44626 -0.00320817
36614 43647 43706 0.00161141
36263 42847 42971 0.00341946
36568 43325 43363 0.00103916
34550 43645 43007 -0.018466
36990 44168 44427 0.00700189
35282 42507 42510 8.50292e-05
34901 43333 43299 -0.000974184
35691 42646 42767 0.00339021
37350 44599 44333 -0.00712182
35128 42429 42270 -0.0045263
34017 42794 42936 0.00417438
34932 43982 43918 -0.00183213
35789 43434 43350 -0.00234709
36037 43753 43601 -0.00421789
37109 44525 44330 -0.00525479
35053 43371 43144 -0.00647591
37408 44475 44449 -0.000695038
36015 42587 42566 -0.00058309
36723 44009 44049 0.00108924
35602 42878 42850 -0.000786473
35545 43997 44116 0.00334787
35557 43277 43376 0.00278426
33956 43092 43198 0.00312169
35089 42878 42853 -0.000712474
35670 42729 42921 0.00538267
35401 43273 43259 -0.000395469
35177 42663 42710 0.0013361
35882 42640 42711 0.00197871
33348 41703 41776 0.00218904
34727 42399 42356 -0.00123823
34887 42260 42109 -0.00432826
35848 43492 43390 -0.00284535
34261 42640 42525 -0.00335659
38754 45140 45126 -0.000361253
36106 42411 42167 -0.00675788
34952 43436 43184 -0.00720989
36213 43248 43304 0.00154641
36365 43525 43418 -0.00294239
35331 44664 44796 0.0037361
35971 42957 42883 -0.00205721
36474 43108 43435 0.00896529
35619 44478 44336 -0.00398664
35420 42017 41797 -0.00621118
36124 43644 43319 -0.00899679
34147 42763 42992 0.0067063
36262 43711 43977 0.0073355
36148 43140 43595 0.0125871
36480 43983 43949 -0.000932018
36551 43880 43832 -0.00131323
36227 43161 43235 0.00204268
36956 43723 43679 -0.00119061
35625 44399 44764 0.0102456
36878 43866 43968 0.00276588
35401 43367 43423 0.00158188
37263 44900 44898 -5.36725e-05
36229 43989 43839 -0.00414033
39028 45241 44758 -0.0123757
35446 44321 44528 0.00583987
34721 42332 42484 0.00437775
34692 41085 41266 0.00521734
35954 42906 42789 -0.00325416
34677 42652 42631 -0.000605589
35080 43619 43525 -0.00267959
34069 43580 43509 -0.00208401
36070 43715 43688 -0.000748544
35184 42962 42963 2.8422e-05
34350 43084 42911 -0.00503639
34806 42745 42558 -0.00537264
35693 43979 43766 -0.00596756
35205 43258 43184 -0.00210197
35957 42936 42965 0.000806519
35000 44096 43418 -0.0193714
36768 43198 43124 -0.00201262
36629 43726 43562 -0.00447733
38034 43783 44136 0.00928117
35237 44280 43951 -0.00933678
36441 43158 43298 0.00384183
35133 43212 42958 -0.00722967
35672 43236 43278 0.00117739
36004 43653 43276 -0.0104711
37550 45171 45023 -0.00394141
39746 44400 44419 0.000478036
33753 43372 43390 0.000533286
36876 43944 43793 -0.0040948
36781 43576 43710 0.00364319
35760 42742 42858 0.00324385
34547 42955 43159 0.005905
37646 44339 43875 -0.0123253
35854 42841 43083 0.0067496
36398 43678 43949 0.00744546
36811 44364 44579 0.00584065
38373 45681 45354 -0.00852162
35973 42516 42770 0.00706085
36508 43660 43619 -0.00112304
35137 43673 43609 -0.00182144
37404 43873 43864 -0.000240616
37278 42541 42652 0.00297763
33879 42141 41920 -0.00652321
34396 44569 44444 -0.00363414
33708 41424 41340 -0.00249199
37152 43140 43234 0.00253015
35733 42983 42864 -0.00333025
36566 42993 42650 -0.0093803
36607 43847 43921 0.00202147
33633 43065 43186 0.00359766
36069 44348 44059 -0.00801242
35395 42229 42568 0.00957762
36292 44233 44042 -0.00526287
35688 42635 42908 0.00764963
35354 43103 43171 0.0019234
37358 43696 43687 -0.000240912
37168 43657 43851 0.00521954
35268 43456 43485 0.000822275
35069 42505 42055 -0.0128318
35954 44032 43809 -0.00620237
36774 43694 43535 -0.00432371
34954 44228 44114 -0.00326143
35390 43000 42908 -0.0025996
36381 43740 43679 -0.0016767
36145 42299 42457 0.00437128
36188 43012 42943 -0.00190671
36508 44496 44394 -0.00279391
35742 43658 43846 0.00525992
36054 43694 43578 -0.0032174
34138 42934 43074 0.004101
34688 42372 42601 0.00660171
37399 44225 44426 0.00537448
36167 43579 43877 0.00823956
34622 41071 41733 0.0191208
35134 42432 42314 -0.00335857
35063 42361 42445 0.00239569
36653 45387 45080 -0.00837585
35454 43591 43560 -0.000874372
36731 45545 45453 -0.0025047
35473 43831 43538 -0.0082598
33720 42026 41903 -0.00364769
38204 43352 43600 0.00649147
36830 43852 44107 0.0069237
37753 44362 44291 -0.00188065
37062 44052 44203 0.00407425
36575 43827 43878 0.0013944
36315 43961 43961 0
36393 44108 44081 -0.000741901
36264 43042 42975 -0.00184756
37315 43581 43737 0.00418062
36747 42347 42337 -0.000272131
35288 42422 42317 -0.00297552
34257 42072 41969 -0.00300668
35229 43312 43225 -0.00246956
35478 42280 41939 -0.00961159
36146 42548 42564 0.000442649
36104 42363 42606 0.00673056
36243 43305 43588 0.0078084
36443 42020 42376 0.00976868
36065 44027 44191 0.00454735
34761 43355 43344 -0.000316447
35692 43516 43479 -0.00103665
36029 44542 44442 -0.00277554
34045 41526 41419 -0.0031429
34926 42938 43073 0.00386532
36299 43921 44092 0.00471087
36989 44216 44269 0.00143286
36196 43628 43610 -0.000497293
34300 40737 41026 0.00842566
36236 43867 44066 0.00549178
35522 43904 43864 -0.00112606
34191 41962 41611 -0.0102659
35684 42245 42246 2.80238e-05
35587 43121 42986 -0.00379352
35677 43659 43416 -0.00681111
34864 43023 42549 -0.0135957
37414 43711 43677 -0.000908751
36381 44341 43996 -0.00948297
36573 44734 44669 -0.00177727
37500 43837 43926 0.00237333
35724 43613 43665 0.0014556
36688 44202 44261 0.00160816
35613 42611 42486 -0.00350995
36570 43601 43070 -0.0145201
35401 43281 43239 -0.00118641
35682 43685 43681 -0.000112101
37784 43858 44077 0.0057961
36439 42818 42203 -0.0168775
36194 42330 42343 0.000359176
34359 42472 42740 0.00779999
34398 42078 42191 0.00328507
34099 43158 43229 0.00208217
36395 43987 44186 0.00546778
36054 43449 43323 -0.00349476
35948 44347 44305 -0.00116835
34260 42281 42020 -0.00761821
34409 42555 42265 -0.00842803
37827 43522 43562 0.00105745
34921 43329 43266 -0.00180407
35884 43484 43532 0.00133764
37298 44800 44845 0.0012065
37032 44898 44671 -0.00612983
35120 42971 43047 0.00216401
35481 44365 44375 0.000281841
36358 43695 43922 0.00624347
36684 44395 44153 -0.00659688
36825 43042 43234 0.00521385
33728 41987 41633 -0.0104957
35142 42719 42603 -0.00330089
34486 42560 42458 -0.00295772
34190 43161 43256 0.00277859
35249 41866 41809 -0.00161707
36887 45092 45017 -0.00203324
35589 42199 42198 -2.80986e-05
35460 44779 44526 -0.0071348
35326 44158 44452 0.00832248
35521 41709 41823 0.00320937
36299 42730 42978 0.00683214
35139 43496 43578 0.00233359
34908 42930 42469 -0.0132061
38153 45613 45968 0.00930464
35595 42607 42360 -0.00693918
35156 41859 42065 0.0058596
35826 42715 42736 0.000586166
35763 43977 43972 -0.000139809
33705 42372 42052 -0.00949414
35322 42364 42261 -0.00291603
36179 43805 43773 -0.000884491
35927 42742 42760 0.000501016
38750 44702 44340 -0.00934194
33077 41222 41124 -0.00296278
34591 43410 43136 -0.00792114
35743 42868 42752 -0.00324539
36105 43520 43336 -0.00509625
33376 43469 43241 -0.00683126
36193 43202 43344 0.00392341
36602 44597 44520 -0.00210371
35083 43434 43461 0.000769604
35204 43820 43775 -0.00127826
36702 43642 43531 -0.00302436
36185 43062 43033 -0.000801437
35547 42817 42784 -0.000928348
35802 42915 43026 0.00310039
35368 43431 43555 0.00350599
35625 42419 42550 0.00367719
34289 42477 42137 -0.00991572
36620 43101 42979 -0.00333151
36149 42804 42783 -0.000580929
35512 42642 42698 0.00157693
35290 44360 44155 -0.00580901
36627 43475 43124 -0.00958309
37662 43582 43555 -0.000716903
36064 43800 43989 0.00524068
35292 42860 42600 -0.00736711
34588 42973 42880 -0.00268879
34909 42517 42515 -5.72918e-05
35463 43706 43511 -0.00549869
35954 42855 42630 -0.006258
35782 43464 43498 0.000950198
36782 43865 43887 0.000598119
35246 43600 43510 -0.00255348
36382 43873 43718 -0.00426035
38195 44601 44443 -0.00413667
32864 42271 42738 0.0142101
36442 45270 45237 -0.000905549
35084 42721 42520 -0.00572911
35783 43136 43089 -0.00131347
35298 42146 42579 0.012267
35210 43044 43092 0.00136325
36028 44179 43911 -0.00743866
35741 43006 43038 0.00089533
35168 43881 43878 -8.53048e-05
34081 42671 42808 0.00401984
37591 44221 44141 -0.00212817
35675 43823 43567 -0.00717589
36080 43379 43314 -0.00180155
35982 42852 42706 -0.00405758
36847 45572 45586 0.00037995
36202 45426 45226 -0.00552456
36387 42840 43089 0.0068431
37411 44297 44017 -0.00748443
35549 42188 42164 -0.000675124
35568 43142 43142 0
36070 43983 43937 -0.0012753
35310 43739 43567 -0.00487114
38147 43883 44013 0.00340787
37773 45236 45277 0.00108543
37807 44818 44105 -0.0188589
37485 44156 44526 0.00987061
34884 42403 42299 -0.00298131
36031 43098 43544 0.0123782
35887 43951 43617 -0.00930699
35025 43355 43110 -0.006995
36217 42291 42297 0.000165668
35944 43909 43573 -0.00934787
35656 43691 43672 -0.00053287
34879 43963 43849 -0.00326844
33852 42620 42391 -0.00676474
36160 42897 42910 0.000359513
33976 42457 42890 0.0127443
37474 43220 42981 -0.00637776
36341 44229 44328 0.0027242
36295 44165 43956 -0.00575837
37390 43885 43587 -0.00797005
36320 44436 44649 0.00586454
36676 44867 44765 -0.00278111
37945 43851 43701 -0.00395309
35820 41870 41953 0.00231714
36033 43591 43424 -0.00463464
35712 43627 43669 0.00117608
36946 43530 43145 -0.0104206
36694 42532 42847 0.00858451
36701 42686 42971 0.00776546
37795 43724 43806 0.0021696
36227 43719 43434 -0.00786706
35804 43887 43600 -0.00801586
37296 45772 45545 -0.00608644
35010 43410 43397 -0.000371322
37715 43635 43537 -0.00259844
36207 44777 44711 -0.00182285
34974 42798 42659 -0.00397438
37024 44515 44522 0.000189067
35867 44678 44796 0.00328993
36737 43195 43542 0.00944552
36377 44739 44563 -0.00483822
38606 45859 45598 -0.00676061
36727 43944 44067 0.00334903
34143 42607 42929 0.00943092
36709 42895 42888 -0.000190689
35730 42275 42064 -0.0059054
36894 43428 43442 0.000379465
35315 42345 42726 0.0107886
36560 43261 43391 0.0035558
35120 43627 44051 0.0120729
33746 43335 43372 0.00109643
35149 43107 43040 -0.00190617
36086 43764 43595 -0.00468326
34440 42218 41813 -0.0117596
37727 43482 43599 0.00310123
36035 42525 42630 0.00291383
35145 43330 43131 -0.00566226
37640 44727 44564 -0.0043305
36198 42361 42645 0.00784574
34976 43007 42981 -0.000743367
34672 43196 43366 0.00490309
34716 42698 42721 0.000662519
36929 43807 43151 -0.0177638
35473 44159 44337 0.0050179
36739 43697 44249 0.0150249
36147 43067 42989 -0.00215786
36816 44189 43766 -0.0114896
34340 42295 42430 0.00393128
36370 44405 44454 0.00134726
37439 43548 44169 0.016587
34966 42027 41836 -0.00546245
35532 43378 43479 0.00284251
36745 43888 44414 0.0143149
36085 43879 43847 -0.000886795
34881 43390 43787 0.0113816
35908 43363 43301 -0.00172663
37705 45131 45140 0.000238695
38235 44492 44473 -0.000496927
36826 44061 44021 -0.00108619
36716 43700 43704 0.000108944
35434 42644 42458 -0.0052492
34402 41651 42268 0.017935
35423 42772 42015 -0.0213703
35903 44718 44793 0.00208896
35875 42357 42132 -0.00627178
35528 43534 43583 0.00137919
35258 42252 42532 0.00794146
35754 42704 43062 0.0100129
34142 42796 43110 0.00919688
36152 42314 42645 0.00915579
35577 42818 42828 0.00028108
35825 43777 43699 -0.00217725
35278 42870 42558 -0.00884404
37600 44498 44578 0.00212766
34473 41410 41849 0.0127346
37453 43961 43851 -0.00293701
36347 44190 44399 0.00575013
35997 44919 44571 -0.00966747
34968 43545 43640 0.00271677
35895 43652 43628 -0.000668617
36596 43349 43254 -0.00259591
35316 42859 43175 0.00894779
33399 42516 42233 -0.00847331
34904 42895 42808 -0.00249255
35820 44307 44284 -0.000642099
34880 42484 42251 -0.00668005
36962 43515 43401 -0.00308425
34488 42460 42524 0.00185572
36559 43475 43181 -0.0080418
35604 42438 42362 -0.00213459
35733 43764 43662 -0.0028545
35249 43051 43104 0.00150359
35838 44323 44004 -0.00890117
35706 43060 42913 -0.00411696
34892 43004 42941 -0.00180557
35689 44135 44077 -0.00162515
36262 44447 44186 -0.00719762
34243 43599 43569 -0.000876091
38216 44488 44532 0.00115135
34710 41804 41141 -0.0191011
36742 43644 43881 0.00645038
34565 44016 43708 -0.00891075
36511 43217 42925 -0.00799759
36779 44285 44575 0.00788493
34787 43183 43147 -0.00103487
34982 42039 42203 0.00468813
35294 41692 41874 0.00515668
34445 43211 43397 0.00539991
34889 42625 42718 0.0026656
35998 44133 43841 -0.00811156
34397 42238 41816 -0.0122685
35691 42495 42558 0.00176515
34540 42578 42645 0.00193978
35967 42370 42222 -0.00411488
35490 42889 42590 -0.00842491
35954 43924 44108 0.00511765
35138 43030 42781 -0.00708635
36944 44422 44467 0.00121806
35717 43389 43719 0.0092393
36045 42907 42715 -0.00532667
36523 43265 43303 0.00104044
35789 42703 42947 0.00681774
36678 43231 43341 0.00299907
35679 42808 42592 -0.00605398
36272 43094 43305 0.00581716
34420 42534 42428 -0.0030796
33882 41920 41746 -0.00513547
37398 44042 44052 0.000267394
35244 44010 43920 -0.00255363
37575 44742 44814 0.00191617
34499 42406 42298 -0.00313053
37093 44441 44611 0.00458307
36101 43180 43359 0.00495831
32863 42054 42161 0.00325594
37364 44875 44501 -0.0100096
35734 43138 43043 -0.00265853
35235 42259 41913 -0.00981978
36194 46050 45936 -0.00314969
34617 43239 43055 -0.00531531
34963 43213 43067 -0.00417584
37862 44990 45094 0.00274682
35744 42496 42608 0.00313339
35596 41202 41072 -0.0036521
34477 42467 42306 -0.00466978
35299 43050 42871 -0.00507097
36213 44956 44831 -0.0034518
35432 42456 42481 0.000705577
36089 43844 44036 0.00532018
35542 44698 44786 0.00247594
36835 43861 43756 -0.00285055
35981 42023 42316 0.00814319
34827 42260 42134 -0.00361788
37002 44163 44191 0.000756716
34214 43491 43403 -0.00257205
35362 43787 43953 0.0046943
34754 42353 42274 -0.00227312
36271 43749 43951 0.00556919
36393 43740 43799 0.00162119
36440 43802 43605 -0.00540615
36870 43854 43907 0.00143748
34128 44541 44465 -0.00222691
33297 42609 42685 0.00228249
36094 43245 43299 0.00149609
35048 42583 42754 0.00487902
35345 43489 43716 0.00642241
36289 43023 42849 -0.00479484
35196 43402 43172 -0.00653483
36804 43844 44109 0.0072003
34464 42214 42356 0.00412024
32949 42155 42316 0.00488634
36714 43004 43131 0.00345917
35280 42617 42815 0.00561224
34943 42788 43073 0.00815614
34208 42082 42273 0.00558349
35619 43191 43157 -0.000954547
35559 43267 43426 0.00447144
35974 43491 43217 -0.00761661
36415 43348 43036 -0.0085679
36227 44054 44098 0.00121456
36473 42345 42644 0.00819784
35605 43785 43894 0.00306137
35872 43352 43272 -0.00223015
35291 44258 43951 -0.0086991
36294 44270 44399 0.00355431
34475 42414 42357 -0.00165337
35219 42229 42898 0.0189954
34268 42695 42361 -0.0097467
35013 43122 42533 -0.0168223
35083 41690 41712 0.000627084
36865 43012 42963 -0.00132917
35593 42934 43175 0.00677099
36372 42199 42257 0.00159463
37499 44326 44138 -0.00501347
34607 42630 42668 0.00109804
35087 41963 42190 0.00646963
35622 43225 42671 -0.0155522
34079 41458 41009 -0.0131753
35892 43699 43870 0.00476429
34591 43395 43148 -0.00714059
36192 44148 43986 -0.00447613
35998 44025 44002 -0.000638924
35706 44119 44040 -0.00221251
35051 44052 43967 -0.00242504
37173 44603 44744 0.00379308
36398 44626 44673 0.00129128
36609 43432 43825 0.0107351
34991 42955 42919 -0.00102884
35771 43360 42917 -0.0123843
35413 44720 44813 0.00262615
33378 42543 42396 -0.0044041
34391 42242 42175 -0.00194818
35053 44035 44087 0.00148347
35967 43474 43311 -0.00453193
35857 43146 43527 0.0106255
35810 43497 43636 0.0038816
34965 44376 44104 -0.00777921
36283 42728 42883 0.00427197
34441 42303 42070 -0.00676519
36461 43720 43682 -0.00104221
36606 44038 43366 -0.0183576
34903 40877 40788 -0.00254992
35875 43534 43632 0.00273171
35790 44150 43963 -0.00522492
35283 44683 44823 0.00396792
34874 41806 42310 0.014452
34710 42978 43057 0.002276
38291 44887 44861 -0.000679011
34479 42736 42717 -0.00055106
34322 42348 42360 0.00034963
38221 44486 44724 0.00622694
35309 43181 43291 0.00311535
35295 42886 42937 0.00144496
37290 43084 43224 0.00375436
36835 44379 44399 0.000542962
35639 43603 43540 -0.00176773
35091 43152 43183 0.000883417
34165 42638 42254 -0.0112396
35809 43645 43584 -0.00170348
36229 44852 44847 -0.000138011
35020 42960 42882 -0.0022273
34623 43151 43089 -0.00179072
36703 44804 44771 -0.000899109
36884 42888 43019 0.00355168
35809 43068 43131 0.00175933
36665 43949 44104 0.00422746
36408 44983 44954 -0.000796528
35753 43787 43628 -0.00444718
34066 43038 42528 -0.0149709
37372 44365 44350 -0.00040137
36298 43545 43387 -0.00435286
35547 43460 43452 -0.000225054
36839 43875 43997 0.00331171
34916 41114 41126 0.000343682
34571 42288 42153 -0.00390501
37486 43330 43708 0.0100838
36374 42514 42795 0.0077253
36565 43958 43918 -0.00109394
35607 43151 43135 -0.00044935
35425 44190 43911 -0.00787579
34898 43352 43373 0.000601754
35298 42211 42370 0.0045045
36532 43897 43835 -0.00169714
36730 43986 44119 0.00362102
38906 44866 44914 0.00123374
34652 44251 44154 -0.00279926
37216 44289 44287 -5.37403e-05
35382 44210 43930 -0.00791363
34885 43411 43288 -0.00352587
35428 43525 43492 -0.000931467
37189 44367 44628 0.0070182
35387 42859 42991 0.00373018
36745 44138 44050 -0.00239488
34565 43270 43325 0.0015912
35832 44519 44534 0.00041862
37452 43983 43806 -0.00472605
36374 44341 44343 5.49843e-05
35532 44884 44614 -0.00759878
36549 44352 44354 5.47211e-05
34898 43196 43162 -0.000974268
36080 43459 43447 -0.000332594
36775 43613 43751 0.00375255
37099 44840 44803 -0.000997331
36210 43525 43395 -0.00359017
33883 42469 42697 0.00672904
35945 44427 44427 0
37124 43204 43371 0.00449844
35754 44383 44286 -0.00271298
34536 42184 42365 0.00524091
36709 44119 44091 -0.000762756
35923 43017 43225 0.00579016
35240 43236 43281 0.00127696
36073 42344 42453 0.00302165
36599 43108 43058 -0.00136616
36339 42699 42902 0.00558628
36456 41973 42136 0.00447114
34538 43511 43322 -0.00547223
37031 44182 44064 -0.00318652
35782 43364 43264 -0.0027947
34389 43190 43223 0.000959609
36842 43862 43996 0.00363715
36304 43997 43522 -0.013084
36355 43147 43374 0.00624398
37634 44808 44849 0.00108944
35233 43982 43991 0.000255442
34943 43114 43135 0.000600979
37342 46035 45763 -0.00728402
36457 44690 44520 -0.00466303
36299 44828 44892 0.00176313
35294 42772 42565 -0.00586502
35371 43563 43539 -0.000678522
36778 44271 43930 -0.00927185
37563 44719 44635 -0.00223624
35695 43819 43895 0.00212915
35572 43815 44083 0.00753402
34268 42792 42598 -0.00566126
35423 43242 43223 -0.000536375
34689 43450 43474 0.000691862
35684 44212 44456 0.0068378
34870 42211 42295 0.00240895
37285 43510 43495 -0.000402307
34934 43002 42963 -0.00111639
33341 42609 42613 0.000119972
34751 43376 43683 0.00883428
35788 42764 42625 -0.00388398
36490 43360 43510 0.00411072
36267 42787 43413 0.0172609
