42031 51345 51444 0.0023554
42107 50830 50858 0.000664973
43685 51208 51957 0.0171455
43156 52941 53053 0.00259524
42386 51017 50945 -0.00169867
41558 51763 51747 -0.000385004
43861 52434 52389 -0.00102597
44517 51600 51542 -0.00130287
43134 51960 52090 0.00301386
43512 50050 50277 0.00521695
43309 51564 51692 0.00295551
42907 50653 50827 0.00405528
43240 49724 49893 0.00390842
46755 52632 52758 0.0026949
42277 51378 51262 -0.00274381
41575 50147 50650 0.0120986
43939 52447 52499 0.00118346
43009 52058 52133 0.00174382
42089 50443 50136 -0.00729407
42763 51147 51132 -0.000350771
44405 52076 51879 -0.00443644
44429 50960 50968 0.000180063
41647 50070 50279 0.00501837
43358 50884 50718 -0.00382859
44691 51967 51422 -0.0121948
43045 50619 50517 -0.00236961
43307 51579 51496 -0.00191655
45085 52754 52800 0.00102029
41351 50878 50595 -0.00684385
42680 50765 50993 0.00534208
42684 52365 52049 -0.00740324
42207 50744 50795 0.00120833
42535 51708 51693 -0.000352651
42292 50718 50707 -0.000260096
43373 50655 50635 -0.000461116
42362 50697 50427 -0.00637364
43920 51262 51172 -0.00204918
44705 52815 52707 -0.00241584
44207 52216 52209 -0.000158346
41243 50928 50849 -0.00191548
45021 53486 53388 -0.00217676
41793 51827 51615 -0.00507262
44513 52294 52470 0.0039539
43008 51846 52326 0.0111607
41220 50600 50465 -0.00327511
46510 53529 53531 4.30015e-05
43928 51272 51646 0.00851393
43754 52063 52108 0.00102848
43767 51340 51267 -0.00166792
43988 50807 50433 -0.00850232
42323 49971 49929 -0.000992368
42760 51257 51253 -9.35454e-05
41335 50140 49960 -0.00435466
42765 52008 52065 0.00133287
43011 51678 51779 0.00234824
42436 51199 50971 -0.0053728
42907 51451 51767 0.00736477
42907 52010 52082 0.00167805
45273 51896 51806 -0.00198794
42766 50650 50330 -0.00748258
43530 51103 51382 0.00640937
43561 50888 50795 -0.00213494
42989 52839 52790 -0.00113983
45371 53763 53342 -0.00927905
40715 48684 48351 -0.0081788
40470 50379 50116 -0.00649864
44666 51451 51145 -0.00685085
42626 51269 51047 -0.00520809
41557 50041 49810 -0.00555863
41203 51199 51094 -0.00254836
42748 51844 51803 -0.000959109
42612 51358 51665 0.00720454
42199 53367 53149 -0.005166
42895 51358 51439 0.00188833
41933 50722 50655 -0.00159779
41137 49923 49850 -0.00177456
43245 51234 51208 -0.000601226
44226 51342 51538 0.00443178
43881 52096 52064 -0.000729245
43030 51679 51533 -0.00339298
40026 49131 48910 -0.00552141
42847 51214 51154 -0.00140033
42720 50422 50539 0.00273876
40906 50137 49854 -0.0069183
41537 51063 51018 -0.00108337
42358 51677 51386 -0.00687001
42900 50206 50369 0.00379953
43128 52710 52375 -0.00776758
44831 52725 52614 -0.00247597
43457 52315 52335 0.000460225
44886 53555 53784 0.00510181
44726 52073 51974 -0.00221348
42957 52007 51967 -0.000931164
43650 51026 51042 0.000366552
42525 53079 52904 -0.00411523
42099 50580 50779 0.00472695
42942 51199 51078 -0.00281775
43145 52557 52407 -0.00347665
42316 50919 51008 0.00210322
41385 51081 51333 0.00608916
42554 52576 52631 0.00129248
42651 52661 52814 0.00358725
42933 52172 52092 -0.00186337
43508 51685 51289 -0.00910177
43830 51304 51516 0.00483687
44176 52851 52704 -0.0033276
43054 50416 50463 0.00109165
42312 50366 50369 7.09019e-05
42521 50919 50878 -0.000964229
44564 52766 52836 0.00157077
43618 52245 52322 0.00176533
44121 50250 50598 0.0078874
42701 51313 51460 0.00344254
42083 50954 50750 -0.00484756
41999 49485 49365 -0.00285721
42129 50105 50041 -0.00151914
42240 49966 50065 0.00234375
43357 51624 51590 -0.000784187
42170 52511 52408 -0.00244249
42486 51179 50973 -0.00484866
43320 51381 51402 0.000484765
43440 51304 51080 -0.00515654
43992 52105 52053 -0.00118203
41392 50508 50409 -0.00239177
43640 51986 51604 -0.00875344
41565 51952 51966 0.000336822
43038 50927 50611 -0.00734235
44236 51974 52158 0.00415951
41955 50962 51068 0.00252652
44107 52848 52650 -0.00448908
44577 51815 51827 0.000269197
42902 51880 52010 0.00303016
42808 51272 51213 -0.00137825
42371 52206 51906 -0.00708031
44290 52072 52332 0.0058704
40949 51431 51523 0.0022467
42343 51639 51872 0.00550268
44604 52772 53100 0.0073536
42250 50072 49910 -0.00383432
44080 52037 51951 -0.001951
41745 50097 49683 -0.00991736
43203 50844 50885 0.000949008
40211 49049 48243 -0.0200443
42174 50087 49964 -0.00291649
42266 51100 50868 -0.00548905
42398 51826 51925 0.00233502
44772 52525 52461 -0.00142946
41467 50504 50519 0.000361733
46944 53459 53290 -0.00360003
41643 50580 50711 0.00314579
44151 51904 51875 -0.000656837
42387 50596 50311 -0.00672376
43578 50883 50828 -0.0012621
42404 50736 50962 0.00532969
43758 51420 51500 0.00182824
45519 52372 52315 -0.00125222
42505 50979 50632 -0.00816375
43122 51029 51032 6.95701e-05
43895 50747 50521 -0.00514865
43050 51050 51047 -6.96864e-05
44243 52312 52151 -0.00363899
43698 51556 51995 0.0100462
43013 51517 51421 -0.00223188
44451 52036 52260 0.00503926
40599 50464 50466 4.92623e-05
43224 50822 51077 0.0058995
40805 51537 51524 -0.000318588
42487 51903 52320 0.00981477
44112 52235 52102 -0.00301505
45053 51859 52154 0.00654784
41331 51244 51273 0.000701653
42034 52579 52275 -0.00723224
43214 51965 51870 -0.00219836
42415 50130 50483 0.00832253
43192 52552 52245 -0.0071078
41776 52361 52209 -0.00363845
43308 51680 51698 0.000415628
42889 51218 51216 -4.6632e-05
43230 52159 51669 -0.0113347
43998 51098 51151 0.0012046
44981 52254 52379 0.00277895
43670 51406 51287 -0.00272498
42206 51146 51342 0.00464389
42244 51234 51078 -0.00369283
45243 52215 52478 0.00581305
44502 52089 52349 0.00584243
42314 50760 50788 0.00066172
40854 49730 49521 -0.00511578
43174 52253 51643 -0.0141289
44201 53120 52988 -0.00298636
42818 50961 50538 -0.00987902
43453 52258 52111 -0.00338297
45294 51571 51471 -0.0022078
44158 53555 53327 -0.00516328
41880 52206 52016 -0.00453677
42854 51357 51357 0
42810 51336 51266 -0.00163513
41999 50191 50194 7.14303e-05
42232 50897 50858 -0.00092347
40899 51452 51071 -0.00931563
46044 54994 54945 -0.0010642
44314 52620 52212 -0.00920702
44932 51509 51511 4.45117e-05
41930 52909 52902 -0.000166945
43992 51400 51137 -0.00597836
40226 49244 49050 -0.00482275
42465 51888 51499 -0.00916049
42919 51772 51775 6.98991e-05
41937 50683 50531 -0.00362448
42900 50946 50983 0.000862471
41661 48504 48970 0.0111855
43189 52817 52801 -0.000370465
42185 51423 51293 -0.00308166
43612 53058 53100 0.000963038
41951 51698 51341 -0.00850993
42717 51343 51401 0.00135777
43525 50020 50156 0.00312464
41809 51552 50838 -0.0170777
42544 51352 51362 0.000235051
43816 50980 50966 -0.000319518
42902 52512 52307 -0.00477833
41972 50878 50258 -0.0147718
45759 53553 53301 -0.00550711
41940 50222 50175 -0.00112065
43300 52316 52117 -0.00459584
43964 52097 52301 0.00464016
43352 51009 51051 0.000968813
41510 50540 50622 0.00197543
42581 51876 51800 -0.00178483
44544 51162 51161 -2.24497e-05
43923 52768 52779 0.000250438
43129 51604 51690 0.00199402
43707 52818 52719 -0.00226508
42967 51069 51194 0.00290921
43725 50913 51086 0.00395655
41543 49962 50019 0.00137207
42269 51683 51573 -0.00260238
42862 50775 50577 -0.00461948
43154 51729 51717 -0.000278074
44155 51424 51527 0.00233269
43230 50934 50943 0.000208189
42872 51935 51908 -0.000629782
42408 49220 49430 0.0049519
42829 50967 50729 -0.00555698
46688 52620 52350 -0.00578307
44459 53870 53726 -0.00323894
43118 50355 50434 0.00183218
40793 50455 50791 0.00823671
40760 50794 50651 -0.00350834
42100 50333 50611 0.00660333
42453 49998 49841 -0.00369821
42468 51298 51303 0.000117736
42515 50697 51449 0.0176879
41006 49938 49445 -0.0120226
42211 50507 50573 0.00156357
43970 51552 51488 -0.00145554
43943 51398 51798 0.0091027
43048 51209 51264 0.00127764
43339 52044 52122 0.00179976
41744 50938 50759 -0.00428804
42627 50461 50121 -0.00797617
41287 51357 51322 -0.000847724
42539 52570 52222 -0.00818073
42772 50803 50769 -0.000794913
44377 52425 52689 0.00594903
41112 50349 50516 0.00406207
41894 51539 51559 0.000477395
42021 51590 51368 -0.00528307
41723 51533 51311 -0.00532081
43546 50034 49982 -0.00119414
43947 52696 52881 0.00420962
42658 50161 50149 -0.000281307
43109 51227 51364 0.00317799
43033 51963 51959 -9.29519e-05
44747 53065 53071 0.000134087
43428 51977 51975 -4.60532e-05
42016 51742 51729 -0.000309406
41134 49585 49229 -0.00865464
42798 52501 52277 -0.00523389
41510 51683 51560 -0.00296314
43390 51818 51887 0.00159023
42024 49411 49519 0.00256996
40618 50501 50032 -0.0115466
42427 51748 51897 0.00351191
41740 49794 50068 0.00656445
43183 52242 52166 -0.00175995
41016 49281 48921 -0.00877706
44817 53269 53253 -0.000357007
43453 51665 51582 -0.00191011
42554 51463 51343 -0.00281995
44595 51915 51753 -0.00363269
42222 51292 51441 0.00352897
42820 50216 50520 0.00709949
43816 51480 50996 -0.0110462
43570 51959 51823 -0.00312141
44620 50524 50464 -0.00134469
45458 53274 53073 -0.00442166
42518 50994 51287 0.0068912
43877 52455 52485 0.00068373
44080 51068 51068 0
42607 50394 50408 0.000328585
44000 51580 51317 -0.00597727
42744 51513 51761 0.00580198
44237 52337 52169 -0.00379773
42621 49887 50062 0.00410596
42426 50731 50726 -0.000117852
43596 51371 51025 -0.00793651
42154 51881 52055 0.00412772
43470 50988 50876 -0.00257649
42895 50308 50332 0.000559506
43109 52034 51630 -0.00937159
41266 50744 50744 0
42714 50260 50260 0
42326 52318 52429 0.0026225
42737 51069 50775 -0.00687928
45694 53029 52887 -0.00310763
42077 51947 51946 -2.3766e-05
41748 49863 49703 -0.00383252
42114 50108 50515 0.00966424
40955 49829 50048 0.00534733
41550 49933 49565 -0.0088568
41838 49555 49473 -0.00195994
42887 51734 51564 -0.00396391
42154 51455 51618 0.00386677
45014 50810 50949 0.00308793
42022 50709 50800 0.00216553
43876 51308 51279 -0.000660954
43165 50957 51055 0.00227036
41804 51120 50607 -0.0122716
45127 52222 52239 0.000376715
41430 49761 50139 0.00912382
43008 50467 50307 -0.00372024
40662 50541 50775 0.00575476
42256 51468 51746 0.00657895
40579 49930 49855 -0.00184825
41304 51769 51484 -0.00690006
43189 52121 52073 -0.00111139
45340 53196 53336 0.00308778
41088 50716 50230 -0.0118283
43554 52070 52149 0.00181384
43595 50728 50885 0.00360133
42703 51686 51660 -0.000608857
42475 51100 51078 -0.000517952
44124 51386 51458 0.00163177
43503 51793 52168 0.0086201
43905 52196 52223 0.000614964
41415 51766 51885 0.00287336
43463 52178 52126 -0.00119642
41584 50355 50441 0.0020681
42399 51040 50885 -0.00365575
43684 52958 52911 -0.00107591
42886 51520 50877 -0.0149932
42401 50786 50954 0.00396217
42738 50777 50798 0.000491366
41765 51224 51089 -0.00323237
42082 51312 50889 -0.0100518
41896 50140 49914 -0.00539431
43882 52551 52698 0.00334989
41203 50403 50381 -0.000533942
42919 50452 50844 0.00913348
42683 51073 51137 0.00149943
42655 51383 51382 -2.34439e-05
43573 51540 51903 0.00833085
44043 52023 52306 0.00642554
44706 52667 52600 -0.00149868
42971 51624 51489 -0.00314165
41893 49582 49697 0.00274509
44003 50772 51441 0.0152035
41398 50923 50840 -0.00200493
42473 51803 51732 -0.00167165
45797 52720 52937 0.0047383
43383 50594 50834 0.00553212
43561 51218 51228 0.000229563
43908 53813 53553 -0.00592147
43104 52287 52180 -0.00248237
44045 52327 52368 0.000930866
42900 50524 50498 -0.000606061
43935 51419 51451 0.000728349
41672 51948 51896 -0.00124784
44375 52198 51736 -0.0104113
43135 50714 50694 -0.000463661
42013 51215 51189 -0.000618856
43906 51149 51261 0.0025509
43868 52322 52322 0
41934 50167 50155 -0.000286164
41383 50875 50945 0.00169152
42164 51444 51506 0.00147045
43109 51348 51500 0.00352595
43007 51335 51419 0.00195317
44460 52805 52845 0.000899685
41898 51094 50764 -0.00787627
45198 52991 52967 -0.000530997
42715 50701 50834 0.00311366
44339 52570 52299 -0.006112
43483 51851 51845 -0.000137985
42377 51334 51373 0.000920311
43382 51557 51409 -0.00341155
40473 51066 51168 0.0025202
41699 50669 50624 -0.00107916
42945 51485 51229 -0.00596111
42201 51185 50999 -0.00440748
42270 50446 50641 0.0046132
42070 49710 49680 -0.000713097
41007 49955 50372 0.010169
41630 50278 50080 -0.00475619
42051 50102 49986 -0.00275856
42725 50951 51300 0.00816852
41849 50474 50756 0.00673851
46273 53543 53623 0.00172887
43179 50272 50531 0.00599829
41793 50752 50761 0.000215347
43221 50850 50224 -0.0144837
43338 51261 51097 -0.00378421
42340 53025 53053 0.000661313
43114 50280 50084 -0.00454609
44041 51147 50788 -0.0081515
42411 52292 52001 -0.00686143
42813 50158 49750 -0.00952982
43246 51574 51634 0.00138741
40908 50086 49957 -0.00315342
43320 51800 51662 -0.0031856
43419 52234 52207 -0.000621848
43586 51995 52123 0.00293672
43450 51109 51237 0.00294591
43363 51401 51460 0.00136061
44323 51896 52470 0.0129504
42258 52267 52588 0.00759619
44264 52106 52045 -0.0013781
42101 51208 51208 0
43936 51802 51619 -0.00416515
43085 51504 51095 -0.00949286
46090 53235 53080 -0.00336299
42633 52065 52075 0.00023456
42426 50265 50684 0.00987602
41800 49758 50108 0.00837321
43500 51258 50939 -0.00733333
42051 50862 50685 -0.00420917
42535 51833 51806 -0.000634771
41444 51175 51234 0.00142361
42669 52330 52345 0.000351543
42557 50935 51231 0.00695538
41931 50177 50949 0.0184112
41878 50208 50362 0.00367735
42593 51658 51695 0.000868687
42315 50745 50931 0.0043956
42035 50594 50822 0.00542405
42423 51643 51890 0.00582231
43042 49919 50052 0.00309001
44225 51107 51107 0
44926 52272 52206 -0.00146908
42055 51468 51644 0.004185
43466 51098 50994 -0.00239267
42119 51170 50918 -0.00598305
42901 51610 51540 -0.00163166
43896 52144 51974 -0.00387279
44045 53196 52878 -0.00721989
47089 53150 53488 0.0071779
40809 51344 51553 0.00512142
44661 51659 52412 0.0168603
44283 51397 51693 0.00668428
41873 49864 50025 0.00384496
42578 51324 51181 -0.00335854
44070 51859 52022 0.00369866
43380 51154 50675 -0.011042
43099 51727 51616 -0.00257547
43688 53012 52727 -0.00652353
46224 53890 53709 -0.00391571
43231 50883 51008 0.00289144
43254 51234 51393 0.00367596
42657 51426 51685 0.00607169
44637 52434 52300 -0.00300199
44753 50623 50601 -0.000491587
40588 50245 50348 0.0025377
42978 52674 52780 0.00246638
40954 49806 49898 0.00224642
44196 51893 51841 -0.00117658
43050 50796 50602 -0.00450639
43846 51049 50849 -0.00456142
43355 51921 52094 0.00399031
40367 51081 51132 0.00126341
43660 53002 52764 -0.00545121
42315 50338 50365 0.000638072
42782 52067 52310 0.00567996
42621 50537 50859 0.00755496
42685 51760 51780 0.000468549
44840 52027 51755 -0.00606601
45016 51956 51827 -0.00286565
42900 51907 51605 -0.00703963
42322 50636 50643 0.000165399
43597 52186 52180 -0.000137624
43574 50906 50793 -0.00259329
41895 51519 51682 0.00389068
42506 51038 50996 -0.000988096
44013 51573 51773 0.00454411
43125 50187 50081 -0.00245797
43418 50647 50688 0.000944309
43714 52315 52307 -0.000183008
42484 51446 51713 0.00628472
43310 51235 51164 -0.00163934
41503 50981 51096 0.00277088
41581 50492 50570 0.00187586
43291 51956 51798 -0.00364972
43754 51546 51726 0.00411391
42125 49592 49683 0.00216024
41894 50272 50145 -0.00303146
42853 50047 49925 -0.00284694
43500 52972 53115 0.00328736
42298 51395 51518 0.00290794
43765 52859 52883 0.000548383
42406 51952 51453 -0.0117672
40819 50228 49810 -0.0102403
45396 51715 51738 0.000506653
44162 51448 51647 0.00450614
45086 52472 52411 -0.00135297
44697 52254 52169 -0.00190169
43662 51889 52003 0.00261097
43662 52130 51943 -0.0042829
43989 52440 52584 0.00327355
43387 51746 51606 -0.00322677
44305 51455 51230 -0.00507843
43837 49987 50076 0.00203025
43361 50614 51004 0.00899426
40540 50427 50436 0.000222003
42632 50889 51038 0.00349503
42399 50506 50275 -0.00544824
43253 50301 50245 -0.00129471
42970 50040 50326 0.00665581
43743 51288 51096 -0.00438927
43388 50020 50201 0.00417166
43760 52676 52376 -0.00685558
41517 50757 50691 -0.00158971
43470 50823 51398 0.0132275
43591 52630 52761 0.00300521
41439 49527 49717 0.00458505
42144 49476 49900 0.0100607
42781 51956 51965 0.000210374
44286 52199 52462 0.00593867
43059 51825 51843 0.000418031
41534 49597 49194 -0.00970289
43273 51394 51651 0.00593904
43912 52265 52312 0.00107032
40514 49573 49328 -0.00604729
42973 50318 50307 -0.000255975
43042 51274 51270 -9.29325e-05
42879 51013 50902 -0.00258868
43070 50900 50697 -0.00471326
45051 51620 51460 -0.00355153
42455 51160 51034 -0.00296785
43070 52601 52310 -0.00675644
44965 52411 52439 0.000622707
42882 51327 51277 -0.00116599
43762 52107 52092 -0.000342763
42724 50539 50160 -0.00887089
43590 51371 51313 -0.00133058
42522 50619 50569 -0.00117586
42435 51004 51168 0.00386473
45536 52900 53078 0.003909
44591 50909 50864 -0.00100917
43252 50304 50313 0.000208083
41835 50448 50323 -0.00298793
41432 49965 49733 -0.00559954
41052 51482 51329 -0.00372698
43682 52256 52739 0.0110572
43309 51793 51722 -0.00163938
42897 52009 52251 0.00564142
41517 50260 50678 0.0100682
41840 50407 50491 0.00200765
44668 51747 51561 -0.00416405
42162 50967 50823 -0.0034154
42777 51350 51347 -7.01311e-05
45176 53147 52694 -0.0100274
43859 53304 53289 -0.000342005
42348 51060 51190 0.0030698
42315 52295 52212 -0.00196148
43721 52564 52875 0.00711329
43819 52585 52227 -0.00816997
43922 50488 50939 0.0102682
40756 49481 49556 0.00184022
42507 50619 50877 0.00606959
41416 50489 50496 0.000169017
40785 50567 50509 -0.00142209
43448 50975 50953 -0.000506352
44108 52833 52937 0.00235785
42818 49926 49853 -0.00170489
42389 53385 53056 -0.00776145
42166 51225 51867 0.0152255
43684 50096 50229 0.00304459
43762 50653 50541 -0.0025593
42231 51087 51043 -0.00104189
41614 50427 50532 0.00252319
45033 54643 54544 -0.00219839
43743 51624 51884 0.00594381
42266 50144 50364 0.00520513
42641 50323 50649 0.00764522
43506 52453 52674 0.00507976
41004 50077 49889 -0.00458492
41282 49249 49393 0.0034882
42676 51437 51304 -0.00311651
43198 50001 49928 -0.00168989
45242 51675 51657 -0.00039786
40242 49727 49398 -0.00817554
42341 51171 51552 0.00899837
43476 50800 50816 0.000368019
42854 50190 50124 -0.00154011
40127 51010 51006 -9.96835e-05
42720 51164 50955 -0.00489232
44084 52812 52914 0.00231376
42390 51412 50975 -0.010309
42058 51670 51315 -0.00844072
44058 52241 51898 -0.00778519
43814 50598 50739 0.00321815
42737 50496 50631 0.00315886
43714 51116 50878 -0.00544448
42614 51546 51602 0.00131412
42822 50854 50829 -0.000583812
41818 50727 50338 -0.00930221
44379 51422 51486 0.00144212
43272 50456 50613 0.00362821
42421 50395 50288 -0.00252234
43077 52946 53084 0.00320357
44529 51945 51945 0
45519 51381 51660 0.00612931
43974 52255 51974 -0.00639014
43185 51143 51067 -0.00175987
41303 50476 50551 0.00181585
41519 50267 50054 -0.00513018
42389 51632 51541 -0.00214678
43614 50903 51101 0.00453983
43107 52266 52171 -0.00220382
44411 51330 51680 0.00788093
42944 51611 51401 -0.00489009
43328 51749 51700 -0.00113091
45105 51971 52002 0.000687285
39671 50562 50934 0.00937713
43525 53104 53173 0.0015853
42185 50963 50775 -0.00445656
43012 51117 51571 0.0105552
42353 50130 50059 -0.00167639
41425 50439 50450 0.00026554
43718 52768 52552 -0.00494076
42197 50928 50735 -0.00457378
42125 51082 51842 0.0180415
41550 51108 51043 -0.00156438
43995 51065 51275 0.00477327
42384 51682 51278 -0.0095319
43620 51807 51938 0.00300321
42977 50641 50708 0.00155897
43800 53571 53747 0.00401826
43444 52779 52985 0.00474174
43472 50613 50584 -0.000667096
43934 52299 52000 -0.00680566
42889 50140 50418 0.00648185
42975 51451 51519 0.00158232
42193 51926 52156 0.00545114
43702 52713 52601 -0.00256281
44423 51355 51341 -0.000315152
45372 53646 53595 -0.00112404
45082 52546 52638 0.00204073
43845 51028 51281 0.00577033
41513 50217 50087 -0.00313155
44017 51705 51843 0.00313515
42699 52246 52243 -7.02593e-05
42216 50835 50716 -0.00281884
42643 50133 50585 0.0105996
43716 51882 51828 -0.00123525
43846 51648 51661 0.000296492
42622 51946 51363 -0.0136784
40972 50603 50273 -0.00805428
43156 50467 50431 -0.000834183
41025 50364 50113 -0.00611822
44843 51649 51601 -0.0010704
43660 51924 52182 0.0059093
43701 52113 51775 -0.00773438
45037 52544 52387 -0.00348602
43705 53161 53126 -0.000800824
44211 53440 53426 -0.000316663
45063 51533 51478 -0.00122051
43301 50236 50197 -0.000900672
42427 51334 51101 -0.00549179
42987 51782 51760 -0.000511783
44799 51655 51940 0.00636175
43598 51173 51080 -0.00213313
43849 50850 50552 -0.00679605
45410 51985 51658 -0.00720106
44085 50983 50894 -0.00201883
43086 51774 50707 -0.0247644
44018 53348 53368 0.00045436
43098 51583 51377 -0.0047798
44378 51397 51285 -0.00252377
44083 52935 53055 0.00272214
41794 50792 50945 0.00366081
44497 52479 52476 -6.74203e-05
43158 53328 53280 -0.00111219
43916 51016 51171 0.00352947
43749 52863 53225 0.00827447
45404 53394 53186 -0.00458109
44356 51780 51951 0.00385517
41001 50513 50873 0.00878027
44099 51652 51698 0.00104311
43413 50907 50896 -0.00025338
44034 52055 51883 -0.00390607
42370 50880 50899 0.00044843
44170 51157 51088 -0.00156215
41969 51935 51578 -0.00850628
40741 51715 51674 -0.00100636
41627 49969 50495 0.012636
43620 51153 51465 0.00715268
41605 49926 49912 -0.000336498
44857 51627 51671 0.000980895
43018 51081 50924 -0.00364964
42197 50462 50257 -0.00485817
45396 53179 53373 0.0042735
43525 50994 50749 -0.00562895
41568 51490 51901 0.00988741
42656 51929 51661 -0.00628282
42166 51650 51649 -2.37158e-05
44577 52251 51821 -0.00964623
42430 52506 52369 -0.00322885
43934 52341 52171 -0.00386944
43358 50259 50476 0.00500484
44712 52027 52101 0.00165504
42016 49984 49856 -0.00304646
44264 53574 53637 0.00142328
45290 52605 52453 -0.00335615
42166 49852 49745 -0.00253759
42623 50899 51062 0.00382423
43997 52493 52732 0.00543219
43517 51608 51692 0.00193028
42470 51641 51478 -0.003838
42919 51482 51408 -0.00172418
44657 52847 53002 0.0034709
45852 52660 52242 -0.00911629
44209 51988 51605 -0.00866339
44314 52002 52068 0.00148937
42769 50405 50775 0.00865113
42133 50534 50400 -0.0031804
42422 50239 49456 -0.0184574
42708 52449 52542 0.00217758
43306 49792 49865 0.00168568
42971 51140 51348 0.00484047
42655 50919 50821 -0.0022975
42616 50982 50966 -0.000375446
42165 51368 51597 0.00543104
43271 50610 50598 -0.000277322
42565 50049 50151 0.00239634
42183 50915 50903 -0.000284475
42366 50130 50221 0.00214795
44416 52154 51990 -0.00369236
41395 49264 49467 0.00490397
44824 52062 52142 0.00178476
43279 52138 52036 -0.0023568
42197 52145 52672 0.012489
42417 51809 51614 -0.00459721
43373 51830 51541 -0.00666313
43820 51482 51227 -0.00581926
42701 50675 50903 0.00533945
41219 50453 50550 0.00235328
41610 50380 50176 -0.00490267
42836 52098 51961 -0.00319824
42235 50836 50710 -0.00298331
44236 50444 50868 0.00958495
41132 49882 50169 0.00697754
43481 50926 50976 0.00114993
42575 50609 50591 -0.000422783
43541 52250 52064 -0.00427184
42654 50780 50860 0.00187556
43692 52362 52712 0.00801062
43297 51543 51129 -0.00956186
42166 50515 50944 0.0101741
43554 52450 52371 -0.00181384
43499 52144 52331 0.00429895
41477 51689 51928 0.00576223
44820 52075 52304 0.00510933
43087 50112 50196 0.00194954
44229 51565 51864 0.00676027
41879 52228 51794 -0.0103632
43722 50732 50616 -0.00265313
44550 52908 53146 0.00534231
41370 50637 50610 -0.000652647
41660 49149 49254 0.0025204
42354 49405 49575 0.00401379
41595 51174 50967 -0.00497656
41535 50372 50434 0.00149272
43001 52502 52554 0.00120927
41892 50408 50181 -0.0054187
42889 51094 50952 -0.00331087
41022 49957 49598 -0.0087514
42880 49490 49644 0.00359142
41927 50405 50921 0.0123071
43010 51654 51885 0.00537084
41242 50447 50199 -0.00601329
43195 51179 51085 -0.00217618
43829 51569 51452 -0.00266947
43123 50854 50328 -0.0121977
43748 51040 51171 0.00299442
42675 50327 50253 -0.00173404
43965 51028 50777 -0.00570909
42637 50759 50744 -0.000351807
43584 51202 51327 0.00286802
41420 50737 50610 -0.00306615
40767 49484 49692 0.00510217
44128 51919 51981 0.001405
42153 51651 51648 -7.11693e-05
44372 52715 52513 -0.00455242
42190 50809 50600 -0.00495378
44060 52332 52528 0.00444848
43171 50783 51206 0.00979824
39308 50336 50230 -0.00269665
44341 52536 52526 -0.000225525
42762 50546 50721 0.00409242
42264 49738 49587 -0.00357278
43327 54226 54108 -0.00272347
42368 51011 51087 0.00179381
42539 51683 51683 0
44632 52948 52925 -0.000515325
42940 50882 50764 -0.00274802
42388 49619 49198 -0.00993206
41430 49981 50058 0.00185856
42760 51141 50884 -0.00601029
43715 52663 52911 0.00567311
41922 50842 50643 -0.00474691
43088 51530 51496 -0.000789083
43006 53417 53471 0.00125564
44559 51986 51865 -0.0027155
42838 50410 50203 -0.00483216
42365 50059 50050 -0.00021244
43940 51830 52126 0.00673646
40679 50711 50931 0.0054082
43114 51348 51380 0.000742218
41437 49548 49622 0.00178584
43905 52062 51976 -0.00195877
43674 51782 51844 0.00141961
42912 51177 51549 0.0086689
43840 51542 51469 -0.00166515
40920 52807 52793 -0.000342131
40769 51099 51134 0.000858495
43565 51934 51884 -0.00114771
42401 50881 50858 -0.00054244
42713 51929 51672 -0.0060169
44385 51151 51083 -0.00153205
42924 51413 51369 -0.00102507
44086 51628 51656 0.000635122
42528 50474 50375 -0.00232788
40003 49391 49496 0.0026248
44822 50788 51199 0.0091696
42224 50460 50363 -0.00229727
41539 51068 50866 -0.0048629
41521 50373 50673 0.00722526
42894 51090 51152 0.00144542
42191 50137 50664 0.0124908
42997 50983 51053 0.00162802
43135 51241 51090 -0.00350064
43334 51734 51681 -0.00122306
43842 50765 50744 -0.000478993
43253 51285 51417 0.00305181
43209 51256 51634 0.00874818
42490 52655 52641 -0.000329489
43329 52268 52304 0.000830852
41454 50190 50189 -2.41231e-05
42862 51034 50895 -0.00324297
42016 50636 50607 -0.000690213
42815 51653 51658 0.000116782
41830 50489 50316 -0.00413579
43535 50408 50454 0.00105662
42891 50928 50650 -0.00648155
43382 50516 50839 0.00744548
45041 51380 51447 0.00148753
41628 50072 50242 0.00408379
42804 50517 50268 -0.00581721
43281 50977 50919 -0.00134008
41002 49625 49263 -0.00882884
43256 52171 52147 -0.000554836
41448 51327 51272 -0.00132696
42974 51984 52020 0.000837716
43040 51966 51994 0.000650558
42488 52457 52482 0.000588401
42888 52143 52093 -0.00116583
43966 52907 52770 -0.00311604
43145 53295 52800 -0.0114729
43641 51676 51839 0.00373502
42627 51710 51629 -0.0019002
42538 51698 51598 -0.00235084
42424 51431 51406 -0.000589289
40469 50494 50396 -0.00242161
41835 50909 50646 -0.0062866
41984 51517 51297 -0.00524009
43589 51497 51568 0.00162885
43345 52039 51279 -0.0175337
43004 51981 51776 -0.004767
41904 52195 51903 -0.00696831
43919 50977 50520 -0.0104055
42222 51286 50950 -0.00795794
43888 50887 51411 0.0119395
43638 51977 52179 0.00462899
41496 48250 47991 -0.00624157
44756 52864 52799 -0.00145232
42967 51876 51826 -0.00116368
42715 53125 53265 0.00327754
42285 50115 50142 0.000638524
41545 50277 50237 -0.000962811
45167 52910 52988 0.00172692
41299 50125 49938 -0.00452795
40814 50113 50045 -0.00166609
44448 52240 52365 0.00281228
42294 50647 50851 0.00482338
42660 51291 51275 -0.000375059
45088 51828 51777 -0.00113112
43714 52396 52436 0.000915039
42958 50753 51095 0.00796126
42124 50881 50894 0.000308613
41840 52076 51872 -0.00487572
42187 51631 51565 -0.00156446
43306 52349 52515 0.00383319
41611 50723 50732 0.000216289
41490 50994 50985 -0.00021692
43498 51982 51916 -0.00151731
43690 51066 50943 -0.00281529
42846 50822 51161 0.00791206
43313 52668 52772 0.00240113
44013 53377 53162 -0.00488492
42139 51366 51180 -0.00441396
41516 51388 51236 -0.00366124
44656 52233 52033 -0.00447868
43414 51195 51423 0.00525176
42844 51608 51231 -0.00879937
43987 51240 51462 0.00504695
41469 49280 48824 -0.0109962
42747 50978 51245 0.00624605
44652 51571 50865 -0.0158112
43777 51094 50810 -0.00648742
44156 51758 51879 0.00274028
43609 52235 52174 -0.00139879
42648 51832 51838 0.000140687
41566 50593 50798 0.00493192
43513 51688 51591 -0.00222922
44619 52578 52846 0.00600641
44125 52076 52139 0.00142776
46529 53836 53537 -0.0064261
41931 52251 52139 -0.00267105
44325 52881 52718 -0.00367738
42940 52183 52218 0.000815091
42326 51701 51257 -0.01049
43401 52337 52307 -0.000691228
43685 52552 52765 0.00487582
42959 52112 51443 -0.015573
44011 51385 51292 -0.00211311
41349 51281 51364 0.0020073
42701 51379 51144 -0.00550338
44606 52525 52673 0.00331794
42687 51698 51721 0.000538806
42265 52947 52809 -0.00326511
43367 52004 52002 -4.6118e-05
42252 51637 51173 -0.0109817
43454 51355 51403 0.00110462
43974 51473 51270 -0.00461636
43557 52178 52343 0.00378814
43294 50390 50519 0.00297963
41395 50973 50926 -0.0011354
43103 51599 51449 -0.00348004
43311 50574 50898 0.00748078
43627 51602 51695 0.00213171
42291 50701 50601 -0.00236457
43381 51852 51813 -0.000899011
43301 50712 50642 -0.00161659
42000 50647 50644 -7.14286e-05
42866 50066 50086 0.00046657
42824 51530 51440 -0.00210163
43827 51163 50839 -0.0073927
43339 50234 50549 0.00726828
42097 51295 51295 0
44007 52481 52490 0.000204513
42295 50695 50848 0.00361745
40789 51063 50919 -0.00353036
43504 52734 52420 -0.00721773
42488 51533 51465 -0.00160045
43624 51293 51058 -0.00538694
45100 53204 52909 -0.00654102
43005 51031 51466 0.0101151
42334 51643 51366 -0.0065432
43422 53331 52885 -0.0102713
43694 52729 52572 -0.00359317
43087 52401 52264 -0.00317961
43476 51280 51151 -0.00296715
41620 51272 51038 -0.0056223
43204 51938 51493 -0.0103
44593 52396 52377 -0.000426076
43113 51294 51345 0.00118294
43243 51914 52485 0.0132044
41399 50378 50215 -0.00393729
41937 51451 51508 0.00135918
41661 51665 51478 -0.00448861
42791 52098 52298 0.00467388
42279 50591 50710 0.00281464
44581 52180 52076 -0.00233283
42440 51248 51239 -0.000212064
39537 49544 49715 0.00432506
41610 51183 51214 0.000745013
42577 49836 49537 -0.00702257
43834 51251 51303 0.00118629
43578 50906 51284 0.0086741
