62889 74604 74948 0.00546996
62616 72650 72468 -0.00290661
63320 75081 74611 -0.00742262
63740 76323 75843 -0.00753059
63816 75361 75220 -0.00220948
61967 73937 73963 0.000419578
65745 77642 77626 -0.000243365
65953 74967 75346 0.00574652
64071 74884 74713 -0.00266891
64927 72837 73026 0.00291096
65795 75400 75480 0.0012159
64204 74893 74166 -0.0113233
64067 74608 73899 -0.0110665
67975 75257 75571 0.00461935
63486 74695 74665 -0.000472545
63307 75718 75739 0.000331717
66548 76113 76122 0.000135241
64122 75005 75008 4.67858e-05
63031 73847 73759 -0.00139614
63816 74556 74723 0.0026169
64665 76144 75930 -0.00330936
65843 75898 75776 -0.00185289
62803 73941 73915 -0.000413993
64925 75539 75175 -0.00560647
64697 74455 74329 -0.00194754
65319 75229 75040 -0.00289349
65713 76370 76513 0.00217613
66546 76342 76256 -0.00129234
63840 75844 75759 -0.00133145
64357 74584 74719 0.00209767
66061 77420 77095 -0.0049197
62549 73645 73824 0.00286176
64388 75490 75641 0.00234516
63442 73851 73613 -0.00375146
64489 74566 74626 0.000930391
64401 75129 74972 -0.00243785
66407 75154 74514 -0.00963754
66316 76850 76818 -0.000482538
64395 74558 74202 -0.00552838
63155 74608 74505 -0.00163091
68096 78149 78181 0.000469925
63625 74247 74148 -0.00155599
66873 77560 77436 -0.00185426
64140 76460 76207 -0.0039445
62799 73624 73560 -0.00101912
67755 77752 77630 -0.00180061
65066 75935 75270 -0.0102204
66768 76373 76688 0.00471783
65938 75300 75386 0.00130426
65671 73396 73115 -0.00427891
63942 74577 74263 -0.0049107
63379 74123 74428 0.00481232
63740 73670 73569 -0.00158456
63342 74292 74202 -0.00142086
63504 75315 75315 0
65735 74790 74888 0.00149083
65582 75608 75588 -0.000304962
66132 76600 76678 0.00117946
66586 74847 74897 0.000750909
65448 75540 75582 0.000641731
64095 75013 75127 0.00177861
65318 74099 74078 -0.000321504
64554 74511 75067 0.00861294
66300 76055 76196 0.0021267
62576 72926 72859 -0.0010707
62734 76341 76302 -0.000621672
67628 75023 74985 -0.000561897
63877 74992 75060 0.00106455
63548 73558 73370 -0.00295839
63854 75567 75583 0.000250572
63190 74816 74794 -0.000348156
64347 74487 74418 -0.00107231
62932 75917 76047 0.00206572
64791 74893 74955 0.000956923
63913 74881 74377 -0.00788572
63843 73789 73674 -0.00180129
63999 74912 74139 -0.0120783
65216 75538 75569 0.000475343
66220 76725 76618 -0.00161583
65433 76090 76178 0.00134489
61372 72956 72981 0.000407352
64091 74673 73744 -0.014495
63517 72885 72573 -0.00491207
62042 71628 72136 0.008188
62833 75191 75236 0.000716184
64070 74919 74725 -0.00302794
64722 73692 73672 -0.000309014
65055 77817 77537 -0.00430405
65881 75811 75811 0
65456 75341 75817 0.00727206
67087 78006 78032 0.000387556
65321 75016 74883 -0.0020361
64445 76021 75634 -0.00600512
65524 74858 74797 -0.000930957
63899 75365 75406 0.000641638
63122 74463 74342 -0.00191692
63917 74312 74156 -0.00244067
64766 75536 75353 -0.00282556
64728 76266 76168 -0.00151403
61961 72835 72727 -0.00174303
62490 74560 74572 0.000192031
64424 75576 75396 -0.00279399
65678 76420 76373 -0.000715613
63765 74168 73477 -0.0108367
65016 75719 75611 -0.00166113
65242 75927 75765 -0.00248306
64918 74854 75025 0.00263409
64365 75120 75185 0.00100987
64470 75043 74963 -0.00124089
64843 74545 74385 -0.0024675
64526 75867 75470 -0.00615256
64746 72716 72959 0.00375313
65907 76193 76439 0.00373253
62467 74020 74461 0.00705973
64030 73323 73528 0.00320162
62427 73565 73869 0.00486969
63885 74235 74408 0.00270799
66233 76179 76499 0.00483143
62630 75682 75752 0.00111768
61517 73593 73841 0.00403141
64118 75127 75101 -0.000405502
64083 75116 74880 -0.00368272
65327 75257 75651 0.0060312
61536 73958 73640 -0.00516771
65141 75387 75226 -0.00247156
62810 75522 75524 3.18421e-05
64237 72873 74075 0.018712
64979 75394 75550 0.00240078
64692 75423 75308 -0.00177765
65750 76229 76426 0.0029962
66484 75409 75518 0.00163949
64421 75858 75817 -0.000636438
64179 74293 74521 0.00355256
63080 75374 74844 -0.00840203
63568 75611 75718 0.00168324
62247 74432 74641 0.00335759
64913 76212 75882 -0.00508373
66555 75286 75568 0.0042371
64856 74590 74520 -0.00107931
66393 75831 75879 0.000722968
63672 73603 73355 -0.00389496
64053 72684 73057 0.0058233
60730 71818 71154 -0.0109336
64166 73278 73484 0.00321042
64711 74385 74392 0.000108173
63285 74931 74935 6.32061e-05
66588 76190 75973 -0.00325885
62011 72890 72809 -0.00130622
68246 75969 75617 -0.00515781
62244 73034 73177 0.00229741
64920 74130 74021 -0.00167899
63398 74469 74265 -0.00321777
64354 74291 74326 0.000543867
61818 73164 73094 -0.00113236
64842 74460 74257 -0.00313069
66341 74306 74290 -0.000241178
63890 74186 74001 -0.0028956
65321 73976 73939 -0.000566433
67727 74976 74742 -0.00345505
63912 73818 73257 -0.00877769
64710 74338 74407 0.0010663
64833 75988 76293 0.00470439
64098 74135 74517 0.00595962
66613 75843 76203 0.00540435
63004 74501 75071 0.00904704
64881 76363 76480 0.0018033
62247 75402 74825 -0.00926952
64471 76221 75711 -0.00791053
65569 75625 75601 -0.000366027
66428 75409 75017 -0.00590113
61767 74419 74461 0.000679975
62979 76976 77139 0.00258816
64703 74488 74433 -0.000850038
63672 73079 72962 -0.00183754
64344 75833 76085 0.00391645
64157 75220 75642 0.00657761
65383 75447 75237 -0.00321184
63314 73888 73959 0.00112139
64281 74988 74985 -4.66701e-05
65047 74331 74924 0.00911649
66777 76313 76442 0.0019318
64931 75499 75507 0.000123208
63675 76331 76287 -0.000691009
64139 75268 74902 -0.00570636
68236 77568 77377 -0.00279911
66514 77109 76766 -0.00515681
63906 74398 74248 -0.0023472
61646 72428 72599 0.0027739
64076 75185 74858 -0.00510331
66266 77094 77099 7.54535e-05
63249 75156 75387 0.00365223
62864 74517 74647 0.00206796
66365 73381 74034 0.00983952
65771 77775 77643 -0.00200696
63450 75708 75168 -0.00851064
64910 75484 75543 0.000908951
64443 74396 74373 -0.000356905
63584 72383 72551 0.00264217
63256 74148 74104 -0.000695586
61952 73475 73007 -0.00755424
66366 76857 76924 0.00100955
66547 75622 75611 -0.000165297
65108 73754 74084 0.0050685
62938 76151 75934 -0.00344784
67632 75691 75154 -0.00794003
62400 73608 73601 -0.000112179
64039 75980 76084 0.00162401
64992 74168 74350 0.00280034
62406 73420 73353 -0.00107361
64201 73582 73646 0.000996869
63037 71805 71341 -0.00736076
65571 77144 76934 -0.00320264
64385 74319 74553 0.00363439
64966 76995 76402 -0.00912785
64256 75345 75444 0.00154071
64156 74138 73707 -0.006718
65333 75034 74510 -0.00802045
62806 73351 73803 0.00719676
65297 76083 75855 -0.00349174
65907 76472 76489 0.000257939
66255 76192 75707 -0.0073202
63048 73886 74030 0.00228397
67130 77716 77430 -0.00426039
62668 72073 72192 0.0018989
64957 76445 76340 -0.00161645
64769 75061 75251 0.0029335
63333 74233 74106 -0.00200527
63904 74300 74469 0.00264459
63698 76274 76217 -0.000894848
65044 74681 74766 0.00130681
66085 76249 76201 -0.000726337
64894 75843 75699 -0.002219
65720 77227 77352 0.00190201
63635 73507 73672 0.00259291
65725 75153 75071 -0.00124762
61484 72904 72756 -0.00240713
62976 74404 73589 -0.0129414
65962 74518 74541 0.000348686
65873 75162 75388 0.00343084
67710 75632 75550 -0.00121105
63493 73856 74157 0.00474068
64134 76400 76356 -0.000686064
63577 73569 73710 0.00221778
63094 74269 74090 -0.00283704
69214 76496 76583 0.00125697
65760 77077 77571 0.00751217
63478 73081 72919 -0.00255207
62096 73500 73323 -0.00285043
61614 75947 75613 -0.00542085
64262 74052 74030 -0.000342349
64846 74243 73434 -0.0124757
64775 75148 74991 -0.00242377
65048 74023 74027 6.14931e-05
62831 73430 73045 -0.00612755
63842 73265 73587 0.0050437
66749 75679 75767 0.00131837
65714 76930 76810 -0.00182609
65179 75220 75511 0.00446463
64051 75325 75415 0.00140513
63434 74621 74677 0.000882807
65119 75139 74690 -0.00689507
63052 75829 76210 0.00604263
62889 74963 74783 -0.00286219
65213 73483 73623 0.00214681
66148 77231 77772 0.00817863
63140 74501 74155 -0.00547989
63559 75084 75240 0.00245441
62009 73467 72842 -0.0100792
62897 74377 74416 0.000620061
62934 72398 72479 0.00128706
64326 75832 75729 -0.00160122
64130 73580 73445 -0.0021051
64478 74138 74263 0.00193865
65480 75803 75531 -0.00415394
65766 76451 76643 0.00291944
64914 75571 75194 -0.00580768
62521 74458 74042 -0.00665376
60701 73375 73952 0.00950561
63540 75435 75446 0.000173119
62076 75248 75111 -0.00220697
64733 75829 75815 -0.000216273
62618 73347 73481 0.00213996
62294 74925 75052 0.00203872
63941 74652 74871 0.00342503
63723 74184 73876 -0.00483342
65708 75642 75064 -0.00879649
61923 72585 72705 0.00193789
66771 75876 76567 0.0103488
65632 75668 75736 0.00103608
63659 74359 74326 -0.000518387
67024 76204 76292 0.00131296
62854 75033 75056 0.000365927
62869 73858 73920 0.000986178
64670 74825 74751 -0.00114427
65471 75621 75674 0.000809519
65701 74388 73802 -0.00891919
65743 76486 76549 0.000958277
63596 73945 73889 -0.000880559
65690 76289 76022 -0.00406455
67432 76922 77417 0.00734073
63435 74221 73877 -0.00542287
66183 76101 75716 -0.0058172
64863 74880 74834 -0.000709187
64552 75532 75564 0.000495724
62568 73148 72801 -0.00554597
63392 74653 74625 -0.000441696
64924 74877 74128 -0.0115366
62392 74330 74360 0.000480831
64610 73523 73754 0.0035753
62843 72239 72113 -0.002005
64404 76186 75933 -0.00392833
62889 74371 74318 -0.000842755
65127 73699 73356 -0.00526663
63331 75556 75109 -0.00705815
63870 73516 73668 0.00237983
66549 75064 74578 -0.00730289
64400 75829 75574 -0.00395963
63002 74155 73813 -0.0054284
61955 73868 74078 0.00338956
62128 73070 73689 0.0099633
62645 72653 72648 -7.98148e-05
62746 72695 72978 0.00451025
65537 76468 76791 0.00492851
63367 75989 75287 -0.0110783
66506 74398 74158 -0.0036087
62397 74529 74274 -0.00408673
63854 73742 74073 0.0051837
63532 73867 73591 -0.00434427
63373 73916 73976 0.000946775
64829 75828 74677 -0.0177544
62790 73488 73827 0.00539895
64214 74194 73978 -0.00336375
61527 73320 73479 0.00258423
66483 76457 76500 0.000646782
63168 73398 72737 -0.0104642
62391 75011 75151 0.00224391
64132 74359 74194 -0.00257282
66790 77372 77329 -0.000643809
62491 74298 74667 0.00590485
64269 75526 75483 -0.000669063
64767 74472 74397 -0.001158
64414 74774 74534 -0.0037259
64198 75103 75072 -0.000482881
65222 74670 74541 -0.00197786
64668 75309 75215 -0.00145358
65629 76039 75455 -0.00889851
62152 76006 75926 -0.00128717
63637 74825 74743 -0.00128856
63714 73774 73777 4.70854e-05
63488 75960 75986 0.000409526
64895 75665 74757 -0.0139918
64191 74617 74540 -0.00119955
62931 74300 74193 -0.00170027
63217 73566 74379 0.0128605
63477 73898 74404 0.00797139
64469 76802 76646 -0.00241977
63690 73508 73679 0.00268488
64941 77367 77376 0.000138587
60446 72724 72379 -0.00570757
64465 74794 74580 -0.00331963
63476 74495 74554 0.000929485
64093 74515 74415 -0.00156023
65361 75889 76306 0.00637995
64996 74300 74650 0.00538495
65912 75945 75984 0.000591698
64311 75464 75758 0.00457154
64350 74188 74312 0.00192696
65515 75321 75156 -0.00251851
61767 74418 73933 -0.00785209
65229 76536 76555 0.000291281
67160 76430 76188 -0.00360334
65412 75014 75014 0
65677 75247 75010 -0.00360857
66300 77290 77376 0.00129713
65224 77814 77731 -0.00127254
65742 75141 75465 0.00492836
67097 76024 76109 0.00126682
65278 75452 75572 0.00183829
63460 75790 75592 -0.00312008
64264 74756 74926 0.00264534
63584 74343 74687 0.00541017
63340 75125 75161 0.000568361
66080 74398 74462 0.000968523
66553 75163 75184 0.000315538
63489 74951 74504 -0.00704059
62218 73857 73973 0.00186441
64200 75477 75314 -0.00253894
64104 74570 74894 0.00505429
65579 75375 75548 0.00263804
67844 76704 77140 0.00642651
62599 73913 74857 0.0150801
66957 76553 76591 0.000567528
64885 74361 74487 0.0019419
65626 76720 76633 -0.00132569
66755 76166 76606 0.00659127
63569 73087 73551 0.00729916
65008 74284 74305 0.000323037
61751 74526 74479 -0.000761121
63808 74862 74678 -0.00288365
64786 75527 75445 -0.00126571
64321 74212 74071 -0.00219213
65075 74743 74547 -0.00301191
62923 73659 73103 -0.0088362
62043 73939 73783 -0.00251439
63480 73858 74065 0.00326087
63381 72811 72513 -0.00470172
63658 74300 74215 -0.00133526
64165 75076 74472 -0.00941323
68534 77178 77123 -0.000802521
64688 74307 74255 -0.000803859
64225 74847 74652 -0.0030362
64147 72573 72073 -0.0077946
64742 74186 74452 0.00410862
63928 76403 76746 0.00536541
64455 73757 73821 0.000992941
66471 74260 74282 0.000330971
63709 76709 76611 -0.00153824
63823 73641 73615 -0.000407377
64726 74922 74334 -0.00908445
60199 72649 72170 -0.00795694
65120 75769 75836 0.00102887
66121 76721 76932 0.00319112
65132 76329 75968 -0.00554259
64114 74343 74500 0.00244876
65952 75858 75508 -0.00530689
65269 74885 75231 0.00530114
63736 75875 76302 0.00669951
66160 75045 74893 -0.00229746
63546 74587 74305 -0.00443773
64183 74402 74495 0.00144898
64985 75106 75093 -0.000200046
67501 76300 76371 0.00105184
63714 75869 75823 -0.000721976
62830 73133 73715 0.00926309
62443 73121 73323 0.00323495
65106 75115 75595 0.00737259
62416 72726 73116 0.0062484
64328 74789 74999 0.00326452
62834 73701 74107 0.00646147
64258 76385 75831 -0.00862149
64698 75144 75247 0.00159201
62747 73465 73968 0.00801632
63202 75114 75091 -0.000363913
62964 75148 75278 0.00206467
63748 74887 75009 0.00191379
64267 75543 74863 -0.0105809
63083 75644 75724 0.00126817
64861 74326 74753 0.00658331
64878 73938 73574 -0.00561053
66663 75906 76225 0.00478526
65474 76914 76580 -0.00510126
64768 75019 74870 -0.00230052
63163 75053 74792 -0.00413217
65352 75116 74462 -0.0100073
65694 75812 75680 -0.00200932
65621 76366 76356 -0.00015239
68552 76554 76967 0.00602462
61905 75367 75242 -0.00201922
65821 75179 74563 -0.00935872
66598 77034 76917 -0.00175681
64105 74138 74524 0.00602137
65058 75648 75613 -0.000537981
64896 75352 75344 -0.000123274
65738 75300 75327 0.000410721
66942 76475 76335 -0.00209136
65028 76318 76308 -0.00015378
67014 76363 76302 -0.000910258
65488 74318 74415 0.00148119
63889 74759 75227 0.0073252
64567 75071 74682 -0.00602475
66134 76669 76258 -0.00621466
66561 74382 74100 -0.00423672
60634 72410 72803 0.00648151
63777 76578 76483 -0.00148957
62936 72940 72881 -0.00093746
66553 75310 75291 -0.000285487
66376 76122 75738 -0.00578522
65791 74865 74841 -0.000364792
64718 75740 75771 0.000479001
62127 74774 74577 -0.00317092
64929 76987 76842 -0.00223321
62039 73723 73511 -0.00341721
64000 76474 76157 -0.00495313
64120 73739 73997 0.00402371
64433 76207 76363 0.00242112
66012 75894 75994 0.00151488
64515 74791 74788 -4.65008e-05
64581 75368 75496 0.00198201
63807 73447 73260 -0.00293071
64094 76175 76139 -0.000561675
65766 74544 74178 -0.00556519
63232 74326 74514 0.00297318
64017 74419 74668 0.00388959
66341 75518 75573 0.00082905
64003 74997 75218 0.00345296
65002 72752 72755 4.61524e-05
65954 75794 75882 0.00133426
64383 74943 75032 0.00138235
63882 74962 75022 0.000939232
62997 75992 76175 0.0029049
64072 74688 74254 -0.00677363
64614 74754 74521 -0.00360603
64971 75850 75431 -0.00644903
63656 73472 73262 -0.00329898
63951 74232 74047 -0.00289284
64575 73868 73477 -0.00605497
65069 77082 77484 0.00617806
64247 74831 74943 0.00174327
65116 75946 75969 0.000353216
65394 76713 76523 -0.00290547
62414 72747 72752 8.01102e-05
65705 73458 73573 0.00175025
66424 75375 75623 0.00373359
67557 75145 74501 -0.00953269
66183 75388 75629 0.00364142
65042 76244 76523 0.00428954
65004 75261 75421 0.00246139
67086 75546 75758 0.00316012
66098 76275 76219 -0.000847227
64879 74890 75305 0.00639652
64846 73189 73171 -0.000277581
64872 74973 74678 -0.00454742
61212 74657 75026 0.00602823
64140 74726 74482 -0.00380418
63284 72829 72864 0.000553062
64418 72329 72450 0.00187836
64721 74123 73928 -0.00301293
65135 75548 75401 -0.00225685
64230 73545 73734 0.00294255
64998 77162 77119 -0.000661559
63270 75473 75454 -0.0003003
64464 75681 75368 -0.00485542
65142 76107 75980 -0.00194959
62716 72908 72849 -0.000940749
63122 73213 72753 -0.00728748
64880 75169 76016 0.0130549
67108 75171 75110 -0.000908983
64987 74564 74795 0.00355456
62890 72774 72884 0.00174909
66256 75699 75758 0.000890485
65682 76491 76599 0.00164429
60844 73038 72716 -0.00529222
64111 72857 73173 0.00492895
63956 73020 73114 0.00146976
64253 74205 74652 0.00695687
65112 75526 75526 0
68908 75160 75492 0.00481802
63714 74093 74737 0.0101077
64095 75806 75981 0.00273032
65778 76460 76436 -0.000364864
63833 74645 74369 -0.00432378
64908 75351 75343 -0.000123251
64361 74538 74469 -0.00107208
65059 76285 75914 -0.00570252
64821 74914 75298 0.00592401
63642 74763 74691 -0.00113133
66953 77581 77272 -0.00461518
67887 74714 74325 -0.00573011
63761 73004 72858 -0.0022898
62778 75029 74537 -0.00783714
62481 72528 72472 -0.000896272
62651 75259 75210 -0.00078211
64110 76109 76190 0.00126345
64889 75624 75305 -0.00491609
64774 77303 77281 -0.000339642
61859 72678 72903 0.0036373
63411 74937 74900 -0.000583495
66504 75782 75509 -0.00410502
63726 73406 73611 0.0032169
63961 74640 74610 -0.000469036
66269 76498 76517 0.00028671
64316 75588 75491 -0.00150818
63859 74548 74016 -0.00833085
64613 76168 76067 -0.00156315
63737 74337 75012 0.0105904
67131 76699 77114 0.00618194
66210 74891 74080 -0.0122489
60577 72842 72945 0.00170032
63849 74255 73630 -0.00978872
64038 75347 75429 0.00128049
63006 73817 73788 -0.000460274
64273 74129 74196 0.00104243
65833 76833 76819 -0.000212659
64744 73142 72725 -0.00644075
64095 77359 77171 -0.00293315
62766 74854 74769 -0.00135424
65922 74421 74537 0.00175966
65050 73846 73603 -0.00373559
64474 74677 74687 0.000155101
63604 74684 74484 -0.00314446
67746 78564 78445 -0.00175656
64619 74935 74816 -0.00184156
62340 72740 72804 0.00102663
63827 73733 73621 -0.00175474
65966 78311 78592 0.00425977
61346 73266 73394 0.00208653
63232 73507 73518 0.000173963
64310 75260 75138 -0.00189706
65086 73132 72960 -0.00264266
66613 75119 74919 -0.00300242
60364 71930 72320 0.0064608
63246 73397 73605 0.00328875
65560 74334 74147 -0.00285235
63887 73592 74269 0.0105968
62241 75652 75665 0.000208866
63836 75238 75139 -0.00155085
65003 75481 75373 -0.00166146
65479 75607 75973 0.00558958
62936 73893 73816 -0.00122347
65487 75765 75299 -0.00711592
64617 74834 74763 -0.00109878
64923 75192 74726 -0.00717773
65741 74767 74476 -0.00442646
63160 74898 74476 -0.00668144
64888 74867 74762 -0.00161817
64642 75341 75212 -0.00199561
66610 74836 74660 -0.00264225
65191 73996 73816 -0.00276112
64366 74054 74055 1.55362e-05
64867 75518 75452 -0.00101747
65130 76585 76503 -0.00125902
65322 74295 74730 0.00665932
66395 76331 75387 -0.0142179
63273 74348 73684 -0.0104942
62779 73239 73391 0.00242119
63638 72991 73304 0.00491844
63590 75295 75211 -0.00132096
65010 74978 74559 -0.00644516
64793 75385 75255 -0.00200639
66898 76348 76271 -0.00115101
65849 76094 75770 -0.00492035
65247 75591 75945 0.00542554
65680 75732 75733 1.52253e-05
61027 75334 75517 0.00299867
65062 76684 76971 0.00441118
64792 75833 75510 -0.00498518
62922 74171 74468 0.00472013
64926 74274 74390 0.00178665
64324 75604 75684 0.0012437
65064 75204 74766 -0.00673183
63627 74282 74271 -0.000172883
62960 74428 74510 0.00130241
61803 74187 74088 -0.00160186
65061 75439 75611 0.00264367
64818 75478 75396 -0.00126508
65192 74771 74899 0.00196343
64593 74486 74797 0.00481476
66119 77559 77673 0.00172416
65057 76707 76453 -0.00390427
66562 74672 74694 0.000330519
64679 75443 75282 -0.00248922
65249 73436 73802 0.00560928
64437 75331 75300 -0.00048109
63533 74920 74926 9.44391e-05
68515 77874 77851 -0.000335693
65671 74534 74905 0.00564937
67043 76853 76798 -0.000820369
66626 76374 76154 -0.00330201
66092 76316 76113 -0.00307148
63199 73499 73578 0.00125002
64743 75320 75392 0.00111209
63299 75825 75741 -0.00132704
63654 74889 74482 -0.00639394
63737 74508 74547 0.000611889
65212 75189 75019 -0.00260688
64862 74049 74148 0.00152632
64022 75225 75178 -0.000734123
62211 74327 74323 -6.42973e-05
63931 73462 73372 -0.00140777
62522 73936 74174 0.00380666
66974 74984 74727 -0.00383731
64553 74330 74172 -0.0024476
65767 75707 75524 -0.00278255
65928 76074 76404 0.00500546
65070 77231 76989 -0.00371907
64939 76027 76153 0.00194028
66313 75917 75625 -0.00440336
63218 72582 72376 -0.00325857
64275 75765 75527 -0.00370284
63832 74764 74611 -0.00239692
65874 75913 75988 0.00113854
64445 74902 74890 -0.000186205
62706 71503 71182 -0.00511913
66230 75549 75274 -0.0041522
65640 75230 74927 -0.00461609
65453 75676 75343 -0.00508762
63510 76330 76335 7.87278e-05
65634 74833 74674 -0.00242252
65407 74527 74208 -0.00487715
64383 76458 76702 0.00378982
62038 73459 73461 3.22383e-05
65639 75097 75033 -0.00097503
63356 76633 76732 0.0015626
64011 74022 74660 0.00996704
64879 76520 76532 0.00018496
68526 77591 77148 -0.0064647
67268 76740 76764 0.000356782
64902 74452 74578 0.00194139
64998 74680 74668 -0.000184621
64882 73253 73284 0.00047779
65616 74470 74900 0.00655328
63898 75402 75254 -0.00231619
64170 73171 72823 -0.00542309
64043 75224 75487 0.00410662
62168 76080 75975 -0.00168897
64519 74816 74763 -0.000821463
66306 76151 75794 -0.00538413
61998 72063 72108 0.00072583
65207 75592 75750 0.00242305
63437 73509 73801 0.00460299
63823 73994 74056 0.000971437
68207 76569 76808 0.00350404
63780 74013 73755 -0.00404516
62988 74481 74842 0.00573125
63966 74741 75269 0.00825439
62820 74569 74693 0.00197389
66139 75528 75948 0.00635026
64652 76303 76577 0.00423807
66281 75247 75256 0.000135786
65453 74620 74016 -0.009228
65618 76108 76091 -0.000259075
64782 74810 74757 -0.000818128
66786 76238 76593 0.00531549
67424 76502 76552 0.000741576
63955 73288 73061 -0.00354937
63811 73561 73976 0.00650358
65198 76988 77160 0.00263812
65107 75498 75612 0.00175096
64942 75138 75354 0.00332604
62826 75064 75116 0.000827683
66304 76775 77238 0.00698299
66722 75835 75828 -0.000104913
66185 76392 76133 -0.00391327
65477 74744 74557 -0.00285596
64253 73789 73718 -0.00110501
64329 74447 74270 -0.00275148
64075 73847 73537 -0.00483808
64422 75458 75594 0.00211108
65359 73853 73422 -0.00659435
63898 74227 73999 -0.00356819
64401 74373 74202 -0.00265524
62824 74840 74387 -0.00721062
63523 75788 75765 -0.000362074
63982 73899 73855 -0.000687693
64743 73866 73566 -0.00463371
63234 74250 74342 0.00145491
63388 72358 72445 0.0013725
66818 76577 76226 -0.00525308
61547 73148 73096 -0.000844883
67142 76107 76123 0.000238301
63930 74704 74709 7.82105e-05
63755 76730 76757 0.000423496
64719 75404 75533 0.00199323
63448 73353 72967 -0.00608372
65414 75061 75188 0.00194148
63463 73232 73110 -0.00192238
62044 74070 73920 -0.00241764
63560 74641 74686 0.000707992
64160 75170 74672 -0.00776185
64853 75113 74800 -0.0048263
65641 74576 74649 0.00111211
63374 73029 72808 -0.00348723
63016 72919 72953 0.000539546
64692 74168 74050 -0.00182403
64919 75068 74384 -0.0105362
64253 74154 73928 -0.00351735
66322 76470 77007 0.00809686
64106 73576 73486 -0.00140392
64184 75115 74700 -0.00646579
65676 78001 77300 -0.0106736
66952 76499 77078 0.00864799
63600 75208 74867 -0.00536164
65619 75175 74959 -0.00329173
64547 73069 73096 0.0004183
66017 75600 75743 0.00216611
62434 75535 75271 -0.00422847
64988 73155 72565 -0.0090786
66586 76128 76452 0.00486589
62808 74460 74273 -0.00297733
62234 72480 72564 0.00134974
61803 72570 72993 0.00684433
62135 74964 74953 -0.000177034
62784 75426 74853 -0.00912653
64978 76231 76275 0.000677152
63212 74026 74123 0.00153452
65508 75427 74827 -0.00915919
61454 74085 73902 -0.00297784
65177 73957 73766 -0.00293048
63726 74283 74567 0.00445658
65057 75010 75010 0
63059 74558 74409 -0.00236287
64352 73828 73781 -0.000730358
65040 75314 75078 -0.00362854
65519 74582 74395 -0.00285413
66348 75121 75121 0
63406 73963 74293 0.00520455
64865 73162 73436 0.00422416
63599 73690 73866 0.00276734
64037 74275 74195 -0.00124928
63482 74946 74968 0.000346555
63368 73416 73399 -0.000268274
66136 76923 76924 1.51204e-05
62680 74502 74735 0.00371729
66038 75788 76217 0.00649626
65123 74431 74314 -0.0017966
65487 76458 76395 -0.000962023
66256 74166 74265 0.0014942
62345 74501 74623 0.00195685
64797 75450 75355 -0.00146612
63897 73454 74052 0.00935881
63488 73616 73536 -0.00126008
64543 77759 77751 -0.000123948
62405 75152 74560 -0.00948642
63559 75169 75419 0.00393335
65849 75555 75641 0.00130602
64020 75341 75166 -0.00273352
64349 74630 74391 -0.00371412
64390 75140 75163 0.000357198
63942 74192 74350 0.00247099
65941 76783 76636 -0.00222927
63495 73121 73424 0.00477203
64614 75746 75103 -0.0099514
65450 75577 75947 0.00565317
66907 76364 76446 0.00122558
65026 74191 74439 0.00381386
64123 74012 73659 -0.00550504
65895 75390 75545 0.00235223
62871 74676 74484 -0.00305387
64062 75242 75381 0.00216977
63333 75095 74960 -0.00213159
62539 74209 74379 0.0027183
65227 74825 74935 0.00168642
64044 75435 75555 0.00187371
65726 75520 75818 0.00453397
61200 76528 75515 -0.0165523
63658 75392 75000 -0.00615791
63690 75775 75522 -0.00397237
63997 75367 74811 -0.00868791
62777 76235 76584 0.00555936
65376 75397 75385 -0.000183554
62322 73867 74067 0.00320914
65411 76427 76466 0.00059623
65323 74575 74146 -0.00656737
62359 73195 73420 0.00360814
66922 75561 74752 -0.0120887
64604 74082 74003 -0.00122283
63311 73991 73892 -0.00156371
62900 74366 74408 0.000667727
64315 74754 75152 0.00618829
63784 74493 74327 -0.00260253
64142 74393 73951 -0.00689096
65675 74947 75483 0.0081614
63237 74840 74874 0.00053766
65002 73007 73048 0.00063075
65657 74123 74244 0.00184291
64852 74904 74885 -0.000292975
64008 75930 75136 -0.0124047
65053 75980 75828 -0.00233656
64109 74307 74392 0.00132587
64113 74637 74233 -0.00630137
63946 74735 73813 -0.0144184
63696 75672 75464 -0.00326551
63318 74732 74290 -0.00698064
65587 74088 74044 -0.000670865
63495 73700 73734 0.000535475
65348 74489 74351 -0.00211177
66834 74936 75006 0.00104737
62782 73220 73081 -0.00221401
64175 74029 73828 -0.00313206
64458 75823 75629 -0.00300971
61243 73250 73123 -0.00207371
64797 75182 75336 0.00237665
62095 73864 73892 0.000450922
64046 75428 75520 0.00143647
65535 75194 75294 0.0015259
63808 76217 75729 -0.00764794
64191 74627 74755 0.00199405
63623 74528 74451 -0.00121025
63004 76404 76474 0.00111104
64474 74535 74899 0.00564569
64099 74987 74943 -0.000686438
64045 75509 75226 -0.00441877
65903 75476 74933 -0.00823938
61641 73442 73754 0.00506157
64526 75233 75100 -0.00206118
62672 74348 74381 0.000526551
65011 75904 75386 -0.00796788
63702 74704 74406 -0.00467803
66305 76574 76559 -0.000226227
64819 76994 76324 -0.0103365
64683 73559 73133 -0.00658597
63704 74455 74644 0.00296685
66616 75323 75391 0.00102078
66202 75646 75894 0.00374611
63836 72363 72447 0.00131587
66226 77185 77516 0.00499804
64516 76580 76534 -0.000713001
62947 76799 77048 0.00395571
62691 73929 73954 0.000398781
61786 73947 73637 -0.00501732
65600 78156 78073 -0.00126524
62417 73587 73694 0.00171428
62230 72678 73052 0.00600996
66238 76111 75938 -0.00261179
64822 75752 76476 0.011169
65258 75613 75590 -0.000352447
66058 76271 76213 -0.000878016
65463 76132 76057 -0.00114569
64702 74619 74369 -0.00386387
63005 73852 73970 0.00187287
61513 73260 73840 0.0094289
62773 76502 76091 -0.0065474
63973 75787 75823 0.000562737
64341 74334 74321 -0.000202048
62205 74559 74685 0.00202556
66320 76995 77087 0.00138721
64732 75101 75420 0.00492801
64709 74338 74624 0.00441979
64998 78434 77857 -0.0088772
65990 77075 77483 0.00618275
62665 75147 74974 -0.00276071
63384 75046 74718 -0.00517481
65907 75577 75493 -0.00127452
65414 75086 74790 -0.00452503
64247 74527 74608 0.00126076
65117 73929 73998 0.00105963
61711 71205 70925 -0.00453728
64663 73667 73663 -6.18592e-05
66173 74950 74574 -0.00568208
64246 74989 74510 -0.00745572
67978 77276 77026 -0.00367766
65311 76366 76122 -0.00373597
65494 76402 76876 0.0072373
63264 75144 75340 0.00309813
66379 75200 75035 -0.00248573
66063 76107 76674 0.00858272
66229 75144 75290 0.00220447
68048 76766 76692 -0.00108747
63291 74795 74212 -0.00921142
67432 77231 77231 0
63637 75341 75329 -0.00018857
62711 74351 74344 -0.000111623
64694 75602 75254 -0.00537917
64787 76962 76491 -0.00726998
65261 75422 75500 0.0011952
65813 75677 75441 -0.00358592
62606 74530 74248 -0.00450436
64577 76198 76133 -0.00100655
66852 75949 75649 -0.00448752
63765 73872 74125 0.00396769
63632 76373 76231 -0.00223158
65027 75545 75443 -0.00156858
63816 74628 74283 -0.00540617
65645 75461 75480 0.000289436
64740 74327 74344 0.000262589
65590 75858 76139 0.00428419
66426 74019 74461 0.00665402
61819 73716 73819 0.00166615
63731 75172 75192 0.000313819
64920 73930 73890 -0.000616143
65975 75914 75507 -0.006169
63651 74085 74212 0.00199526
64594 74747 74785 0.00058829
64785 73186 73806 0.00957012
63675 75258 75456 0.00310954
65277 74179 73975 -0.00312514
64587 74380 74209 -0.00264759
66440 75555 75304 -0.00377784
64296 73334 73363 0.000451039
63584 73992 73604 -0.00610216
66343 75603 75334 -0.00405469
64712 75566 75526 -0.000618123
61947 74401 74301 -0.00161428
64865 75491 75207 -0.00437832
64529 75667 75146 -0.00807389
65711 74588 74527 -0.000928307
66328 75937 76124 0.00281932
64647 75172 74944 -0.00352685
64003 74667 74814 0.00229677
64423 75575 75867 0.00453254
65807 76042 76739 0.0105916
64476 76637 76660 0.000356722
64232 74116 74528 0.00641425
62759 74294 74344 0.000796698
64032 73989 74299 0.00484133
65473 75377 75503 0.00192446
64085 75748 75581 -0.00260591
65673 76493 76410 -0.00126384
63426 74313 74181 -0.00208117
63139 75492 75396 -0.00152045
62456 74799 74838 0.00062444
65898 75758 75698 -0.000910498
62556 73786 73719 -0.00107104
66204 76214 76071 -0.00215999
64808 74913 74666 -0.00381126
60035 72098 72318 0.00366453
61136 74147 74680 0.00871827
63941 74926 74864 -0.000969644
65303 75372 75602 0.00352204
64284 74034 73915 -0.00185116
