69828 83113 83508 0.00565676
70378 80811 80509 -0.00429111
71076 82982 82915 -0.000942653
70886 83912 83930 0.000253929
70860 83364 83676 0.00440305
69087 81553 81227 -0.00471869
72458 84790 84203 -0.00810124
72840 83158 83146 -0.000164745
72039 82648 82877 0.00317883
71959 80776 81079 0.00421073
73515 84192 84263 0.000965789
71433 82923 82191 -0.0102474
71849 82563 82498 -0.000904675
74768 83250 83185 -0.000869356
70336 82702 82792 0.00127957
70683 84399 84374 -0.000353692
73604 83564 83425 -0.00188848
71198 83187 83187 0
69978 81819 81704 -0.00164337
71677 83146 83205 0.000823137
72371 84480 84080 -0.00552708
73713 84569 84629 0.000813968
70135 82279 82350 0.00101233
71589 82382 82704 0.0044979
71540 82143 81848 -0.00412357
71659 82326 82489 0.00227466
73095 84659 84471 -0.002572
73602 83221 83174 -0.00063857
71369 84402 84390 -0.00016814
72313 82602 82973 0.00513047
73025 84809 84585 -0.00306744
70006 81509 80584 -0.0132132
71795 83688 83384 -0.00423428
70904 81560 81263 -0.00418876
72131 82845 82979 0.00185773
71636 82714 82714 0
73436 82385 82286 -0.00134811
73316 84673 84874 0.00274156
72012 83022 82516 -0.00702661
70012 81693 81385 -0.00439925
74673 85292 85294 2.67834e-05
70699 81397 81990 0.00838767
74403 85626 85797 0.00229829
71421 84729 84368 -0.00505454
69837 80537 80298 -0.00342225
74100 85024 84514 -0.00688259
71273 82918 83038 0.00168367
73932 84228 84332 0.0014067
72220 82586 82780 0.00268624
71770 80263 80136 -0.00176954
71555 82322 82089 -0.00325624
70148 82006 81093 -0.0130153
70343 81453 81208 -0.00348293
69970 81645 81492 -0.00218665
70946 83332 83053 -0.00393257
73547 82413 82704 0.00395665
72189 83372 83394 0.000304756
72553 84191 84206 0.000206745
74217 83499 83600 0.00136087
71921 81795 82136 0.00474131
71353 82314 82381 0.000938993
71705 82563 82732 0.00235688
70934 82154 82428 0.00386275
73378 84541 84463 -0.00106299
69850 81180 81163 -0.000243379
69470 83609 83708 0.00142508
74893 82555 82776 0.00295088
70757 83310 83473 0.00230366
70991 81275 81300 0.000352157
70968 83198 83198 0
70113 82510 82348 -0.00231056
71237 81889 81511 -0.00530623
70234 84597 84669 0.00102514
71752 82461 82557 0.00133794
71950 83264 83098 -0.00230716
71036 81993 82139 0.0020553
71950 82546 82638 0.00127867
72034 82634 82886 0.00349835
73496 85247 85348 0.00137422
73165 83474 83550 0.00103875
68555 80737 80654 -0.00121071
71801 81104 81247 0.00199162
70088 80040 80127 0.0012413
69124 79404 79147 -0.00371796
69869 82528 82873 0.00493781
70975 83018 83153 0.00190208
71638 80780 80837 0.000795667
72198 85267 85137 -0.0018006
72936 83258 83013 -0.00335911
72599 83669 83088 -0.00800287
74034 85238 85353 0.00155334
72599 82883 83174 0.00400832
72142 83127 83271 0.00199606
72292 82672 82554 -0.00163227
71623 83209 83255 0.000642252
69563 81663 81975 0.00448514
71306 81320 80953 -0.00514683
71579 83098 83303 0.00286397
70792 82789 82938 0.00210476
68727 80267 80154 -0.00164419
69422 82355 82379 0.000345712
72160 83634 84013 0.00525222
72627 83942 84383 0.00607212
70433 81278 81001 -0.00393282
72346 83444 83616 0.00237746
72987 84430 84309 -0.00165783
72809 82408 82232 -0.00241728
72006 82966 83102 0.00188873
71496 82558 82711 0.00213998
72256 82575 82250 -0.0044979
71876 83017 82964 -0.000737381
71391 80702 80889 0.00261938
73503 84764 84451 -0.00425833
69857 81927 82170 0.00347853
72041 81809 82061 0.00349801
70089 81576 81493 -0.00118421
70669 81841 81820 -0.00029716
74129 84747 84883 0.00183464
70586 83817 83514 -0.00429264
69021 81364 81439 0.00108663
71821 83273 83099 -0.00242269
71020 82645 82070 -0.00809631
72909 83938 83934 -5.48629e-05
68157 81206 81066 -0.00205408
73467 83430 83612 0.0024773
69462 82217 82348 0.00188592
71898 81595 81308 -0.00399177
71443 82463 82443 -0.000279943
71695 83075 83474 0.00556524
72713 84042 83831 -0.00290182
72618 82381 82379 -2.75414e-05
72331 83641 83695 0.000746568
72245 82794 82941 0.00203474
70135 82020 82229 0.00297997
69870 83555 83469 -0.00123086
69073 81508 81133 -0.00542904
72061 83690 83707 0.000235911
73975 84048 83954 -0.0012707
72703 82752 82739 -0.00017881
73212 82868 83885 0.0138912
70881 80883 80220 -0.00935371
70990 81089 81223 0.00188759
67818 79516 79598 0.00120912
71894 81774 82016 0.00336607
71456 81960 81951 -0.000125952
69760 83238 83451 0.00305333
73813 83565 83770 0.00277729
69569 80485 80794 0.00444163
74578 83204 82779 -0.00569873
70130 81100 80785 -0.00449166
71877 81846 81963 0.00162778
70632 82274 81941 -0.00471458
71293 82116 82049 -0.000939784
69711 81593 81303 -0.00416003
72031 82471 82559 0.0012217
73497 82240 81991 -0.00338789
70660 81644 81552 -0.00130201
72906 81801 81768 -0.000452638
74486 81909 81284 -0.00839084
71697 81320 81123 -0.00274767
72329 82537 82593 0.00077424
71956 83199 83639 0.00611485
71067 82428 82187 -0.00339117
73222 83896 84109 0.00290896
69966 82149 82111 -0.000543121
70410 83160 83117 -0.000610709
69608 83873 83621 -0.00362027
71252 83580 83554 -0.000364902
71645 82956 82883 -0.00101891
72763 82656 82545 -0.0015255
68830 81359 81806 0.00649426
69885 85051 84693 -0.0051227
71333 82613 82114 -0.00699536
71102 80890 81146 0.00360046
71654 83911 83935 0.000334943
72281 83958 84337 0.00524342
71815 82989 83232 0.00338369
70974 81854 81843 -0.000154986
71390 82211 82700 0.0068497
71359 82552 82332 -0.003083
75280 84600 84771 0.00227152
72483 83750 83677 -0.00100713
71018 83446 83343 -0.00145034
71364 82842 82915 0.00102292
74307 84400 83995 -0.00545036
74459 84521 84187 -0.00448569
71801 82955 82262 -0.00965168
69115 79957 79610 -0.00502062
70831 83294 83068 -0.00319069
73638 84989 85119 0.00176539
71098 83255 83119 -0.00191285
70287 82241 82313 0.00102437
73855 81751 81439 -0.00422449
72539 85088 85048 -0.000551428
70002 83998 83753 -0.0034999
71727 82361 82380 0.000264893
72312 82647 82791 0.00199137
70412 80417 80341 -0.00107936
70575 81593 81905 0.00442083
68634 80795 80597 -0.00288487
74484 84893 85087 0.00260459
73721 82549 82881 0.00450347
72207 82185 82225 0.000553963
70388 83059 82916 -0.0020316
75281 82984 82841 -0.00189955
70193 81721 81777 0.0007978
71031 84314 83827 -0.00685616
72145 82565 82280 -0.00395038
70392 81206 81067 -0.00197466
70988 80433 80504 0.00100017
70779 79587 79033 -0.00782718
72273 83919 83898 -0.000290565
70684 81697 81770 0.00103277
71986 84065 84538 0.00657072
71345 83378 83223 -0.00217254
71640 81593 81522 -0.000991066
72438 82750 81908 -0.0116237
69821 81339 81407 0.000973919
72728 84011 84061 0.000687493
72734 83408 83190 -0.00299722
72912 83363 82809 -0.0075982
70900 81526 81811 0.00401975
74498 85315 84928 -0.00519477
69635 80302 80365 0.000904717
72516 83929 83914 -0.000206851
71543 82351 82592 0.0033686
70544 81321 81176 -0.00205545
71080 82476 82549 0.00102701
70692 83405 83125 -0.00396084
72883 82925 83140 0.00294993
72273 82909 82870 -0.000539621
72057 83665 83419 -0.00341396
72357 85214 85249 0.000483713
70976 81878 81590 -0.00405771
73314 83357 83550 0.00263251
68777 79829 80188 0.00521977
70223 82164 82466 0.00430059
73159 82758 81929 -0.0113315
72560 82881 82979 0.00135061
75424 83466 83483 0.000225392
70929 82761 82439 -0.00453975
71529 84466 84413 -0.000740958
71390 81572 81498 -0.00103656
70710 82856 82506 -0.00494979
75940 84035 83151 -0.0116408
72754 85165 85031 -0.00184182
71081 80649 80879 0.00323575
70194 81605 81634 0.000413141
69705 83879 83786 -0.00133419
71207 82168 81807 -0.00506973
71706 80652 80867 0.00299835
72118 83354 83304 -0.000693308
72874 82821 82734 -0.00119384
70509 81032 80627 -0.00574395
71410 81508 81405 -0.00144238
74756 83705 83966 0.00349136
73220 83501 83290 -0.00288173
72017 83295 83611 0.00438785
70363 82485 82156 -0.00467575
70599 81876 81953 0.00109067
71922 81780 81849 0.000959373
70894 83446 83576 0.00183372
69582 82574 82271 -0.00435457
71961 81086 80158 -0.0128959
73907 85443 85477 0.000460038
69211 81529 81885 0.00514369
70292 83972 84054 0.00116656
69251 81255 81010 -0.00353786
70577 82675 82776 0.00143106
70162 79981 79937 -0.00062712
72067 83275 83416 0.00195651
70819 80959 81098 0.00196275
71136 82226 82022 -0.00286775
71350 82299 82258 -0.000574632
73754 84413 84628 0.0029151
72221 84690 84315 -0.0051924
69723 82269 82345 0.00109003
67422 81112 81567 0.00674854
70946 83315 82694 -0.00875314
69748 83142 83066 -0.00108964
72450 83741 83569 -0.00237405
69224 80809 80756 -0.00076563
68775 83035 82739 -0.00430389
71346 82427 82261 -0.00232669
71811 82501 82429 -0.00100263
72672 83331 83340 0.000123844
69402 81034 81262 0.00328521
73580 84005 83832 -0.00235118
72556 82487 83129 0.00884834
70661 82205 82294 0.00125953
74631 83755 83916 0.00215728
69678 82665 82052 -0.00879761
70188 81870 81960 0.00128227
71721 82480 82199 -0.00391796
71965 82681 82324 -0.00496074
72895 82078 81489 -0.00808012
73146 84522 84347 -0.00239248
71186 82138 82121 -0.000238811
72810 83984 84101 0.00160692
75293 85233 85567 0.004436
70845 81619 80942 -0.00955607
73370 84304 84344 0.000545182
72592 82978 83138 0.0022041
72497 83805 83471 -0.00460709
69544 81061 81358 0.00427068
71170 82964 83214 0.00351272
72242 83539 83100 -0.0060768
69594 83324 83078 -0.00353479
71141 81025 80947 -0.00109641
70318 79902 80308 0.00577377
72344 83832 84302 0.00649674
71202 82173 82099 -0.0010393
72037 81499 81513 0.000194345
71142 82748 83996 0.0175424
70572 81181 81221 0.000566797
72998 82205 82240 0.000479465
71320 83495 83228 -0.00374369
70421 81586 81545 -0.000582213
69052 81739 81789 0.000724092
68841 81603 81764 0.00233872
69440 80197 80323 0.00181452
70941 81688 81207 -0.00678028
72400 84538 84297 -0.00332873
70824 84116 83543 -0.00809048
73590 82335 82081 -0.00345156
69214 82471 82364 -0.00154593
70982 81625 81793 0.0023668
70448 81269 80845 -0.00601862
70049 81385 81373 -0.000171309
71833 83564 83491 -0.00101625
69935 81740 81520 -0.00314578
71151 82422 82111 -0.00437099
68592 81585 81499 -0.00125379
73817 84681 84673 -0.000108376
70871 80619 80706 0.00122758
69654 82359 82348 -0.000157923
70618 82418 82231 -0.00264805
73424 84778 84942 0.0022336
68983 81158 81299 0.00204398
71760 84135 84300 0.00229933
71566 81675 81780 0.00146718
71032 82269 81913 -0.00501183
71539 82624 83277 0.00912789
72326 81904 82084 0.00248873
71836 83007 83045 0.000528983
72934 84224 83940 -0.00389393
69194 83716 83484 -0.00335289
70725 81482 82476 0.0140544
71481 81161 81037 -0.00173473
70339 83273 83326 0.000753494
72744 83355 83076 -0.00383537
70930 83002 82259 -0.0104751
69684 82305 82189 -0.00166466
70404 82743 82881 0.00196012
70602 81205 81520 0.00446163
71801 84741 84076 -0.00926171
71311 81978 81727 -0.00351979
71518 85046 85095 0.000685142
67025 79642 79647 7.4599e-05
71402 82164 81546 -0.00865522
70514 82596 82751 0.00219815
70690 82016 81839 -0.00250389
72260 84292 84038 -0.00351508
72995 81855 81558 -0.00406877
73459 84374 84324 -0.000680652
71069 83913 83887 -0.000365842
71875 81711 81713 2.78261e-05
73057 83668 83590 -0.00106766
68740 81818 82010 0.00279313
73388 84773 84354 -0.00570938
74967 84591 84676 0.00113383
73447 83107 83310 0.0027639
72925 82625 82433 -0.00263284
73235 85397 85419 0.000300403
72546 85651 85436 -0.00296364
72685 83644 83357 -0.00394855
74366 84190 84075 -0.00154641
72428 82897 83068 0.00236097
70781 84162 84072 -0.00127153
71556 83878 83535 -0.00479345
70665 82209 82369 0.0022642
70477 82813 83083 0.00383104
73298 81687 82457 0.0105051
73589 82400 82026 -0.00508228
70981 81836 81473 -0.00511404
68651 81047 81126 0.00115075
71108 82640 82324 -0.00444394
70940 82458 82196 -0.00369326
72400 82409 82972 0.00777624
75030 86096 85650 -0.00594429
70154 82156 82282 0.00179605
74159 84456 84277 -0.00241373
72185 82302 82135 -0.0023135
73035 84567 84418 -0.00204012
74052 83656 83963 0.00414574
70544 80872 81102 0.00326038
73052 82029 82128 0.0013552
68980 82421 82280 -0.00204407
70513 82397 82507 0.00156
71958 82653 82815 0.00225131
71363 82169 82284 0.00161148
72687 82041 82330 0.00397595
69728 81797 81618 -0.00256712
69721 81958 82125 0.00239526
70566 81356 80895 -0.00653289
70663 80571 81098 0.00745793
71222 82819 82807 -0.000168487
71043 82459 82502 0.000605267
75229 84858 84726 -0.00175464
71671 81616 81524 -0.00128364
71594 82699 83236 0.00750063
70707 80409 80694 0.00403072
71518 81794 81868 0.0010347
70846 83256 83137 -0.0016797
71713 82697 82749 0.000725113
72652 82054 82051 -4.12927e-05
70863 84173 84553 0.00536246
70932 81078 80430 -0.00913551
72569 83176 82833 -0.00472654
67180 80562 80475 -0.00129503
72402 82442 82909 0.0064501
73818 83767 84270 0.00681406
71096 83758 83652 -0.00149094
72463 83390 83292 -0.00135241
73550 84302 84024 -0.00377974
73527 83776 84138 0.00492336
72017 83380 83741 0.00501271
73400 83147 83093 -0.000735695
70309 81915 81973 0.00082493
71573 82037 82216 0.00250094
72235 82784 82577 -0.00286565
74046 83696 83764 0.000918348
70767 83257 83335 0.00110221
69302 80740 80387 -0.00509365
69693 81166 81212 0.000660038
71411 82202 82699 0.00695971
70238 81665 81989 0.00461289
71281 82732 82665 -0.000939942
70082 82157 82263 0.00151251
71671 84515 84305 -0.00293006
71461 83057 83214 0.002197
69972 81328 81248 -0.00114331
69922 82937 83204 0.00381854
70061 82703 82807 0.00148442
71699 82626 82478 -0.00206418
72118 82708 82133 -0.00797304
69978 82571 82298 -0.00390123
72427 82118 82516 0.00549519
71831 81762 81778 0.000222745
73617 83864 83811 -0.000719942
72398 84657 84655 -2.76251e-05
72667 83644 83383 -0.00359173
69796 83372 83251 -0.00173362
71955 82342 81863 -0.00665694
73306 83628 83278 -0.00477451
73120 84406 84138 -0.00366521
75628 84126 83670 -0.00602951
68780 82917 82861 -0.00081419
73343 82455 82450 -6.81728e-05
73846 84426 84295 -0.00177396
70742 81878 81754 -0.00175285
72186 83356 83570 0.00296456
72185 83015 83149 0.00185634
73266 82959 82998 0.000532307
74658 84805 84909 0.00139302
72042 83939 83737 -0.00280392
74103 83463 83683 0.00296884
72952 82337 82539 0.00276894
71418 83640 83644 5.60083e-05
71623 82308 82858 0.0076791
73281 84365 84507 0.00193775
73470 82375 81986 -0.00529468
67783 80924 80614 -0.00457342
70653 84427 83741 -0.00970942
70715 80458 80900 0.00625044
73207 83038 83011 -0.000368817
73735 84226 83659 -0.0076897
73535 82425 82377 -0.00065275
72235 83675 83442 -0.00322558
69118 82290 81942 -0.00503487
71894 83533 83742 0.00290706
69233 81822 81896 0.00106885
71450 83497 82954 -0.00759972
70873 82824 82856 0.000451512
71981 84090 84194 0.00144483
73642 83931 84129 0.00268868
70207 81599 81927 0.0046719
71726 83448 83200 -0.0034576
70979 82100 82083 -0.000239507
70807 83193 82571 -0.00878444
72190 81553 82236 0.00946114
70766 83005 83047 0.000593505
70080 81057 81173 0.00165525
73184 83428 83671 0.0033204
71607 83552 82936 -0.00860251
71802 80729 80500 -0.00318933
73291 82638 82924 0.00390225
72835 82400 83064 0.0091165
70805 83391 83233 -0.00223148
70070 84343 84187 -0.00222635
71098 82967 82215 -0.010577
71646 82186 82014 -0.00240069
72251 83692 83677 -0.00020761
70894 81074 80602 -0.00665783
70808 81776 81423 -0.00498531
71706 80837 80606 -0.00322149
72032 85050 84838 -0.00294314
71563 83055 82896 -0.00222182
71448 82860 82610 -0.00349905
72563 83932 84088 0.00214986
70114 80573 80619 0.000656074
73203 81949 81687 -0.00357909
74352 83041 83485 0.00597159
74302 82704 82389 -0.00423946
73240 82997 82971 -0.000354997
72475 84532 83968 -0.00778199
72758 83156 83706 0.00755931
74311 83803 83810 9.41987e-05
73365 84050 84342 0.0039801
71606 83313 83702 0.00543251
71508 81194 81175 -0.000265705
72584 83517 83651 0.00184614
67683 82082 82086 5.9099e-05
70950 82396 82142 -0.00357999
70772 80411 79770 -0.00905725
70209 79432 79416 -0.000227891
71903 81846 81640 -0.00286497
73264 83719 83665 -0.00073706
71510 80790 81124 0.00467068
72201 84528 83923 -0.00837939
70468 83257 83335 0.00110689
71771 82451 82994 0.00756573
71875 83602 82669 -0.0129809
70198 80557 80710 0.00217955
70566 80934 81093 0.00225321
72177 83085 83057 -0.000387935
74293 82520 82117 -0.00542447
72115 81606 81565 -0.000568536
70832 81248 81416 0.00237181
73271 83701 83736 0.000477679
72953 83727 84112 0.00527737
68498 81083 80774 -0.00451108
71445 80915 81788 0.0122192
71005 80779 80906 0.00178861
71327 82086 81879 -0.00290213
73041 83531 83391 -0.00191673
75997 82715 82641 -0.000973723
70483 82476 82104 -0.00527787
70669 83271 82947 -0.00458475
73052 83293 83448 0.00212178
70532 81926 82076 0.00212669
71420 82438 82188 -0.00350042
71214 82127 82356 0.00321566
71964 83831 83671 -0.00222333
71532 81641 81620 -0.000293575
70756 81989 81611 -0.0053423
74050 85643 85516 -0.00171506
75055 82288 82275 -0.000173206
70226 80437 80310 -0.00180845
69145 82910 82746 -0.00237183
69768 80761 80214 -0.00784027
69490 82697 82673 -0.000345373
71315 84015 84429 0.00580523
71857 83768 83632 -0.00189265
72287 84709 84883 0.00240707
69343 80407 80713 0.00441285
70742 82218 82539 0.00453762
74244 83428 83715 0.00386563
70629 81675 80880 -0.011256
70504 81722 81762 0.000567344
74105 85488 85278 -0.00283382
70600 83498 83283 -0.00304533
70494 82396 82092 -0.00431242
71452 83532 83059 -0.00661983
71141 82709 82873 0.00230528
74257 84072 83919 -0.00206041
72971 82940 82583 -0.00489235
67317 81028 80816 -0.00314928
71372 81743 81503 -0.00336266
71030 82327 82554 0.00319583
70585 82719 82689 -0.000425019
70927 81243 81044 -0.0028057
72717 83977 83500 -0.00655968
71772 80722 81074 0.00490442
71842 85042 84491 -0.00766961
70057 81978 81734 -0.00348288
72202 81762 81466 -0.00409961
72047 80847 80963 0.00161006
72033 83357 82828 -0.00734386
71038 82565 82500 -0.000915003
74737 86105 85632 -0.00632886
71625 81912 82014 0.00142408
68893 80202 80281 0.00114671
70784 81275 81533 0.00364489
73522 86729 86576 -0.00208101
69081 82226 82021 -0.00296753
70934 82190 82328 0.00194547
71714 83273 83504 0.00322113
71609 80203 80220 0.0002374
74166 82309 82156 -0.00206294
67033 79660 79458 -0.00301344
70421 81333 81508 0.00248505
73388 82807 82712 -0.00129449
70583 81970 81864 -0.00150178
69077 82896 83394 0.00720935
70708 82218 82321 0.0014567
71987 83809 83566 -0.00337561
72091 83525 83527 2.77427e-05
69836 81334 81460 0.00180423
73090 83611 83055 -0.00760706
71228 82176 82021 -0.00217611
72367 83092 82941 -0.00208659
72165 81916 81890 -0.000360285
70111 82349 82004 -0.00492077
71727 82163 81831 -0.00462866
71138 82860 83023 0.00229132
74534 83558 83558 0
71565 81049 81659 0.00852372
71490 81839 81820 -0.000265771
73138 83913 84057 0.00196888
72651 84434 84031 -0.00554707
72515 82088 82320 0.00319934
73281 84072 83952 -0.00163753
70521 81801 82075 0.00388537
69601 80303 80155 -0.00212641
71301 81305 81317 0.000168301
70348 82833 82618 -0.00305623
72490 83237 83137 -0.0013795
72480 83570 83757 0.00258002
74140 84104 83995 -0.00147019
72431 83064 83064 0
72954 83476 83468 -0.000109658
72915 83360 83108 -0.00345608
68068 83511 83444 -0.00098431
73296 85510 85382 -0.00174634
71526 82730 82641 -0.0012443
70946 82894 82774 -0.00169143
72816 82946 82936 -0.000137332
70962 82579 82649 0.000986443
72336 82643 82102 -0.00747899
70987 81931 82143 0.00298646
69784 81980 82276 0.00424166
69114 81454 81754 0.00434065
72270 82925 83158 0.00322402
72283 82994 82445 -0.00759515
71737 82742 82599 -0.00199339
71897 82151 82344 0.0026844
73476 86140 86239 0.00134738
71681 84621 84636 0.00020926
73250 82830 83432 0.00821843
71349 83727 83510 -0.00304139
72785 82207 82259 0.000714433
71214 83631 83661 0.000421265
70677 82578 82864 0.00404658
75904 85622 85316 -0.00403141
72582 81978 82111 0.00183241
73333 84177 84521 0.00469093
73607 83910 83554 -0.0048365
73701 84689 84737 0.00065128
70388 81935 81953 0.000255725
71103 82814 82942 0.00180021
70770 84043 84219 0.00248693
70866 82753 82442 -0.00438856
69742 81775 81268 -0.00726965
72529 82003 82457 0.00625957
71985 80981 81530 0.00762659
71311 82764 82944 0.00252415
69109 81422 81375 -0.000680085
71166 81517 81640 0.00172835
69566 81837 82201 0.00523244
74827 82682 81913 -0.010277
71189 82245 82017 -0.00320274
72496 83309 83266 -0.000593136
73373 84076 83903 -0.00235782
71304 84869 84131 -0.0103501
71480 83944 83676 -0.0037493
71954 82742 82471 -0.0037663
70430 79712 79941 0.00325146
71320 83764 83928 0.0022995
71346 83275 83255 -0.000280324
73023 84156 84369 0.00291689
71618 82490 82276 -0.00298808
69366 79626 79821 0.00281118
74200 83554 83611 0.000768194
72742 83488 83403 -0.00116851
72745 83068 83106 0.000522373
70580 84330 84283 -0.000665911
72761 83050 82959 -0.00125067
72782 82292 81892 -0.00549586
72278 85144 84875 -0.00372174
69194 80750 81204 0.00656126
72337 82217 82253 0.000497671
70315 84146 84180 0.000483538
70868 81522 81670 0.00208839
71422 83914 84310 0.00554451
75980 85591 86089 0.00655436
74536 84219 84403 0.00246861
72355 83272 82717 -0.00767051
72397 82238 82196 -0.000580135
72465 81402 81202 -0.00275995
72929 82323 81627 -0.00954353
70962 83052 82956 -0.00135284
71405 81113 81120 9.80324e-05
71903 83530 83519 -0.000152984
69250 84698 84666 -0.000462094
71957 82876 82932 0.000778243
73721 84829 84666 -0.00221104
69211 80089 80310 0.00319313
72419 82712 82559 -0.00211271
70472 81475 81170 -0.00432796
71011 80935 81820 0.0124629
75609 84286 84260 -0.000343874
70557 81572 81819 0.00350072
70547 82163 81962 -0.00284916
70989 83194 83379 0.00260604
70523 82726 82768 0.00059555
72693 83263 83177 -0.00118306
71960 84475 84806 0.00459978
73915 83285 82683 -0.00814449
71768 81795 81001 -0.0110634
72844 83587 83654 0.000919774
72108 83167 82957 -0.0029123
73772 84311 84199 -0.00151819
74564 84115 84405 0.00388928
70906 80981 80590 -0.00551434
70428 82301 82029 -0.0038621
73283 84280 84810 0.00723224
72514 83605 82961 -0.00888104
72685 82921 82599 -0.00443007
69548 82988 83186 0.00284695
72569 84096 83936 -0.0022048
74407 84297 83771 -0.00706923
73499 83773 83904 0.00178234
72920 83609 83491 -0.00161821
71568 81547 81381 -0.00231947
71954 82769 82906 0.00190399
70911 81167 80980 -0.00263711
71288 82685 82995 0.00434856
72370 81565 81770 0.00283267
71155 82370 82418 0.000674584
71919 82999 82508 -0.00682712
69599 81846 82030 0.00264372
70660 84040 83952 -0.0012454
71970 81658 81637 -0.000291788
71813 81484 81925 0.00614095
70546 81366 81386 0.000283503
70517 80155 80792 0.00903328
73835 84065 83786 -0.0037787
68695 80785 81168 0.00557537
74082 83573 83375 -0.00267271
71516 82585 82324 -0.00364953
70877 83765 83752 -0.000183416
71733 82739 82916 0.00246748
71219 82068 82326 0.00362263
73123 83469 83440 -0.000396592
70308 80818 80380 -0.00622973
69087 82389 82647 0.00373442
70274 82207 82440 0.00331559
71108 84058 83590 -0.00658154
72083 83602 82901 -0.0097249
72756 83012 82741 -0.00372478
71069 82083 81354 -0.0102576
70100 80142 80076 -0.000941512
72115 82166 82558 0.00543576
71956 82723 82701 -0.000305742
71852 82652 82007 -0.00897679
73786 84962 85267 0.00413358
71734 81645 81296 -0.0048652
70419 83006 82011 -0.0141297
73640 85983 85376 -0.0082428
74305 84039 84201 0.0021802
70813 83271 83132 -0.00196292
72486 83584 83590 8.27746e-05
72434 82025 81697 -0.00452826
73128 83060 82920 -0.00191445
69175 82305 82183 -0.00176364
72225 80827 80512 -0.00436137
73167 84222 84236 0.000191343
70395 82406 82308 -0.00139214
69270 79708 79562 -0.00210769
68587 80214 80316 0.00148716
69907 83340 83350 0.000143047
69419 83071 83218 0.00211758
71546 83623 83621 -2.7954e-05
70214 81962 81963 1.42422e-05
71545 82614 82268 -0.00483612
69297 81884 81995 0.0016018
71569 81563 81779 0.00301807
71084 82182 82360 0.00250408
72177 82786 82868 0.0011361
71233 83033 82663 -0.00519422
71692 81164 81681 0.0072114
72544 82687 82738 0.000703022
72425 81790 81256 -0.00737314
73119 82767 83075 0.00421231
70605 82127 82228 0.00143049
71562 81066 81132 0.000922277
70464 81240 80211 -0.0146032
70588 81668 81380 -0.00408001
69903 82605 82605 0
70453 81675 81590 -0.00120648
72641 84199 83990 -0.00287716
70446 82434 82565 0.00185958
73933 84264 83995 -0.00363843
72407 82337 82343 8.28649e-05
72174 83424 83447 0.000318674
73437 81927 81387 -0.00735324
69614 82410 82546 0.00195363
71845 82914 82900 -0.000194864
71444 82537 82550 0.000181961
70327 80739 80686 -0.000753622
71320 85183 85114 -0.000967471
70269 83410 83457 0.000668858
71531 83317 83724 0.00568984
73845 83835 83933 0.0013271
71248 83436 83309 -0.00178251
70835 82352 82360 0.000112939
71301 82939 83088 0.00208973
71359 82025 81772 -0.00354545
72576 84247 84212 -0.000482253
70592 81629 81710 0.00114744
72325 84250 83703 -0.00756308
72916 84825 84099 -0.00995666
73430 84546 84544 -2.72368e-05
72148 82616 82309 -0.00425514
71012 81216 81399 0.00257703
73150 83314 83773 0.00627478
69748 82343 82052 -0.00417216
72004 82984 83009 0.000347203
70648 82985 82199 -0.0111256
69769 81593 81027 -0.00811249
71556 82559 82319 -0.00335402
70956 83286 83607 0.00452393
73772 83760 83772 0.000162663
68978 84505 84621 0.0016817
70609 83268 83349 0.00114716
70917 82864 83253 0.00548529
71273 83804 83434 -0.00519131
70748 84171 84296 0.00176683
72671 83745 83622 -0.00169256
70427 81963 81254 -0.0100672
72418 84061 84115 0.000745671
72171 81950 81816 -0.0018567
69769 81458 81268 -0.00272327
73873 82236 82335 0.00134014
71283 80982 80829 -0.00214637
70785 81973 81983 0.000141273
69945 82007 81960 -0.000671957
71134 83070 82752 -0.00447044
71306 82512 82396 -0.00162679
70705 82234 82065 -0.00239021
73354 83080 82815 -0.00361262
70807 83425 83074 -0.00495714
72212 80239 80223 -0.00022157
73023 82005 82324 0.00436849
72120 83079 83115 0.000499168
71085 83123 82614 -0.00716044
72238 83400 82934 -0.0064509
71058 81459 81488 0.000408117
70999 82478 82555 0.00108452
71464 82110 81919 -0.00267267
71071 83600 83801 0.00282816
70745 82134 82061 -0.00103188
72534 82256 82256 0
70260 81765 82033 0.0038144
72558 81782 81660 -0.00168141
74053 83616 83488 -0.00172849
70473 81159 81079 -0.00113519
71785 81467 81964 0.00692345
71523 83989 83936 -0.00074102
68052 79820 79674 -0.00214542
71931 83053 82824 -0.00318361
69986 82022 81650 -0.00531535
70780 82736 83364 0.00887256
71533 82082 82301 0.00306152
70968 84202 84089 -0.00159227
71845 82516 82645 0.00179553
70958 82258 82189 -0.000972406
69971 84002 83759 -0.00347287
71387 82678 82865 0.00261952
70952 82423 82527 0.00146578
71648 82894 82983 0.00124218
73261 83527 83380 -0.00200652
68989 81777 81294 -0.00700112
71523 82837 82926 0.00124435
70378 82461 82552 0.00129302
71019 82393 82607 0.00301328
72135 83071 82491 -0.00804048
73683 84278 84851 0.00777656
71760 83424 83778 0.00493311
71512 80990 80799 -0.00267088
70557 81419 81377 -0.000595263
73709 83630 83645 0.000203503
73082 83827 83748 -0.00108098
70841 80389 80446 0.000804619
73682 85070 85142 0.000977172
71702 84498 84794 0.0041282
69813 84225 84031 -0.00277885
70219 81881 82303 0.00600977
68952 81827 81771 -0.000812159
72583 85625 85606 -0.000261769
69349 80777 80857 0.00115359
69854 80991 81519 0.00755862
73471 84110 84375 0.00360687
71869 83789 84188 0.00555177
72748 83618 83437 -0.00248804
72914 84523 84998 0.00651452
72795 84019 84081 0.000851707
71854 81920 81790 -0.00180922
69789 81759 81564 -0.00279414
68905 81067 81151 0.00121907
69735 83862 83609 -0.00362802
70838 83432 83808 0.00530789
71857 82862 83082 0.00306164
70256 83154 83603 0.00639091
73958 85003 85003 0
71615 83057 82647 -0.00572506
71675 82683 82328 -0.00495291
71895 85295 85158 -0.00190556
73412 85074 85010 -0.000871792
70192 82495 82213 -0.00401755
69755 82488 82209 -0.00399971
72182 83268 82785 -0.00669142
73171 83282 83435 0.00209099
72151 82670 82564 -0.00146914
72375 81289 81335 0.000635579
68264 78993 78781 -0.00310559
71818 80768 81142 0.00520761
73904 82715 82695 -0.000270621
71739 83695 83240 -0.00634244
75467 84310 84706 0.00524733
72943 83655 83452 -0.00278299
72455 83587 83800 0.00293976
69563 82389 82015 -0.00537642
73960 83134 83103 -0.000419145
73810 84611 84380 -0.00312966
73081 83260 83256 -5.47338e-05
74710 84250 84156 -0.0012582
70492 82694 82351 -0.0048658
74441 83610 83932 0.00432557
70749 83205 82993 -0.00299651
70078 82149 82224 0.00107024
72426 83783 83787 5.52288e-05
72046 85290 85087 -0.00281764
72934 83636 83172 -0.00636192
72021 82895 82613 -0.00391552
70107 82155 82113 -0.000599084
71853 83632 83234 -0.00553909
74284 84328 84333 6.73092e-05
70684 81317 81229 -0.00124498
70857 84716 84524 -0.00270968
71999 82937 83195 0.00358338
71207 82472 82535 0.000884744
73040 82599 82860 0.00357338
72380 81873 82269 0.00547112
72109 83158 83135 -0.000318962
73779 81477 81428 -0.000664146
69117 81082 81281 0.00287918
69930 82505 82345 -0.002288
72458 82137 82036 -0.00139391
73239 82957 83022 0.000887505
70346 81416 81600 0.00261564
72087 82989 82690 -0.00414777
72210 82215 82327 0.00155103
71207 83156 82712 -0.00623534
72239 81243 81366 0.00170268
71663 82095 82196 0.00140937
73687 82564 82953 0.00527909
72050 81493 81446 -0.000652325
71051 82382 81991 -0.00550309
73731 83681 84033 0.00477411
72193 83219 83272 0.000734143
69229 82230 82260 0.000433344
71784 83073 83016 -0.000794049
71763 83746 83519 -0.00316319
72312 82451 82360 -0.00125844
74397 84177 84160 -0.000228504
71502 82420 82604 0.00257335
70770 81276 81379 0.00145542
71283 82814 83249 0.00610244
72415 84418 84740 0.00444659
71525 84518 84447 -0.00099266
71540 82373 82217 -0.0021806
69784 81653 80878 -0.0111057
71476 82718 82259 -0.00642174
73442 83667 83550 -0.00159309
70974 83013 82828 -0.00260659
72884 84183 84059 -0.00170133
71375 83040 82649 -0.00547811
69733 83019 83016 -4.30212e-05
69901 83083 82447 -0.00909858
72920 83999 84234 0.00322271
69524 81164 80966 -0.00284794
74155 82961 82722 -0.00322298
72015 81632 81790 0.00219399
66661 80121 80836 0.0107259
67947 82377 82176 -0.00295819
71045 83469 83348 -0.00170315
72281 83587 83223 -0.0050359
71561 81909 81824 -0.0011878
