35266 41690 42158 0.0132706
35537 40956 40789 -0.00469933
35881 41860 41836 -0.000668878
35799 42197 42367 0.00474874
35787 42083 42023 -0.00167659
34916 41253 41029 -0.0064154
36574 42794 42521 -0.00746432
36771 41960 41775 -0.00503114
36374 41730 41847 0.00321658
36335 40776 40936 0.00440347
37112 42498 42521 0.000619746
36076 41868 41500 -0.0102007
36267 41673 41634 -0.00107536
37734 42011 41976 -0.000927545
35518 41766 41791 0.000703868
35687 42598 42584 -0.0003923
37150 42169 42100 -0.00185734
35960 42003 42003 0
35340 41309 41390 0.00229202
36212 41986 42015 0.00080084
36524 42557 42432 -0.00342241
37217 42711 42714 8.06083e-05
35430 41559 41563 0.000112899
36160 41589 41695 0.00293142
36133 41466 41648 0.00503695
36186 41546 41634 0.00243188
36915 42741 42649 -0.00249221
37155 41994 41973 -0.0005652
36027 42684 42484 -0.00555139
36514 41908 41667 -0.00660021
36864 42789 42768 -0.000569661
35344 41146 40640 -0.0143164
36262 42248 42093 -0.00427445
35800 41180 40972 -0.00581006
36422 41807 41889 0.00225139
36178 41752 41752 0
37077 41591 41541 -0.00134854
37005 42730 42828 0.00264829
36366 41909 41640 -0.00739702
35365 41267 41147 -0.00339319
37678 43118 43037 -0.0021498
35688 41313 41339 0.000728536
37568 43214 43302 0.00234242
36064 42759 42748 -0.000305013
35267 40670 40547 -0.00348768
37404 42901 42921 0.000534702
35984 41840 41844 0.000111161
37306 42496 42604 0.00289498
36456 41767 41776 0.000246873
36244 40607 40462 -0.00400066
36126 41542 41424 -0.00326635
35432 41407 40967 -0.0124182
35528 41262 41024 -0.00669894
35337 41386 41317 -0.00195263
35820 42068 41925 -0.00399218
37133 41607 41716 0.00293539
36462 42106 42104 -5.48516e-05
36638 42514 42506 -0.000218353
37478 42149 42199 0.00133412
36314 41291 41469 0.00490169
36036 41527 41579 0.001443
36216 41695 41831 0.00375525
35811 41653 41601 -0.00145207
37038 42661 42617 -0.00118797
35278 40989 40775 -0.0060661
35066 41971 42230 0.00738607
37824 41691 41796 0.00277602
35734 42049 42132 0.00232272
35847 41099 41074 -0.000697408
35829 42058 41986 -0.00200955
35389 41480 41644 0.00463421
35972 41346 41401 0.00152897
35466 42709 42740 0.000874077
36223 41622 41589 -0.000911023
36336 42049 41955 -0.00258697
35875 41338 41468 0.00362369
36336 41827 41661 -0.00456847
36389 41917 41862 -0.00151145
37104 43036 43084 0.00129366
36944 42171 42171 0
34635 40735 40728 -0.000202108
36251 40955 41001 0.00126893
35407 40437 40460 0.000649589
34921 40139 39962 -0.00506858
35276 41834 41830 -0.000113392
35827 41947 41965 0.000502414
36165 40774 40802 0.000774229
36467 43052 42981 -0.00194697
36848 42025 41983 -0.00113982
36648 42216 41941 -0.00750382
37371 43021 43011 -0.000267587
36665 41845 41917 0.00196373
36433 41990 42032 0.0011528
36487 41720 41655 -0.00178146
36181 42070 42002 -0.00187944
35112 41210 41375 0.00469925
36015 41032 40867 -0.00458142
36148 41994 42082 0.00243444
35753 41798 41877 0.0022096
34722 40396 40487 0.00262082
35056 41469 41581 0.00319489
36443 42195 42406 0.00578986
36678 42674 42587 -0.00237199
35563 41026 40882 -0.00404915
36526 42111 42192 0.0022176
36855 42617 42493 -0.00336454
36749 41580 41498 -0.00223135
36375 41953 41933 -0.000549828
36115 41693 41770 0.00213208
36496 41694 41525 -0.00463064
36288 41903 41935 0.000881834
36031 40728 40761 0.000915878
37101 42785 42710 -0.00202151
35271 41385 41429 0.00124748
36367 41227 41405 0.00489455
35415 41194 41262 0.00192009
35706 41334 41322 -0.000336078
37420 42797 42790 -0.000187066
35620 42073 42141 0.00190904
34858 40960 41121 0.00461874
36269 41915 41951 0.000992583
35863 41710 41415 -0.00822575
36814 42369 42367 -5.43272e-05
34426 40960 40933 -0.000784291
37088 42106 42195 0.0023997
35081 41498 41505 0.000199538
36298 41145 41074 -0.00195603
36048 41645 41592 -0.00147026
36204 41936 42127 0.00527566
36711 42471 42464 -0.000190679
36672 41590 41590 0
36498 42202 42228 0.000712368
36479 41790 41869 0.00216563
35416 41490 41526 0.00101649
35301 42195 42154 -0.00116144
34889 41157 40953 -0.00584712
36381 42232 42252 0.000549738
37351 42353 42375 0.000589007
36724 41777 41770 -0.000190611
36962 42033 42331 0.00806233
35812 40846 40510 -0.00938233
35853 40937 41013 0.00211977
34268 40178 40230 0.00151745
36330 41469 41416 -0.00145885
36079 41333 41365 0.000886943
35254 42067 42171 0.00295002
37272 42364 42265 -0.00265615
35148 40614 40843 0.00651531
37644 42018 41821 -0.00523324
35425 40802 40785 -0.000479887
36295 41310 41370 0.00165312
35684 41548 41318 -0.00644547
36005 41445 41416 -0.000805444
35212 41191 41193 5.67988e-05
36375 41715 41673 -0.00115464
37125 41535 41385 -0.0040404
35669 41209 41158 -0.00142981
36845 41317 41302 -0.000407111
37602 41337 41031 -0.00813787
36213 41119 40962 -0.00433546
36532 41669 41844 0.00479032
36336 41983 41806 -0.0048712
35882 41601 41479 -0.00340003
36992 42350 42413 0.00170307
35333 41473 41510 0.00104718
35546 41975 41952 -0.000647049
35156 42249 41771 -0.0135965
35988 42192 42185 -0.000194509
36175 41622 41828 0.00569454
36744 41733 41673 -0.00163292
34773 41080 41333 0.00727576
35275 42937 42730 -0.00586818
36020 41703 41569 -0.00372016
35915 40834 40980 0.00406515
36173 42259 42361 0.00281978
36508 42391 42578 0.00512217
36273 42185 42009 -0.00485209
35833 41318 41314 -0.000111629
36045 41615 41744 0.00357886
36021 41676 41566 -0.00305377
38000 42702 42786 0.00221053
36622 42303 42270 -0.000901098
35839 42116 42286 0.00474344
36043 41968 41836 -0.00366229
37516 42606 42404 -0.00538437
37593 42662 42491 -0.00454872
36254 41878 41524 -0.00976444
34891 40360 40182 -0.0051016
35757 42048 42036 -0.000335599
37185 42882 42916 0.000914347
35894 42024 42095 0.00197805
35482 41493 41548 0.00155008
37303 41274 41236 -0.00101868
36634 42960 42943 -0.00046405
35352 42392 42280 -0.00316814
36220 41572 41581 0.000248482
36525 41741 41802 0.00167009
35566 40610 40670 0.001687
35641 41189 41345 0.00437698
34677 40800 40705 -0.00273957
37591 42844 42938 0.0025006
37213 41674 41837 0.00438019
36456 41478 41499 0.000576037
35540 41918 41844 -0.00208216
38001 41887 41815 -0.00189469
35440 41398 41299 -0.00279345
35887 42556 42311 -0.00682698
36442 41682 41511 -0.00469239
35555 41000 40894 -0.0029813
35846 40605 40643 0.00106009
35751 40170 39900 -0.00755224
36484 42363 42350 -0.000356321
35710 41258 41289 0.000868104
36341 42501 42666 0.00454033
36026 42105 42058 -0.00130461
36185 41199 41000 -0.00549952
36587 41796 41840 0.00120261
35266 41126 41054 -0.00204163
36727 42411 42430 0.000517331
36742 42119 42034 -0.00231343
36819 41898 41802 -0.00260735
35813 41045 41145 0.00279228
37602 42921 42898 -0.00061167
35174 40565 40572 0.000199011
36630 42369 42400 0.000846301
36131 41568 41695 0.00351499
35625 41065 40986 -0.00221754
35885 41619 41657 0.00105894
35697 41964 41967 8.40407e-05
36796 41866 41974 0.0029351
36485 41836 41827 -0.000246677
36387 42119 42100 -0.000522165
36525 43021 43098 0.00210815
35836 41343 41243 -0.00279049
37017 42063 42132 0.00186401
34730 40430 40487 0.00164123
35474 41510 41239 -0.0076394
36947 41777 41544 -0.00630633
36641 41854 41898 0.00120084
38083 42135 42314 0.00470026
35814 41791 41622 -0.00471883
36116 42637 42608 -0.000802968
36054 41183 41141 -0.00116492
35706 41714 41642 -0.00201647
38323 42410 41962 -0.0116901
36711 42959 42895 -0.00174335
35896 40727 40617 -0.00306441
35416 41169 41212 0.00121414
35194 42326 42280 -0.00130704
35970 41376 41323 -0.00147345
36225 40744 40838 0.00259489
36420 42136 42054 -0.00225151
36809 41717 41767 0.00135836
35609 40872 40707 -0.00463366
36036 41126 41076 -0.0013875
37751 42258 42387 0.00341713
36959 42138 42032 -0.00286804
36363 42043 42176 0.00365756
35515 41621 41461 -0.00450514
35643 41320 41205 -0.00322644
36303 41280 41441 0.0044349
35792 42119 42188 0.00192781
35142 41705 41657 -0.00136589
36356 41091 40234 -0.0235725
37313 43141 43148 0.000187602
34973 41296 41355 0.00168702
35491 42330 42263 -0.0018878
34982 40976 40897 -0.0022583
35646 41739 41791 0.00145879
35455 40421 40395 -0.000733324
36381 42036 42176 0.00384816
35773 40944 40872 -0.00201269
35914 41506 41457 -0.00136437
36042 41562 41510 -0.00144276
37230 42566 42713 0.00394843
36458 42734 42564 -0.0046629
35196 41518 41472 -0.00130697
34056 40950 41181 0.00678295
35829 42074 41749 -0.00907086
35221 41971 41930 -0.00116408
36580 42145 42185 0.00109349
34962 40872 40863 -0.000257422
34722 41908 41759 -0.00429123
36035 41622 41533 -0.00246982
36254 41662 41606 -0.00154466
36702 42062 42067 0.000136232
35050 40911 40893 -0.000513552
37156 42405 42323 -0.00220691
36634 41901 41971 0.00191079
35694 41389 41504 0.00322183
37672 42277 42379 0.00270758
35189 41675 41478 -0.00559834
35699 41644 41682 0.00106446
36212 41559 41484 -0.00207114
36340 41713 41562 -0.0041552
36817 41561 41139 -0.0114621
36949 42683 42605 -0.00211102
35952 41476 41464 -0.000333778
36752 42385 42211 -0.00473444
38005 43017 43177 0.00420997
35778 41201 40859 -0.00955895
37040 42552 42491 -0.00164687
36649 41953 41959 0.000163715
36610 42291 42126 -0.00450697
35114 40920 41075 0.00441419
35915 41871 41814 -0.00158708
36488 42181 41960 -0.00605679
35144 41975 42076 0.00287389
35919 40959 40859 -0.00278404
35523 40506 40572 0.00185795
36522 42440 42552 0.00306664
35969 41489 41457 -0.000889655
36380 41154 41057 -0.0026663
35923 41764 42389 0.0173983
35655 40995 40888 -0.00300098
36852 41494 41516 0.000596983
36016 42149 42014 -0.00374833
35558 41182 41055 -0.00357163
34866 41263 41264 2.86812e-05
34762 41234 41095 -0.00399862
35073 40498 40351 -0.00419126
35822 41239 41000 -0.00667188
36564 42681 42587 -0.00257083
35754 42373 42087 -0.0079991
37151 41556 41423 -0.00357998
34975 41661 41608 -0.00151537
35819 41189 41268 0.00220553
35574 40953 40797 -0.00438523
35390 40950 41049 0.0027974
36280 42165 42153 -0.000330761
35340 41268 41241 -0.000764007
35940 41633 41469 -0.00456316
34650 41202 41156 -0.00132756
37270 42714 42734 0.000536625
35787 40706 40744 0.00106184
35178 41566 41552 -0.000397976
35678 41643 41533 -0.00308313
37052 42780 42855 0.00202418
34838 40975 41042 0.00192319
36242 42469 42555 0.00237294
36162 41320 41285 -0.000967867
35875 41409 41357 -0.00144948
36123 41711 42041 0.00913545
36516 41367 41430 0.00172527
36283 41911 41965 0.0014883
36825 42410 42358 -0.00141208
34935 42245 42126 -0.00340633
35715 41134 41638 0.0141117
36093 40958 40975 0.000471005
35517 42038 42076 0.00106991
36722 42064 41916 -0.00403028
35812 41895 41673 -0.00619904
35210 41573 41303 -0.00766828
35584 41764 41704 -0.00168615
35647 40992 41150 0.00443235
36261 42773 42439 -0.009211
36010 41338 41259 -0.00219384
36112 42926 42944 0.000498449
33875 40226 40156 -0.00206642
36046 41408 41181 -0.00629751
35622 41643 41783 0.00393016
35670 41391 41299 -0.0025792
36486 42567 42417 -0.00411117
36859 41424 41319 -0.00284869
37095 42548 42424 -0.00334277
35899 42371 42365 -0.000167136
36306 41281 40994 -0.00790503
36880 42179 42132 -0.0012744
34714 41355 41381 0.000748977
37036 42689 42409 -0.00756021
37832 42667 42714 0.00124233
37086 41964 41938 -0.000701073
36813 41872 41644 -0.00619346
36975 43087 43108 0.000567951
36629 43234 43116 -0.00322149
36720 42237 42089 -0.0040305
37545 42544 42438 -0.00282328
36573 41873 41742 -0.00358188
35735 42327 42428 0.00282636
36127 42341 42309 -0.000885764
35695 41505 41558 0.0014848
35603 41805 41935 0.00365138
37000 41214 41382 0.00454054
37154 41600 41599 -2.6915e-05
35836 41281 41413 0.00368345
34665 40914 40945 0.000894274
35896 41708 41449 -0.00721529
35832 41742 41497 -0.00683746
36567 41659 41889 0.00628982
37879 43451 43231 -0.00580797
35439 41537 41541 0.00011287
37448 42532 42535 8.01111e-05
36446 41496 41479 -0.000466444
36867 42684 42597 -0.00235983
37385 42226 42423 0.00526949
35649 40841 40966 0.00350641
36877 41444 41443 -2.71172e-05
34831 41664 41526 -0.00396199
35602 41470 41653 0.00514016
36311 41700 41661 -0.00107405
36026 41628 41615 -0.00036085
36709 41415 41758 0.00934376
35203 41282 41196 -0.00244297
35203 41365 41447 0.00232935
35642 41076 40852 -0.00628472
35703 40699 40961 0.00733832
35968 41811 41803 -0.00022242
35875 41513 41652 0.00387456
37967 42821 42753 -0.00179103
36196 41212 41165 -0.00129849
36160 41774 42044 0.00746681
35713 40614 40757 0.00400414
36109 41275 41316 0.00113545
35781 42026 41968 -0.00162097
36201 41744 41767 0.000635342
36666 41411 41408 -8.18197e-05
35765 42460 42635 0.00489305
35804 40935 40600 -0.0093565
36633 41994 41803 -0.00521388
33919 40663 40711 0.00141514
36556 41506 41848 0.00935551
37268 42273 42532 0.00694966
35902 42277 42220 -0.00158766
36604 42115 42046 -0.00188504
37131 42546 42454 -0.00247771
37115 42261 42430 0.00455342
36360 42074 41962 -0.00308031
37061 41977 41944 -0.000890424
35513 41402 41347 -0.00154873
36143 41400 41491 0.00251778
36478 41800 41779 -0.000575689
37375 42225 42258 0.000882943
35725 42025 42068 0.00120364
34983 40704 40569 -0.00385902
35196 40973 40971 -5.68246e-05
36069 41500 41335 -0.00457457
35467 41228 41386 0.00445485
36004 41764 41729 -0.000972114
35386 41483 41529 0.00129995
36211 42706 42578 -0.00353484
36081 41930 42008 0.0021618
35341 40862 41121 0.0073286
35318 41920 42008 0.00249165
35376 41734 41767 0.000932836
36205 41759 41665 -0.00259633
36417 41618 41457 -0.00442101
35349 41531 41754 0.00630852
36568 41454 41654 0.00546926
36261 41269 41278 0.000248201
37156 42329 42310 -0.000511358
36549 42717 42730 0.000355687
36694 42224 42094 -0.00354281
35233 42061 42015 -0.00130559
36329 41508 41395 -0.00311046
37005 42004 42015 0.000297257
36915 42594 42462 -0.00357578
38181 42476 42242 -0.0061287
34730 41969 41828 -0.00405989
37024 41372 41612 0.00648228
37277 42521 42547 0.000697481
35715 41301 41262 -0.00109198
36453 42084 42193 0.00299015
36459 41900 41975 0.00205711
36995 41874 41890 0.000432491
37677 42583 42848 0.00703347
36372 42268 42179 -0.00244694
37411 42123 42232 0.00291358
36853 41570 41626 0.00151955
36051 42212 42225 0.0003606
36174 41736 41962 0.00624758
37006 42601 42686 0.00229692
37096 41515 41546 0.00083567
34218 40886 40698 -0.00549418
35664 42609 42572 -0.00103746
35720 40765 40675 -0.0025196
36961 41937 41864 -0.00197505
37217 42499 42221 -0.0074697
37145 41625 41596 -0.000780724
36474 41932 42110 0.00488019
34907 41555 41372 -0.0052425
36308 42173 42281 0.00297455
34954 41302 41343 0.00117297
36070 42132 41860 -0.00754089
35783 41807 41823 0.00044714
36336 42440 42491 0.00140357
37188 42389 42261 -0.00344197
35476 41224 41390 0.00467922
36204 42040 41983 -0.00157441
35840 41308 41448 0.00390625
35746 41981 41766 -0.00601466
36445 41274 41504 0.00631088
35746 42022 41919 -0.00288144
35400 40940 41003 0.00177966
36961 42123 42245 0.00330078
36148 42143 41880 -0.00727564
36281 40784 40588 -0.00540228
37017 41593 41861 0.00723992
36786 41611 41941 0.0089708
35738 42086 42021 -0.00181879
35371 42554 42473 -0.00229001
35891 41870 41489 -0.0106155
36170 41511 41382 -0.00356649
36501 42368 42243 -0.00342456
35805 40873 40966 0.0025974
35763 41164 41205 0.00114644
36222 40830 40663 -0.00461046
36367 42920 42464 -0.0125388
36147 41935 41892 -0.00118959
36065 41833 41700 -0.00368779
36642 42392 42432 0.00109164
35406 40675 40671 -0.000112975
36951 41357 41224 -0.00359936
37552 41930 42015 0.00226353
37504 41736 41576 -0.00426621
36987 41903 41885 -0.000486657
36605 42669 42431 -0.00650184
36733 42304 42263 -0.00111616
37505 42240 42298 0.00154646
37023 42394 42550 0.0042136
36147 42055 42258 0.00561596
36114 40961 40985 0.000664562
36651 42167 42199 0.0008731
34173 41443 41478 0.0010242
35831 41596 41464 -0.00368396
35739 40596 40269 -0.00914967
35464 40108 40103 -0.000140988
36306 41308 41125 -0.00504049
36989 42250 42225 -0.000675877
36104 40823 40939 0.00321294
36446 42639 42356 -0.00776491
35585 42026 42062 0.00101166
36235 41803 41887 0.0023182
36293 42021 41726 -0.00812829
35457 40841 40502 -0.00956088
35634 40856 40824 -0.000898019
36457 41947 42090 0.00392243
37508 41759 41451 -0.00821158
36430 41185 41235 0.0013725
35758 40996 41083 0.00243302
36996 42282 42271 -0.000297329
36832 42251 42450 0.00540291
34612 41182 41219 0.00106899
36076 40958 41284 0.00903648
35860 40886 40865 -0.000585611
36009 41425 41325 -0.00277708
36862 42161 42090 -0.0019261
38356 41765 41473 -0.00761289
35596 41614 41447 -0.00469154
35678 42021 41964 -0.00159762
36876 42039 42112 0.00197961
35603 41301 41695 0.0110665
36059 41615 41489 -0.00349427
35965 41582 41572 -0.000278048
36327 42312 42224 -0.00242244
36138 41204 41095 -0.00301622
35724 41233 41191 -0.00117568
37369 43219 43121 -0.00262249
37899 41537 41387 -0.00395789
35461 40474 40535 0.0017202
34920 41753 41741 -0.000343643
35231 40772 40537 -0.00667026
35082 41735 41656 -0.00225187
35985 42379 42590 0.00586355
36278 42283 42220 -0.00173659
36504 42760 42865 0.0028764
35023 40605 40758 0.00436856
35719 41511 41671 0.00447941
37491 42125 42270 0.00386759
35673 41152 41164 0.000336389
35599 41265 41282 0.000477542
37413 43171 43043 -0.00342127
35651 42140 42032 -0.00302937
35612 41446 41490 0.00123554
36069 42147 41911 -0.00654301
35918 41711 41837 0.00350799
37490 42426 42351 -0.00200053
36822 41848 41664 -0.00499701
34001 40913 40807 -0.00311756
36044 41182 41160 -0.000610365
35849 41462 41662 0.00557896
35634 41714 41538 -0.0049391
35826 41026 40884 -0.0039636
36728 42392 42352 -0.00108909
36236 40934 40913 -0.000579534
36286 42934 42640 -0.0081023
35387 41399 41277 -0.00344759
36447 41267 41189 -0.00214009
36377 40812 40873 0.00167688
36379 42083 41950 -0.00365596
35869 41683 41656 -0.000752739
37714 43436 43196 -0.00636368
36180 41359 41412 0.0014649
34795 40487 40531 0.00126455
35755 41050 41169 0.00332821
37111 43768 43698 -0.00188623
34881 41336 41393 0.00163413
35823 41471 41431 -0.0011166
36229 42045 42080 0.000966077
36156 40489 40496 0.000193605
37456 41557 41482 -0.00200235
33856 39901 40122 0.00652765
35553 41049 41139 0.00253143
37057 41912 41745 -0.00450657
35639 41364 41400 0.00101013
34868 41824 41954 0.00372835
35694 41481 41547 0.00184905
36327 42277 42170 -0.00294547
36409 42169 42165 -0.000109863
35263 41061 41120 0.00167314
36910 42199 41922 -0.00750474
35967 41439 41401 -0.00105652
36534 41925 41937 0.000328461
36446 41455 41352 -0.0028261
35386 41542 41371 -0.00483242
36233 41479 41315 -0.00452626
35924 41756 41607 -0.00414765
37636 42190 42190 0
36144 41188 41243 0.00152169
36119 41206 41324 0.00326698
36915 42355 42324 -0.000839767
36690 42620 42452 -0.0045789
36627 41454 41312 -0.00387692
37011 42447 42484 0.000999703
35625 41513 41227 -0.00802807
35151 40541 40470 -0.00201986
36009 40972 41046 0.00205504
35520 41817 41667 -0.00422297
36593 41926 41960 0.000929139
36589 42228 42293 0.00177649
37442 42459 42371 -0.0023503
36559 41927 41927 0
36854 42145 42183 0.0010311
36812 42107 42038 -0.00187439
34365 41831 42061 0.00669286
37019 43062 43100 0.0010265
36130 41911 41737 -0.00481594
35824 41844 41786 -0.00161903
36766 41787 41869 0.00223032
35846 41694 41733 0.00108799
36507 41711 41440 -0.00742323
35849 41427 41427 0
35253 41462 41579 0.00331887
34907 41273 41268 -0.000143238
36471 41841 41960 0.00326287
36484 41884 41607 -0.00759237
36218 41767 41692 -0.00207079
36281 41448 41477 0.000799316
37080 43459 43510 0.0013754
36197 42708 42716 0.000221013
36999 41830 42120 0.00783805
36015 42204 42149 -0.00152714
36764 41513 41565 0.00141443
35972 42214 42224 0.000277994
35700 41691 41834 0.0040056
38319 43271 43057 -0.0055847
36659 41398 41464 0.00180038
37037 42466 42671 0.00553501
37169 42247 42174 -0.001964
37224 42756 42771 0.000402966
35536 41366 41415 0.00137888
35901 41796 41861 0.00181053
35746 42528 42527 -2.79752e-05
35791 41785 41756 -0.00081026
35213 41279 41022 -0.00729844
36632 41405 41628 0.00608757
36359 40881 41158 0.00761847
36014 41755 41866 0.00308213
34912 41118 41081 -0.00105981
35928 41155 41210 0.00153084
35134 41309 41413 0.0029601
37780 41729 41349 -0.0100582
35945 41538 41407 -0.00364446
36593 42032 41937 -0.00259612
37053 42428 42451 0.000620732
35986 42849 42458 -0.0108653
36101 42376 42242 -0.00371181
36313 41718 41619 -0.0027263
35586 40262 40497 0.00660372
36010 42339 42083 -0.00710914
36021 42036 42067 0.000860609
36867 42533 42586 0.0014376
36158 41627 41547 -0.00221251
35022 40186 40206 0.00057107
37462 42172 42201 0.000774118
36728 42125 41989 -0.0037029
36719 41921 41956 0.000953185
35635 42535 42543 0.000224498
36736 41914 41866 -0.00130662
36742 41365 41466 0.0027489
36482 42775 42824 0.00134313
34938 40895 40962 0.00191768
36526 41502 41547 0.001232
35493 42462 42426 -0.00101428
35783 41215 40945 -0.00754548
36078 42365 42563 0.00548811
38353 43214 43346 0.00344171
37627 42527 42593 0.00175406
36536 41998 41759 -0.00654149
36538 41574 41487 -0.00238108
36594 41091 40994 -0.00265071
36818 41550 41305 -0.00665435
35831 41921 41906 -0.000418632
36057 40949 40922 -0.000748814
36302 42160 42058 -0.00280976
34952 42744 42748 0.000114443
36336 41821 41876 0.00151365
37217 42824 42829 0.000134347
34947 40469 40543 0.00211749
36562 41751 41671 -0.00218806
35592 41146 40985 -0.00452349
35863 40861 41200 0.00945264
38159 42532 42451 -0.0021227
35620 41266 41167 -0.00277934
35616 41475 41444 -0.000870395
35858 42056 42094 0.00105974
35607 41795 41787 -0.000224675
36689 41967 41910 -0.0015536
36329 42644 42595 -0.00134878
37311 42038 41728 -0.00830854
36234 41288 40897 -0.010791
36782 42231 42231 0
36397 41966 41866 -0.00274748
37219 42806 42491 -0.00846342
37649 42461 42749 0.00764961
35811 40888 40554 -0.00932674
35569 41236 41415 0.00503247
36991 42545 42354 -0.00516342
36623 42205 41882 -0.00881959
36701 41858 41514 -0.00937304
35114 41925 41982 0.00162328
36633 42436 42441 0.000136489
37561 42542 42278 -0.00702857
37122 42298 42365 0.00180486
36816 42199 42137 -0.00168405
36138 41173 41085 -0.00243511
36330 41771 41851 0.00220204
35820 41033 40891 -0.00396427
36009 41807 41916 0.00302702
36540 41191 41280 0.00243569
35938 41586 41612 0.000723468
36332 41911 41664 -0.00679841
35146 41360 41417 0.00162181
35685 42399 42369 -0.000840689
36349 41232 41074 -0.00434675
36273 41134 41363 0.00631324
35615 40980 41088 0.00303243
35618 40465 40780 0.00884384
37270 42402 42136 -0.00713711
34692 40754 40967 0.00613974
37407 42187 42088 -0.00264656
36099 41675 41545 -0.00360121
35772 42276 42263 -0.000363413
36208 41826 41851 0.000690455
35955 41425 41554 0.00358782
36916 42147 42109 -0.00102936
35528 40817 40602 -0.00605156
34889 41616 41730 0.00326751
35485 41571 41628 0.00160631
35902 42413 42138 -0.00765974
36405 42028 42041 0.000357094
36718 41889 41752 -0.00373114
35892 41434 41076 -0.00997437
35402 40456 40393 -0.00177956
36405 41468 41663 0.00535641
36318 41755 41742 -0.000357949
36280 41732 41494 -0.00656009
37241 42758 43027 0.00722322
36234 41069 41048 -0.000579566
35567 41846 41403 -0.0124554
37175 43494 43077 -0.0112172
37503 42378 42497 0.00317308
35755 42035 41967 -0.00190183
36601 42166 42192 0.000710363
36570 41415 41245 -0.00464862
36914 42002 41854 -0.00400932
34945 41572 41509 -0.00180283
36477 40643 40776 0.00364613
36956 42522 42531 0.000243533
35542 41709 41551 -0.00444544
34981 40244 40282 0.0010863
34637 40648 40556 -0.00265612
35310 42232 42022 -0.00594732
35057 41957 41934 -0.000656074
36112 42208 42185 -0.000636907
35468 41386 41387 2.81944e-05
36128 41793 41544 -0.00689216
34994 41339 41410 0.00202892
36155 41177 41279 0.00282119
35900 41491 41581 0.00250696
36444 41793 41847 0.00148173
35963 41911 41512 -0.0110947
36218 41288 41254 -0.00093876
36628 41735 41758 0.000627935
36571 41390 41025 -0.00998059
36919 41785 41940 0.00419838
35640 41459 41465 0.00016835
36142 40822 40959 0.0037906
35593 41032 40535 -0.0139634
35640 41116 41090 -0.000729517
35285 41686 41686 0
35565 41415 41192 -0.00627021
36669 42452 42476 0.000654504
35596 41643 41704 0.00171368
37334 42537 42403 -0.00358922
36561 41535 41575 0.00109406
36431 42151 42106 -0.00123521
37085 41365 41388 0.000620197
35169 41730 41687 -0.00122267
36258 41885 41829 -0.00154449
36060 41698 41486 -0.00587909
35517 40771 40732 -0.00109807
36011 42988 42915 -0.00202716
35490 42120 42144 0.000676247
36107 42056 42261 0.00567757
37280 42320 42374 0.0014485
35987 42156 42064 -0.00255648
35783 41568 41613 0.00125758
35993 41873 41929 0.00155586
36027 41405 41371 -0.000943737
36642 42522 42497 -0.000682277
35667 41052 41266 0.00599994
36512 42350 42214 -0.0037248
36817 42594 42774 0.00488905
37077 42686 42687 2.69709e-05
36428 41706 41516 -0.00521577
35871 41015 41003 -0.000334532
36933 42265 42255 -0.000270761
35217 41562 41421 -0.00400375
36364 41890 41897 0.000192498
35675 41750 42044 0.00824107
35228 41178 41162 -0.000454184
36129 41666 41348 -0.00880179
35822 41985 42195 0.00586232
37240 42254 42263 0.000241676
34814 42628 42689 0.00175217
35667 42059 42094 0.000981299
35809 41831 42017 0.00519422
35994 42264 42208 -0.00155581
35737 42333 42532 0.00556846
36692 42243 42213 -0.000817617
35586 41223 41035 -0.00528298
36550 42431 42456 0.000683995
36435 41160 41311 0.00414437
35236 41123 41033 -0.00255421
37294 41906 41561 -0.00925082
35981 40862 40703 -0.004419
35764 41309 41408 0.00276815
35315 41403 41380 -0.000651281
35931 41959 41658 -0.00837717
36004 41639 41573 -0.00183313
35697 41506 41416 -0.00252122
37061 41816 41671 -0.00391247
35764 42037 42052 0.000419416
36467 40562 40350 -0.00581348
36878 41409 41568 0.00431151
36421 41947 41715 -0.00636995
35878 41934 41688 -0.00685657
36463 42090 41923 -0.00457999
35876 41128 41131 8.36214e-05
35833 41614 41655 0.0011442
36084 41449 41319 -0.0036027
35895 41953 42307 0.0098621
35719 41414 41411 -8.39889e-05
36609 41510 41510 0
35479 41255 41317 0.00174751
36653 41303 41290 -0.000354678
37386 42196 42131 -0.00173862
35586 40975 40892 -0.00233238
36258 41137 41417 0.00772243
36115 42397 42338 -0.00163367
34367 40299 40223 -0.00221142
36299 41904 41788 -0.00319568
35351 41411 41228 -0.00517666
35742 41781 42078 0.00830955
36111 41428 41690 0.00725541
35839 42528 42442 -0.00239962
36276 41646 41711 0.00179182
35822 41517 41489 -0.000781643
35350 42414 42300 -0.00322489
36046 41417 41701 0.00787882
35827 41600 41652 0.00145142
36170 41841 41960 0.00329002
36980 42170 42095 -0.00202812
34846 41277 40839 -0.0125696
36117 41811 41855 0.00121826
35537 41626 41672 0.00129443
35867 41586 41696 0.00306689
36412 41810 41724 -0.00236186
37203 42558 42812 0.00682741
36233 42107 42182 0.00206994
36125 40891 40800 -0.00251903
35626 41081 41072 -0.000252624
37194 42191 42217 0.000699037
36903 42303 42267 -0.00097553
35796 40605 40675 0.00195553
37185 42912 43054 0.00381874
36211 42667 42811 0.00397669
35261 42520 42425 -0.00269419
35461 41474 41552 0.0021996
34831 41242 41288 0.00132066
36643 43215 43208 -0.000191032
35045 40804 40843 0.00111285
35290 40900 41162 0.0074242
37095 42439 42407 -0.00086265
36271 42294 42438 0.00397011
36734 42169 42109 -0.00163336
36808 42665 42902 0.00643882
36745 42512 42428 -0.00228603
36308 41355 41305 -0.00137711
35252 41167 41182 0.000425508
34793 40916 40963 0.00135085
35220 42044 42199 0.00440091
35758 42077 42293 0.00604061
36290 41730 41952 0.00611739
35474 41967 41862 -0.00295991
37334 42889 42889 0
36150 41925 41716 -0.00578147
36175 41737 41626 -0.00306842
36301 43048 42873 -0.0048208
37060 42939 42909 -0.000809498
35442 41656 41505 -0.00426048
35221 41564 41498 -0.00187388
36426 42017 41974 -0.00118048
36949 42046 42025 -0.000568351
36441 41763 41718 -0.00123487
36534 41027 41050 0.000629551
34487 39907 39798 -0.00316061
36251 40534 40953 0.0115583
37317 41756 41758 5.35949e-05
36236 42251 42022 -0.00631968
38098 42551 42749 0.00519712
36816 42149 42105 -0.00119513
36571 42172 42284 0.00306254
35133 41599 41404 -0.00555034
37334 41950 41777 -0.00463385
37266 42698 42588 -0.00295175
36904 42056 42014 -0.00113809
37711 42389 42646 0.00681499
35598 41745 41564 -0.00508456
37575 42192 42335 0.00380572
35721 42017 41901 -0.00324739
35405 41485 41542 0.00160994
36572 42293 42298 0.000136717
36378 43101 42814 -0.00788938
36814 42196 41969 -0.00616613
36380 41863 41697 -0.00456295
35402 41481 41454 -0.000762669
36275 42205 42004 -0.00554101
37500 42505 42550 0.0012
35707 41059 40906 -0.00428487
35788 42778 42680 -0.00273835
36348 41854 41988 0.00368659
35951 41477 41663 0.00517371
36874 41709 41712 8.13581e-05
36531 41513 41495 -0.000492732
36406 41975 41949 -0.000714168
37252 41305 40976 -0.00883174
34906 40922 41035 0.00323727
35308 41650 41553 -0.00274725
36595 41377 41418 0.00112037
36989 41874 41902 0.000756982
35529 41256 41202 -0.00151989
36403 41777 41881 0.00285691
36455 41491 41550 0.00161843
35965 41971 41756 -0.00597803
36494 41037 41091 0.0014797
36196 41498 41503 0.000138137
37211 41800 41909 0.00292924
36391 41154 41106 -0.00131901
35872 41632 41385 -0.00688559
37220 42234 42410 0.00472864
36466 41937 41800 -0.00375692
34956 41508 41617 0.00311821
36231 41930 41901 -0.00080042
36235 42268 42152 -0.00320132
36520 41725 41538 -0.00512048
37572 42493 42347 -0.00388587
36104 41605 41700 0.00263129
35746 41119 41102 -0.000475578
35974 41794 42010 0.00600434
36563 42465 42763 0.00815032
36115 42655 42464 -0.00528866
36122 41572 41493 -0.00218703
35246 41224 40794 -0.0122
36101 41483 41517 0.000941802
37084 42239 42175 -0.00172581
35834 41896 41706 -0.00530223
36802 42510 42392 -0.00320635
36050 41915 41720 -0.00540915
35198 41891 41888 -8.52321e-05
35289 41927 41608 -0.00903964
36813 42378 42491 0.00306957
35120 40836 40963 0.00361617
37454 41893 41774 -0.00317723
36358 41216 41107 -0.00299796
33664 40437 40795 0.0106345
34306 41339 41474 0.00393517
35879 42165 42070 -0.00264779
36492 42186 42000 -0.00509701
36150 41358 41320 -0.00105118
