63888 75976 76034 0.000907839
63003 75191 74906 -0.00452359
65927 76926 76633 -0.00444431
63407 77411 77438 0.00042582
65554 76955 76850 -0.00160173
64332 75844 75363 -0.00747684
68554 78600 78736 0.00198384
64249 76189 76209 0.000311289
63684 76242 76140 -0.00160166
63311 75297 75332 0.000552827
65415 77052 77019 -0.000504471
64930 76477 76088 -0.00599107
62315 76343 76040 -0.00486239
64113 78188 76880 -0.0204015
65708 76309 76385 0.00115663
64179 75992 76178 0.00289814
66550 77810 77828 0.000270473
64123 76532 76607 0.00116963
62676 74865 74506 -0.00572787
63858 75622 76169 0.00856588
64431 78120 78078 -0.00065186
66553 77356 76048 -0.0196535
63324 74186 75020 0.0131704
65286 77289 77416 0.00194529
62102 75339 75737 0.00640881
66067 77358 77156 -0.0030575
63821 77322 77171 -0.00236599
66288 77052 77152 0.00150857
65541 77368 77554 0.00283792
66687 75959 75973 0.000209936
66669 78781 78870 0.00133495
61856 75428 75074 -0.00572297
65820 76175 76551 0.00571255
65308 74951 74970 0.000290929
62992 76142 75736 -0.00644526
62141 76021 75674 -0.00558407
64878 76602 76225 -0.00581091
64667 77610 77694 0.00129896
63385 76282 76283 1.57766e-05
65336 76148 75972 -0.00269377
68671 79498 79677 0.00260663
62014 77064 77149 0.00137066
65823 77489 77661 0.00261307
64222 77769 77321 -0.0069758
62289 74558 74738 0.00288976
66242 78858 78646 -0.00320039
65113 77198 77431 0.00357839
64557 77793 77655 -0.00213765
64944 77717 77919 0.00311037
63844 75447 75322 -0.0019579
66019 74886 75387 0.00758872
62998 76315 76469 0.00244452
64230 74720 74934 0.00333178
63198 76023 76116 0.00147157
66574 77302 77488 0.00279388
64529 76085 75970 -0.00178214
64639 77332 77313 -0.00029394
66278 77883 78149 0.0040134
63957 75684 75664 -0.00031271
65791 76447 76689 0.00367831
63365 75771 76135 0.0057445
63069 75482 75055 -0.00677036
64452 76314 76197 -0.0018153
66218 77055 77157 0.00154037
63185 74394 74917 0.00827728
67717 77191 76961 -0.00339649
67535 76630 76682 0.000769971
61347 76201 75846 -0.00578675
63526 74965 75193 0.00358908
64941 76523 76232 -0.00448099
65179 76088 76033 -0.00084383
62572 76545 76496 -0.000783098
64805 76591 76892 0.0046447
61809 77094 76910 -0.00297691
63286 76053 76168 0.00181715
64565 75881 75681 -0.00309765
61728 75990 75793 -0.00319142
62761 76926 76914 -0.000191202
63318 79068 78876 -0.00303231
66048 78164 78156 -0.000121124
63019 73841 73511 -0.00523652
65317 76254 76537 0.00433272
62127 74427 74276 -0.00243051
60296 74659 74272 -0.00641834
64920 77221 76852 -0.00568392
66212 77880 77897 0.000256751
64555 74389 74492 0.00159554
65006 79657 79026 -0.0097068
66194 77850 77889 0.000589177
64480 78125 78309 0.0028536
66171 79842 79776 -0.000997416
64877 75439 75690 0.00386886
64208 77043 76982 -0.000950037
64898 75937 76524 0.00904496
65990 78163 77925 -0.00360661
63845 75158 75140 -0.000281933
64341 75467 75468 1.55422e-05
64217 77665 78064 0.00621331
65224 77294 77043 -0.00384828
63129 75018 74687 -0.00524323
64314 76327 76594 0.00415151
64436 77899 77851 -0.000744925
65582 77822 77374 -0.00683114
64219 76684 76898 0.00333235
62019 76404 75919 -0.00782018
65463 76898 77284 0.00589646
65303 76725 76378 -0.00531369
64450 77134 77475 0.00529092
63072 75410 75090 -0.00507357
65008 76641 76615 -0.000399951
64848 77174 77008 -0.00255983
62749 74924 74725 -0.00317137
66250 77947 77776 -0.00258113
63067 75488 75364 -0.00196616
63571 74695 74664 -0.000487644
64554 75902 76021 0.00184342
66175 75932 75797 -0.00204005
66091 77074 77129 0.000832186
65331 77941 77852 -0.00136229
64164 75224 75042 -0.00283648
66407 76452 76485 0.000496936
64190 76736 76577 -0.00247702
63538 77485 77232 -0.00398187
63020 75260 75025 -0.00372897
64646 77325 77330 7.73443e-05
62947 76350 76735 0.00611626
62808 75963 75730 -0.00370972
64917 77489 77056 -0.00667006
62939 76933 76972 0.000619648
64881 77476 77617 0.00217321
64539 77306 77171 -0.00209176
66127 77368 77255 -0.00170883
64365 75342 75602 0.00403946
63517 76387 76576 0.00297558
64566 77453 77400 -0.000820865
64599 76094 75860 -0.00362235
64577 77277 77108 -0.00261703
65930 77678 76881 -0.0120886
65926 74874 74990 0.00175955
66661 77436 77622 0.00279024
64727 75529 74738 -0.0122206
63336 74443 74418 -0.00039472
61677 73327 72871 -0.00739336
63866 75970 75755 -0.00336642
64227 76293 75359 -0.0145422
64933 76273 76028 -0.00377312
65897 77482 77744 0.0039759
62331 74124 74011 -0.0018129
66626 77115 77789 0.0101162
62877 74100 74031 -0.00109738
63524 75936 76021 0.00133808
63117 76466 76309 -0.00248744
64028 75312 75044 -0.00418567
63433 74496 74057 -0.00692069
63942 75568 75587 0.000297144
64832 76383 76233 -0.00231367
64345 75529 75273 -0.00397855
63643 75772 75573 -0.00312682
64146 77684 77215 -0.00731145
62537 75165 75398 0.00372579
65574 76362 76340 -0.000335499
63356 77302 77250 -0.000820759
64359 74901 74768 -0.00206653
66602 77513 77559 0.00069067
64878 76027 75749 -0.00428497
66455 77062 77313 0.00377699
63319 76746 76977 0.00364819
65649 77617 77905 0.00438697
64673 77903 78009 0.00163901
64479 77920 77596 -0.00502489
64905 76772 76761 -0.000169478
65619 78537 78078 -0.00699493
63175 75638 75304 -0.0052869
63662 74483 74796 0.00491659
65552 77377 77580 0.00309678
64826 76631 76622 -0.000138833
66287 77104 77175 0.0010711
64048 74963 74791 -0.00268549
63850 76272 75907 -0.00571652
65245 75810 76049 0.00366312
64670 78168 78402 0.00361837
66515 77151 76880 -0.00407427
65337 76673 76569 -0.00159175
65201 75832 76113 0.00430975
65073 79110 79280 0.00261245
65537 78512 78414 -0.00149534
62579 76355 76756 0.0064079
62679 74628 74746 0.00188261
64812 75862 75899 0.000570882
66003 78444 78451 0.000106056
64924 76730 75908 -0.012661
62065 76979 76801 -0.00286796
63536 75646 75974 0.00516243
67676 78267 78356 0.00131509
64305 76554 76816 0.00407433
64631 76241 76298 0.00088193
63403 75620 75467 -0.00241314
62886 74651 74826 0.00278281
64400 74930 74924 -9.31677e-05
62928 75531 75488 -0.000683321
66523 78350 78101 -0.00374307
66120 76887 76777 -0.00166364
64902 75941 76381 0.00677945
63686 77920 77692 -0.00358006
66293 76523 76269 -0.00383148
63604 75464 75465 1.57223e-05
64258 76456 76022 -0.00675402
63116 76465 76237 -0.0036124
63934 73913 73338 -0.00899365
64150 75405 75191 -0.00333593
61742 72839 72746 -0.00150627
66521 78375 78465 0.00135296
63542 76829 76730 -0.00155802
63016 77984 77703 -0.00445918
64216 76605 76464 -0.00219571
64925 75950 75903 -0.000723912
66564 77318 76887 -0.00647497
65480 76315 76024 -0.00444411
65003 77673 77343 -0.00507669
67356 77737 77663 -0.00109864
63940 77753 77397 -0.00556772
64216 75079 75280 0.00313006
67005 79447 79443 -5.9697e-05
62542 73763 73857 0.00150299
63821 77303 77205 -0.00153554
65478 76800 76822 0.000335991
63791 75362 75896 0.00837109
65783 75183 75537 0.00538133
63652 77517 77558 0.000644127
64528 75693 75780 0.00134825
64789 77220 77462 0.0037352
64592 77510 77296 -0.0033131
66372 77488 77764 0.00415838
63913 76348 76207 -0.00220612
65000 76514 76375 -0.00213846
63354 74853 75001 0.00233608
65059 75762 76328 0.0086998
64511 76182 76229 0.000728558
65239 76044 76135 0.00139487
63176 76989 76750 -0.00378308
63678 75001 74819 -0.00285813
63856 77374 77597 0.00349223
64032 74908 74745 -0.0025456
63653 75181 75520 0.00532575
66445 78376 78477 0.00152005
66892 77688 77793 0.00156969
61664 74362 74420 0.000940581
63520 74201 74189 -0.000188917
64178 75917 76115 0.00308517
63164 75588 75416 -0.00272307
63720 74709 74823 0.00178908
64283 76633 76609 -0.000373349
64298 75929 75194 -0.0114311
64006 74317 74295 -0.000343718
64256 74857 75149 0.00454432
65118 76053 75665 -0.00595841
66209 77406 76955 -0.00681176
63688 77013 77226 0.00334443
62411 76180 76512 0.00531958
64665 76416 76136 -0.00433001
65270 76742 77253 0.00782902
65261 76554 76691 0.00209926
63343 75873 75589 -0.00448353
63402 74251 74678 0.0067348
65690 78427 78467 0.000608921
65209 74338 74702 0.00558205
64301 77084 76548 -0.0083358
61747 74903 74982 0.00127941
64651 75217 74968 -0.00385145
64200 73664 73932 0.00417445
64200 77494 77789 0.00459502
64124 74940 74574 -0.00570769
64681 75124 75214 0.00139144
66507 76550 76265 -0.00428526
64577 77349 77126 -0.00345324
63669 77233 76744 -0.00768035
63681 76331 76181 -0.00235549
62564 75342 75095 -0.00394796
64693 77169 76704 -0.00718779
64852 76101 76240 0.00214334
65077 77507 77340 -0.00256619
62371 74620 75027 0.00652547
64931 76323 76286 -0.000569836
63226 77547 77061 -0.00768671
64461 75908 75795 -0.001753
66037 76938 77122 0.00278632
62593 74214 74556 0.00546387
66868 77979 77971 -0.000119639
66639 77674 77922 0.00372154
65492 75171 75016 -0.0023667
66982 77752 77773 0.000313517
64311 76023 75337 -0.0106669
63194 74722 74436 -0.00452575
65653 75610 75455 -0.0023609
66152 76221 76528 0.00464083
63711 76475 76397 -0.00122428
65195 77469 77679 0.00322111
61623 75207 75573 0.00593934
65321 76942 77482 0.00826687
65779 78946 78650 -0.00449992
61637 75108 75340 0.00376397
64057 77329 77203 -0.001967
64552 76284 76308 0.000371793
65025 77364 77443 0.00121492
60979 74617 74135 -0.00790436
62268 76335 76407 0.00115629
63556 76690 76169 -0.0081975
64162 75608 75797 0.00294567
62541 75655 75590 -0.00103932
63535 74318 74586 0.00421815
64706 77201 77332 0.00202454
64340 75657 75673 0.000248679
64133 76512 76349 -0.00254159
64952 76405 76317 -0.00135485
64339 75045 75186 0.00219152
63993 76961 76902 -0.000921976
64591 76365 76728 0.00561998
61951 75005 75524 0.00837759
63345 76245 75810 -0.00686716
62864 74536 75254 0.0114215
63589 73400 73891 0.00772146
61976 74226 74210 -0.000258164
66098 77937 77869 -0.00102878
63709 76790 76274 -0.00809933
63231 76369 76657 0.00455473
60835 76801 76413 -0.00637791
65219 75002 74997 -7.66648e-05
64870 76013 76043 0.000462463
62770 74587 74699 0.00178429
64941 75952 75670 -0.0043424
62981 75901 75457 -0.00704975
64547 76351 76628 0.00429145
62873 74901 74554 -0.00551906
63215 77563 77416 -0.0023254
62782 74530 74320 -0.00334491
63056 76350 76059 -0.00461495
63301 75353 75113 -0.00379141
66997 77528 77617 0.00132842
63706 75050 75098 0.000753461
65702 77662 77640 -0.000334845
63275 75762 75832 0.00110628
64808 76208 75909 -0.00461363
65740 77150 77002 -0.00225129
64564 75322 75508 0.00288086
64333 75013 75291 0.00432127
66457 77520 77518 -3.00946e-05
66284 78356 78388 0.000482771
65380 75718 75936 0.00333435
64252 75210 75065 -0.00225674
65045 75544 75409 -0.00207549
65610 76890 76645 -0.00373419
66023 76912 76891 -0.000318071
63893 75943 75749 -0.00303633
64348 76823 76724 -0.00153851
64601 76240 76444 0.00315785
66603 78287 77850 -0.00656127
64235 75288 75732 0.00691212
65178 78615 78387 -0.00349811
61003 73559 73580 0.000344245
64092 76192 75982 -0.00327654
64086 75937 75661 -0.00430671
64094 75948 75951 4.68063e-05
65968 78109 78242 0.00201613
64682 76540 76432 -0.00166971
64888 78130 77967 -0.00251202
63974 77013 77238 0.00351705
65434 75353 75234 -0.00181863
66850 77531 77462 -0.00103216
64523 75431 75677 0.00381259
64920 77769 77715 -0.000831793
66900 77740 77660 -0.00119581
63699 76516 76397 -0.00186816
63406 76935 76660 -0.00433713
66480 77995 78018 0.000345969
66551 78748 78669 -0.00118706
64012 77135 77035 -0.00156221
66016 77571 77100 -0.00713463
65161 76688 76672 -0.000245546
64442 76701 76301 -0.00620713
64485 76935 76992 0.000883926
62152 75896 75484 -0.00662891
64481 75900 76269 0.00572262
66378 77131 77049 -0.00123535
66625 77075 76633 -0.00663415
64484 75849 75706 -0.0022176
62975 75585 75495 -0.00142914
64240 76721 75885 -0.0130137
62596 76313 75868 -0.00710908
63728 76309 75902 -0.00638652
66846 79382 79179 -0.00303683
62507 75406 75496 0.00143984
65045 77358 77093 -0.0040741
66196 75771 75525 -0.00371624
66600 78774 78543 -0.00346847
67612 78242 78380 0.00204106
63250 75915 75655 -0.00411067
63336 75764 75673 -0.00143678
62239 76141 76058 -0.00133357
66313 76423 76587 0.00247312
64117 76752 76681 -0.00110735
62938 75195 75636 0.0070069
61727 76021 76025 6.48015e-05
64960 75113 75219 0.00163177
62814 76218 76275 0.000907441
65942 76452 76605 0.00232022
61488 74463 74535 0.00117096
62847 74043 74090 0.000747848
63799 76132 76211 0.00123826
66687 78479 78921 0.00662798
65152 75752 76020 0.00411346
63038 77330 77384 0.000856626
63473 74220 74430 0.00330849
64090 75384 75660 0.00430644
66049 76736 76983 0.00373965
62828 75922 75628 -0.00467944
64388 76516 76556 0.000621234
66352 77961 77536 -0.00640523
65161 75434 75533 0.00151931
66550 77163 77168 7.51315e-05
61934 73922 73750 -0.00277715
64695 77268 77421 0.00236494
64860 78076 78496 0.00647549
66428 77926 78069 0.00215271
64922 75484 75391 -0.00143249
65640 76879 76673 -0.00313833
63131 77637 77667 0.000475202
64441 77497 77378 -0.00184665
64082 76280 76382 0.00159171
62259 76507 76206 -0.00483464
65499 76368 76207 -0.00245805
63101 76229 75755 -0.00751177
66398 78645 78613 -0.000481942
65693 77297 77247 -0.000761116
62916 75002 74957 -0.000715239
63262 74433 74490 0.000901015
66174 76601 76471 -0.00196452
62896 74561 74636 0.00119244
63498 75803 75625 -0.00280324
64272 75480 75439 -0.000637914
65641 77511 77855 0.00524063
63211 76314 76386 0.00113904
63524 74702 74654 -0.00075562
64157 76456 76915 0.00715432
61475 75289 75243 -0.000748272
61470 75973 76027 0.000878477
65920 77097 76879 -0.00330704
64553 76889 76195 -0.0107509
63184 75781 75847 0.00104457
63521 74667 75219 0.00869004
63927 76848 77033 0.00289393
65566 78193 78250 0.000869353
64342 76363 76463 0.00155419
63901 76697 76607 -0.00140843
65598 76497 76553 0.000853685
64553 76588 77298 0.0109987
66796 77969 77935 -0.000509013
66845 78737 78624 -0.00169048
63348 76503 76525 0.000347288
63771 75395 75608 0.00334008
68285 77672 77503 -0.00247492
62689 75922 75745 -0.00282346
64284 77498 77421 -0.00119781
64202 76444 76378 -0.00102801
63776 76429 76417 -0.000188159
66257 77722 77657 -0.000981028
66828 77817 77827 0.000149638
65689 78326 78105 -0.00336434
62898 75869 76027 0.002512
63927 76597 76798 0.00314421
65883 76774 76152 -0.00944098
65121 78175 78447 0.00417684
64318 75838 75716 -0.00189683
60844 74664 74426 -0.00391164
65873 77544 77142 -0.00610265
63299 74765 75202 0.00690374
67416 77321 77129 -0.00284799
63249 77023 77263 0.00379453
62811 75496 74788 -0.0112719
64698 77122 77082 -0.000618257
63615 75806 75925 0.00187063
64012 79064 79051 -0.000203087
61449 75016 74379 -0.0103663
65567 76228 77151 0.0140772
64187 75882 75683 -0.00310032
63686 76545 77334 0.0123889
64525 78016 77669 -0.00537776
62846 75653 75636 -0.000270502
66379 77159 76884 -0.00414288
62018 76164 75462 -0.0113193
64965 76261 76285 0.00036943
62932 76187 76258 0.0011282
63103 76193 75930 -0.00416779
64371 76169 76058 -0.00172438
66272 77373 77169 -0.00307822
64740 75258 75623 0.00563794
65022 74640 74467 -0.00266064
65062 76279 76239 -0.000614798
63727 76966 76906 -0.000941516
65968 76095 76214 0.0018039
64535 77201 76855 -0.00536143
64375 75569 74986 -0.00905631
64520 76506 76374 -0.00204588
67265 76932 77077 0.00215565
64241 74304 74144 -0.00249062
61587 75195 74913 -0.00457889
64933 76199 75771 -0.00659141
67702 77283 77724 0.00651384
64316 76385 76348 -0.000575285
63701 76476 76738 0.00411297
65969 77775 77607 -0.00254665
63607 74665 74453 -0.00333297
63293 74735 74668 -0.00105857
63476 76790 77247 0.00719957
64359 76773 76314 -0.00713187
64727 76655 76775 0.00185394
64529 77672 77557 -0.00178214
64025 76630 76934 0.00474815
64818 77394 77855 0.00711222
67382 78108 77967 -0.00209255
64808 76624 76485 -0.0021448
61619 74202 74591 0.00631299
65686 76133 76559 0.0064854
66096 76667 77055 0.00587025
65108 75937 75771 -0.00254961
63099 73574 73349 -0.00356583
62211 74405 74071 -0.00536883
62384 76837 77104 0.00427994
63716 76108 76504 0.00621508
61571 74999 75178 0.00290721
65232 77325 77794 0.00718972
65275 76163 76279 0.0017771
65303 76944 76425 -0.00794757
65077 78035 78116 0.00124468
63051 74903 74789 -0.00180806
63072 74430 74739 0.00489916
66561 77037 77488 0.00677574
64166 77196 76886 -0.00483122
63726 76172 76128 -0.000690456
62571 74073 74191 0.00188586
64885 77587 77065 -0.008045
67640 78821 78425 -0.00585452
63829 75007 74998 -0.000141002
63158 74476 74262 -0.00338833
64694 75147 75326 0.00276687
61263 75652 75257 -0.00644761
63691 76020 76297 0.00434912
65516 77682 77136 -0.00833384
65951 75751 75978 0.00344195
66290 78194 77804 -0.00588324
64884 77634 77896 0.00403798
64403 76622 76688 0.0010248
66282 76293 76570 0.00417911
64555 76494 76387 -0.0016575
65606 77435 77377 -0.000884065
64852 76381 76369 -0.000185037
63786 75818 75579 -0.0037469
67845 78400 78457 0.00084015
63688 76478 76579 0.00158586
63310 74556 74495 -0.000963513
65522 77017 76675 -0.00521962
62097 73840 73949 0.00175532
63468 76309 76804 0.00779921
66106 77936 77746 -0.00287417
64567 77082 76739 -0.00531231
66141 78166 78282 0.00175383
63412 74301 74746 0.0070176
63313 76034 75384 -0.0102665
66019 77483 77473 -0.000151472
63725 74752 75015 0.00412711
63405 76006 76041 0.000552007
66426 77266 77344 0.00117424
64777 77238 76963 -0.00424533
65529 76072 75743 -0.00502068
63861 77276 76878 -0.00623229
64252 76481 76659 0.00277034
66883 78367 77702 -0.00994274
63509 76891 76676 -0.00338535
62738 74909 74730 -0.00285314
63521 75899 75737 -0.00255034
64204 76389 76053 -0.00523332
64974 75480 75433 -0.000723366
64705 75322 75537 0.00332277
67102 77982 77893 -0.00132634
63061 74396 74195 -0.00318739
63986 77276 77567 0.00454787
64024 77387 77365 -0.000343621
62627 75783 75832 0.00078241
61158 74519 74375 -0.00235456
63924 76853 76861 0.000125149
65511 76002 76482 0.00732701
67583 79496 79632 0.00201234
65017 75954 75844 -0.00169187
63000 74199 74189 -0.00015873
63785 74972 75211 0.00374696
68065 80264 80027 -0.00348197
61370 74551 74490 -0.000993971
63005 74541 73996 -0.00865011
67170 76550 76578 0.000416853
63198 74077 74124 0.000743694
65800 76818 76648 -0.00258359
62722 73241 73115 -0.00200886
64705 75151 75259 0.00166911
64960 76777 76212 -0.00869766
64406 75994 76569 0.00892774
64422 75795 76107 0.00484307
64295 76393 76193 -0.00311066
65173 77117 77259 0.00217882
65614 77854 77930 0.00115829
61403 74610 74464 -0.00237773
65119 77127 76962 -0.00253382
64521 76789 76983 0.00300677
63380 76819 76914 0.0014989
62541 75652 76244 0.00946579
64537 75669 75637 -0.00049584
66490 76147 75993 -0.00231614
65025 76929 76736 -0.00296809
63695 76482 76320 -0.00254337
63706 75305 75411 0.00166389
63271 74668 74783 0.00181758
62840 76257 76159 -0.00155952
65477 77457 77280 -0.00270324
64987 75419 75707 0.00443166
66214 77738 77439 -0.00451566
63654 74862 74840 -0.000345619
61711 74499 74663 0.00265755
64444 74789 74849 0.000931041
64372 75860 75412 -0.00695955
64277 75241 75356 0.00178913
64445 76437 76700 0.004081
66407 77128 77193 0.000978812
64824 76859 76906 0.00072504
65939 77147 77023 -0.00188053
65290 77415 77632 0.00332363
63429 76535 76411 -0.00195494
68590 78654 78277 -0.00549643
64033 76857 76375 -0.00752737
62860 75234 75764 0.00843143
63921 76759 77029 0.00422396
66015 76490 76428 -0.00093918
65432 76626 76019 -0.00927681
63829 75427 75649 0.00347804
64725 76049 76193 0.0022248
62850 75499 75497 -3.18218e-05
66948 77429 77727 0.00445122
63344 76725 76893 0.00265218
64109 76552 76638 0.00134147
65150 75902 76182 0.00429777
64462 78275 78312 0.000573982
65516 77986 78442 0.00696013
62674 76821 76628 -0.00307943
63659 77096 77271 0.00274902
64492 75555 75460 -0.00147305
62536 76684 76601 -0.00132724
64398 76545 76147 -0.00618032
66993 79000 79620 0.0092547
66731 76186 76770 0.00875155
66674 77773 77746 -0.000404955
67057 77824 77880 0.00083511
63939 77628 77860 0.00362846
63792 75571 75698 0.00199085
64690 76689 75858 -0.0128459
63526 76571 76199 -0.00585587
62670 76651 76658 0.000111696
62104 76011 76022 0.000177122
63105 75944 75488 -0.00722605
63640 75384 75543 0.00249843
62634 76043 75696 -0.00554012
63249 75651 76046 0.00624516
61448 75636 75663 0.000439396
65135 75493 75929 0.00669379
63712 76812 76620 -0.00301356
64156 76447 76064 -0.00596982
64592 78340 78405 0.00100632
64642 76637 76681 0.000680672
64010 77274 77980 0.0110295
65537 77742 77934 0.00292964
66221 76881 76738 -0.00215944
62933 74336 74106 -0.00365468
63919 76543 76810 0.00417716
64585 76114 76337 0.00345281
65901 76797 76797 0
63486 76641 76806 0.002599
62277 74062 74196 0.00215168
65150 77015 77086 0.00108979
64297 76676 76757 0.00125978
63894 76823 76383 -0.00688641
64505 77115 77274 0.00246493
65513 77026 76873 -0.00233541
65003 76442 76662 0.00338446
67635 78209 78124 -0.00125675
60922 75488 75114 -0.006139
64782 77863 77575 -0.00444568
65661 77490 77684 0.00295457
64118 75953 76118 0.00257338
68006 77864 77708 -0.00229392
65845 79993 79892 -0.00153391
66270 79295 79515 0.00331975
66827 75587 75831 0.00365122
63623 75981 75760 -0.00347359
63023 74458 74327 -0.00207861
63007 76704 76242 -0.00733252
64717 76854 76680 -0.00268863
62939 75204 75042 -0.00257392
63898 76984 76600 -0.00600958
64634 76232 76239 0.000108302
62030 75516 76094 0.00931807
66989 77270 77504 0.00349311
61862 74442 74199 -0.0039281
64423 76316 76638 0.00499821
66285 75593 75798 0.00309271
64724 75580 74979 -0.00928558
65261 78502 78500 -3.06462e-05
64792 75944 76119 0.00270095
65493 76902 76922 0.000305376
62827 76296 76748 0.00719436
65764 75678 75166 -0.00778541
64906 76752 76883 0.0020183
66782 78040 77998 -0.000628912
64310 76469 76653 0.00286114
66394 75907 75812 -0.00143085
65505 77525 77320 -0.00312953
62946 75782 75820 0.000603692
64233 77793 78065 0.00423458
67666 77496 77636 0.00206899
64350 74811 75265 0.00705517
62744 75823 76111 0.00459008
64530 77443 77702 0.00401364
66348 76853 76312 -0.00815398
62072 76824 76294 -0.00853847
64951 76668 76846 0.00274053
66573 77990 77538 -0.00678954
67559 77227 77266 0.000577273
67343 78232 78667 0.00645947
64450 76652 76418 -0.00363072
64265 75397 75352 -0.000700226
64414 75428 75641 0.00330673
63615 75750 75920 0.00267233
66498 76121 76396 0.00413546
63132 75652 74898 -0.0119432
65291 76096 76210 0.00174603
64112 75407 75348 -0.000920265
63643 76690 76759 0.00108417
66305 76543 76964 0.00634945
62724 75715 75729 0.0002232
65132 75892 75776 -0.001781
62214 75272 75174 -0.00157521
61047 74124 74472 0.00570053
67840 77671 77771 0.00147406
60791 74305 74071 -0.00384925
66622 77869 77615 -0.00381255
64945 77301 77318 0.00026176
67343 77804 77579 -0.0033411
63758 76965 76640 -0.0050974
64052 75277 75031 -0.00384063
65795 77154 77143 -0.000167186
62631 74550 74256 -0.00469416
64492 75944 75635 -0.00479129
65006 76690 77080 0.00599945
63751 76083 76403 0.00501953
62618 76014 76422 0.0065157
63532 75994 76115 0.00190455
64067 74600 74705 0.00163891
62867 75319 75230 -0.00141569
64999 75599 75697 0.00150772
64018 75991 75887 -0.00162454
64340 75409 75752 0.00533105
64287 78657 78435 -0.00345326
64165 74482 75105 0.00970934
64403 77076 76726 -0.00543453
67101 78448 78527 0.00117733
66548 78648 78886 0.00357637
65314 77018 76750 -0.00410326
64491 76348 76614 0.00412461
61784 75026 75389 0.00587531
65258 76637 76829 0.00294217
63448 76609 76089 -0.00819569
61610 75111 75773 0.010745
66601 77239 77199 -0.000600592
62994 75661 75488 -0.00274629
61282 74018 73340 -0.0110636
62291 74059 73639 -0.00674255
64414 76140 76327 0.0029031
65391 76660 76600 -0.000917557
64025 77002 76733 -0.00420148
64890 74520 74707 0.0028818
64426 76085 75871 -0.00332164
62400 74526 74750 0.00358974
62830 76027 75701 -0.0051886
65668 76110 76216 0.00161418
63140 76319 76479 0.00253405
63809 75251 75332 0.00126941
63767 75004 75138 0.0021014
64512 75938 76220 0.00437128
64588 76032 75582 -0.00696724
64734 76878 77092 0.00330584
64027 76708 76599 -0.00170241
65488 75485 75310 -0.00267225
62317 76354 76354 0
67101 76377 76412 0.000521602
64410 76382 76577 0.00302748
63499 74971 75123 0.00239374
66366 78042 77652 -0.0058765
63837 76485 75871 -0.00961825
69434 78071 78120 0.000705706
63661 76216 76202 -0.000219915
68043 78341 78305 -0.000529077
64434 76453 76230 -0.00346091
62391 75886 75567 -0.00511292
62990 76824 76588 -0.00374663
64728 75812 75840 0.000432579
64298 75266 75410 0.00223957
65998 78629 78565 -0.000969726
65458 77266 77271 7.63849e-05
63112 75872 75281 -0.0093643
66407 76976 76990 0.000210821
65179 76399 76342 -0.000874515
61560 75940 75773 -0.0027128
63410 76512 76429 -0.00130894
64229 76360 75838 -0.00812717
65339 77868 77854 -0.000214267
63436 74671 74616 -0.000867016
64412 77226 77510 0.00440912
64374 77037 77305 0.00416317
67709 78396 78336 -0.000886145
65149 76633 76791 0.00242521
64047 74530 74565 0.000546474
65670 77401 77250 -0.00229938
63721 76119 76013 -0.0016635
64905 76632 76800 0.0025884
65679 76203 76119 -0.00127895
63522 75330 75145 -0.00291238
65785 76308 76387 0.00120088
65449 77251 76927 -0.00495042
65388 77326 77096 -0.00351746
64460 77175 77693 0.00803599
65000 76233 76369 0.00209231
64906 77625 77644 0.000292731
64167 76267 76392 0.00194804
65209 77104 76468 -0.00975325
63702 76831 76874 0.000675018
63520 74451 74537 0.0013539
65553 77695 77808 0.0017238
63891 76153 76039 -0.00178429
64510 76115 75881 -0.00362734
63883 76979 77062 0.00129925
65526 75204 75583 0.00578396
64479 75489 75583 0.00145784
65260 77124 77068 -0.000858106
65653 77005 77146 0.00214766
64583 76365 76081 -0.00439744
63851 75956 75984 0.000438521
64712 76649 76694 0.000695389
64509 75379 75176 -0.00314685
63345 75049 75378 0.00519378
63537 75581 75682 0.00158962
63741 75837 75748 -0.00139628
65034 77226 77066 -0.00246025
63583 76485 76013 -0.00742337
65405 76041 75757 -0.00434218
64096 75705 76246 0.00844046
65164 76019 75856 -0.00250138
63950 76996 77019 0.000359656
62672 75423 75304 -0.00189877
63210 76394 76405 0.000174023
62875 75404 75325 -0.00125646
63415 76008 76216 0.00327998
66643 77640 77690 0.000750266
61126 74913 74896 -0.000278114
64261 75752 75965 0.00331461
63502 77687 77693 9.44852e-05
62811 74420 74787 0.00584293
62952 76754 76679 -0.00119138
60799 75158 75092 -0.00108554
65100 77037 76880 -0.00241167
64651 76865 76971 0.00163957
64377 77820 77512 -0.00478432
64743 75794 75694 -0.00154457
63535 75180 74931 -0.0039191
64678 77766 77526 -0.00371069
62919 77261 76962 -0.00475214
64372 75600 76166 0.00879264
66260 76439 76423 -0.000241473
64602 77173 77004 -0.00261602
63592 74453 74634 0.00284627
65772 75688 76718 0.0156602
66441 75707 76025 0.0047862
64831 76556 76910 0.00546035
63464 75837 75897 0.000945418
65349 78255 78183 -0.00110178
65811 77976 78284 0.00468007
64213 74479 74254 -0.00350396
64034 76646 76488 -0.00246744
63052 76552 76274 -0.00440906
63292 76773 76237 -0.00846868
63985 74485 74307 -0.0027819
65509 77993 77964 -0.000442687
62721 77839 77677 -0.00258287
68250 77852 78244 0.00574359
63648 75571 75383 -0.00295375
62673 75681 75504 -0.00282418
64434 78701 78759 0.000900146
64524 74013 74385 0.0057653
64799 74803 74910 0.00165126
64898 77966 78228 0.0040371
66480 77557 77132 -0.0063929
64191 76321 76208 -0.00176037
65201 77138 77597 0.00703977
65237 77922 77607 -0.00482855
64999 76504 76288 -0.00332313
63612 75900 75796 -0.00163491
63825 76476 76162 -0.0049197
67172 77903 77713 -0.00282856
64693 77104 76754 -0.00541017
65007 76267 76135 -0.00203055
63230 76705 76372 -0.00526649
66387 77528 77652 0.00186784
64448 76694 76790 0.00148957
64412 76289 75568 -0.0111936
65928 79381 79424 0.000652227
66158 79128 79033 -0.00143596
66146 75641 76000 0.00542739
63781 76152 76410 0.00404509
66302 77825 76508 -0.0198637
66904 76645 76703 0.000866914
63391 76131 76016 -0.00181414
63626 74603 74962 0.00564235
61847 72731 72750 0.00030721
63749 75443 75344 -0.00155297
64947 75872 75863 -0.000138575
64442 76623 76888 0.00411222
65371 77681 78088 0.006226
68117 76769 77236 0.00685585
65838 78431 78269 -0.00246059
64328 76663 76452 -0.00328006
65491 76795 76571 -0.00342032
68292 78009 77787 -0.00325075
64010 77375 77192 -0.00285893
66035 78058 77692 -0.00554252
64365 76675 76575 -0.00155364
66747 78280 78401 0.00181282
62585 76881 76966 0.00135815
61173 75748 75325 -0.00691482
65895 77550 77530 -0.000303513
67568 78617 78641 0.000355198
63798 77085 77142 0.000893445
64268 76159 76155 -6.22394e-05
63457 76288 76149 -0.00219046
65302 76387 76607 0.00336896
64980 77752 77739 -0.000200062
63644 75113 75272 0.00249827
67111 77074 77283 0.00311424
66284 76934 77272 0.00509927
63324 75830 75624 -0.00325311
65593 76491 76099 -0.00597625
62633 75743 76046 0.00483771
63467 76789 76694 -0.00149684
63758 75534 76017 0.00757552
62419 74381 74248 -0.00213076
64293 76762 76672 -0.00139984
64265 75265 75365 0.00155606
63324 77420 77619 0.00314257
62996 74830 74888 0.000920693
66133 76716 76421 -0.00446071
64541 75508 75456 -0.000805689
65278 76477 76345 -0.00202212
63889 76014 76043 0.000453912
64014 75724 75863 0.0021714
64113 76791 76636 -0.00241761
63481 75638 75213 -0.00669492
64168 77620 77513 -0.0016675
66869 77396 76992 -0.00604166
65383 76042 76256 0.00327302
65368 75687 75640 -0.000719006
63949 76514 76664 0.00234562
64423 77214 76980 -0.00363224
64992 76403 76475 0.00110783
64383 77864 77684 -0.00279577
63014 76283 76280 -4.76085e-05
61425 76646 76941 0.0048026
66188 77559 77098 -0.00696501
67595 77875 77793 -0.00121311
64649 77858 77522 -0.0051973
63684 75938 75795 -0.00224546
64490 75207 75344 0.00212436
65791 76029 75984 -0.000683984
64422 77052 76909 -0.00221974
64448 76765 76845 0.00124131
64462 77136 77588 0.00701188
63381 75666 75707 0.000646882
63610 76152 76233 0.00127338
65759 75919 75962 0.000653903
66704 77176 77319 0.0021438
62208 74923 74339 -0.00938786
63155 76892 77405 0.00812287
63798 76075 75925 -0.00235117
62472 73915 73893 -0.000352158
64008 76783 76667 -0.00181227
64238 76300 76225 -0.00116753
64345 76939 76684 -0.00396301
65716 75563 75401 -0.00246515
