28940 34513 34270 -0.00839668
28633 34179 34199 0.000698495
29676 34862 34698 -0.00552635
28464 34752 35053 0.0105748
29595 34968 35198 0.00777158
28954 34267 34508 0.00832355
31008 35561 35494 -0.00216073
28846 34192 34186 -0.000208001
28619 34615 34612 -0.000104825
28324 33830 33812 -0.000635503
29304 34577 34614 0.00126263
29037 34612 34606 -0.000206633
28044 34117 34122 0.000178291
28914 35374 35099 -0.00951096
29486 34568 34410 -0.00535848
28854 34739 34559 -0.0062383
30118 35281 35136 -0.0048144
28627 34694 34822 0.0044713
28354 34090 33986 -0.00366791
28891 34765 34862 0.00335745
29258 35501 35549 0.00164058
29826 34538 35074 0.0179709
28983 34465 34468 0.000103509
29029 34823 34749 -0.00254917
27700 34370 34501 0.00472924
29727 34887 34832 -0.00185017
28577 34696 34611 -0.00297442
29964 35146 34908 -0.00794286
29329 34922 34882 -0.00136384
30191 34499 34411 -0.00291478
29369 35406 35150 -0.00871667
28091 34181 34205 0.000854366
29389 34471 34170 -0.0102419
28881 33815 33813 -6.92497e-05
28544 34501 34274 -0.00795263
27940 34405 34569 0.00586972
29042 34794 34634 -0.00550926
28855 35350 35407 0.00197539
28595 34684 34643 -0.00143382
29162 34310 34247 -0.00216035
30790 36267 36185 -0.0026632
27920 35012 35118 0.00379656
29309 34728 34946 0.00743799
29077 35024 34659 -0.0125529
28079 33644 33946 0.0107554
29469 35345 35274 -0.00240931
29292 35168 35253 0.00290182
28873 34931 34847 -0.00290929
28934 34985 34950 -0.00120965
28580 34039 33975 -0.00223933
29967 34677 34647 -0.0010011
27973 34529 34653 0.00443285
28915 33622 33669 0.00162545
28739 34400 34194 -0.00716796
29844 34753 34833 0.00268061
29445 34703 34800 0.00329428
29332 35031 34954 -0.00262512
29744 35067 35217 0.00504303
28843 34131 34424 0.0101584
29789 34570 34529 -0.00137635
28402 34699 34626 -0.00257024
28577 34151 34076 -0.00262449
28873 34454 34312 -0.00491809
29641 35124 34967 -0.00529672
28158 33399 33517 0.00419064
30363 34680 34483 -0.00648816
30259 34499 34553 0.00178459
27241 34321 34425 0.00381777
28587 33982 33843 -0.00486235
29386 35192 34879 -0.0106513
29065 34178 34255 0.00264923
27826 34663 34570 -0.0033422
29049 35023 34912 -0.00382113
27626 34509 34430 -0.00285962
28151 34161 34176 0.000532841
28930 34278 34326 0.00165918
27238 34078 33911 -0.00613114
28154 34834 34884 0.00177595
28347 35359 35278 -0.00285745
29850 35252 35019 -0.0078057
28198 33515 33342 -0.00613519
29716 34954 34983 0.000975905
27858 34026 33765 -0.00936894
27223 33825 33732 -0.00341623
29344 34829 34872 0.00146538
29754 34870 34842 -0.00094105
28694 33364 33494 0.00453056
29077 35380 35406 0.000894178
29967 35511 35361 -0.00500551
28888 35301 35524 0.00771947
30130 36053 36112 0.00195818
29396 34499 34706 0.00704177
28684 34718 34852 0.00467159
29142 34518 34601 0.00284812
29241 35098 34796 -0.010328
28641 34038 34022 -0.00055864
28692 33908 34099 0.00665691
28651 34858 34963 0.00366479
29428 35088 35215 0.00431562
28526 33884 33733 -0.00529342
28833 34589 34541 -0.00166476
28745 35359 34981 -0.0131501
29737 35060 35060 0
29143 34930 34873 -0.00195587
28045 34145 34295 0.00534855
29307 34922 34917 -0.000170608
29290 34648 34747 0.00337999
28839 34686 34588 -0.00339818
28457 33914 33881 -0.00115964
29257 35016 34858 -0.00540042
29279 35063 35039 -0.0008197
28137 33991 34034 0.00152824
29731 34754 34735 -0.000639064
28015 33718 33971 0.00903088
28319 33295 33343 0.00169498
28796 34060 33963 -0.00336852
29440 34131 34052 -0.00268342
29799 34720 34778 0.00194637
29411 35410 35494 0.00285607
29423 34200 34494 0.00999218
29956 34798 34810 0.000400588
28700 34557 34678 0.00421603
28474 34912 34970 0.00203695
28163 33963 33886 -0.00273408
29073 35170 35221 0.0017542
28566 35433 35356 -0.00269551
27804 34560 34293 -0.00960293
28834 35217 35164 -0.00183811
28136 34812 34744 -0.00241683
29237 35182 35208 0.000889284
28890 35000 35016 0.000553825
29792 35262 35245 -0.000570623
28906 34473 34387 -0.00297516
28865 34944 34930 -0.000485016
28946 35123 35127 0.000138188
28945 34698 34663 -0.00120919
29140 35128 35151 0.000789293
29763 35739 35623 -0.00389746
29372 33832 33832 0
29739 35078 35041 -0.00124416
28604 33716 33753 0.00129353
28459 33959 33869 -0.00316244
27806 33351 33110 -0.00866719
28850 34354 34309 -0.00155979
28811 34549 34463 -0.00298497
28681 34437 34505 0.00237091
29667 35220 35112 -0.00364041
27878 33657 33633 -0.000860894
30289 35477 35491 0.000462214
28489 33485 33775 0.0101794
28639 34449 34522 0.00254897
28570 34348 34159 -0.00661533
28795 34204 33882 -0.0111825
28619 33911 34065 0.00538104
28677 34375 34406 0.00108101
29238 34829 34849 0.000684041
28677 34012 33950 -0.00216201
28380 33957 33750 -0.00729387
28642 34463 34580 0.00408491
28234 34086 33934 -0.00538358
29569 34848 34786 -0.00209679
28332 34928 34931 0.000105887
28876 33840 33902 0.00214711
30115 35355 35313 -0.00139465
28692 34036 34075 0.00135926
29509 34420 34761 0.0115558
28431 35016 35016 0
29294 34953 35031 0.00266266
28976 34926 34814 -0.00386527
29158 35214 35038 -0.00603608
29067 34379 34339 -0.00137613
29754 35259 35253 -0.000201654
28345 34429 34313 -0.00409243
28836 33805 33695 -0.00381468
29617 35055 35089 0.00114799
29272 34615 34816 0.00686663
30110 35327 35307 -0.000664231
28627 33771 33931 0.00558913
28308 34201 34292 0.00321464
29545 34499 34599 0.00338467
28925 35238 35051 -0.006465
30018 34941 34944 9.994e-05
29502 34526 34426 -0.0033896
29447 34622 34571 -0.00173193
29517 36240 36158 -0.00277806
29561 35568 35629 0.00206353
28079 34428 34511 0.00295595
28130 33896 33864 -0.00113758
29226 34405 34486 0.0027715
29892 35470 35424 -0.00153887
28952 34652 34678 0.000898038
28235 35098 35172 0.00262086
28638 34376 34136 -0.00838047
30388 35460 35669 0.00687771
28801 34705 34302 -0.0139926
28987 34582 34645 0.00217339
28402 33978 33907 -0.00249982
28252 34024 33845 -0.00633583
28720 33858 33748 -0.00383008
28152 34331 34309 -0.000781472
30281 35430 35347 -0.00274099
29578 35066 34986 -0.00270471
29247 34653 34672 0.000649639
28640 35206 35273 0.00233939
30003 34617 34585 -0.00106656
28566 33902 33946 0.00154029
28605 34684 34515 -0.00590806
28360 34866 34544 -0.011354
28866 33369 33488 0.0041225
28952 34541 34382 -0.00549185
27444 32798 32438 -0.0131176
30026 35666 35695 0.00096583
28576 34859 34840 -0.000664894
28177 35037 35025 -0.000425879
28919 34529 34491 -0.00131402
29142 34477 34555 0.00267655
29794 34575 34499 -0.00255085
29385 34242 34223 -0.000646588
29450 34981 34817 -0.00556876
29776 34932 35096 0.00550779
28898 35216 35005 -0.00730154
29043 34369 34101 -0.0092277
30030 35979 36010 0.0010323
28189 33077 33156 0.00280251
28757 35286 35441 0.00538999
29496 34889 34861 -0.000949281
28602 34419 34392 -0.00094399
29122 33417 33657 0.00824119
28652 34842 34747 -0.00331565
28887 34675 34118 -0.019282
28974 34688 34716 0.000966384
29070 34975 35004 0.000997592
29898 35426 35511 0.002843
28578 34964 34771 -0.00675345
29325 34186 34307 0.00412617
28313 33854 33661 -0.00681666
29378 34629 34651 0.00074886
29221 34561 34592 0.00106088
29903 34560 34687 0.00424707
28267 34949 34928 -0.000742916
29041 34156 34316 0.00550945
28817 34949 34856 -0.00322726
28868 34062 34015 -0.0016281
28891 33844 33905 0.00211138
30220 35694 35637 -0.00188617
30301 35298 35615 0.0104617
27972 34177 34149 -0.001001
28747 33331 33293 -0.00132188
28772 34107 34159 0.00180731
28122 33426 33621 0.00693407
28682 33975 33951 -0.000836762
29075 34544 34678 0.00460877
29019 34384 34375 -0.000310142
28798 33574 33516 -0.00201403
29087 34098 34110 0.000412555
29254 34530 34637 0.00365762
29598 34756 34855 0.00334482
28624 34987 35086 0.00345864
27705 34276 34180 -0.00346508
29116 34052 34224 0.0059074
29115 34702 34632 -0.00240426
29041 34708 34739 0.00106746
28806 34461 34461 0
28723 33364 33380 0.000557045
29335 35196 35232 0.0012272
29385 33954 34121 0.00568317
28639 34828 34836 0.000279339
27844 34287 34367 0.00287315
29175 34359 34368 0.000308483
28946 33458 33637 0.00618393
29019 35256 35334 0.00268789
28625 34102 34222 0.00419214
29123 34131 34112 -0.000652405
30134 34631 34597 -0.00112829
29085 35273 35179 -0.00323191
28585 34828 34850 0.000769634
28416 34308 34331 0.000809403
28347 34234 34253 0.000670265
29122 34945 34871 -0.00254103
29029 34264 34382 0.0040649
29460 35206 35145 -0.0020706
27893 34228 34198 -0.00107554
28760 34164 33943 -0.00768428
28337 34761 34774 0.000458764
28665 33895 33828 -0.00233735
29394 34795 34768 -0.000918555
28139 33738 33688 -0.00177689
30321 35607 35568 -0.00128624
30284 35069 35042 -0.00089156
29720 34695 34657 -0.0012786
30125 34858 34933 0.00248963
28775 34825 34608 -0.00754127
28752 34018 33944 -0.00257373
29525 34343 34308 -0.00118544
29498 34349 34361 0.000406807
28663 34954 35001 0.00163974
29087 35402 35522 0.00412555
27664 34060 34063 0.000108444
29143 34946 34927 -0.000651958
29664 35603 35442 -0.00542745
27604 33935 33901 -0.00123171
29035 35322 35171 -0.00520062
28998 34333 34454 0.0041727
29269 34647 34795 0.00505654
27757 33783 33930 0.00529596
27615 34715 34581 -0.00485244
28711 34545 34746 0.0070008
28771 34221 34302 0.00281533
28204 34389 34332 -0.00202099
28567 33653 33576 -0.00269542
29169 34884 35057 0.00593095
28651 34150 33976 -0.00607309
28485 34231 34291 0.00210637
29214 34758 34520 -0.00814678
29101 34273 33990 -0.00972475
28877 34957 34984 0.000935
29094 34724 34826 0.00350588
27663 33804 33698 -0.00383183
28630 34749 34722 -0.000943067
27828 33666 33734 0.00244358
28966 33146 33295 0.00514396
27629 33177 33225 0.00173731
29566 34957 34877 -0.00270581
28272 34197 34129 -0.00240521
28238 34481 34630 0.00527658
27267 34641 34556 -0.00311732
29697 34441 34257 -0.00619591
28749 34291 34499 0.00723503
28348 33872 33911 0.00137576
29286 34615 34569 -0.00157072
28154 34310 34302 -0.000284151
28968 34800 34717 -0.00286523
28190 33977 33909 -0.0024122
28181 34304 34420 0.00411625
28145 33899 33667 -0.00824303
28174 34494 34258 -0.00837652
28352 34209 34394 0.00652511
30292 35283 35259 -0.000792288
28673 34366 34071 -0.0102884
29694 35165 34959 -0.00693743
28246 34620 34473 -0.00520428
29224 34402 34383 -0.000650151
29562 34902 34791 -0.00375482
29307 34354 34403 0.00167196
28603 33731 33842 0.00388071
30051 34978 34805 -0.00575688
29361 35002 35239 0.00807193
29626 34588 34645 0.00192399
28954 33888 34008 0.00414451
29273 34160 34179 0.000649062
29501 35255 35182 -0.00247449
29476 34688 34700 0.000407111
28637 34527 34152 -0.0130949
28855 34761 34695 -0.0022873
29039 34418 34448 0.00103309
30083 35242 35138 -0.0034571
28853 34489 34448 -0.001421
29246 35821 35651 -0.00581276
27676 33769 33780 0.000397456
28440 33932 34078 0.00513361
28790 34032 34015 -0.000590483
28861 34158 34090 -0.00235612
29601 35208 35010 -0.00668896
29425 34911 34748 -0.00553951
29265 35503 35588 0.00290449
28680 34866 34555 -0.0108438
29633 34163 34311 0.00499443
30041 34817 34822 0.000166439
29529 34561 34523 -0.00128687
28793 34952 34777 -0.00607787
30150 35079 35065 -0.000464345
28935 34339 34374 0.00120961
28504 34682 34520 -0.00568341
29838 35560 35540 -0.000670286
29604 35316 35518 0.0068234
28565 34623 34829 0.00721162
29064 34855 34646 -0.00719103
29260 35080 35047 -0.00112782
28778 34445 34470 0.000868719
28825 34697 34578 -0.00412836
27815 34292 34156 -0.00488945
28792 34299 34181 -0.00409836
29799 34679 34770 0.00305379
30095 35394 35108 -0.00950324
28844 34224 34154 -0.00242685
28150 34119 34003 -0.00412078
28577 34545 34571 0.000909823
28163 34693 34713 0.000710152
28820 34527 34392 -0.00468425
29821 35454 35570 0.00388988
28219 34181 34148 -0.00116942
29708 35187 35224 0.00124546
29269 34436 34410 -0.000888312
29875 35874 35874 0
30340 35511 35553 0.00138431
28682 34289 34452 0.00568301
28690 34485 34247 -0.00829557
27602 34374 34400 0.000941961
29532 34458 34336 -0.00413111
28708 34371 34407 0.00125401
28301 34215 34211 -0.000141338
27754 34416 34367 -0.00176551
28896 34168 33670 -0.0172342
28680 34338 34434 0.00334728
29477 34532 34603 0.00240866
27599 34085 34023 -0.00224646
28405 34065 33877 -0.00661855
28291 34446 34308 -0.00487788
29779 35725 35761 0.00120891
29490 34126 34354 0.00773143
28477 35283 35101 -0.00639112
28670 33848 33773 -0.00261597
28741 34184 34432 0.00862879
29744 34768 34636 -0.00443787
28012 34141 33872 -0.00960303
28583 34685 34615 -0.00244901
29801 35247 35380 0.00446294
29408 34189 34138 -0.00173422
30087 34812 34825 0.00043208
27569 33263 33263 0
29061 35117 35060 -0.00196139
28844 35213 35165 -0.00166412
29901 35142 35284 0.00474901
28858 34393 34405 0.000415829
28975 34688 34674 -0.000483175
28492 35479 35377 -0.00357995
28923 34895 34832 -0.0021782
28475 34250 34262 0.000421422
27967 34741 34800 0.00210963
29682 34505 34615 0.00370595
28336 34260 34279 0.000670525
30186 35735 35704 -0.00102697
29072 34966 34791 -0.00601954
28202 33980 33918 -0.00219843
28047 33458 33341 -0.00417157
29807 34802 34723 -0.00265038
28543 33939 34009 0.00245244
28223 33927 33940 0.000460617
28870 34340 34296 -0.00152407
29625 35240 35195 -0.00151899
28313 34574 34475 -0.00349663
28258 33759 33762 0.000106165
28853 34608 34695 0.00301528
27677 34233 34413 0.0065036
27732 34339 34196 -0.0051565
29501 35062 34735 -0.0110844
29123 35019 34819 -0.00686742
28237 34304 34310 0.000212487
28551 34267 34195 -0.0025218
28925 35353 35257 -0.00331893
29132 35041 35217 0.00604147
29001 34921 34657 -0.00910313
28925 34774 34812 0.00131374
29509 34569 34775 0.00698092
28853 34472 34748 0.00956573
29916 35057 35215 0.00528145
30104 35694 35692 -6.64364e-05
28692 34373 34556 0.00637808
28586 34721 34582 -0.00486252
30725 34895 34935 0.00130187
28109 34242 34098 -0.00512291
28809 34957 34795 -0.00562324
28875 34897 34959 0.00214719
28736 34452 34675 0.0077603
29521 35045 34956 -0.0030148
29752 35035 34949 -0.00289056
30097 35890 35904 0.000465163
28406 34591 34557 -0.00119693
28200 34520 34595 0.00265957
29471 34449 34369 -0.00271453
29195 35735 35524 -0.00722726
28745 34156 34073 -0.00288746
27590 33948 34007 0.00213846
29797 34987 34849 -0.00463134
28268 33474 33658 0.00650913
30188 34735 34691 -0.00145753
28406 34593 34502 -0.00320355
28200 34033 34033 0
29330 35042 34966 -0.0025912
28465 34314 34329 0.000526963
29121 35883 36068 0.0063528
27838 33873 33684 -0.00678928
29076 34688 34855 0.00574357
28355 33896 33851 -0.00158702
28442 35004 35009 0.000175796
29279 35302 35277 -0.000853854
28440 33926 33856 -0.00246132
29890 35316 35297 -0.000635664
27485 33877 33951 0.00269238
29368 34750 34638 -0.00381367
28133 34455 34255 -0.00710909
28377 34674 34659 -0.000528597
28899 34299 34432 0.00460224
29590 35105 35132 0.00091247
29032 34422 34393 -0.000998898
29219 33790 33838 0.00164277
28937 34246 34379 0.00459619
28898 35084 35095 0.000380649
29586 34155 34142 -0.000439397
28664 34811 34950 0.00484929
28422 34136 34032 -0.00365914
29110 34678 34750 0.00247338
30011 34573 34423 -0.00499817
28960 33630 33544 -0.00296961
27480 33999 33913 -0.00312955
29312 34524 34234 -0.00989356
30718 35282 35318 0.00117195
28804 34104 34182 0.00270796
28635 34798 34617 -0.00632094
29499 34975 35168 0.00654259
28925 34159 33939 -0.00760588
28370 33968 33822 -0.00514628
28532 35166 35197 0.0010865
28882 34727 34630 -0.00335849
29177 34720 34564 -0.00534668
28773 35223 35056 -0.00580405
28473 34441 34374 -0.00235311
29317 35066 35157 0.003104
30358 35515 35483 -0.00105409
29429 34429 34893 0.0157668
27574 33236 33247 0.000398927
29541 34544 34526 -0.000609323
29535 34243 34506 0.00890469
29255 34723 34442 -0.0096052
28270 32875 33101 0.00799434
27644 33651 33537 -0.00412386
28086 34652 34702 0.00178025
28679 34559 34387 -0.00599742
27748 33882 33812 -0.0025227
29024 34949 34843 -0.00365215
29255 34859 34876 0.000581097
29421 34451 34370 -0.00275314
29229 35385 35393 0.000273701
28159 33597 33579 -0.000639227
28316 34058 34013 -0.00158921
30111 34944 34927 -0.000564578
28633 35080 35115 0.00122237
28474 34284 34338 0.00189647
28107 33603 33664 0.00217028
29262 34903 34888 -0.00051261
30433 35472 35644 0.00565176
29073 33712 33723 0.000378358
28467 33521 33663 0.00498823
29245 34086 34205 0.00406907
27387 34251 34180 -0.00259247
28630 34371 34197 -0.00607754
29278 34927 34869 -0.00198101
29584 34595 34394 -0.00679421
29922 35411 35215 -0.00655036
28904 35057 34980 -0.00266399
28836 34738 34779 0.00142183
29259 34308 34311 0.000102533
28808 34564 34563 -3.47126e-05
29661 34942 35000 0.00195543
28776 34603 34268 -0.0116416
28476 34115 33980 -0.00474083
30649 35802 35751 -0.001664
28463 34372 34543 0.0060078
28597 33824 33668 -0.00545512
28964 34754 34590 -0.0056622
27553 33404 33565 0.00584328
28399 34686 34635 -0.00179584
29841 35167 35131 -0.00120639
28579 34527 34310 -0.00759299
29544 35166 35393 0.00768346
28562 33921 33983 0.00217072
28436 33854 33736 -0.00414967
29644 35148 35174 0.000877075
28622 33922 33859 -0.0022011
28467 34642 34552 -0.00316156
29943 35136 35110 -0.000868316
29135 34940 34745 -0.00669298
29536 34252 34259 0.000236999
28791 35051 35160 0.00378591
29059 34598 34644 0.00158299
29951 35044 35092 0.00160262
28167 34634 34561 -0.00259169
28565 33941 33821 -0.00420095
28147 34175 34440 0.00941486
28303 34345 34158 -0.00660707
28914 33783 34072 0.00999516
29173 34056 34023 -0.00113118
29547 35034 35004 -0.00101533
27680 33408 33277 -0.00473266
28995 35294 35175 -0.00410416
28970 35527 35545 0.000621332
28111 34158 34082 -0.00270357
27891 33643 33825 0.0065254
28199 34617 34577 -0.00141849
28959 34314 34409 0.0032805
30415 35840 36035 0.00641131
29363 34505 34518 0.000442734
27950 33505 33514 0.000322004
28275 33509 33642 0.0047038
30213 35819 35694 -0.00413729
27660 33714 33796 0.00296457
27964 33649 33646 -0.000107281
30069 34537 34519 -0.000598623
28202 33710 33938 0.00808453
29535 34903 34878 -0.000846453
28028 32861 32960 0.00353218
29052 34104 34038 -0.00227179
29255 34334 34387 0.00181166
29093 34657 34767 0.00378098
29162 34552 34469 -0.00284617
28672 34655 34498 -0.00547573
29205 34834 34723 -0.00380072
29578 35019 35053 0.0011495
27589 34115 33984 -0.00474827
29348 35203 35105 -0.00333924
28599 34444 34274 -0.00594426
28245 34571 34588 0.000601876
27853 34258 34296 0.00136431
29239 34612 34617 0.000171004
29915 34420 34163 -0.00859101
29177 34668 34587 -0.00277616
28673 34869 34939 0.00244132
28063 33787 33803 0.000570146
28536 34090 34251 0.005642
28054 34585 34625 0.00142582
29383 34846 34729 -0.00398189
28638 33460 33467 0.00024443
29671 35122 35015 -0.00360621
28404 33676 33604 -0.00253485
27532 33346 33384 0.00138021
28699 33776 33848 0.0025088
29194 34429 34409 -0.000685072
28797 34421 34332 -0.0030906
28812 34459 34572 0.00392198
29464 34535 34683 0.00502308
28720 34563 34649 0.00299443
29585 35004 34969 -0.00118303
29402 35095 34940 -0.00527175
28243 34393 34464 0.0025139
30962 35608 35523 -0.0027453
28948 34746 34824 0.00269449
28464 34413 34430 0.000597246
28489 34186 34485 0.0104953
29256 34165 34271 0.00362319
29430 34698 34380 -0.0108053
28661 34055 34248 0.00673389
29151 34077 34396 0.010943
28748 34441 34574 0.00462641
29848 34462 34647 0.00619807
28465 35147 35018 -0.00453188
28583 34328 34173 -0.0054228
29141 34197 34346 0.00511307
28700 35381 35651 0.00940767
29642 35489 35438 -0.00172053
28299 34958 34815 -0.00505318
28616 34516 34585 0.00241124
29002 34318 34425 0.0036894
27700 34499 34569 0.00252708
29279 34958 34954 -0.000136617
30177 35791 36020 0.00758856
30289 34621 34625 0.000132061
30367 35532 35581 0.00161359
30452 35422 35371 -0.00167477
28656 35038 35063 0.000872418
28241 33748 33971 0.00789632
29095 34596 34607 0.000378072
28560 34635 34383 -0.00882353
27924 34903 34892 -0.000393926
28399 34921 34694 -0.00799324
28549 34541 34312 -0.0080213
28655 34252 34249 -0.000104694
28113 34403 34449 0.00163625
27953 33857 33798 -0.00211069
27509 34383 34058 -0.0118143
29352 34055 34195 0.00476969
28442 34573 34537 -0.00126573
28907 34739 34820 0.00280209
29069 35575 35606 0.00106643
28649 34793 34870 0.0026877
28640 35170 35117 -0.00185056
29202 35042 35157 0.00393809
30165 34779 34838 0.00195591
28473 33855 33799 -0.00196678
28996 34935 34875 -0.00206925
28632 34290 34110 -0.00628667
29796 35148 34958 -0.00637669
28512 34408 34433 0.000876824
28713 34323 34275 -0.00167172
29213 34850 35076 0.00773628
28643 34830 34860 0.00104738
28543 34530 34527 -0.000105105
28930 35257 35210 -0.00162461
29237 34662 34856 0.00663543
29202 34385 34341 -0.00150675
30244 35014 35108 0.00310805
27402 34073 33842 -0.00843004
29267 34754 34915 0.00550108
29543 35447 35492 0.0015232
28786 34336 34411 0.00260543
30903 35731 35709 -0.000711905
29451 35949 35812 -0.00465179
29200 35385 35584 0.00681507
29965 34519 34456 -0.00210245
28420 34018 34074 0.00197044
28070 33469 33514 0.00160314
28522 35154 34903 -0.00880022
29083 34508 34656 0.00508888
27968 34138 34023 -0.00411184
28581 35089 35025 -0.00223925
29104 34345 34190 -0.00532573
28309 34156 34104 -0.00183687
30287 35073 35143 0.00231122
27753 33836 33836 0
28806 34607 34318 -0.0100326
29409 34112 33874 -0.00809276
29150 33959 33745 -0.00734134
29378 35420 35504 0.00285928
29084 34566 34534 -0.00110026
29455 34821 34925 0.00353081
28444 34948 34874 -0.0026016
29907 34832 34722 -0.00367807
28690 34565 34632 0.00233531
29664 34841 34711 -0.00438242
29060 34934 35031 0.00333792
29525 34217 34107 -0.00372566
29037 35062 34956 -0.00365051
28021 34142 34053 -0.00317619
28765 35365 35189 -0.00611855
30499 35068 35167 0.00324601
28855 33738 34006 0.00928782
27797 34130 33963 -0.00600784
29193 35404 35606 0.00691947
29745 35056 34956 -0.00336191
27463 34409 34251 -0.0057532
29418 34613 34618 0.000169964
29967 35294 35005 -0.00964394
30510 35498 35409 -0.00291708
30359 35718 35731 0.000428209
29271 34794 34694 -0.00341635
28683 34366 34252 -0.00397448
29097 34217 34491 0.00941678
28469 34268 34302 0.00119428
29603 34507 34407 -0.00337804
28273 34011 33754 -0.00908994
29902 34432 34154 -0.00929704
28615 34167 34120 -0.0016425
28657 34460 34575 0.00401298
29723 34523 34456 -0.00225415
27806 34231 34154 -0.00276919
29502 34484 34563 0.00267778
28056 34397 34110 -0.0102295
27406 33741 33607 -0.00488944
30470 35022 35066 0.00144404
27151 33568 33572 0.000147324
30496 35336 35183 -0.00501705
29410 35374 35400 0.000884053
30138 35280 35289 0.000298626
28250 34806 34641 -0.00584071
29016 34195 34406 0.00727185
29674 34966 34822 -0.00485273
27791 34090 33833 -0.0092476
28823 34199 34173 -0.000902057
29266 34602 34479 -0.00420283
28845 34561 34534 -0.000936037
28053 34330 34279 -0.00181799
28651 34536 34601 0.00226868
28380 33642 33734 0.00324172
28182 34104 34092 -0.000425804
29165 34355 34390 0.00120007
28645 34373 34306 -0.00233898
28921 34045 34015 -0.00103731
28773 35326 35577 0.00872346
28820 34128 34057 -0.00246357
28684 34528 34715 0.00651931
29876 35193 35086 -0.00358147
29412 35115 35417 0.0102679
29556 35145 35152 0.000236839
28809 34958 34777 -0.00628276
27860 33382 33498 0.00416368
29181 34777 34667 -0.00376958
28831 34613 34307 -0.0106136
28078 34560 34567 0.000249306
29947 35033 34936 -0.00323906
28575 34232 34444 0.00741907
27391 33495 33671 0.00642547
28220 33570 33729 0.0056343
28858 34536 34740 0.0070691
28998 34437 34407 -0.00103455
28775 34902 34988 0.00298871
29218 33776 33743 -0.00112944
28622 34241 34301 0.00209629
27601 33781 33922 0.00510851
28088 33832 34093 0.00929222
28861 34354 34087 -0.00925124
28396 34624 34289 -0.0117974
28531 34033 33860 -0.00606358
28731 33499 33798 0.0104069
28843 34478 34284 -0.00672607
29413 34570 34656 0.00292388
28936 34815 34812 -0.000103677
28845 34576 34311 -0.00918703
29475 34251 34282 0.00105174
27846 34542 34398 -0.0051713
30164 34551 34452 -0.00328206
29195 34579 34324 -0.00873437
28591 33392 33534 0.0049666
29625 35138 35208 0.00236287
28592 34490 34506 0.000559597
31464 35486 35346 -0.00444953
28672 34640 34560 -0.00279018
30569 35602 35458 -0.00471065
28975 34579 34368 -0.00728214
27578 33975 34283 0.0111683
28549 35031 35037 0.000210165
29324 34310 34430 0.00409221
29019 34274 34213 -0.00210207
29310 35771 35554 -0.00740362
29487 34853 34721 -0.00447655
28077 34411 34328 -0.00295616
29613 34844 34797 -0.00158714
28841 34027 34179 0.00527027
27422 34258 34297 0.00142222
28027 34459 34191 -0.00956221
28845 34677 34677 0
29335 35318 35214 -0.00354525
28291 33753 33800 0.00166131
29026 35026 35193 0.00575346
29281 35223 35140 -0.0028346
30538 35402 35471 0.00225948
29100 34637 34636 -3.43643e-05
29091 34055 34173 0.00405624
29756 35055 35108 0.00178115
28579 34625 34504 -0.00423388
29189 34714 34649 -0.00222687
29585 34295 34229 -0.00223086
28807 34241 34087 -0.00534592
29436 34153 34300 0.00499389
29315 34566 34559 -0.000238786
29437 34852 34713 -0.00472195
29001 34868 35312 0.0153098
29063 34576 34446 -0.00447304
29623 35291 35304 0.000438848
28964 34386 34504 0.00407402
29255 34604 34485 -0.00406768
28788 34748 34688 -0.0020842
28566 33731 33787 0.00196037
29348 35025 35160 0.00459997
28050 34107 34217 0.00392157
28849 34020 34070 0.00173316
28435 34598 34541 -0.00200457
29064 33788 33846 0.0019956
29506 34488 34505 0.000576154
29229 34635 34584 -0.00174484
29263 34762 34555 -0.00707378
29036 34455 34502 0.00161868
28904 34450 34646 0.00678107
29088 34981 34780 -0.00691007
29137 34472 34326 -0.00501081
28523 34026 34331 0.0106931
28676 34487 34548 0.00212721
28593 34410 34255 -0.00542091
29051 35110 35106 -0.000137689
28905 34329 34361 0.00110707
29086 33994 33833 -0.00553531
28820 34535 34663 0.00444136
29387 34772 34697 -0.00255215
28686 34718 34663 -0.00191731
28145 34200 34123 -0.00273583
28282 34162 34262 0.00353582
28687 34588 34708 0.00418308
28422 34469 34291 -0.00626275
29812 35087 35088 3.35435e-05
27011 33587 33708 0.00447966
28875 34683 34715 0.00110823
28469 34999 35014 0.000526889
28081 33899 33824 -0.00267085
27986 34491 34423 -0.00242979
27576 34291 34220 -0.0025747
29315 34578 34571 -0.000238786
28931 34926 35036 0.00380215
29151 35121 35233 0.00384206
29345 34699 34588 -0.00378259
28628 34056 34054 -6.98617e-05
29566 35678 35750 0.00243523
28190 34926 34994 0.0024122
28935 34150 34326 0.0060826
29403 34739 34488 -0.00853654
28948 34777 34909 0.0045599
28358 33405 33377 -0.000987376
29594 34116 34208 0.00310874
30239 34758 34884 0.0041668
29103 34882 34805 -0.00264578
28304 34128 34379 0.008868
28754 34880 34668 -0.00737289
29191 35071 34845 -0.00774211
29069 33782 33596 -0.00639857
28756 34218 34356 0.004799
28283 34421 34410 -0.000388926
28321 34953 34741 -0.00748561
28582 33518 33455 -0.00220418
29516 35555 35383 -0.00582735
28544 35648 35412 -0.00826794
30699 35513 35589 0.00247565
28482 34109 34165 0.00196615
27856 34068 34220 0.00545663
29096 35862 35858 -0.000137476
28685 33586 33657 0.00247516
29160 33807 34038 0.00792181
28772 34854 35030 0.00611706
29689 34789 34857 0.00229041
28599 34496 34515 0.000664359
29026 35426 35125 -0.01037
28963 35233 35117 -0.00400511
29478 34353 34636 0.00960038
28449 34256 34184 -0.00253084
28859 34459 34475 0.00055442
29794 35295 35231 -0.00214808
29026 35161 35099 -0.00213602
28867 34523 34305 -0.00755188
28057 34363 34434 0.00253056
29974 35208 35279 0.00236872
28979 34615 34685 0.00241554
28817 34564 34501 -0.00218621
29681 35833 35883 0.00168458
30225 35958 35835 -0.00406948
30335 34600 34404 -0.00646118
28541 34116 34304 0.00658702
29132 34948 35004 0.00192228
29728 34417 34247 -0.00571851
28353 34231 34169 -0.00218672
28831 34249 34242 -0.000242794
27776 33025 33081 0.00201613
28306 33627 33611 -0.000565251
29422 34507 34537 0.00101965
29084 34849 34818 -0.00106588
29733 35399 35639 0.00807184
30645 35248 35274 0.000848426
29777 35481 35277 -0.00685093
29154 34578 34758 0.00617411
29391 34737 34824 0.00296009
30857 35386 35459 0.00236575
28701 34926 35022 0.00334483
29908 35458 35446 -0.00040123
28995 34651 34657 0.000206932
29717 35211 35244 0.00111048
28066 34921 34867 -0.00192404
27308 34097 34025 -0.00263659
29795 35239 35138 -0.00338983
30395 35844 35754 -0.00296101
28422 34684 34679 -0.00017592
28522 34136 34222 0.00301522
29016 34528 34557 0.000999449
29158 34572 34430 -0.00487002
29273 35422 35455 0.00112732
28488 34029 34215 0.00652906
30399 35200 35313 0.00371723
29535 34517 34656 0.00470628
28475 34300 34210 -0.00316067
29479 34363 34099 -0.00895553
28201 34262 34216 -0.00163115
28872 34928 34886 -0.0014547
28884 34077 34301 0.00775516
28266 33724 33891 0.00590816
28771 34955 34972 0.000590873
28993 34221 33975 -0.00848481
28236 34812 34861 0.00173537
28053 33940 34005 0.00231704
29550 34463 34395 -0.00230118
29027 33866 33770 -0.00330727
29464 34630 34813 0.00621097
28546 34185 34398 0.00746164
28594 34515 34437 -0.00272785
28332 34319 34295 -0.000847099
28484 34211 34265 0.0018958
28755 35130 35066 -0.0022257
30174 35056 35387 0.0109697
29330 34561 34749 0.00640982
29321 34341 34478 0.00467242
28693 34986 35053 0.00233506
28785 34697 34624 -0.00253604
28806 34534 34463 -0.00246476
28918 35200 35246 0.0015907
28450 35008 35132 0.00435852
27441 34576 34500 -0.00276958
29690 34939 34910 -0.00097676
30268 34939 35020 0.00267609
28990 34753 34839 0.00296654
28621 34498 34789 0.0101674
28920 34173 34182 0.000311203
29655 34207 34124 -0.00279885
29296 34666 34866 0.00682687
28519 34335 34024 -0.010905
29018 34936 34847 -0.00306706
28467 34156 33859 -0.0104331
28846 34432 34525 0.00322402
29693 34466 34281 -0.00623042
29920 35165 35438 0.00912433
28037 34054 34054 0
28619 35145 35085 -0.00209651
29036 34655 34666 0.00037884
27740 33333 33339 0.000216294
29312 34806 34890 0.00286572
28608 34063 33924 -0.00485878
28789 34574 34593 0.000659974
29737 34329 34173 -0.00524599
