25223 30253 30189 -0.00253737
25019 30156 30072 -0.00335745
25921 30544 30504 -0.00154315
24867 30978 31036 0.00233241
25831 30804 30958 0.00596183
25192 30579 30647 0.00269927
27221 31179 31143 -0.00132251
25144 30398 30397 -3.97709e-05
24904 30331 30358 0.00108416
24677 30255 30003 -0.0102119
25464 30439 30323 -0.00455545
25121 30316 30284 -0.00127383
24182 29834 30075 0.00996609
25457 31360 31109 -0.00985976
25626 30463 30688 0.00878015
25224 30178 30412 0.00927688
26358 30868 30745 -0.00466651
25113 30638 30744 0.00422092
24607 30055 29617 -0.0177998
25096 30308 30329 0.000836787
25791 31420 31430 0.000387732
26023 30436 30608 0.00660954
25010 30217 30290 0.00291883
25265 30590 30727 0.00542252
24717 30437 30532 0.00384351
26074 30541 30736 0.00747871
24746 30501 30432 -0.00278833
26709 30683 31136 0.0169606
25522 30422 30501 0.00309537
26780 30728 30858 0.00485437
25786 31075 31080 0.000193904
24219 30343 30141 -0.00834056
25809 30464 30636 0.00666434
25542 30275 30094 -0.00708637
25135 30396 30423 0.0010742
23996 30150 30368 0.00908485
25275 30615 30559 -0.00221563
25402 31471 31496 0.000984174
25396 30633 30656 0.000905654
25609 30273 30336 0.00246007
26741 32127 32214 0.00325343
24529 30897 31048 0.00615598
25274 30740 30789 0.00193875
25250 30923 30591 -0.0131485
24616 30021 30300 0.0113341
25930 31548 31652 0.0040108
25573 30837 30822 -0.000586556
25127 30574 30612 0.00151232
25471 30914 31071 0.00616387
25550 30487 30508 0.000821918
25819 30244 30281 0.00143305
24542 30461 30570 0.00444137
25160 30043 29854 -0.00751192
25270 30521 30786 0.0104867
26203 30962 30758 -0.00778537
25853 30918 30999 0.0031331
25760 30982 31046 0.00248447
26057 30785 31165 0.0145834
25429 30177 30257 0.00314601
26026 30263 30275 0.000461077
24737 30660 30656 -0.000161701
24826 29923 29988 0.00261822
25368 30616 30639 0.000906654
26139 30863 31052 0.00723058
24309 29450 29298 -0.00625283
26381 30367 30367 0
26280 30246 30344 0.00372907
23737 30364 30418 0.00227493
24766 29877 29855 -0.000888315
25403 30291 30535 0.00960516
25623 30590 30584 -0.000234165
23917 30675 30673 -8.36225e-05
25293 31056 31054 -7.90733e-05
24460 30608 30622 0.000572363
24520 29807 29956 0.00607667
24973 30196 30135 -0.00244264
23757 30295 30156 -0.00585091
24846 30683 30614 -0.00277711
25114 31598 31440 -0.00629131
26100 31205 31200 -0.000191571
24790 29508 29547 0.00157322
25875 30547 30610 0.00243478
24273 29578 29693 0.00473777
24112 29826 30127 0.0124834
25425 30516 30560 0.00173058
26064 31005 30994 -0.000422038
24903 29313 29577 0.0106011
25636 31576 31568 -0.000312061
26528 31880 31844 -0.00135706
25181 31067 31214 0.00583773
26188 31648 31734 0.00328395
25548 30320 30474 0.00602787
25704 30825 31036 0.00820884
25169 30395 30467 0.00286066
25999 31345 31547 0.00776953
24881 29707 29775 0.00273301
25239 30056 29850 -0.00816197
24865 30758 30725 -0.00132717
25272 30813 30818 0.000197847
25261 29926 29956 0.0011876
25065 30980 30910 -0.00279274
25255 31315 31399 0.00332607
25938 30884 30798 -0.0033156
25616 30873 30860 -0.000507495
24402 30399 30389 -0.000409802
25584 30802 30879 0.00300969
25234 30095 30126 0.0012285
25005 30739 30496 -0.00971806
24977 30404 30487 0.00332306
25681 31229 31109 -0.00467272
25700 31121 31156 0.00136187
24366 30050 29819 -0.00948042
26002 30778 30892 0.00438428
24513 29929 29985 0.0022845
24521 29187 29140 -0.00191672
24956 30062 30009 -0.00212374
25591 29968 30076 0.00422023
25961 30639 30598 -0.00157929
25996 31327 31291 -0.00138483
25589 30126 30332 0.00805033
26167 30721 30756 0.00133756
25226 30761 30603 -0.00626338
24732 31094 31122 0.00113214
24657 29631 29599 -0.00129781
25587 31357 31455 0.00383007
25288 31595 31552 -0.00170041
24215 30267 30336 0.00284947
25204 31281 31321 0.00158705
24580 30469 30474 0.000203417
25219 31073 31089 0.000634442
25220 30527 30723 0.00777161
26113 31240 31259 0.000727607
25292 30484 30488 0.000158153
25784 30806 30911 0.00407229
25579 30868 30817 -0.00199382
25374 30574 30542 -0.00126113
25445 31072 31085 0.000510906
25693 31502 31453 -0.00190713
25913 30049 29847 -0.00779532
26040 31293 31322 0.00111367
24861 29707 29955 0.00997546
25087 30301 30196 -0.00418543
23943 29081 29254 0.00722549
25102 30182 29870 -0.0124293
25026 30094 30234 0.00559418
24852 30797 30668 -0.00519073
25882 30879 31064 0.00714782
24343 29656 29563 -0.0038204
26632 31568 31704 0.00510664
25251 29914 29876 -0.00150489
25039 30472 30571 0.00395383
25112 30024 30169 0.00577413
25073 30178 30045 -0.00530451
24970 30268 30193 -0.0030036
25187 30150 30187 0.00146901
25866 31050 31004 -0.0017784
24985 29675 29990 0.0126076
25057 30282 30285 0.000119727
25325 30719 30620 -0.00390918
24610 29847 29884 0.00150345
26314 31030 31049 0.000722049
24948 31179 30887 -0.0117043
25603 30593 30486 -0.0041792
26686 31359 31301 -0.00217342
25199 29977 29987 0.000396841
25745 30676 30687 0.000427267
24623 30577 30566 -0.000446737
25716 31077 31098 0.000816612
25180 30749 30634 -0.00456712
25369 31027 30819 -0.00819898
25596 30322 30317 -0.000195343
26106 30811 30835 0.000919329
24601 30331 29937 -0.0160156
25289 30367 30401 0.00134446
26131 30959 30981 0.000841912
25420 30719 30899 0.00708104
26206 30914 30919 0.000190796
25231 30245 30211 -0.00134755
24978 30281 30358 0.00308271
25776 30534 30564 0.00116387
25552 31271 31292 0.000821853
26012 30706 30703 -0.000115331
25975 30844 30682 -0.00623677
25842 30385 30342 -0.00166396
25837 31703 31552 -0.00584433
25968 31353 31398 0.0017329
24401 30312 30442 0.00532765
24723 29832 29866 0.00137524
25851 30758 30745 -0.000502882
26307 31339 31316 -0.000874292
25299 30340 30297 -0.00169967
24819 30967 30931 -0.0014505
25155 30519 30484 -0.00139137
26209 31160 31440 0.0106834
25324 30216 30056 -0.00631812
25371 30408 30396 -0.000472981
24519 30322 30348 0.0010604
24936 30246 30151 -0.00380975
25188 29829 29909 0.00317612
24788 30382 30458 0.003066
26947 31785 31845 0.00222659
26001 30713 30601 -0.00430753
25747 30833 30815 -0.000699111
25301 31400 31426 0.00102763
26225 30690 30725 0.0013346
24713 29596 29777 0.00732408
24920 30633 30521 -0.00449438
24700 30734 30761 0.00109312
25372 29893 29685 -0.00819801
25349 30628 30399 -0.00903389
24134 28796 28921 0.00517941
26212 31443 31540 0.0037006
25133 30710 30922 0.00843513
24543 30900 30870 -0.00122234
25216 30538 30613 0.0029743
25209 30211 30244 0.00130906
25988 30279 30178 -0.00388641
25947 30713 30640 -0.00281343
25531 30758 30615 -0.00560103
26246 30712 30847 0.00514364
25655 31366 31178 -0.00732801
25359 30353 30301 -0.00205055
26395 31744 31778 0.00128812
24399 28918 29024 0.00434444
25124 31322 31401 0.0031444
26071 30938 30928 -0.000383568
25383 30169 30357 0.00740653
25296 29920 29838 -0.00324162
24785 30607 30666 0.00238047
25336 30712 30712 0
25433 30798 30821 0.000904337
25537 30911 30811 -0.00391589
25726 30866 30826 -0.00155485
24818 30711 30613 -0.00394875
25589 30777 30716 -0.00238384
24917 29904 29895 -0.000361199
25809 30541 30616 0.00290596
24996 30198 30233 0.00140022
26043 30410 30252 -0.00606689
24578 30742 30833 0.0037025
25118 30207 30263 0.00222948
25195 30729 30522 -0.00821592
25051 29599 29544 -0.00219552
25306 30282 30326 0.00173872
25871 31183 31200 0.000657106
26934 31526 31527 3.71278e-05
24085 30135 30158 0.000954951
25498 29825 29804 -0.000823594
24948 29743 29607 -0.00545134
24293 29623 29632 0.000370477
25003 29997 29780 -0.00867896
25198 30483 30433 -0.00198428
25318 30450 30465 0.000592464
25341 29372 29192 -0.00710311
25373 30151 30138 -0.000512356
25446 30090 30138 0.00188635
25890 30736 30450 -0.0110467
25254 30414 30658 0.00966184
24196 30579 30282 -0.0122748
25457 30248 30405 0.00616726
25282 30378 30190 -0.00743612
25151 30394 30260 -0.00532782
25254 30322 30279 -0.0017027
24953 29500 29703 0.00813529
25726 31401 31463 0.00241001
25629 29995 29989 -0.00023411
25249 30314 30395 0.00320805
24672 30249 30451 0.00818742
25243 30182 30150 -0.00126768
25404 29633 29808 0.00688868
25205 31105 31098 -0.000277723
25134 30240 30332 0.00366038
25968 30354 30441 0.00335028
25919 30688 30722 0.00131178
25698 31506 31418 -0.00342439
24751 30846 30876 0.00121207
25391 30922 30795 -0.00500177
24757 30194 30194 0
25761 31310 31308 -7.76367e-05
25445 30848 30809 -0.00153272
25480 30716 30847 0.00514129
24164 30060 29997 -0.00260718
24916 29972 29767 -0.00822764
25047 30899 30922 0.000918274
25089 30033 30023 -0.000398581
25652 30882 30872 -0.000389833
24436 29856 29605 -0.0102717
26512 31364 31389 0.000942969
26066 30657 30689 0.00122765
26010 30533 30621 0.00338331
26120 30603 30466 -0.00524502
25159 30706 30537 -0.00671728
25087 29664 29805 0.00562044
25470 30456 30433 -0.000903023
25818 30673 30575 -0.0037958
25113 30585 30562 -0.00091586
25543 31413 31343 -0.00274048
24436 30264 30185 -0.00323294
25324 31022 31200 0.00702891
25535 30866 30980 0.00446446
24114 30002 29878 -0.00514224
25110 30845 30647 -0.0078853
25169 30213 30225 0.000476777
25933 31026 30827 -0.00767362
23997 29682 29713 0.00129183
23958 30717 30535 -0.00759663
25318 30698 30666 -0.00126392
25396 30514 30468 -0.00181131
24403 30442 30161 -0.011515
24910 29816 29632 -0.00738659
25709 31183 30837 -0.0134583
25307 29787 29560 -0.00896985
24949 29848 30250 0.0161129
25490 30445 30375 -0.00274617
25352 30223 30134 -0.00351057
25663 31239 31307 0.00264973
25188 30508 30682 0.00690805
23929 29617 29622 0.000208951
24928 30358 30223 -0.0054156
24222 29784 29890 0.00437619
25273 29542 29395 -0.00581648
24286 29318 29282 -0.00148234
25930 30660 30855 0.00752025
25007 30217 30321 0.00415884
24698 30262 30395 0.00538505
24176 30851 30745 -0.00438451
25417 30084 30244 0.006295
25269 30493 30361 -0.00522379
24934 30092 30105 0.000521376
25984 31141 31048 -0.00357913
24744 30168 30306 0.00557711
25344 30645 30491 -0.00607639
24680 29944 29974 0.00121556
24705 30668 30579 -0.00360251
24358 29823 29688 -0.00554233
24603 30691 30572 -0.00483681
24503 30134 30133 -4.08113e-05
26651 31286 31375 0.00333946
25112 29988 29793 -0.00776521
25947 31318 31193 -0.00481751
24969 30304 30519 0.00861068
25642 30382 30273 -0.00425084
25315 30417 30402 -0.000592534
25895 30440 30288 -0.00586986
25209 29822 30028 0.00817168
26389 30845 30805 -0.00151578
25637 31039 31107 0.00265242
26211 30520 30450 -0.00267063
25100 30137 30117 -0.000796813
25675 30170 30115 -0.00214216
25962 30984 30850 -0.00516139
25664 30595 30611 0.000623441
25047 30685 30509 -0.00702679
25362 30565 30714 0.00587493
25518 30331 30429 0.00384043
26167 31032 30946 -0.00328658
25147 30270 30241 -0.00115322
25507 31939 31803 -0.00533187
24463 29844 29933 0.00363815
24929 30309 30121 -0.00754142
25273 30110 30145 0.00138488
25641 30153 30096 -0.002223
26008 30942 30799 -0.00549831
25402 30949 30826 -0.00484214
25532 31199 30842 -0.0139825
24904 30670 30556 -0.00457758
25653 29845 29796 -0.00191011
26355 31217 31223 0.000227661
25811 30569 30371 -0.00767115
25155 30440 30647 0.00822898
26683 31267 31354 0.0032605
25420 30485 30471 -0.000550747
24537 30365 30343 -0.000896605
26058 31406 31276 -0.00498887
25719 31266 31191 -0.00291613
24833 30765 30623 -0.0057182
25326 30761 30684 -0.00304035
25929 30706 30618 -0.00339388
25176 30359 30308 -0.00202574
25176 30805 30747 -0.00230378
24564 30150 30304 0.00626934
25247 30545 30347 -0.00784252
26284 30679 30701 0.000837011
26334 31151 31005 -0.00554416
24693 30098 29966 -0.00534564
24515 30270 30270 0
24636 30072 30197 0.00507388
24658 30578 30612 0.00137886
25229 30434 30434 0
25878 31448 31442 -0.000231857
24638 30177 30178 4.05877e-05
26246 31328 31490 0.00617237
25531 30065 30109 0.0017234
26152 31703 31639 -0.00244723
26248 31083 31085 7.61963e-05
25124 30512 30642 0.00517434
25263 30890 30708 -0.00720421
24169 30524 30539 0.00062063
25673 30224 30421 0.00767343
25116 30497 30557 0.00238892
24845 30505 30463 -0.00169048
24247 29924 30071 0.00606261
25505 30196 30068 -0.00501862
25307 30468 30377 -0.00359584
25584 30197 30362 0.00644934
24110 30082 30007 -0.00311074
24709 30022 30004 -0.00072848
24382 30499 30256 -0.00996637
25814 31477 31760 0.010963
25622 30237 30358 0.0047225
24829 31052 31108 0.00225543
25162 29860 29849 -0.000437167
25091 30628 30597 -0.0012355
25853 30826 30724 -0.00394538
25054 29932 29850 -0.00327293
24634 30622 30580 -0.00170496
25994 31036 31066 0.00115411
25974 30033 30126 0.0035805
26362 31100 31110 0.000379334
24073 29557 29457 -0.00415403
25631 30683 30888 0.00799813
25363 31199 31076 -0.00484958
26294 31398 31493 0.00361299
25204 30307 30651 0.0136486
25235 30461 30760 0.0118486
24842 31309 31325 0.000644071
25670 30934 31076 0.00553175
25365 30622 30237 -0.0151784
24577 30785 30732 -0.00215649
26072 30562 30692 0.00498619
24959 30386 30473 0.00348572
26768 31605 31672 0.00250299
25791 31015 30942 -0.00283044
24617 29905 29883 -0.000893691
24673 29533 29479 -0.00218863
26117 30257 30547 0.0111039
25007 29779 29840 0.00243932
24640 30395 30284 -0.00450487
25271 30290 30245 -0.0017807
25849 31186 31173 -0.000502921
24842 30428 30453 0.00100636
24962 30132 29911 -0.00885346
25188 30193 30148 -0.00178657
24379 30108 30246 0.00566061
24386 29987 29895 -0.00377266
25630 30692 30647 -0.00175575
25552 30408 30572 0.00641828
24643 29804 29967 0.00661445
25086 30180 30264 0.00334848
25297 31100 31231 0.00517848
25325 30827 30964 0.00540967
25325 30392 30539 0.00580454
25072 30671 30883 0.00845565
25704 30729 30747 0.00070028
25086 31087 30850 -0.0094475
26136 31132 31104 -0.00107132
27061 31768 31806 0.00140423
25102 30345 30359 0.000557724
25200 30956 30958 7.93651e-05
26691 30777 30828 0.00191076
24098 30131 30235 0.00431571
25207 30514 30704 0.00753759
25771 31068 31010 -0.00225059
24855 30387 30377 -0.000402334
25568 30696 30799 0.00402847
26204 31503 31558 0.00209892
26690 31949 31815 -0.00502061
24535 30417 30491 0.0030161
24871 30673 30439 -0.00940855
26002 30460 30567 0.00411507
25627 31359 31347 -0.000468256
24969 30045 30189 0.00576715
24195 30311 30279 -0.00132259
26241 30726 30597 -0.00491597
24752 29613 29599 -0.000565611
26878 30964 31029 0.00241833
24514 30225 30272 0.00191727
24946 30319 30375 0.00224485
25798 30633 30755 0.00472905
24618 30371 30546 0.00710862
25883 31912 31823 -0.00343855
24467 29528 29470 -0.00237054
25437 30851 30804 -0.0018477
25068 30046 30073 0.00107707
24452 30631 30698 0.00274006
25307 30821 30750 -0.00280555
25534 30558 30615 0.00223232
26132 31201 31358 0.00600796
24032 29935 30224 0.0120256
25667 30654 30550 -0.0040519
24990 30740 30736 -0.000160064
24717 30698 30700 8.0916e-05
25168 30158 30180 0.000874126
25805 31033 30984 -0.00189886
25147 30061 30124 0.00250527
25624 30099 30144 0.00175617
24903 30193 30262 0.00277075
24971 30976 30754 -0.00889031
26133 30421 30249 -0.00658172
24821 30491 30436 -0.00221587
24628 29892 29912 0.000812084
25672 30719 30671 -0.00186974
25999 30381 30290 -0.00350013
25181 29329 29245 -0.00333585
23968 29825 29953 0.00534045
25809 30379 30345 -0.00131737
26912 30981 31033 0.00193222
25448 30281 30254 -0.00106099
25160 30844 30818 -0.00103339
25374 30499 30556 0.00224639
25262 29674 29795 0.0047898
25307 30777 30731 -0.00181768
25163 31318 31247 -0.0028216
25589 30857 30796 -0.00238384
25715 30767 30396 -0.0144274
25046 30866 30842 -0.000958237
25302 30934 30934 0
25843 31278 31229 -0.00189606
26154 31341 31327 -0.000535291
25777 30727 30999 0.010552
24324 29593 29583 -0.000411117
25908 30542 30765 0.00860738
25816 30340 30489 0.00577161
25362 30557 30559 7.88581e-05
24764 29436 29361 -0.00302859
23972 29531 29515 -0.000667445
24664 30492 30545 0.00214888
25063 30358 30048 -0.0123688
24414 30276 30107 -0.00692226
25198 30635 30767 0.00523851
25499 30554 30562 0.000313738
26052 30222 30125 -0.00372332
25815 31383 31474 0.00352508
24636 29602 29621 0.000771229
24804 29933 29824 -0.00439445
26104 31022 30811 -0.00808305
25242 31117 31082 -0.00138658
25524 30853 30813 -0.00156715
24526 29576 29442 -0.00546359
25380 30664 30498 -0.00654058
26503 31143 31156 0.000490511
25109 29557 29674 0.00465968
25051 30068 30136 0.00271446
25703 30301 29943 -0.0139283
24162 30392 30569 0.00732555
24982 30336 30363 0.00108078
25572 30672 30785 0.0044189
25794 30646 30666 0.000775374
26485 31442 31487 0.00169907
25024 30904 30892 -0.00047954
25208 30622 30774 0.00602983
25894 30421 30295 -0.00486599
25208 30342 30251 -0.00360997
25539 30734 30613 -0.00473785
24751 30162 30265 0.00416145
24846 30318 30318 0
27084 31763 31635 -0.00472604
24655 30076 30113 0.00150071
25023 29955 29637 -0.0127083
25432 30329 30411 0.00322428
23892 29537 29545 0.00033484
24654 30508 30547 0.00158189
26428 31062 31037 -0.000945966
25069 30401 30352 -0.00195461
25956 30792 30839 0.00181076
24750 30174 30234 0.00242424
25462 30260 30283 0.000903307
26194 31020 31041 0.00080171
24687 29874 30189 0.0127598
25120 30279 30469 0.00756369
26053 30793 30951 0.00606456
25909 31195 31142 -0.00204562
26076 30514 30448 -0.00253106
25011 30537 31038 0.0200312
25717 30630 30738 0.00419956
26625 30997 31014 0.000638498
24324 30501 30385 -0.00476895
24797 29781 29867 0.00346816
25112 30802 30863 0.00242912
24745 30390 30466 0.00307133
25244 30186 30022 -0.00649659
25872 30112 30191 0.00305349
26237 31253 31311 0.00221062
24312 29384 29664 0.0115169
25180 31078 31075 -0.000119142
25034 31209 31066 -0.00571223
24627 30239 30207 -0.00129939
24464 29914 29814 -0.00408764
24416 30582 30404 -0.0072903
25280 30144 30152 0.000316456
27181 32065 32038 -0.000993341
25650 30372 30318 -0.00210526
24275 29828 29847 0.000782698
24829 29640 29620 -0.00080551
26398 31138 31323 0.00700811
24283 29823 29779 -0.00181197
24279 29534 29498 -0.00148276
25958 30728 30496 -0.00893751
24686 30075 30128 0.00214697
25672 30758 30750 -0.000311624
24770 29432 29382 -0.00201857
25536 30310 30392 0.00321115
25539 30253 30308 0.00215357
25278 30876 30774 -0.00403513
25562 30496 30386 -0.00430326
25110 30701 30701 0
25919 31128 31134 0.00023149
25804 30888 30831 -0.00220896
24268 30094 30033 -0.0025136
25540 30691 30759 0.00266249
25214 30660 30771 0.00440232
24554 30215 30256 0.00166979
24251 30390 30164 -0.0093192
25261 30591 30603 0.000475041
26187 30451 30227 -0.00855386
25583 30167 30026 -0.00551147
25044 31074 30924 -0.00598946
24818 30153 30173 0.000805867
24948 30151 29933 -0.00873818
24730 30733 30401 -0.013425
26155 30512 30580 0.00259989
25000 29721 29734 0.00052
26097 30843 30855 0.000459823
25126 30340 30438 0.00390034
23873 29597 29825 0.00955054
25177 29963 30026 0.00250228
25529 30436 30428 -0.000313369
25118 30194 30266 0.00286647
24914 30615 30710 0.00381312
25936 30689 30693 0.000154226
25237 30395 30387 -0.000316995
25726 30859 31078 0.00851279
25800 31158 31054 -0.00403101
24876 30686 30654 -0.00128638
27042 31103 31101 -7.3959e-05
25136 30558 30517 -0.00163113
25133 30254 30352 0.00389926
24886 30220 30260 0.00160733
25591 29940 29958 0.000703372
25866 30781 30424 -0.0138019
24970 29896 29823 -0.00292351
25534 29906 30156 0.00979087
25069 30428 30504 0.00303163
26316 30498 30498 0
25022 30844 30740 -0.00415634
25234 30437 30412 -0.000990727
25548 30117 30092 -0.00097855
25424 31393 31596 0.00798458
25918 31213 31143 -0.00270083
24671 30252 30308 0.00226987
25048 30830 30808 -0.000878314
25143 29947 29864 -0.00330112
24733 30849 30824 -0.0010108
25546 30990 30741 -0.00974712
26055 31510 31668 0.0060641
26507 30722 30742 0.000754518
26467 31200 31300 0.00377829
26687 31353 31278 -0.00281036
25038 31065 31154 0.0035546
24617 30022 30055 0.00134054
25525 30714 30676 -0.00148874
25155 30797 30830 0.00131187
24395 30571 30592 0.000860832
25047 30797 30805 0.0003194
25079 30753 30666 -0.00346904
25362 30560 30519 -0.00161659
25066 30561 30579 0.000718104
24579 30123 30109 -0.000569592
23856 30118 30281 0.00683266
25996 30046 30358 0.0120018
24861 30763 30710 -0.00213185
25608 30950 30943 -0.000273352
25365 31124 31368 0.00961955
25219 30841 30724 -0.00463936
25367 31263 31271 0.00031537
25964 31433 31534 0.00389
26347 31017 30914 -0.00390936
24614 29696 29763 0.00272203
25692 30802 30662 -0.00544917
24997 30203 30154 -0.00196024
26389 30799 30896 0.00367577
25434 30919 30934 0.000589762
25299 30464 30409 -0.002174
25261 31063 31072 0.00035628
25204 30838 30856 0.000714172
25102 30511 30183 -0.0130667
25059 30973 30845 -0.00510795
25169 30844 30774 -0.0027812
25822 30345 30479 0.00518937
26522 31026 31234 0.00784255
24234 29978 29827 -0.00623092
25802 30771 31022 0.00972793
25830 31153 31196 0.00166473
25414 30780 30736 -0.00173133
27023 31476 31436 -0.00148022
25675 31971 31840 -0.00510224
25268 31154 31208 0.00213709
26244 30861 30925 0.00243865
25418 30258 30369 0.00436698
24633 29833 29892 0.00239516
25016 30641 30633 -0.000319795
25347 30382 30384 7.89048e-05
24449 30706 30691 -0.000613522
24895 31053 31106 0.00212894
25289 30171 30198 0.00106766
24699 30107 30106 -4.04875e-05
26454 30956 31076 0.00453618
24416 30017 29995 -0.000901048
25137 30530 30624 0.00373951
26165 30219 30229 0.00038219
25450 30052 29968 -0.00330059
25530 31004 31155 0.00591461
25727 30544 30539 -0.000194348
25421 30432 30324 -0.00424846
25222 30916 30876 -0.00158592
26176 30941 31015 0.00282702
25331 30931 30797 -0.00528996
25957 30699 30682 -0.000654929
25417 31314 31276 -0.00149506
25843 30369 30312 -0.00220563
25500 30546 30536 -0.000392157
24667 29834 29921 0.00352698
25133 31079 31035 -0.00175069
26752 31268 31172 -0.00358852
25095 29654 29911 0.0102411
24328 30454 30354 -0.00411049
25303 31572 31673 0.00399162
26228 30737 30697 -0.00152509
24017 30359 30389 0.00124912
25474 30465 30531 0.00259088
25800 30969 30868 -0.00391473
26549 30752 31036 0.0106972
26353 31340 31328 -0.000455356
25657 30756 30579 -0.0068987
25034 30394 30320 -0.00295598
25266 30258 30268 0.000395789
25070 29790 30048 0.0102912
26257 31145 31105 -0.0015234
24961 29960 29802 -0.00632987
26689 30668 30420 -0.00929222
25265 30334 30398 0.00253315
25013 30629 30600 -0.0011594
25978 30345 30676 0.0127416
24376 30339 30312 -0.00110765
26009 30547 30620 0.00280672
24549 30300 29991 -0.0125871
24029 29725 29692 -0.00137334
26678 30777 31006 0.00858385
23857 29607 29550 -0.00238924
26892 31260 31143 -0.00435074
25918 31484 31593 0.00420557
26529 31195 31122 -0.00275171
24776 29985 30128 0.00577171
25523 30577 30651 0.00289935
25898 31097 31098 3.8613e-05
24821 30198 30098 -0.00402885
25033 30101 29931 -0.00679104
25631 30437 30476 0.00152159
25392 30727 30615 -0.00441084
24382 30147 30160 0.00053318
25171 30838 30940 0.00405228
24817 29673 29656 -0.000685014
24593 30408 30385 -0.000935225
24925 30440 30482 0.00168506
25191 30678 30687 0.00035727
25346 30246 30208 -0.00149925
25267 31235 31129 -0.0041952
25158 30115 29927 -0.00747277
24929 30191 30138 -0.00212604
26165 31211 31191 -0.00076438
25835 31490 31497 0.00027095
25380 30878 30883 0.000197006
25200 30864 30652 -0.0084127
24494 29551 29583 0.00130644
25290 30651 30587 -0.00253064
25452 30615 30630 0.000589345
24944 30894 30793 -0.00404907
26122 31086 31185 0.00378991
24676 30309 30220 -0.00360674
24248 29755 29788 0.00136094
24505 29466 29607 0.00575393
24842 30511 30535 0.000966106
25758 30560 30413 -0.00570696
25145 30785 30887 0.00405647
26073 29721 29851 0.004986
24843 30044 30077 0.00132834
24313 29557 29665 0.00444207
24283 29939 30021 0.00337685
25302 30427 30254 -0.0068374
24618 30714 30727 0.000528069
24763 29860 30081 0.00892461
25322 30019 29951 -0.00268541
25208 30831 30710 -0.00480006
25566 30598 30465 -0.00520222
25511 30866 30850 -0.00062718
25240 30615 30676 0.0024168
25914 30666 30602 -0.00246971
24198 30281 30275 -0.000247954
26338 30630 30533 -0.00368289
25549 30258 30189 -0.00270069
25273 29580 29487 -0.00367982
25789 30835 30932 0.00376129
24870 30003 30196 0.00776035
27658 31182 31168 -0.000506183
25076 30894 30834 -0.00239273
26792 31202 31023 -0.0066811
25317 30029 29967 -0.00244895
23839 30283 30312 0.00121649
24949 31104 30985 -0.00476973
25648 30296 30265 -0.00120867
24902 29969 30097 0.00514015
25743 32006 32003 -0.000116537
25615 30638 30652 0.000546555
24874 30589 30565 -0.000964863
26310 31098 31129 0.00117826
25409 30379 30254 -0.00491952
23898 29922 30149 0.0094987
24191 30402 30302 -0.00413377
25616 30674 30675 3.90381e-05
25543 31326 31218 -0.00422816
25005 29834 29834 0
25286 30989 31161 0.00680218
25599 31081 31235 0.00601586
26290 31080 31145 0.00247242
25375 30048 30042 -0.000236453
25452 29729 29775 0.00180732
25710 30343 30245 -0.00381175
24751 30314 30221 -0.00375742
25583 30726 30875 0.00582418
25444 30054 29969 -0.00334067
25436 30763 30721 -0.0016512
25983 30211 30336 0.00481084
25997 30822 30748 -0.00284648
25930 30555 30594 0.00150405
25348 31353 31295 -0.00228815
25214 30455 30417 -0.0015071
26067 31215 31399 0.00705873
25179 30246 30156 -0.00357441
25855 31058 30986 -0.00278476
25242 30719 30567 -0.00602171
25109 29950 29844 -0.00422159
25724 31247 31100 -0.00571451
25052 30368 30400 0.00127734
25010 29900 29906 0.000239904
24852 30664 30675 0.00044262
25232 29821 29833 0.000475587
25698 30431 30251 -0.00700444
25650 30562 30606 0.0017154
25582 30734 30806 0.00281448
25088 30172 30313 0.00562022
25410 30615 30440 -0.00688705
25712 30427 30334 -0.00361699
25505 30577 30581 0.000156832
24786 30455 30449 -0.000242072
25210 30736 30576 -0.00634669
25170 30471 30549 0.00309893
25539 30957 31055 0.00383727
25342 30501 30721 0.00868124
25041 29906 29870 -0.00143764
25044 30589 30529 -0.00239578
25793 30551 30496 -0.00213236
24935 30523 30407 -0.0046521
24683 30140 30178 0.00153952
25236 30098 30174 0.00301157
25174 30484 30452 -0.00127115
25000 30296 30128 -0.00672
25601 31087 31042 -0.00175774
23556 30101 30040 -0.00258957
25096 30266 30318 0.00207204
24963 30502 30672 0.00681008
24453 29851 29670 -0.00740195
24879 31031 30992 -0.00156759
24484 29895 29926 0.00126613
25460 30714 30656 -0.00227808
25235 30886 30854 -0.00126808
25837 31192 31167 -0.000967605
25650 30538 30471 -0.00261209
25392 30606 30572 -0.001339
25921 31161 31292 0.00505382
25042 31121 31134 0.000519128
25331 29914 29952 0.00150014
25705 30489 30555 0.00256759
25098 30982 31074 0.00366563
24892 29583 29557 -0.00104451
25971 29972 29987 0.000577567
26811 30698 30669 -0.00108165
25288 30502 30701 0.00786935
25094 30361 30482 0.00482187
24814 30722 30474 -0.00999436
25349 30913 30772 -0.00556235
25514 30087 30144 0.00223407
25219 30469 30392 -0.00305325
24435 30402 30281 -0.00495191
25093 30763 30944 0.00721317
24510 29065 29132 0.00273358
25606 31023 30975 -0.00187456
24958 31299 31404 0.00420707
26781 31253 31372 0.00444345
25004 30139 29974 -0.00659894
24435 30050 30119 0.00282382
25752 31857 31778 -0.00306772
24969 29763 29699 -0.00256318
25576 29857 29989 0.00516109
25328 31420 31263 -0.00619867
25511 30471 30373 -0.00384148
24801 30349 30364 0.000604814
25412 31077 31056 -0.000826381
25582 31197 31165 -0.00125088
25753 30490 30501 0.000427135
25009 29923 30073 0.00599784
25328 30779 30742 -0.00146083
25790 30538 30776 0.00922838
25048 30886 31009 0.00491057
25282 30376 30120 -0.0101258
24691 30420 30427 0.000283504
26119 31159 31073 -0.00329262
25511 30654 30626 -0.00109757
25222 30493 30231 -0.0103878
25870 31396 31367 -0.00112099
26431 31801 31627 -0.00658318
26301 30695 30704 0.000342192
24825 30108 30238 0.00523666
25518 31161 31079 -0.00321342
25977 30663 30684 0.000808407
25142 30486 30408 -0.00310238
25416 30106 30397 0.0114495
24138 29347 29207 -0.00579998
24656 30274 30239 -0.00141953
25712 30449 30546 0.00377256
25488 30453 30594 0.00553202
25820 31143 31060 -0.00321456
26599 31173 30854 -0.0119929
26028 30883 30763 -0.00461042
25426 30495 30403 -0.00361834
25566 30352 30302 -0.00195572
26992 31224 31125 -0.00366775
25300 30956 30876 -0.00316206
25964 30974 31038 0.00246495
25821 30377 30627 0.00968204
26373 31512 31503 -0.000341258
24140 30604 30747 0.00592378
24109 30498 30279 -0.00908374
25947 31603 31691 0.00339153
26218 31016 31248 0.00884888
25042 30912 30775 -0.00547081
25322 30207 30556 0.0137825
25504 30386 30506 0.00470514
25289 30007 30135 0.00506149
25553 31571 31520 -0.00199585
24770 30450 30483 0.00133226
26316 31040 31149 0.00414197
25805 30528 30501 -0.00104631
24818 30265 30308 0.00173261
26063 30474 30389 -0.00326133
24779 30566 30444 -0.00492352
25418 30738 30813 0.00295066
25394 30024 30147 0.00484366
24870 29965 29922 -0.00172899
25362 30832 30859 0.00106458
25305 30006 30116 0.00434697
24981 30807 30727 -0.00320243
24515 29776 29748 -0.00114216
26066 30746 30628 -0.00452697
25530 30080 30340 0.0101841
25689 30324 30314 -0.000389272
24574 30319 30365 0.0018719
24971 30357 30286 -0.0028433
24909 30480 30386 -0.00377374
25117 29792 29712 -0.00318509
24771 30730 30756 0.00104961
26220 31216 31148 -0.00259344
25378 30587 30668 0.00319174
25508 30491 30523 0.00125451
25090 30917 30735 -0.00725389
25123 30524 30545 0.000835887
24970 30340 30354 0.000560673
25605 31411 31428 0.000663933
24342 30636 30667 0.00127352
24002 30575 30609 0.00141655
25899 30970 30952 -0.000695008
26563 31270 31244 -0.000978805
25601 30805 30734 -0.00277333
25115 30662 30686 0.000955604
25596 30363 30210 -0.0059775
26004 29970 30044 0.00284572
25357 30802 30751 -0.00201128
25335 30498 30766 0.0105783
25447 30863 30888 0.000982434
25228 29984 29846 -0.00547011
25580 30729 30777 0.00187647
26111 30757 30466 -0.0111447
26276 31292 31361 0.00262597
24494 30056 30043 -0.000530742
24979 31107 31071 -0.00144121
25202 30616 30531 -0.00337275
23906 29105 29158 0.00221702
25493 30717 30661 -0.00219668
24922 29905 29760 -0.00581815
25125 30778 30799 0.000835821
26041 30346 30133 -0.00817941
