18003 22440 22491 0.00283286
17747 21990 21871 -0.00670536
18951 22522 22635 0.00596275
17677 22944 23016 0.00407309
18491 22565 22514 -0.0027581
17720 22176 22169 -0.000395034
19055 22558 22705 0.00771451
18149 22643 22519 -0.00683233
17750 22296 22283 -0.000732394
17666 22152 21828 -0.0183403
18288 22472 22538 0.00360892
17885 22473 22543 0.00391389
17673 22045 22127 0.00463985
18516 23262 23217 -0.00243033
18908 22641 22647 0.000317326
17553 22017 21863 -0.00877343
18445 22368 22400 0.00173489
17604 22554 22684 0.00738469
18120 22443 22335 -0.00596026
18191 22201 22232 0.00170414
18589 22908 23046 0.00742375
18087 22234 22276 0.00232211
17746 22322 22268 -0.00304294
17700 22165 22178 0.000734463
17813 22252 22331 0.00443496
18942 22338 22343 0.000263964
17508 22393 22393 0
19117 22764 22832 0.00355704
17894 22263 22253 -0.000558847
19232 22488 22651 0.00847546
18343 22556 22571 0.000817751
17554 22337 22363 0.00148114
18727 22706 22536 -0.0090778
18555 22234 22214 -0.00107788
17736 22114 22081 -0.00186062
17372 22193 22286 0.00535344
17807 22269 22383 0.00640198
17972 22986 22906 -0.00445137
18087 22619 22718 0.00547354
19138 22682 22758 0.00397116
18782 22799 22735 -0.00340752
17165 22756 22856 0.00582581
18031 22551 22474 -0.00427042
18423 22721 22833 0.00607936
17273 21723 22049 0.0188734
18658 23460 23424 -0.00192947
18677 22916 22599 -0.0169727
17966 22307 22420 0.00628966
17654 22169 22073 -0.00543786
17835 21981 22183 0.011326
17831 21685 21891 0.0115529
17639 22176 22149 -0.0015307
18267 21810 21804 -0.000328461
17943 22446 22546 0.0055732
18833 22546 22507 -0.00207083
18449 22335 22450 0.0062334
18164 22510 22516 0.000330324
18880 22939 22771 -0.00889831
18207 22443 22405 -0.00208711
17708 21926 21886 -0.00225887
17736 22228 22358 0.00732972
17874 22355 22203 -0.00850397
18812 23120 23304 0.00978099
19206 23159 22999 -0.00833073
17400 21502 21448 -0.00310345
18679 22196 22189 -0.000374752
18463 21916 21823 -0.0050371
17490 22627 22732 0.00600343
17644 21849 21852 0.000170029
17635 22330 22182 -0.0083924
17736 21760 21956 0.011051
16585 22036 22159 0.00741634
18425 22661 22996 0.0181818
17969 22795 22794 -5.56514e-05
17709 21993 22064 0.00400926
17487 21394 21457 0.00360268
17172 21840 21868 0.00163056
18060 22289 22335 0.00254707
17797 22546 22507 -0.00219138
18553 23098 22918 -0.00970193
17678 21417 21302 -0.00650526
18445 22187 22307 0.00650583
17453 21887 22097 0.0120323
17083 22139 22074 -0.00380495
18080 22061 22302 0.0133296
18589 22529 22573 0.00236699
18165 21966 22045 0.00434902
18273 23185 23041 -0.00788048
19308 23578 23605 0.00139838
18207 22747 22810 0.00346021
18886 22933 23213 0.0148258
18695 22304 22445 0.00754212
18084 22672 22701 0.00160363
17913 22239 22284 0.00251214
18502 22988 23039 0.00275646
17633 21656 21804 0.00839335
18600 22022 22104 0.0044086
18055 22686 22673 -0.000720022
18007 22594 22601 0.000388738
17904 21712 21727 0.000837802
17938 22612 22612 0
17811 22980 23003 0.00129134
18271 22983 22808 -0.00957802
18016 22069 22052 -0.000943606
16786 22490 22399 -0.00542118
18409 23091 23010 -0.00440002
18113 22104 22144 0.00220836
17667 22202 22092 -0.0062263
17713 22022 22062 0.00225823
18692 23168 23127 -0.00219345
18136 22832 22748 -0.00463167
17746 21967 22006 0.00219768
18291 22523 22491 -0.00174949
17491 22102 22154 0.00297296
17660 21267 21263 -0.000226501
17781 22044 22047 0.000168719
18833 22094 22155 0.003239
18734 22615 22500 -0.00613857
18918 23281 23329 0.00253727
18242 22037 22068 0.00169938
18988 22472 22631 0.00837371
18202 22442 22575 0.00730689
17565 22716 22715 -5.69314e-05
17897 21528 21618 0.00502878
18358 23022 22977 -0.00245125
17754 22601 22470 -0.00737862
16937 21784 21753 -0.00183031
17769 22639 22422 -0.0122123
17378 22366 22319 -0.00270457
18130 22589 22923 0.0184225
17775 22906 22777 -0.00725738
18947 23258 23180 -0.00411675
17508 22207 22121 -0.00491204
18226 22602 22642 0.00219467
18861 22943 22936 -0.000371136
18412 22760 22761 5.43124e-05
18074 22847 22873 0.00143853
18520 23087 23268 0.00977322
18098 21872 21842 -0.00165764
18570 22215 22196 -0.00102316
17722 22017 22005 -0.000677124
17792 22424 22466 0.00236061
17048 21077 21282 0.0120249
18042 22354 22214 -0.00775967
17812 22034 22159 0.00701774
18010 22584 22437 -0.00816213
18050 22639 22572 -0.00371191
17687 22170 22048 -0.00689772
18863 23217 23167 -0.00265069
18268 21948 21893 -0.00301073
18599 22426 22675 0.0133878
17536 21969 21912 -0.00325046
18088 22429 22256 -0.00956435
18095 22347 22333 -0.000773694
18068 22495 22495 0
18391 22526 22644 0.00641618
17465 21834 21856 0.00125966
18113 22591 22593 0.000110418
18192 22737 22770 0.00181398
18014 22300 22251 -0.00272011
18970 22695 22683 -0.000632578
17734 22523 22686 0.00919138
18467 22148 22255 0.00579412
19274 22655 22799 0.0074712
18074 22096 22097 5.53281e-05
18417 22253 22193 -0.00325786
17882 22237 22402 0.00922716
18185 22612 22644 0.00175969
17866 22172 22413 0.0134893
18087 22759 22928 0.00934373
17776 22056 22042 -0.000787579
18508 22331 22231 -0.00540307
17810 22214 22225 0.000617631
17875 22361 22414 0.00296503
18490 22779 22835 0.00302866
17980 22676 22620 -0.00311457
19073 22897 22929 0.00167776
17451 22210 22038 -0.00985617
17836 22295 22314 0.00106526
18281 22702 22917 0.0117608
18413 22956 23030 0.0040189
18505 22175 21940 -0.0126993
19135 22460 22470 0.000522603
18207 22393 22479 0.00472346
17754 22855 22816 -0.00219669
18349 23003 23088 0.00463241
17357 21980 21975 -0.000288068
17396 21670 21576 -0.00540354
18373 22502 22424 -0.00424536
18851 22560 22469 -0.00482733
17552 21874 21795 -0.00450091
17853 22874 22694 -0.0100823
18311 22397 22505 0.00589809
18210 22747 22679 -0.00373421
18416 22445 22469 0.00130321
17852 21718 21746 0.00156845
17747 22664 22695 0.00174677
18288 22042 22150 0.00590551
18327 21726 21801 0.00409232
17642 22483 22509 0.00147376
19616 23920 24013 0.00474103
18465 22639 22468 -0.00926076
18687 22039 22024 -0.000802697
18231 23239 23170 -0.00378476
18834 22776 22940 0.00870766
17653 22011 22014 0.000169943
17757 22596 22594 -0.000112632
17646 22610 22563 -0.00266349
17873 22040 22018 -0.00123091
17881 22548 22395 -0.00855657
17163 21338 21461 0.00716658
18418 22962 23031 0.00374634
18450 22510 22549 0.00211382
17136 22585 22556 -0.00169234
18014 22362 22354 -0.000444099
18098 22341 22430 0.00491767
18464 22205 22343 0.007474
18443 22560 22578 0.00097598
18063 22101 22259 0.00874716
18933 22416 22393 -0.00121481
18636 23127 23171 0.00236102
18110 21783 21898 0.00635008
18654 22873 22973 0.00536078
17828 21734 21849 0.00645053
18601 23458 23404 -0.00290307
18527 22647 22715 0.00367032
18324 22755 22815 0.00327439
18062 21922 22004 0.00453992
17976 22553 22368 -0.0102915
17859 22383 22428 0.00251974
18342 22919 22830 -0.00485225
18235 22182 22316 0.00734851
18499 22763 22760 -0.000162171
17503 22190 22265 0.00428498
17957 22246 22175 -0.00395389
17279 21423 21536 0.00653973
18534 22414 22394 -0.0010791
17525 22137 22274 0.0078174
18249 22392 22338 -0.00295907
17253 22365 22252 -0.00654959
18055 22031 22087 0.00310163
17483 21991 22076 0.00486187
17964 21671 21708 0.00205967
18183 21839 21894 0.0030248
19158 22813 22702 -0.00579392
19516 23445 23408 -0.00189588
17151 22040 22029 -0.000641362
18028 21617 21494 -0.00682272
18120 22212 22107 -0.0057947
17562 22263 22237 -0.00148047
17396 21611 21548 -0.00362152
18354 22227 22172 -0.00299662
18084 22447 22510 0.00348374
18076 21526 21589 0.00348528
17784 21913 21938 0.00140576
18017 21836 21905 0.00382972
18860 22238 22311 0.00387063
17947 22249 22276 0.00150443
17325 22304 22228 -0.00438672
18175 22098 22109 0.000605227
17652 21885 21952 0.0037956
18173 22253 22352 0.00544764
18151 22716 22693 -0.00126715
18018 22125 22135 0.000555001
18389 22808 23006 0.0107673
18460 22207 22290 0.00449621
17420 21971 22063 0.00528129
17743 22640 22746 0.00597419
18340 22222 22374 0.0082879
18222 21755 21825 0.00384151
17976 22743 22861 0.00656431
17653 21587 21638 0.00288903
18169 21887 21804 -0.00456822
18569 22645 22626 -0.00102321
18733 22964 22960 -0.000213527
17597 22647 22610 -0.00210263
18135 23159 23188 0.00159912
17477 20888 21127 0.0136751
18271 22590 22538 -0.00284604
18314 22546 22552 0.000327618
18035 22588 22803 0.0119213
17091 21705 21626 -0.00462232
17614 21793 21690 -0.00584762
18272 22993 23064 0.00388573
18147 22114 21984 -0.00716372
18446 22434 22384 -0.00271061
17190 21355 21433 0.00453752
18690 23304 23365 0.00326378
18786 22479 22713 0.0124561
18350 22285 22291 0.000326975
18791 22431 22334 -0.00516205
17774 22125 22065 -0.00337572
18059 22380 22406 0.00143973
18371 22304 22271 -0.00179631
18669 22660 22595 -0.00348171
17668 21967 22136 0.00956532
18670 23058 23241 0.00980182
17642 22327 22460 0.00753883
18412 22945 22833 -0.00608299
18131 22459 22484 0.00137885
16967 21759 21830 0.00418459
18352 22711 22841 0.0070837
17790 22076 21917 -0.00893761
18349 22898 22832 -0.00359693
17129 21587 21635 0.00280227
17475 22216 22098 -0.0067525
18614 22938 22891 -0.00252498
18210 22222 22125 -0.00532674
17440 22413 22361 -0.00298165
17798 22125 22222 0.00545005
18177 22346 22299 -0.00258569
17730 21659 21716 0.00321489
18011 21680 21906 0.0125479
17949 22129 22112 -0.000947128
18250 22467 22237 -0.0126027
18645 23365 23385 0.00107267
18455 22825 23016 0.0103495
16996 21923 21857 -0.00388327
17840 21819 21905 0.00482063
16675 21634 21503 -0.00785607
17624 21829 21793 -0.00204267
17801 21277 21326 0.00275265
18350 22361 22249 -0.00610354
17565 22674 22480 -0.0110447
17923 22608 22618 0.000557942
17395 22601 22652 0.00293188
18515 22477 22464 -0.000702133
17989 22357 22347 -0.000555895
17188 21758 21950 0.0111706
18708 22759 22633 -0.00673509
17694 21692 21624 -0.00384311
17980 22102 22064 -0.00211346
17602 22022 22155 0.00755596
17635 22532 22563 0.00175787
17527 21911 21763 -0.00844411
17744 22331 22541 0.011835
17763 22052 21978 -0.00416596
18775 22831 23063 0.0123569
18011 21706 21785 0.00438621
18173 22925 22825 -0.00550267
17393 21997 22061 0.00367964
18174 22236 22461 0.0123803
17998 22456 22445 -0.000611179
18255 22397 22332 -0.00356067
17890 21898 21833 -0.00363331
18760 22728 22550 -0.00948827
18415 22606 22548 -0.00314961
18920 22304 22222 -0.00433404
17824 22199 22176 -0.00129039
17719 21350 21389 0.00220103
18894 23434 23553 0.0062983
18329 22342 22385 0.00234601
17683 22465 22267 -0.0111972
18257 22348 22202 -0.00799693
17787 22037 21919 -0.00663406
18773 22192 22304 0.00596602
17853 21837 21756 -0.00453705
17802 22763 22638 -0.00702168
17446 21953 22027 0.00424166
18193 22262 22335 0.00401253
17871 21904 21675 -0.0128141
18692 22785 22884 0.00529638
18377 22679 22640 -0.00212222
18384 22702 22694 -0.000435161
18944 23512 23532 0.00105574
17616 22568 22453 -0.00652816
18429 21701 21640 -0.00331
18724 22832 22820 -0.000640889
18382 22427 22501 0.00402568
18464 22763 22744 -0.00102903
19255 22965 23078 0.00586861
18424 22096 22103 0.000379939
17331 22030 21784 -0.0141942
18513 23076 23120 0.00237671
17889 22765 22593 -0.00961485
17786 22366 22394 0.00157427
18136 22420 22573 0.00843626
18215 22502 22551 0.00269009
18171 22402 22367 -0.00192615
17889 22718 22898 0.010062
17030 21802 21699 -0.00604815
18315 22342 22434 0.00502321
18602 22081 22262 0.00973014
19326 22965 23041 0.00393253
17386 21993 21882 -0.00638445
17524 22360 22418 0.00330975
17847 22533 22587 0.00302572
17531 22538 22579 0.00233871
18155 22365 22379 0.000771137
18411 23021 23034 0.0007061
17657 22469 22321 -0.00838194
18410 22617 22764 0.00798479
18220 21932 21870 -0.00340285
18713 22623 22652 0.00154972
18556 22106 22243 0.00738306
18323 22572 22653 0.00442067
17798 22097 22126 0.0016294
17111 22553 22555 0.000116884
18618 22157 22135 -0.00118165
18009 22371 22253 -0.00655228
17363 22251 22217 -0.00195819
17528 22101 22041 -0.00342309
18485 22225 22122 -0.00557209
17348 21535 21406 -0.00743602
17826 22389 22081 -0.0172781
16955 21679 21613 -0.00389266
17858 22268 22458 0.0106395
17054 21944 21912 -0.00187639
18708 23382 23315 -0.00358136
17909 22113 22133 0.00111676
17521 22807 22620 -0.0106729
18070 22420 22481 0.00337576
17787 22371 22471 0.00562208
18825 22841 22883 0.00223108
18234 22321 22143 -0.00976198
17731 21971 22145 0.00981332
18844 22909 22806 -0.00546593
18280 21928 21905 -0.00125821
18706 22769 22551 -0.011654
17566 21844 21806 -0.00216327
18630 22688 22573 -0.00617284
17539 22293 22472 0.0102058
18415 22800 22766 -0.00184632
18511 22688 22852 0.0088596
18225 22450 22457 0.000384088
17284 22833 22826 -0.000404999
18904 22987 23035 0.00253915
18251 22489 22513 0.001315
17432 22457 22478 0.00120468
18798 22640 22733 0.00494733
18003 22644 22611 -0.00183303
19342 23437 23498 0.00315376
18581 22695 22763 0.00365965
17146 21989 21994 0.000291613
17550 21382 21302 -0.0045584
18388 22454 22271 -0.00995214
17970 21643 21678 0.00194769
17828 22300 22183 -0.00656271
18054 22275 22242 -0.00182785
18237 22767 22654 -0.00619619
17830 22386 22368 -0.00100953
18091 22249 22030 -0.0121055
17664 21727 21938 0.0119452
17493 22322 22298 -0.00137198
17816 22221 22256 0.00196453
18318 21974 21938 -0.00196528
18614 22719 22799 0.00429784
18094 22173 22215 0.00232121
17957 22148 22251 0.00573592
18637 22970 22932 -0.00203895
18310 22641 22662 0.00114691
18049 22492 22550 0.00321347
18110 22553 22429 -0.00684705
18335 21978 22029 0.00278157
17733 22201 22315 0.00642869
18581 23028 23085 0.00306765
19476 23180 23298 0.00605874
17847 22315 22211 -0.00582731
17687 22542 22258 -0.016057
18635 22355 22408 0.00284411
17309 22218 22176 -0.00242648
17810 22077 21969 -0.00606401
18414 22697 22647 -0.00271533
17647 22205 22363 0.00895336
18073 22463 22530 0.00370719
18751 22920 22944 0.00127993
19006 23622 23342 -0.0147322
17397 22425 22387 -0.00218428
17661 22512 22525 0.000736085
18194 22340 22399 0.00324283
17905 22869 22923 0.00301592
17748 22140 22136 -0.000225378
16815 22239 22163 -0.00451977
18519 22384 22516 0.00712781
17239 21382 21286 -0.00556877
19623 22776 22867 0.00463742
17781 22033 22099 0.00371183
17741 22352 22335 -0.000958232
18326 22967 22939 -0.00152788
17460 22095 22240 0.0083047
18129 23022 22688 -0.0184235
17597 21415 21410 -0.000284139
18085 22786 22755 -0.00171413
17771 22134 22075 -0.00332002
17149 22325 22381 0.0032655
18194 22494 22296 -0.0108827
18532 22714 22667 -0.00253615
18181 22479 22483 0.00022001
16690 21970 22011 0.00245656
18312 22382 22292 -0.00491481
18073 22714 22712 -0.000110662
17830 22747 22647 -0.00560852
17927 22135 22098 -0.00206393
18537 22611 22737 0.00679722
17982 21973 21973 0
18596 22471 22553 0.00440955
18006 22714 22544 -0.0094413
17442 22684 22651 -0.00189198
18503 22253 22032 -0.011944
17645 22199 22255 0.0031737
17090 21787 21669 -0.00690462
18503 22648 22842 0.0104848
18596 22273 22019 -0.0136589
18205 21451 21571 0.0065916
16959 21824 21912 0.00518899
18409 21912 21925 0.000706176
19291 23054 23019 -0.00181432
18198 22455 22450 -0.000274755
18216 23063 23123 0.00329381
17981 22412 22235 -0.00984372
17654 21587 21464 -0.00696726
18454 22462 22312 -0.00812832
17912 23118 22919 -0.0111099
18843 22514 22564 0.00265351
18874 22589 22761 0.00911307
17833 22576 22413 -0.00914036
18003 22504 22555 0.00283286
18305 22507 22735 0.0124556
18172 22151 22232 0.00445741
18300 22537 22531 -0.000327869
17053 21796 22006 0.0123145
18020 22021 21952 -0.00382908
18070 22113 22152 0.00215827
18177 22361 22412 0.00280574
17856 21715 21623 -0.00515233
17382 21792 21948 0.0089748
17740 22155 21954 -0.0113303
18001 22461 22573 0.00622188
17633 22116 22096 -0.00113424
18065 22614 22649 0.00193745
18135 22140 22055 -0.00468707
18499 22303 22078 -0.0121628
18550 23014 22964 -0.00269542
17441 21466 21365 -0.00579095
17494 21888 22061 0.0098891
18918 22382 22358 -0.00126863
17999 22645 22706 0.00338908
18460 22254 22501 0.0133803
17305 21291 21319 0.00161803
18352 22267 22279 0.00065388
18268 22408 22665 0.0140683
17916 21696 21692 -0.000223264
17444 22062 22115 0.00303829
18416 22336 22396 0.00325804
17298 22314 22399 0.00491386
17752 22192 22253 0.00343623
18431 22721 22708 -0.000705333
18948 22514 22600 0.00453874
18885 23346 23328 -0.000953137
17818 22456 22526 0.00392861
17847 22355 22525 0.00952541
18633 22416 22693 0.0148661
17546 21956 22116 0.00911889
18104 22507 22555 0.00265135
17659 22067 22165 0.00554958
18098 22452 22311 -0.00779092
18786 22614 22618 0.000212925
17840 22282 22166 -0.00650224
17951 22205 22216 0.000612779
18013 22001 21999 -0.000111031
17181 21556 21540 -0.000931261
18206 22284 22282 -0.000109854
19033 22698 22817 0.0062523
17770 22389 22510 0.00680923
18464 22575 22819 0.0132149
17559 22037 22000 -0.00210718
17572 21740 21729 -0.000625996
18306 22514 22615 0.00551732
17840 22376 22475 0.00554933
17676 22300 22310 0.000565739
19031 22553 22490 -0.00331039
18827 23108 23151 0.00228395
18656 22028 21874 -0.00825472
17434 22889 22776 -0.00648159
18699 22712 22528 -0.0098401
18753 22728 22921 0.0102917
17496 22582 22647 0.00371513
17582 21643 21572 -0.00403822
17983 22286 22221 -0.00361452
17276 21978 22002 0.00138921
18095 22191 22153 -0.00210003
18367 21627 21589 -0.00206893
18965 22774 22740 -0.00179278
17489 21925 21670 -0.0145806
17747 22704 22543 -0.00907196
18052 23199 23152 -0.00260359
17210 21909 21880 -0.00168507
17560 22287 22242 -0.00256264
17077 22540 22544 0.000234233
18222 22078 22228 0.00823181
19426 23643 23511 -0.00679502
17705 22034 22092 0.00327591
17053 21609 21706 0.00568815
17909 21720 21685 -0.00195432
18662 22527 22554 0.00144679
16875 21784 21864 0.00474074
17347 22011 21850 -0.00928114
18904 22361 22406 0.00238045
18069 21777 22008 0.0127843
18967 22984 22883 -0.00532504
17466 21298 21244 -0.00309172
17771 21960 22106 0.00821563
18404 22105 22108 0.000163008
17914 22537 22739 0.0112761
18263 22498 22410 -0.00481849
17658 22240 22269 0.00164232
18932 23203 23151 -0.00274667
18233 22520 22487 -0.00180991
17416 22576 22494 -0.00470831
18328 22732 22640 -0.00501964
17903 22377 22365 -0.000670279
17676 22037 21970 -0.00379045
17141 22139 22121 -0.00105011
17966 22438 22462 0.00133586
18526 21959 21827 -0.00712512
18022 21860 22058 0.0109866
17535 22070 22220 0.00855432
17538 22060 21913 -0.0083818
17669 21943 21926 -0.000962137
17796 22485 22299 -0.0104518
18390 22524 22514 -0.000543774
17975 22341 22360 0.00105702
18411 22690 22643 -0.00255282
17840 22091 22126 0.00196188
17393 22005 22059 0.0031047
17705 21774 21796 0.00124259
18335 22421 22398 -0.00125443
17514 21724 21802 0.00445358
17703 22412 22231 -0.0102243
18192 22508 22499 -0.000494723
18055 22413 22462 0.00271393
18568 22629 22596 -0.00177725
18510 22872 22692 -0.00972447
17827 22163 22258 0.005329
19446 23289 23308 0.000977065
17741 22202 22172 -0.001691
18165 22336 22307 -0.00159648
17555 21764 21709 -0.00313301
17920 22090 22113 0.00128348
18531 22528 22500 -0.00151098
17631 22071 22040 -0.00175827
18618 22281 22313 0.00171877
17636 22192 22254 0.00351554
19241 23026 23021 -0.000259862
17771 22851 22761 -0.00506443
17802 22563 22636 0.00410066
18045 22324 22316 -0.000443336
18549 23152 23143 -0.000485201
18700 23577 23669 0.00491979
17423 22384 22280 -0.00596912
17702 22642 22616 -0.00146876
17902 21792 21767 -0.00139649
17169 22253 22231 -0.00128138
18432 22605 22678 0.0039605
18095 22551 22473 -0.00431058
19090 22943 22789 -0.00806705
18769 23034 23084 0.00266397
18897 22866 22910 0.00232841
18415 22829 22818 -0.000597339
17246 22034 22056 0.00127566
18113 22610 22618 0.000441672
18208 22493 22476 -0.000933656
17219 22331 22315 -0.000929206
17929 22065 22136 0.00396006
17531 22658 22566 -0.00524785
18105 22301 22324 0.00127037
18478 22217 22571 0.0191579
17828 22145 21841 -0.0170518
16709 22127 22305 0.0106529
18669 22022 22148 0.00674916
17776 22378 22299 -0.00444419
18467 22946 23058 0.00606487
17787 22700 22945 0.0137741
18080 22445 22356 -0.00492257
17953 22877 22974 0.005403
18239 23110 22952 -0.00866276
19089 22493 22606 0.00591964
17278 21803 21759 -0.00254659
18295 22574 22554 -0.00109319
17677 22066 22022 -0.00248911
18787 22225 22250 0.00133071
17939 22303 22302 -5.57445e-05
18170 22373 22324 -0.00269675
18107 22665 22771 0.00585409
17751 22148 22205 0.00321109
17960 22430 22525 0.00528953
18088 23120 23266 0.00807165
18077 22474 22575 0.00558721
19057 22476 22471 -0.000262371
19352 23061 23105 0.00227367
17490 21714 21792 0.00445969
18378 22890 22999 0.005931
18916 22883 23001 0.00623811
18223 22532 22548 0.000878011
19221 22973 22961 -0.000624317
18772 23719 23861 0.00756446
18027 22888 22846 -0.00232984
18337 22135 22153 0.000981622
18226 22336 22303 -0.0018106
17703 21877 21997 0.00677851
18288 22244 22244 0
17908 22314 22082 -0.0129551
17720 22586 22610 0.0013544
17827 22529 22570 0.00229988
18147 22231 22279 0.00264507
17571 21802 21800 -0.000113824
18417 22530 22645 0.00624423
17702 22029 22036 0.000395436
18130 22091 22268 0.00976282
18653 22172 22356 0.00986436
18032 22112 22164 0.00288376
18139 23019 23118 0.00545785
17995 22379 22198 -0.0100583
18283 22076 22137 0.00333643
17795 22430 22362 -0.0038213
18693 22004 21957 -0.00251431
18097 22456 22491 0.00193402
18167 22586 22755 0.00930258
18124 22857 22728 -0.00711763
18275 22431 22292 -0.00760602
18178 22777 22707 -0.00385081
17176 21958 21913 -0.00261993
18029 23084 22957 -0.00704421
19100 22532 22592 0.00314136
18045 21616 21879 0.0145747
17792 22605 22507 -0.00550809
17706 22936 22898 -0.00214617
18259 22158 22198 0.0021907
17086 22293 22257 -0.00210699
18347 22165 22377 0.011555
18293 22778 22821 0.00235063
19310 22764 22772 0.000414293
18345 23183 23001 -0.00992096
18281 22263 22439 0.00962748
18032 22070 22067 -0.000166371
17760 21622 21750 0.00720721
17882 22034 21854 -0.010066
18413 22973 23109 0.00738609
17591 21674 21815 0.00801546
19096 22487 22529 0.00219941
17979 22006 21858 -0.00823183
17657 22300 22225 -0.00424761
18432 22012 22070 0.0031467
17597 22188 22243 0.00312553
18576 22352 22452 0.00538329
17392 22436 22466 0.00172493
17121 21663 21839 0.0102798
19246 22791 22820 0.00150681
17008 21629 21608 -0.00123471
19037 22486 22570 0.00441246
18450 22774 22895 0.00655827
19298 22981 23023 0.00217639
17493 22315 22295 -0.00114331
18394 22639 22605 -0.00184843
18336 22263 22320 0.00310864
17747 22471 22368 -0.0058038
17456 21870 21873 0.000171861
18420 22265 22362 0.00526602
18494 22626 22620 -0.00032443
17418 22011 21989 -0.00126306
18127 22684 22476 -0.0114746
17703 21950 21913 -0.00209004
17845 22386 22371 -0.000840572
17660 22094 22165 0.00402039
18256 22502 22583 0.0044369
18168 22363 22314 -0.00269705
17880 22741 22626 -0.00643177
18229 22123 22154 0.00170059
17641 21887 21878 -0.000510175
18116 22605 22488 -0.00645838
18701 22630 22598 -0.00171114
18421 22207 22168 -0.00211715
18178 22885 22825 -0.00330069
17601 21747 21659 -0.00499972
18549 22578 22784 0.0111057
18596 22490 22460 -0.00161325
18336 22616 22571 -0.00245419
18860 22882 22921 0.00206787
17454 22272 22215 -0.00326573
17296 21705 21608 -0.00560823
17795 21596 21663 0.0037651
17353 22225 21977 -0.0142915
18360 21975 22003 0.00152505
17755 22607 22480 -0.00715291
18723 21494 21467 -0.00144208
17764 22072 22186 0.00641747
17106 21702 21766 0.00374138
17023 22074 21853 -0.0129824
18050 22121 22186 0.00360111
17668 22795 22945 0.00848993
17529 22270 22146 -0.00707399
18992 23042 22977 -0.00342249
18343 22419 22712 0.0159734
18194 22265 22160 -0.00577113
18255 22396 22448 0.00284853
18027 22559 22621 0.00343929
18714 22529 22461 -0.00363364
17691 22187 22196 0.000508733
18592 22251 22242 -0.000484079
18303 22150 22080 -0.00382451
18254 21612 21685 0.00399912
18421 22784 22807 0.00124857
18330 22405 22552 0.00801964
19790 23104 23167 0.00318343
17432 21966 21942 -0.00137678
19601 22897 22832 -0.00331616
18486 22229 22185 -0.00238018
16902 22048 21952 -0.0056798
17945 23036 23024 -0.00066871
18070 21816 22037 0.0122302
17556 21445 21544 0.0056391
18727 23410 23366 -0.00234955
17851 22329 22253 -0.00425746
17233 21714 21793 0.00458423
19082 23258 23308 0.00262027
18067 21782 21814 0.00177119
16931 21241 21567 0.0192546
16968 21887 21829 -0.0034182
18278 22070 22104 0.00186016
17670 23053 22904 -0.00843237
17967 22101 22023 -0.00434129
17978 22572 22708 0.0075648
18378 22918 22985 0.00364566
18778 22844 22670 -0.00926616
18204 21801 21854 0.00291145
17532 21852 21692 -0.00912617
18709 22526 22526 0
18081 22443 22429 -0.000774293
18104 22601 22230 -0.0204927
17827 21846 21739 -0.00600213
18241 22474 22463 -0.000603037
18758 22508 22463 -0.00239898
18828 22762 22656 -0.00562991
18638 22636 22496 -0.00751154
18128 23097 23127 0.0016549
17560 22114 22120 0.000341686
18570 22482 22522 0.00215401
17846 21790 21902 0.00627592
18120 22032 22449 0.0230132
17799 22377 22329 -0.00269678
18594 22354 22266 -0.00473271
18185 22538 22637 0.00544405
17570 21480 21576 0.00546386
17715 22023 21926 -0.00547559
17829 22356 22483 0.00712323
17890 21490 21795 0.0170486
18654 22056 22136 0.00428862
18075 22018 22099 0.00448133
18267 22138 22265 0.00695243
17795 22569 22473 -0.00539477
18008 22288 22482 0.010773
18806 22207 22465 0.013719
18369 22623 22581 -0.00228646
17986 22195 22044 -0.00839542
18159 22549 22504 -0.00247811
18210 22366 22358 -0.000439319
18233 22660 22782 0.00669116
18195 22418 22486 0.00373729
17419 21698 21642 -0.00321488
17812 21876 21842 -0.00190883
17814 21867 22081 0.012013
17619 22117 22293 0.00998922
17325 21720 21671 -0.00282828
18048 22276 22258 -0.00099734
18103 22608 22601 -0.000386676
17625 21992 22001 0.000510638
18230 22638 22678 0.00219419
16745 21817 21797 -0.00119439
17788 21939 21893 -0.00258601
17872 22569 22486 -0.00464414
17524 21413 21559 0.00833143
17665 22504 22447 -0.00322672
17560 21922 22152 0.0130979
18405 22754 22837 0.00450964
17795 22309 22464 0.00871031
18603 22856 22826 -0.00161264
18150 22221 22347 0.00694215
18450 22949 23029 0.00433604
18518 23010 23034 0.00129604
18000 22726 22842 0.00644444
18339 22066 22145 0.00430776
18046 22185 22166 -0.00105286
18074 22890 22959 0.00381764
17654 21516 21428 -0.00498471
18234 21655 21911 0.0140397
19035 22472 22471 -5.25348e-05
17923 22232 22084 -0.00825755
18329 22183 22343 0.00872934
17602 22164 22181 0.000965799
18355 23055 22953 -0.00555707
17977 22405 22301 -0.00578517
17398 21762 21737 -0.00143695
17074 21896 21977 0.00474406
17713 22678 22716 0.00214532
17778 21527 21581 0.00303746
18308 22499 22517 0.000983177
18065 22612 22684 0.00398561
19588 22720 23000 0.0142945
17507 21800 21813 0.00074256
17871 22373 22512 0.00777796
18510 23038 23106 0.00367369
17631 21804 21842 0.00215529
18324 22040 21977 -0.00343811
18454 22831 22743 -0.00476861
18014 22494 22462 -0.0017764
17302 21985 21914 -0.00410357
18173 22575 22649 0.00407197
18277 22972 22921 -0.00279039
18221 22134 22385 0.0137753
18045 22346 22305 -0.0022721
17579 22304 22264 -0.00227544
18067 22456 22511 0.00304422
18242 22957 23074 0.00641377
17725 21944 21798 -0.00823695
17980 22058 22267 0.011624
18774 22835 22775 -0.00319591
18167 22261 22228 -0.00181648
18319 22506 22463 -0.00234729
18484 22536 22511 -0.00135252
18563 23099 23079 -0.00107741
18674 22811 22879 0.00364143
17596 22206 22070 -0.00772903
18302 22862 22851 -0.000601027
18879 21967 22317 0.0185391
18187 22236 22402 0.0091274
18282 22674 22454 -0.0120337
17681 21259 21188 -0.00401561
17454 21910 21880 -0.0017188
18619 22652 22714 0.00332993
18267 22029 21995 -0.00186128
18216 22682 22725 0.00236056
18600 22309 22299 -0.000537634
18615 22617 22550 -0.00359925
18075 22318 22191 -0.00702628
18084 21820 21751 -0.00381553
19254 22970 22952 -0.000934871
18393 22954 23049 0.00516501
18768 23128 23088 -0.00213129
18544 22518 22609 0.00490725
19027 22826 22879 0.00278552
17470 22778 22723 -0.00314825
17452 22394 22287 -0.0061311
18546 22793 22857 0.00345088
18723 22569 22639 0.00373872
17298 22195 22188 -0.000404671
18111 22339 22330 -0.000496936
18336 22292 22242 -0.00272688
18619 22643 22783 0.0075192
18316 22465 22633 0.00917231
17728 22630 22662 0.00180505
18848 22720 22878 0.00838285
18720 22553 22571 0.000961538
17877 22385 22431 0.00257314
18593 22407 22324 -0.00446405
17923 22808 22607 -0.0112146
18309 23020 23058 0.00207548
18059 22437 22467 0.00166122
17446 21864 21820 -0.00252207
17825 23049 23133 0.00471248
18049 22155 22240 0.0047094
17975 22718 22838 0.00667594
17690 21617 21639 0.00124364
19021 23001 23011 0.000525735
18201 22072 22217 0.0079666
19005 22526 22273 -0.0133123
17534 22105 22072 -0.00188206
18267 22500 22389 -0.00607653
17849 21982 22029 0.0026332
18179 22049 21780 -0.0147973
17630 22632 22705 0.00414067
18837 23115 23071 -0.00233583
17803 22204 22307 0.00578554
18452 22353 22514 0.00872534
17868 22684 22719 0.00195881
17955 22507 22520 0.000724032
17661 22234 22240 0.000339732
18370 23288 23330 0.00228634
17498 22459 22425 -0.00194308
17431 22208 22317 0.00625323
18935 23549 23399 -0.00792184
18654 23071 22858 -0.0114185
18642 22747 22777 0.00160927
17202 21681 21646 -0.00203465
18274 22529 22499 -0.00164168
19076 22971 22821 -0.00786328
18275 23052 23082 0.00164159
18093 22398 22403 0.00027635
18085 22325 22323 -0.000110589
17947 21949 22029 0.00445757
18510 22280 22381 0.00545651
18695 22372 22299 -0.00390479
18970 23122 23111 -0.000579863
17741 21863 21933 0.00394566
18176 22683 22802 0.0065471
17928 21965 21959 -0.000334672
17580 22032 22044 0.000682594
18395 22443 22550 0.0058168
17975 22180 22125 -0.00305981
17923 22354 22492 0.0076996
19133 22351 22446 0.00496524
