42981 51982 52244 0.00609572
42735 52352 52047 -0.00713701
44822 52760 52714 -0.00102628
42017 53529 53869 0.00809196
43750 52187 52501 0.00717714
42758 52376 52390 0.000327424
45134 53277 53324 0.00104134
42369 52347 52299 -0.0011329
42440 52523 52495 -0.000659755
41229 51443 51316 -0.00308036
43001 52466 52396 -0.00162787
42410 52304 52394 0.00212214
41770 51272 51204 -0.00162796
43675 54066 53908 -0.00361763
44017 52874 52930 0.00127224
42563 51686 51503 -0.00429951
44510 53204 52878 -0.0073242
41944 53076 53041 -0.000834446
42593 51269 51513 0.00572864
42926 52219 52509 0.00675581
43121 53206 53548 0.00793117
42952 52086 52208 0.00284038
41877 51247 51400 0.00365356
42554 52213 52151 -0.00145697
42308 53231 53202 -0.00068545
44430 51954 52308 0.00796759
41563 52450 51799 -0.015663
45650 52513 53136 0.0136473
43077 52364 52333 -0.000719642
45478 52757 52401 -0.00782796
43365 53702 53718 0.000368961
41683 52330 52061 -0.00645347
43885 52165 51967 -0.00451179
43395 52221 52035 -0.00428621
42223 51964 51834 -0.00307889
40405 51880 51454 -0.0105432
42757 52277 52226 -0.00119279
43154 54229 53544 -0.0158734
43494 53176 53058 -0.00271302
43572 52219 52120 -0.0022721
45138 54811 54798 -0.000288006
41388 53808 53658 -0.00362424
42817 52303 52917 0.0143401
43480 53074 53153 0.00181693
40810 50635 51125 0.0120069
44185 54385 54638 0.00572593
43912 52698 52869 0.00389415
42653 52982 52877 -0.00246173
42529 52400 52466 0.00155188
43130 52302 52180 -0.00282866
43401 51355 51210 -0.00334094
42138 51858 52487 0.0149271
42998 51504 51298 -0.00479092
43084 52741 52778 0.000858787
45397 53448 53377 -0.00156398
43376 52309 52607 0.00687016
43291 52922 52484 -0.0101176
44886 53721 53345 -0.00837678
43379 52618 52693 0.00172895
43169 51337 51284 -0.00122773
42007 52400 52607 0.00492775
42624 51357 51777 0.0098536
43948 53407 53636 0.0052107
44828 53860 53596 -0.00588918
41273 49805 49507 -0.00722022
44241 51841 51602 -0.00540223
44275 51605 51776 0.00386222
40771 51615 52401 0.0192784
41648 50786 50589 -0.00473012
42492 51752 51789 0.000870752
43694 52205 52192 -0.000297524
40476 52782 52857 0.00185295
43366 53758 53860 0.00235207
42196 53152 53073 -0.00187222
41047 51063 51282 0.00533535
42012 50901 50915 0.000333238
40063 51826 51721 -0.00262087
43062 52765 52799 0.000789559
41661 52885 52734 -0.00362449
43924 53393 53008 -0.00876514
41618 50938 50700 -0.00571868
43999 52517 53234 0.0162958
41877 51397 51578 0.00432218
40611 51827 51615 -0.00522026
42901 52305 52100 -0.00477844
44100 53414 53139 -0.00623583
42973 51143 50880 -0.00612012
42846 53526 53519 -0.000163376
45515 55026 55026 0
42845 53783 53839 0.00130704
44612 54481 54435 -0.00103111
44122 53314 53327 0.000294638
43809 52703 53295 0.0135132
42596 52144 52128 -0.000375622
44512 54306 54364 0.00130302
41955 50728 50717 -0.000262186
43733 51758 51585 -0.00395582
42871 53821 53758 -0.00146952
42079 52721 52697 -0.000570356
43058 51741 51822 0.00188118
42769 53282 53134 -0.00346045
42245 53731 54063 0.00785892
43653 53495 53509 0.000320711
43453 53185 53124 -0.00140382
41307 52605 52171 -0.0105067
43826 53583 53869 0.00652581
43207 51779 51882 0.00238387
42670 51829 51875 0.00107804
41923 51888 52010 0.0029101
43950 54356 54358 4.55063e-05
43180 53867 53870 6.94766e-05
41513 51526 51460 -0.00158986
43165 52322 52448 0.00291903
41544 51844 51850 0.000144425
41712 50416 49834 -0.0139528
41975 51062 51416 0.00843359
44067 51763 51756 -0.000158849
43850 52586 52467 -0.0027138
44449 53668 54043 0.00843664
43711 52516 52058 -0.0104779
44961 53050 52879 -0.0038033
43019 51890 52591 0.0162951
41139 53042 52990 -0.00126401
42136 50970 50737 -0.00552971
43520 53807 54037 0.00528493
42814 53814 53567 -0.00576914
41151 52272 51913 -0.00872397
42693 53752 53277 -0.0111259
41424 52195 52074 -0.00292101
43194 53998 54255 0.0059499
42829 53236 52820 -0.00971304
44372 53596 53472 -0.00279456
42538 52532 52581 0.00115191
43888 53309 53050 -0.00590139
44340 53134 53154 0.00045106
43330 52448 52494 0.00106162
42800 52649 52750 0.00235981
43822 54174 54145 -0.000661768
43007 50519 50613 0.00218569
44821 53262 53386 0.00276656
42006 51330 51243 -0.00207113
41844 52043 51948 -0.00227034
40429 49834 49681 -0.00378441
42357 51472 51509 0.000873527
42473 52308 52280 -0.000659242
42626 53063 53337 0.006428
43702 53694 53680 -0.000320351
41290 51341 51298 -0.00104141
44921 54084 54573 0.0108858
43196 51505 51303 -0.00467636
43300 52910 53036 0.00290993
42243 52273 51992 -0.00665199
42995 51882 51893 0.000255844
43200 52233 52216 -0.000393519
43144 52239 52978 0.0171287
44073 53379 53559 0.00408413
42006 51349 51454 0.00249964
42508 52413 51998 -0.00976287
43075 52243 52358 0.00266976
42563 52043 52159 0.00272537
45544 53503 53579 0.00166872
42439 53195 53191 -9.42529e-05
43682 52644 52508 -0.00311341
45674 53386 53309 -0.00168586
42551 51419 51582 0.0038307
44005 52020 52205 0.00420407
42011 52324 52952 0.0149485
43672 54229 54374 0.00332021
43650 53413 53508 0.0021764
43248 53526 53779 0.00584998
43133 52283 52438 0.00359354
44241 52929 52610 -0.00721051
42082 52469 52427 -0.000998051
41991 51893 51604 -0.00688243
43891 52823 52847 0.000546809
42958 52886 52925 0.000907863
44191 52874 52709 -0.00373379
41958 51865 51942 0.00183517
42829 52381 52262 -0.00277849
43308 52680 52637 -0.000992888
43586 53530 53693 0.00373973
43928 52022 51545 -0.0108587
44904 52064 52434 0.0082398
42776 51620 51921 0.00703666
42892 54347 53667 -0.0158538
43930 53606 53536 -0.00159344
41761 52203 51882 -0.0076866
41933 50406 50458 0.00124007
44044 53295 53367 0.00163473
44953 53783 53702 -0.00180188
42636 51701 51750 0.00114926
42072 53574 53163 -0.00976897
43224 52923 52441 -0.0111512
44257 54064 54065 2.25953e-05
43222 52286 52147 -0.00321595
42640 51755 51683 -0.00168856
42035 52233 51949 -0.00675627
43073 51572 51585 0.000301813
43031 51035 51319 0.00659989
41713 52829 52647 -0.00436315
46062 55634 55512 -0.0026486
44290 53049 52915 -0.00302551
43521 52458 52626 0.00386021
43392 54616 54436 -0.00414823
44252 52880 53052 0.00388683
41566 50126 50287 0.00387336
42355 53205 52797 -0.00963287
42163 52902 52978 0.00180253
42608 50531 50956 0.00997465
42190 52347 52060 -0.00680256
40505 49763 49683 -0.00197506
43930 53715 54398 0.0155475
42972 52396 52526 0.00302523
41579 53098 52987 -0.00266962
42758 52186 52186 0
42579 52264 52367 0.00241903
44034 51935 51836 -0.00224826
43684 52397 52791 0.00901932
43070 52604 52673 0.00160204
44314 52174 52074 -0.00225662
43735 53779 53496 -0.00647079
42859 51844 51901 0.00132994
45041 54402 54340 -0.00137652
42119 50585 50609 0.000569814
42594 53974 53876 -0.00230079
44139 53540 53475 -0.00147262
42690 52254 52195 -0.00138206
42571 51199 51015 -0.00432219
42246 52723 52667 -0.00132557
43234 52250 52333 0.00191979
43351 53324 53094 -0.00530553
43334 53300 53317 0.000392302
44072 53528 53042 -0.0110274
42236 52750 52681 -0.00163368
43006 52200 52112 -0.00204623
42346 51027 51403 0.00887923
43898 52496 52266 -0.00523942
42422 52100 52331 0.00544529
43939 52565 52426 -0.00316348
40811 52008 52261 0.00619931
43564 51411 51692 0.00645028
42124 52360 52216 -0.00341848
42500 50943 50489 -0.0106824
43178 51553 51446 -0.00247811
44572 53799 53655 -0.00323073
45514 54270 54303 0.000725052
40886 51230 51636 0.00993005
43302 51267 50764 -0.0116161
43058 51308 51290 -0.000418041
41497 51349 51492 0.00344603
41477 50471 50446 -0.000602744
42606 52730 52802 0.0016899
42433 52509 52531 0.000518464
42881 50105 50332 0.00529372
42617 51632 51571 -0.00143135
43091 52183 51922 -0.00605695
44394 52371 52110 -0.00587917
43035 52605 52097 -0.0118043
41335 52287 51962 -0.00786259
42972 52037 52089 0.00121009
42113 51588 51647 0.00140099
43053 52163 52076 -0.00202077
43417 53204 53269 0.00149711
42015 50870 51244 0.00890158
43854 53690 53839 0.00339764
43147 51681 51556 -0.00289707
42594 52272 52386 0.00267643
42011 52397 52663 0.00633168
43453 51905 52135 0.00529308
43259 51167 50955 -0.00490071
42897 53390 53444 0.00125883
43023 51799 51961 0.00376543
43951 51926 52123 0.00448226
43946 52315 52444 0.00293542
43889 53742 53539 -0.0046253
41644 53120 53158 0.000912496
43055 53104 53425 0.00745558
41515 50600 50540 -0.00144526
43954 53859 54039 0.00409519
43271 52719 53170 0.0104227
43425 53307 53407 0.00230282
41033 51349 50828 -0.0126971
41921 51080 51148 0.0016221
43095 53703 53405 -0.00691496
43295 51354 51314 -0.000923894
44306 53398 53261 -0.00309213
41319 50662 50740 0.00188775
44979 54274 54259 -0.000333489
44238 52823 52924 0.00228311
43886 53033 53031 -4.55726e-05
44406 52401 52413 0.000270234
42485 51834 51877 0.00101212
42791 51517 52119 0.0140684
43811 52402 52613 0.00481614
44026 52820 52615 -0.00465634
42508 52102 52235 0.00312882
43892 54212 54257 0.00102524
41746 51902 52139 0.00567719
43078 53721 54321 0.0139282
42969 52614 52679 0.00151272
40433 51124 51194 0.00173126
42738 52731 52672 -0.0013805
42468 52452 52450 -4.70943e-05
44328 53695 53386 -0.00697076
40796 50801 51215 0.0101481
40713 52482 52237 -0.00601773
43205 53323 53323 0
43632 53057 52883 -0.0039879
40969 52080 51966 -0.00278259
42416 51579 51524 -0.00129668
43449 52722 52590 -0.00303804
42814 50975 50815 -0.0037371
42822 51917 51768 -0.00347952
43840 53219 53461 0.00552007
43026 51709 51424 -0.0066239
43895 54190 54555 0.0083153
43284 52491 52682 0.00441272
40141 50987 50803 -0.00458384
42332 51800 51803 7.08684e-05
40320 51370 51604 0.00580357
42528 50725 50254 -0.0110751
41975 50175 50394 0.00521739
43678 52429 52429 0
42186 52541 52229 -0.00739582
42187 52266 52512 0.00583118
41463 52824 52691 -0.00320768
43732 52528 52448 -0.00182932
42835 52223 52216 -0.000163418
40741 50806 51088 0.00692177
44134 54185 54051 -0.00303621
42024 51730 51491 -0.00568723
42742 52038 52294 0.00598942
41943 51653 51710 0.00135899
41478 52474 52612 0.00332706
41482 50631 50893 0.00631599
42307 53093 53092 -2.36368e-05
42672 52021 52047 0.000609299
45073 54103 54038 -0.00144211
42327 50859 50700 -0.00375647
44396 54061 54096 0.000788359
41971 52668 52545 -0.00293059
43081 52502 52571 0.00160163
42755 52276 52031 -0.00573032
43660 51917 52234 0.00726065
42981 51947 51876 -0.00165189
45430 53670 52980 -0.0151882
43588 52790 52943 0.00351014
44625 52530 52946 0.00932213
42451 52200 51955 -0.00577136
42938 51245 51479 0.00544972
44626 54133 54071 -0.00138932
43529 52291 52524 0.00535275
42351 52478 51836 -0.015159
43279 52574 52315 -0.00598443
42850 51945 52043 0.00228705
44798 52256 52233 -0.000513416
42544 51401 51329 -0.00169237
43106 54361 54298 -0.00146151
41432 51481 51525 0.00106198
42821 52333 52531 0.0046239
42914 51620 51737 0.00272638
43931 51927 51839 -0.00200314
43537 53039 52993 -0.00105657
43681 53118 53123 0.000114466
43862 54177 54140 -0.000843555
42166 52715 53083 0.00872741
43363 50812 50705 -0.00246754
44230 53101 53408 0.00694099
42757 52165 52344 0.00418645
43165 52958 52880 -0.00180702
45818 54342 54258 -0.00183334
42868 52243 52330 0.00202949
40929 51523 51564 0.00100173
44458 54047 54225 0.00400378
42981 53241 53233 -0.000186129
42352 53093 52980 -0.00266811
42688 52057 51910 -0.00344359
43731 52725 53055 0.00754613
43663 52632 52657 0.000572567
42043 52895 52633 -0.00623172
41685 52338 51863 -0.011395
43390 52668 52592 -0.00175156
44559 52762 52380 -0.0085729
44971 53180 53157 -0.000511441
41716 51905 51766 -0.00333205
42306 51817 51834 0.000401834
41659 52267 52203 -0.00153628
41585 52715 52572 -0.00343874
42782 52079 52198 0.00278154
43712 54016 53882 -0.00306552
42031 52487 52319 -0.00399705
43981 53028 53303 0.0062527
43384 52001 52097 0.0022128
45283 54183 54280 0.00214208
44595 53032 53271 0.00535935
43135 52395 52188 -0.00479889
42778 52669 52871 0.00472205
40852 52250 52264 0.0003427
43660 51771 51788 0.000389372
43043 52375 52685 0.0072021
41059 51539 51749 0.00511459
41653 51582 51487 -0.00228075
43525 51456 51173 -0.00650201
42447 51124 51332 0.00490023
42960 52244 52306 0.0014432
39899 51400 51256 -0.00360911
41856 51557 51930 0.00891151
40751 51275 51355 0.00196314
44022 54897 54933 0.000817773
42476 52078 52026 -0.00122422
41193 52776 52327 -0.0108999
43314 52019 51785 -0.00540241
42659 52075 52020 -0.00128929
44500 54060 53893 -0.00375281
43146 51832 51842 0.000231771
42160 52082 51932 -0.00355787
44253 53410 53637 0.0051296
43456 51445 51530 0.001956
44404 52937 53002 0.00146383
42113 51019 51078 0.00140099
43522 52965 52944 -0.000482515
42364 53389 53088 -0.00710509
44291 53615 53786 0.00386083
43550 52286 52638 0.00808266
43111 52931 52599 -0.00770105
41925 53839 53815 -0.000572451
44645 53255 53466 0.00472617
43007 52724 52471 -0.00588276
41445 51796 52156 0.00868621
44144 52278 52333 0.00124592
42786 52432 52389 -0.001005
45491 54406 54255 -0.00331934
43734 52940 53115 0.00400146
42185 51631 52108 0.0113073
42383 50692 50696 9.43775e-05
44165 52783 52567 -0.00489075
42503 51106 51452 0.0081406
42165 52388 52499 0.00263252
43259 52096 51998 -0.00226542
43899 53552 53704 0.00346249
42198 52472 52265 -0.00490545
42599 51804 51731 -0.00171366
42464 51057 51356 0.00704126
41077 51723 51977 0.00618351
41855 51292 51871 0.0138335
43387 51721 51545 -0.00405651
44057 53225 53072 -0.00347277
41976 51463 51492 0.000690871
42839 51997 52334 0.00786666
43337 53311 53622 0.00717632
42699 52363 52551 0.00440291
43038 52569 52842 0.00634323
43034 52530 52629 0.00230051
43674 52034 52358 0.0074186
42656 53328 53175 -0.00358683
43964 53506 53184 -0.00732417
46216 54964 54767 -0.00426259
42534 52316 52447 0.00307989
42744 53153 52722 -0.0100833
44929 52363 52267 -0.0021367
40831 52114 51990 -0.00303691
43382 52483 52800 0.00730718
43505 53020 52732 -0.00661993
42352 52326 52397 0.00167643
42894 53241 53055 -0.00433627
44733 53707 54217 0.011401
45433 55616 55395 -0.00486431
41579 52045 52431 0.00928353
42153 52528 52466 -0.00147083
43450 51893 51911 0.000414269
42954 54189 53846 -0.00798529
42413 51985 52057 0.00169759
40637 52279 52404 0.00307601
44397 53342 53230 -0.00252269
41826 50895 50879 -0.000382537
46104 53443 53712 0.00583463
42079 51923 51933 0.000237648
42063 51488 52100 0.0145496
44355 53774 54089 0.00710179
41096 51555 51776 0.00537765
43155 54323 54163 -0.00370757
42106 50791 50347 -0.0105448
42989 53443 53254 -0.00439647
42371 51580 51823 0.00573505
41316 52996 52835 -0.0038968
43453 52698 52765 0.0015419
44671 53007 53208 0.00449956
44082 53188 53194 0.00013611
40032 51680 51715 0.000874301
43586 53041 52948 -0.00213371
42564 52816 52628 -0.00441688
41896 52447 52417 -0.000716059
42842 51889 52384 0.0115541
43559 52755 52768 0.000298446
43048 51630 51915 0.00662052
43643 51648 51986 0.00774466
42644 52408 52614 0.00483069
41867 53074 52687 -0.00924356
44263 52033 52183 0.00338883
41640 52314 52110 -0.00489914
41196 51409 51211 -0.00480629
43601 52108 52146 0.00087154
44727 52583 52438 -0.00324189
42692 50112 50544 0.010119
40473 51348 51181 -0.00412621
43742 51539 51937 0.00909881
45720 53760 54149 0.00850831
43054 52538 52631 0.00216008
42693 53532 53336 -0.00459092
42680 52609 52539 -0.00164011
42453 50811 50505 -0.00720797
43785 52932 53066 0.00306041
42669 53720 53425 -0.00691368
43560 53405 53500 0.0021809
43856 52933 52800 -0.00303265
42371 52923 52954 0.000731632
42939 53059 53301 0.0056359
43805 53427 53453 0.00059354
43206 53142 53105 -0.000856363
43241 53138 53305 0.00386208
40501 50402 50622 0.00543196
42843 52145 52184 0.0009103
43805 51695 52043 0.0079443
43114 52506 52726 0.00510275
42209 51062 50876 -0.00440664
40651 50571 50522 -0.00120538
41734 51677 51513 -0.00392965
42860 52354 52266 -0.0020532
41915 51511 51520 0.00021472
43778 53364 53226 -0.00315227
42566 51476 51567 0.00213786
43707 51819 51436 -0.0087629
43936 53800 53790 -0.000227604
41611 50672 50483 -0.00454207
41355 50791 50931 0.00338532
44347 53080 53260 0.0040589
43482 53313 53329 0.000367968
43322 52547 52593 0.00106182
41946 50523 50529 0.000143041
43742 52593 52382 -0.00482374
44637 53701 53601 -0.00224029
42059 50981 50889 -0.0021874
41802 51762 52013 0.0060045
43994 52446 52252 -0.00440969
40979 51253 51868 0.0150077
42584 52099 52260 0.00378076
43480 53351 53292 -0.00135695
44233 52868 52758 -0.00248683
44631 54099 54281 0.00407788
42441 52969 53376 0.00958978
42332 52814 52890 0.00179533
44171 52732 52998 0.00602205
42575 52076 52280 0.00479154
43095 52263 52082 -0.00420002
41955 51377 51613 0.00562507
42922 52064 52612 0.0127673
44429 53642 53611 -0.000697742
42556 52279 52326 0.00110443
42985 51617 51893 0.00642084
43159 51828 51839 0.000254872
40360 50911 50819 -0.00227948
42711 52921 53148 0.00531479
44894 53574 53567 -0.000155923
42465 52605 52594 -0.000259037
43788 53181 53022 -0.00363113
41689 51534 51493 -0.000983473
42083 51170 51158 -0.000285151
44119 52532 52979 0.0101317
43079 52412 52373 -0.000905313
41975 52307 52351 0.00104824
45174 53714 53800 0.00190375
44318 54225 54234 0.000203078
44135 51832 51769 -0.00142744
42386 52862 53065 0.00478932
44529 53068 53159 0.00204361
44877 53089 53427 0.0075317
41308 52980 52916 -0.00154934
41285 50909 50618 -0.00704856
42710 52983 52608 -0.00878015
41524 51851 51644 -0.00498507
42275 51181 51124 -0.00134831
44526 51717 51740 0.000516552
45182 53518 53483 -0.000774645
40743 50903 50961 0.00142356
41922 52901 53080 0.00426983
42861 53645 53673 0.000653275
41054 51304 51408 0.00253325
41688 51904 52077 0.00414988
40374 52841 52785 -0.00138703
42738 51583 51420 -0.00381394
46224 55403 54780 -0.0134778
43160 52415 52108 -0.00711307
40762 51369 51583 0.00524999
42055 51164 51077 -0.00206872
44125 52749 53017 0.00607365
41440 51563 51826 0.00634653
40752 50696 50672 -0.000588928
43892 51897 52349 0.010298
42204 51473 51402 -0.0016823
43720 52701 52693 -0.000182983
42112 50708 50896 0.00446429
43023 51568 51625 0.00132487
43543 51453 52346 0.0205085
42265 52764 52714 -0.00118301
43187 51985 51952 -0.000764119
42161 52498 52615 0.00277508
44752 53960 53682 -0.00621201
43467 52755 52199 -0.0127913
41509 52561 52742 0.0043605
43701 52987 53207 0.00503421
42638 52816 52668 -0.00347108
41748 52144 52149 0.000119766
41578 51848 51889 0.000986098
43082 53038 52819 -0.00508333
44437 51508 51260 -0.00558093
43323 51820 52034 0.00493964
42083 52611 52684 0.00173467
41825 51903 51805 -0.0023431
42533 51783 51523 -0.0061129
41903 52702 52718 0.000381834
44354 53038 52513 -0.0118366
42618 51821 52004 0.00429396
44437 53199 53220 0.000472579
42591 52198 51977 -0.00518889
40798 51453 51855 0.00985342
42167 50712 50724 0.000284583
43774 52488 53090 0.0137525
42273 52295 51907 -0.00917844
42223 52105 53021 0.0216943
43532 52473 52502 0.000666177
43105 52534 52470 -0.00148475
43987 53120 53442 0.00732034
44047 53418 53347 -0.00161191
41690 52728 52816 0.00211082
46276 54216 54088 -0.00276601
41720 51578 51786 0.00498562
43256 52207 52044 -0.00376826
41408 50626 51127 0.0120991
43054 51179 51214 0.000812933
43485 53156 53452 0.00680694
42090 51637 51726 0.00211452
43639 51934 52072 0.00316231
42483 52094 52021 -0.00171833
45084 52981 52913 -0.0015083
42049 52462 52964 0.0119385
42916 53563 53533 -0.00069904
42789 51706 51563 -0.00334198
43452 53769 53831 0.00142686
44175 54262 54402 0.00316921
41443 52548 52192 -0.00859011
41824 52783 52855 0.0017215
42575 51274 50895 -0.00890194
41456 52319 52192 -0.00306349
43414 53046 52912 -0.00308656
44023 53565 53951 0.00876814
44573 53014 53066 0.00116663
45135 53726 53430 -0.0065581
45282 53819 53713 -0.00234089
42883 53023 53077 0.00125924
41066 51292 51522 0.00560074
43663 53198 53359 0.00368733
42972 52871 52299 -0.013311
40979 52578 52538 -0.00097611
42148 51989 51762 -0.00538578
42204 52402 52698 0.00701355
43228 52694 52751 0.00131859
43153 52008 52443 0.0100804
42793 51512 51300 -0.00495408
40177 51244 51483 0.00594868
43999 52018 51957 -0.0013864
42271 52433 52418 -0.000354853
43810 53522 53794 0.00620863
42488 53668 53794 0.00296554
42657 52735 52383 -0.00825187
43368 53680 53889 0.00481922
44024 54221 54359 0.00313465
45642 53150 53174 0.000525831
41905 51781 51641 -0.00334089
43377 52574 52579 0.000115268
42086 51929 51923 -0.000142565
44838 52842 53218 0.00838574
43083 52815 53055 0.00557064
43084 52909 52907 -4.64209e-05
42973 53516 53616 0.00232704
42638 52125 52018 -0.0025095
42891 52627 52509 -0.00275116
42450 53666 53803 0.00322733
42805 52327 52612 0.0066581
44592 52437 52571 0.00300502
45856 53930 54046 0.00252966
41946 51444 51610 0.00395747
44285 53450 53765 0.00711302
44085 54332 54352 0.000453669
42861 52514 52517 6.99937e-05
45825 53827 53840 0.000283688
44218 55467 55363 -0.00235198
42694 53547 53689 0.00332599
43745 52091 52191 0.00228598
43863 53104 52825 -0.00636071
42167 52172 52216 0.00104347
42640 53118 52904 -0.00501876
42976 52625 52606 -0.000442107
41830 52778 52920 0.00339469
41913 52834 52890 0.0013361
43098 52654 52596 -0.00134577
41356 51101 50836 -0.00640778
44330 52994 52844 -0.00338371
41522 51295 51540 0.00590049
42982 51946 52160 0.00497883
44854 52397 52387 -0.000222946
43569 51366 51459 0.00213455
43202 54256 54119 -0.00317115
43224 52183 52236 0.00122617
44011 52216 52600 0.00872509
43068 53070 53162 0.00213616
44769 52166 52868 0.0156805
43019 53250 53185 -0.00151096
43957 52912 53035 0.00279819
42178 53173 53222 0.00116174
43870 52429 52438 0.000205152
43902 53316 53281 -0.00079723
41329 50566 50407 -0.00384718
43281 53843 54064 0.00510617
45406 53279 53400 0.00266485
42938 51073 51416 0.00798826
41604 52596 52803 0.00497548
42659 53716 53889 0.00405542
44228 52432 52479 0.00106268
40930 52616 52660 0.00107501
43313 53187 53372 0.00427123
43784 53126 53024 -0.00232962
45345 53773 53759 -0.000308744
44004 53805 53790 -0.000340878
43188 52623 52595 -0.000648328
43162 51959 51882 -0.00178398
42701 51321 51574 0.00592492
43022 51335 51225 -0.00255683
44133 53350 53142 -0.00471303
42147 51210 51318 0.00256246
44970 52212 51843 -0.00820547
43316 51729 51919 0.00438637
42256 52316 52187 -0.00305282
44387 52149 52710 0.0126388
41768 52411 52682 0.00648822
43878 51828 51683 -0.00330462
41232 51929 51579 -0.00848855
40544 51241 50994 -0.00609215
45015 53244 53234 -0.000222148
40657 50745 50974 0.00563249
45776 53714 53585 -0.00281807
43225 52868 53506 0.01476
45113 52966 53182 0.00478798
42397 52129 52298 0.00398613
43800 52933 53064 0.00299087
43927 53364 53281 -0.0018895
42170 51183 51237 0.00128053
42493 51977 51936 -0.000964865
43553 52209 52269 0.00137763
43164 52907 52941 0.000787693
41576 51597 51478 -0.00286223
42255 52915 52949 0.000804639
42583 51023 51012 -0.000258319
41795 52136 51858 -0.00665151
42070 52032 51870 -0.00385072
43423 52742 52985 0.00559611
43576 52264 52409 0.00332752
42749 53811 53630 -0.00423402
43319 52375 52413 0.000877213
42593 51977 52198 0.00518865
43653 53161 53387 0.00517719
43814 53324 53202 -0.0027845
43212 52405 52879 0.0109692
43052 53358 53006 -0.00817616
41388 51235 51387 0.00367256
43451 52663 52889 0.00520126
43567 52702 52042 -0.0151491
42972 52488 52540 0.00121009
44369 53872 54321 0.0101197
41070 51228 51353 0.00304358
40314 50061 50403 0.00848341
41954 50641 50597 -0.00104877
41733 52269 52142 -0.00304316
43303 51531 51485 -0.00106228
42585 52978 52622 -0.00835975
44236 51106 51057 -0.0011077
41876 52152 51973 -0.00427452
41029 51159 51104 -0.00134052
41141 51697 51330 -0.00892054
42624 51824 51688 -0.00319069
42186 53080 53196 0.00274973
41659 51486 51267 -0.00525697
43701 52141 51984 -0.0035926
42874 52906 53053 0.00342865
42881 52482 52632 0.00349805
43357 52875 52795 -0.00184515
42594 52285 52140 -0.00340424
43932 52624 52821 0.0044842
41872 52000 52006 0.000143294
44007 52158 52485 0.00743064
43372 51939 51835 -0.00239786
43334 50706 50911 0.0047307
44106 53524 53630 0.0024033
42650 52212 52159 -0.00124267
47122 53612 53873 0.00553881
41437 52516 52446 -0.00168931
45807 53604 53508 -0.00209575
43115 51215 50559 -0.0152151
40154 51517 51564 0.00117049
42321 53864 53698 -0.0039224
43165 51871 52083 0.00491139
41760 50677 50873 0.00469349
44548 54831 55169 0.00758732
43383 52728 52857 0.00297351
41130 52129 51684 -0.0108194
45039 54101 53833 -0.0059504
43604 51817 51735 -0.00188056
40300 50745 50424 -0.00796526
40041 51075 51098 0.000574411
43146 52162 52100 -0.00143698
42521 53754 53544 -0.00493874
42385 51758 51755 -7.07798e-05
43025 52557 52387 -0.00395119
43565 53628 53868 0.00550901
44772 53510 53803 0.00654427
43524 51752 51958 0.00473302
42374 50917 50986 0.00162836
44357 52334 52538 0.00459905
42430 52159 52159 0
43150 52404 52329 -0.00173812
42769 51262 51467 0.00479319
43912 52659 52600 -0.0013436
44592 52322 52346 0.000538213
44401 52356 52390 0.000765749
44489 52978 52771 -0.00465284
42783 53798 53586 -0.00495524
42621 52577 52506 -0.00166585
43561 53044 53006 -0.00087234
42187 51678 51375 -0.00718231
43608 52718 52631 -0.00199505
42261 52086 52476 0.00922837
43799 52389 52236 -0.00349323
42867 52666 52937 0.00632188
41823 51457 51419 -0.000908591
42321 51378 51573 0.00460764
42133 52674 52796 0.00289559
42521 50849 50946 0.00228123
43568 51823 51786 -0.000849247
43561 52785 52665 -0.00275476
43866 52454 52463 0.00020517
42861 52263 52093 -0.00396631
42975 52116 51941 -0.00407213
44099 52361 52664 0.0068709
43187 52379 52372 -0.000162086
42296 52349 52393 0.00104029
43017 52849 52668 -0.00420764
42183 52448 51894 -0.0131333
42852 53605 53415 -0.00443387
42870 52625 52596 -0.000676464
42536 51482 51739 0.00604194
42645 52471 51686 -0.0184078
42796 51940 51855 -0.00198617
41932 52451 52296 -0.00369646
41547 51164 51257 0.00223843
42063 51294 51427 0.00316192
42599 52516 52608 0.00215968
42215 52301 52553 0.00596944
43470 52935 52998 0.00144928
39714 51189 50663 -0.0132447
42212 51833 52188 0.00840993
42328 52331 52178 -0.00361463
41376 51104 51375 0.00654969
41539 53334 53069 -0.00637955
41364 51731 51614 -0.00282855
43658 53055 53065 0.000229053
42657 52860 53073 0.00499332
43806 53319 53497 0.00406337
43677 52581 52674 0.00212927
43617 53468 53650 0.00417268
43673 53587 53841 0.00581595
42889 54011 53682 -0.00767096
43617 52326 52151 -0.0040122
43592 52010 52226 0.00495504
42086 52853 52728 -0.00297011
41921 50759 50804 0.00107345
43993 51442 51617 0.00397791
45115 52227 52385 0.00350216
43121 52313 52100 -0.00493959
43388 52778 52787 0.000207431
41751 52513 52313 -0.0047903
42741 53509 53473 -0.000842283
43573 52423 52144 -0.00640305
42110 52281 52261 -0.000474947
40713 51509 51613 0.00255447
42371 52814 52826 0.000283213
42042 50064 49907 -0.00373436
43858 53718 53603 -0.0026221
42583 52778 52640 -0.00324073
46077 54526 54420 -0.0023005
42611 51909 51610 -0.00701697
42019 52099 52222 0.00292725
43568 53578 54271 0.0159062
42024 50380 51022 0.015277
42901 50775 51142 0.00855458
43133 53940 53576 -0.00843901
43028 51782 51850 0.00158037
41450 52449 52463 0.000337756
43294 53099 53140 0.000947013
43536 53601 53723 0.00280228
43327 52280 52236 -0.00101553
43341 52477 52265 -0.00489144
42501 53401 53332 -0.00162349
43583 52844 52936 0.00211091
42993 52808 53229 0.00979229
42111 51658 51821 0.00387072
41887 51864 52081 0.0051806
44009 53218 52888 -0.00749847
43320 52331 52451 0.00277008
43704 52675 52559 -0.00265422
43567 53485 53300 -0.00424633
44723 54304 54270 -0.000760235
44351 53196 52411 -0.0176997
42044 52202 52538 0.00799163
43506 52855 52911 0.00128718
44578 51972 52221 0.00558571
43402 52371 52203 -0.00387079
43308 51671 51889 0.00503371
41562 50200 50302 0.00245416
42095 52072 52445 0.00886091
43716 53028 53021 -0.000160124
43652 52347 52484 0.00313846
43647 52669 52862 0.00442184
45012 53020 53226 0.00457656
43827 52683 52684 2.2817e-05
42574 51549 51317 -0.00544934
43422 52392 52363 -0.000667864
45669 54009 54113 0.00227726
43173 53516 53779 0.00609177
45071 54373 54608 0.005214
43874 53200 52729 -0.0107353
44833 53870 53841 -0.000646845
41383 53179 53097 -0.00198149
41077 52922 52447 -0.0115636
44135 54012 54016 9.0631e-05
44788 52977 52908 -0.00154059
41821 52862 52950 0.00210421
43171 52314 52367 0.00122768
43405 51894 52021 0.00292593
43702 52149 52146 -6.86467e-05
43599 53897 53827 -0.00160554
41766 51850 51635 -0.00514773
44386 53714 53545 -0.00380751
43464 52661 52698 0.000851279
42105 52358 52320 -0.000902506
43995 52007 51962 -0.00102284
43064 53434 53213 -0.0051319
43196 53215 53153 -0.00143532
42656 51701 51817 0.00271943
42229 51612 51689 0.00182339
42658 53199 53244 0.0010549
42630 51298 51495 0.00462116
42818 53413 53513 0.00233547
42241 51002 51160 0.00374044
44822 53103 52982 -0.00269957
43537 51720 51615 -0.00241174
43894 51670 51917 0.00562719
41612 52016 51984 -0.000769009
42911 52298 52237 -0.00142155
42796 52115 52082 -0.0007711
42900 51186 51185 -2.331e-05
42054 53000 52422 -0.0137442
44853 53855 53514 -0.00760261
42599 52147 52057 -0.00211273
43606 52478 52434 -0.00100904
42523 53599 53840 0.00566752
42496 52316 52215 -0.00237669
42478 52346 52336 -0.000235416
43504 54059 54096 0.000850497
41421 52660 52832 0.00415248
41289 53562 52989 -0.0138778
44493 53897 54170 0.0061358
44639 53928 53611 -0.00710141
44017 52940 52891 -0.00111321
41652 51477 51984 0.0121723
43125 52152 52058 -0.00217971
44579 53236 53108 -0.00287131
43327 53634 53732 0.00226187
42948 52226 52142 -0.00195585
43207 52281 52067 -0.0049529
42406 51564 51466 -0.00231099
42659 52363 52291 -0.0016878
43866 52485 52196 -0.00658825
44728 53518 53728 0.00469505
41703 51562 51720 0.0037887
42899 53468 53303 -0.00384624
42291 51700 51750 0.00118228
40982 50733 50813 0.00195208
43629 52288 52584 0.00678448
42199 51334 51272 -0.00146923
42411 52334 52366 0.000754521
44665 52922 53079 0.00351506
