32275 38352 38384 0.000991479
31818 37932 37831 -0.0031743
33277 38817 38671 -0.00438741
32018 39065 39079 0.000437254
33102 38849 38791 -0.00175216
32492 38308 37945 -0.011172
34602 39660 39865 0.00592451
32428 38360 38454 0.00289873
32164 38500 38444 -0.00174108
31973 38014 38030 0.000500422
33034 38885 38876 -0.000272447
32780 38605 38416 -0.00576571
31461 38531 38297 -0.00743778
32357 39484 38792 -0.0213864
33170 38468 38336 -0.0039795
32404 38472 38554 0.00253055
33591 39264 39276 0.000357239
32397 38647 38613 -0.00104948
31665 37718 37620 -0.0030949
32269 38370 38363 -0.000216926
32530 39418 39395 -0.00070704
33606 38923 38841 -0.00244004
31974 37449 37865 0.0130106
32974 39062 39059 -9.09808e-05
31365 38022 38181 0.00506934
33354 38874 38937 0.00188883
32230 38987 38961 -0.000806702
33444 38872 38924 0.00155484
33086 39046 39145 0.0029922
33670 38382 38353 -0.000861301
33647 39749 39820 0.00211014
31241 38062 37894 -0.00537755
33231 38584 38646 0.00186573
32971 37831 37840 0.000272967
31822 38441 38197 -0.00766765
31372 38372 38411 0.00124315
32761 38610 38468 -0.00433442
32646 39164 39205 0.0012559
32011 38556 38481 -0.00234294
33019 38481 38240 -0.00729883
34655 40102 40154 0.0015005
31312 38997 38933 -0.00204394
33234 39178 39193 0.000451345
32420 39328 39437 0.00336212
31461 37592 37735 0.00454531
33429 39566 39698 0.00394867
32862 38933 39036 0.00313432
32582 39253 39184 -0.00211773
32793 39226 39328 0.00311042
32246 38086 38012 -0.00229486
33329 37801 38101 0.00900117
31825 38538 38618 0.00251375
32443 37726 37721 -0.000154116
31923 38374 38394 0.000626508
33614 39076 39116 0.00118998
32589 38378 38244 -0.00411182
32638 39036 39034 -6.12783e-05
33470 39313 39481 0.00501942
32294 38201 38195 -0.000185793
33216 38588 38717 0.00388367
31999 38251 38408 0.0049064
31855 38104 37855 -0.00781667
32533 38507 38448 -0.00181354
33434 39002 38767 -0.00702877
31908 37488 37820 0.0104049
34188 38950 38800 -0.0043875
34097 38687 38719 0.000938499
30972 38461 38286 -0.00565026
32077 37967 37961 -0.00018705
32779 38643 38471 -0.00524726
32899 38402 38366 -0.00109426
31597 38663 38613 -0.00158243
32729 38675 38858 0.00559137
31211 38913 38818 -0.0030438
31972 38420 38455 0.00109471
32608 38196 38148 -0.00147203
31185 38369 38272 -0.00311047
31700 38961 38824 -0.00432177
31969 39906 39812 -0.00294035
33341 39448 39149 -0.00896794
31836 37285 37124 -0.00505717
32964 38484 38572 0.00266958
31381 37705 37504 -0.00640515
30467 37701 37505 -0.00643319
32782 38899 39078 0.00546031
33411 39302 39312 0.000299303
32587 37545 37594 0.00150367
32831 40204 39889 -0.00959459
33431 39304 39322 0.000538422
32555 39283 39236 -0.00144371
33409 40294 40262 -0.000957826
32765 38098 38115 0.000518846
32420 38908 38864 -0.00135719
32761 38330 38622 0.00891304
33332 39318 39310 -0.00024001
32239 37936 37870 -0.00204721
32492 38093 38097 0.000123107
32431 39207 39408 0.00619777
32929 38998 38893 -0.00318868
31909 37789 37716 -0.00228776
32470 38527 38660 0.00409609
32551 39330 39307 -0.000706584
33108 39275 39295 0.000604084
32435 38725 38752 0.000832434
31315 38564 38317 -0.00788759
33062 39014 39029 0.000453693
32968 38719 38544 -0.00530818
32570 38964 39134 0.00521953
31861 38124 38032 -0.00288754
32834 38709 38640 -0.00210148
32750 39000 38872 -0.0039084
31687 37660 37725 0.00205131
33438 39341 39257 -0.00251211
31852 38154 38043 -0.00348487
32098 37536 37567 0.000965792
32605 38325 38430 0.00322036
33425 38289 38281 -0.000239342
33366 38901 38926 0.000749266
32961 39251 39275 0.000728133
32395 37641 37890 0.00768637
33529 38597 38635 0.00113335
32402 38697 38648 -0.00151225
32081 39059 38997 -0.00193261
31831 37859 37869 0.000314159
32645 39040 39041 3.06326e-05
31779 38651 38720 0.00217125
31705 38326 38165 -0.00507806
32765 39090 38887 -0.00619564
31785 38828 38867 0.00122699
32769 39164 39186 0.000671366
32603 39034 39028 -0.000184032
33379 39039 39074 0.00104856
32493 38035 38165 0.00400086
32065 38673 38657 -0.000498986
32608 39106 39146 0.00122669
32612 38409 38288 -0.00371029
32593 38985 38958 -0.000828399
33298 39212 39041 -0.00513544
33299 37805 37860 0.0016517
33654 39078 39165 0.00258513
32695 38139 37743 -0.0121119
31992 37589 37577 -0.000375094
31171 37078 36669 -0.0131212
32271 38368 38257 -0.00343962
32428 38491 38032 -0.0141544
32806 38539 38590 0.00155459
33267 39199 39240 0.00123245
31480 37399 37389 -0.000317662
33625 39148 39249 0.00300372
31752 37417 37381 -0.00113379
32085 38326 38379 0.00165186
31885 38634 38533 -0.00316763
32325 38071 37848 -0.00689869
32026 37634 37385 -0.00777493
32290 38150 38145 -0.000154847
32758 38633 38501 -0.00402955
32479 38137 37985 -0.00467995
32156 38267 38166 -0.00314094
32399 39219 38983 -0.00728418
31592 37947 38055 0.00341859
33117 38554 38500 -0.00163058
31986 39014 39001 -0.000406428
32500 37803 37874 0.00218462
33638 39146 39170 0.000713479
32768 38384 38243 -0.00430298
33534 38891 39138 0.00736566
31976 38777 38857 0.00250188
33158 39326 39328 6.03173e-05
32649 39314 39362 0.00147018
32565 39037 39181 0.00442193
32778 38762 38685 -0.00234914
33122 39637 39334 -0.009148
31900 38075 38005 -0.00219436
32155 37589 37774 0.00575338
33095 39152 39185 0.000997129
32743 38666 38721 0.00167975
33469 38924 38959 0.00104574
32345 37820 37762 -0.00179317
32233 38494 38312 -0.00564639
32940 38270 38388 0.00358227
32647 39444 39565 0.00370631
33610 38690 38820 0.0038679
32967 38686 38603 -0.00251767
32912 38277 38578 0.0091456
32857 39920 40009 0.00270871
33092 39626 39577 -0.00148072
31602 38495 38747 0.00797418
31644 37697 37562 -0.00426621
32728 38280 38309 0.000886091
33313 39588 39569 -0.000570348
32788 38572 38323 -0.00759424
31326 38842 38784 -0.0018515
32097 38190 38369 0.00557685
34184 39523 39532 0.000263281
32463 38635 38766 0.00403536
32615 38495 38500 0.000153304
32032 38187 38167 -0.000624376
31776 37687 37801 0.00358761
32529 37819 37823 0.000122967
31787 38136 38070 -0.00207632
33567 39258 39407 0.00443888
33388 38821 38758 -0.00188691
32774 38337 38598 0.00796363
32150 39317 39299 -0.000559876
33474 38617 38501 -0.00346538
32122 38073 38093 0.000622626
32452 38590 38371 -0.00674843
31882 38602 38560 -0.00131736
32289 37276 37008 -0.00830004
32404 38063 37950 -0.00348722
31181 36778 36730 -0.0015394
33582 39728 39608 -0.00357334
32106 38804 38757 -0.0014639
31812 39282 39214 -0.00213756
32430 38607 38549 -0.00178847
32796 38345 38323 -0.000670814
33622 39044 38831 -0.00633514
33066 38527 38382 -0.00438517
32821 39191 38992 -0.00606319
34015 39245 39212 -0.00097016
32288 39238 39156 -0.00253964
32433 37914 37950 0.00110998
33819 40090 40122 0.000946214
31594 37206 37220 0.000443122
32228 39022 38970 -0.0016135
33054 38729 38774 0.00136141
32226 38225 38325 0.00310308
33203 37935 38122 0.00563202
32132 39146 39096 -0.00155608
32576 38209 38249 0.0012279
32711 39013 39087 0.00226224
32612 39090 39009 -0.00248375
33511 39108 39251 0.00426726
32282 38333 38498 0.00511121
32819 38567 38431 -0.00414394
32000 37786 37716 -0.0021875
32857 38154 38544 0.0118696
32580 38460 38485 0.000767342
32951 38445 38447 6.06962e-05
31911 38859 38733 -0.00394848
32164 37867 37774 -0.00289143
32246 39070 39155 0.00263599
32342 37776 37832 0.00173149
32148 37953 38123 0.00528804
33542 39550 39567 0.000506827
33765 39349 39248 -0.00299126
31152 37618 37575 -0.00138033
32059 37424 37419 -0.000155962
32405 38313 38417 0.00320938
31917 38177 38086 -0.00285115
32187 37842 37784 -0.00180197
32467 38690 38642 -0.00147842
32475 38297 38118 -0.00551193
32321 37508 37498 -0.000309396
32428 37773 37917 0.00444061
32897 38400 38205 -0.00592759
33419 39027 38826 -0.00601454
32167 39057 38878 -0.00556471
31500 38444 38609 0.0052381
32643 38502 38430 -0.00220568
32956 38823 38992 0.00512805
32951 38643 38644 3.03481e-05
31976 38224 38223 -3.12735e-05
32025 37597 37692 0.00296643
33164 39481 39508 0.000814136
32939 37595 37645 0.00151796
32467 38728 38645 -0.00255644
31194 37817 37866 0.00157081
32652 37975 37844 -0.00401201
32437 37218 37352 0.00413108
32425 39110 39226 0.00357749
32379 37814 37631 -0.00565181
32660 37838 37953 0.00352113
33600 38654 38682 0.000833333
32606 39034 38929 -0.00322027
32146 38721 38710 -0.000342189
32153 38517 38436 -0.00251921
31612 38000 37914 -0.00272049
32665 38953 38596 -0.0109291
32750 38391 38482 0.00277863
32852 39175 39082 -0.00283088
31501 37669 37879 0.00666646
32777 38522 38499 -0.000701712
31939 39153 38910 -0.00760825
32534 38162 38259 0.0029815
33346 38839 38862 0.000689738
31609 37464 37632 0.00531494
33759 39368 39346 -0.000651678
33644 39216 39183 -0.000980858
33086 37963 37889 -0.0022366
33825 39007 39254 0.00730229
32477 38374 38021 -0.0108692
32461 38061 37963 -0.00301901
33154 38173 38092 -0.00244314
33391 38590 38624 0.00101824
32175 38605 38538 -0.00208236
32933 39191 39226 0.00106276
31134 37999 38128 0.00414338
32962 38823 39086 0.00797888
33214 39753 39712 -0.00123442
31120 37942 38025 0.0026671
32339 39028 38971 -0.00176258
32594 38496 38509 0.000398846
32828 38961 39150 0.00575728
30797 37719 37428 -0.00944897
31446 38521 38558 0.00117662
32106 38710 38333 -0.0117424
32402 38158 38257 0.00305537
31585 37888 38151 0.00832674
32104 37538 37462 -0.00236731
32673 39108 39033 -0.00229547
32510 38205 38177 -0.000861273
32381 38625 38540 -0.002625
32803 38557 38514 -0.00131086
32498 37896 37968 0.00221552
32311 38857 38730 -0.00393055
32615 38540 38701 0.00493638
31301 37864 38132 0.00856203
31980 38438 38269 -0.00528455
31740 37636 37987 0.0110586
32121 37072 37321 0.00775194
31295 37529 37477 -0.00166161
33367 39348 39315 -0.000989001
32155 38746 38484 -0.00814803
31926 38533 38646 0.00353943
30739 38780 38617 -0.00530271
32911 37839 37841 6.077e-05
32748 38362 38256 -0.00323684
31697 37756 37810 0.00170363
32800 38353 38205 -0.0045122
31823 38327 38107 -0.00691324
32600 38560 38673 0.00346626
31761 37774 37656 -0.00371525
31918 39155 39070 -0.00266307
31710 37620 37517 -0.00324819
31850 38540 38391 -0.00467818
31991 37973 37832 -0.00440749
33812 39115 39162 0.00139004
32161 37776 37916 0.0043531
33180 39091 39197 0.0031947
31978 38259 38253 -0.000187629
32726 38460 38312 -0.0045224
33192 38958 38866 -0.00277175
32611 38054 38108 0.00165588
32497 37873 37905 0.000984706
33548 39247 38946 -0.00897222
33450 39534 39547 0.00038864
33004 38220 38328 0.00327233
32444 37958 37881 -0.00237332
32824 38124 38106 -0.000548379
33117 38797 38672 -0.0037745
33329 38814 38820 0.000180023
32272 38357 38255 -0.00316063
32525 38857 38775 -0.00252114
32616 38479 38579 0.00306598
33623 39513 39291 -0.00660262
32436 38004 38230 0.00696757
32909 39675 39566 -0.00331216
30824 37157 37170 0.000421749
32345 38317 38284 -0.00102025
32372 38259 38201 -0.00179167
32346 38326 38327 3.09157e-05
33306 39434 39461 0.000810665
32665 38634 38587 -0.00143885
32761 39427 39344 -0.0025335
32327 38894 38767 -0.0039286
33048 38036 37986 -0.00151295
33765 39139 39120 -0.000562713
32570 38065 38334 0.00825913
32772 39243 39261 0.000549249
33767 39150 39183 0.000977286
32164 38633 38600 -0.00102599
32015 38831 38596 -0.00734031
33559 39357 39358 2.97983e-05
33591 39815 39858 0.0012801
32336 38949 38766 -0.00565933
33324 39036 38810 -0.0067819
32902 38707 38701 -0.00018236
32531 38687 38507 -0.00553318
32566 38838 38863 0.000767672
31390 38328 38096 -0.00739089
32572 38321 38506 0.00567972
33501 38919 38874 -0.00134324
33630 38910 38580 -0.00981267
32555 38236 38206 -0.000921517
31794 38154 38015 -0.00437189
32429 38713 38552 -0.00496469
31610 38477 38296 -0.00572604
32192 38584 38372 -0.00658549
33741 40198 39959 -0.00708337
31563 38135 38104 -0.000982163
32835 39035 38908 -0.00386782
33420 38244 38036 -0.00622382
33624 39855 39558 -0.00883298
34134 39597 39563 -0.000996074
31947 38273 38153 -0.00375622
31969 38235 38263 0.000875848
31427 38429 38124 -0.00970503
33493 38576 38659 0.00247813
32361 38727 38683 -0.00135966
31786 37953 38182 0.00720443
31190 38387 38403 0.000512985
32796 37915 38061 0.00445176
31716 38462 38492 0.000945895
33306 38772 38681 -0.00273224
31079 37616 37626 0.000321761
31738 37383 37321 -0.00195349
32220 38437 38468 0.000962135
33653 39584 39816 0.00689389
32899 38278 38386 0.00328277
31847 39052 39079 0.000847804
32060 37512 37582 0.00218341
32365 38044 38003 -0.0012668
33346 38728 38852 0.00371859
31720 38286 38173 -0.00356242
32494 38486 38523 0.00113867
33489 39308 39120 -0.00561378
32895 38116 38123 0.000212798
33597 38943 38944 2.97646e-05
31276 37320 37352 0.00102315
32657 38960 39076 0.00355207
32754 39430 39627 0.00601453
33545 39330 39403 0.00217618
32801 38168 38072 -0.00292674
33139 38653 38699 0.00138809
31876 39184 39192 0.000250973
32531 39111 38977 -0.00411915
32360 38503 38558 0.00169963
31444 38623 38448 -0.00556545
33065 38539 38442 -0.00293362
31866 38362 38366 0.000125526
33505 39673 39654 -0.00056708
33164 39019 38947 -0.00217103
31753 37852 37828 -0.000755834
31937 37373 37582 0.00654413
33415 38669 38638 -0.000927727
31750 37614 37574 -0.00125984
32065 38262 38167 -0.00296273
32459 37993 38082 0.00274192
33153 39138 39315 0.00533888
31923 38524 38561 0.00115904
32106 37618 37649 0.000965552
32414 38563 38906 0.0105818
31034 38001 37977 -0.000773345
31052 38350 38381 0.000998325
33271 38725 38805 0.0024045
32596 38804 38401 -0.0123635
31908 38262 38293 0.000971543
32076 37688 37957 0.00838633
32283 38915 39016 0.00312858
33103 39600 39495 -0.00317192
32494 38564 38592 0.000861698
32263 38703 38657 -0.00142578
33127 38606 38451 -0.00467896
32584 38772 38671 -0.00309968
33721 39344 39306 -0.00112689
33750 39743 39684 -0.00174815
32000 38615 38627 0.000375
32198 38055 38174 0.00369588
34472 39210 39125 -0.00246577
31658 38319 38231 -0.00277971
32465 39126 39124 -6.16048e-05
32422 38569 38551 -0.000555179
32205 38577 38569 -0.000248409
33445 39145 39059 -0.00257139
33725 39255 39290 0.00103781
33167 39402 39352 -0.00150752
31772 38303 38384 0.00254941
32262 38733 38750 0.000526936
33263 38654 38434 -0.00661396
32886 39137 39480 0.01043
32473 38283 38222 -0.00187848
30725 37686 37552 -0.00436127
33257 39139 38934 -0.00616412
31965 37743 37965 0.0069451
34031 38857 38988 0.00384943
31933 38864 38986 0.0038205
31729 38127 37782 -0.0108733
32662 38914 38894 -0.000612332
32134 38080 38331 0.00781104
32327 39918 39913 -0.000154669
31017 37835 37536 -0.00963987
33096 38466 38791 0.00981992
32396 38299 38182 -0.00361156
32161 38659 38772 0.00351357
32597 39390 39220 -0.0052152
31756 38197 38183 -0.000440862
33515 38942 38813 -0.00384902
31333 38463 38105 -0.0114257
32775 38515 38487 -0.00085431
31775 38457 38489 0.00100708
31861 38457 38336 -0.00379775
32521 38469 38410 -0.00181421
33465 39063 38954 -0.00325713
32678 37951 38156 0.00627333
32844 37700 37626 -0.00225308
32854 38510 38427 -0.00252633
32199 38851 38840 -0.000341626
33301 38410 38490 0.00240233
32585 38957 38781 -0.00540126
32489 38287 37832 -0.0140047
32567 38634 38640 0.000184236
33954 38808 38913 0.00309242
32452 37512 37430 -0.00252681
31128 37964 37827 -0.00440118
32791 38475 38252 -0.00680065
34173 38997 39409 0.0120563
32489 38572 38552 -0.000615593
32160 38629 38664 0.00108831
33293 39243 39158 -0.00255309
32132 37693 37635 -0.00180505
31964 37723 37691 -0.00100113
32064 38724 39000 0.00860778
32493 38736 38507 -0.00704767
32690 38683 38753 0.00214133
32585 39215 39147 -0.00208685
32331 38684 38823 0.00429928
32725 39059 39286 0.00693659
33994 39396 39324 -0.00211802
32712 38304 38505 0.00614453
31126 37463 37652 0.00607209
33166 38446 38648 0.00609057
33373 38699 38884 0.0055434
32858 38322 38169 -0.0046564
31871 37117 37026 -0.00285526
31412 37563 37369 -0.00617598
31504 38805 38909 0.00330117
32175 38645 38620 -0.000777001
31089 37889 37944 0.00176911
32932 39023 39235 0.00643751
32956 38449 38507 0.00175992
32958 38838 38576 -0.00794951
32863 39383 39326 -0.00173447
31853 37832 37777 -0.00172668
31852 37527 37723 0.00615346
33627 38844 39127 0.00841586
32407 38966 38704 -0.00808467
32200 38464 38442 -0.00068323
31590 37357 37305 -0.00164609
32755 39106 38915 -0.00583117
34139 39583 39602 0.000556548
32238 37849 37874 0.000775482
31889 37530 37609 0.00247734
32679 37947 38037 0.00275406
30933 38135 37996 -0.00449358
32152 38361 38504 0.00444762
33072 39095 38927 -0.00507983
33294 38241 38280 0.00117138
33466 39450 39254 -0.00585669
32761 39175 39430 0.00778365
32514 38603 38698 0.00292182
33472 38544 38631 0.00259919
32600 38610 38569 -0.00125767
33119 39060 39054 -0.000181165
32750 38642 38370 -0.00830534
32210 38271 37911 -0.0111767
34234 39555 39580 0.000730268
32160 38668 38652 -0.000497512
31975 37642 37609 -0.00103206
33084 38864 38787 -0.00232741
31369 37283 37497 0.00682202
32039 38508 38716 0.00649209
33357 39248 39221 -0.000809425
32599 38905 38630 -0.00843584
33387 39621 39390 -0.00691886
32031 37509 37738 0.00714932
31978 38387 38093 -0.00919382
33345 39124 38993 -0.00392862
32189 37756 37831 0.00232999
32024 38377 38392 0.000468399
33539 38989 39040 0.00152062
32706 39071 38800 -0.00828594
33105 38420 38292 -0.00386649
32236 38947 39084 0.00424991
32445 38603 38622 0.000585606
33758 39534 39205 -0.00974584
32052 38821 38640 -0.00564707
31684 37762 37728 -0.0010731
32094 38323 38234 -0.0027731
32416 38548 38436 -0.00345508
32805 38103 38076 -0.000823045
32680 38020 38136 0.00354957
33881 39363 39315 -0.00141672
31831 37571 37445 -0.00395841
32307 38854 39158 0.00940973
32340 38898 39126 0.00705009
31617 38284 38319 0.001107
30903 37626 37523 -0.00333301
32277 38750 38800 0.00154909
33077 38614 38609 -0.000151162
34086 40092 40068 -0.000704101
32830 38345 38288 -0.00173622
31814 37457 37441 -0.000502923
32217 37827 37970 0.00443865
34354 40503 40387 -0.00337661
30986 37721 37589 -0.00425999
31822 37695 37346 -0.0109673
33926 38666 38669 8.84278e-05
31910 37438 37409 -0.000908806
33226 38736 38694 -0.00126407
31684 36983 36926 -0.00179902
32660 38069 37917 -0.00465401
32791 38752 38409 -0.0104602
32513 38230 38545 0.00968843
32517 38344 38409 0.00199895
32458 38518 38525 0.000215663
32895 38907 38981 0.00224958
33131 39296 39099 -0.00594609
31015 37652 37584 -0.00219249
32887 38930 38843 -0.00264542
32577 38755 38855 0.00306965
32003 38765 38809 0.00137487
31600 38192 38527 0.0106013
32552 38183 38193 0.000307201
33586 38435 38355 -0.00238194
32831 38893 38735 -0.00481252
32180 38642 38551 -0.00282784
32165 38022 38075 0.00164775
31969 37747 37767 0.000625606
31735 38508 38421 -0.00274145
33061 39103 39102 -3.02471e-05
32826 38087 38229 0.00432584
33437 39247 39150 -0.00290098
32156 37797 37780 -0.000528673
31173 37426 37641 0.00689699
32542 37748 37777 0.000891156
32497 38290 38061 -0.0070468
32442 37838 38051 0.00656556
32535 38788 38720 -0.00209006
33536 38936 38920 -0.000477099
32722 38777 38805 0.000855693
33305 38956 38894 -0.00186158
32962 39060 39185 0.00379225
32023 38688 38578 -0.00343503
34638 39632 39523 -0.00314683
32341 38762 38683 -0.00244272
31745 38098 38239 0.00444164
32273 38749 38883 0.00415208
33336 38658 38545 -0.00338973
33033 38666 38667 3.02728e-05
32231 38062 38183 0.00375415
32684 38347 38457 0.00336556
31735 38116 38117 3.1511e-05
33789 38982 39149 0.00494244
31980 38700 38798 0.00306442
32364 38629 38612 -0.000525275
32880 38298 38368 0.00212895
32541 39384 39523 0.00427153
33072 39473 39593 0.00362845
31659 38628 38701 0.00230582
32135 38883 39000 0.00364089
32578 38164 38164 0
31587 38712 38673 -0.00123469
32524 38655 38463 -0.00590333
33797 39907 40170 0.00778176
33698 38471 38617 0.0043326
33681 39273 39340 0.00198925
33867 39281 39312 0.000915345
32284 39193 39306 0.00350019
32211 38157 38242 0.00263885
32662 38616 38595 -0.000642949
32086 38884 38473 -0.0128093
31655 38738 38699 -0.00123203
31357 38248 38374 0.00401824
31874 38356 38175 -0.00567861
32142 38211 38017 -0.00603572
31630 38276 38283 0.000221309
31946 38204 38399 0.00610405
31027 38218 38183 -0.00112805
32893 38133 38324 0.00580671
32157 38765 38665 -0.00310974
32404 38592 38497 -0.00293174
32611 39522 39608 0.00263715
32647 38692 38710 0.000551352
32295 39308 39344 0.00111472
33088 39386 39298 -0.00265957
33413 38787 38712 -0.00224464
31794 37548 37425 -0.00386865
32271 38777 38766 -0.000340863
32615 38568 38533 -0.00107313
33269 38780 38763 -0.000510986
32051 38670 38751 0.00252722
31452 37379 37449 0.00222561
32884 38879 38896 0.000516969
32469 38695 38724 0.00089316
32245 38766 38541 -0.00697783
32571 38925 39005 0.00245617
33076 38992 38833 -0.00480711
32819 38578 38686 0.00329078
34128 39461 39418 -0.00125996
30761 38112 37917 -0.0063392
32718 38998 39187 0.00577664
33145 39075 39195 0.00362046
32358 38334 38458 0.00383213
34343 39285 39231 -0.00157237
33234 40377 40313 -0.00192574
33464 40008 40000 -0.000239063
33752 38168 38097 -0.00210358
32109 38294 38275 -0.000591734
31830 37595 37523 -0.00226202
31813 38748 38624 -0.00389778
32682 38785 38661 -0.00379414
31783 37969 37885 -0.00264292
32267 38922 38388 -0.0165494
32627 38479 38406 -0.00223741
31337 38167 38422 0.00813735
33829 39004 39116 0.00331077
31249 37584 37462 -0.00390412
32530 38518 38682 0.0050415
33474 38134 38274 0.00418235
32690 38153 37834 -0.00975834
32947 39611 39611 0
32712 38313 38404 0.00278185
33070 38815 38817 6.04778e-05
31734 38526 38748 0.00699565
33203 38025 37945 -0.00240942
32753 38708 38787 0.00241199
33709 39386 39369 -0.000504316
32460 38594 38687 0.00286506
33515 38308 38306 -5.96748e-05
33070 39131 39026 -0.00317508
31770 38236 38250 0.000440667
32411 39257 39402 0.00447379
34153 39162 39131 -0.00090768
32507 37777 38012 0.00722921
31694 38256 38432 0.0055531
32579 39040 39214 0.00534086
33515 38804 38529 -0.00820528
31351 38780 38539 -0.00768716
32796 38643 38788 0.00442127
33610 39349 39103 -0.00731925
34098 38909 38941 0.000938471
34002 39662 39713 0.00149991
32545 38694 38563 -0.0040252
32458 38063 37901 -0.00499107
32526 38087 38008 -0.00242883
32121 38234 38318 0.00261511
33573 38437 38579 0.00422959
31881 38210 37811 -0.0125153
32965 38411 38470 0.00178978
32392 37994 38050 0.00172882
32151 38705 38744 0.00121303
33465 38622 38833 0.00630509
31672 38228 38233 0.000157868
32901 38312 38258 -0.00164129
31404 38238 37941 -0.00945739
30840 37420 37586 0.00538262
34237 39205 39255 0.00146041
30711 37512 37443 -0.00224675
33632 39306 39178 -0.0038059
32786 39117 39027 -0.00274507
33994 39259 39143 -0.00341237
32197 38837 38683 -0.00478305
32330 38002 37833 -0.00522734
33214 38932 38928 -0.000120431
31651 37650 37530 -0.00379135
32571 38336 38192 -0.00442111
32832 38714 38806 0.00280214
32196 38461 38567 0.00329233
31622 38368 38577 0.00660932
32086 38297 38311 0.000436327
32354 37656 37715 0.00182358
31748 37978 37983 0.00015749
32810 38157 38333 0.00536422
32322 38348 38300 -0.00148506
32497 38071 38247 0.00541588
32451 39691 39680 -0.000338973
32415 37535 37778 0.00749653
32520 38899 38722 -0.0054428
33859 39580 39606 0.00076789
33590 39632 39802 0.00506103
32984 38879 38648 -0.0070034
32566 38786 38669 -0.0035927
31205 37879 37841 -0.00121775
32947 38681 38779 0.00297447
32046 38698 38348 -0.0109218
31112 37914 38243 0.0105747
33631 38989 38969 -0.000594689
31800 38188 38106 -0.00257862
30958 37099 37028 -0.00229343
31471 37471 37192 -0.0088653
32531 38440 38538 0.00301251
33015 38700 38669 -0.000938967
32313 38708 38887 0.00553957
32768 37589 37670 0.00247192
32534 38412 38254 -0.00485646
31515 37547 37803 0.00812312
31737 38384 38264 -0.00378108
33166 38416 38474 0.00174878
31876 38541 38603 0.00194504
32219 37998 38028 0.000931128
32206 37873 37939 0.00204931
32567 38320 38383 0.00193447
32626 38435 38090 -0.0105744
32686 38807 38895 0.00269228
32327 38724 38627 -0.00300059
33061 38089 38014 -0.00226853
31473 38543 38543 0
33881 38553 38318 -0.00693604
32509 38572 38521 -0.0015688
32079 37889 37926 0.0011534
33501 39375 39180 -0.00582072
32247 38623 38314 -0.00958229
35063 39217 39248 0.000884123
32145 38474 38467 -0.000217763
34342 39520 39499 -0.000611496
32547 38533 38490 -0.00132117
31525 38328 38172 -0.00494845
31793 38767 38676 -0.00286227
32677 38232 38273 0.00125471
32477 38006 38020 0.000431074
33310 39813 39644 -0.00507355
33063 39011 39011 0
31864 38285 37989 -0.00928948
33531 38859 38771 -0.00262444
32913 38570 38574 0.000121533
31094 38343 38453 0.00353766
32025 38609 38571 -0.00118657
32425 38544 38332 -0.00653816
32988 39309 39290 -0.000575967
32049 37719 37542 -0.00552279
32510 38979 39106 0.00390649
32497 38887 39018 0.00403114
34188 39576 39570 -0.0001755
32898 38676 38765 0.00270533
32348 37634 37771 0.00423519
33152 39021 38989 -0.000965251
32170 38424 38354 -0.00217594
32773 38683 38765 0.00250206
33169 38458 38345 -0.0034068
32065 38016 37926 -0.0028068
33216 38521 38560 0.00117413
33043 38990 38965 -0.00075659
32997 38966 39097 0.00397006
32548 38845 39203 0.0109991
32840 38490 38575 0.00258831
32778 39177 39198 0.000640674
32408 38521 38565 0.00135769
32941 38932 38539 -0.0119304
32175 38783 38819 0.00111888
32095 37596 37641 0.00140209
33098 39212 39258 0.00138981
32252 38439 38382 -0.00176733
32589 38424 38463 0.00119672
32259 38820 38835 0.000464987
33079 37979 38131 0.00459506
32574 38124 38145 0.000644686
32953 38951 38901 -0.00151731
33141 38937 38928 -0.000271567
32596 38457 38394 -0.00193275
32237 38337 38443 0.00328815
32682 38696 38722 0.000795545
32583 38056 37957 -0.00303839
31994 37888 38096 0.00650122
32098 38155 38191 0.00112157
32190 38285 38235 -0.00155328
32817 38959 38883 -0.00231587
32096 38595 38417 -0.00554586
33015 38325 38228 -0.00293806
32356 38197 38467 0.00834467
32913 38370 38349 -0.000638046
32308 38877 38795 -0.00253807
31644 38067 38005 -0.0019593
31926 38555 38557 6.26449e-05
31759 38035 38029 -0.000188923
32042 38385 38487 0.00318332
33642 39190 39043 -0.00436954
30874 37822 37809 -0.000421066
32464 38250 38358 0.00332676
32067 39217 39202 -0.000467771
31721 37561 37752 0.00602125
31768 38722 38684 -0.00119617
30710 37918 37918 0
32869 38868 38825 -0.00130822
32633 38662 38915 0.00775289
32509 39290 39120 -0.00522932
32680 38301 38196 -0.00321297
32080 37957 38180 0.00695137
32683 39230 39149 -0.00247835
31759 38928 38839 -0.00280236
32502 38156 38445 0.00889176
33455 38584 38553 -0.000926618
32627 38766 38866 0.00306495
32104 37587 37676 0.00277224
33207 38200 38357 0.00472792
33546 38212 38372 0.00476957
32728 38829 38816 -0.000397213
32043 38273 38297 0.000748994
32992 39452 39431 -0.000636518
33230 39394 39362 -0.000962985
32421 37501 37490 -0.000339286
32323 38684 38523 -0.00498097
31823 38619 38377 -0.00760456
31950 38566 38731 0.00516432
32325 37619 37487 -0.00408353
33069 39365 39373 0.000241918
31683 39277 39221 -0.00176751
34461 39292 39493 0.00583268
32137 37971 38054 0.00258269
31664 38211 38132 -0.00249495
32527 39711 39737 0.000799336
32599 37575 37562 -0.000398785
32728 37804 37827 0.000702762
32770 39349 39480 0.00399756
33560 39137 38894 -0.00724076
32412 38558 38352 -0.00635567
32917 38942 39175 0.00707841
32924 39313 39158 -0.00470781
32829 38631 38518 -0.00344208
32124 38322 38263 -0.00183663
32222 38599 38438 -0.00499659
33922 39401 39466 0.00191616
32665 38908 38735 -0.00529619
32824 38502 38445 -0.00173653
31931 38821 38531 -0.00908208
33515 39146 39191 0.00134268
32553 38714 38765 0.00156668
32509 38496 38135 -0.0111046
33283 40048 40020 -0.00084127
33399 39929 39885 -0.0013174
33393 38190 38366 0.00527057
32206 38436 38583 0.00456437
33460 39314 39216 -0.00292887
33789 38707 38721 0.000414336
32024 38439 38382 -0.00177992
32119 37653 37830 0.00551076
31261 36742 36758 0.00051182
32191 38080 38085 0.000155323
32801 38303 38301 -6.09738e-05
32540 38794 38816 0.000676091
33010 39271 39412 0.00427143
34368 38733 38972 0.00695414
33218 39567 39456 -0.00334156
32487 38698 38592 -0.00326284
33060 38757 38530 -0.0068663
34470 39425 39264 -0.00467073
32336 39064 38971 -0.00287605
33342 39375 39250 -0.00374903
32507 38706 38522 -0.00566032
33690 39496 39525 0.00086079
31596 38808 38803 -0.000158248
30904 38289 38029 -0.00841315
33271 39115 39139 0.000721349
34116 39578 39695 0.00342948
32209 38895 39013 0.00366357
32452 38435 38440 0.000154074
32049 38505 38434 -0.00221536
32964 38546 38652 0.00321563
32804 39243 39327 0.00256066
32156 37800 38006 0.00640627
33897 38943 39023 0.00236009
33465 38824 38996 0.0051397
31972 38203 38180 -0.000719379
33127 38636 38459 -0.00534307
31618 38228 38379 0.00477576
32044 38756 38714 -0.0013107
32202 38130 38338 0.00645923
31503 37571 37471 -0.0031743
32455 38734 38686 -0.00147897
32470 37998 38053 0.00169387
31966 39071 39171 0.00312832
31817 37784 37810 0.000817173
33403 38846 38584 -0.00784361
32582 37893 38053 0.00491069
32961 38599 38499 -0.00303389
32270 38384 38439 0.00170437
32335 38243 38311 0.00210298
32367 38784 38793 0.000278061
32063 38203 37986 -0.00676793
32401 39180 39125 -0.00169748
33756 39079 38852 -0.00672473
33026 38606 38502 -0.00314903
33005 38007 38180 0.00524163
32289 38612 38686 0.0022918
32529 38914 38812 -0.00313566
32811 38469 38589 0.00365731
32519 39304 39212 -0.00282912
31812 38498 38521 0.000722998
31030 38663 38877 0.00689655
33412 39134 39016 -0.00353167
34116 39294 39344 0.00146559
32633 39288 39150 -0.00422885
32158 38366 38248 -0.00366938
32569 37970 38039 0.00211858
33213 38380 38353 -0.000812935
32532 38898 38829 -0.00212099
32541 38743 38766 0.000706801
32559 38942 39167 0.00691053
32011 38197 38218 0.000656024
32112 38417 38461 0.0013702
33189 38305 38328 0.000693001
33669 38948 39271 0.00959339
31409 37913 37523 -0.0124168
31900 38823 39078 0.00799373
32214 38395 38320 -0.00232818
31542 37355 37227 -0.00405808
32319 38750 38689 -0.00188743
32439 38509 38472 -0.0011406
32485 38825 38699 -0.00387871
33201 38156 38075 -0.00243969
