35643 44456 44496 0.00112224
35132 43575 43333 -0.00688831
37544 44637 44861 0.00596633
35004 45471 45617 0.00417095
36614 44538 44606 0.00185721
35085 43941 43893 -0.00136811
37760 44715 44777 0.00164195
35960 44815 44627 -0.00522803
35137 44197 44201 0.00011384
34964 43774 43260 -0.0147008
36235 44480 44686 0.00568511
35433 44530 44671 0.00397934
35005 43618 43860 0.0069133
36696 46110 46020 -0.00245258
37455 44752 44889 0.00365772
34757 43600 43304 -0.00851627
36530 44321 44382 0.00166986
34844 44653 44925 0.00780622
35876 44455 44240 -0.00599286
35996 43967 44022 0.00152795
36814 45396 45665 0.007307
35824 44054 43704 -0.00976999
35131 43933 44103 0.00483903
35044 43857 43912 0.00156946
35280 44081 44237 0.00442177
37528 44256 44348 0.0024515
34671 44372 44364 -0.00023074
37884 45060 45255 0.00514729
35428 44087 44081 -0.000169358
38085 44537 44865 0.00861231
36341 44750 44741 -0.000247654
34764 44257 44318 0.00175469
37099 44986 44650 -0.00905685
36750 43985 44006 0.000571429
35100 43630 43789 0.00452991
34408 43965 44151 0.00540572
35253 44117 44387 0.00765892
35589 45563 45387 -0.00494535
35841 44828 45020 0.00535699
37874 44916 45066 0.0039605
37207 45237 45059 -0.00478405
33985 45085 45077 -0.000235398
35693 44645 44466 -0.00501499
36492 44972 45244 0.00745369
34194 43056 43657 0.0175762
36970 46534 46498 -0.000973763
37002 45365 44951 -0.0111886
35602 44228 44280 0.00146059
34950 43894 43725 -0.00483548
35313 43545 43941 0.011214
35319 43050 43247 0.00557773
34914 43924 43837 -0.00249184
36169 43192 43179 -0.000359424
35535 44584 44659 0.0021106
37297 44664 44605 -0.0015819
36537 44349 44588 0.00654131
35968 44524 44606 0.0022798
37407 45459 45130 -0.00879515
36073 44667 44406 -0.00723533
35084 43445 43369 -0.00216623
35116 44034 44295 0.00743251
35380 44181 44308 0.0035896
37268 45827 46215 0.0104111
38050 45908 45585 -0.00848883
34463 42589 42435 -0.00446856
36998 43994 43982 -0.000324342
36557 43387 43206 -0.00495117
34645 44837 45040 0.00585943
34956 43116 43280 0.00469161
34942 44058 43990 -0.00194608
35142 43125 43493 0.0104718
32838 43634 43886 0.00767404
36476 44871 45542 0.0183957
35593 45179 45440 0.0073329
35046 43548 43682 0.00382355
34640 42490 42559 0.00199192
33974 43253 43304 0.00150115
35764 44147 44239 0.00257242
35254 44670 44543 -0.00360243
36763 45779 45421 -0.00973805
34998 42340 42177 -0.00465741
36548 44108 44202 0.00257196
34547 43289 43763 0.0137204
33798 43848 43716 -0.00390556
35795 43684 44182 0.0139126
36829 44626 44722 0.00260664
36000 43546 43696 0.00416667
36191 45951 45693 -0.00712884
38234 46661 46819 0.00413245
36043 45059 45189 0.0036068
37402 45432 45985 0.0147853
37043 44196 44469 0.00736981
35802 45000 44958 -0.00117312
35494 44065 44227 0.00456415
36649 45555 45657 0.00278316
34908 42900 43188 0.00825026
36831 43627 43790 0.00442562
35738 44926 44902 -0.000671554
35666 44757 44771 0.000392531
35422 42997 43026 0.0008187
35519 44794 44792 -5.63079e-05
35245 45744 45562 -0.00516385
36196 45535 45033 -0.0138689
35658 43719 43686 -0.000925459
33257 44573 44482 -0.00273627
36467 45643 45600 -0.00117915
35874 43915 43886 -0.000808385
34941 43937 43721 -0.00618185
35057 43684 43698 0.00039935
37023 45926 45937 0.000297113
35931 45247 45158 -0.00247697
35152 43547 43623 0.00216204
36240 44626 44591 -0.000965784
34625 43772 43874 0.00294585
34958 42119 42190 0.00203101
35203 43656 43748 0.00261341
37296 43756 43928 0.00461175
37099 44799 44622 -0.00477102
37513 46175 46269 0.0025058
36145 43235 43718 0.0133628
37630 44691 44851 0.00425193
36059 44450 44720 0.00748773
34795 44903 44997 0.00270154
35459 42658 42849 0.0053865
36356 45620 45521 -0.00272307
35161 44685 44489 -0.00557436
33544 43233 43105 -0.00381588
35212 44887 44461 -0.0120981
34408 44320 44220 -0.0029063
35892 44747 45416 0.0186393
35198 45383 45118 -0.00752884
37544 45848 45950 0.00271681
34676 43988 43821 -0.00481601
36122 44639 44947 0.00852666
37374 45466 45472 0.000160539
36476 45103 45106 8.22459e-05
35807 45107 45344 0.00661882
36664 45726 46086 0.0098189
35813 43309 43249 -0.00167537
36780 44019 43897 -0.00331702
35082 43607 43572 -0.000997663
35230 44431 44511 0.00227079
33732 41730 42246 0.015297
35706 44258 43976 -0.00789783
35266 43737 43906 0.00479215
35648 44699 44413 -0.00802289
35762 44866 45019 0.00427828
35038 43927 43676 -0.00716365
37390 46030 45927 -0.00275475
36189 43397 43362 -0.000967145
36823 44534 44922 0.0105369
34703 43502 43394 -0.00311212
35828 44438 44101 -0.00940605
35855 44282 44243 -0.00108771
35769 44524 44546 0.000615058
36403 44610 44830 0.00604346
34596 43254 43389 0.00390219
35853 44744 44748 0.000111567
36025 45041 45065 0.000666204
35656 44203 44064 -0.00389836
37562 44955 44931 -0.000638944
35100 44609 44931 0.00917379
36576 43880 44099 0.00598753
38174 44888 45337 0.0117619
35785 43779 43773 -0.000167668
36486 44119 43963 -0.00427561
35404 44039 44367 0.00926449
36005 44799 44897 0.00272184
35377 43914 44392 0.0135116
35827 45083 45430 0.00968543
35195 43684 43656 -0.000795568
36658 44232 44115 -0.00319166
35261 44011 44029 0.000510479
35378 44283 44386 0.00291141
36629 45147 45271 0.0033853
35600 44921 44807 -0.00320225
37774 45358 45430 0.00190607
34569 44000 43682 -0.00919899
35329 44189 44220 0.000877466
36192 44969 45479 0.0140915
36478 45492 45634 0.00389276
36610 43854 43397 -0.0124829
37928 44512 44552 0.00105463
36047 44351 44521 0.00471607
35147 45282 45210 -0.00204854
36337 45719 45746 0.000743044
34354 43510 43611 0.00293998
34457 42925 42744 -0.00525292
36383 44612 44435 -0.00486491
37354 44717 44539 -0.00476522
34754 43350 43190 -0.00460379
35371 45335 44927 -0.0115349
36253 44370 44455 0.00234463
36028 45024 44892 -0.00366382
36467 44462 44583 0.00331807
35369 43041 43122 0.00229014
35129 45014 44949 -0.00185032
36201 43708 43732 0.000662965
36301 43052 42884 -0.00462797
34935 44521 44579 0.00166023
38872 47447 47576 0.00331858
36558 44838 44499 -0.00927294
37013 43638 43645 0.000189123
36119 46053 45918 -0.00373765
37291 45109 45433 0.00868842
34938 43769 43601 -0.00480852
35164 44768 44760 -0.000227505
34939 44795 44702 -0.00266178
35391 43644 43597 -0.00132802
35410 44678 44377 -0.00850042
33982 42258 42470 0.0062386
36493 45507 45643 0.00372674
36517 44578 44661 0.00227291
33948 44768 44810 0.00123719
35667 44296 44282 -0.00039252
35843 44253 44432 0.004994
36563 44034 44260 0.00618111
36546 44711 44733 0.000601981
35765 43768 44118 0.0097861
37477 44387 44319 -0.00181445
36910 45832 45921 0.00241127
35851 43129 43357 0.00635966
36961 45337 45559 0.00600633
35298 43051 43265 0.00606267
36841 46294 46375 0.00219864
36700 44886 44897 0.000299728
36270 45079 45200 0.00333609
35789 43388 43624 0.0065942
35598 44676 44306 -0.0103938
35379 44344 44442 0.00277
36340 45433 45311 -0.00335718
36129 43972 44234 0.00725179
36639 45101 45087 -0.000382106
34642 43941 44094 0.0044166
35553 44014 43932 -0.00230642
34225 42452 42678 0.00660336
36708 44400 44366 -0.000926229
34710 43856 44151 0.00849899
36136 44338 44235 -0.00285034
34160 44315 44094 -0.00646956
35747 43635 43748 0.0031611
34607 43570 43732 0.00468113
35562 42878 43000 0.00343063
36025 43289 43627 0.00938237
37950 45209 44985 -0.0059025
38668 46483 46294 -0.00488776
33932 43636 43616 -0.000589414
35725 42738 42606 -0.00369489
35880 44003 43794 -0.00582497
34754 44097 44044 -0.001525
34426 42796 42664 -0.00383431
36332 44063 44213 0.00412859
35811 44480 44603 0.0034347
35788 42629 42751 0.00340896
35236 43427 43474 0.00133386
35646 43237 43408 0.00479717
37367 44079 44242 0.00436214
35545 44082 44131 0.00137853
34333 44090 44060 -0.000873795
35995 43769 43784 0.000416725
34940 43333 43459 0.00360618
35990 44110 44294 0.00511253
35955 44957 44994 0.00102906
35673 43822 43839 0.000476551
36427 45182 45601 0.0115025
36550 43994 44157 0.00445964
34503 43575 43715 0.00405762
35131 44772 45059 0.00816942
36319 43934 44323 0.0107106
36063 43052 43197 0.00402074
35591 45145 45294 0.00418645
34947 42765 42875 0.00314762
35975 43301 43192 -0.00302988
36763 44870 44826 -0.00119686
37106 45549 45493 -0.00150919
34837 44873 44795 -0.002239
35906 45987 45953 -0.000946917
34569 41410 41831 0.0121785
36180 44754 44650 -0.00287452
36271 44657 44670 0.000358413
35725 44755 45193 0.0122603
33837 43011 42845 -0.00490587
34881 43169 42968 -0.00576245
36177 45553 45690 0.00378694
35966 43814 43554 -0.00722905
36519 44437 44417 -0.00054766
34032 42298 42424 0.0037024
37037 46184 46301 0.003159
37213 44530 44998 0.0125763
36334 44144 44156 0.000330269
37204 44442 44305 -0.0036824
35178 43817 43696 -0.00343965
35768 44358 44406 0.00134198
36399 44212 44151 -0.00167587
36982 44900 44720 -0.00486723
35001 43526 44010 0.0138282
36968 45676 46046 0.0100087
34915 44300 44488 0.00538451
36499 45486 45265 -0.00605496
35904 44499 44493 -0.000167112
33601 43114 43248 0.00398798
36337 44975 45229 0.00699012
35229 43746 43415 -0.00939567
36355 45272 45136 -0.00374089
33913 42752 42854 0.0030077
34596 44010 43782 -0.00659036
36860 45441 45349 -0.00249593
36067 44029 43842 -0.00518479
34534 44401 44303 -0.00283778
35220 43684 44026 0.00971039
35985 44271 44182 -0.00247325
35083 42871 42988 0.00333495
35682 42874 43398 0.0146853
35531 43867 43738 -0.00363063
36137 44501 44045 -0.0126186
36933 46309 46350 0.00111012
36548 45228 45603 0.0102605
33652 43437 43296 -0.00418994
35344 43235 43400 0.0046684
33008 42846 42592 -0.0076951
34881 43216 43145 -0.00203549
35265 42159 42258 0.00280732
36343 44308 44067 -0.00663126
34798 44608 44538 -0.00201161
35523 44768 44813 0.00126678
34425 45021 44838 -0.0053159
36684 44561 44527 -0.000926835
35623 44293 44137 -0.00437919
34012 43116 43455 0.00996707
37047 45144 44821 -0.00871865
34986 42923 43170 0.00705997
35600 43758 43605 -0.00429775
34849 43666 44037 0.0106459
34926 44646 44691 0.00128844
34694 43432 43125 -0.00884879
35108 44429 44695 0.00757662
35138 43685 43504 -0.00515112
37195 45255 45707 0.0121522
35679 43013 43163 0.00420415
35976 45389 45218 -0.00475317
34418 43552 43681 0.00374804
35968 44308 44489 0.00503225
35631 44479 44450 -0.000813898
36137 44586 44306 -0.00774829
35422 43384 43247 -0.00386765
37174 45047 44699 -0.00936138
36484 44775 44674 -0.00276834
37474 44167 44018 -0.00397609
35301 43994 44043 0.00138806
35107 42311 42394 0.0023642
37464 46445 46703 0.00688661
36306 44260 44284 0.000661048
35002 44482 44089 -0.0112279
36132 44312 44207 -0.00290601
35218 43534 43421 -0.00320859
37177 43962 44186 0.00602523
35351 43050 43196 0.00413001
35240 45083 44842 -0.00683882
34542 43437 43624 0.0054137
36040 44328 44261 -0.00185905
35382 43515 43063 -0.0127749
37032 45148 45343 0.00526572
36392 44919 44843 -0.00208837
36396 44975 44956 -0.000522035
37541 46610 46643 0.000879039
34857 44686 44463 -0.00639757
36476 43218 43435 0.00594912
37064 45225 45213 -0.000323764
36417 44768 44585 -0.00502513
36594 45126 45085 -0.0011204
38152 45547 45758 0.00553051
36472 43757 43899 0.0038934
34323 43650 43097 -0.0161116
36674 45781 45827 0.00125429
35423 45087 44743 -0.0097112
35213 44321 44352 0.000880357
35927 44423 44731 0.00857294
36072 44594 44643 0.00135839
36004 44396 44329 -0.0018609
35427 45005 45355 0.00987947
33717 43182 42980 -0.00599104
36267 44256 44437 0.00499076
36845 43764 44153 0.0105577
38301 45508 45641 0.00347249
34435 43560 43342 -0.00633077
34705 44294 44410 0.00334246
35352 44643 44754 0.00313985
34712 44659 44739 0.00230468
35966 44386 44414 0.000778513
36486 45626 45656 0.000822233
34954 44516 44216 -0.00858271
36469 45002 45105 0.00282432
36108 43459 43340 -0.00329567
37059 44823 44887 0.00172698
36753 43787 44069 0.00767284
36305 44715 44889 0.00479273
35259 43787 43843 0.00158825
33891 44696 44699 8.85191e-05
36861 43728 43793 0.00176338
35668 44330 44207 -0.00344847
34398 44090 44038 -0.00151172
34687 43779 43658 -0.00348834
36615 44027 43823 -0.00557149
34358 42663 42405 -0.00750917
35283 44335 43864 -0.0133492
33540 42918 42789 -0.00384615
35363 44112 44487 0.0106043
33754 43457 43566 0.00322925
37064 46337 46202 -0.00364235
35459 43794 43838 0.00124087
34681 45039 44791 -0.00715089
35787 44554 44535 -0.000530919
35228 44332 44330 -5.6773e-05
37285 45310 45326 0.000429127
36118 43959 43878 -0.00224265
35142 43543 43883 0.00967503
37345 45427 45225 -0.00540902
36222 43400 43411 0.000303683
37055 45120 44645 -0.0128188
34787 43256 43188 -0.00195475
36890 44940 44787 -0.00414747
34743 44442 44486 0.00126644
36463 45181 45116 -0.00178263
36637 44988 45248 0.00709665
36109 44498 44505 0.000193857
34226 45244 45395 0.00441185
37468 45587 45684 0.00258888
36142 44528 44598 0.0019368
34503 44471 44512 0.0011883
37242 44776 44977 0.00539713
35656 44857 44791 -0.00185102
38347 46447 46598 0.00393773
36811 44977 45235 0.00700877
33956 43565 43572 0.000206149
34750 42354 42187 -0.00480576
36419 44469 44105 -0.00999478
35606 42977 43036 0.00165702
35299 44209 43946 -0.00745064
35746 44125 44064 -0.00170648
36111 45091 44963 -0.00354463
35290 44334 44302 -0.000906772
35786 44052 43601 -0.0126027
34959 43024 43390 0.0104694
34661 44232 44190 -0.00121174
35275 43719 44081 0.0102622
36287 43561 43461 -0.00275581
36856 45143 45171 0.000759713
35825 44005 44000 -0.000139567
35577 43900 44104 0.00573404
36915 45518 45445 -0.00197752
36271 44866 44920 0.00148879
35750 44570 44680 0.00307692
35869 44606 44443 -0.00454431
36309 43575 43663 0.00242364
35151 44156 44238 0.00233279
36793 45636 45657 0.000570761
38567 45923 46150 0.00588586
35323 44181 43989 -0.00543555
35025 44476 44571 0.00271235
36914 44288 44375 0.00235683
34263 43982 43932 -0.0014593
35280 43732 43524 -0.00589569
36461 44959 44856 -0.00282494
34940 43994 44307 0.00895821
35796 44521 44653 0.00368756
37154 45434 45480 0.00123809
37668 46833 46276 -0.0147871
34438 43946 44337 0.0113537
34981 44595 44624 0.000829021
36029 44247 44386 0.003858
35444 45293 45376 0.00234172
35139 43858 43854 -0.000113834
33305 44078 43925 -0.0045939
36690 44345 44747 0.0109567
34128 42339 42154 -0.00542077
38877 45127 45306 0.00460426
35211 43656 43794 0.00391923
35107 43982 44216 0.00666534
36295 45516 45448 -0.00187354
34563 43879 44065 0.00538148
35906 45615 45183 -0.0120314
34864 42432 42207 -0.00645365
35827 45162 45099 -0.00175845
35217 43877 43771 -0.00300991
33953 44218 44331 0.00332813
36007 44484 44149 -0.00930375
36687 44974 44831 -0.00389784
35994 44523 44516 -0.000194477
33042 43520 43597 0.00233037
36286 44355 44286 -0.00190156
35773 44989 44986 -8.38621e-05
35327 45079 44879 -0.00566139
35475 43852 43727 -0.00352361
36721 44792 45011 0.00596389
35617 43656 43548 -0.00303226
36819 44493 44653 0.00434558
35651 44991 44652 -0.00950885
34514 44913 44863 -0.00144869
36646 44095 43656 -0.0119795
34936 43961 44097 0.00389283
33868 43193 42961 -0.00685012
36676 44901 45285 0.0104701
36850 44158 43627 -0.0144098
36036 42492 42724 0.00643801
33552 43210 43430 0.00655699
36450 43322 43413 0.00249657
38232 45690 45798 0.00282486
36033 44482 44465 -0.00047179
36107 45716 45835 0.00329576
35630 44474 44073 -0.0112546
34944 42752 42528 -0.00641026
36544 44682 44204 -0.0130801
35457 45737 45396 -0.00961728
37332 44679 44725 0.00123219
37369 44737 45134 0.0106238
35305 44724 44401 -0.00914885
35656 44565 44676 0.00311308
36241 44523 44810 0.00791921
36009 43893 44052 0.00441556
36254 44664 44660 -0.000110333
33758 43172 43586 0.0122638
35674 43597 43493 -0.00291529
35797 43824 43905 0.00226276
36015 44281 44408 0.00352631
35349 43012 42829 -0.00517695
34421 43171 43483 0.00906423
35116 43885 43481 -0.0115047
35639 44503 44795 0.00819327
34917 43843 43826 -0.000486869
35790 44816 44882 0.00184409
35927 43867 43514 -0.00982548
36663 44189 43870 -0.00870087
36742 45614 45515 -0.00269446
34513 42377 42296 -0.00234694
34631 43359 43702 0.00990442
37445 44381 44414 0.000881293
35644 44861 44989 0.00359107
36543 44076 44558 0.0131899
34256 42166 42226 0.00175152
36356 44114 44110 -0.000110023
36183 44407 44828 0.0116353
35486 42992 42986 -0.000169081
34555 43705 43717 0.000347272
36468 44236 44357 0.00331798
34251 44208 44378 0.00496336
35172 43976 44099 0.0034971
36504 45045 45013 -0.000876616
37526 44590 44768 0.00474338
37408 46360 46223 -0.00366232
35279 44489 44594 0.00297627
35342 44302 44640 0.00956369
36910 44417 44964 0.0148198
34739 43495 43838 0.00987363
35851 44562 44695 0.0037098
34953 43696 43881 0.00529282
35857 44489 44215 -0.00764146
37228 44992 44824 -0.00451273
35335 44134 43905 -0.00648083
35549 43992 43917 -0.00210976
35669 43598 43597 -2.80355e-05
34018 42736 42619 -0.00343936
36070 44151 44145 -0.000166343
37720 44993 45236 0.00644221
35180 44361 44605 0.00693576
36574 44724 45062 0.00924154
34753 43638 43565 -0.00210054
34773 43052 43022 -0.000862738
36249 44594 44800 0.00568292
35321 44330 44529 0.00563404
35012 44176 44202 0.000742603
37676 44666 44537 -0.00342393
37286 45928 45956 0.000750952
36953 43644 43338 -0.00828079
34537 45357 45167 -0.00550135
37026 44979 44623 -0.00961487
37145 45133 45429 0.00796877
34667 44763 44893 0.00374996
34816 42870 42732 -0.00396369
35588 44124 44000 -0.00348432
34211 43626 43350 -0.00806758
35826 43953 43872 -0.00226093
36365 42840 42926 0.00236491
37551 45053 45068 0.000399457
34641 43337 42997 -0.00981496
35165 44938 44848 -0.00255936
35749 45960 45860 -0.00279728
34089 43463 43361 -0.00299217
34762 44251 44074 -0.00509177
33817 44659 44666 0.000206996
36095 43690 43954 0.00731403
38520 46842 46610 -0.00602285
35062 43640 43754 0.00325138
33773 42810 43003 0.00571462
35469 43038 42967 -0.00200175
36975 44630 44687 0.00154158
33404 43158 43266 0.00323315
34319 43601 43360 -0.00702235
37426 44285 44374 0.00237803
35778 43136 43599 0.0129409
37569 45531 45328 -0.00540339
34586 42183 42076 -0.00309374
35217 43521 43976 0.0129199
36463 43855 43806 -0.00134383
35476 44657 45058 0.0113034
36191 44599 44420 -0.00494598
34981 44076 44136 0.00171522
37526 46000 45896 -0.00277141
36107 44615 44551 -0.00177251
34486 44749 44583 -0.00481355
36292 45051 44861 -0.00523531
35454 44325 44298 -0.00076155
34998 43671 43529 -0.00405737
33923 43840 43806 -0.00100227
35609 44478 44600 0.0034261
36676 43497 43234 -0.0071709
35686 43247 43715 0.0131144
34702 43695 44047 0.0101435
34717 43693 43400 -0.00843967
34950 43440 43407 -0.000944206
35249 44540 44181 -0.0101847
36415 44619 44578 -0.00112591
35570 44369 44275 -0.00264268
36455 44938 44843 -0.00260595
35339 43859 44070 0.00597074
34426 43571 43709 0.0040086
35061 43133 43189 0.00159722
36322 44469 44384 -0.00234018
34697 43052 43186 0.00386201
35063 44391 44039 -0.0100391
36005 44620 44546 -0.00205527
35778 44426 44530 0.00290681
36791 44837 44770 -0.0018211
36660 45314 45071 -0.00662848
35292 43900 44086 0.00527032
38508 46128 46169 0.00106471
35130 43976 43957 -0.000540848
35962 44244 44188 -0.0015572
34764 43118 42996 -0.00350938
35469 43751 43791 0.00112775
36700 44708 44615 -0.00253406
34911 43714 43650 -0.00183323
36887 44155 44222 0.00181636
34921 43950 43943 -0.000200452
38128 45635 45630 -0.000131137
35187 45272 45133 -0.00395032
35255 44712 44853 0.00399943
35745 44218 44197 -0.000587495
36762 46018 45929 -0.00242098
37070 46863 46921 0.00156461
34471 44301 44093 -0.00603406
35077 45071 44831 -0.00684209
35446 43155 43070 -0.00239801
33981 44138 44040 -0.00288396
36495 44984 44925 -0.00161666
35855 44684 44555 -0.00359782
37800 45426 45125 -0.00796296
37163 45725 45744 0.000511261
37417 45309 45217 -0.00245878
36477 45674 45207 -0.0128026
34151 43727 43687 -0.00117127
35876 44810 44741 -0.00192329
36038 44532 44622 0.00249736
34078 44204 44180 -0.000704267
35518 43735 43802 0.00188637
34711 44886 44727 -0.00458068
35868 44205 44254 0.00136612
36592 44151 44725 0.0156865
35297 43875 43275 -0.0169986
33092 43895 43876 -0.000574157
36970 43628 43862 0.00632946
35223 44354 44185 -0.004798
36560 45445 45670 0.00615427
35246 44997 45420 0.0120014
35802 44515 44285 -0.00642422
35606 45368 45563 0.00547661
36124 45774 45665 -0.00301738
37843 44594 44828 0.00618344
34187 43215 43022 -0.00564542
36241 44794 44697 -0.00267653
34995 43708 43621 -0.00248607
37226 44045 44054 0.000241767
35550 44225 44228 8.43882e-05
35997 44340 44244 -0.00266689
35874 44915 45121 0.00574232
35144 43933 43999 0.00187799
35572 44449 44558 0.00306421
35843 45833 46125 0.00814664
35791 44532 44729 0.00550418
37774 44571 44549 -0.000582411
38352 45710 45802 0.00239883
34646 43088 43320 0.0066963
36392 45757 45570 -0.00513849
37481 45357 45593 0.00629652
36096 44639 44672 0.000914229
38064 45518 45494 -0.000630517
37193 47008 47293 0.00766273
35685 45340 45260 -0.00224184
36308 43877 43878 2.75421e-05
36125 44312 44221 -0.00251903
35045 43520 43570 0.00142674
36219 44076 44092 0.000441757
35456 44223 43748 -0.0133969
35091 44738 44652 -0.00245077
35293 44524 44732 0.00589352
35939 43983 44168 0.00514761
34767 43168 43353 0.00532114
36468 44662 44889 0.00622464
35041 43639 43645 0.000171228
35919 43775 44200 0.0118322
36932 43928 44295 0.00993718
35682 43786 43888 0.00285858
35928 45626 45825 0.00553886
35638 44346 43987 -0.0100735
36217 43840 43868 0.000773118
35230 44412 44282 -0.00369004
37006 43682 43473 -0.00564773
35877 44532 44609 0.00214622
35984 44839 45092 0.0070309
35922 45309 45049 -0.0072379
36192 44290 44171 -0.00328802
36005 45129 45062 -0.00186085
33998 43497 43409 -0.00258839
35740 45309 45501 0.00537213
37845 44611 44723 0.00295944
35710 42791 43306 0.0144217
35209 44757 44557 -0.00568037
35069 45453 45373 -0.00228122
36146 43908 43963 0.00152161
33813 44146 44015 -0.00387425
36344 43949 44335 0.0106207
36259 45172 45256 0.00231667
38267 45106 45124 0.000470379
36323 45912 45561 -0.0096633
36213 44184 44460 0.00762157
35720 43721 43635 -0.00240761
35162 42819 43082 0.00747967
35412 43400 43279 -0.00341692
36470 45459 45783 0.00888401
34830 42938 43201 0.00755096
37809 44544 44634 0.00238039
35577 43559 43271 -0.00809512
34946 44169 44020 -0.00426372
36495 43604 43717 0.00309631
34848 43957 44056 0.00284091
36781 44294 44484 0.00516571
34462 44749 44574 -0.00507806
33891 42919 43206 0.00846832
38131 45150 45220 0.00183578
33670 42732 42801 0.0020493
37723 44554 44718 0.00434748
36557 45125 45386 0.00713954
38243 45561 45642 0.00211803
34640 44229 44221 -0.000230947
36464 44776 44818 0.00115182
36328 44113 43993 -0.00330324
35122 44376 44287 -0.00253402
34569 43325 43331 0.000173566
36458 44087 44281 0.00532119
36620 44817 44806 -0.000300382
34484 43599 43517 -0.00237791
35890 44950 44538 -0.0114795
35062 43490 43419 -0.00202498
35346 44349 44317 -0.000905336
34977 43772 43917 0.00414558
36162 44592 44753 0.00445219
35964 44288 44189 -0.00275275
35425 45080 44815 -0.00748059
36074 43800 43860 0.00166325
34930 43350 43328 -0.000629831
35904 44792 44562 -0.00640597
37047 44841 44772 -0.0018625
36482 43994 43924 -0.00191875
36002 45363 45230 -0.00369424
34840 43076 42801 -0.00789323
36749 44731 45151 0.0114289
36823 44540 44484 -0.00152079
36302 44781 44212 -0.0156741
37339 45284 45408 0.00332092
34573 43667 44012 0.00997889
34226 42994 42778 -0.00631099
35219 42752 42904 0.00431585
34337 44047 43510 -0.0156391
36376 43556 43557 2.74907e-05
35186 44805 44562 -0.00690616
37066 42571 42512 -0.00159176
35183 43851 43959 0.00306966
33862 42988 43118 0.00383911
33699 43586 43284 -0.00896169
35733 43916 44033 0.00327428
34990 45332 45546 0.00611603
34708 43981 43887 -0.00270831
37614 45541 45517 -0.00063806
36333 44415 44813 0.0109542
36021 44126 44047 -0.00219317
36158 44381 44484 0.00284861
35713 44696 44831 0.00378014
37083 44634 44509 -0.00337082
35026 43934 43953 0.000542454
36819 44185 44110 -0.00203699
36264 44045 43768 -0.00763843
36125 42651 42934 0.00783391
36491 45162 45196 0.000931737
36297 44486 44665 0.00493154
39190 45724 45885 0.00410819
34506 43506 43460 -0.0013331
38841 45492 45254 -0.00612755
36596 44023 43940 -0.00226801
33439 43732 43467 -0.00792488
35562 45657 45674 0.000478038
35783 43213 43570 0.0099768
34748 42471 42668 0.00566939
37094 46376 46292 -0.00226452
35329 44211 43943 -0.00758584
34131 42958 43188 0.00673874
37804 46092 46189 0.00256587
35788 43153 43219 0.00184419
33509 42339 42720 0.0113701
33574 43312 43249 -0.00187645
36213 43775 43841 0.00182255
34987 45677 45379 -0.00851745
35574 43763 43608 -0.00435711
35619 44736 45009 0.00766445
36420 45407 45547 0.00384404
37201 45267 44872 -0.010618
36045 43180 43287 0.00296851
34692 43277 42958 -0.0091952
37077 44734 44651 -0.00223858
35819 44514 44444 -0.00195427
35854 44779 44043 -0.0205277
35284 43274 43160 -0.00323093
36142 44541 44523 -0.000498036
37160 44602 44514 -0.00236814
37296 45055 44901 -0.00412913
36938 44870 44595 -0.00744491
35898 45767 45829 0.00172712
34720 43759 43796 0.00106567
36792 44558 44639 0.00220157
35324 43228 43381 0.00433133
35866 44498 44465 -0.000920091
35235 44331 44233 -0.00278133
36820 44394 44229 -0.00448126
36015 44634 44900 0.00738581
34784 42545 42725 0.00517479
35059 43666 43477 -0.00539091
35312 44288 44541 0.0071647
35440 42594 43083 0.013798
36929 43779 43825 0.00124563
35794 43523 43791 0.00748729
36174 43854 44099 0.00677282
35255 44622 44528 -0.00266629
35655 44148 44531 0.0107418
37236 43906 44504 0.0160597
36367 44820 44728 -0.00252977
35618 43967 43673 -0.00825425
35947 44662 44569 -0.00258714
36054 44316 44149 -0.00463194
36139 44921 45182 0.00722211
36041 44421 44540 0.0033018
34493 42995 42875 -0.00347897
35284 43361 43694 0.00943771
35274 43323 43742 0.0118784
34871 43799 44147 0.00997964
34294 43029 42932 -0.00282848
35736 44168 44093 -0.00209872
35839 44780 44765 -0.000418538
34865 43536 43557 0.000602323
36118 44848 44962 0.00315632
33143 43259 43227 -0.000965513
35209 43427 43347 -0.00227215
35390 44712 44542 -0.00480362
34679 42399 42689 0.00836241
35010 44620 44500 -0.00342759
34769 43440 43891 0.0129713
36448 45102 45203 0.00277107
35260 44207 44545 0.00958593
36844 45203 45225 0.000597112
35949 44046 44278 0.00645359
36546 45474 45628 0.00421387
36626 45562 45604 0.00114673
35679 45042 45273 0.0064744
36327 43706 43868 0.00445949
35737 43786 43911 0.00349778
35774 45338 45408 0.00195673
34956 42678 42424 -0.00726628
36119 43032 43412 0.0105208
37689 44504 44506 5.30659e-05
35494 44153 43573 -0.0163408
36292 44039 44269 0.00633748
34855 43901 43963 0.0017788
36343 45669 45513 -0.00429244
35604 44388 44275 -0.0031738
34471 43127 43068 -0.00171158
33826 43558 43641 0.00245373
35086 44862 45027 0.00470273
35162 42592 42698 0.00301462
36267 44608 44635 0.000744478
35771 44789 44930 0.00394174
38810 45285 45616 0.00852873
34661 43296 43108 -0.00542396
35379 44327 44613 0.00808389
36665 45670 45802 0.00360016
34904 43182 43260 0.0022347
36264 43495 43534 0.00107545
36558 45215 45067 -0.00404836
35688 44592 44529 -0.0017653
34257 43561 43288 -0.00796917
35986 44721 44867 0.00405713
36207 45503 45432 -0.00196095
36057 43824 43958 0.00371634
35730 44258 44183 -0.00209908
34813 44188 44110 -0.00224054
35783 44501 44610 0.00304614
36111 45487 45719 0.00642464
35097 43436 43154 -0.00803487
35611 43697 44105 0.0114571
37193 45204 45147 -0.00153255
35963 44139 44040 -0.00275283
36297 44548 44462 -0.00236934
36609 44639 44592 -0.00128384
36770 45785 45743 -0.00114224
36990 45199 45329 0.00351446
34838 43993 44037 0.00126299
36267 45311 45293 -0.000496319
37380 43503 44234 0.0195559
35986 44032 44366 0.00928139
36230 44956 44525 -0.0118962
34974 41961 41934 -0.000772002
34562 43404 43032 -0.0107633
36869 44871 44999 0.00347175
36174 43633 43570 -0.00174158
36082 44955 45036 0.00224489
36860 44252 44391 0.00377103
36901 44823 44700 -0.00333324
35791 44216 43969 -0.00690118
35801 43210 43074 -0.00379878
38144 45530 45490 -0.00104866
36413 45479 45670 0.00524538
37161 45825 45744 -0.0021797
36727 44671 44882 0.00574509
37702 45534 45475 -0.0015649
34605 45133 45020 -0.00326542
34563 44368 44249 -0.00344299
36747 45161 45287 0.00342885
37093 44722 44676 -0.00124013
34259 43780 43965 0.00540004
35854 44244 44237 -0.000195236
36283 44153 44057 -0.00264587
36896 45208 45068 -0.00379445
36285 44522 44854 0.00914979
35095 44839 44887 0.00136772
37330 45011 45327 0.00846504
37093 44700 44893 0.00520314
35414 44352 44441 0.00251313
36807 44241 44445 0.00554242
35514 45197 44800 -0.0111787
36265 45602 45688 0.00237143
35757 44458 44520 0.00173393
34572 43344 43229 -0.00332639
35307 45757 45932 0.00495652
35732 44026 43974 -0.00145528
35605 45005 45250 0.00688106
35025 42810 42860 0.00142755
37679 45571 45599 0.00074312
36061 43733 44023 0.00804193
37645 44630 44123 -0.0134679
34698 43779 43712 -0.00193095
36160 44542 44363 -0.00495022
35370 43582 43669 0.00245971
35994 43670 43144 -0.0146135
34933 44846 45002 0.00446569
37318 45812 45725 -0.00233131
35239 44038 44173 0.00383098
36542 44159 44522 0.00993377
35392 44700 45030 0.00932414
35555 44605 44630 0.000703136
34978 44015 44054 0.00111499
36377 46142 46222 0.00219919
34668 44516 44454 -0.00178839
34528 43997 44209 0.00613994
37517 46677 46379 -0.00794307
36947 45726 45300 -0.01153
36935 45081 45138 0.00154325
34071 42976 42943 -0.000968566
36194 44640 44395 -0.00676908
37801 45536 45241 -0.00780403
36182 45661 45712 0.00140954
35836 44392 44407 0.000418574
35789 44164 44203 0.00108972
35534 43482 43645 0.00458716
36680 44270 44203 -0.00182661
37033 44040 44179 0.00375341
37587 45838 45819 -0.000505494
35152 43314 43461 0.00418184
35999 44950 44809 -0.00391678
35476 43439 43594 0.00436915
34807 43637 43667 0.000861896
36434 44475 44689 0.00587363
35588 43961 43826 -0.00379341
35515 44310 44580 0.00760242
37870 44320 44446 0.00332717
