21709 26243 26368 0.00575798
21585 26423 26272 -0.0069956
22624 26619 26634 0.000663013
21220 27016 27183 0.00786993
22091 26343 26505 0.0073333
21594 26467 26456 -0.000509401
22780 26880 26902 0.000965759
21384 26385 26392 0.000327348
21438 26521 26504 -0.000792984
20830 25978 25915 -0.00302448
21707 26554 26371 -0.00843046
21413 26405 26450 0.00210153
21088 25698 25847 0.00706563
22040 27278 27199 -0.00358439
22220 26689 26668 -0.000945095
21492 26092 26002 -0.0041876
22467 26847 26684 -0.00725509
21187 26793 26774 -0.000896776
21519 25877 26014 0.00636647
21695 26433 26378 -0.00253515
21774 26830 27023 0.00886378
21693 26331 26350 0.000875859
21152 25874 25951 0.00364032
21494 26353 26326 -0.00125616
21358 26889 26896 0.000327746
22429 26395 26402 0.000312096
20995 26451 26153 -0.0141939
23026 26638 26786 0.00642752
21754 26418 26418 0
22965 26636 26459 -0.00770738
21889 27097 27109 0.000548221
21051 26413 26227 -0.00883568
22150 26327 26337 0.000451467
21908 26356 26262 -0.00429067
21331 26113 26161 0.00225025
20401 26245 25976 -0.0131856
21594 26168 26354 0.0086135
21791 27363 27019 -0.0157863
21952 26836 26773 -0.0028699
22021 26377 26326 -0.00231597
22780 27585 27604 0.000834065
20900 27137 27212 0.00358852
21630 26603 26692 0.00411466
21947 26576 26821 0.0111633
20613 25561 25800 0.0115946
22300 27437 27566 0.00578475
22163 26721 26639 -0.00369986
21525 26729 26674 -0.00255517
21481 26498 26488 -0.000465528
21781 26399 26340 -0.00270878
21911 25927 25855 -0.00328602
21285 26178 26365 0.00878553
21718 26010 25861 -0.00686067
21755 26625 26644 0.000873362
22920 26978 26941 -0.00161431
21908 26411 26531 0.00547745
21866 26718 26500 -0.00996982
22658 27104 27053 -0.00225086
21888 26541 26564 0.0010508
21790 25910 25879 -0.00142267
21213 26415 26551 0.00641116
21535 26096 26148 0.00241467
22187 26908 27041 0.0059945
22634 27170 27051 -0.00525758
20847 25146 25000 -0.00700341
22338 26160 26035 -0.00559585
22355 26059 26149 0.00402594
20585 26052 26449 0.0192859
21027 25636 25738 0.00485091
21451 26144 26132 -0.000559414
22053 26286 26354 0.00308348
20440 26641 26676 0.00171233
21905 27143 27195 0.00237389
21305 26827 26783 -0.00206524
20743 25796 25673 -0.00592971
21210 25681 25669 -0.000565771
20248 26169 26153 -0.000790202
21743 26634 26654 0.000919836
21033 26692 26609 -0.00394618
22171 26941 26747 -0.00875017
21027 25726 25570 -0.00741903
22199 26499 26750 0.0113068
21153 25950 26041 0.00430199
20525 26155 26076 -0.00384896
21669 26404 26198 -0.00950667
22257 26963 26819 -0.00646987
21689 25824 25672 -0.00700816
21634 27007 27211 0.0094296
22986 27745 27746 4.35047e-05
21637 27148 27176 0.00129408
22528 27466 27478 0.00053267
22270 26904 26911 0.000314324
22122 26620 26864 0.0110297
21499 26314 26303 -0.000511652
22472 27311 27431 0.00533998
21191 25607 25601 -0.000283139
22085 26119 26005 -0.00516187
21651 27169 27137 -0.00147799
21248 26618 26626 0.000376506
21763 26155 26170 0.000689243
21598 26887 26819 -0.00314844
21344 27128 27296 0.00787106
22035 26998 27003 0.000226912
21952 26855 26819 -0.00163994
20848 26581 26325 -0.0122794
22130 27037 27186 0.00673294
21813 26130 26183 0.00242974
21572 26187 26212 0.00115891
21177 26195 26257 0.0029277
22189 27432 27432 0
21798 27188 27186 -9.17515e-05
20966 25922 25967 0.00214633
21790 26409 26473 0.00293713
20982 26171 26173 9.53198e-05
21071 25454 25183 -0.0128613
21203 25785 25963 0.00839504
22257 26140 26102 -0.00170733
22146 26550 26487 -0.00284476
22422 27052 27157 0.0046829
22062 26507 26275 -0.0105158
22691 26617 26658 0.00180688
21713 26419 26541 0.00561875
20771 26783 26757 -0.00125175
21271 25666 25593 -0.0034319
21973 27155 27273 0.00537023
21613 27152 27026 -0.00582982
20773 26343 26193 -0.00722091
21545 27135 26875 -0.0120678
20924 26366 26283 -0.00396674
21820 27256 27387 0.00600367
21629 27034 26661 -0.0172454
22397 26945 26975 0.00133947
21472 26504 26570 0.00307377
22143 26894 26768 -0.00569029
22380 26835 26827 -0.000357462
21869 26461 26493 0.00146326
21605 26566 26555 -0.000509141
22136 27351 27334 -0.00076798
21734 25516 25500 -0.000736174
22629 26881 26951 0.00309338
21214 25982 25877 -0.00494956
21131 26270 26225 -0.00212957
20435 25177 25025 -0.00743822
21404 25996 25939 -0.00266305
21448 26338 26385 0.00219135
21532 26810 27025 0.00998514
22056 27078 27072 -0.000272035
20846 26041 25893 -0.00709968
22664 27231 27363 0.00582421
21806 26005 25921 -0.00385215
21870 26708 26695 -0.000594422
21341 26314 26212 -0.00477953
21705 26218 26203 -0.000691085
21806 26281 26349 0.00311841
21790 26386 26748 0.0166131
22267 26953 27047 0.00422149
21201 25913 25968 0.00259422
21477 26475 26272 -0.00945197
21760 26386 26437 0.00234375
21501 26236 26325 0.00413934
23001 27015 27044 0.00126081
21440 26861 26651 -0.00979478
22052 26562 26594 0.00145112
23062 26952 26911 -0.00177782
21494 25953 26041 0.00409417
22210 26260 26302 0.00189104
21220 26469 26730 0.0122997
22059 27375 27449 0.00335464
22038 27088 27006 -0.00372085
21836 27019 27129 0.00503755
21779 26392 26499 0.00491299
22329 26711 26557 -0.00689686
21252 26476 26461 -0.000705816
21217 26211 26060 -0.00711693
22160 26734 26713 -0.000947653
21692 26694 26717 0.0010603
22318 26700 26604 -0.00430146
21186 26183 26250 0.00316247
21623 26359 26375 0.000739953
21877 26591 26569 -0.00100562
22000 27008 27140 0.006
22206 26284 26134 -0.00675493
22656 26265 26452 0.00825388
21602 26123 26129 0.000277752
21660 27426 27110 -0.0145891
22183 27057 27022 -0.00157778
21091 26347 26199 -0.00701721
21170 25449 25473 0.00113368
22238 26862 26929 0.00301286
22689 27137 27101 -0.00158667
21532 26098 26123 0.00116106
21236 26932 26824 -0.0050857
21829 26711 26469 -0.0110862
22363 27286 27311 0.00111792
21825 26249 26326 0.00352806
21522 26115 26220 0.00487873
21241 26378 26234 -0.00677934
21760 26050 26041 -0.000413603
21727 25756 25726 -0.00138077
21069 26674 26584 -0.00427168
23243 28083 28010 -0.00314073
22370 26789 26716 -0.0032633
21973 26591 26559 -0.00145633
21901 27561 27470 -0.00415506
22346 26686 26779 0.00416182
21005 25317 25411 0.00447512
21388 26854 26625 -0.0107069
21294 26718 26739 0.000986193
21519 25520 25732 0.00985176
21309 26419 26282 -0.00642921
20456 24987 25133 0.00713727
22172 27106 27449 0.01547
21710 26386 26537 0.00695532
20992 26791 26761 -0.00142912
21593 26343 26331 -0.000555736
21501 26382 26383 4.65095e-05
22241 26221 26173 -0.00215818
22050 26435 26647 0.00961451
21753 26560 26588 0.00128718
22385 26318 26264 -0.00241233
22077 27138 26990 -0.00670381
21650 26059 26186 0.00586605
22732 27448 27418 -0.00131973
21275 25595 25553 -0.00197415
21510 27223 27195 -0.00130172
22282 27018 26989 -0.0013015
21570 26389 26326 -0.00292072
21486 25832 25781 -0.00237364
21331 26619 26584 -0.0016408
21824 26376 26395 0.000870601
21881 26850 26786 -0.00292491
21875 26896 26904 0.000365714
22250 27014 26770 -0.0109663
21330 26621 26624 0.000140647
21713 26323 26232 -0.00419104
21382 25726 25941 0.0100552
22161 26439 26418 -0.000947611
21421 26297 26416 0.0055553
22189 26540 26470 -0.00315472
20611 26245 26384 0.00674397
21998 25954 26094 0.00636421
21276 26432 26357 -0.0035251
21467 25717 25477 -0.01118
21799 25729 25959 0.0105509
22501 27150 27108 -0.00186658
22976 27378 27396 0.000783426
20661 25872 26131 0.0125357
21851 25860 25611 -0.0113954
21746 25827 25942 0.00528833
20969 25937 25993 0.00267061
20958 25417 25480 0.00300601
21524 26622 26656 0.00157963
21433 26506 26516 0.00046657
21657 25335 25410 0.00346308
21509 26049 26018 -0.00144126
21772 26304 26219 -0.0039041
22410 26425 26311 -0.00508701
21731 26508 26298 -0.00966361
20859 26381 26265 -0.00556115
21693 26220 26291 0.00327295
21273 26091 26081 -0.000470079
21740 26306 26263 -0.00197792
21912 26850 26884 0.00155166
21219 25801 25885 0.00395872
22133 27100 27156 0.00253016
21795 26092 26029 -0.00289057
21504 26387 26446 0.00274368
21224 26455 26603 0.00697324
21943 26135 26321 0.00847651
21857 25849 25747 -0.0046667
21664 26945 26978 0.00152326
21726 26146 26225 0.0036362
22195 26160 26309 0.00671322
22203 26369 26487 0.0053146
22161 27121 27022 -0.00446731
21031 26805 26872 0.00318577
21746 26867 26960 0.00427665
20982 25517 25521 0.00019064
22196 27183 27273 0.00405478
21847 26613 26729 0.00530965
21926 26902 26862 -0.00182432
20725 25918 25658 -0.0125452
21167 25789 25667 -0.00576369
21767 27013 26963 -0.00229706
21855 25929 25904 -0.0011439
22370 26951 26878 -0.0032633
20870 25574 25613 0.00186871
22702 27353 27383 0.00132147
22338 26669 26723 0.00241741
22164 26824 26767 -0.00257174
22430 26454 26460 0.000267499
21463 26161 26188 0.00125798
21609 26023 26308 0.0131889
22113 26443 26548 0.00474834
22222 26657 26551 -0.00477005
21459 26326 26224 -0.00475325
22168 27365 27387 0.000992422
21094 26244 26323 0.00374514
21732 27100 27287 0.00860482
21701 26554 26587 0.00152067
20417 25748 25807 0.00288975
21583 26627 26623 -0.000185331
21438 26425 26460 0.00163261
22377 27102 26935 -0.00746302
20603 25643 25876 0.011309
20565 26475 26363 -0.00544615
21819 26878 26920 0.00192493
22027 26775 26688 -0.0039497
20690 26289 26322 0.00159497
21434 26060 25993 -0.00312587
21944 26521 26509 -0.000546847
21635 25746 25667 -0.00365149
21616 26186 26105 -0.00374722
22141 26857 26976 0.00537464
21736 26046 25968 -0.00358852
22162 27404 27532 0.00577565
21860 26494 26590 0.00439158
20280 25750 25657 -0.0045858
21366 26138 26138 0
20362 25931 26050 0.00584422
21483 25617 25378 -0.0111251
21186 25379 25480 0.0047673
22052 26467 26470 0.000136042
21296 26519 26362 -0.00737228
21289 26356 26480 0.0058246
20950 26678 26587 -0.00434368
22067 26571 26457 -0.00516609
21627 26286 26353 0.00309798
20584 25664 25788 0.0060241
22283 27354 27288 -0.0029619
21246 26098 26022 -0.00357714
21589 26360 26408 0.00222335
21189 26044 26079 0.0016518
20944 26492 26555 0.00300802
20958 25567 25698 0.0062506
21375 26806 26807 4.67836e-05
21563 26252 26257 0.000231879
22746 27100 27162 0.00272575
21370 25666 25587 -0.00369677
22421 27284 27216 -0.00303287
21204 26616 26531 -0.00400868
21767 26506 26542 0.00165388
21592 26391 26263 -0.00592812
22054 26202 26292 0.00408089
21705 26195 26185 -0.000460723
22931 27086 26820 -0.0116
21997 26633 26716 0.00377324
22525 26517 26723 0.00914539
21434 26340 26212 -0.00597182
21671 25858 25977 0.00549121
22516 27303 27264 -0.0017321
21972 26399 26513 0.00518842
21396 26503 26147 -0.0166386
21877 26558 26365 -0.00882205
21643 26221 26293 0.00332671
22618 26375 26333 -0.00185693
21487 25977 25915 -0.00288547
21776 27448 27415 -0.00151543
20929 26013 26018 0.000238903
21615 26369 26514 0.0067083
21678 26144 26105 -0.00179906
22175 26202 26163 -0.00175874
21988 26780 26722 -0.0026378
22066 26798 26640 -0.00716034
22140 27334 27318 -0.000722674
21308 26627 26807 0.00844753
21908 25643 25626 -0.000775972
22340 26809 26960 0.00675918
21585 26390 26415 0.00115821
21781 26716 26744 0.00128552
23124 27343 27367 0.00103788
21649 26379 26396 0.000785256
20670 26003 25909 -0.00454765
22442 27276 27367 0.0040549
21704 26882 26875 -0.000322521
21393 26807 26755 -0.0024307
21548 26270 26195 -0.0034806
22084 26607 26762 0.00701866
22036 26554 26578 0.00108913
21232 26704 26569 -0.00635833
21050 26419 26179 -0.0114014
21915 26587 26543 -0.00200776
22488 26594 26420 -0.00773746
22698 26795 26827 0.00140982
21059 26205 26134 -0.00337148
21359 26155 26106 -0.00229411
21028 26365 26347 -0.000856002
21000 26553 26533 -0.000952381
21604 26297 26356 0.00273098
22063 27255 27188 -0.00303676
21229 26496 26409 -0.00409817
22198 26760 27016 0.0115326
21899 26247 26406 0.00726061
22859 27338 27385 0.00205608
22511 26768 27004 0.0104838
21771 26449 26347 -0.00468513
21586 26693 26662 -0.00143612
20625 26370 26375 0.000242424
22056 26166 26148 -0.000816104
21729 26429 26587 0.00727139
20731 26013 26055 0.00202595
21046 26044 25995 -0.00232823
21974 25975 25833 -0.00646218
21429 25798 25904 0.00494657
21705 26384 26414 0.00138217
20167 25959 25888 -0.0035206
21136 26058 26217 0.00752271
20588 25878 25929 0.00247717
22221 27702 27722 0.00090005
21454 26297 26269 -0.00130512
20810 26654 26431 -0.010716
21877 26261 26146 -0.00525666
21545 26288 26235 -0.00245997
22468 27116 27197 0.00360513
21784 26113 26163 0.00229526
21280 26324 26160 -0.00770677
22330 26948 27050 0.00456785
21934 25960 26004 0.00200602
22419 26714 26748 0.00151657
21263 25753 25782 0.00136387
21976 26739 26724 -0.000682563
21386 26940 26787 -0.00715421
22366 27058 27035 -0.00102835
22007 26406 26583 0.0080429
21763 26676 26535 -0.00647889
21177 27159 27183 0.00113331
22539 26880 26984 0.00461422
21719 26619 26569 -0.00230213
20938 26073 26331 0.0123221
22284 26384 26380 -0.000179501
21609 26471 26406 -0.00300801
22953 27446 27369 -0.00335468
22074 26719 26684 -0.00158558
21297 26055 26295 0.0112692
21399 25601 25592 -0.00042058
22297 26645 26540 -0.00470915
21454 25863 25969 0.0049408
21290 26534 26490 -0.0020667
21850 26302 26256 -0.00210526
22170 27022 27076 0.00243572
21316 26486 26391 -0.00445675
21530 26194 26131 -0.00292615
21458 25784 25969 0.00862149
20733 26073 26174 0.00487146
21143 25894 26190 0.0139999
21905 26085 26025 -0.0027391
22250 26876 26788 -0.00395506
21200 25982 25996 0.000660377
21626 26238 26402 0.00758346
21879 26898 27139 0.0110151
21560 26379 26472 0.00431354
21731 26501 26669 0.00773089
21728 26512 26563 0.0023472
22056 26355 26418 0.00285637
21522 26962 26665 -0.0137998
22202 27005 26841 -0.00738672
23333 27735 27638 -0.0041572
21488 26412 26480 0.00316456
21579 26800 26609 -0.0088512
22679 26402 26383 -0.000837779
20628 26272 26247 -0.00121194
21901 26489 26650 0.00735126
21971 26767 26624 -0.00650858
21391 26418 26276 -0.00663831
21658 26861 26770 -0.00420168
22577 27100 27321 0.00978872
22923 28053 27911 -0.00619465
21005 26257 26477 0.0104737
21280 26515 26486 -0.00136278
21938 26191 26191 0
21696 27360 27191 -0.00778945
21417 26240 26280 0.00186768
20517 26377 26446 0.00336306
22409 26901 26858 -0.00191887
21123 25672 25711 0.00184633
23272 26974 27109 0.00580096
21248 26206 26231 0.00117658
21251 26074 26294 0.0103525
22396 27146 27300 0.00687623
20760 26024 26115 0.00438343
21787 27415 27437 0.00100978
21252 25633 25411 -0.0104461
21703 26967 26839 -0.0058978
21378 26170 26143 -0.00126298
20864 26750 26672 -0.0037385
21954 26614 26570 -0.00200419
22560 26786 26871 0.00376773
22263 26831 26838 0.000314423
20219 26086 26110 0.001187
21993 26763 26713 -0.00227345
21502 26668 26544 -0.00576691
21149 26470 26455 -0.000709253
21644 26204 26448 0.0112733
21993 26626 26780 0.00700223
21733 26060 26198 0.00634979
22048 26095 26262 0.00757438
21538 26513 26558 0.00208933
21156 26594 26609 0.000709019
22347 26256 26290 0.00152146
21034 26467 26312 -0.00736902
20794 25898 25829 -0.00331826
22003 26322 26314 -0.000363587
22570 26543 26436 -0.00474081
21568 25328 25516 0.00871662
20451 25931 25847 -0.00410738
22090 25964 26225 0.0118153
23070 27123 27321 0.00858257
21743 26519 26574 0.00252955
21542 26799 26912 0.00524557
21538 26559 26505 -0.0025072
21448 25673 25594 -0.00368333
22110 26755 26775 0.000904568
21562 27124 26977 -0.00681755
21990 26941 26994 0.00241019
22151 26856 26682 -0.00785518
21405 26723 26739 0.000747489
21684 26798 26908 0.00507286
22120 26962 26973 0.000497288
21800 26837 26754 -0.00380734
21830 26950 26903 -0.002153
20462 25693 25415 -0.0135862
21639 26334 26354 0.000924257
22117 26116 26246 0.00587783
21760 26498 26606 0.00496324
21319 25565 25679 0.00534734
20532 25587 25474 -0.0055036
21084 26063 26004 -0.00279833
21650 26429 26373 -0.00258661
21166 26133 26003 -0.00614193
22096 26931 26859 -0.00325851
21489 26050 26085 0.00162874
22057 26173 26016 -0.00711792
22187 27154 27149 -0.000225357
21025 25586 25498 -0.00418549
20890 25640 25705 0.00311154
22408 26803 26898 0.00423956
21958 26886 26955 0.00314236
21886 26534 26626 0.0042036
21179 25502 25506 0.000188866
22078 26472 26438 -0.00153999
22534 27098 27033 -0.00288453
21237 25733 25689 -0.00207186
21101 26129 26262 0.00630302
22218 26485 26385 -0.00450086
20694 25866 26179 0.0151252
21494 26360 26320 -0.00186098
21957 26924 26891 -0.00150294
22339 26689 26645 -0.00196965
22534 27225 27393 0.0074554
21430 26729 26936 0.00965936
21373 26557 26687 0.00608244
22304 26618 26750 0.00591822
21505 26285 26394 0.00506859
21757 26325 26390 0.00298754
21197 25998 26063 0.00306647
21670 26259 26552 0.013521
22418 27062 27066 0.000178428
21490 26399 26412 0.000604933
21703 26065 26156 0.00419297
21788 26149 26150 4.58968e-05
20384 25700 25656 -0.00215856
21559 26715 26828 0.00524143
22657 27029 27030 4.41365e-05
21448 26549 26544 -0.000233122
22100 26839 26764 -0.00339367
21063 26018 25996 -0.00104449
21260 25839 25829 -0.000470367
22282 26500 26468 -0.00143614
21756 26457 26441 -0.000735429
21196 26405 26426 0.000990753
22818 27113 27163 0.00219125
22378 27367 27421 0.00241308
22289 26172 26138 -0.00152542
21398 26669 26773 0.00486027
22481 26784 26828 0.00195721
22653 26810 26956 0.00644506
20843 26726 26692 -0.00163124
20848 25628 25557 -0.0034056
21578 26751 26564 -0.00866623
20966 26212 26071 -0.00672517
21351 25842 25894 0.00243548
22488 26093 26117 0.00106724
22817 27024 26986 -0.00166542
20571 25690 25706 0.000777794
21161 26700 26788 0.00415859
21648 27083 27074 -0.000415743
20725 25857 25803 -0.00260555
21061 26194 26281 0.00413086
20389 26677 26638 -0.0019128
21581 26045 25963 -0.00379964
23308 27941 27627 -0.0134718
21787 26460 26303 -0.00720613
20582 25925 26037 0.00544165
21241 25835 25780 -0.00258933
22271 26618 26755 0.0061515
20926 26024 25936 -0.00420529
20598 25604 25465 -0.00674823
22171 26206 26312 0.00478102
21312 26060 25949 -0.00520833
22079 26553 26601 0.00217401
21264 25597 25692 0.00446764
21709 25971 26042 0.00327053
21978 25884 26419 0.0243425
21338 26623 26600 -0.00107789
21799 26191 26220 0.00133034
21287 26472 26552 0.00375816
22581 27223 27084 -0.00615562
21946 26629 26380 -0.011346
20963 26521 26548 0.00128798
22068 26701 26851 0.00679717
21527 26664 26593 -0.00329818
21090 26322 26327 0.000237079
21003 26224 26198 -0.00123792
21732 26757 26642 -0.00529174
22448 26010 25883 -0.00565752
21887 26224 26178 -0.0021017
21262 26562 26549 -0.000611419
21130 26114 26156 0.0019877
21496 26148 25974 -0.00809453
21157 26756 26589 -0.00789337
22396 26774 26512 -0.0116985
21536 26040 26265 0.0104476
22443 26883 26873 -0.000445573
21502 26340 26230 -0.0051158
20616 26015 26190 0.00848855
21292 25598 25627 0.00136201
22099 26638 26791 0.00692339
21340 26398 26200 -0.00927835
21313 26302 26628 0.0152958
21989 26495 26453 -0.00191005
21753 26498 26421 -0.00353974
22206 26808 26969 0.00725029
22242 26963 26927 -0.00161856
21056 26622 26666 0.00208967
23366 27368 27288 -0.00342378
21071 26157 26146 -0.000522045
21842 26352 26272 -0.00366267
20909 25560 25732 0.00822612
21750 25842 25864 0.00101149
21956 26858 26978 0.00546548
21255 25956 26112 0.00733945
22028 26208 26275 0.00304158
21450 26247 26260 0.000606061
22753 26735 26718 -0.000747154
21237 26480 26732 0.0118661
21670 27032 27014 -0.000830641
21599 26101 26053 -0.00222233
21929 27091 27152 0.0027817
22292 27386 27463 0.00345415
20942 26542 26365 -0.00845191
21110 26634 26700 0.00312648
21509 25898 25493 -0.0188293
20943 26410 26522 0.00534785
21924 26781 26715 -0.0030104
22212 27024 27192 0.00756348
22508 26769 26665 -0.00462058
22791 27065 26901 -0.00719582
22868 27163 27112 -0.00223019
21649 26765 26794 0.00133955
20738 25896 26014 0.00569004
22040 26843 26917 0.00335753
21703 26716 26408 -0.0141916
20705 26552 26541 -0.000531273
21273 26228 26119 -0.00512387
21320 26398 26609 0.00989681
21820 26585 26613 0.00128323
21785 26383 26467 0.00385586
21613 26004 25893 -0.0051358
20293 25897 25890 -0.000344947
22223 26262 26235 -0.00121496
21332 26457 26448 -0.000421901
22131 27036 27113 0.00347928
21446 27099 27132 0.00153875
21539 26639 26445 -0.00900692
21866 27249 27299 0.00228666
22230 27369 27440 0.00319388
23024 26694 26816 0.00529882
21172 26149 26036 -0.00533724
21896 26527 26530 0.000137011
21259 26281 26211 -0.00329272
22627 26665 26813 0.00654086
21740 26615 26714 0.00455382
21748 26700 26698 -9.19625e-05
21692 27008 27064 0.0025816
21534 26290 26259 -0.00143958
21657 26565 26509 -0.00258577
21425 27075 27140 0.00303384
21620 26411 26553 0.00656799
22503 26452 26525 0.00324401
23138 27211 27264 0.0022906
21177 25968 26054 0.00406101
22360 27004 26938 -0.0029517
22250 27193 27408 0.00966292
21637 26508 26509 4.62171e-05
23140 27173 27252 0.003414
22319 27990 27934 -0.00250907
21562 27022 27092 0.00324645
22095 26320 26350 0.00135777
22134 26792 26653 -0.00627993
21300 26341 26362 0.000985915
21528 26728 26698 -0.00139353
21704 26553 26541 -0.000552893
21122 26640 26744 0.00492378
21175 26678 26708 0.00141677
21763 26577 26547 -0.00137849
20902 25799 25764 -0.00167448
22385 26751 26673 -0.00348448
20974 25824 25921 0.00462477
21700 26222 26326 0.00479263
22655 26452 26448 -0.000176561
22010 25936 25986 0.00227169
21808 27377 27315 -0.00284299
21818 26323 26348 0.00114584
22218 26353 26543 0.00855162
21750 26747 26843 0.00441379
22607 26338 26691 0.0156146
21705 26784 26822 0.00175075
22189 26699 26645 -0.00243364
21283 26831 26854 0.00108067
22150 26459 26465 0.00027088
22164 26905 26882 -0.00103772
20875 25525 25447 -0.00373653
21833 27162 27300 0.00632071
22914 26898 26986 0.00384045
21694 25795 25970 0.00806675
21019 26555 26672 0.00556639
21537 27109 27196 0.00403956
22345 26466 26494 0.00125308
20680 26568 26593 0.0012089
21863 26840 26927 0.00397933
22096 26790 26703 -0.00393736
22878 27130 27127 -0.00013113
22226 27163 27159 -0.000179969
21803 26560 26549 -0.000504518
21791 26227 26185 -0.0019274
21566 25910 25851 -0.00273579
21727 25915 25858 -0.00262346
22284 26941 26833 -0.00484653
21285 25851 25879 0.00131548
22713 26357 26210 -0.00647206
21886 26131 26221 0.00411222
21352 26432 26312 -0.00562008
22411 26312 26603 0.0129847
21086 26449 26572 0.00583325
22166 26164 26218 0.00243616
20810 26095 26150 0.00264296
20482 25955 25765 -0.00927644
22722 26873 26862 -0.000484112
20540 25619 25699 0.00389484
23105 27115 27047 -0.00294309
21820 26675 26973 0.0136572
22769 26720 26829 0.00478721
21409 26310 26397 0.00406371
22098 26708 26773 0.00294144
22173 26930 26890 -0.001804
21312 25831 25881 0.0023461
21457 26237 26224 -0.000605863
22003 26365 26394 0.001318
21801 26713 26731 0.00082565
20998 26049 25978 -0.00338127
21344 26704 26720 0.000749625
21502 25742 25744 9.30146e-05
21107 26179 26185 0.000284266
21240 26258 26176 -0.00386064
21916 26610 26731 0.00552108
22012 26383 26457 0.0033618
21571 27102 27055 -0.00217885
21887 26476 26472 -0.000182757
21508 26238 26352 0.00530035
22030 26823 26901 0.00354063
22117 26914 26851 -0.00284849
21822 26452 26689 0.0108606
21738 26953 26757 -0.00901647
20906 25871 25939 0.00325265
21935 26604 26693 0.00405744
22003 26704 26273 -0.0195882
21705 26588 26530 -0.0026722
22410 27196 27285 0.00397144
20732 25858 25918 0.00289408
20371 25273 25351 0.00382897
21197 25579 25558 -0.000990706
21083 26393 26378 -0.000711474
21862 26006 26044 0.00173818
21493 26826 26552 -0.0127483
22343 25802 25763 -0.00174551
21144 26327 26305 -0.00104048
20723 25826 25800 -0.00125464
20782 26060 25916 -0.00692907
21531 26161 26030 -0.00608425
21302 26797 26836 0.00183081
21039 25977 25872 -0.00499073
22072 26301 26406 0.00475716
21644 26696 26768 0.00332656
21656 26448 26561 0.00521795
21889 26676 26639 -0.00169035
21500 26388 26312 -0.00353488
22175 26559 26649 0.00405862
21152 26299 26262 -0.00174924
22225 26478 26497 0.000854893
21891 26204 26150 -0.00246677
21892 25602 25703 0.00461356
22265 27060 27057 -0.000134741
21545 26205 26339 0.00621954
23793 27066 27192 0.00529568
20929 26515 26576 0.00291462
23119 27015 27071 0.00242225
21784 25860 25707 -0.0070235
20298 26024 26052 0.00137945
21358 27213 27102 -0.00519712
21792 26176 26165 -0.000504772
21092 25582 25680 0.00464631
22490 27678 27870 0.00853713
21914 26627 26559 -0.00310304
20768 26309 26083 -0.0108821
22735 27107 27165 0.00255113
22012 26161 26116 -0.00204434
20360 25629 25462 -0.00820236
20235 25780 25796 0.000790709
21777 26327 26295 -0.00146944
21474 27131 27022 -0.00507591
21415 26143 26140 -0.000140089
21715 26406 26410 0.000184204
21982 27058 27182 0.00564098
22602 26933 27153 0.00973365
21982 26140 26170 0.00136475
21409 25711 25747 0.00168154
22386 26409 26511 0.00455642
21420 26326 26323 -0.000140056
21790 26461 26415 -0.00211106
21605 25875 25944 0.00319371
22152 26562 26530 -0.00144456
22513 26315 26268 -0.00208768
22414 26484 26415 -0.00307843
22450 26712 26624 -0.00391982
21605 27061 27247 0.00860912
21544 26558 26522 -0.001671
21996 26769 26749 -0.000909256
21310 26090 25936 -0.00722665
22028 26614 26575 -0.00177047
21345 26286 26487 0.00941673
22118 26451 26372 -0.00357175
21645 26579 26719 0.00646801
21121 26007 25990 -0.000804886
21386 25941 25844 -0.00453568
21277 26593 26570 -0.00108098
21465 25655 25701 0.00214302
22010 26173 26152 -0.000954112
21991 26652 26602 -0.00227366
22147 26472 26420 -0.00234795
21634 26376 26294 -0.00379033
21697 26304 26222 -0.00377932
22272 26489 26592 0.00462464
21814 26472 26435 -0.00169616
21361 26407 26520 0.00529001
21729 26680 26588 -0.00423397
21307 26473 26198 -0.0129066
21620 27036 26941 -0.00439408
21640 26557 26541 -0.000739372
21481 25918 26117 0.009264
21524 26470 26099 -0.0172366
21612 26217 26167 -0.00231353
21185 26483 26406 -0.00363465
20983 25771 25849 0.00371729
21249 25890 25931 0.0019295
21515 26509 26555 0.00213804
21337 26411 26543 0.00618644
21941 26715 26751 0.00164076
20069 25718 25568 -0.00747421
21327 26171 26359 0.00881512
21380 26400 26344 -0.00261927
20902 26014 25927 -0.00416228
20961 26895 26765 -0.00620199
20893 26112 26050 -0.0029675
22043 26765 26790 0.00113415
21527 26681 26789 0.00501696
22112 26905 26996 0.00411541
22046 26429 26573 0.0065318
22023 26986 27077 0.00413204
22073 27250 27225 -0.00113261
21644 27250 27168 -0.00378858
22021 26394 26363 -0.00140775
22011 26255 26362 0.00486121
21261 26682 26649 -0.00155214
21164 25625 25629 0.000189
22211 25950 26070 0.00540273
22779 26358 26437 0.00346811
21770 26404 26266 -0.006339
21908 26641 26645 0.000182582
21085 26483 26406 -0.00365189
21589 26990 26991 4.63199e-05
21996 26384 26354 -0.00136388
21254 26382 26378 -0.0001882
20547 25992 25920 -0.00350416
21389 26638 26646 0.000374024
21258 25301 25227 -0.00348104
22135 27092 27002 -0.00406596
21509 26643 26553 -0.00418429
23261 27528 27473 -0.00236447
21518 26221 26053 -0.00780742
21223 26299 26342 0.0020261
21997 27032 27380 0.0158203
21233 25446 25763 0.0149296
21676 25638 25690 0.00239897
21777 27239 27042 -0.00904624
21721 26126 26161 0.00161134
20933 26449 26477 0.0013376
21858 26821 26829 0.000365999
21974 27063 27107 0.00200237
21889 26480 26302 -0.00813194
21886 26493 26389 -0.0047519
21457 26917 26912 -0.000233024
22009 26669 26714 0.00204462
21718 26644 26871 0.0104522
21264 26087 26166 0.0037152
21154 26184 26288 0.00491633
22217 26852 26650 -0.00909214
21881 26416 26432 0.000731228
22058 26583 26499 -0.00380814
21999 27024 26903 -0.00550025
22580 27409 27393 -0.000708592
22389 26852 26452 -0.0178659
21231 26161 26516 0.0167208
21957 26672 26716 0.00200392
22517 26337 26375 0.00168761
21931 26367 26359 -0.00036478
21858 26065 26174 0.00498673
21008 25364 25412 0.00228484
21254 26281 26465 0.00865719
22078 26772 26750 -0.000996467
22040 26376 26489 0.00512704
22035 26583 26680 0.00440209
22715 26724 26860 0.00598723
22117 26598 26587 -0.000497355
21505 25960 25908 -0.00241804
21929 26450 26434 -0.000729627
23050 27256 27282 0.00112798
21809 27016 27145 0.00591499
22759 27438 27555 0.00514082
22157 26613 26604 -0.000406192
22625 27180 27166 -0.000618785
20894 26845 26903 0.00277592
20744 26676 26468 -0.010027
22274 27255 27258 0.000134686
22611 26735 26700 -0.00154792
21112 26675 26717 0.00198939
21809 26410 26488 0.00357651
21926 26193 26230 0.00168749
22059 26315 26374 0.00267465
22011 27202 27161 -0.00186271
21100 26177 26118 -0.00279621
22415 27117 27017 -0.0044613
21943 26579 26596 0.000774735
21257 26499 26421 -0.00366938
22226 26152 26241 0.00400432
21732 26962 26590 -0.0171176
21806 26862 26886 0.00110061
21545 26100 26158 0.00269204
21309 26013 26081 0.00319114
21535 26852 26871 0.000882285
21538 25907 25905 -9.28591e-05
21614 26955 27003 0.00222078
21336 25820 25824 0.000187477
22629 26800 26740 -0.00265146
21976 26100 26046 -0.00245723
22163 26154 26070 -0.0037901
21022 26259 26251 -0.000380554
21676 26368 26374 0.000276804
21596 26294 26278 -0.000740878
21668 25852 25847 -0.000230755
21228 26745 26459 -0.0134728
22641 27174 27104 -0.00309174
21522 26256 26296 0.00185856
22020 26489 26468 -0.000953678
21471 27047 27201 0.00717247
21463 26400 26346 -0.00251596
21444 26422 26416 -0.000279799
21971 27285 27302 0.000773747
20913 26611 26664 0.00253431
20847 27038 26797 -0.0115604
22457 27208 27328 0.00534355
22529 27210 27046 -0.00727951
22216 26716 26690 -0.00117033
21025 25961 26214 0.0120333
21782 26333 26278 -0.00252502
22499 26876 26792 -0.0037335
21881 27081 27123 0.00191947
21683 26346 26304 -0.001937
21827 26388 26251 -0.00627663
21419 26030 25984 -0.00214763
21531 26407 26373 -0.00157912
22145 26564 26362 -0.0091217
22568 26988 27097 0.00482985
21047 26017 26097 0.00380102
21664 26989 26904 -0.00392356
21367 26081 26071 -0.000468011
20700 25611 25602 -0.000434783
22033 26327 26513 0.00844188
21318 25919 25889 -0.00140726
21411 26371 26426 0.00256877
22567 26724 26804 0.003545
