36095 42527 42667 0.00387865
35760 41987 42058 0.00198546
36880 42812 42759 -0.00143709
36011 43149 43226 0.00213824
36875 43476 43285 -0.00517966
36286 42095 42308 0.00587003
37833 43480 43441 -0.00103085
36357 42919 42857 -0.00170531
36132 42521 42597 0.0021034
36108 41920 41925 0.000138473
37072 43402 43386 -0.000431593
36210 42635 42514 -0.00334162
35086 42693 42555 -0.00393319
35945 43124 42948 -0.00489637
36925 42541 42595 0.00146242
36305 43007 42863 -0.0039664
37177 43284 43379 0.00255534
36242 42559 42537 -0.000607031
35684 42204 42014 -0.00532452
36084 42572 42656 0.0023279
36340 43664 43600 -0.00176114
37708 43367 43511 0.00381882
35567 42211 42156 -0.00154638
36499 42934 42913 -0.000575358
35104 42117 42250 0.00378874
36736 42957 42754 -0.00552591
36261 43007 42991 -0.000441245
36803 42546 42505 -0.00111404
36869 43134 43211 0.00208848
37332 42706 42261 -0.0119201
36993 44037 43883 -0.00416295
34946 41873 41748 -0.00357695
36604 42720 42778 0.00158453
36729 41776 41771 -0.000136132
35496 42357 42449 0.00259184
34662 42055 42120 0.00187525
36247 42615 42646 0.000855243
36478 43372 43332 -0.00109655
35724 42712 42683 -0.000811779
36292 42131 42147 0.000440869
37952 43890 43837 -0.0013965
35126 42535 42726 0.00543757
36868 43132 43198 0.00179017
36195 43642 43452 -0.00524934
34836 41779 41538 -0.00691813
37187 43619 43580 -0.00104875
36064 42564 42617 0.00146961
36093 43196 43109 -0.00241044
36202 43261 43210 -0.00140876
35440 41757 41817 0.001693
36952 41681 41950 0.00727971
35262 42374 42213 -0.00456582
36164 41748 41877 0.00356708
35658 41896 41911 0.000420663
37457 43404 43348 -0.00149505
36259 42356 42250 -0.00292341
36151 42882 42838 -0.00121712
37033 43326 43318 -0.000216024
35953 42710 42531 -0.00497872
36324 42114 42216 0.00280806
35773 42124 42285 0.0045006
35713 42523 42392 -0.00366813
36159 42174 42099 -0.00207417
37316 43422 43119 -0.00811984
35454 41971 41557 -0.0116771
37593 42842 42832 -0.000266007
37681 42622 42676 0.00143308
34965 42601 42445 -0.0044616
35616 42123 42080 -0.00120732
36449 42837 42940 0.00282587
36236 42349 42049 -0.00827906
35089 42469 42414 -0.00156744
36719 42989 43381 0.0106757
34802 42784 42781 -8.62019e-05
36019 42664 42756 0.00255421
36256 42417 42384 -0.000910194
34903 42395 42457 0.00177635
35348 42504 42281 -0.0063087
35969 44167 43911 -0.00711724
37219 43292 43066 -0.00607217
35403 41398 41365 -0.000932124
36561 42209 42338 0.00352835
34742 41372 41431 0.00169823
33854 40931 41136 0.00605541
36012 42750 42725 -0.000694213
37094 43333 43294 -0.00105138
36572 41366 41373 0.000191403
36312 43934 44118 0.0050672
36926 43248 43004 -0.00660781
36232 43411 43516 0.00289799
37153 43862 43894 0.000861303
36517 42565 42535 -0.000821535
36122 42715 42912 0.00545374
36367 42365 42257 -0.00296973
37184 43515 43218 -0.00798731
35546 41625 41693 0.00191301
36202 41885 41908 0.000635324
35834 43199 43250 0.00142323
36090 41998 42332 0.00925464
35411 41212 41028 -0.00519613
36050 42702 42572 -0.0036061
36524 43461 43317 -0.00394261
37001 43336 43297 -0.00105403
35837 42216 42044 -0.00479951
35089 42304 42520 0.00615578
36820 43223 43139 -0.00228137
36752 42727 42650 -0.00209512
36481 43286 43336 0.00137058
35272 42215 42129 -0.00243819
36444 42917 42927 0.000274394
36620 42898 42845 -0.0014473
34915 41409 41511 0.00292138
37152 43217 43244 0.000726744
35500 42230 42173 -0.00160563
36122 41286 41667 0.0105476
36234 42343 42364 0.000579566
37271 42070 42163 0.00249524
37256 43158 43250 0.0024694
36909 43529 43495 -0.000921185
35966 41739 41700 -0.00108436
36987 42523 42675 0.00410955
35758 42619 42675 0.00156608
35767 43081 43126 0.00125814
35234 41698 41566 -0.00374638
36304 43080 43191 0.00305751
34932 42427 42270 -0.00449445
35629 42209 42304 0.00266637
36243 42505 42616 0.00306266
35499 42653 42897 0.00687343
36275 42961 43070 0.00300482
35984 42807 42702 -0.00291796
37258 43224 43319 0.00254979
36426 42574 42476 -0.00269039
35263 42551 42554 8.5075e-05
35990 42882 42767 -0.00319533
36100 42119 42191 0.00199446
36119 43017 43088 0.00196572
37062 43401 43228 -0.00466785
37393 41924 41927 8.02289e-05
37176 43146 43225 0.00212503
36076 41512 41771 0.00717929
35466 41513 41566 0.00149439
35210 40995 40891 -0.00295371
35669 42088 42275 0.00524265
35616 42295 42175 -0.00336927
36417 42551 42582 0.000851251
37174 43204 43285 0.00217894
35998 41482 41358 -0.00344464
36791 42604 42655 0.00138621
35497 41543 41666 0.00346508
35500 42206 42201 -0.000140845
35927 42372 42341 -0.000862861
35888 42135 41979 -0.00434686
35824 42044 42037 -0.0001954
35839 42206 42262 0.00156254
36461 42511 42482 -0.00079537
35487 42141 42124 -0.000479049
35648 42169 42090 -0.00221611
35818 42588 42610 0.000614216
35335 42124 42109 -0.000424508
37085 42517 42759 0.00652555
35651 42797 42668 -0.00361841
35998 42066 41971 -0.00263904
37362 43254 43200 -0.00144532
36123 42134 42156 0.00060903
36769 42323 42548 0.00611929
35845 42865 43022 0.00437997
36309 42825 42915 0.00247872
35729 43207 43091 -0.00324666
36014 43161 42815 -0.00960737
36247 42453 42512 0.00162772
36671 43514 43317 -0.00537209
35633 42341 42272 -0.00193641
35592 41754 41662 -0.00258485
36534 43427 43427 0
36541 43356 43382 0.00071153
36771 42940 42927 -0.000353539
35997 41959 41812 -0.00408367
35920 42284 42313 0.00080735
36572 41990 42129 0.00380072
36480 43923 43852 -0.00194627
37239 42896 43109 0.00571981
36295 42710 42507 -0.00559306
36567 42627 42472 -0.00423879
36231 43630 43391 -0.00659656
37084 43771 43775 0.000107863
34958 42704 42695 -0.000257452
35046 41572 41476 -0.00273926
36106 42552 42585 0.000913976
37209 43499 43309 -0.00510629
36367 42832 42902 0.00192482
34814 42723 42770 0.00135003
35820 42155 42163 0.000223339
37897 43084 42982 -0.00269151
35876 42751 42901 0.00418107
36083 42139 42198 0.00163512
35697 42612 42460 -0.00425806
35381 41738 41355 -0.010825
36390 41455 41327 -0.00351745
35227 41970 41982 0.000340648
37374 43594 43600 0.000160539
36662 42469 42489 0.000545524
36879 42512 42389 -0.00333523
35724 43162 43159 -8.39772e-05
37332 42532 42375 -0.00420551
36297 42047 42071 0.000661212
36334 42349 42543 0.00533935
35526 42887 42682 -0.00577042
35950 41044 40803 -0.00670376
35605 41522 41376 -0.00410055
34847 40840 40660 -0.00516544
36739 43061 42962 -0.00269468
35566 42455 42467 0.000337401
35702 42946 43117 0.00478965
35953 42673 42652 -0.000584096
36458 42171 42193 0.000603434
37199 42784 42774 -0.000268824
36722 42047 42048 2.72316e-05
36640 42994 43025 0.00084607
37266 42865 43060 0.00523265
35386 42913 42690 -0.00630193
36212 42004 42163 0.00439081
37437 43895 43847 -0.00128215
35566 41407 41271 -0.00382388
35912 43149 43071 -0.00217198
36711 42513 42521 0.000217918
35954 41470 41854 0.0106803
36627 42242 42504 0.00715319
35459 42793 42573 -0.00620435
36515 42116 42344 0.00624401
36058 42479 42600 0.0033557
35820 43159 43126 -0.000921273
36965 43664 43372 -0.00789936
35897 42289 42667 0.0105301
36707 42457 42530 0.00198872
35265 41647 41670 0.000652205
36557 42464 42640 0.0048144
36161 42718 42735 0.00047012
36327 42335 42306 -0.000798304
35636 42921 42582 -0.00951285
36160 42318 42350 0.000884956
35827 43168 42962 -0.00574985
36221 41897 41857 -0.00110433
35907 42157 42434 0.00771437
36775 43141 43183 0.00114208
37029 43518 43496 -0.000594129
35018 41158 41306 0.0042264
35957 41685 41759 0.00205801
36214 42511 42796 0.00786988
35607 42077 41893 -0.00516752
35568 41820 41783 -0.00104026
35713 43045 43050 0.000140005
36328 42582 42396 -0.00512002
35857 41664 41355 -0.00861756
36038 41836 42002 0.00460625
36857 42748 42920 0.00466668
36692 42756 42723 -0.000899379
35736 42569 42875 0.00856279
34720 42151 41897 -0.00731567
36319 42408 42487 0.00217517
36780 42702 42871 0.00459489
36587 42836 42868 0.000874628
35431 42082 41986 -0.00270949
35653 41794 41648 -0.00409503
36728 43612 43340 -0.00740579
36655 41501 41685 0.00501978
36898 42979 43021 0.00113827
34879 41980 42053 0.00209295
36515 41990 41714 -0.00755854
35887 41106 41100 -0.000167191
36045 43157 43358 0.00557636
35896 41499 41540 0.00114219
35785 41906 41776 -0.00363281
36778 42338 42149 -0.00513894
36574 43481 43038 -0.0121124
36059 43433 43406 -0.000748773
35515 42218 42156 -0.00174574
35294 41946 42032 0.00243667
36339 42942 42775 -0.00459561
36513 42638 42654 0.0004382
36262 42813 42695 -0.0032541
34686 41603 41312 -0.00838955
36551 42643 42570 -0.00199721
35504 42992 42900 -0.00259126
36392 42435 42432 -8.24357e-05
37119 42859 42955 0.00258628
35198 41764 41663 -0.00286948
37319 43034 43098 0.00171494
37187 42892 42840 -0.00139834
36570 42039 41951 -0.00240634
37565 43444 43542 0.00260881
36077 42198 42042 -0.00432408
36531 42388 42356 -0.000875968
36566 42172 42339 0.00456708
36965 42423 42297 -0.00340863
35826 42389 42646 0.00717356
36573 43432 43724 0.00798403
35034 42135 42193 0.00165553
36635 42818 42944 0.00343933
36990 43909 44062 0.00413625
34644 42163 42140 -0.000663896
35685 42679 42619 -0.00168138
36075 42624 42500 -0.00343728
36593 43291 43318 0.000737846
34379 41270 41322 0.00151255
35226 42529 42497 -0.00090842
35977 42775 42834 0.00163994
35901 42667 42874 0.00576586
35012 42188 41939 -0.00711185
35783 41241 41043 -0.00553335
36440 42995 42814 -0.00496707
36301 42676 42406 -0.00743781
36100 42339 42455 0.0032133
36693 42763 42590 -0.0047148
35964 41532 41766 0.00650651
35921 42703 42715 0.000334066
36025 42392 42523 0.00363636
34868 41821 41818 -8.60388e-05
35251 42366 42197 -0.00479419
35566 41974 42163 0.00531406
35834 40926 41336 0.0114416
35376 42034 41914 -0.00339213
36943 43621 43372 -0.00674011
35502 42600 42526 -0.00208439
35810 42738 42544 -0.00541748
34362 42887 42673 -0.00622781
36407 42059 41726 -0.00914659
36240 42035 41998 -0.00102097
34971 41467 41588 0.00346001
36333 42277 42533 0.00704594
35156 42338 42241 -0.00275913
36266 42474 42408 -0.00181989
35201 41642 41568 -0.00210221
35919 43311 43218 -0.00258916
35209 41361 41308 -0.0015053
35165 42450 42257 -0.00548841
35528 42110 41933 -0.00498199
37552 43444 43129 -0.00838837
35166 41610 41466 -0.00409486
37054 43456 43215 -0.00650402
35172 42360 42241 -0.00338337
36156 42256 42329 0.00201903
37219 42883 42837 -0.00123593
35834 42090 42074 -0.000446503
36260 42009 41709 -0.00827358
37345 43228 42903 -0.00870264
36917 43308 43286 -0.000595931
36722 42086 42058 -0.000762486
35824 41749 41642 -0.00298682
36411 42248 42285 0.00101618
36703 43023 42696 -0.00890935
36948 43015 42839 -0.00476345
35859 42440 42289 -0.00421094
36070 42922 42941 0.000526754
35848 42099 41934 -0.00460277
36967 43417 43438 0.000568074
36191 42450 42454 0.000110525
36411 43756 43861 0.00288374
34363 40827 40664 -0.00474347
35580 42185 42339 0.00432827
36324 42176 42191 0.00041295
35749 41917 42177 0.00727293
36919 43271 43212 -0.00159809
36408 42452 42635 0.00502637
36373 43678 43721 0.0011822
35591 43028 42794 -0.0065747
36598 41673 41575 -0.00267774
37215 43210 43122 -0.00236464
36295 42053 42285 0.00639207
36521 43579 43603 0.000657156
37120 43393 43080 -0.00843211
36150 42853 42860 0.000193638
35426 42991 42561 -0.012138
36875 43363 43388 0.000677966
37417 44117 44069 -0.00128284
35907 42881 42686 -0.0054307
36776 42869 42705 -0.00445943
36871 42469 42595 0.00341732
35925 42479 42614 0.00375783
36029 43186 43020 -0.0046074
35294 42278 42094 -0.00521335
36278 42484 42544 0.00165389
37209 42631 43000 0.00991696
37042 42801 42735 -0.00178176
35793 41662 41729 0.00187187
35106 41769 41787 0.000512733
35614 42241 42095 -0.00409951
34732 41986 42109 0.0035414
35807 42076 42304 0.00636747
37814 44298 44482 0.00486592
35120 41841 41997 0.00444191
36593 42999 42967 -0.000874484
36989 42794 42187 -0.0164103
37433 43810 43843 0.000881575
37511 43344 43587 0.0064781
35524 42302 42128 -0.0048981
35687 42412 42236 -0.00493177
34969 42524 42440 -0.00240213
36905 42153 42269 0.00314321
35786 42533 42588 0.00153691
35619 42638 42165 -0.0132794
35041 42439 42500 0.00174082
36239 42151 41923 -0.00629156
35823 42452 42574 0.00340563
36781 42407 42540 0.003616
34760 41816 41790 -0.000747986
35439 41625 41652 0.000761873
35781 42240 42042 -0.00553366
37158 43822 43954 0.0035524
36921 42369 42370 2.70849e-05
35652 43128 43180 0.00145854
35746 41619 41593 -0.000727354
35639 41974 41884 -0.00252532
36693 42249 42348 0.00269806
35085 42667 42561 -0.00302123
35520 42435 42204 -0.00650338
36914 43319 42909 -0.0111069
36083 41871 41848 -0.000637419
37047 43216 43204 -0.000323913
35241 41430 41417 -0.000368889
36131 42739 42726 -0.000359802
36297 43137 43320 0.00504174
36957 43190 43212 0.000595286
36914 42671 42577 -0.00254646
36899 42857 42786 -0.00192417
35834 43748 43578 -0.0047441
36258 43331 43327 -0.00011032
35918 42393 42449 0.00155911
35344 42669 42532 -0.00387619
36786 42597 42711 0.00309901
35645 42345 42449 0.00291766
37046 43233 43269 0.000971765
36890 42695 42935 0.00650583
35097 41471 41399 -0.00205146
35618 41571 41381 -0.00533438
36687 42510 42449 -0.00166271
35465 42152 42214 0.0017482
35600 42107 42298 0.00536517
36220 42018 41943 -0.00207068
36578 43742 43719 -0.000628793
35457 42749 42723 -0.000733283
35358 41651 41531 -0.00339386
35756 42711 43027 0.00883768
34690 42116 41851 -0.00763909
34962 42735 42489 -0.00703621
36951 43156 43210 0.00146139
36073 42336 42308 -0.000776204
35414 42346 42301 -0.00127068
35554 41784 41838 0.00151882
35748 43249 43125 -0.00346873
36422 43558 43320 -0.00653451
36266 42492 42115 -0.0103954
35781 42694 42722 0.000782538
36379 41922 41746 -0.00483796
36371 43031 42583 -0.0123175
37387 43296 43389 0.0024875
37075 43520 43357 -0.00439649
35557 42619 42616 -8.43716e-05
36053 41888 41959 0.00196932
37897 43216 43125 -0.00240125
35110 41991 41999 0.000227855
36000 43072 43032 -0.00111111
36008 42634 42527 -0.00297156
35823 42629 42684 0.00153533
37397 43489 43467 -0.000588282
37190 43030 42952 -0.00209734
36952 43170 42938 -0.00627842
35226 42222 42080 -0.00403111
36122 42856 42643 -0.00589668
36731 42365 42421 0.0015246
36525 43797 43854 0.00156057
35978 41978 41813 -0.00458614
34414 41926 41950 0.000697391
37002 43023 43056 0.000891844
35733 41810 41700 -0.00307839
37561 42561 42550 -0.000292857
35949 43210 42999 -0.00586943
35278 42129 41943 -0.00527241
36096 43109 43198 0.00246565
35800 42190 41888 -0.00843575
35812 43398 43450 0.00145203
34675 41639 41433 -0.00594088
36561 42573 42478 -0.0025984
35903 42287 42350 0.00175473
36070 43161 43053 -0.00299418
36620 43247 43111 -0.00371382
35197 41964 41925 -0.00110805
37175 43040 42993 -0.00126429
35232 42702 42609 -0.00263965
36315 42085 42117 0.000881179
35022 42464 42271 -0.00551082
36091 42722 42675 -0.00130226
35886 41802 41592 -0.00585186
36630 42747 42769 0.000600601
36628 42656 42524 -0.0036038
36451 41528 41415 -0.00310005
36425 42143 41884 -0.0071105
36262 42750 42819 0.00190282
37210 42642 42602 -0.00107498
36328 43039 43124 0.00233979
36121 42073 41885 -0.00520473
35930 42503 42530 0.000751461
37585 42851 42857 0.000159638
36114 41462 41291 -0.00473501
34753 41653 42024 0.0106753
36252 41807 41909 0.00281364
37763 42972 43022 0.00132405
35957 42603 42575 -0.000778708
35518 42337 42397 0.00168928
37150 43335 43303 -0.000861373
35811 41645 41666 0.000586412
35670 41962 41933 -0.000813008
35993 43151 43168 0.000472314
35821 42469 42436 -0.000921247
36114 42569 42643 0.00204907
36426 43214 43367 0.0042003
36292 42838 42788 -0.00137771
36024 42561 42707 0.00405285
37980 43398 43412 0.000368615
36614 42633 42934 0.0082209
34368 41400 41304 -0.0027933
36876 42916 42926 0.000271179
36823 42576 42760 0.00499688
36518 42597 42533 -0.00175256
35642 41121 41092 -0.000813647
34725 41179 41209 0.000863931
35502 42478 42433 -0.00126753
36305 42987 42866 -0.00333287
34872 41830 41670 -0.00458821
36821 43105 43220 0.00312322
36367 42570 42563 -0.000192482
36374 42658 41995 -0.0182273
36132 43306 43337 0.000857965
35448 41617 41565 -0.00146694
35404 41473 41512 0.00110157
37165 42799 42972 0.00465492
36108 42724 42451 -0.00756065
35778 42150 42235 0.00237576
35175 41620 41472 -0.00420753
36529 42894 42810 -0.00229954
37631 43606 43530 -0.00201961
36464 42270 42190 -0.00219394
35756 41811 41794 -0.000475445
36365 41783 41703 -0.00219992
34540 42071 41906 -0.00477707
36125 42784 42612 -0.00476125
36786 43205 43013 -0.00521938
36784 42379 42468 0.00241953
36688 43054 43017 -0.0010085
36335 43145 43243 0.00269712
35973 42254 42257 8.33959e-05
36567 42274 42141 -0.00363716
36075 42749 42567 -0.00504505
36889 43239 43219 -0.000542167
35699 42188 41911 -0.00775932
35659 42057 42001 -0.00157043
38030 43643 43577 -0.00173547
35774 42587 42768 0.00505954
35879 41665 41644 -0.000585301
37076 42984 42822 -0.0043694
35192 41295 41042 -0.00718913
35847 42472 42671 0.00555137
36887 43246 43124 -0.0033074
36338 42934 42776 -0.00434807
37216 43570 43464 -0.00284824
35767 41621 41608 -0.000363464
35728 42133 42153 0.000559785
36837 42806 43059 0.00686809
36180 42026 41886 -0.00386954
35407 42096 42023 -0.00206174
37236 43404 43384 -0.000537115
36069 42858 42911 0.00146941
36626 42527 42410 -0.00319445
35761 42858 42509 -0.00975923
36320 42626 42635 0.000247797
37102 42455 43141 0.0184896
35788 42944 42777 -0.00466637
35216 41611 41787 0.00499773
35508 42414 42402 -0.000337952
35872 42235 42558 0.00900424
36608 42339 42405 0.00180288
35672 41527 41557 0.000840996
37476 43126 43014 -0.00298858
35388 41444 41719 0.007771
35918 42990 42938 -0.00144774
36067 42578 42870 0.00809604
35298 41916 42202 0.00810244
34370 41154 41260 0.00308408
36053 43248 43196 -0.00144232
36580 42555 42587 0.000874795
37596 44273 44043 -0.00611767
36399 41826 41755 -0.0019506
35379 41316 41197 -0.00336358
35740 41665 41756 0.00254617
38260 44434 44210 -0.00585468
34597 41997 42025 0.000809319
35758 42061 41806 -0.00713127
37661 42901 43342 0.0117097
35184 41078 41157 0.00224534
36637 42465 42538 0.00199252
35019 40745 40836 0.00259859
36255 42063 41966 -0.00267549
36756 42761 42798 0.00100664
36353 42148 42187 0.00107281
36351 42601 42468 -0.00365877
35993 42104 41967 -0.0038063
36828 42810 42912 0.00276963
36420 43270 43139 -0.00359692
34296 41534 41534 0
36531 43066 43083 0.000465358
35688 42444 42466 0.000616454
35814 42727 42832 0.00293181
35352 42191 41854 -0.0095327
36090 41956 41972 0.000443336
36811 42214 42108 -0.00287957
36134 42508 42537 0.000802568
35797 42962 43020 0.00162025
35608 41759 41724 -0.000982925
35430 41907 41817 -0.00254022
35809 42665 42889 0.00625541
36852 43090 42916 -0.00472159
36761 42089 42423 0.00908572
37083 43158 43183 0.000674163
35736 41878 41963 0.00237855
34622 41309 41119 -0.00548784
36242 41891 41797 -0.00259368
36052 42201 42117 -0.00232997
35902 42436 42472 0.00100273
36192 43199 43089 -0.00303935
37358 43120 43155 0.000936881
35802 42343 42329 -0.00039104
36885 42814 42652 -0.00439203
36629 43339 43220 -0.00324879
35371 42529 42636 0.00302508
38605 43849 43670 -0.00463671
35360 42352 42102 -0.00707014
35978 42402 42435 0.000917227
36291 43018 42927 -0.00250751
36873 42242 42302 0.00162721
36491 42727 42427 -0.00822121
35919 42027 42289 0.00729419
36529 42159 42469 0.00848641
35286 41673 41511 -0.00459106
37231 42890 43165 0.00738632
35709 41971 42138 0.00467669
36021 42365 42631 0.00738458
36685 41903 42003 0.00272591
36657 43591 43712 0.00330087
36792 43510 43554 0.00119591
35356 42964 42754 -0.00593959
35849 42792 42831 0.0010879
35955 42595 42620 0.000695314
35137 42802 42777 -0.000711501
36306 42554 42338 -0.00594943
37360 43933 43881 -0.00139186
37092 42675 42396 -0.00752184
36877 42879 43090 0.00572172
37377 43127 42885 -0.00647457
36537 43612 43615 8.21085e-05
36328 42550 42605 0.00151398
36108 42685 42529 -0.00432037
36069 42964 43095 0.00363193
35224 42834 42804 -0.000851692
34681 41836 42047 0.00608402
35367 42171 42224 0.00149857
35847 41958 41868 -0.00251067
35127 42410 42319 -0.0025906
35337 41968 41963 -0.000141495
34336 42517 42242 -0.00800909
36499 42282 42516 0.00641113
35932 42970 42656 -0.00873873
36330 42744 42674 -0.00192678
35820 43174 43596 0.0117811
36447 42746 42546 -0.00548742
35830 43399 43400 2.79096e-05
36609 43081 43176 0.00259499
36869 42562 42324 -0.00645529
35559 41582 41612 0.000843668
36038 42617 42675 0.00160941
36445 42839 42796 -0.00117986
36984 42780 42897 0.00316353
35457 42559 42679 0.00338438
34790 41206 41312 0.00304685
36634 43197 43138 -0.00161053
36390 42623 42644 0.000577082
36040 42421 42281 -0.00388457
36571 43101 43134 0.000902354
36770 42660 42853 0.00524884
36318 42615 42480 -0.00371717
37716 43664 43819 0.00410966
35008 42003 41940 -0.00179959
35942 42763 42762 -2.78226e-05
36243 42944 42891 -0.00146235
35854 42190 42297 0.00298433
38156 43138 43228 0.00235874
37154 44825 44368 -0.0123002
37237 43852 43890 0.00102049
37450 42387 42291 -0.00256342
35753 42407 42473 0.001846
35218 41773 41548 -0.00638878
35367 42490 42275 -0.00607911
36448 42843 42901 0.00159131
35251 41832 42007 0.0049644
36077 43211 43080 -0.00363112
36374 42546 42620 0.00203442
34829 42595 42410 -0.00531167
37703 43668 43508 -0.00424369
34786 41494 41297 -0.0056632
35807 42241 42059 -0.00508281
36984 42278 42243 -0.000946355
36589 42300 42208 -0.00251442
36506 43561 43585 0.000657426
36484 42190 42334 0.00394694
36732 42592 42574 -0.000490036
35228 42770 42536 -0.00664244
37058 42042 41971 -0.00191592
36156 42669 42580 -0.00246156
37086 43146 43303 0.0042334
36135 42530 42779 0.00689083
36505 42052 41667 -0.0105465
36732 42871 42772 -0.0026952
35686 42297 42107 -0.00532422
35915 43306 43402 0.00267298
37720 43191 43253 0.00164369
36162 42126 41759 -0.0101488
35795 42842 42836 -0.000167621
36052 42905 43049 0.00399423
37195 42889 42950 0.00164001
34663 42622 42585 -0.00106742
36277 42820 42803 -0.000468616
36874 43118 43081 -0.00100342
37731 42998 42964 -0.000901116
37818 43607 43432 -0.00462743
36519 43495 43286 -0.00572305
36019 42095 42043 -0.00144368
36610 42172 42294 0.00333242
35622 42085 42284 0.00558644
36834 42285 42309 0.000651572
35749 42067 42133 0.00184621
36878 42314 42214 -0.00271164
36106 42411 42399 -0.000332355
35549 42388 42403 0.000421953
36782 42588 42436 -0.00413246
35543 42153 42288 0.00379822
36542 42055 42392 0.00922226
34937 41831 41567 -0.00755646
34272 41601 41451 -0.00437675
37718 43120 42997 -0.00326104
34640 41829 41855 0.000750577
37267 43184 43226 0.001127
36103 42866 42792 -0.00204969
37742 43116 43213 0.00257008
35582 42417 42733 0.00888089
36441 42400 42523 0.00337532
36899 43196 43154 -0.00113824
35260 41318 41176 -0.00402723
36319 42663 42641 -0.000605744
36377 42693 42713 0.000549798
36096 42531 42290 -0.00667664
35503 42979 42982 8.44999e-05
35489 42361 42495 0.00377582
36392 42103 42028 -0.00206089
34736 41387 41473 0.00247582
36408 42366 42569 0.0055757
35968 42603 42569 -0.000945285
36376 42227 42290 0.00173191
36411 43924 43947 0.000631677
36485 42085 41846 -0.00655064
35898 42671 42614 -0.00158783
37675 43544 43685 0.00374253
37159 43680 43749 0.00185689
36593 42800 42924 0.00338863
36130 42778 42531 -0.00683642
35041 42183 42282 0.00282526
36552 42688 42606 -0.00224338
35826 42555 42360 -0.00544297
34596 41802 42015 0.00615678
37085 43041 42976 -0.00175273
35299 42055 41975 -0.00226635
34168 41269 41042 -0.00664364
34871 41426 41456 0.000860314
36781 42934 42850 -0.00228379
36939 42737 42691 -0.0012453
35618 42661 42554 -0.0030041
36411 41844 41978 0.00368021
36101 42387 42412 0.000692502
35445 41589 41748 0.00448582
35070 42180 42174 -0.000171086
37027 42779 42570 -0.00564453
35306 42225 42433 0.00589135
35790 42334 42272 -0.00173233
35798 42018 41868 -0.00419018
36196 42287 42582 0.00815007
36105 41955 41918 -0.00102479
36275 42581 42765 0.00507236
35980 42176 42295 0.00330739
36247 42082 42019 -0.00173807
34847 42134 42081 -0.00152093
37013 42297 42346 0.00132386
36072 42294 42419 0.00346529
36220 42305 42197 -0.00298178
36602 42848 42695 -0.0041801
35913 42377 42124 -0.0070448
38907 43277 43474 0.00506336
35484 42599 42592 -0.000197272
37459 43259 43271 0.00032035
36282 42637 42556 -0.00223251
35205 42338 42340 5.68101e-05
35302 42555 42443 -0.00317262
37062 42508 42523 0.000404727
35897 41553 41721 0.00468006
36849 43500 43394 -0.0028766
36953 43348 43430 0.00221903
35741 42358 42403 0.00125906
37594 43118 42985 -0.0035378
36600 42644 42618 -0.000710383
34902 42368 42346 -0.000630336
35718 42789 42439 -0.00979898
35981 42584 42486 -0.00272366
36805 43491 43026 -0.0126342
35934 41833 41845 0.000333946
36615 43407 43289 -0.00322272
36548 43477 43389 -0.00240779
37352 43398 43458 0.00160634
36426 42615 42677 0.00170208
36054 41307 41386 0.00219116
36651 42682 42751 0.00188262
35171 42406 42257 -0.00423644
36536 42611 42415 -0.00536457
36851 42441 42820 0.0102847
35519 41797 41535 -0.00737633
36526 42555 42314 -0.00659804
36481 42897 42875 -0.000603054
36422 43223 42858 -0.0100214
36237 43442 43550 0.00298038
36170 42386 42214 -0.00475532
36801 42955 43265 0.00842368
36073 42322 42587 0.00734621
36719 42737 42664 -0.00198807
35839 42992 42875 -0.0032646
35847 41878 41880 5.57927e-05
36846 43255 43079 -0.00477664
35817 42213 42042 -0.00477427
36191 42400 42490 0.00248681
35785 42694 42676 -0.000503004
36272 41670 41812 0.00391487
36097 42195 42340 0.00401695
36678 42903 42917 0.0003817
36762 42998 42887 -0.00301942
36458 42575 42349 -0.00619891
35917 42073 42075 5.56839e-05
36466 42741 42638 -0.00282455
36432 42169 42311 0.00389767
35578 41466 41565 0.00278262
35965 42396 42116 -0.00778535
36007 42352 42387 0.000972033
36317 43058 42967 -0.00250571
35921 42313 42209 -0.00289524
36195 41996 42011 0.000414422
36161 42365 42226 -0.00384392
36126 42204 41756 -0.012401
36165 43027 43105 0.00215678
35331 42357 42106 -0.00710424
35594 42619 42589 -0.000842839
35118 42079 41949 -0.00370181
35532 42214 42283 0.00194191
37955 43695 43699 0.000105388
34227 41817 41715 -0.0029801
36410 42352 42007 -0.00947542
35461 43312 43488 0.0049632
35116 41374 41189 -0.00526825
35352 42377 42237 -0.00396017
34264 42118 42100 -0.000525333
36362 42695 42878 0.00503273
36027 42561 42342 -0.00607877
36342 43296 43110 -0.00511805
36293 42348 42333 -0.000413303
35573 42211 41928 -0.00795547
36376 43133 43086 -0.00129206
35435 42814 42742 -0.00203189
36036 41916 42105 0.00524476
37100 42537 42433 -0.00280323
36504 42761 42826 0.00178063
35940 41715 41503 -0.00589872
36790 42404 42294 -0.00298994
37042 42606 42578 -0.000755899
36189 42353 42339 -0.000386858
35868 42737 42816 0.00220252
36801 43527 43296 -0.006277
37070 42889 43123 0.00631238
35818 41512 41286 -0.00630968
35513 42472 42371 -0.00284403
35536 42864 42510 -0.00996173
35582 42625 42538 -0.00244506
35780 41857 41872 0.000419229
36792 43463 43540 0.00209285
35225 43264 43252 -0.000340667
38018 43189 43166 -0.000604977
36036 42307 42231 -0.002109
35611 42237 42385 0.00415602
36103 43625 43568 -0.00157882
35931 41080 41395 0.0087668
36459 42025 41933 -0.00252338
36227 43371 43315 -0.00154581
37168 43221 43305 0.00226001
36037 42394 42438 0.00122097
36770 43508 43636 0.0034811
36322 43112 43078 -0.000936072
36138 42444 42299 -0.0040124
35238 42045 42183 0.00391623
35869 42297 42134 -0.00454431
37407 43329 43405 0.00203171
36275 43086 42953 -0.00366644
36653 42598 42571 -0.000736638
35917 42843 42934 0.00253362
37437 43235 43245 0.000267115
36064 42726 42791 0.00180235
35981 42314 42412 0.00272366
36400 43943 43825 -0.00324176
36866 44058 44029 -0.000786633
37055 42013 42225 0.00572123
35455 42189 42266 0.00217177
37199 42952 43010 0.00155918
37444 43056 42882 -0.00464694
36011 42437 42634 0.00547055
35460 41485 41557 0.00203046
34897 40670 40692 0.000630427
35633 41651 41629 -0.000617405
36726 42427 42250 -0.00481947
36418 42831 42719 -0.0030754
36671 43520 43536 0.000436312
37981 43150 43021 -0.00339644
36439 43282 43100 -0.00499465
35983 42286 42213 -0.00202874
36988 42559 42648 0.00240619
38129 43261 43308 0.00123266
35750 42821 42601 -0.00615385
37103 43301 43023 -0.00749266
35905 42549 42562 0.000362067
37073 43175 42817 -0.00965662
35364 42768 42709 -0.00166836
34781 42539 42155 -0.0110405
37152 43101 43045 -0.00150732
37995 43672 43794 0.00321095
35620 42844 42970 0.00353734
35618 42019 41954 -0.00182492
35583 42351 42571 0.00618273
36530 42694 42422 -0.00744593
36379 43332 43347 0.000412326
35648 41516 41687 0.0047969
37703 43229 42956 -0.0072408
37170 42541 42551 0.000269034
35695 42544 42401 -0.00400616
36591 42621 42472 -0.00407204
35310 42687 42408 -0.00790144
35311 42358 42193 -0.00467276
35814 42015 41976 -0.00108896
34867 41199 41479 0.00803052
35818 42567 42559 -0.000223351
36244 42206 42169 -0.00102086
35424 42794 42823 0.000818654
34736 41859 41884 0.000719714
37149 42984 42804 -0.00484535
36007 42135 42223 0.00244397
36891 42673 42745 0.0019517
35865 42338 42352 0.000390353
35827 42116 41956 -0.00446591
35850 42915 42891 -0.000669456
36099 42084 42051 -0.000914153
36198 43075 42926 -0.00411625
37231 42943 42965 0.000590905
36883 42304 42335 0.000840496
36629 42096 41967 -0.0035218
35407 42313 42505 0.00542266
36157 42804 42899 0.00262743
36343 42532 42593 0.00167845
35811 43427 43235 -0.00536148
35308 42277 42153 -0.00351195
34399 42114 42146 0.00093026
36721 42926 43013 0.00236922
37785 43239 43314 0.00198491
36273 43277 43254 -0.00063408
35907 42400 42339 -0.00169883
36309 41632 41524 -0.00297447
36759 42354 42404 0.00136021
36208 42873 42982 0.00301038
36001 42771 42534 -0.00658315
35912 42687 42613 -0.00206059
36538 42308 42337 0.000793694
35318 42559 42574 0.000424713
36975 42583 42704 0.00327248
37610 42945 43418 0.0125764
35158 41550 41633 0.00236077
35577 42901 42954 0.00148973
35522 42114 42087 -0.000760092
35267 41445 41417 -0.000793943
36125 42731 42613 -0.00326644
36271 42616 42429 -0.00515563
35935 42878 42846 -0.000890497
37088 42316 42253 -0.00169866
