49935 59935 59811 -0.00248323
49539 59754 59589 -0.00333071
51344 60621 60436 -0.00360315
49249 61389 61508 0.00241629
51161 61003 61341 0.00660659
49879 60763 60524 -0.0047916
53931 61890 61715 -0.00324489
49814 60236 60219 -0.00034127
49301 60109 60028 -0.00164297
48858 59798 59498 -0.00614024
50429 60173 60225 0.00103115
49758 60006 59850 -0.00313517
47889 59088 59491 0.00841529
50436 62137 61652 -0.00961615
50755 60379 60819 0.0086691
49960 59785 60255 0.00940753
52221 61179 60924 -0.00488309
49722 60694 60909 0.00432404
48700 59517 58560 -0.0196509
49663 59875 60046 0.00344321
51088 62197 62291 0.00183996
51530 60719 60641 -0.00151368
49524 59860 60012 0.00306922
50031 60508 60882 0.00747537
48947 60408 60472 0.00130754
51652 60511 60932 0.0081507
48984 60408 60267 -0.00287849
52950 61413 61742 0.00621341
50550 60275 60476 0.00397626
53033 60858 60751 -0.00201761
51085 61476 61611 0.00264265
47947 60076 59716 -0.00750829
51126 60350 60686 0.006572
50582 59965 59436 -0.0104583
49752 60144 60116 -0.000562791
47529 60162 60171 0.000189358
50055 60668 60553 -0.00229747
50312 62369 62394 0.000496899
50302 60680 60730 0.000993996
50673 60164 60037 -0.00250627
52999 63711 63876 0.00311327
48580 61218 61528 0.00638123
50049 60932 60902 -0.000599413
50026 61279 60620 -0.0131731
48752 59488 60020 0.0109124
51376 62527 62670 0.0027834
50673 61123 60984 -0.00274308
49790 60606 60670 0.0012854
50430 61183 61549 0.00725758
50588 60386 60432 0.000909307
51146 60239 59985 -0.00496618
48577 60343 60548 0.0042201
49813 59388 59116 -0.00546042
50038 60451 60982 0.0106119
51897 61335 60936 -0.00768831
51197 61251 61343 0.00179698
51016 61245 61506 0.00511604
51620 61048 61750 0.0135994
50384 59812 59977 0.00327485
51572 60156 60047 -0.00211355
48985 60971 60745 -0.00461366
49144 59498 59444 -0.00109881
50254 60686 60712 0.000517372
51770 61251 61522 0.00523469
48124 58156 58014 -0.00295071
52257 60238 60192 -0.000880265
52053 59900 60089 0.00363091
47011 60215 60261 0.000978494
49050 59182 59141 -0.000835882
50317 60023 60508 0.00963889
50763 60637 60614 -0.000453086
47361 60771 60795 0.000506746
50072 61502 61500 -3.99425e-05
48441 60675 60676 2.06437e-05
48515 58982 59249 0.00550345
49456 59838 59751 -0.00175914
47019 60066 59864 -0.00429614
49197 60830 60586 -0.00495965
49752 62620 62307 -0.0062912
51713 61839 61621 -0.00421557
49075 58436 58505 0.00140601
51273 60545 60589 0.000858151
48056 58571 58866 0.00613867
47707 59615 59674 0.00123672
50340 60453 60667 0.00425109
51641 61436 61411 -0.000484111
49330 58092 58600 0.010298
50770 62712 62474 -0.00468781
52527 63146 63081 -0.00123746
49871 61551 61904 0.00707826
51861 62674 62873 0.00383718
50606 60069 60392 0.00638264
50905 61078 61255 0.00347707
49860 60222 60396 0.00348977
51481 62100 62499 0.00775043
49266 58858 58936 0.00158324
49978 59556 59128 -0.00856377
49234 60934 60862 -0.0014624
50052 61033 61045 0.000239751
49978 59359 59315 -0.000880387
49648 61348 61080 -0.005398
49981 62022 62195 0.00346132
51384 61368 61022 -0.00673361
50707 61150 61124 -0.00051275
48348 60249 60440 0.00395053
50669 60890 61188 0.00588131
49978 59721 59686 -0.000700308
49469 60823 60358 -0.00939983
49447 60215 60387 0.00347847
50863 61878 61638 -0.00471856
50900 61559 61722 0.00320236
48248 59553 59087 -0.00965843
51526 60987 61355 0.00714203
48526 59308 59390 0.00168982
48542 57812 57715 -0.00199827
49408 59585 59434 -0.00305619
50668 59302 59546 0.00481566
51412 60698 60616 -0.00159496
51527 62102 62039 -0.00122266
50689 59677 60086 0.00806881
51835 60857 60928 0.00136973
49973 60826 60615 -0.00422228
48979 61583 61633 0.00102085
48840 58908 58656 -0.00515971
50671 62127 62317 0.00374968
50093 62613 62533 -0.00159703
47968 60019 59895 -0.00258506
49933 62061 62085 0.000480644
48666 60321 60374 0.00108906
49920 61553 61586 0.000661058
49932 60460 60854 0.00789073
51733 62059 61954 -0.00202965
50101 60393 60404 0.000219556
51094 61048 61258 0.00411007
50660 61172 61031 -0.00278326
50265 60584 60224 -0.00716204
50416 61577 61608 0.000614884
50867 62407 62326 -0.00159239
51292 59501 59282 -0.00426967
51579 61742 61899 0.00304387
49223 59036 59335 0.0060744
49674 59783 59733 -0.00100656
47373 57674 57902 0.00481287
49676 59752 59143 -0.0122594
49544 59597 59886 0.0058332
49197 60649 61426 0.0157936
51276 61191 61547 0.00694282
48206 58729 58532 -0.00408663
52782 62579 62812 0.00441438
50010 59237 59159 -0.00155969
49563 60407 60557 0.00302645
49704 59417 60087 0.0134798
49668 59837 59627 -0.00422807
49465 59975 59909 -0.00133428
49880 59777 60016 0.0047915
51197 61491 61285 -0.00402367
49506 58681 59403 0.0145841
49596 59962 59797 -0.00332688
50141 60850 60655 -0.00388903
48711 59161 59181 0.000410585
52098 61467 61509 0.000806173
49389 61787 61118 -0.0135455
50711 60549 60414 -0.00266214
52839 62104 61875 -0.00433392
49884 59517 59449 -0.00136316
51009 60785 60786 1.96044e-05
48759 60569 60589 0.000410181
50913 61506 61597 0.00178736
49872 60853 60663 -0.00380975
50224 61436 61023 -0.00822316
50694 60067 59926 -0.00278139
51722 60663 61155 0.00951239
48721 60103 59320 -0.0160711
50063 60129 59630 -0.00996744
51764 61339 61396 0.00110115
50337 60895 61256 0.00717166
51895 60987 61250 0.00506793
49962 59920 59859 -0.00122093
49476 59624 60168 0.0109952
51043 60704 60617 -0.00170445
50622 62067 62122 0.00108648
51467 60566 60683 0.0022733
51486 61109 60823 -0.00555491
51189 60188 60103 -0.00166051
51170 62806 62405 -0.00783662
51424 62164 62213 0.000952862
48309 60028 60288 0.00538202
48962 59087 59160 0.00149095
51192 60945 60923 -0.000429755
52114 62111 62077 -0.000652416
50101 60104 60018 -0.00171653
49174 61379 61527 0.00300972
49806 60526 60393 -0.00267036
51882 61839 62268 0.00826876
50157 59854 59542 -0.00622047
50265 60335 60237 -0.00194967
48522 60033 60083 0.00103046
49346 59881 59714 -0.00338427
49888 59160 59255 0.00190427
49075 60181 60290 0.00222109
53402 62984 63111 0.00237819
51482 60920 60608 -0.00606037
50996 61094 61056 -0.000745156
50122 62219 62267 0.000957663
51933 60800 60814 0.000269578
48918 58621 59028 0.00832005
49346 60697 60526 -0.00346533
48902 60874 60928 0.00110425
50239 59216 58798 -0.00832023
50192 60670 60202 -0.0093242
47782 57018 57267 0.00521117
51945 62497 62503 0.000115507
49751 60813 61223 0.00824104
48614 61226 61170 -0.00115193
49940 60505 60586 0.00162195
49925 59880 59912 0.000640961
51442 59956 59760 -0.00381012
51399 60655 60917 0.00509738
50554 60891 60564 -0.00646833
51966 60790 61090 0.00577301
50811 62143 61837 -0.00602232
50210 60111 60149 0.000756821
52297 62921 62920 -1.91216e-05
48298 57292 57430 0.00285726
49755 62063 62219 0.00313536
51636 61295 61561 0.00515144
50243 59749 60126 0.00750353
50110 59158 59124 -0.000678507
49077 60622 60700 0.00158934
50182 60767 60971 0.0040652
50380 61041 61128 0.00172688
50588 61262 61050 -0.00419072
50955 61281 61078 -0.00398391
49127 60826 60630 -0.00398966
50685 60858 60872 0.000276216
49337 59241 59221 -0.000405375
51130 60499 60665 0.00324663
49503 59832 60135 0.00612084
51564 60072 59914 -0.00306415
48664 60909 61092 0.00376048
49727 59825 59935 0.00221208
49894 60823 60490 -0.00667415
49594 58642 58392 -0.00504093
50127 60012 60102 0.00179544
51237 61788 61907 0.00232254
53352 62582 62526 -0.00104963
47665 59680 59719 0.00081821
50525 59182 59078 -0.00205839
49381 58907 58847 -0.00121504
48071 58694 58589 -0.00218427
49498 59407 58967 -0.00888925
49873 60391 60312 -0.00158402
50120 60317 60372 0.00109737
50190 58129 57916 -0.00424387
50275 59741 59738 -5.96718e-05
50362 59583 59681 0.00194591
51282 60914 60335 -0.0112905
50010 60268 60649 0.00761848
47947 60599 60017 -0.0121384
50436 59943 60256 0.00620588
50071 60193 59811 -0.00762917
49801 59982 59845 -0.00275095
50030 60071 59995 -0.00151909
49411 58433 58829 0.00801441
50962 62200 62328 0.00251168
50735 59211 59408 0.00388292
50014 60099 60231 0.00263926
48834 59889 60357 0.00958349
49983 59793 59738 -0.00110037
50273 58650 59056 0.00807591
49904 61596 61605 0.000180346
49769 59935 59515 -0.00843899
51426 60137 60309 0.00334461
51295 60771 60824 0.00103324
50896 62364 62131 -0.00457796
49018 61168 61353 0.00377412
50287 61303 61025 -0.00552827
48990 59789 59797 0.000163299
51020 61932 62044 0.00219522
50389 61114 61033 -0.00160749
50463 60852 61111 0.00513247
47849 59557 59293 -0.00551736
49348 59161 58986 -0.00354624
49583 61195 61236 0.000826896
49694 59480 59460 -0.000402463
50801 61131 61180 0.000964548
48390 59158 58742 -0.00859682
52520 62146 62175 0.000552171
51626 60822 60793 -0.000561732
51500 60434 60655 0.00429126
51714 59995 60353 0.00692269
49814 60876 60495 -0.00764845
49413 59226 59421 0.00394633
50445 60334 60206 -0.00253742
51151 60786 60590 -0.00383179
49737 60590 60456 -0.00269417
50570 62160 62126 -0.000672335
48366 59918 59794 -0.00256378
50193 61483 61841 0.00713247
50565 61173 61392 0.00433106
47760 59451 59210 -0.00504606
49722 60704 60704 0
49851 59920 59910 -0.000200598
51367 61470 61219 -0.00488641
47523 58882 58858 -0.000505019
47427 60850 60491 -0.00756953
50127 60800 60739 -0.00121691
50296 60479 60398 -0.00161047
48327 60326 59762 -0.0116705
49297 58994 58632 -0.00734325
50911 61792 61930 0.00271061
50079 58933 58521 -0.008227
49407 59126 59914 0.0159492
50469 59873 60182 0.00612257
50182 59838 59673 -0.00328803
50821 61959 62044 0.00167254
49872 60640 60790 0.0030077
47363 58661 58670 0.000190022
49384 60199 59888 -0.00629759
47971 58969 59218 0.00519064
50037 58499 58213 -0.00571577
48110 58069 58014 -0.00114321
51362 60731 61111 0.00739847
49537 60043 60203 0.00322991
48940 60008 60266 0.00527176
47840 61086 60869 -0.00453595
50363 59641 59946 0.00605603
50055 60302 60163 -0.00277695
49359 59458 59241 -0.00439636
51458 61645 61437 -0.00404213
48961 60267 60127 -0.00285942
50177 60579 60366 -0.00424497
48857 59097 59364 0.00546493
48926 60755 60576 -0.00365859
48226 59077 58806 -0.00561938
48697 60615 60547 -0.00139639
48478 59672 59664 -0.000165023
52807 62004 62197 0.00365482
49746 59401 59034 -0.00737748
51368 61951 61805 -0.00284224
49419 60010 60526 0.0104413
50762 60186 59969 -0.00427485
50132 60256 60253 -5.9842e-05
51280 60324 60025 -0.00583073
49912 59076 59482 0.00813432
52272 61115 61464 0.00667661
50800 61514 61655 0.00277559
51918 60598 60242 -0.00685697
49699 59727 59676 -0.00102618
50882 60169 59690 -0.00941394
51447 61421 61215 -0.00400412
50840 60646 60639 -0.000137687
49581 60756 60472 -0.005728
50163 60487 60660 0.00344876
50537 60117 60302 0.00366068
51837 61265 61315 0.000964562
49800 60005 59922 -0.00166667
50503 63265 63001 -0.00522741
48418 59088 59265 0.00365567
49389 60038 59671 -0.0074308
50037 59637 59573 -0.00127905
50798 59829 59637 -0.00377968
51508 61289 60979 -0.00601848
50285 61299 61063 -0.00469325
50569 61866 61105 -0.0150487
49284 60451 60507 0.00113627
50779 59090 58987 -0.0020284
52177 61837 61848 0.000210821
51126 60634 60169 -0.00909518
49838 60323 60711 0.00778522
52873 62009 62186 0.00334764
50339 60372 60354 -0.000357576
48591 60172 60128 -0.000905517
51619 62205 61986 -0.00424262
50946 61946 61791 -0.00304244
49146 60903 60629 -0.00557522
50177 60966 60814 -0.00302928
51349 60687 60665 -0.000428441
49872 60167 60064 -0.00206529
49856 61243 60900 -0.00687981
48638 59696 60009 0.0064353
49973 60494 60102 -0.00784424
52076 60804 60862 0.00111376
52181 61719 61441 -0.00532761
48907 59620 59353 -0.00545934
48564 59966 59974 0.000164731
48796 59661 59827 0.00340192
48832 60585 60656 0.00145396
49949 60274 60277 6.00613e-05
51259 62484 62325 -0.00310189
48782 59930 59743 -0.00383338
51992 62080 62392 0.00600092
50568 59599 59671 0.00142383
51801 62738 62700 -0.000733577
51996 61589 61606 0.000326948
49766 60444 60617 0.00347627
50059 61220 60860 -0.00719151
47876 60490 60523 0.000689281
50831 59867 60264 0.00781019
49751 60435 60552 0.00235171
49210 60446 60365 -0.00164601
47990 59489 59554 0.00135445
50518 60112 59343 -0.0152223
50135 60424 60194 -0.00458761
50647 59814 60145 0.00653543
47709 59589 59408 -0.00379383
48928 59475 59468 -0.000143067
48270 60422 60029 -0.0081417
51146 62387 62942 0.0108513
50745 59900 60132 0.00457188
49151 61491 61493 4.06909e-05
49825 59138 59115 -0.000461616
49686 60689 60627 -0.00124784
51196 60969 60865 -0.00203141
49624 59299 59138 -0.0032444
48812 60729 60590 -0.00284766
51517 61539 61597 0.00112584
51459 59515 59701 0.00361453
52225 61626 61648 0.000421254
47661 58563 58398 -0.00346195
50771 60951 61210 0.00510134
50229 61822 61458 -0.00724681
52075 62200 62407 0.00397504
49870 60030 60660 0.0126328
49985 60373 61087 0.0142843
49198 62102 62002 -0.0020326
50836 61288 61528 0.00472106
50229 60666 59899 -0.0152701
48664 61129 60882 -0.00507562
51638 60552 60855 0.00586777
49414 60182 60349 0.00337961
53046 62559 62791 0.00437356
51092 61433 61302 -0.002564
48768 59252 59340 0.00180446
48859 58490 58377 -0.00231278
51721 59930 60502 0.0110593
49536 59066 59119 0.00106993
48793 60228 60009 -0.00448835
50033 59995 59850 -0.00289809
51180 61827 61743 -0.00164127
49183 60275 60413 0.00280585
49389 59487 59212 -0.00556804
49851 59944 59819 -0.00250747
48308 59804 60086 0.00583754
48264 59391 59161 -0.00476546
50776 60805 60759 -0.00090594
50598 60221 60565 0.00679869
48794 59003 59348 0.00707054
49691 59811 59979 0.00338089
50098 61615 61877 0.00522975
50167 61307 60956 -0.00699663
50152 60216 60474 0.00514436
49661 60776 61203 0.0085983
50900 60902 60940 0.000746562
49711 61595 61416 -0.00360081
51758 61688 61637 -0.000985355
53596 62876 63018 0.00264945
49695 60250 60139 -0.00223363
49907 61332 61334 4.00745e-05
52867 60969 61075 0.00200503
47712 59591 59897 0.00641348
49929 60474 60837 0.00727032
51024 61541 61423 -0.00231264
49216 60200 60354 0.00312906
50636 60842 61041 0.00393001
51923 62439 62544 0.00202223
52882 63241 63063 -0.00336598
48572 60252 60445 0.00397348
49273 60805 60466 -0.00688004
51503 60264 60561 0.00576665
50748 62275 62114 -0.00317254
49445 59528 59823 0.00596623
47937 60079 60012 -0.00139767
51993 60867 60718 -0.00286577
49010 58650 58696 0.000938584
53253 61355 61482 0.00238484
48547 59899 59981 0.00168908
49385 60072 60167 0.00192366
51094 60696 60911 0.00420793
48728 60162 60499 0.00691594
51274 63222 62873 -0.00680657
48466 58495 58387 -0.00222837
50383 61129 61041 -0.00174662
49679 59428 59588 0.00322068
48429 60684 60501 -0.00377873
50088 61115 60680 -0.00868471
50544 59918 60610 0.013691
51750 61813 62115 0.00583575
47582 59367 59864 0.0104451
50868 60756 60647 -0.0021428
49485 60890 60220 -0.0135395
48959 60823 60827 8.1701e-05
49816 59719 59768 0.00098362
51099 61466 61380 -0.00168301
49808 59604 59727 0.00246948
50709 59575 59664 0.00175511
49308 59859 59943 0.00170358
49430 61345 60910 -0.00880032
51767 60286 59928 -0.0069156
49143 60252 60586 0.00679649
48788 59243 59271 0.000573912
50870 60986 60878 -0.00212306
51506 60408 60002 -0.00788258
49845 58097 57987 -0.00220684
47429 59062 59322 0.00548188
51107 60169 60102 -0.00131098
53326 61398 61525 0.00238158
50391 60001 59936 -0.00128991
49856 61061 61075 0.000280809
50275 60472 60561 0.00177026
50012 58788 59008 0.00439894
50117 60983 60895 -0.00175589
49803 61976 61808 -0.00337329
50678 61168 61031 -0.00270334
50918 60673 60206 -0.00917161
49581 61136 61088 -0.000968113
50110 61141 61313 0.00343245
51182 62060 61868 -0.00375132
51848 62143 62113 -0.000578614
51069 60998 61492 0.00967319
48155 58625 58591 -0.000706053
51314 60487 60932 0.0086721
51130 60098 60390 0.00571093
50249 60580 60549 -0.000616928
49037 58309 58163 -0.00297734
47470 58486 58464 -0.000463451
48828 60417 60540 0.00251905
49620 60124 59764 -0.00725514
48343 60000 59648 -0.0072813
49910 60620 60978 0.00717291
50510 60709 60767 0.00114829
51621 59874 59675 -0.00385502
51131 62181 62330 0.00291408
48761 58724 58641 -0.00170218
49113 59317 59093 -0.00456091
51664 61444 61027 -0.00807138
49979 61735 61646 -0.00178075
50527 61098 61017 -0.0016031
48568 58555 58310 -0.00504447
50266 60736 60403 -0.00662476
52508 61810 61758 -0.000990325
49727 58551 58778 0.00456492
49628 59565 59699 0.00270009
50893 60003 59403 -0.0117894
47842 60210 60569 0.00750387
49493 60114 60277 0.0032934
50640 60779 61015 0.00466035
51081 60927 60749 -0.00348466
52460 62314 62399 0.00162028
49552 61199 61206 0.000141266
49935 60679 60989 0.00620807
51277 60313 60010 -0.00590908
49911 60123 60219 0.00192342
50589 60474 60713 0.00472435
48990 59726 59931 0.00418453
49200 60071 60063 -0.000162602
53681 62966 63080 0.00212366
48810 59325 59648 0.0066175
49560 59342 58719 -0.0125706
50369 60103 60277 0.00345451
47306 58507 58521 0.000295946
48829 60436 60509 0.00149501
52364 61570 61513 -0.00108853
49647 60241 60182 -0.00118839
51425 60998 61107 0.00211959
48987 59724 59972 0.00506257
50416 59931 59980 0.000971914
51865 61422 61471 0.00094476
48870 59169 59798 0.0128709
49745 59904 60344 0.00884511
51591 61008 61316 0.00597003
51317 61817 61721 -0.00187073
51630 60430 60301 -0.00249855
49545 61557 61518 -0.000787163
50932 60683 60748 0.00127621
52758 61446 61471 0.000473862
48201 60375 60259 -0.00240659
49115 58976 59161 0.00376667
49706 61016 61035 0.000382248
49015 60221 60375 0.0031419
49992 59795 59469 -0.00652104
51224 59673 59813 0.00273309
51952 61902 62015 0.00217508
48154 58149 58776 0.0130207
49882 61755 61569 -0.0037288
49560 61813 61529 -0.00573043
48786 60123 60196 0.00149633
48421 59242 59053 -0.00390327
48351 60266 60557 0.00601849
50062 59760 59722 -0.000759059
53903 63575 63533 -0.000779177
50807 60287 60069 -0.00429075
48071 59102 59127 0.000520064
49162 58854 58611 -0.00494284
52301 61717 61903 0.00355634
48091 59094 58999 -0.00197542
48052 58484 58412 -0.00149838
51394 60953 60396 -0.0108378
48895 59586 59507 -0.00161571
50831 60916 60905 -0.000216403
49048 58135 58182 0.000958245
50594 60071 60165 0.00185793
50600 59935 60047 0.00221344
50075 60703 61004 0.00601098
50648 60438 60219 -0.00432396
49739 60846 60479 -0.00737852
51356 61691 61605 -0.00167459
51109 61210 61087 -0.00240662
48046 59634 59287 -0.00722225
50575 60885 60947 0.0012259
49940 60738 60959 0.00442531
48618 59864 59948 0.00172776
48001 60199 59752 -0.00931231
50086 60653 60675 0.000439244
51841 60221 59866 -0.00684786
50659 59736 59457 -0.00550741
49572 61535 61134 -0.00808924
49136 59686 59760 0.00150602
49363 59694 59278 -0.00842736
48974 60888 59833 -0.021542
51794 60430 60460 0.000579218
49478 59091 58613 -0.00966086
51678 61082 61092 0.000193506
49750 60117 60303 0.00373869
47252 58611 59016 0.00857107
49854 59312 59476 0.00328961
50575 60305 59980 -0.0064261
49760 59821 59963 0.0028537
49350 60566 60837 0.00549139
51351 60820 60797 -0.000447898
49993 60393 60386 -0.00014002
50946 61125 61561 0.00855808
51096 61735 61542 -0.0037772
49271 60803 60739 -0.00129894
53547 61961 61602 -0.00670439
49774 60570 60451 -0.00239081
49771 59936 60135 0.00399831
49295 59868 59949 0.00164317
50667 59233 59330 0.00191446
51235 61072 60307 -0.0149312
49437 59217 59067 -0.00303416
50591 59266 59775 0.0100611
49660 60282 60456 0.00350383
52144 60273 60445 0.00329856
49552 61111 60905 -0.00415725
49975 60315 60265 -0.0010005
50619 59683 59635 -0.000948261
50372 62243 62638 0.00784166
51347 61841 61870 0.000564785
48824 59962 60003 0.000839751
49617 61095 61055 -0.000806175
49768 59301 59306 0.000100466
48967 61119 61066 -0.00108236
50589 61403 61371 -0.000632549
51650 62541 62802 0.00505324
52484 60833 60874 0.00078119
52402 61745 61997 0.00480898
52838 62114 62036 -0.00147621
49590 61545 61671 0.00254083
48750 59460 59536 0.00155897
50566 60869 60799 -0.00138433
49800 60968 61038 0.00140562
48291 60546 60582 0.000745481
49615 61111 61043 -0.00137055
49657 60648 60751 0.00207423
50234 60548 60468 -0.00159255
49651 60571 60591 0.000402812
48657 59660 59631 -0.000596009
47238 59486 59918 0.00914518
51474 59402 60131 0.0141625
49256 61023 60859 -0.00332954
50697 61211 61289 0.00153855
50243 61712 62212 0.00995164
49945 60841 60996 0.00310341
50307 61982 62123 0.00280279
51427 62333 62417 0.00163338
52226 61499 61300 -0.00381036
48720 58818 58968 0.00307882
50901 60905 60763 -0.00278973
49499 59840 59719 -0.00244449
52302 61163 61524 0.00690222
50395 61239 61334 0.00188511
50119 60377 60138 -0.00476865
50039 61548 61569 0.000419673
49910 61108 61346 0.00476858
49724 60448 60226 -0.00446464
49635 61357 61187 -0.003425
49848 61078 60961 -0.00234714
51157 60136 60409 0.00533651
52564 61348 61902 0.0105395
48007 59438 59092 -0.00720728
51099 60958 61474 0.010098
51177 61769 61837 0.00132872
50350 60970 60886 -0.00166832
53504 62338 62246 -0.0017195
50863 63427 63085 -0.00672394
50031 61735 61798 0.00125922
51960 61128 61242 0.002194
50367 59965 60176 0.00418925
48765 59094 59204 0.00225572
49543 60706 60767 0.00123125
50191 60231 60297 0.00131498
48419 60832 60797 -0.000722857
49281 61556 61448 -0.00219151
50090 59743 59834 0.00181673
48864 59752 60072 0.00654879
52395 61332 61535 0.00387442
48339 59329 59410 0.00167567
49773 60478 60826 0.00699174
51808 59859 59901 0.000810686
50382 59523 59359 -0.00325513
50567 61509 61744 0.0046473
50975 60552 60461 -0.00178519
50346 60286 60089 -0.00391292
49931 61216 61353 0.00274379
51834 61289 61423 0.00258518
50201 60868 61371 0.0100197
51430 60838 60796 -0.000816644
50361 62051 61970 -0.00160839
51181 60168 60060 -0.00211016
50491 60591 60486 -0.00207958
48860 59158 59225 0.00137126
49819 61602 61519 -0.00166603
53011 61967 61766 -0.00379167
49670 58714 59218 0.010147
48147 60327 60105 -0.00461088
50127 62519 62784 0.00528657
51920 60811 60969 0.00304314
47540 60121 60186 0.00136727
50466 60373 60510 0.0027147
51117 61386 61197 -0.0036974
52600 60929 61243 0.00596958
52185 62068 61892 -0.00337262
50812 60876 60589 -0.00564827
49585 60376 60075 -0.00607038
50029 59942 59997 0.00109936
49640 59691 59532 -0.00320306
52003 61685 61599 -0.00165375
49434 59355 59041 -0.0063519
52860 60893 60287 -0.0114642
50008 60068 60234 0.00331947
49519 60703 60627 -0.00153476
51462 60313 60822 0.00989079
48268 60084 60035 -0.00101517
51493 60518 60654 0.00264114
48632 60041 59520 -0.0107131
47562 58771 58946 0.00367941
52865 61029 61319 0.00548567
47222 58674 58534 -0.00296472
53275 61937 61373 -0.0105866
51352 62514 62616 0.00198629
52557 61828 61688 -0.00266377
49060 59543 59686 0.0029148
50572 60468 60845 0.00745472
51299 61623 61623 0
49115 59798 59600 -0.00403135
49562 59621 59025 -0.0120253
50736 60281 60418 0.00270025
50275 60864 60651 -0.0042367
48276 59728 59762 0.000704284
49846 61105 61317 0.0042531
49135 58786 58682 -0.00211662
48690 60202 60163 -0.000800986
49369 60320 60401 0.00164071
49901 60783 60805 0.000440873
50186 60067 59946 -0.00241103
50078 61921 61722 -0.0039738
49789 59626 59690 0.00128542
49361 59864 59695 -0.00342376
51857 61861 61576 -0.00549588
51178 62397 62412 0.000293095
50254 60899 61179 0.0055717
49904 61147 60728 -0.00839612
48490 58531 58592 0.00125799
50086 60631 60379 -0.00503135
50387 60464 60630 0.0032945
49395 61207 61127 -0.0016196
51722 61578 61779 0.00388616
48884 60065 59870 -0.00398904
47993 58933 59006 0.00152106
48501 58484 58163 -0.00661842
49177 60274 60472 0.00402627
51016 60557 60205 -0.0068998
49825 60999 61205 0.00413447
51633 58864 59135 0.00524858
49197 59509 59508 -2.03264e-05
48130 58641 58747 0.00220237
48074 59292 59458 0.00345301
50093 60272 59930 -0.0068273
48758 60658 60874 0.00443004
49042 59174 59614 0.0089719
50136 59393 59299 -0.0018749
49935 61101 60858 -0.00486633
50632 60570 60369 -0.00396982
50539 61172 61139 -0.000652961
50000 60647 60785 0.00276
51336 60758 60636 -0.0023765
47905 59968 59952 -0.000333994
52161 60675 60508 -0.00320163
50619 59970 59832 -0.00272625
50026 58595 58414 -0.00361812
51086 61130 61308 0.00348432
49225 59399 59798 0.00810564
54773 61761 61688 -0.00133277
49659 61204 61082 -0.00245676
53082 61945 61675 -0.00508647
50107 59473 59341 -0.00263436
47162 59964 60008 0.000932954
49439 61655 61410 -0.0049556
50802 59870 59929 0.00116137
49306 59363 59538 0.00354926
50999 63416 63411 -9.80411e-05
50710 60834 60720 -0.00224808
49265 60624 60572 -0.00105552
52111 61612 61668 0.00107463
50331 60186 59950 -0.00468896
47312 59256 59654 0.00841224
47882 60453 60040 -0.00862537
50748 60716 60781 0.00128084
50595 62222 61828 -0.00778733
49493 59076 59339 0.00531388
50096 61417 61717 0.0059885
50721 61598 61726 0.00252361
52072 61573 61520 -0.00101782
50244 59514 59517 5.97086e-05
50384 58878 58964 0.00170689
50933 60083 60277 0.00380893
49023 60062 59876 -0.00379414
50668 60873 61168 0.00582222
50376 59540 59377 -0.00323567
50415 60989 60897 -0.00182485
51465 60072 60126 0.00104926
51501 61077 60840 -0.00460185
51375 60532 60628 0.00186861
50188 62008 62019 0.000219176
49887 60299 60208 -0.00182412
51624 61849 62213 0.00705098
49853 59921 59727 -0.00389144
51182 61684 61050 -0.0123872
49977 60881 60554 -0.00654301
49707 59306 59108 -0.00398334
50939 61730 61607 -0.00241465
49619 60166 60229 0.00126967
49492 59208 59367 0.00321264
49212 60750 60771 0.000426725
49979 59105 59126 0.000420176
50879 60268 59995 -0.00536567
50800 60549 60689 0.00275591
50674 60946 61145 0.00392706
49701 59785 59864 0.00158951
50333 60614 60294 -0.00635766
50910 60149 60078 -0.00139462
50498 60689 60446 -0.00481207
49086 60299 60315 0.000325959
49910 60890 60573 -0.00635143
49826 60525 60508 -0.000341187
50611 61360 61560 0.00395171
50204 60446 60872 0.00848538
49595 59237 59161 -0.00153241
49611 60605 60519 -0.00173349
51075 60498 60410 -0.00172296
49366 60466 60235 -0.00467933
48874 59791 59772 -0.000388755
49966 59636 59783 0.002942
49838 60578 60486 -0.00184598
49472 59997 59816 -0.00365864
50716 61591 61507 -0.00165628
46625 59625 59507 -0.00253083
49671 59930 60057 0.00255682
49424 60419 60756 0.00681855
48415 59131 58769 -0.00747702
49312 61533 61485 -0.000973394
48474 59288 59285 -6.18888e-05
50417 60847 60727 -0.00238015
49995 61207 61198 -0.000180018
51174 61820 61818 -3.90823e-05
50813 60520 60391 -0.00253872
50294 60645 60605 -0.000795323
51290 61825 61877 0.00101384
49621 61664 61694 0.000604583
50162 59417 59310 -0.00213309
50907 60404 60564 0.00314299
49694 61675 61573 -0.00205256
49300 58596 58540 -0.0011359
51438 59427 59404 -0.00044714
53105 60829 60639 -0.00357782
50085 60498 60829 0.00660877
49694 60152 60142 -0.000201232
49140 60859 60632 -0.00461945
50187 61363 61685 0.006416
50540 59611 59473 -0.00273051
49965 60093 60326 0.00466326
48426 60025 60027 4.13001e-05
49714 60983 61325 0.00687935
48487 57515 57656 0.002908
50734 61511 61140 -0.00731265
49406 61987 62163 0.00356232
53046 62007 62147 0.00263922
49513 59766 59748 -0.000363541
48372 59517 59651 0.0027702
51016 63228 62834 -0.00772307
49414 58650 58756 0.00214514
50629 59149 59399 0.00493788
50159 62249 62330 0.00161486
50535 60392 60460 0.0013456
49109 60197 60168 -0.000590523
50331 61554 61362 -0.00381475
50690 61930 61781 -0.00293944
50992 60383 60413 0.000588328
49519 59349 59544 0.00393788
50173 60968 60871 -0.00193331
51068 60504 60976 0.00924258
49592 61204 61452 0.00500081
50066 60235 59864 -0.00741022
48888 60276 60285 0.000184094
51732 61877 61560 -0.00612774
50508 60731 60682 -0.000970143
49967 60422 60048 -0.00748494
51241 62206 62157 -0.000956265
52358 63009 62671 -0.00645556
52108 60817 60837 0.000383818
49165 59910 59923 0.000264416
50562 61755 61584 -0.00338199
51430 60725 60770 0.000874976
49767 60556 60230 -0.00655053
50350 59723 60235 0.0101688
47753 58082 58209 0.00265952
48830 59983 59915 -0.00139259
50918 60314 60555 0.0047331
50479 60338 60613 0.00544781
51146 61712 61556 -0.00305009
52708 61772 61131 -0.0121613
51575 61302 60962 -0.00659234
50346 60229 60443 0.00425059
50634 60129 60127 -3.94992e-05
53474 61980 61670 -0.00579721
50079 61324 61154 -0.00339464
51416 61374 61655 0.00546522
51120 60163 60665 0.00982003
52243 62276 62473 0.00377084
47807 60617 60966 0.00730019
47740 60350 60106 -0.00511102
51406 62615 62792 0.00344318
51932 61592 61875 0.00544943
49609 61255 60994 -0.00526114
50144 59845 60619 0.0154355
50498 60211 60035 -0.00348529
50095 59551 59605 0.00107795
50630 62565 62475 -0.0017776
49020 60298 60365 0.00136679
52109 61492 61697 0.00393406
51112 60492 60438 -0.0010565
49156 59956 60054 0.00199365
51596 60342 60171 -0.00331421
49089 60584 60336 -0.00505205
50345 60891 61022 0.00260205
50287 59543 59731 0.00373854
49285 59373 59407 0.000689865
50239 61204 61140 -0.00127391
50091 59438 59603 0.003294
49483 61044 60881 -0.00329406
48530 58954 58904 -0.00103029
51620 60885 60673 -0.00410694
50580 59615 60126 0.0101028
50882 60076 59983 -0.00182776
48644 60040 59883 -0.00322753
49439 60122 59994 -0.00258905
49347 60343 60206 -0.00277626
49725 58987 58838 -0.00299648
49065 60934 60937 6.11434e-05
51936 61913 62024 0.00213725
50232 60566 60565 -1.99076e-05
50514 60398 60468 0.00138575
49692 61159 60908 -0.00505111
49746 60487 60525 0.000763881
49462 60109 60142 0.000667179
50704 62323 62451 0.00252446
48208 60776 60784 0.000165948
47519 60525 60586 0.0012837
51307 61392 61355 -0.000721149
52632 61976 61868 -0.00205198
50716 61000 61058 0.00114362
49754 60827 60820 -0.000140692
50680 60089 59820 -0.00530781
51516 59382 59536 0.00298936
50219 61028 60933 -0.00189171
50178 60447 60419 -0.000558013
50375 61148 61198 0.000992556
49941 59394 59113 -0.00562664
50683 60920 61020 0.00197305
51728 60943 60370 -0.0110772
52069 62028 62165 0.00263112
48522 59554 59527 -0.000556449
49456 61717 61558 -0.00321498
49896 60659 60482 -0.00354738
47329 57649 57705 0.00118321
50488 60868 60787 -0.00160434
49337 59238 58945 -0.00593875
49766 61297 61036 -0.00524454
51539 60081 59660 -0.00816857
