57292 68176 68031 -0.00253089
56698 67722 67673 -0.000864228
58795 69103 68995 -0.00183689
56366 68853 69467 0.0108931
58614 69273 69792 0.00885454
57325 67858 68208 0.00610554
61436 70476 70342 -0.00218113
57150 68052 67738 -0.00549431
56663 68542 68381 -0.00284136
56082 67022 66977 -0.000802396
58028 68508 68432 -0.00130971
57511 68560 68545 -0.00026082
55546 67687 67590 -0.0017463
57288 70102 69610 -0.00858819
58405 68507 68292 -0.00368119
57155 68272 68317 0.000787333
59666 69979 69619 -0.00603359
56666 68709 68970 0.00460594
56129 67514 67307 -0.00368793
57185 68654 69199 0.00953047
57950 70514 70458 -0.00096635
59075 68428 69500 0.0181464
57396 68273 68395 0.00212558
57478 69023 68833 -0.00330561
54845 68070 68330 0.00474063
58887 69133 69067 -0.00112079
56574 68716 68784 0.00120197
59398 69695 69204 -0.00826627
58096 69191 69169 -0.000378684
59786 68328 68150 -0.00297729
58192 70176 69805 -0.00637545
55621 67813 67808 -8.98941e-05
58207 68285 67709 -0.00989572
57190 66984 67006 0.000384683
56505 68323 67888 -0.00769843
55345 68161 68500 0.00612521
57517 68943 68629 -0.00545926
57154 70058 70174 0.0020296
56625 68710 68622 -0.00155408
57709 67925 67800 -0.00216604
61021 71849 71741 -0.00176988
55299 69372 69598 0.00408687
58048 68798 69193 0.00680471
57603 69391 68594 -0.0138361
55602 66645 67316 0.0120679
58387 70045 70106 0.00104475
58043 69704 69873 0.00291163
57212 69238 69093 -0.00253443
57295 69304 69247 -0.000994851
56579 67406 67315 -0.00160837
59357 68232 68642 0.00690736
55365 68385 68613 0.00411813
57245 66428 66685 0.00448948
56907 68150 67742 -0.00716959
59097 68839 69135 0.00500871
58306 68750 68945 0.00334442
58093 69405 69412 0.000120496
58903 69470 69665 0.00331053
57129 67638 68214 0.0100824
59012 68489 68406 -0.00140649
56241 68733 68604 -0.0022937
56578 67701 67506 -0.00344657
57194 68101 68088 -0.000227297
58708 69675 69281 -0.00671118
55744 66144 66378 0.00419776
60147 69075 68588 -0.00809683
59929 68241 68411 0.00283669
53954 67979 68199 0.00407755
56620 67321 67045 -0.0048746
58220 69738 69122 -0.0105806
57581 67743 67892 0.00258766
55108 68679 68492 -0.00339334
57505 69368 69141 -0.00394748
54707 68369 68223 -0.00266876
55716 67937 67749 -0.00337426
57283 67916 68004 0.00153623
53915 67488 67159 -0.0061022
55748 68994 69101 0.00191935
56153 70072 69889 -0.00325895
59130 69535 69396 -0.00235075
55820 66366 66022 -0.00616267
58886 69265 68926 -0.00575689
55154 67430 66894 -0.00971824
53863 66944 66813 -0.0024321
58110 68994 69103 0.00187575
58954 69074 69045 -0.000491909
56844 66118 66370 0.00443319
57564 70098 70142 0.000764367
59328 70347 70123 -0.00377562
57218 70131 70466 0.0058548
59682 71640 71556 -0.00140746
58222 68338 68755 0.00716224
56807 68816 69006 0.00334466
57725 68382 68520 0.00239065
57887 69521 69135 -0.00666816
56715 67436 67473 0.000652385
56817 67172 67334 0.00285126
56728 69363 69258 -0.00185094
58285 69502 69758 0.00439221
56441 67095 66803 -0.00517354
57109 68533 68431 -0.00178606
56884 70030 69269 -0.0133781
58915 69315 69326 0.00018671
57698 69196 69078 -0.00204513
55564 67667 68005 0.00608308
58032 69141 69172 0.000534188
58015 68788 68860 0.00124106
57060 68665 68451 -0.00375044
56333 67164 67095 -0.00122486
57937 69367 69155 -0.00365915
57972 69458 69417 -0.000707238
55722 67061 67443 0.00685546
58902 68856 68818 -0.000645139
55466 66883 67293 0.00739192
56080 65667 66049 0.0068117
57005 67452 67256 -0.00343829
58287 67673 67351 -0.00552439
59023 68796 68916 0.00203311
58296 70196 70366 0.00291615
58287 67974 68323 0.00598761
59335 68836 68948 0.00188759
56849 68430 68730 0.00527714
56396 69158 69267 0.00193276
55769 67297 66886 -0.00736969
57578 69679 69774 0.00164994
56592 70219 70062 -0.00277424
55071 68494 67694 -0.0145267
57124 69812 69697 -0.00201316
55715 69219 68844 -0.00673068
57885 69661 69658 -5.18269e-05
57190 69324 69351 0.000472111
59012 69945 69846 -0.00167762
57260 68289 68123 -0.00289906
57183 69237 69367 0.0022734
57321 69566 69434 -0.00230282
57339 68753 68450 -0.00528436
57743 69640 69682 0.000727361
58933 70807 70578 -0.00388577
58140 67183 67004 -0.00307878
58902 69511 69464 -0.000797936
56631 66635 66843 0.0036729
56345 67261 67083 -0.00315911
55027 66039 65566 -0.00859578
57097 68162 67983 -0.00313502
57053 68439 68276 -0.00285699
56779 68164 68286 0.00214868
58768 69776 69573 -0.00345426
55201 66656 66711 0.000996359
60028 70324 70309 -0.000249883
56421 66380 66888 0.00900374
56696 68231 68359 0.00225765
56545 68014 68136 0.00215757
57045 67682 67136 -0.00957139
56686 67324 67485 0.00284021
56790 68099 68172 0.00128544
57868 68974 69012 0.000656667
56817 67493 67514 0.000369608
56163 67244 66823 -0.00749604
56704 68250 68503 0.00446177
55883 67355 67166 -0.00338207
58544 69161 68909 -0.00430445
56103 69477 69314 -0.00290537
57185 67062 67178 0.0020285
59623 70016 69925 -0.00152626
56801 67419 67485 0.00116195
58472 68187 68864 0.0115782
56299 69363 69261 -0.00181176
57995 69196 69384 0.00324166
57394 69198 68976 -0.003868
57741 69780 69463 -0.00549003
57563 67903 68024 0.00210204
58955 70104 69795 -0.00524129
56139 68216 67997 -0.00390103
57089 66960 66722 -0.00416893
58672 69266 69534 0.00456777
57968 68526 68912 0.00665885
59632 69990 69953 -0.000620472
56679 66905 67225 0.00564583
56072 67792 67952 0.00285347
58504 68122 68525 0.00688842
57293 69737 69445 -0.00509661
59394 69162 69183 0.000353571
58469 68272 68220 -0.00088936
58336 68600 68532 -0.00116566
58468 72069 71665 -0.00690976
58549 70599 70596 -5.12391e-05
55604 68308 68359 0.0009172
55710 67087 67083 -7.18004e-05
57883 68183 68371 0.00324793
59221 70300 70205 -0.00160416
57334 68650 68687 0.000645341
55944 69565 69728 0.00291363
56696 68096 67620 -0.00839565
60161 70250 70712 0.00767939
57048 68518 67962 -0.00974618
57432 68538 68905 0.00639017
56207 67273 67135 -0.00245521
55910 67250 66999 -0.00448936
56862 67074 66922 -0.00267314
55733 67990 67951 -0.000699765
60008 70205 70036 -0.00281629
58572 69449 69297 -0.0025951
57930 68508 68723 0.00371138
56739 69772 69908 0.00239694
59416 68595 68521 -0.00124546
56551 67293 67410 0.00206893
56640 68716 68536 -0.00317797
56151 69072 68465 -0.0108101
57159 66126 66330 0.00356899
57320 68440 68120 -0.00558269
54336 64894 64430 -0.00853946
59494 70677 70735 0.000974888
56566 69030 69142 0.00197999
55808 69422 69397 -0.000447964
57265 68405 68421 0.000279403
57698 68294 68444 0.00259974
58981 68465 68304 -0.00272969
58194 67821 67790 -0.000532701
58325 69280 68972 -0.00528075
58958 69219 69328 0.00184877
57233 69779 69692 -0.0015201
57511 68064 67576 -0.00848533
59500 71306 71418 0.00188235
55806 65380 65655 0.00492779
56948 69898 69833 -0.00114139
58423 69117 69066 -0.000872944
56621 68172 68109 -0.00111266
57690 66219 66581 0.00627492
56752 69074 68885 -0.00333028
57215 67976 67736 -0.0041947
57385 68726 68790 0.00111527
57584 69301 69368 0.00116352
59220 70200 70361 0.00271868
56582 69255 68866 -0.00687498
58075 67635 67957 0.00554455
56067 67102 66949 -0.00272888
58189 68525 68628 0.00177009
57875 68471 68529 0.00100216
59214 68449 68699 0.00422197
55965 69252 69134 -0.00210846
57501 67989 67968 -0.000365211
57058 69239 69277 0.000665989
57160 67533 67395 -0.00241428
57213 67032 67240 0.00363554
59860 70725 70615 -0.00183762
60022 70301 70589 0.00479824
55366 67699 67643 -0.00101145
56958 65877 65987 0.00193125
56966 67571 67677 0.00186076
55646 66176 66566 0.00700859
56787 67396 67262 -0.0023597
57554 68412 68559 0.00255412
57461 68132 68089 -0.000748334
57034 66520 66331 -0.00331381
57640 67615 67612 -5.20472e-05
57908 68070 68602 0.00918699
58632 68860 69069 0.00356461
56678 69523 69499 -0.000423445
54889 67918 67755 -0.00296963
57676 67475 67805 0.00572162
57661 68751 68610 -0.00244533
57518 68767 68837 0.00121701
57062 68266 68264 -3.50496e-05
56877 66097 66110 0.000228563
58109 69738 69387 -0.00604037
58172 67253 67586 0.0057244
56729 69007 68644 -0.00639884
55113 67909 68057 0.00268539
57774 68077 68097 0.000346176
57285 66456 66577 0.00211225
57463 69509 70009 0.00870125
56683 67703 67913 0.00370481
57677 67627 67593 -0.00058949
59653 68593 68519 -0.00124051
57602 69892 69695 -0.00342002
56610 69010 69090 0.00141318
56272 67914 68032 0.00209696
56095 67807 67786 -0.000374365
57673 69242 69239 -5.20174e-05
57486 67895 68195 0.00521866
58362 69764 69774 0.000171344
55236 67765 67680 -0.00153885
56965 67681 67578 -0.00180813
56086 68827 68858 0.000552723
56790 66993 67005 0.000211305
58209 68936 68894 -0.000721538
55719 66833 66914 0.00145372
60068 70565 70531 -0.000566025
59991 69475 69410 -0.0010835
58846 68712 68571 -0.00239608
59656 68942 69144 0.00338608
56981 68993 68574 -0.00735333
56158 66868 67040 0.00306279
58473 68025 67975 -0.000855096
58436 68050 67683 -0.00628038
56758 69244 69339 0.00167377
57581 70109 70358 0.00432434
54747 67444 67459 0.000273988
57749 69349 69495 0.00252818
58751 70555 70240 -0.00536161
54671 67237 67169 -0.0012438
57506 69718 69678 -0.00069558
57418 68021 68162 0.00245568
57975 68664 68974 0.00534713
54967 67447 67226 -0.00402059
54676 68698 68376 -0.00588924
56830 68406 68774 0.00647545
56971 67804 68092 0.0050552
55850 68142 68022 -0.00214861
56544 66631 66481 -0.0026528
57763 69116 69081 -0.000605924
56700 67577 67279 -0.00525573
56415 67802 68069 0.00473278
57852 68885 68477 -0.00705248
57613 67860 67579 -0.00487737
57190 69278 69330 0.00090925
57609 68804 68998 0.00336753
54759 66952 66748 -0.00372542
56717 68848 68933 0.00149867
55117 66525 66791 0.0048261
57342 65718 65919 0.00350528
54721 65775 65711 -0.00116957
58564 69236 69134 -0.00174168
55999 67754 67686 -0.00121431
55936 68349 68640 0.00520237
53961 68592 68421 -0.00316896
58853 68267 67990 -0.00470664
56948 67963 68364 0.00704151
56129 67060 67159 0.00176379
57980 68836 68468 -0.00634702
55714 68012 67919 -0.00166924
57351 68684 68752 0.00118568
55810 67124 67149 0.000447948
55808 68463 68189 -0.00490969
55720 67147 66694 -0.00812994
55771 68230 67865 -0.00654462
56099 67744 67616 -0.00228168
60028 69953 69817 -0.00226561
56802 67944 67519 -0.00748213
58792 69658 69049 -0.0103586
55897 68366 68269 -0.00173533
57868 68099 68263 0.00283404
58542 68995 68920 -0.00128113
58021 68125 68046 -0.00136158
56633 66816 67174 0.0063214
59533 69314 68978 -0.00564393
58181 69355 69842 0.00837043
58689 68525 68645 0.00204468
57349 67172 67417 0.00427209
58010 67702 67524 -0.00306844
58448 69878 69727 -0.00258349
58390 68773 68742 -0.000530913
56687 68391 67622 -0.0135657
57082 68803 68753 -0.000875933
57520 68173 68262 0.00154729
59595 69826 69604 -0.00372514
57148 68471 68248 -0.00390215
57914 70957 70623 -0.00576717
54779 66862 66888 0.000474634
56352 67972 67534 -0.00777257
56993 67388 67362 -0.000456196
57178 67705 67530 -0.00306062
58625 69744 69346 -0.00678891
58266 69165 68831 -0.00573233
57965 70351 70516 0.00284655
56749 69043 68422 -0.0109429
58664 67653 67895 0.00412519
59480 68961 68977 0.000268998
58499 68483 68741 0.00441033
57042 69258 68944 -0.00550472
59738 69622 69509 -0.00189159
57306 68009 68091 0.00143091
56454 68722 68341 -0.00674886
59107 70502 70565 0.00106586
58653 69963 70380 0.00710961
56539 68555 68454 -0.00178638
57570 68990 68652 -0.00587111
57953 69516 69451 -0.0011216
57003 68253 68295 0.000736803
57082 68816 68497 -0.00558845
55076 67901 67649 -0.0045755
56987 67923 68378 0.00798428
59041 68732 68906 0.0029471
59626 70114 69761 -0.00592024
57125 67785 67651 -0.00234573
55767 67605 67459 -0.00261804
56609 68802 68496 -0.0054055
55778 68740 68783 0.000770913
57054 68377 68110 -0.00467978
59077 70252 70336 0.00142187
55886 67715 67960 0.00438392
58855 69736 69802 0.0011214
57969 68225 68076 -0.00257034
59182 71104 71149 0.000760366
60104 70365 70476 0.0018468
56797 67997 68174 0.00311636
56843 68345 67873 -0.00830357
54673 68113 68107 -0.000109743
58473 68275 68121 -0.00263369
56874 67903 68183 0.00492316
56042 67795 67789 -0.000107063
54928 68108 68078 -0.00054617
57232 67689 66703 -0.0172281
56806 68035 68232 0.00346794
58348 68402 68531 0.00221087
54610 67566 67360 -0.0037722
56251 67040 66971 -0.00122664
56008 68067 68006 -0.00108913
59005 70768 70870 0.00172867
58405 67636 68175 0.00922866
56373 69875 69517 -0.00635056
56764 67033 66883 -0.00264252
56907 67720 68236 0.00906743
58905 68879 68586 -0.00497411
55479 67605 66966 -0.0115179
56639 68720 68592 -0.00225993
59061 69877 69998 0.00204873
58262 67748 67856 0.0018537
59601 68472 69004 0.00892602
54588 65882 65934 0.00095259
57567 69273 69474 0.00349158
57117 69769 69734 -0.000612777
59215 69629 69499 -0.00219539
57114 68150 68142 -0.000140071
57394 68938 68727 -0.00367634
56435 70342 70100 -0.00428812
57291 69150 69006 -0.00251348
56388 67861 67877 0.000283748
55382 68828 68939 0.00200426
58798 68359 68581 0.00377564
56113 67892 67903 0.000196033
59825 71051 70794 -0.00429586
57585 69100 68937 -0.0028306
55871 67309 67189 -0.0021478
55537 66397 66019 -0.00680627
59028 68981 68776 -0.00347293
56545 67236 67375 0.00245822
55889 67283 67300 0.000304174
57167 67959 67937 -0.000384837
58650 69747 69690 -0.000971867
56058 68477 68162 -0.00561918
55910 66837 67099 0.0046861
57107 68653 68718 0.00113821
54827 67827 68192 0.0066573
54887 68019 67780 -0.0043544
58449 69471 68825 -0.0110524
57675 69383 69067 -0.00547898
55917 68019 67963 -0.00100148
56546 67900 67809 -0.00160931
57288 70018 69915 -0.00179793
57707 69246 69717 0.00816192
57431 69198 68663 -0.00931553
57297 69015 68989 -0.000453776
58429 68487 68907 0.00718821
57174 68317 69123 0.0140973
59248 69474 69834 0.00607615
59613 70709 70711 3.35497e-05
56798 68435 68503 0.00119723
56615 68915 68446 -0.00828402
60854 68900 69195 0.00484767
55664 67834 67553 -0.00504815
57053 69296 68928 -0.00645014
57179 69138 69078 -0.00104934
56907 68255 68535 0.00492031
58481 69495 69242 -0.00432619
58952 69724 69264 -0.00780296
59625 71128 71149 0.000352201
56244 68524 68455 -0.0012268
55880 68408 68568 0.00286328
58373 68282 68097 -0.00316927
57818 70793 70470 -0.0055865
56922 67618 67541 -0.00135273
54647 67452 67375 -0.00140904
59040 69342 69101 -0.00408198
55971 66098 66656 0.00996945
59796 68810 68728 -0.00137133
56259 68549 68365 -0.00327059
55820 67388 67471 0.00148692
58094 69435 69287 -0.0025476
56357 67762 67994 0.00411661
57679 71090 71328 0.00412629
55142 67111 67155 0.00079794
57590 68789 69056 0.00463622
56190 67159 67071 -0.00156611
56319 69294 69362 0.00120741
57957 69913 69938 0.000431354
56288 67163 67026 -0.00243391
59197 69927 69913 -0.000236498
54408 66975 67239 0.00485223
58212 68780 68667 -0.00194118
55712 68270 67862 -0.00732338
56206 68689 68671 -0.000320251
57205 67528 68047 0.00907263
58593 69528 69580 0.000887478
57516 68094 68169 0.00130398
57832 66843 66977 0.00231706
57298 67830 68098 0.0046773
57204 69478 69492 0.000244738
58607 67826 67604 -0.00378794
56768 68983 69364 0.00671153
56312 67655 67697 0.000745845
57674 68645 68850 0.00355446
59447 68477 68180 -0.00499605
57333 66609 66470 -0.00242443
54370 67330 67158 -0.00316351
58035 68379 68121 -0.00444559
60865 69927 70005 0.00128152
57020 67536 67831 0.00517362
56726 68592 68674 0.00144555
58445 69312 69692 0.00650184
57263 67307 67448 0.00246232
56183 67146 67014 -0.00234947
56473 69652 69429 -0.00394879
57195 68826 68619 -0.0036192
57770 68699 68459 -0.00415441
56968 69704 69450 -0.00445864
56378 68014 68083 0.00122388
58060 69482 69660 0.00306579
60183 70410 70349 -0.00101358
58305 68809 69143 0.0057285
54581 65916 65831 -0.00155732
58502 68412 68428 0.000273495
58495 68093 68108 0.000256432
57966 68792 68234 -0.00962633
55968 65119 65574 0.00812965
54748 66793 66431 -0.00661211
55613 68647 68716 0.00124072
56791 68465 68122 -0.00603969
54952 67139 66997 -0.00258407
57497 69263 69047 -0.00375672
57945 69056 69091 0.000604021
58298 68236 68100 -0.00233284
57877 69919 70110 0.0033001
55730 66530 66481 -0.000879239
56075 67117 67395 0.00495765
59600 69215 69208 -0.00011745
56693 69430 69555 0.00220486
56353 67901 68006 0.00186325
55666 66764 66685 -0.00141918
57968 69118 69111 -0.000120756
60297 70309 70652 0.00568851
57566 66771 66811 0.000694855
56386 66549 66694 0.00257156
57907 67461 67744 0.00488715
54237 67830 67725 -0.00193595
56722 68108 67694 -0.00729876
57992 69217 69103 -0.00196579
58599 68536 68132 -0.00689432
59269 70191 69797 -0.00664766
57234 69457 69308 -0.00260335
57120 68720 68937 0.00379902
57938 67965 67966 1.72598e-05
57038 68393 68477 0.0014727
58760 69265 69360 0.00161675
56969 68525 68135 -0.00684583
56395 67595 67902 0.00544375
60739 70969 70867 -0.00167932
56365 68267 68434 0.00296283
56621 66811 66698 -0.00199573
57361 68863 68685 -0.00310315
54554 66170 66355 0.00339114
56253 68792 68623 -0.00300428
59136 69735 69682 -0.000896239
56596 68457 67970 -0.00860485
58536 69670 70025 0.00606464
56547 67103 67229 0.00222823
56308 67056 66823 -0.00413796
58688 69606 69653 0.000800845
56669 67198 67066 -0.00232932
56362 68604 68418 -0.0033001
59304 69746 69628 -0.00198975
57705 69237 68846 -0.00677584
58468 67995 67842 -0.00261682
57039 69481 69800 0.00559266
57547 68542 68425 -0.00203312
59339 69460 69730 0.00455013
55811 68537 68497 -0.000716705
56569 67327 66991 -0.00593965
55704 67688 68203 0.0092453
56055 68000 67869 -0.00233699
57267 66920 67501 0.0101455
57761 67513 67677 0.00283929
58506 69399 69403 6.83691e-05
54828 66195 65808 -0.00705844
57433 70103 69693 -0.00713875
57358 70369 70406 0.000645071
55688 67693 67538 -0.00278336
55203 66737 66575 -0.00293462
55848 68656 68712 0.00100272
57350 67978 68155 0.00308631
60302 71048 71450 0.00666645
58160 68382 68380 -3.43879e-05
55351 66379 66384 9.03326e-05
55981 66380 66467 0.0015541
59856 71167 70722 -0.00743451
54781 66740 67049 0.00564064
55358 66635 66223 -0.00744247
59529 68386 68360 -0.000436762
55852 66968 67058 0.0016114
58485 69158 69085 -0.00124818
55491 65088 65239 0.00272116
57553 67578 67446 -0.00229354
57957 68024 68202 0.00307124
57638 68683 68907 0.00388632
57771 68476 68396 -0.00138478
56793 68681 68592 -0.00156709
57866 69032 68809 -0.00385373
58584 69357 69453 0.00163867
54623 67604 67346 -0.00472329
58119 69696 69567 -0.00221958
56640 68230 67901 -0.00580862
55934 68426 68543 0.00209175
55130 67875 68176 0.00545982
57973 68620 68815 0.00336363
59222 68354 67711 -0.0108575
57783 68673 68507 -0.00287282
56756 69050 69184 0.00236098
55562 66896 66938 0.000755912
56470 67517 67826 0.00547193
55553 68439 68591 0.00273613
58197 68526 68695 0.00290393
56689 66356 66276 -0.00141121
58754 69563 69356 -0.00352316
56235 66705 66565 -0.00248955
54506 66049 66383 0.00612777
56827 66629 67055 0.00749644
57827 68199 68407 0.00359694
57051 68184 68130 -0.000946522
57078 68167 68487 0.00560636
58340 68310 68688 0.00647926
56891 68490 68670 0.00316395
58574 69332 69315 -0.000290231
58229 69527 69231 -0.00508338
55935 68145 68241 0.00171628
61316 70531 70328 -0.00331072
57325 68864 68978 0.00198866
56363 68297 68201 -0.00170325
56423 67713 68301 0.0104213
57926 67677 67922 0.00422953
58292 68762 68125 -0.0109277
56751 67461 67843 0.00673116
57744 67559 67991 0.0074813
56938 68248 68491 0.0042678
59145 68287 68820 0.00901175
56385 69637 69397 -0.00425645
56616 68022 67718 -0.00536951
57736 67609 68060 0.00781142
56852 70086 70661 0.010114
58725 70328 70288 -0.000681141
56019 69229 68949 -0.0049983
56690 68848 68534 -0.0055389
57415 67941 68150 0.00364016
54829 68355 68470 0.00209743
57973 69248 69240 -0.000137995
59823 70835 71402 0.00947796
59976 68566 68832 0.00443511
60113 70346 70460 0.00189643
60291 70175 70161 -0.000232207
56751 69407 69410 5.28625e-05
55924 66803 67272 0.00838638
57625 68554 68549 -8.67679e-05
56544 68589 68098 -0.0086835
55274 69110 68913 -0.00356406
56252 69202 68745 -0.00812416
56525 68413 67973 -0.00778417
56746 67853 67846 -0.000123357
55673 68135 68340 0.00368222
55331 67049 66929 -0.00216877
54480 68084 67472 -0.0112335
58119 67972 67893 -0.00135928
56349 68514 68869 0.00630002
57235 69002 69129 0.00221892
57581 70526 70586 0.00104201
56737 68851 69077 0.00398329
56788 69616 69608 -0.000140875
57844 69431 69661 0.00397621
59791 68941 69066 0.00209062
56362 66980 66933 -0.000833895
57429 69216 69086 -0.00226366
56694 67911 67595 -0.00557378
59041 69575 69556 -0.00032181
56480 68414 68251 -0.00288598
56871 68016 67917 -0.00174078
57879 69027 69093 0.00114031
56725 69075 69088 0.000229176
56552 68478 68426 -0.000919508
57297 69802 69817 0.000261794
57907 69073 68631 -0.00763293
57851 68144 68309 0.00285215
59941 69395 69650 0.00425418
54277 67504 67551 0.000865928
57950 68897 68883 -0.000241588
58526 70287 69707 -0.00991013
57036 68021 68168 0.00257732
61197 70774 70735 -0.000637286
58341 71228 71035 -0.00330814
57822 70120 70510 0.00674484
59330 68365 68243 -0.0020563
56315 67455 67519 0.00113646
55572 66517 66409 -0.00194342
56480 69640 69157 -0.0085517
57586 68377 68667 0.00503595
55381 67377 67496 0.00214875
56584 69546 69293 -0.00447123
57648 68045 67774 -0.00470094
56027 67994 67927 -0.00119585
59978 69465 69609 0.00240088
54937 67018 67098 0.00145621
57041 68561 67985 -0.010098
58234 67560 67095 -0.00798503
57716 67265 66972 -0.00507658
58188 70195 70362 0.00287001
57611 68515 68457 -0.00100675
58346 69000 69213 0.00365064
56314 69286 69174 -0.00198885
59231 69002 68765 -0.00400128
56857 68522 68721 0.00350001
58773 69087 69266 0.00304562
57580 69218 69058 -0.00277874
58488 67813 67589 -0.00382985
57502 69458 69229 -0.00398247
55522 67673 67500 -0.00311588
57007 70080 69746 -0.00585893
60435 69482 69504 0.000364027
57120 66814 67638 0.0144258
55018 67579 67248 -0.00601621
57826 70458 70454 -6.9173e-05
58885 69693 69240 -0.00769296
54366 68164 67838 -0.00599639
58279 68379 68593 0.00367199
59369 69894 69381 -0.00864087
60448 70378 70153 -0.00372221
60126 70759 70780 0.000349267
57966 68934 68741 -0.00332954
56794 68010 67853 -0.00276438
57622 67785 68337 0.00957967
56371 67887 67960 0.00129499
58634 68352 68151 -0.00342805
55985 67368 66865 -0.00898455
59227 68290 67840 -0.00759789
56634 67646 67811 0.00291344
56718 68143 68488 0.00608273
58896 68257 68284 0.000458435
55061 67668 67689 0.000381395
58404 68299 68459 0.00273954
55570 67894 67770 -0.00223142
54257 66839 66732 -0.0019721
60378 69402 69230 -0.00284872
53737 66280 66367 0.001619
60416 70018 69905 -0.00187037
58260 70093 70259 0.0028493
59702 69919 69937 0.000301497
55947 68881 68708 -0.00309221
57487 67959 68170 0.0036704
58783 69278 69038 -0.00408281
54989 67507 67105 -0.00731055
57071 67905 67681 -0.00392494
57935 68528 68284 -0.00421162
57118 68115 68411 0.00518225
55548 68016 67913 -0.00185425
56727 68406 68555 0.00262662
56189 66644 66819 0.00311449
55800 67528 67323 -0.00367384
57782 68156 68146 -0.000173064
56734 68097 67960 -0.00241478
57261 67506 67388 -0.00206074
57014 70023 70512 0.00857684
57042 67597 67428 -0.00296273
56808 68407 68773 0.00644275
59212 69755 69836 0.00136797
58266 69854 70311 0.00784334
58528 69541 69546 8.54292e-05
57046 69334 68906 -0.00750272
55148 66092 66337 0.00444259
57795 68896 68678 -0.00377195
57074 68530 67914 -0.010793
55597 68268 68486 0.00392107
59306 69396 69192 -0.00343979
56609 67742 68243 0.00885018
54218 66759 66694 -0.00119886
55863 66968 66778 -0.00340118
57142 68407 68811 0.00707011
57435 68312 68178 -0.00233307
57016 69086 69324 0.00417427
57862 66941 66833 -0.00186651
56685 67979 67954 -0.000441034
54649 66911 67177 0.00486743
55617 67058 67535 0.00857651
57134 68045 67515 -0.00927644
56241 68580 67925 -0.0116463
56506 67254 67085 -0.00299083
56876 66670 66918 0.00436036
57140 68259 67948 -0.00544277
58237 68490 68649 0.00273022
57311 69143 68971 -0.00300117
57134 68498 67891 -0.0106241
58382 67856 67910 0.000924943
55132 68423 68184 -0.00433505
59735 68530 68250 -0.00468737
57838 68540 68035 -0.00873128
56595 66133 66421 0.00508879
58681 69654 69705 0.000869106
56604 68236 68351 0.00203166
62311 70016 70070 0.000866621
56781 68584 68459 -0.00220144
60564 70566 70277 -0.00477181
57352 68360 68050 -0.00540522
54568 67259 67873 0.011252
56571 69438 69442 7.07076e-05
58081 68252 68213 -0.000671476
57456 67892 67827 -0.0011313
58062 70813 70455 -0.00616582
58382 69154 68886 -0.00459046
55611 68197 68027 -0.00305695
58650 69005 68926 -0.00134697
57121 67498 67747 0.00435917
54294 67866 67970 0.0019155
55480 68312 67749 -0.0101478
57138 68709 68717 0.000140012
58102 69986 69775 -0.00363154
55999 66822 66909 0.0015536
57514 69569 69769 0.00347741
58014 69801 69622 -0.00308546
60489 70138 70124 -0.000231447
57623 68607 68609 3.47084e-05
57601 67452 67340 -0.00194441
58947 69458 69487 0.000491967
56607 68603 68602 -1.76657e-05
57805 68768 68728 -0.000691982
58581 67950 67913 -0.000631604
57080 67924 67454 -0.00823406
58302 67663 67955 0.0050084
58062 68495 68474 -0.000361682
58333 69172 68701 -0.00807433
57438 69701 69957 0.00445698
57516 68358 68197 -0.00279922
58656 69921 69980 0.00100586
57352 68113 68343 0.00401032
57922 68543 68401 -0.00245157
56998 68846 68628 -0.0038247
56539 66789 66900 0.00196325
58128 69413 69669 0.00440407
55561 67568 67917 0.00628138
57091 67375 67470 0.00166401
56308 68540 68432 -0.00191802
57568 66947 66934 -0.00022582
58415 68301 68337 0.00061628
57883 68608 68516 -0.00158941
57962 68876 68535 -0.00588316
57526 68267 68438 0.00297257
57261 68271 68644 0.00651403
57595 69294 68893 -0.00696241
57697 67895 68001 0.00183718
56481 67412 67986 0.0101627
56770 68453 68201 -0.00443896
56607 68155 67841 -0.00554702
57570 69583 69585 3.47403e-05
57260 68038 68405 0.00640936
57615 67249 67023 -0.00392259
57091 68462 68733 0.00474681
58183 68868 68722 -0.00250932
56779 68711 68662 -0.000862995
55739 67752 67590 -0.0029064
55996 67701 67825 0.00221444
56801 68512 68768 0.00450696
56244 68253 68096 -0.00279141
59055 69507 69517 0.000169334
53463 66436 66613 0.0033107
57163 68686 68669 -0.000297395
56371 69321 69395 0.00131273
55610 67180 67250 0.00125877
55461 68380 68060 -0.00576982
54599 67946 67769 -0.00324182
58060 68509 68485 -0.000413365
57321 69200 69419 0.00382059
57738 69612 69899 0.00497073
58131 68473 68599 0.00216752
56695 67463 67041 -0.00744334
58509 70655 70671 0.000273462
55853 69201 69337 0.00243496
57308 67580 67997 0.00727647
58234 68829 68331 -0.00855171
57321 69032 69149 0.00204114
56171 66172 66125 -0.000836731
58610 67557 67287 -0.00460672
59897 69190 69120 -0.00116867
57641 68596 68967 0.00643639
56055 67763 68122 0.00640442
56948 69001 68679 -0.00565428
57805 69482 69530 0.000830378
57582 66920 66555 -0.00633879
56972 67988 68075 0.00152707
56035 68187 68213 0.000463996
56108 69285 68860 -0.00757468
56563 66352 66217 -0.00238672
58474 70002 70035 0.000564353
56512 70612 70141 -0.00833451
60808 70477 70510 0.000542692
56405 67529 68079 0.00975091
55139 67484 67773 0.0052413
57630 71073 71066 -0.000121465
56776 66521 66662 0.00248344
57731 66955 67126 0.00296201
56975 69048 69936 0.0155858
58809 69147 69070 -0.00130932
56639 68353 68365 0.000211868
57492 70168 69869 -0.00520072
57384 69832 69595 -0.00413007
58357 68016 68578 0.00963038
56326 67542 67704 0.00287611
57164 68275 68309 0.00059478
58998 69924 69803 -0.00205092
57479 69697 69535 -0.00281842
57174 68424 67944 -0.00839542
55560 68093 68235 0.0025558
59373 69782 69901 0.00200428
57372 68586 68723 0.00238792
57096 68448 68242 -0.00360796
58794 71007 71030 0.000391196
59861 71246 70999 -0.00412623
60097 68537 68159 -0.00628983
56520 68077 68136 0.00104388
57712 69271 69360 0.00154214
58853 68169 68006 -0.00276961
56121 67803 67794 -0.000160368
57117 67878 67839 -0.000682809
54949 65367 65465 0.00178347
56053 66618 66585 -0.000588729
58267 68356 68526 0.0029176
57595 69028 68976 -0.000902856
58888 70140 70632 0.00835484
60737 69873 69925 0.00085615
59018 70143 69924 -0.00371073
57729 68388 68850 0.00800291
58219 68773 68994 0.00379601
61129 70165 69782 -0.00626544
56814 69101 69380 0.00491076
59236 70277 70247 -0.000506449
57402 68618 68650 0.000557472
58869 69839 69846 0.000118908
55592 69186 69218 0.000575622
54067 67521 67777 0.00473487
59014 69769 69644 -0.00211814
60197 71015 70848 -0.00277422
56307 68743 68722 -0.000372955
56481 67629 67957 0.00580726
57458 68540 68399 -0.00245397
57764 68534 68235 -0.00517623
57987 70182 70247 0.00112094
56382 67391 67711 0.00567557
60198 69725 69949 0.00372105
58494 68388 68666 0.00475262
56399 67946 67749 -0.00349297
58366 68063 67454 -0.0104342
55869 67515 67798 0.00506542
57192 69197 69356 0.00278011
57194 67517 68018 0.00875966
56018 67289 67171 -0.00210647
56988 69171 69290 0.00208816
57390 67695 67295 -0.00696986
55931 68967 69169 0.00361159
55534 67107 67345 0.00428566
58512 68260 68276 0.000273448
57505 67080 67047 -0.000573863
58361 68631 68986 0.00608283
56513 67696 68120 0.0075027
56619 68461 68120 -0.00602271
56118 67986 67917 -0.00122955
56392 67742 67680 -0.00109945
56955 69609 69477 -0.00231762
59776 69463 70118 0.0109576
58059 68459 68904 0.00766462
58071 68036 68305 0.00463226
56831 69348 69478 0.00228748
57002 68744 68614 -0.00228062
57060 68419 68277 -0.00248861
57250 69767 69830 0.00110044
56355 69427 69622 0.00346021
54319 68464 68257 -0.00381082
58812 69292 69192 -0.00170033
59964 69246 69406 0.00266827
57432 68862 68922 0.00104471
56692 68383 68958 0.0101425
57265 67686 67693 0.000122239
58748 67778 67739 -0.000663852
58024 68673 69071 0.00685923
56476 68045 67470 -0.0101813
57449 69215 69420 0.00356838
56359 67595 67315 -0.00496815
57141 68425 68525 0.00175006
58830 68305 67931 -0.0063573
59280 69692 70232 0.00910931
55546 67482 67607 0.00225039
56663 69790 69507 -0.00499444
57501 68740 68683 -0.000991287
54930 66137 66048 -0.00162024
58056 68971 69135 0.00282486
56649 67486 67205 -0.00496037
57020 68499 68117 -0.0066994
58867 67990 67673 -0.00538502
