71458 84228 84604 0.00526183
70815 83180 83314 0.00189225
73066 84681 84723 0.000574823
71309 85506 85657 0.00211754
73027 86122 85743 -0.00518986
71842 83291 83679 0.00540074
74958 86188 86074 -0.00152085
72040 85073 85086 0.000180455
71552 84610 84370 -0.0033542
71495 83054 83331 0.0038744
73411 86003 85968 -0.000476768
71716 84440 84199 -0.00336048
69498 84592 84315 -0.00398573
71220 85506 85108 -0.00558832
73141 84263 84410 0.00200982
71914 85211 84919 -0.00406041
73648 85773 85958 0.00251195
71731 84285 84239 -0.000641285
70640 83588 83215 -0.00528029
71417 84430 84437 9.80159e-05
71987 86444 86408 -0.00050009
74684 85927 85991 0.000856944
70443 83663 83518 -0.0020584
72267 85046 85009 -0.00051199
69508 83417 83764 0.00499223
72757 85406 84710 -0.00956609
71812 85189 84663 -0.00732468
72938 84481 84612 0.00179605
73035 85483 85628 0.00198535
73936 84601 83721 -0.0119022
73293 87275 86972 -0.00413409
69192 83045 82633 -0.00595445
72488 84854 84164 -0.00951882
72746 82773 82763 -0.000137465
70267 83875 84086 0.00300283
68652 83313 83444 0.00190817
71767 84279 84452 0.00241058
72254 85941 85520 -0.00582667
70745 84668 84544 -0.00175277
71808 83391 83396 6.96301e-05
75194 86997 86893 -0.00138309
69579 84283 84666 0.00550453
73016 85144 85730 0.00802564
71694 86476 86087 -0.00542584
68960 82740 82543 -0.00285673
73683 86337 86355 0.00024429
71443 84349 84582 0.00326134
71513 85604 85436 -0.00234922
71696 85706 85603 -0.00143662
70167 82703 82882 0.00255106
73198 83175 83120 -0.000751387
69813 83823 83604 -0.00313695
71598 82694 83027 0.00465097
70602 83000 82941 -0.00083567
74188 85969 85663 -0.00412466
71801 83997 83690 -0.00427571
71599 84935 84838 -0.00135477
73332 85741 85805 0.000872743
71202 84615 84273 -0.00480324
71944 83416 83576 0.00222395
70839 83451 83781 0.00465845
70704 84303 83966 -0.00476635
71628 83535 83120 -0.00579382
73919 86059 85453 -0.00819816
70215 83510 82661 -0.0120914
74464 84907 84861 -0.000617748
74632 84434 84531 0.00129971
69265 84345 84097 -0.00358045
70526 83390 83541 0.00214105
72207 84958 85093 0.00186962
71794 83934 83344 -0.00821796
69487 84107 84030 -0.00110812
72714 85559 85969 0.00563853
68918 84751 84743 -0.00011608
71311 84441 84706 0.00371612
71782 84035 83969 -0.000919451
69094 83955 84092 0.00198281
69966 84166 83728 -0.00626018
71240 87514 87205 -0.00433745
73727 85779 85337 -0.00599509
70091 81955 81928 -0.000385214
72430 83955 83893 -0.000855999
68776 81989 81927 -0.000901477
67003 81061 81437 0.00561169
71315 84691 84636 -0.000771226
73496 85723 85679 -0.000598672
72455 81921 82116 0.00269133
71892 87363 87394 0.000431202
73097 85594 85169 -0.00581419
71765 86027 86227 0.00278687
73584 86941 86962 0.000285388
72305 84308 84092 -0.00298735
71539 84596 85012 0.00581501
72043 83932 83727 -0.00284552
73617 86247 85609 -0.00866648
70394 82448 82130 -0.00451743
71687 83071 83302 0.00322234
70957 85436 85334 -0.00143749
71481 83184 83836 0.0091213
70057 81601 81242 -0.0051244
71397 84589 84333 -0.00358558
72311 86099 85931 -0.0023233
73295 85865 85773 -0.0012552
70952 83637 83294 -0.00483425
69507 83821 84238 0.0059994
72913 85614 85454 -0.0021944
72808 84562 84511 -0.000700472
72200 85698 85981 0.00391967
69823 83554 83430 -0.00177592
72154 85001 85100 0.00137207
72508 85013 84342 -0.00925415
69138 82157 82247 0.00130174
73605 86075 85656 -0.00569255
70296 83648 83551 -0.00137988
71548 82607 82550 -0.000796668
71744 83858 83898 0.000557538
73796 83322 83494 0.00233075
73806 85487 85419 -0.000921334
73141 86281 85842 -0.00600211
71247 82689 82602 -0.0012211
73270 84246 84550 0.00414904
70830 84395 84002 -0.0055485
70835 85331 85425 0.00132703
69753 82609 82304 -0.00437257
71894 85361 85012 -0.00485437
69182 84095 83879 -0.0031222
70566 83837 83921 0.00119037
71799 84310 84400 0.0012535
70297 85221 84986 -0.00334296
71827 85100 85321 0.00307684
71231 84840 84650 -0.00266738
73821 85672 85581 -0.00123271
72160 84466 84144 -0.00446231
69850 84316 84317 1.43164e-05
71263 84919 84685 -0.00328361
71503 83410 83242 -0.00234955
71557 85307 85398 0.00127171
73385 85929 85630 -0.0040744
74033 83453 82996 -0.00617292
73623 85508 85643 0.00183367
71424 82192 82717 0.00735047
70219 82211 82308 0.00138139
69687 81210 80964 -0.00353007
70593 83273 83720 0.00633207
70537 83851 83554 -0.00421056
72078 84216 84357 0.00195621
73637 85782 85756 -0.000353083
71290 82150 82325 0.00245476
72888 84442 84511 0.000946658
70296 82282 82464 0.00258905
70296 83614 83532 -0.0011665
71120 83910 84079 0.00237627
71075 83463 83147 -0.00444601
70948 82838 83261 0.00596211
70966 83582 83410 -0.0024237
72169 84173 84036 -0.00189832
70291 83531 83469 -0.000882047
70549 83445 83316 -0.00182852
70916 84357 84393 0.000507643
69956 83153 83426 0.00390245
73430 84224 84689 0.00633256
70617 84737 84622 -0.0016285
71292 83346 83189 -0.00220221
73983 85648 85550 -0.00132463
71510 83445 83307 -0.0019298
72850 84149 84391 0.00332189
70979 85069 85066 -4.2266e-05
71888 84834 85006 0.00239261
70771 85452 85391 -0.000861935
71313 85484 84796 -0.00964761
71765 84245 84284 0.00054344
72648 86238 85847 -0.00538212
70563 83779 84295 0.00731261
70472 82683 82498 -0.00262516
72367 86124 86029 -0.00131275
72350 85894 85904 0.000138217
72821 85116 85179 0.000865135
71283 83118 82921 -0.00276363
71149 83878 83836 -0.00059031
72423 83137 83455 0.00439087
72267 87041 87011 -0.000415127
73706 84933 85417 0.00656663
71924 84650 84117 -0.0074106
72450 84462 84158 -0.004196
71737 86436 85961 -0.00662141
73448 86723 86703 -0.000272301
69229 84722 84246 -0.00687573
69424 82457 82094 -0.00522874
71508 84309 84381 0.00100688
73711 86165 85824 -0.00462618
72019 84854 84997 0.00198559
68968 84657 84738 0.00117446
70909 83754 83517 -0.00334231
75036 85327 85311 -0.000213231
71059 84701 84736 0.000492548
71493 83429 83623 0.00271355
70667 84391 84109 -0.00399055
70036 82143 81898 -0.0034982
72054 82249 81867 -0.00530158
69740 83110 83129 0.00027244
74080 86388 86256 -0.00178186
72606 84124 84171 0.000647329
73046 84552 83970 -0.00796758
70757 85522 85539 0.000240259
73942 84295 84110 -0.00250196
71889 83607 83356 -0.00349149
71953 83892 84187 0.0040999
70335 84912 84572 -0.00483401
71179 81291 80797 -0.00694025
70478 82246 81950 -0.00419989
69003 80886 80538 -0.00504326
72770 85264 85115 -0.00204755
70391 84067 83911 -0.00221619
70722 85479 85408 -0.00100393
71200 83866 84558 0.0097191
72182 83569 83567 -2.77077e-05
73656 84736 84709 -0.000366569
72713 83284 83275 -0.000123774
72577 85155 85231 0.00104716
73784 84837 85278 0.00597691
70068 85025 84575 -0.00642233
71691 83441 83493 0.000725335
74172 86983 86878 -0.00141563
70403 81957 81735 -0.00315327
71117 85477 85323 -0.00216545
72709 84217 84481 0.00363091
71162 82116 82982 0.0121694
72562 84004 84225 0.00304567
70229 84786 84472 -0.00447109
72329 83746 83856 0.00152083
71416 84174 84415 0.00337459
70932 85512 85446 -0.000930469
73210 86566 86180 -0.0052725
71074 83882 84514 0.00889214
72684 84034 84374 0.00467778
69829 82113 82541 0.00612926
72380 83989 84333 0.00475269
71600 84621 84635 0.000195531
71922 83844 83594 -0.00347599
70547 85024 84360 -0.00941216
71594 83789 83886 0.00135486
70940 85572 85093 -0.00675218
71712 82985 82988 4.1834e-05
71112 83709 84102 0.00552649
72845 85694 85578 -0.00159242
73356 86300 86399 0.00134958
69318 81610 81794 0.00265443
71251 82630 82768 0.00193681
71734 84506 84807 0.00419606
70470 83024 83000 -0.00034057
70415 82816 82744 -0.00102251
70714 85278 85319 0.0005798
71934 84314 84027 -0.00398977
71002 82149 81885 -0.00371821
71411 82907 82978 0.000994245
72958 84674 85021 0.00475616
72683 84715 84659 -0.000770469
70755 84382 84932 0.0077733
68786 83535 83608 0.00106126
71946 83865 84048 0.00254357
72841 84593 84929 0.00461279
72465 84750 84747 -4.13993e-05
70182 83346 83169 -0.00252201
70590 82765 82506 -0.00366907
72749 86404 86140 -0.00362892
72563 82306 82301 -6.89056e-05
73092 85381 85155 -0.00309199
69049 83200 83262 0.000897913
72307 83170 83105 -0.000898945
71030 81323 80721 -0.00847529
71368 85501 85914 0.00578691
71074 82227 82310 0.0011678
70871 83019 83107 0.00124169
72802 83714 83584 -0.00178567
72438 86372 85270 -0.015213
71426 86088 85927 -0.00225408
70338 83655 83550 -0.00149279
69850 83158 83242 0.00120258
71965 85071 84728 -0.00476621
72319 84480 84509 0.000401001
71824 84747 84695 -0.000723992
68671 82337 81817 -0.00757234
72401 84464 84351 -0.00156075
70281 85145 84801 -0.00489464
72105 84312 84053 -0.00359198
73504 84979 85050 0.000965934
69700 82725 82522 -0.00291248
73904 85260 85389 0.00174551
73663 84862 84854 -0.000108603
72378 83241 83061 -0.00248694
74393 86068 86271 0.00272875
71447 83610 83287 -0.00452083
70865 82919 82815 -0.00146758
72425 83552 83471 -0.0011184
73235 84049 83791 -0.00352291
70931 84014 84473 0.00647108
72401 86369 86586 0.0029972
69364 83452 83565 0.00162909
72589 84761 85086 0.00447726
73258 86849 86986 0.0018701
68604 83524 83468 -0.000816279
70684 84593 84559 -0.000481014
71441 84458 84247 -0.00295349
72493 85932 85830 -0.00140703
68078 81764 81855 0.0013367
69753 84253 84335 0.00117558
71233 84726 84676 -0.000701922
71091 84500 84944 0.00624552
69332 83529 83103 -0.00614435
70813 81638 81704 0.000932032
72166 85195 85133 -0.00085913
71857 84526 83976 -0.00765409
71497 83858 84100 0.00338476
72650 84989 84493 -0.00682725
71200 82213 82573 0.00505618
71133 84517 84384 -0.00186974
71342 83980 84393 0.00578902
69029 82862 82943 0.00117342
69809 83918 83825 -0.00133221
70454 83162 83544 0.00542198
70945 81059 81783 0.0102051
70059 83202 83267 0.000927789
73178 86047 85908 -0.00189948
70334 84422 84281 -0.00200472
70925 84689 84322 -0.00517448
68000 84919 84572 -0.00510294
72148 83003 82778 -0.00311859
71784 83136 83211 0.0010448
69249 82106 82355 0.00359572
71937 83722 84245 0.00727025
69577 83858 83658 -0.00287451
71806 84101 83972 -0.00179651
69678 82452 82230 -0.00318608
71130 85794 85699 -0.00133558
69702 81934 81824 -0.00157815
69625 84110 83454 -0.0094219
70303 83393 83042 -0.00499267
74408 86180 85482 -0.00938071
69641 82433 82146 -0.00412114
73374 86045 85731 -0.00427945
69599 83870 83638 -0.00333338
71585 83663 83844 0.00252846
73711 85048 84853 -0.00264547
70942 83391 83365 -0.000366497
71785 83206 82628 -0.00805182
73976 85659 85012 -0.00874608
73148 85764 85697 -0.000915951
72738 83774 83679 -0.00130606
70945 82725 82518 -0.00291775
72144 83714 83768 0.000748503
72712 85247 84853 -0.00541864
73197 85223 85011 -0.00289629
70998 84036 83541 -0.00697203
71370 84979 85023 0.000616506
70996 83447 83418 -0.000408474
73208 85930 86057 0.00173478
71669 84098 84105 9.76712e-05
72111 86691 86892 0.00278737
68006 80811 80457 -0.00520542
70499 83556 83900 0.0048795
71909 83534 83566 0.000445007
70839 83068 83547 0.00676181
73129 85717 85441 -0.00377415
72102 84633 84529 -0.0014424
72042 86545 86633 0.00122151
70432 85217 84735 -0.00684348
72469 82578 82334 -0.00336696
73682 85615 85342 -0.00370511
71901 83331 83730 0.0055493
72352 86601 86426 -0.00241873
73550 86033 85399 -0.00861999
71598 84879 84903 0.000335205
70157 85177 84116 -0.0151232
73042 85847 85966 0.0016292
74137 87470 87336 -0.00180746
71082 84608 84532 -0.00106919
72852 84769 84631 -0.00189425
73020 84129 84377 0.00339633
71161 84256 84366 0.00154579
71350 85689 85220 -0.00657323
69887 83740 83569 -0.00244681
71826 84194 84010 -0.00256175
73724 84449 85225 0.0105257
73380 84788 84468 -0.00436086
70893 82538 82675 0.00193249
69534 82784 82787 4.31444e-05
70551 83692 83405 -0.00406798
68762 83406 83422 0.000232687
70889 83665 83753 0.00124138
74915 87918 88144 0.00301675
69539 82938 83118 0.00258848
72491 85200 85123 -0.0010622
73268 84727 83629 -0.0149861
74155 86843 86858 0.000202279
74299 85934 86362 0.00576051
70323 83758 83424 -0.00474951
70691 83839 83669 -0.00240483
69258 84259 83688 -0.00824453
73070 83509 83778 0.0036814
70906 84379 84211 -0.00236933
70544 84506 83545 -0.0136227
69363 84014 84264 0.00360423
71788 83521 83061 -0.00640776
70954 83936 84361 0.0059898
72814 83978 84235 0.00352954
68778 82691 82693 2.90791e-05
70173 82449 82437 -0.000171006
70857 83693 83279 -0.00584275
73620 86909 87100 0.0025944
73120 83922 83920 -2.73523e-05
70571 85484 85495 0.000155871
70763 82415 82364 -0.000720716
70577 83435 83093 -0.00484577
72666 83685 83893 0.00286241
69500 84533 84356 -0.00254676
70378 83721 83830 0.00154878
73131 85871 85025 -0.0115683
71464 83123 82941 -0.00254674
73394 85647 85552 -0.00129438
69789 82075 82020 -0.00078809
71569 84691 84619 -0.00100602
71888 85463 85830 0.00510516
73185 85570 85636 0.000901824
73077 84528 84348 -0.00246316
73084 84929 84799 -0.00177878
70977 86651 86398 -0.00356453
71821 85855 86034 0.00249231
71135 83984 83640 -0.00483588
69991 84520 84330 -0.00271463
72869 84412 84563 0.00207221
70584 83767 84090 0.00457611
73407 85700 85775 0.0010217
73077 84455 85053 0.00818315
69530 82105 82023 -0.00117935
70548 82363 81721 -0.00910019
72653 84108 84085 -0.000316573
70252 83508 83635 0.00180778
70498 83558 83819 0.00370223
71732 83249 83090 -0.00221658
72429 86649 86577 -0.000994077
70217 84740 84636 -0.00148112
69970 82583 82527 -0.000800343
70772 84586 85135 0.00775731
68714 82954 82924 -0.000436592
69222 84394 84251 -0.00206582
73197 85463 85380 -0.00113393
71441 83879 83818 -0.000853851
70131 83882 83722 -0.00228144
70406 82791 82889 0.00139193
70794 85473 85448 -0.000353137
72139 86343 85887 -0.00632113
71814 83933 83418 -0.0071713
70884 84714 84668 -0.000648948
72041 83073 82777 -0.00410877
72048 85263 84377 -0.0122974
74046 85786 85976 0.00256597
73422 86210 85894 -0.00430389
70390 84520 84470 -0.000710328
71408 82971 83126 0.00217063
75065 85533 85436 -0.00129221
69528 83207 83222 0.00021574
71279 85316 85245 -0.000996086
71308 84461 84436 -0.000350592
70934 84450 84609 0.00224152
74088 86234 86152 -0.00110679
73690 85076 85145 0.000936355
73199 85555 85425 -0.00177598
69732 83627 83332 -0.00423048
71572 84947 84515 -0.00603588
72761 83941 84045 0.00142934
72327 86194 86862 0.00923583
71252 83130 82827 -0.00425251
68163 83077 83128 0.000748207
73299 85264 85316 0.000709423
70770 82853 82602 -0.0035467
74402 84475 84201 -0.0036827
71202 85635 85215 -0.00589871
69840 83279 83509 0.00329324
71505 85421 85635 0.0029928
70871 83579 83094 -0.00684342
70907 85956 86053 0.00136799
68692 82498 82095 -0.00586677
72424 84370 84170 -0.00276152
71132 83812 83820 0.000112467
71432 85511 85297 -0.00299586
72479 85640 85387 -0.00349067
69651 83141 83000 -0.00202438
73640 85330 85175 -0.00210483
69757 84574 84388 -0.0026664
71968 83397 83454 0.000792019
69360 83668 83498 -0.00245098
71493 84308 84557 0.00348286
71033 82760 82320 -0.0061943
72534 84672 84715 0.000592825
72567 84544 84284 -0.0035829
72163 82208 81871 -0.00466998
72121 83346 83513 0.00231555
71779 84668 84760 0.00128171
73716 84484 85005 0.00706767
71951 85701 85363 -0.00469764
71579 83321 83008 -0.00437279
71176 84280 84275 -7.02484e-05
74450 84867 84892 0.000335796
71492 82117 82016 -0.00141275
68770 82733 83256 0.00760506
71783 82540 82395 -0.00201998
74817 85035 85267 0.0031009
71190 84407 84636 0.00321674
70356 83694 83998 0.00432088
73616 86049 85829 -0.00298848
70893 82480 82316 -0.00231335
70649 83229 83088 -0.00199578
71260 85816 85099 -0.0100617
70952 84174 84116 -0.000817454
71505 84314 84459 0.00202783
72125 85589 85877 0.00399307
71881 85230 85043 -0.00260152
71350 84361 84617 0.00358795
75290 86080 86143 0.000836765
72525 84769 85069 0.0041365
68033 81966 81817 -0.00219011
73030 84698 85006 0.00421744
72934 84338 84708 0.00507308
72356 84395 84265 -0.00179667
70573 81464 81635 0.00242302
68764 81555 81757 0.00293758
70297 84158 84080 -0.00110958
71906 85177 84852 -0.00451979
69073 81971 82717 0.0108002
72928 85437 85669 0.00318122
72032 84338 84356 0.000249889
72075 84252 83542 -0.00985085
71555 85730 85756 0.000363357
70163 82481 82305 -0.00250844
70095 82235 82246 0.00015693
73563 84542 85080 0.00731346
71499 84628 84094 -0.00746864
70816 83473 83594 0.00170865
69676 82521 82180 -0.00489408
72361 84985 84798 -0.00258427
74564 86407 86270 -0.00183735
72205 83776 83544 -0.00321307
70820 82840 82812 -0.000395369
71988 82741 82861 0.00166694
68410 83357 83331 -0.000380061
71565 84782 84439 -0.00479285
72869 85604 85236 -0.00505016
72864 84251 84139 -0.00153711
72663 85319 85248 -0.000977114
71964 85601 85647 0.000639208
71249 83721 84071 0.00491235
72408 83740 83738 -2.76213e-05
71430 84397 84331 -0.000923982
73080 85672 85636 -0.000492611
70673 83546 83143 -0.00570232
70614 83380 82951 -0.00607528
75362 86483 86362 -0.00160558
70845 84376 84728 0.00496859
71051 82639 82509 -0.00182967
73427 85159 85307 0.00201561
69680 81792 81290 -0.00720436
71017 84192 84341 0.00209809
73101 85724 85494 -0.00314633
71986 85063 84612 -0.00626511
73723 86307 86050 -0.00348602
70810 82432 82580 0.0020901
70752 83333 83462 0.00182327
72937 84784 85350 0.00776012
71631 82458 82975 0.00721755
70100 83371 83219 -0.00216833
73745 86028 85789 -0.0032409
71436 84893 85025 0.00184781
72494 84160 83854 -0.00422104
70853 84588 84251 -0.00475633
71929 84453 84478 0.000347565
73495 84860 85502 0.00873529
70907 85101 84818 -0.00399114
69737 82431 82790 0.00514791
70279 83781 83882 0.00143713
71039 83684 83915 0.00325173
72508 83876 84016 0.00193082
70625 82257 82322 0.000920354
74213 85421 85206 -0.00289707
70102 82377 82663 0.00407977
71134 85145 84851 -0.00413304
71402 84317 84894 0.00808101
69924 83430 83628 0.00283165
68027 81503 81742 0.00351331
71396 85673 85748 0.00105048
72445 84408 84358 -0.000690179
74526 87366 87507 0.00189196
72075 83010 82698 -0.00432882
70052 81648 81823 0.00249814
70758 82684 82707 0.000325052
75801 88052 87957 -0.00125328
68520 83173 83279 0.00154699
70800 83277 82824 -0.00639831
74575 84979 85844 0.0115991
69674 81386 81453 0.000961621
72551 84300 84251 -0.000675387
69329 81076 80934 -0.0020482
71826 83409 83314 -0.00132264
72818 84574 84763 0.00259551
72011 83526 83620 0.00130536
72020 84424 83606 -0.011358
71294 83414 82864 -0.00771453
72968 84850 85052 0.00276834
72124 85648 85456 -0.00266208
67896 82293 82299 8.83704e-05
72346 85336 85364 0.000387029
70671 84094 84085 -0.000127351
70933 84674 84892 0.00307332
69959 83578 82945 -0.00904816
71554 83162 83351 0.00264136
72872 83613 83418 -0.00267592
71553 84179 84051 -0.00178888
70865 85095 85254 0.0022437
70509 82693 82538 -0.0021983
70119 82990 82806 -0.00262411
70922 84523 84951 0.0060348
72996 85147 85279 0.00180832
72771 83355 84009 0.0089871
73427 85486 85539 0.000721805
70745 82796 83081 0.00402855
68544 82025 81758 -0.00389531
71765 82933 82344 -0.00820734
71413 83595 83428 -0.00233851
71134 84136 84170 0.000477971
71689 85424 85369 -0.000767203
73977 85408 85476 0.000919205
70917 84207 84136 -0.00100117
73031 84799 84620 -0.00245101
72552 85854 85590 -0.00363877
70054 84270 84425 0.00221258
76456 86874 86488 -0.00504866
69999 83908 83376 -0.00760011
71248 83998 84071 0.00102459
71880 85020 85035 0.000208681
73017 83673 83780 0.00146541
72279 84668 84065 -0.00834267
71126 83246 83763 0.00726879
72331 83688 84141 0.00626287
69881 82614 82233 -0.00545213
73767 85006 85719 0.00966557
70734 83213 83657 0.00627704
71350 83948 84441 0.0069096
72688 83050 83205 0.0021324
72619 86403 86361 -0.000578361
72891 86214 86292 0.00107009
69999 85087 84740 -0.00495721
71023 85051 84887 -0.00230911
71182 84340 84407 0.000941249
69568 84642 84774 0.00189742
71883 84259 84343 0.00116857
74050 87123 87205 0.00110736
73459 84196 84488 0.00397501
73007 85331 84999 -0.00454751
74008 85378 84969 -0.00552643
72371 86410 86385 -0.000345442
71955 84396 84365 -0.000430825
71517 84581 83768 -0.0113679
71424 85085 85235 0.00210013
69738 84892 84803 -0.00127621
68693 83195 83299 0.00151398
70023 83535 83632 0.00138526
70976 83091 82942 -0.0020993
69559 84005 83817 -0.00270274
69961 83107 83081 -0.000371636
67996 84155 84052 -0.00151479
72279 83781 84161 0.00525741
71182 85140 84513 -0.00880841
71926 84668 84513 -0.00215499
70952 85695 86158 0.00652554
72161 84663 84254 -0.00566788
70997 86004 86000 -5.63404e-05
72499 85250 85034 -0.00297935
73056 84352 83881 -0.00644711
70391 82329 82062 -0.0037931
71375 84590 84438 -0.0021296
72177 84639 84456 -0.00253543
73250 84741 84884 0.00195222
70230 84341 84558 0.00308985
68891 81668 81810 0.00206123
72577 85602 85475 -0.00174987
72069 84348 84501 0.00212297
71412 83943 83888 -0.000770179
72436 85393 85458 0.000897344
72831 84928 84797 -0.00179868
71929 84448 84007 -0.00613105
74739 86536 86435 -0.00135137
69332 83203 83377 0.00250966
71159 84588 84689 0.00141936
71787 85108 84883 -0.00313427
71046 83435 83747 0.00439152
75553 85444 85622 0.00235596
73620 88839 87918 -0.0125102
73746 86907 87156 0.00337645
74157 83959 83666 -0.00395108
70845 84029 84160 0.00184911
69719 82734 82468 -0.00381532
70061 84184 83950 -0.00333995
72170 84889 84462 -0.00591659
69802 83114 83203 0.00127504
71449 85763 85376 -0.00541645
72061 84341 84393 0.000721611
68949 84364 84000 -0.00527926
74655 86510 86191 -0.00427299
68867 82191 81641 -0.00798641
70905 83669 83409 -0.00366688
73232 83736 83664 -0.000983177
72441 83676 83614 -0.000855869
72314 86326 86369 0.000594629
72264 83610 83921 0.00430366
72750 84304 84346 0.00057732
69743 84742 84242 -0.00716918
73400 83522 82946 -0.00784741
71646 84573 84442 -0.00182843
73464 85481 85803 0.0043831
71595 84285 84758 0.00660661
72296 83312 82554 -0.0104847
72765 84949 84958 0.000123686
70704 83922 83469 -0.00640699
71173 85958 85835 -0.00172818
74716 85652 85673 0.000281064
71596 83424 83348 -0.00106151
70873 84999 84830 -0.00238455
71402 85009 85208 0.00278704
73642 84965 85080 0.00156161
68631 84441 83903 -0.00783902
71843 84835 84804 -0.000431496
73033 85534 85346 -0.00257418
74763 85215 85140 -0.00100317
74895 86389 86338 -0.000680953
72334 86179 85782 -0.00548843
71318 83392 83256 -0.00190695
72513 83551 83796 0.0033787
70535 83600 83763 0.00231091
72955 83971 83770 -0.00275512
70799 83332 83471 0.0019633
73042 83806 83684 -0.00167027
71478 84209 83973 -0.00330172
70376 83967 83992 0.000355235
72868 84392 84088 -0.00417193
70393 83582 83763 0.00257128
72337 83282 83915 0.00875071
69218 83222 82842 -0.0054899
67855 82376 82125 -0.00369906
74728 85407 85197 -0.00281019
68577 82858 82897 0.000568704
73824 85556 85598 0.000568921
71514 84932 84785 -0.00205554
74763 85816 86015 0.00266174
70455 84617 84660 0.000610319
72198 83785 84260 0.00657913
73098 85597 85520 -0.00105338
69774 81818 81498 -0.00458624
71928 84697 84604 -0.00129296
72025 84566 84608 0.000583131
71482 84263 83774 -0.00684088
70312 85438 85164 -0.00389692
70288 83952 84231 0.00396938
72067 83309 83255 -0.000749303
68790 81978 82148 0.00247129
72125 84212 84354 0.0019688
71253 84807 84353 -0.00637166
72033 83650 83809 0.00220732
72136 87280 86993 -0.0039786
72236 83352 83461 0.00150894
71082 84535 84415 -0.00168819
74670 86289 86384 0.00127226
73616 86585 86706 0.00164366
72465 84778 85003 0.00310495
71544 84678 84274 -0.00564687
69385 83574 83674 0.00144123
72402 84588 84533 -0.000759648
70935 84232 83931 -0.00424332
68504 82378 83215 0.0122183
73445 85266 85348 0.00111648
69915 83177 83101 -0.00108703
67642 81546 81248 -0.00440555
69032 82121 82086 -0.000507011
72826 85033 84864 -0.0023206
73163 84660 84575 -0.00116179
70563 84529 84478 -0.000722758
72100 82868 83122 0.00352288
71477 83966 84002 0.000503659
70196 82383 82675 0.00415978
69430 83263 83532 0.00387441
73311 84831 84310 -0.00710671
69928 84108 83951 -0.00224517
70891 83886 83750 -0.00191844
70865 83154 82915 -0.00337261
71689 83771 84280 0.00710011
71481 83107 83266 0.00222437
71826 84306 84696 0.00542979
71254 83542 83784 0.0033963
71796 83369 82775 -0.00827344
68978 83425 83323 -0.00147873
73301 83803 83798 -6.82119e-05
71482 83830 84086 0.00358132
71705 83793 83550 -0.00338889
72495 84923 84608 -0.00434513
71092 83690 83955 0.00372756
77049 85721 86099 0.00490597
70277 84255 84375 0.00170753
74212 85728 85768 0.000538996
71830 84507 84293 -0.00297926
69673 83774 83681 -0.00133481
69949 84348 84135 -0.00304508
73429 84246 84201 -0.000612837
71070 82329 82491 0.00227944
73002 86286 86066 -0.00301362
73165 85860 86020 0.00218684
70797 84052 83976 -0.00107349
74468 85197 85146 -0.000684858
72478 84467 84422 -0.000620878
69105 83908 83880 -0.000405181
70724 84788 84103 -0.00968554
71270 84013 84151 0.0019363
72905 86155 86016 -0.00190659
71126 82863 82844 -0.000267132
72551 86045 85883 -0.00223291
72403 86120 85948 -0.00237559
73971 85973 85444 -0.00715145
72139 84421 84547 0.00174663
71373 81844 81969 0.00175136
72600 84560 84882 0.00443526
69657 83702 83719 0.000244053
72364 84372 84079 -0.00404897
72976 84800 84853 0.000726266
70347 82826 82299 -0.00749144
72346 84260 83833 -0.00590219
72254 84747 84899 0.00210369
72161 85512 84926 -0.00812073
71783 86102 86234 0.00183888
71585 83949 83718 -0.00322693
72877 85104 85722 0.00848004
71428 84429 84217 -0.00296802
72702 84665 84503 -0.00222827
70958 84956 84843 -0.00159249
70948 83004 83007 4.22845e-05
72972 85702 85305 -0.00544044
70952 83614 83273 -0.00480607
71650 84183 84161 -0.000307048
70868 84572 84543 -0.000409211
71848 82565 82804 0.00332647
71450 83548 83270 -0.00389083
72639 85009 85069 0.000826003
72822 85119 85184 0.000892587
72222 84365 83912 -0.00627233
71135 83375 83351 -0.000337387
72197 84647 84613 -0.000470934
72144 83312 83545 0.00322965
70458 82247 82308 0.000865764
71202 83947 83429 -0.00727508
71303 83976 83939 -0.000518912
71970 85336 85089 -0.00343199
71156 84123 83633 -0.00688628
71688 83335 83240 -0.00132519
71631 83621 83688 0.000935349
71530 83795 82718 -0.0150566
71595 85228 85380 0.00212305
69978 83930 83425 -0.00721655
70493 84461 84122 -0.00480899
69528 83384 83449 0.000934875
70328 83586 83737 0.00214708
75195 86436 86639 0.00269965
67769 82841 82914 0.00107719
72086 83929 83320 -0.00844824
70222 85904 86150 0.00350318
69531 81883 81963 0.00115057
70041 84001 83666 -0.00478291
67843 83416 83025 -0.00576331
72023 84593 84967 0.00519279
71367 84455 84053 -0.00563286
71967 85823 85413 -0.00569706
71895 83914 83872 -0.000584185
70458 83686 83054 -0.00896988
71992 85424 85329 -0.00131959
70196 84841 84692 -0.00212263
71369 83322 83308 -0.000196164
73480 84088 84061 -0.000367447
72281 84688 84855 0.00231043
71189 82635 82217 -0.00587169
72881 84020 83799 -0.00303234
73364 84418 84357 -0.00083147
71678 83808 84122 0.0043807
71037 84762 84832 0.000985402
72898 86235 85790 -0.00610442
73415 84969 85085 0.00158006
70943 82184 82033 -0.00212847
70349 84140 84027 -0.00160628
70404 84954 84274 -0.00965854
70480 84400 84318 -0.00116345
70831 82872 82893 0.00029648
72894 86244 86217 -0.000370401
69738 85699 85657 -0.000602254
75293 85564 85516 -0.000637509
71369 83757 83656 -0.00141518
70493 83646 83939 0.00415644
71512 86372 86346 -0.000363575
71116 81350 81972 0.00874627
72189 83611 83425 -0.00257657
71747 85919 85816 -0.0014356
73617 85656 85660 5.43353e-05
71367 83999 84040 0.000574495
72836 86336 86314 -0.000302048
71960 85486 85365 -0.00168149
71539 83904 84026 0.00170536
69765 83267 83541 0.00392747
71038 83768 83481 -0.00404009
74078 85846 86058 0.00286185
71852 85273 85178 -0.00132216
72592 84595 84314 -0.00387095
71132 84941 85077 0.00191194
74159 85656 85848 0.00258903
71416 84661 84796 0.00189033
71277 83733 84074 0.00478415
72105 87070 86824 -0.00341169
73013 87299 87267 -0.000438278
73396 83213 83644 0.00587225
70207 83580 83727 0.00209381
73715 85108 84548 -0.00759683
74149 85243 85353 0.0014835
71296 84059 84450 0.00548418
70239 82240 82294 0.000768804
69050 80297 80545 0.0035916
70569 82508 82576 0.000963596
72729 84136 83693 -0.00609111
72132 84961 84648 -0.00433927
72634 86233 86267 0.0004681
75271 85774 85509 -0.00352061
72206 85785 85423 -0.00501343
71242 83514 83784 0.0037899
73275 84329 84504 0.00238826
75549 85697 85735 0.000502985
70773 84943 84383 -0.00791262
73488 85802 85249 -0.00752504
71094 84544 84317 -0.00319296
73443 85540 84849 -0.00940866
70042 84758 84593 -0.00235573
68855 84246 83919 -0.00474911
73587 85370 85271 -0.00134535
75258 86820 86613 -0.00275054
70555 85102 85156 0.00076536
70527 83147 83239 0.00130446
70456 83633 83934 0.00427217
72359 84594 84105 -0.00675797
72068 85863 85737 -0.00174835
70561 82230 82567 0.00477601
74655 85625 85069 -0.00744759
73633 84177 84355 0.00241739
70713 84291 84000 -0.00411523
72458 84420 84103 -0.00437495
69947 84457 83979 -0.00683375
69933 83900 83216 -0.00978079
70904 83227 83221 -8.46215e-05
69072 82121 81916 -0.00296792
70939 84246 84210 -0.000507478
71738 83599 83532 -0.000933954
70171 84792 84848 0.00079805
68767 82900 82952 0.000756177
73556 85183 84781 -0.00546522
71326 83500 83669 0.0023694
73060 84572 84693 0.00165617
71000 83841 83868 0.000380282
70931 83406 83093 -0.00441274
71014 85099 84966 -0.00187287
71475 83422 83393 -0.000405736
71684 85209 85032 -0.00246917
73764 85098 85191 0.00126078
73013 83776 83952 0.00241053
72541 83387 82988 -0.00550034
70116 83830 84082 0.00359404
71599 84805 85009 0.0028492
71983 84091 84472 0.00529292
70903 86050 85816 -0.00330028
69928 83936 83988 0.000743622
68099 83394 83458 0.000939808
72742 85069 85252 0.00251574
74860 85680 85805 0.00166978
71856 85755 85711 -0.000612336
71098 84008 84022 0.000196911
71900 82456 82381 -0.00104312
72812 83900 84007 0.00146954
71699 84936 85113 0.00246865
71292 84617 84493 -0.00173933
71101 84555 84417 -0.0019409
72362 83801 83874 0.00100882
69957 84347 84425 0.00111497
73267 84404 84639 0.00320745
74513 85433 85990 0.00747521
69625 82313 82425 0.00160862
70436 85001 85073 0.0010222
70341 83440 83330 -0.00156381
69856 82142 82154 0.000171782
71551 84539 84441 -0.00136965
71826 84649 84054 -0.00828391
71178 85044 84924 -0.00168591
73422 83866 83684 -0.00247882
