48972 54837 54294 -0.011088
47703 54777 54572 -0.00429742
50039 55547 54622 -0.0184856
49123 56181 56181 0
49729 55723 56000 0.00557019
50865 55740 55740 0
50997 56827 56895 0.00133341
50580 56375 56375 0
50657 55619 55459 -0.0031585
49821 54687 54201 -0.00975492
50235 54744 54995 0.00499652
50154 55139 55139 0
48851 53501 52935 -0.0115863
48904 56749 57048 0.00611402
50151 55721 55752 0.000618133
50929 55369 55565 0.00384849
51818 55914 55914 0
50953 56256 56256 0
48318 53789 53822 0.000682975
49199 54958 54809 -0.00302852
51771 56765 56444 -0.00620038
50367 55359 54445 -0.0181468
49300 54103 54131 0.000567951
50433 55754 55754 0
49979 55234 55201 -0.000660277
49167 56188 56050 -0.00280676
51629 55204 55204 0
49740 56987 56959 -0.000562927
49888 54719 54719 0
50075 55637 55655 0.000359461
49922 57021 56831 -0.00380594
50955 55088 55088 0
50833 55367 55531 0.00322625
49389 53712 53902 0.00384701
48291 55541 55541 0
50603 55408 55249 -0.00314211
50038 55954 55812 -0.00283784
52488 56897 57520 0.0118694
50770 56310 55846 -0.00913926
50578 55959 55959 0
53408 58270 58601 0.00619757
50743 55974 55974 0
51200 55984 56010 0.000507813
51005 55855 55956 0.0019802
47736 55448 55440 -0.000167588
51794 57029 57029 0
50332 55629 55628 -1.98681e-05
50435 56065 56068 5.94825e-05
52312 56082 56008 -0.00141459
51012 55550 55109 -0.00864502
50973 55130 54589 -0.0106135
48008 55296 55265 -0.000645726
48409 54567 54567 0
50869 55471 55640 0.00332226
51279 56555 56478 -0.00150159
50649 55375 55709 0.0065944
49399 56356 56252 -0.00210531
51492 56599 56888 0.00561252
49495 55271 55752 0.00971815
50764 55370 55583 0.00419589
50808 54460 54232 -0.00448748
48019 54290 54107 -0.00381099
50263 56274 56314 0.000795814
53996 56722 56722 0
47863 53518 52745 -0.0161503
49960 54998 54998 0
51757 56132 56252 0.00231853
49068 55491 55733 0.00493193
47987 53845 54222 0.00785629
50532 55620 55643 0.000455157
49604 55962 55962 0
49052 53950 53796 -0.00313953
47936 56332 56263 -0.00143942
49912 55779 55808 0.000581023
48326 54352 54370 0.00037247
48536 54919 54262 -0.0135363
50438 54821 54365 -0.0090408
50486 55666 55557 -0.00215901
49929 57452 57452 0
50752 56291 56243 -0.000945776
50621 54417 54417 0
50856 55449 55647 0.00389335
49202 54178 54300 0.00247957
49699 55016 55163 0.00295781
50209 55525 55973 0.0089227
50713 55269 55401 0.00260288
50563 54125 54125 0
50663 56812 56908 0.00189487
50568 56855 56900 0.000889891
51782 57248 57182 -0.00127457
53024 57941 57941 0
50147 55863 55662 -0.00400822
47991 56517 56525 0.000166698
49686 55292 55413 0.00243529
51365 56289 56298 0.000175217
50022 54981 54981 0
48656 55033 54935 -0.00201414
49797 56729 56729 0
50667 55462 55194 -0.00528944
50112 55255 54629 -0.012492
50512 55599 55635 0.000712702
51707 55882 55675 -0.00400333
50711 56483 55850 -0.0124825
50500 55670 55395 -0.00544554
49840 55689 55691 4.01284e-05
51300 56712 56488 -0.00436647
48804 54554 54410 -0.00295058
48380 55727 55668 -0.00121951
51787 55815 55815 0
49887 56590 56598 0.000160362
50549 56491 55292 -0.0237196
49278 54681 54361 -0.00649377
51537 56550 56973 0.0082077
48889 55042 55042 0
48996 53272 53583 0.00634746
50525 54463 54408 -0.00108857
50012 54765 54251 -0.0102775
51393 55839 55152 -0.0133676
51284 57334 57334 0
50438 54994 55096 0.00202228
49488 55119 55230 0.00224297
48982 55325 55099 -0.00461394
49084 56657 56807 0.00305599
49923 54630 54630 0
50702 56695 56402 -0.00577886
49494 56192 55679 -0.0103649
49900 54340 54125 -0.00430862
50240 56594 56677 0.00165207
49947 55044 55114 0.00140149
51906 56303 56519 0.00416137
51277 56146 56042 -0.0020282
50292 55655 55687 0.000636284
50511 54798 55245 0.00884956
50485 57343 57301 -0.00083193
49950 55817 55845 0.000560561
49387 55502 54918 -0.011825
51493 57131 57136 9.71006e-05
52084 56747 56747 0
49406 55080 55080 0
51640 56621 56442 -0.00346631
48656 54544 54192 -0.00723446
49329 55436 54926 -0.0103387
48490 52562 52223 -0.00699113
49579 53520 53515 -0.000100849
49993 54031 54726 0.0139019
49978 55929 55929 0
51034 55987 56021 0.000666223
47040 54448 53849 -0.0127338
51660 57052 56993 -0.00114208
47989 54206 54256 0.00104191
48123 55567 55549 -0.000374042
50856 54849 55089 0.00471921
51323 54650 54650 0
48575 53998 53998 0
49734 54922 54945 0.00046246
52287 55928 55923 -9.56261e-05
48786 54704 54716 0.000245972
50247 54861 54375 -0.00967222
49407 55692 55703 0.000222641
49482 54441 54367 -0.00149549
51445 56184 56139 -0.000874721
50250 57206 56877 -0.00654726
50811 55807 55677 -0.0025585
49824 56802 57060 0.00517823
49723 54109 54229 0.00241337
49798 55620 55907 0.00576328
50772 55576 55458 -0.00232412
50900 56804 56733 -0.00139489
48875 55501 55921 0.00859335
50987 55978 55761 -0.00425599
49577 56002 56002 0
51533 55926 56470 0.0105563
50233 55241 55484 0.00483746
48641 54279 54796 0.0106289
51560 57102 56912 -0.00368503
51007 55977 56342 0.00715588
51171 56898 56943 0.000879404
49515 55084 55724 0.0129254
48255 54423 54685 0.00542949
48923 55600 55987 0.00791039
52595 56774 56952 0.00338435
50139 55708 55754 0.000917449
51115 55282 55276 -0.000117382
49937 55311 55114 -0.00394497
51469 57793 57704 -0.0017292
50677 56949 56929 -0.000394656
50229 54264 54545 0.00559438
49144 54996 54930 -0.00134299
49539 55298 55088 -0.00423908
50597 57048 57037 -0.000217404
50010 55465 55465 0
49613 56924 56879 -0.00090702
52364 56156 56331 0.00334199
51473 56844 56854 0.000194277
50636 55993 55852 -0.00278458
49453 55610 55628 0.000363982
49803 55029 55133 0.00208823
49039 53555 53963 0.00831991
50482 54887 54946 0.00116873
49164 55114 54059 -0.0214588
51780 57450 57320 -0.00251062
49993 55900 56200 0.00600084
49871 56411 56201 -0.00421086
49140 56529 56529 0
50127 55672 55432 -0.00478784
48300 53034 53009 -0.000517598
48468 55627 55464 -0.00336304
48349 55288 55314 0.000537757
49567 54615 54609 -0.000121048
49473 55237 55225 -0.000242557
47386 52989 52944 -0.000949648
53102 57406 57406 0
49952 56594 56575 -0.000380365
50230 56028 56411 0.00762493
51887 54798 55434 0.0122574
48754 54645 55049 0.0082865
49697 54359 54104 -0.00513109
50802 55531 55594 0.00124011
50731 55088 54673 -0.0081804
50272 56790 56514 -0.00549013
51381 56595 56464 -0.00254958
49633 54728 54766 0.00076562
51892 57820 57898 0.00150312
47508 53461 53461 0
50497 57207 57176 -0.000613898
50292 55599 55531 -0.0013521
51299 54831 54604 -0.00442504
51058 54653 54786 0.00260488
47088 54750 54697 -0.00112555
49524 56149 55730 -0.00846054
51013 56698 56164 -0.0104679
50350 55084 54717 -0.00728898
49453 56715 56589 -0.00254787
49248 54644 54272 -0.00755361
51684 55386 55485 0.00191549
47932 54631 54431 -0.00417258
50320 56557 56553 -7.94913e-05
50235 55684 55684 0
49873 55797 55652 -0.00290738
50045 55490 55773 0.00565491
49178 55546 55579 0.000671032
49221 56341 56357 0.000325065
48807 54382 54425 0.000881021
49175 54535 55163 0.0127707
50899 57189 57025 -0.00322207
52568 57302 57008 -0.00559276
48769 54922 54922 0
48578 55226 55277 0.00104986
48270 55080 55080 0
49148 54051 53701 -0.00712135
48942 54702 54830 0.00261534
50350 55771 55543 -0.0045283
50450 55775 55110 -0.0131814
48873 53275 53353 0.00159597
48786 55437 54920 -0.0105973
50182 55707 55707 0
47855 56075 56132 0.0011911
50825 55613 55398 -0.0042302
49292 55748 55993 0.00497038
49711 55699 55712 0.000261512
50917 55036 54775 -0.00512599
50138 54924 54935 0.000219394
49319 55267 55267 0
48383 54099 54012 -0.00179815
53035 56961 56833 -0.0024135
48066 54650 54498 -0.00316232
50901 55136 55709 0.0112571
49602 55727 55751 0.000483851
50733 55276 55283 0.000137977
49117 53827 53901 0.00150661
50487 56065 55916 -0.00295125
48683 55234 55017 -0.00445741
48824 55760 55715 -0.000921678
52251 55361 55341 -0.000382768
51775 57829 57751 -0.00150652
49795 55902 56480 0.0116076
50630 56343 56256 -0.00171835
49510 54415 54406 -0.000181781
51033 57312 57060 -0.00493798
49168 55833 55749 -0.00170843
52089 56350 56051 -0.00574018
48651 54019 53993 -0.000534419
48798 53928 54273 0.00706996
49493 55689 55530 -0.00321258
49222 54328 54296 -0.000650116
50057 56204 55771 -0.00865014
49511 53737 53915 0.00359516
51919 57486 57593 0.0020609
51167 56150 56098 -0.00101628
52050 55815 55815 0
51805 56398 56429 0.000598398
49969 56602 56203 -0.00798495
47650 54283 54463 0.00377754
49494 55230 55066 -0.00331353
49632 55662 55562 -0.00201483
49245 55478 55657 0.00363489
51206 57213 57134 -0.00154279
48625 55137 55199 0.00127506
51700 57388 57388 0
52650 56745 56810 0.00123457
49099 53466 53435 -0.000631377
50283 56203 56192 -0.000218762
51554 55816 55816 0
50348 57421 57421 0
48625 54091 53994 -0.00199486
51621 55708 55779 0.00137541
50107 55655 55851 0.00391163
49094 55422 54974 -0.00912535
50447 54844 54707 -0.00271572
49566 53444 54146 0.0141629
50492 56712 56776 0.00126753
49547 54358 54259 -0.0019981
50653 54086 54441 0.00700847
49784 56078 56078 0
49756 56215 56215 0
51854 56798 57011 0.00410769
48968 56329 56329 0
47459 54289 54272 -0.000358204
50685 55382 55091 -0.00574134
47210 53976 53894 -0.00173692
49308 53621 53900 0.00565831
46017 53017 53100 0.00180368
51069 56391 56108 -0.00554152
49796 55218 55182 -0.00072295
52316 55770 55770 0
49852 55204 55204 0
49253 55622 55576 -0.000933953
49773 55179 55282 0.0020694
51259 54593 54327 -0.00518933
51084 55829 55242 -0.0114909
50423 55659 55732 0.00144775
50197 54963 54761 -0.00402414
48643 54937 54937 0
50158 55756 55756 0
49916 53837 54083 0.00492828
49990 55294 55356 0.00124025
49321 55147 55093 -0.00109487
52632 57988 58024 0.000683995
49910 55081 55306 0.00450811
51761 57200 57161 -0.000753463
50081 55659 55680 0.000419321
50704 54914 54867 -0.000926949
50819 55579 55658 0.00155454
49361 55188 55188 0
49291 55086 55039 -0.000953521
51217 56377 56495 0.00230392
50476 56683 56740 0.00112925
50497 55854 55854 0
47138 54096 54096 0
49936 55016 55529 0.0102731
50352 56041 55926 -0.00228392
52120 55237 55197 -0.00076746
50327 55473 55451 -0.000437141
49166 55069 54517 -0.0112273
49817 54673 54554 -0.00238874
51844 56597 56715 0.00227606
49914 54593 54342 -0.00502865
49842 57033 57033 0
50914 54475 54475 0
50440 54420 54639 0.00434179
48664 54489 54011 -0.00982246
49879 55772 55388 -0.00769863
50054 55930 55806 -0.00247732
50986 56767 56762 -9.80661e-05
50784 56206 56053 -0.00301276
50680 56635 55790 -0.0166732
49005 54222 53617 -0.0123457
50464 57349 57349 0
49786 55063 55162 0.00198851
50764 56057 56457 0.0078796
53354 56748 56807 0.00110582
48567 55362 55172 -0.00391212
50037 55428 55432 7.99408e-05
54203 57220 57114 -0.00195561
49993 57006 56984 -0.000440062
49739 56497 56693 0.00394057
50602 55547 55286 -0.0051579
51821 56016 55676 -0.00656105
49786 55375 55318 -0.0011449
51394 56193 56028 -0.00321049
49341 55505 55505 0
49362 54739 54582 -0.00318058
50023 55037 54834 -0.00405813
51850 57519 57447 -0.00138862
48696 54862 54862 0
48753 54347 54587 0.00492277
48447 55330 55059 -0.00559374
49400 55935 55583 -0.00712551
50948 56344 56198 -0.00286567
48683 57137 57032 -0.00215681
50847 53877 53914 0.000727673
52075 57500 57475 -0.000480077
49676 53785 54366 0.0116958
49539 57220 57145 -0.00151396
52123 56017 56185 0.00322315
50120 55528 55491 -0.000738228
51114 55489 56151 0.0129514
49365 55124 54363 -0.0154158
48157 55364 55055 -0.00641651
48167 55503 55503 0
51993 56392 56071 -0.00617391
48755 54995 55103 0.00221516
48073 55152 55152 0
48570 54426 54570 0.00296479
48169 55795 55708 -0.00180614
49971 54615 54594 -0.000420244
49886 55728 55728 0
49508 55045 54953 -0.00185829
51978 57218 57218 0
49550 54346 54562 0.00435923
49913 56208 56240 0.000641116
50647 53046 53741 0.0137224
51191 55676 55676 0
49734 55484 54997 -0.00979209
50428 54953 54953 0
50214 55506 55396 -0.00219062
52027 56925 56925 0
48435 55253 55149 -0.00214721
50499 56753 56753 0
49223 53294 53314 0.000406314
49223 55496 55538 0.00085326
48392 56519 56056 -0.0095677
51034 55875 56320 0.00871968
50640 55495 55702 0.00408768
50392 56402 56601 0.00394904
51309 56986 57139 0.00298193
50503 55821 55733 -0.00174247
51425 55609 56174 0.0109869
49827 55442 55120 -0.00646236
52442 55265 54968 -0.0056634
50916 55074 55104 0.000589206
51310 57429 57230 -0.00387839
50909 55993 56327 0.00656073
49197 54728 54747 0.000386202
49818 54491 54649 0.00317154
50099 56040 55640 -0.00798419
50527 54108 54225 0.00231559
48549 54802 54827 0.000514944
51354 54658 54721 0.00122678
51764 56585 56549 -0.000695464
50178 54954 55004 0.000996453
49847 54234 54279 0.000902762
49668 54249 54093 -0.00314086
51165 55106 55106 0
48837 54844 55188 0.00704384
51444 55435 55316 -0.00231319
48672 55493 55635 0.00291749
50242 55315 55315 0
48733 54864 54821 -0.000882359
51503 56403 56562 0.0030872
52431 56747 56417 -0.00629399
50690 55031 55224 0.00380746
51063 56279 56349 0.00137086
49622 56698 56698 0
51720 56642 56337 -0.00589714
51636 56009 56185 0.00340847
53046 57661 57867 0.00388342
52105 55312 54673 -0.0122637
50815 56182 56483 0.00592345
50387 56153 56153 0
48091 54843 55030 0.00388846
50150 55312 55405 0.00185444
52519 56054 56137 0.00158038
50627 54682 54282 -0.00790092
50695 55750 55784 0.000670678
52538 58189 58255 0.00125623
52559 58155 58155 0
50389 54887 54967 0.00158765
51336 56341 56400 0.00114929
51219 55979 56017 0.000741912
51375 56826 56511 -0.00613139
48895 54553 54607 0.00110441
49133 55223 54583 -0.0130259
50196 57197 57021 -0.00350626
47626 53043 52880 -0.0034225
51593 55762 55764 3.87649e-05
49452 55208 55034 -0.00351856
49561 55741 55712 -0.000585138
51774 55454 55454 0
49588 55301 55310 0.000181496
52689 57504 57539 0.000664275
48307 54879 54979 0.00207009
51317 56261 56141 -0.00233841
49058 54552 54019 -0.0108647
50470 55778 55673 -0.00208044
54079 57192 57093 -0.00183066
49706 55142 55186 0.000885205
51364 56863 56152 -0.0138424
47523 54733 54903 0.00357722
50399 55577 54964 -0.0121629
50597 55682 55604 -0.00154159
50350 55286 55286 0
50252 54051 54133 0.00163178
49673 56361 55549 -0.0163469
49565 54756 54829 0.00147281
51080 54826 54908 0.00160532
48548 56226 55754 -0.00972234
49904 56226 56055 -0.00342658
49225 54910 54664 -0.00499746
50041 55971 55971 0
47354 55518 55518 0
50734 56343 56538 0.00384358
51390 55549 55549 0
48851 52586 52742 0.00319338
49738 54522 54522 0
48206 54445 53939 -0.0104966
52273 57394 57289 -0.00200869
48980 55103 55183 0.00163332
49663 56373 56415 0.0008457
50594 55597 55505 -0.0018184
50849 54456 54456 0
50975 55836 55975 0.00272683
51570 56675 56669 -0.000116347
52529 55969 55546 -0.00805269
52445 56142 56176 0.000648298
51129 55720 55427 -0.0057306
51020 55997 55808 -0.00370443
51481 56584 56581 -5.82739e-05
51168 56275 56411 0.00265791
51705 56313 56249 -0.00123779
50211 55217 55186 -0.000617395
49664 55584 55463 -0.00243637
48976 54571 54142 -0.00875939
51317 55331 55456 0.00243584
50442 54002 54154 0.00301336
48379 53706 53613 -0.00192232
49846 53730 54500 0.0154476
51095 55513 55513 0
48838 54417 54381 -0.000737131
52157 57152 57100 -0.00099699
51055 55672 55210 -0.00904906
49539 55497 55486 -0.000222047
50349 57423 57147 -0.00548174
50128 53014 53023 0.00017954
48162 55331 55331 0
50277 55597 55951 0.00704099
51476 56331 56501 0.00330251
49375 55335 55335 0
49351 53972 53711 -0.00528865
50762 55320 55783 0.009121
49476 56296 56492 0.00396152
49245 53431 53422 -0.00018276
51076 54812 54890 0.00152714
49313 54871 55003 0.00267678
50595 55147 54540 -0.0119972
50088 55210 55205 -9.98243e-05
51796 55631 55543 -0.00169897
50544 55903 55810 -0.00183998
50347 56632 56330 -0.00599837
52531 57068 57068 0
49664 56176 56254 0.00157055
49591 56047 55888 -0.00320623
49066 56119 56119 0
50511 56077 55897 -0.00356358
50031 55092 55077 -0.000299814
49200 53999 54298 0.00607724
53102 57623 57623 0
49725 54338 54329 -0.000180995
47048 54144 54367 0.00473984
51571 55395 55872 0.00924938
47760 54390 54328 -0.00129816
50760 55146 55396 0.00492514
50490 57893 57893 0
49233 55411 55570 0.00322954
49840 56636 56369 -0.00535714
48642 54684 54255 -0.00881954
50548 55432 55414 -0.000356097
51485 56710 56670 -0.000776925
49932 54328 54665 0.00674918
50531 56024 56004 -0.000395797
52117 56133 55721 -0.00790529
51068 56850 56846 -7.83269e-05
50524 56277 56180 -0.00191988
51181 56087 56076 -0.000214924
49507 55568 55422 -0.00294908
52278 57286 57240 -0.000879911
49878 55490 55461 -0.000581419
48348 54455 54537 0.00169604
50402 56301 56375 0.0014682
49945 55214 55251 0.000740815
49880 54952 55028 0.00152366
50704 54853 54128 -0.0142987
51870 57710 57756 0.000886832
46598 53641 53543 -0.00210309
52081 57635 57508 -0.00243851
48847 55163 55106 -0.00116691
49475 55006 54957 -0.000990399
48411 53725 53786 0.00126004
50474 56107 56107 0
49118 54050 54165 0.0023413
52549 58246 57979 -0.00508097
49737 55406 55386 -0.000402115
48629 53840 53823 -0.000349586
50665 54585 54327 -0.00509227
51171 57648 57443 -0.00400618
47521 53793 53955 0.00340902
49520 54048 53768 -0.00565428
51918 56065 56065 0
49970 54754 54567 -0.00374225
48548 56674 56563 -0.0022864
48541 53872 53872 0
49377 55713 55442 -0.00548839
50222 54145 54022 -0.00244913
49917 55338 54966 -0.00745237
49854 55709 55221 -0.00978858
48004 55049 55049 0
51054 56390 56499 0.00213499
49719 55571 55324 -0.00496792
48490 54957 54957 0
51728 55842 55866 0.000463965
49729 55929 55929 0
49846 54696 54627 -0.00138426
49884 54737 54692 -0.000902093
51674 55734 55603 -0.00253512
49226 54044 53659 -0.00782107
51128 54615 54615 0
50349 55601 56049 0.00889789
47333 54693 54700 0.000147888
50924 54245 54783 0.0105648
51488 55820 55956 0.00264139
51137 55424 55346 -0.00152531
49112 54556 54183 -0.00759489
49497 55796 55801 0.000101016
51084 55643 55928 0.00557905
49266 53145 53142 -6.08939e-05
50797 55160 54574 -0.0115361
50529 55455 55382 -0.00144471
50205 55533 55533 0
48792 56361 56185 -0.00360715
51032 56033 56424 0.00766186
50083 55567 55324 -0.00485195
51833 56025 56025 0
48909 55870 55924 0.00110409
50035 55098 55082 -0.000319776
52068 56847 56930 0.00159407
49153 55329 55445 0.00235998
50608 54996 54814 -0.00359627
49657 55327 55636 0.00622269
50204 54942 54931 -0.000219106
50145 55820 56331 0.0101904
48821 55651 55700 0.00100367
49866 55455 55489 0.000681827
50187 55591 55419 -0.00342718
49184 55283 55391 0.00219584
52812 54668 54829 0.00304855
49850 55790 55599 -0.00383149
48831 55600 55495 -0.00215027
50367 57323 57251 -0.00142951
52201 57493 57623 0.00249037
49038 54443 54947 0.0102777
50403 56439 56379 -0.00119041
48869 54760 54880 0.00245554
51674 55486 55733 0.00477997
51663 56383 56309 -0.00143236
52640 57177 57401 0.00425532
50011 55790 55790 0
52409 57862 57862 0
51714 57200 57200 0
49422 56758 56758 0
48707 53725 53128 -0.012257
49224 54797 54426 -0.00753697
51937 55920 55971 0.000981959
48678 55047 54914 -0.00273224
49235 55888 55673 -0.00436681
50301 56272 56266 -0.000119282
49599 55787 55787 0
50751 55971 55887 -0.00165514
47526 53697 53697 0
50486 54441 54718 0.00548667
51556 55589 55134 -0.00882535
51371 55824 56260 0.00848728
52974 57524 57524 0
49747 55988 55903 -0.00170865
50464 55553 55296 -0.00509274
51730 57641 57448 -0.00373091
51357 56454 56454 0
49663 55580 55501 -0.00159072
48837 53599 53541 -0.00118762
50085 55439 55419 -0.000399321
51113 55870 55876 0.000117387
52456 57238 57238 0
50092 55944 56088 0.00287471
49555 54636 54087 -0.0110786
51035 55879 55662 -0.00425198
50985 55893 56192 0.00586447
48621 55946 55318 -0.0129162
50126 57004 56964 -0.000797989
49504 54726 54206 -0.0105042
50032 55812 55580 -0.00463703
51221 56357 56370 0.000253802
49447 54582 54730 0.0029931
50717 56701 56701 0
50816 57405 57424 0.000373898
48951 56164 56192 0.000572001
50145 57066 56891 -0.00348988
52827 58270 58362 0.00174153
51236 56006 55921 -0.00165899
48461 55680 55786 0.00218733
50038 55377 55104 -0.00545585
48288 53709 53709 0
50405 55362 55855 0.00978078
48082 55840 55840 0
48920 55255 55599 0.00703189
52230 56907 56576 -0.00633735
48964 55070 55362 0.00596357
47719 56081 56081 0
48590 55996 56303 0.00631817
49424 53998 54114 0.00234704
51710 57011 57011 0
49946 55207 55227 0.000400432
50766 54847 54948 0.00198952
49297 56316 56047 -0.00545672
50796 55755 55755 0
50076 55448 55280 -0.0033549
51769 56659 56596 -0.00121694
52312 55636 55525 -0.00212188
51347 56453 56556 0.00200596
52569 56153 56577 0.00806559
52556 57193 56957 -0.00449045
49158 55474 55682 0.00423125
49434 55908 56127 0.00443015
49147 54824 54824 0
51610 56417 56369 -0.000930052
51116 56360 56446 0.00168245
49617 54318 53918 -0.00806175
49662 54737 54130 -0.0122226
51117 57683 57683 0
50973 55674 55516 -0.00309968
48748 55106 55142 0.000738492
49655 55308 55385 0.0015507
52021 55581 55808 0.00436362
52787 55792 55599 -0.0036562
50333 56524 56452 -0.00143047
50040 55264 55361 0.00193845
50821 54784 54472 -0.00613919
49854 54153 54126 -0.000541581
49174 54228 53785 -0.00900883
51319 55880 55894 0.000272803
49716 53901 54494 0.0119277
52231 55769 56128 0.00687331
48139 55721 55734 0.000270051
50237 55441 55441 0
52091 56079 56098 0.000364746
48892 55026 55026 0
49582 55759 55759 0
49466 55839 55601 -0.00481139
48582 54455 54164 -0.00598987
52094 56665 56665 0
48531 53665 53283 -0.00787126
50925 56522 56635 0.00221895
51928 57311 57498 0.00360114
51397 56298 56593 0.00573963
47878 54690 54632 -0.00121141
48062 56165 55510 -0.0136282
50337 54893 54717 -0.00349643
49040 54069 53749 -0.00652529
48850 55248 55248 0
50298 54244 54942 0.0138773
51375 56220 56112 -0.00210219
50134 56341 56214 -0.00253321
51459 55492 55831 0.00658777
49190 53952 53952 0
49752 54828 54828 0
48800 55030 55332 0.00618852
49343 56060 56060 0
48476 56054 55999 -0.00113458
53334 56971 57151 0.00337496
48407 54777 54119 -0.0135931
49646 55422 55077 -0.0069492
51246 57332 57332 0
52009 57669 57717 0.000922917
49698 55656 55542 -0.00229385
51031 56963 56332 -0.012365
49723 53890 53995 0.0021117
50273 55035 55150 0.00228751
49869 55541 55531 -0.000200525
51941 56031 55882 -0.00286864
50043 55867 56699 0.0166257
49658 55163 55174 0.000221515
49541 53688 54207 0.0104762
49143 53690 53600 -0.00183139
48389 55752 55711 -0.0008473
49443 55021 54988 -0.000667435
50921 55415 55303 -0.00219949
50240 54238 54288 0.000995223
48089 54609 54604 -0.000103974
48625 53527 53500 -0.00055527
49280 53881 54314 0.00878653
49767 55939 55939 0
49840 55453 55551 0.00196629
48629 53817 53820 6.16916e-05
49842 54476 54505 0.000581839
49921 56259 56531 0.00544861
50932 55142 54929 -0.00418205
49466 56577 56577 0
49925 55557 55577 0.000400601
49977 56068 56068 0
48211 53915 53794 -0.0025098
49403 55058 55058 0
48247 54843 54830 -0.000269447
49383 53793 53793 0
52401 56149 56149 0
50619 55513 55460 -0.00104704
49693 56965 57108 0.00287767
50026 55904 55906 3.99792e-05
50070 56126 56195 0.00137807
48871 55171 54979 -0.00392871
49986 54196 54247 0.00102029
51016 56794 56794 0
51559 55711 55711 0
48420 54623 54623 0
51475 58398 58503 0.00203983
50253 55609 55678 0.00137305
51401 55177 55222 0.000875469
51469 56888 57014 0.00244808
50501 55044 55243 0.00394052
48067 55369 55358 -0.000228847
49925 54257 54472 0.00430646
51218 55185 55265 0.00156195
50539 56624 56591 -0.000652961
47675 54448 54448 0
50167 56966 56966 0
50261 56439 56313 -0.00250691
51308 56309 56402 0.00181258
49137 54112 54106 -0.000122108
49213 54990 55128 0.00280414
50833 56109 56109 0
50056 55190 54816 -0.00747163
50301 56075 56075 0
50269 54383 54295 -0.00175058
48886 55961 56189 0.00466391
50994 56551 56551 0
50929 55915 55915 0
50323 56565 56565 0
50766 56937 56937 0
50113 54327 54402 0.00149662
50791 56426 56389 -0.000728476
51145 54929 54962 0.000645224
52011 56106 56092 -0.000269174
50308 55945 55945 0
48854 55470 54977 -0.0100913
50114 56194 56070 -0.00247436
47368 54494 54907 0.00871897
46823 54347 54006 -0.00728275
49929 56705 56705 0
48205 54268 53886 -0.00792449
50389 55658 55742 0.00166703
49309 55291 55140 -0.00306232
50465 55730 55673 -0.0011295
49867 55249 55355 0.00212565
49591 55574 55670 0.00193584
49913 55832 55415 -0.00835454
51039 56251 56151 -0.00195929
49503 54425 54368 -0.00115145
49187 55381 55381 0
49938 56453 56301 -0.00304377
52813 57197 57115 -0.00155265
50832 56028 56016 -0.000236072
49964 54603 54407 -0.00392282
50907 55490 55490 0
51865 56470 55851 -0.0119348
51381 56708 56617 -0.00177108
50794 54981 54981 0
50249 54644 54706 0.00123386
51794 56081 55959 -0.00235549
50708 54852 55190 0.00666561
51857 56212 56212 0
48704 55013 55013 0
49397 53932 53820 -0.00226734
49540 55894 55890 -8.07428e-05
49100 54445 54309 -0.00276986
51566 56924 56924 0
50129 54645 54363 -0.00562549
49871 56005 55897 -0.00216559
50005 55784 55769 -0.00029997
50460 55661 56683 0.0202537
50720 56110 55503 -0.0119677
50118 56872 56613 -0.0051678
50632 56977 56774 -0.00400932
52068 56500 56536 0.000691404
50097 54534 54358 -0.00351318
52080 55675 55452 -0.00428187
48680 56509 56517 0.000164339
49291 54322 53881 -0.00894687
49404 54988 54988 0
50787 56107 56125 0.000354421
50365 55441 55097 -0.00683014
50813 55213 54843 -0.0072816
51519 56054 56091 0.000718182
50996 56691 56637 -0.00105891
49968 55162 55162 0
50645 55062 55108 0.000908283
50305 55365 55755 0.00775271
51250 56310 56187 -0.0024
46571 52631 52234 -0.00852462
50644 56890 56890 0
51323 56434 56668 0.00455936
50687 57732 57732 0
51581 55348 54528 -0.0158973
48661 54533 54533 0
50606 57562 57409 -0.00302336
48343 54220 53440 -0.0161347
48599 55072 55072 0
50752 56806 56248 -0.0109946
49622 56097 56380 0.00570312
50582 54972 55029 0.00112688
50687 57009 56289 -0.0142048
50985 56458 56412 -0.000902226
50490 55912 55850 -0.00122797
48972 54175 54175 0
52030 54730 54801 0.0013646
51695 55775 55615 -0.00309508
49870 56275 56363 0.00176459
48842 54478 54524 0.000941812
49540 55122 54595 -0.0106379
50831 57393 56724 -0.0131613
50415 55285 55359 0.00146782
49951 55300 55035 -0.0053052
50541 58152 58020 -0.00261174
52876 57001 57077 0.00143733
51026 55982 56017 0.000685925
48940 55566 55925 0.00733551
50412 57341 57643 0.00599064
48798 54973 54877 -0.00196729
49359 56278 56278 0
50731 55564 55844 0.00551931
46802 53055 52606 -0.00959361
50397 54698 54537 -0.00319463
50748 55643 56005 0.00713329
51676 55096 55148 0.00100627
49756 56436 56036 -0.00803923
51860 56270 56167 -0.00198612
50965 55720 55714 -0.000117728
50751 55417 55323 -0.00185218
48949 54984 54912 -0.00147092
52209 56876 56655 -0.00423299
50502 55635 55252 -0.00758386
50615 56357 56390 0.000651981
49548 56066 55591 -0.00958666
52065 56867 56981 0.00218957
50045 55558 55689 0.00261764
50636 55147 55187 0.000789952
48679 56942 56893 -0.00100659
50325 56850 56850 0
49809 56680 56478 -0.00405549
50382 55336 54956 -0.00754238
48638 55894 55373 -0.0107118
51185 54687 55096 0.00799062
51416 55922 56197 0.00534853
50566 55130 55009 -0.00239291
50736 56197 55955 -0.00476979
50317 55011 55109 0.00194765
50884 55837 55837 0
51124 55670 55917 0.00483139
49077 54652 54955 0.00617397
50724 56289 56267 -0.00043372
50631 54619 54789 0.00335763
49954 54867 55034 0.00334308
50092 56704 56190 -0.0102611
49648 54363 54210 -0.0030817
51561 56533 56420 -0.00219158
48140 54191 54191 0
48539 56126 56198 0.00148334
51031 55379 55435 0.00109737
50264 54126 54126 0
49253 53907 54043 0.00276125
48081 55586 55648 0.00128949
50573 55539 55222 -0.00626817
49165 54799 54878 0.00160683
51877 55622 55212 -0.00790331
52720 56688 56508 -0.00341426
49544 54985 54880 -0.00211933
51706 55752 55752 0
51995 55780 56320 0.0103856
51235 56520 56520 0
50575 55496 55463 -0.000652496
51672 57619 57619 0
49107 54706 53926 -0.0158837
49473 55258 55123 -0.00272876
50048 56541 56377 -0.00327685
51638 57424 57445 0.000406677
51243 56869 56840 -0.000565931
49823 55873 55873 0
49432 55295 55205 -0.00182068
49611 54838 54569 -0.00542218
50393 56492 56467 -0.000496101
49282 55947 55977 0.000608742
49358 55714 55555 -0.00322136
49685 54757 55052 0.00593741
50060 54623 54594 -0.000579305
50756 56769 56769 0
51651 56145 56323 0.00344621
49575 55718 55693 -0.000504286
51570 57198 57219 0.000407213
47228 56376 56209 -0.00353604
48014 52316 51572 -0.0154955
50618 56239 56779 0.0106681
49160 53336 53697 0.00734337
50451 56442 56386 -0.00110999
49558 54460 54085 -0.00756689
