18027 20456 20456 0
17365 20194 20197 0.000172761
18245 20638 20421 -0.0118937
17616 20780 20780 0
18125 20389 20456 0.00369655
18608 20535 20535 0
17955 20916 20916 0
18451 21297 21297 0
18103 20537 20425 -0.00618682
18207 20123 20004 -0.00653595
18254 20365 20384 0.00104087
17944 20408 20407 -5.57289e-05
17539 20000 20000 0
18248 21252 21220 -0.00175362
18476 20679 20548 -0.00709028
17921 19867 19858 -0.000502204
18410 20557 20456 -0.00548615
18172 20373 20379 0.000330178
17965 20288 20382 0.0052324
17933 20371 20409 0.002119
18601 21018 20956 -0.00333315
18012 20063 19999 -0.00355319
17498 19783 19783 0
18314 20225 20151 -0.00404062
18342 20476 20341 -0.00736016
17462 20495 20534 0.00223342
18867 20233 20233 0
18157 20968 20957 -0.000605827
18237 19897 19897 0
18031 20426 20450 0.00133104
18124 20731 20745 0.000772456
18370 20718 20718 0
17994 20544 20556 0.000666889
18236 19649 19676 0.00148059
17522 20358 20383 0.00142678
18784 20401 20281 -0.00638842
18096 20163 20250 0.00480769
18738 20984 20984 0
18092 20574 20773 0.0109993
18651 20578 20525 -0.00284167
19001 20845 20724 -0.00636809
18306 20592 20638 0.00251284
18539 20445 20402 -0.00231943
18686 20363 20448 0.00454886
17585 20088 19811 -0.0157521
18778 21092 21104 0.000639046
18243 20590 20663 0.00400153
17637 20443 20461 0.00102058
18663 20047 20044 -0.000160746
18284 20548 20548 0
17979 19893 19893 0
17461 20395 20420 0.00143176
17079 20197 20151 -0.00269337
18263 20885 20438 -0.0244757
18698 20501 20573 0.00385068
18667 20364 20306 -0.00310709
17801 20357 20331 -0.00146059
18817 21003 20999 -0.000212574
17749 20541 20332 -0.0117753
17874 19891 19915 0.00134273
18379 20190 20114 -0.00413515
17468 20309 20163 -0.00835814
18631 21292 20900 -0.0210402
20012 21412 21322 -0.0044973
17463 19169 19169 0
17919 19857 19912 0.00306937
18875 20408 20354 -0.00286093
18181 20667 20817 0.00825037
17854 19910 20012 0.00571301
17800 20180 20180 0
17449 19947 19947 0
17722 19715 19823 0.00609412
17941 20925 20910 -0.000836074
18555 20817 20817 0
17404 20131 20131 0
17468 19526 19562 0.00206091
18583 20188 20138 -0.00269063
18421 20305 20111 -0.0105315
17238 20419 20419 0
18497 20751 20819 0.00367627
17733 19519 19463 -0.00315795
18418 20337 20318 -0.0010316
17887 20398 20338 -0.00335439
18245 20269 20209 -0.00328857
17789 20111 20136 0.00140536
18284 20248 20291 0.00235178
18541 20160 20169 0.000485411
18267 20590 20489 -0.0055291
18489 21373 21327 -0.00248797
18694 20932 20817 -0.00615171
18933 21043 21033 -0.000528178
18145 20772 20687 -0.00468449
16981 20691 20456 -0.013839
18142 20267 20212 -0.00303164
18490 20870 20903 0.00178475
18288 20065 20081 0.000874891
17798 20523 20443 -0.00449489
17670 20718 20750 0.00181098
18592 20422 20377 -0.0024204
17862 19574 19655 0.00453477
18420 20670 20525 -0.00787188
18897 20485 20568 0.00439223
18202 20842 20880 0.00208768
17620 20222 20186 -0.00204313
18087 20636 20630 -0.00033173
18893 21171 21250 0.00418144
17253 20137 20213 0.00440503
17545 20217 20298 0.0046167
18351 20164 20164 0
18246 21100 20957 -0.00783733
18381 20363 20304 -0.00320984
17981 20177 20165 -0.000667371
18588 20649 20644 -0.000268991
17603 20245 20238 -0.000397659
17186 19399 19423 0.00139649
18113 20202 20003 -0.0109866
18415 19733 19686 -0.00255227
18745 20651 20678 0.00144038
18846 21478 21478 0
18371 20263 20241 -0.00119754
17704 20898 20898 0
17812 20503 20503 0
17768 20658 20550 -0.00607834
18015 19922 19949 0.00149875
18481 20498 20498 0
17126 20270 20275 0.000291954
17725 19714 19746 0.00180536
17881 20632 20710 0.00436217
18234 20091 20129 0.00208402
18634 20621 20574 -0.00252227
19046 20775 21029 0.0133361
18412 20966 20993 0.00146643
17741 20157 20146 -0.000620033
18146 20739 20643 -0.00529042
18553 20908 21062 0.00830054
17885 20430 20430 0
18609 20992 21078 0.00462142
18946 20815 20811 -0.000211126
17706 20099 19995 -0.00587372
18519 20343 20343 0
17615 19757 19766 0.000510928
17740 20314 20428 0.00642616
17537 19145 19297 0.00866739
17532 20141 20025 -0.00661647
17702 20051 19959 -0.00519715
18226 20522 20510 -0.0006584
18382 20368 20430 0.00337286
17332 20245 20253 0.000461574
18604 21131 21070 -0.00327886
17537 20116 20138 0.00125449
17880 20754 20751 -0.000167785
18338 20175 20203 0.00152688
18390 19898 19945 0.00255574
17768 20079 20115 0.00202611
18076 20516 20595 0.00437044
19022 20614 20617 0.000157712
17107 20076 20105 0.00169521
18118 20095 20101 0.000331162
17985 20816 20816 0
18565 20173 20071 -0.00549421
18451 20742 20760 0.000975557
18165 20919 20838 -0.00445912
18279 20555 20532 -0.00125827
18470 20877 20896 0.0010287
18011 19852 19791 -0.00338682
17561 20217 20321 0.00592221
17906 20260 20291 0.00173126
18238 19970 20278 0.0168878
17678 20343 20384 0.00231927
18036 20632 20550 -0.00454646
17893 20391 20389 -0.000111776
18497 20453 20468 0.000810942
18293 20249 20295 0.00251462
17583 20068 20105 0.00210431
18597 21079 20845 -0.0125827
18635 20908 20908 0
18765 21265 21265 0
17736 20096 19988 -0.00608931
17798 20551 20551 0
17702 20668 20668 0
19094 21176 21188 0.00062847
17897 20384 20354 -0.00167626
18261 20388 20388 0
17583 20271 20272 5.68731e-05
18150 20918 20918 0
18226 21230 21236 0.0003292
17654 19884 19884 0
17478 20235 20235 0
17717 20421 20444 0.00129819
18171 20688 20793 0.00577844
18222 20008 20028 0.00109757
17777 20871 20914 0.00241886
19054 20484 20586 0.00535321
18132 20940 20800 -0.00772116
18584 20650 20631 -0.00102238
17404 19787 19884 0.00557343
18213 20724 20777 0.00291001
17662 20045 20097 0.00294417
18106 20087 20060 -0.00149122
17404 20198 20362 0.00942312
19006 21568 21509 -0.00310428
18069 20629 20587 -0.00232442
17971 20393 20393 0
17748 21171 21184 0.000732477
18545 20716 20632 -0.00452952
17797 19873 19687 -0.0104512
17912 20630 20630 0
17334 20781 20781 0
17999 20276 20298 0.00122229
17565 20401 20472 0.00404213
16754 19693 19683 -0.000596872
18959 21142 21146 0.000210982
17887 20356 20294 -0.0034662
18002 20752 20789 0.00205533
18207 20224 20216 -0.000439391
17968 20225 20247 0.0012244
18068 20004 19961 -0.0023799
18070 20504 20510 0.000332042
18290 20196 20243 0.00256971
17723 20493 20475 -0.00101563
18324 20988 20988 0
17205 19846 20120 0.0159256
18596 21020 20949 -0.00381803
17612 19917 19917 0
18796 21242 21245 0.000159608
18380 20462 20410 -0.00282916
19192 20670 20670 0
17942 19909 19879 -0.00167205
17253 20157 20328 0.00991132
17771 20578 20202 -0.0211581
18658 20988 21059 0.00380534
17871 20178 20037 -0.00788988
17842 21088 20970 -0.00661361
17758 19910 19689 -0.0124451
18436 20102 20132 0.00162725
17404 19696 19660 -0.00206849
18115 20412 20288 -0.00684516
17909 20051 20090 0.00217768
18091 20621 20482 -0.00768338
18087 20187 20187 0
17985 20121 20340 0.0121768
17436 20173 20124 -0.00281028
17427 19918 19862 -0.0032134
17787 20326 20237 -0.00500365
18460 21173 21173 0
19316 21103 21005 -0.00507351
17040 20228 19922 -0.0179577
17323 19879 19930 0.00294406
17614 20531 20306 -0.0127739
17848 20151 20075 -0.00425818
17460 19837 19837 0
18417 20617 20582 -0.00190042
18652 20500 20543 0.00230538
17611 19338 19496 0.00897167
17320 19880 19856 -0.00138568
17948 19879 19936 0.00317584
17051 20246 20397 0.00885579
18421 20262 20286 0.00130286
17931 20456 20456 0
17808 20594 20594 0
18081 19864 19861 -0.00016592
18383 20190 20037 -0.00832291
18076 20540 20540 0
17645 20166 20163 -0.00017002
18884 20455 20421 -0.00180047
17298 20055 20180 0.00722627
18148 20267 20267 0
18400 20939 20953 0.00076087
18517 20865 20747 -0.00637252
17782 19726 19784 0.00326173
18256 20555 20677 0.00668273
17101 19586 19552 -0.00198819
16923 20019 20018 -5.90912e-05
18688 20720 20622 -0.00524401
18630 21218 21118 -0.00536769
18327 20601 20483 -0.00643859
18563 20913 21032 0.0064106
17059 19181 19296 0.00674131
18462 20875 20886 0.000595818
17791 20241 20133 -0.00607049
19081 20576 20556 -0.00104816
17384 19322 19313 -0.000517717
18047 20110 20094 -0.000886574
17898 20898 20873 -0.0013968
17967 20014 20055 0.00228196
18251 20462 20462 0
17321 19651 19485 -0.00958374
19089 21115 20921 -0.0101629
18704 20678 20731 0.00283362
18731 20398 20384 -0.000747424
18618 20546 20170 -0.0201955
17519 20313 20201 -0.00639306
17457 20272 20352 0.00458269
18038 20313 20244 -0.00382526
17921 20484 20555 0.00396183
17676 20026 20051 0.00141435
18680 21396 21433 0.00198073
18037 20476 20291 -0.0102567
19044 21081 21163 0.00430582
18629 20592 20485 -0.00574373
17996 19627 19642 0.000833519
18479 20598 20590 -0.000432924
18553 20243 20261 0.000970193
17939 20856 20856 0
17312 19686 19759 0.00421673
18278 20030 19946 -0.00459569
18454 20802 20792 -0.000541888
18168 20292 20292 0
18399 20175 20068 -0.00581553
18493 19997 19994 -0.000162224
17708 20457 20462 0.000282358
17771 19894 19865 -0.00163187
18110 20034 19984 -0.00276091
18002 20544 20650 0.00588823
18146 20511 20458 -0.00292075
18832 21127 21170 0.00228335
18042 21172 21172 0
17217 19938 19938 0
18352 20063 20022 -0.00223409
16836 19409 19342 -0.00397957
17830 19691 19728 0.00207515
16536 19290 19259 -0.0018747
18373 20484 20425 -0.00321123
18517 20646 20659 0.000702058
18718 20748 20748 0
17882 20354 20412 0.00324349
18050 20860 20957 0.00537396
18089 20143 19899 -0.0134889
18256 19681 19839 0.00865469
18562 20594 20465 -0.00694968
18162 19912 19994 0.00451492
18065 19845 19883 0.00210352
18128 20589 20537 -0.00286849
18444 20491 20505 0.000759054
18002 19646 19602 -0.00244417
18184 20403 20408 0.000274967
18125 20322 20322 0
18614 21308 21295 -0.000698399
17759 20127 20099 -0.00157667
18762 20573 20652 0.00421064
17292 20089 20089 0
18125 20238 20178 -0.00331034
18334 20488 20499 0.000599978
17470 20545 20426 -0.00681168
17145 20152 20176 0.00139983
18583 20738 20783 0.00242157
18505 20550 20553 0.000162118
18187 20534 20481 -0.00291417
16975 19701 19742 0.00241532
17394 19850 19756 -0.00540416
18305 21080 21083 0.00016389
18772 20336 20372 0.00191775
18088 20267 20237 -0.00165856
17698 19752 19564 -0.0106227
17763 19936 19923 -0.000731858
18406 20497 20390 -0.00581332
18314 19608 19622 0.000764443
17518 20093 20444 0.0200365
18662 20288 20288 0
18417 20175 20210 0.00190042
17548 19847 19838 -0.000512879
18507 20949 20949 0
18259 20710 20708 -0.000109535
18611 21012 20955 -0.0030627
18496 21227 21246 0.00102725
18366 20465 20558 0.0050637
17793 19838 19811 -0.00151745
18014 20702 20690 -0.000666149
17844 20263 20334 0.00397893
17987 20959 21019 0.00333574
19852 21112 21112 0
17383 20321 20328 0.000402692
17657 19910 19923 0.000736252
19547 21020 20994 -0.00133013
18003 20472 20528 0.00311059
17867 20734 20632 -0.00570885
18200 20538 20538 0
18380 20520 20145 -0.0204026
18015 20219 20106 -0.00627255
18449 20831 20809 -0.00119248
18078 20127 20151 0.00132758
17906 20152 20230 0.00435608
17935 20041 19971 -0.00390298
19232 21034 21077 0.00223586
17535 19946 19946 0
17203 19874 19983 0.0063361
17495 20722 20678 -0.002515
17743 20312 20300 -0.000676323
18294 20562 20386 -0.00962064
17750 20732 20947 0.0121127
18287 20185 20202 0.000929622
18766 20510 20647 0.00730044
18411 19912 19935 0.00124925
17451 20700 20683 -0.000974156
18335 20486 20479 -0.000381783
18062 20712 20576 -0.00752962
17977 20258 20265 0.000389386
17774 20041 19939 -0.00573872
17293 20436 20363 -0.00422136
17250 20134 20034 -0.0057971
18558 20111 20332 0.0119086
17559 20007 19999 -0.000455607
17384 20150 20158 0.000460193
17083 19361 19354 -0.000409764
17162 20630 20610 -0.00116537
17982 19726 20025 0.0166277
18032 20422 20365 -0.00316105
17518 20028 20067 0.00222628
18633 21254 21189 -0.00348843
17892 19858 19804 -0.00301811
17938 20415 20387 -0.00156093
18796 20201 20316 0.00611832
18208 20397 20119 -0.015268
18129 20741 20735 -0.000330961
18404 20400 20377 -0.00124973
17760 20435 20405 -0.00168919
18793 21154 21154 0
17560 19990 19945 -0.00256264
18335 20617 20585 -0.0017453
18115 19743 19672 -0.0039194
18164 20714 20465 -0.0137084
17378 20450 20450 0
17903 20623 20432 -0.0106686
18803 20539 20539 0
18195 20300 20254 -0.00252817
18696 20901 20911 0.000534874
18574 20421 20517 0.00516852
18324 20646 20655 0.000491159
17618 20432 20363 -0.00391645
19192 20261 20112 -0.00776365
18464 20585 20467 -0.00639081
18705 21164 21310 0.0078054
18128 20587 20682 0.00524051
17695 19908 19850 -0.00327776
17912 19552 19552 0
17622 20306 20418 0.00635569
18082 19986 19979 -0.000387125
17624 20036 19932 -0.00590104
18905 20245 20146 -0.00523671
18181 20622 20450 -0.00946043
18050 20023 20005 -0.00099723
18312 20142 19964 -0.0097204
17683 19654 19565 -0.00503308
18737 20264 20297 0.00176122
17682 20431 20438 0.000395883
18086 19786 19862 0.00420215
17865 20551 20547 -0.000223901
18427 20591 20591 0
17417 20373 20232 -0.00809554
18149 20512 20567 0.00303047
19046 20798 20737 -0.00320277
18433 20206 20359 0.00830033
18271 20159 20212 0.00290077
17846 20538 20538 0
18687 20431 20431 0
18968 20976 20959 -0.000896246
19218 21142 21314 0.00894994
18889 20169 20157 -0.00063529
18175 20290 20169 -0.0066575
18373 20495 20635 0.00761988
17729 20352 20352 0
17850 20133 20124 -0.000504202
18717 20551 20579 0.00149597
18384 19933 19933 0
18163 20227 20269 0.00231239
18449 21183 21188 0.000271017
18752 21408 21408 0
17877 20260 20260 0
18453 20723 20724 5.41917e-05
18429 20468 20468 0
18417 20156 20230 0.00401803
17852 20026 20045 0.00106431
17473 20073 19791 -0.0161392
17588 20817 20806 -0.000625426
16879 19351 19331 -0.0011849
18870 20401 20453 0.0027557
17791 19724 19724 0
17840 20171 20309 0.00773543
18830 20584 20592 0.000424854
17753 20106 20226 0.00675942
18684 20853 20892 0.00208735
17774 20116 20116 0
18407 20444 20465 0.00114087
18077 19990 19981 -0.00049787
18088 20436 20405 -0.00171384
19454 20730 20896 0.00853295
18189 20595 20584 -0.000604761
18098 20464 20484 0.00110509
16952 20017 19968 -0.00289051
18026 20114 20084 -0.00166426
18442 20954 20876 -0.00422948
18375 19914 20080 0.00903401
18221 19823 19925 0.00559794
18346 20735 20676 -0.00321596
18030 19953 19898 -0.00305047
18765 20452 20414 -0.00202505
17926 20249 20625 0.0209751
18307 20569 20389 -0.0098323
17695 20341 20341 0
17608 20330 20330 0
16926 19772 19947 0.0103391
18626 21115 21115 0
18260 20012 20152 0.00766703
17399 19223 19186 -0.00212656
18152 19783 19767 -0.000881446
16972 19858 19878 0.00117841
19075 21149 21149 0
17919 20321 20309 -0.00066968
18018 21275 21290 0.000832501
17796 20357 20357 0
17973 19613 19613 0
18204 20339 20264 -0.00411997
18216 20819 20819 0
19185 20552 20481 -0.00370081
19025 20823 20840 0.000893561
18368 20442 20442 0
18399 20588 20493 -0.00516332
18434 20500 20592 0.00499078
17927 19936 20068 0.0073632
18794 20534 20534 0
18252 20348 20378 0.00164366
17473 19789 19872 0.00475019
17734 19600 19600 0
18321 20709 20709 0
18298 19972 19797 -0.00956389
17735 19782 19635 -0.00828869
17768 19784 19784 0
18700 20685 20540 -0.00775401
17920 19794 19806 0.000669643
19024 21129 21118 -0.000578217
18202 20333 20259 -0.00406549
18402 20349 20347 -0.000108684
18072 20857 20822 -0.0019367
17864 19490 19442 -0.00268697
17430 20359 20321 -0.00218015
18490 20616 20549 -0.00362358
18693 20550 20550 0
17896 20294 20286 -0.000447027
17699 19554 19490 -0.00361602
18341 20592 20544 -0.00261709
17100 20330 20074 -0.0149708
17718 19455 19714 0.0146179
18104 20107 20107 0
17776 20210 20210 0
18383 20387 20415 0.00152315
18079 20067 20218 0.00835223
18844 20382 20464 0.00435152
18311 20672 20691 0.00103763
18317 21199 21207 0.000436753
18853 20749 20855 0.00562245
17924 20327 20327 0
17631 20635 20501 -0.00760025
17453 20348 20348 0
18395 20492 20492 0
17941 20407 20393 -0.000780336
17886 20505 20533 0.00156547
18971 20549 20620 0.00374255
18251 20010 19855 -0.00849269
16986 20298 20298 0
18707 20138 20197 0.0031539
17238 19708 19981 0.0158371
18088 20535 20523 -0.000663423
18570 21116 20941 -0.0094238
17717 20408 20543 0.0076198
18083 20862 20988 0.00696787
17421 19783 19738 -0.00258309
18107 19893 19948 0.0030375
18437 20554 20438 -0.0062917
18627 20623 20559 -0.00343587
18239 20340 20340 0
18911 20893 20866 -0.00142774
18629 21057 20963 -0.0050459
18130 20460 20432 -0.0015444
18092 20288 20518 0.0127128
17970 20684 20575 -0.00606566
18777 20788 20753 -0.00186398
18381 20308 19993 -0.0171373
17088 19850 19737 -0.00661283
17838 20242 20197 -0.0025227
17739 19945 20063 0.00665201
17612 20309 20301 -0.000454236
18201 19678 19678 0
18987 21023 21038 0.000790014
16766 19699 19699 0
18713 21032 21032 0
17811 20339 20550 0.0118466
17482 19692 19637 -0.00314609
17823 20431 20431 0
18165 20109 20341 0.0127718
18045 20118 20134 0.000886672
18788 21360 21245 -0.00612093
17814 20209 20134 -0.00421017
17569 19834 19825 -0.000512266
17816 19931 19877 -0.00303098
18058 20446 20441 -0.000276886
17542 19818 19717 -0.00575761
17914 20134 19935 -0.0111086
18562 20541 20597 0.00301692
17997 20323 20120 -0.0112797
17593 21245 21296 0.00289888
17094 19452 19452 0
17330 20451 20451 0
18029 19832 19843 0.000610128
18566 20613 20613 0
17976 20127 20134 0.000389408
16910 20411 20320 -0.00538143
18519 20684 20756 0.0038879
17340 20238 20179 -0.00340254
18161 20514 20527 0.00071582
18285 20680 20777 0.00530489
17707 20475 20475 0
17906 19983 20000 0.000949402
17698 19950 19942 -0.000452028
18359 20337 20358 0.00114385
17698 19867 19849 -0.00101706
18757 19881 19977 0.00511809
17612 20343 20246 -0.00550761
17079 20020 20020 0
18410 19908 20058 0.00814775
18541 20437 20538 0.00544739
18581 20315 20369 0.00290619
18194 20370 20362 -0.000439705
17856 20334 20315 -0.00106407
18274 20529 20307 -0.0121484
18148 19654 19747 0.00512453
17986 19852 19917 0.00361392
18188 20479 20320 -0.00874203
18428 20293 20103 -0.0103104
17427 20354 20453 0.00568084
18406 20484 20516 0.00173856
17965 20438 20737 0.0166435
18867 20623 20623 0
17880 20933 20841 -0.00514541
18012 19850 19850 0
18775 21035 21035 0
17980 19997 19997 0
18423 20142 20211 0.00374532
17577 19929 20050 0.006884
18346 19933 19933 0
18223 20770 20770 0
17181 20578 20578 0
18175 20421 20411 -0.000550206
18101 19855 19929 0.00408817
18252 21073 20869 -0.0111769
18893 20063 20059 -0.000211719
17983 20230 20230 0
17678 20267 20290 0.00130105
18547 21281 21340 0.00318111
19306 21550 21536 -0.000725163
17628 20393 20382 -0.000624007
18039 20803 20775 -0.00155219
17758 19660 19728 0.00382926
18092 19853 19866 0.00071855
18563 20569 20576 0.000377094
18718 20635 20508 -0.00678491
18439 20732 20774 0.00227778
18630 21598 21598 0
18691 21131 21085 -0.00246108
18241 20973 20968 -0.000274108
17212 19686 19775 0.00517081
17848 20252 20234 -0.00100852
18686 20472 20529 0.00305041
17752 20289 20293 0.000225327
17949 20154 20079 -0.00417851
17673 20467 20459 -0.000452668
17729 20307 20471 0.00925038
18839 20323 20314 -0.000477732
17079 19836 19792 -0.00257626
18082 20366 20201 -0.0091251
18113 20227 20227 0
18459 20412 20541 0.00698846
18941 21012 21067 0.00290375
17490 20636 20636 0
17802 20166 20217 0.00286485
18384 21071 21082 0.000598346
18349 20809 20895 0.0046869
18008 20048 20383 0.0186028
17379 19718 19689 -0.00166868
17938 20320 20320 0
18661 20258 20242 -0.000857403
18629 20785 20785 0
17925 20390 20366 -0.00133891
17778 19866 19661 -0.0115311
18451 20548 20360 -0.0101891
18212 20362 20269 -0.00510652
17719 20747 20728 -0.0010723
18467 21292 21299 0.000379055
17919 20305 20305 0
17875 20665 20634 -0.00173427
19015 21057 21057 0
17710 20009 20085 0.00429136
18004 20856 20868 0.000666519
18375 20972 21060 0.00478912
17677 20843 20843 0
18131 21035 21078 0.00237163
19783 21535 21695 0.00808775
18646 20492 20605 0.00606028
17196 20044 20131 0.00505932
18099 20394 20429 0.00193381
17548 19460 19460 0
18195 20641 20641 0
17100 20043 19966 -0.00450292
17559 20250 20360 0.00626459
18655 20794 20794 0
17807 20299 20246 -0.00297636
17197 20244 20246 0.000116299
17537 20515 20469 -0.00262303
17946 20112 20131 0.00105873
18583 20583 20577 -0.000322876
18102 20080 20057 -0.00127058
18393 20372 20345 -0.00146795
17677 20825 20830 0.000282853
17725 20074 20232 0.00891396
18041 20187 20412 0.0124716
18544 20558 20558 0
18475 19893 19885 -0.000433018
18457 20367 20380 0.00070434
18832 20559 20520 -0.00207094
19013 20723 20726 0.000157787
17315 20430 20431 5.77534e-05
17815 20945 20945 0
17486 19810 19773 -0.00211598
18903 20585 20623 0.00201026
18249 20671 20671 0
18158 19859 19918 0.00324926
18067 20262 20414 0.00841313
18250 20469 20403 -0.00361644
17813 20291 20097 -0.0108909
17896 20327 20241 -0.00480554
18343 20232 20307 0.00408875
18838 20686 20713 0.00143327
19312 20776 20685 -0.0047121
17831 20692 20787 0.0053278
17631 20355 20289 -0.00374341
18264 20286 20286 0
17991 19486 19528 0.0023345
18109 19821 19857 0.00198796
19434 21023 21023 0
17896 19738 19717 -0.00117345
18838 20572 20572 0
16959 20462 20462 0
17869 20352 20352 0
18727 20347 20347 0
17859 20165 20119 -0.00257573
17660 20292 20377 0.00481314
17782 20742 20742 0
17369 19999 19935 -0.00368473
19172 20740 20767 0.0014083
17042 19573 19237 -0.019716
18203 20617 20656 0.0021425
18723 20834 20855 0.00112162
18872 21059 21059 0
16697 20420 20346 -0.00443193
17463 20588 20634 0.00263414
18019 20172 20180 0.000443976
17738 19809 19824 0.000845642
17309 19935 20069 0.00774164
18116 20147 20066 -0.00447119
18788 20524 20529 0.000266127
18004 20274 20105 -0.0093868
18727 20500 20487 -0.000694185
18080 19902 19870 -0.00176991
17965 20667 20666 -5.56638e-05
17723 20098 20105 0.000394967
17779 20185 20287 0.00573711
17087 20256 20227 -0.0016972
19164 20815 20786 -0.00151325
17385 20376 20364 -0.00069025
17791 20389 20194 -0.0109606
18364 20712 20669 -0.00234154
19233 21056 21007 -0.0025477
17706 20153 20184 0.00175082
18431 20975 20980 0.000271282
17855 19661 19689 0.00156819
18660 20386 20348 -0.00203644
18184 20289 20285 -0.000219974
18796 20403 20507 0.00553309
18056 21058 20897 -0.0089167
17669 20305 20148 -0.00888562
17905 19722 19722 0
17858 19713 19694 -0.00106395
17417 20242 20240 -0.00011483
17357 20223 20210 -0.000748977
18231 20417 20298 -0.00652734
17834 19730 19714 -0.000897163
17379 20271 20178 -0.00535129
18010 19728 19719 -0.000499722
17876 19842 20034 0.0107407
18039 20320 20320 0
17922 20528 20528 0
17765 19923 19891 -0.00180129
18411 20926 20974 0.00260714
17864 20614 20476 -0.00772503
18324 20388 20181 -0.0112967
17776 20428 20370 -0.00326283
18447 20298 20331 0.00178891
18172 20747 20748 5.50297e-05
17334 19859 19877 0.00103842
17685 20035 19978 -0.00322307
17535 19857 19632 -0.0128315
17593 19615 19643 0.00159154
19270 20774 20763 -0.000570835
18437 20614 20654 0.00216955
17807 21134 21134 0
17560 19613 19683 0.00398633
18405 20922 20948 0.00141266
17798 20093 20300 0.0116305
18324 19966 19966 0
18971 21115 21112 -0.000158136
18004 20064 20064 0
17421 19819 19823 0.000229608
18427 21458 21458 0
17996 20235 19989 -0.0136697
17926 19966 19966 0
19038 21283 21271 -0.000630318
18421 19987 20011 0.00130286
17121 19738 19915 0.0103382
17879 19661 19529 -0.00738296
18306 20197 20104 -0.0050803
17994 20708 20716 0.000444593
17413 20102 20045 -0.00327342
17722 21124 21124 0
17825 20504 20527 0.00129032
18364 20646 20760 0.0062078
17854 19713 19764 0.0028565
17507 20042 20102 0.0034272
18593 20718 20697 -0.00112946
18457 20198 20100 -0.00530964
17859 20605 20565 -0.00223977
17947 19790 19882 0.0051262
17561 20529 20667 0.00785832
18337 20932 20932 0
18723 20557 20613 0.00299097
18296 20770 20630 -0.00765195
18574 20673 20712 0.00209971
17897 19700 19578 -0.00681678
17970 20302 20302 0
17978 19868 19868 0
18156 20397 20362 -0.00192774
17465 20154 20161 0.000400802
17810 20659 20339 -0.0179674
17742 20788 20611 -0.00997633
16924 19712 19712 0
17229 19944 19935 -0.000522375
18065 20484 20450 -0.00188209
16891 19841 19810 -0.0018353
18396 20302 20282 -0.00108719
17775 19822 20071 0.0140084
17726 19911 20301 0.0220016
18104 20332 20245 -0.00480557
18009 20612 20612 0
18014 20510 20573 0.00349728
18520 20565 20769 0.0110151
17890 19963 20057 0.00525433
17452 20253 20253 0
17799 20814 20799 -0.000842744
18756 20656 20570 -0.0045852
18326 20565 20599 0.00185529
17497 19929 19856 -0.00417214
18042 20030 20015 -0.000831393
18314 20061 20284 0.0121765
18633 20634 20634 0
17848 19658 19596 -0.00347378
18619 20069 20031 -0.00204093
18784 20449 20641 0.0102215
18619 20380 20380 0
18677 20780 20765 -0.000803127
17507 20243 20188 -0.0031416
17617 19681 19756 0.00425725
17803 20056 20044 -0.000674044
17639 19413 19413 0
18419 20513 20564 0.00276888
17929 20118 20141 0.00128284
18081 20961 20936 -0.00138267
17524 20185 20302 0.00667656
17971 20508 20380 -0.00712259
18546 20693 20587 -0.00571552
18455 21037 20631 -0.0219995
18299 21084 20935 -0.00814252
18485 20708 20733 0.00135245
18321 20176 20176 0
18330 20265 20423 0.00861975
17497 20853 20853 0
17695 19717 19578 -0.00785533
17184 20115 19947 -0.00977654
18584 20614 20614 0
18554 20381 20364 -0.000916244
18792 20303 19966 -0.0179332
18511 20538 20539 5.40219e-05
18261 20880 20880 0
18073 20478 20415 -0.00348586
17727 19881 19857 -0.00135387
18069 20292 20283 -0.000498091
18636 20714 20911 0.0105709
16951 19274 19120 -0.00908501
18260 20467 20402 -0.00355969
18410 20474 20243 -0.0125475
18387 21050 21077 0.00146843
18696 20217 20217 0
17927 20188 19980 -0.0116026
18223 20988 20998 0.000548757
17577 20025 19969 -0.00318598
17375 20006 19987 -0.00109353
18613 21061 21020 -0.00220276
17175 20681 20699 0.00104803
18108 19894 19909 0.000828363
17603 20760 20743 -0.000965744
18120 20823 20530 -0.01617
17915 20518 20518 0
18007 20293 20181 -0.0062198
18279 19912 19935 0.00125827
18195 20244 20382 0.0075845
18427 20936 21060 0.00672926
17356 19828 19799 -0.00167089
17471 19932 19986 0.00309084
18442 21127 21153 0.00140983
18249 20254 20456 0.0110691
17452 20346 20375 0.0016617
18212 20839 20792 -0.00258072
18864 21113 21113 0
18318 20644 20608 -0.00196528
17728 20333 20333 0
18111 21105 21055 -0.00276075
17522 20423 20334 -0.00507933
18132 20675 20705 0.00165453
19124 20735 20736 5.22903e-05
16668 19479 18987 -0.0295176
18066 20056 19837 -0.0121222
18055 20779 20789 0.000553863
18750 20155 20211 0.00298667
17894 20225 20448 0.0124623
18471 20467 20467 0
18838 20592 20507 -0.00451216
18506 20431 20295 -0.00734897
16961 19639 19686 0.00277106
18471 20652 20396 -0.0138596
18285 20731 20701 -0.00164069
18481 21067 21185 0.00638494
17949 20881 20932 0.00284138
18647 20664 20787 0.00659624
17931 20724 20778 0.00301154
18059 20063 20102 0.00215959
17491 20822 20822 0
18137 20958 20981 0.00126813
17689 20292 19927 -0.0206343
18272 20174 20140 -0.00186077
17745 20452 20419 -0.00185968
19449 20925 20872 -0.00272508
18425 20742 20812 0.00379919
18462 20520 20520 0
18325 20623 20490 -0.00725784
18337 20608 20663 0.0029994
18423 20695 20695 0
18219 20398 20358 -0.00219551
17395 20194 20194 0
18309 21178 21172 -0.000327708
18494 20042 20142 0.00540716
17678 19896 19896 0
18507 20928 20953 0.00135084
17946 20342 20297 -0.00250752
18178 20694 20835 0.00775663
17368 19893 19835 -0.00333947
18010 20717 20888 0.00949473
18193 20128 20125 -0.000164899
18335 20144 20093 -0.00278157
17568 19947 19947 0
17855 20781 20803 0.00123215
18351 20327 20144 -0.00997221
17778 19940 19936 -0.000224997
18895 20560 20577 0.000899709
18908 20908 21056 0.00782737
17833 20529 20382 -0.00824314
18485 20122 20122 0
19247 20513 20787 0.014236
18512 20898 20880 -0.000972342
18304 20226 20314 0.00480769
18871 21466 21395 -0.00376239
17413 20267 20366 0.00568541
17938 20080 20122 0.0023414
18417 21608 21489 -0.00646142
19017 21024 21084 0.00315507
19047 21060 21102 0.00220507
17474 20016 20016 0
17976 20591 20532 -0.00328215
18065 20887 20830 -0.00315527
18460 20925 20991 0.0035753
17517 20613 20531 -0.00468117
17475 20035 20304 0.0153934
17903 20180 20180 0
17722 20363 20327 -0.00203137
18338 20541 20533 -0.000436253
18879 20813 20822 0.00047672
17723 19743 20090 0.0195791
18096 20728 20883 0.00856543
17000 20255 20291 0.00211765
17639 19399 19413 0.000793696
18333 20639 20554 -0.00463645
17933 19993 19649 -0.0191825
18157 20578 20620 0.00231316
17654 20320 20423 0.00583437
