35679 40523 40523 0
34374 39995 40001 0.000174551
36132 40885 40468 -0.011541
34890 41174 41174 0
35894 40398 40514 0.00323174
36835 40672 40672 0
35566 41452 41452 0
36558 42197 42197 0
35824 40668 40451 -0.00605739
36039 39850 39854 0.000110991
36178 40361 40399 0.00105036
35542 40433 40435 5.62715e-05
34730 39603 39603 0
36154 42119 42059 -0.00165957
36610 40979 40726 -0.00691068
35480 39338 39329 -0.000253664
36475 40728 40527 -0.00551062
35976 40341 40355 0.000389148
35565 40183 40360 0.0049768
35495 40343 40413 0.00197211
36851 41642 41525 -0.00317495
35676 39741 39619 -0.00341967
34622 39169 39169 0
36266 40051 40196 0.00399824
36323 40561 40561 0
34579 40609 40688 0.00228462
37358 40072 40072 0
35983 41549 41549 0
36108 39400 39400 0
35689 40449 40494 0.00126089
35905 41118 41118 0
36388 41041 41041 0
35644 40705 40721 0.000448883
36108 38918 38967 0.00135704
34691 40328 40380 0.00149895
37212 40413 40169 -0.00655702
35837 40086 40128 0.00117197
37116 41063 41571 0.0136868
35845 40773 41167 0.0109918
36900 40719 40616 -0.00279133
37656 41323 41073 -0.00663905
36255 40789 40885 0.00264791
36684 40475 40376 -0.00269872
37012 40332 40506 0.00470118
34812 39765 39577 -0.00540044
37210 41806 41823 0.000456866
36131 40806 40955 0.00412388
34935 40525 40557 0.000915987
36963 39729 39708 -0.000568136
36224 40703 40703 0
35591 39397 39397 0
34556 40388 40434 0.00133117
33814 39988 39902 -0.00254333
36163 41358 40479 -0.0243066
37033 40623 40743 0.00324035
36975 40342 40223 -0.00321839
35245 40323 40268 -0.00156051
37283 41627 41614 -0.000348684
35160 40258 40292 0.000967008
35420 39366 39460 0.00265387
36398 39993 39847 -0.00401121
34573 40120 39911 -0.00604518
36904 42196 41421 -0.0210004
39648 42440 42244 -0.0049435
34576 37881 37855 -0.000751967
35502 39379 39459 0.00225339
37354 40400 40293 -0.00286449
36007 40931 41237 0.00849835
35362 39441 39632 0.00540128
35265 39998 39998 0
34572 39511 39511 0
35089 39036 39253 0.00618427
35512 41420 41405 -0.000422392
36766 41259 41259 0
34452 39856 39856 0
34587 38764 38689 -0.00216844
36787 39589 39873 0.00772012
36483 40203 40290 0.00238467
34132 40452 40452 0
36641 41134 41261 0.00346606
35105 38635 38528 -0.003048
36475 40276 40232 -0.00120631
35413 40395 40274 -0.00341682
36125 40136 40012 -0.00343253
35235 39817 39886 0.00195828
36201 40093 40336 0.00671252
36751 39957 39978 0.000571413
36193 40812 40599 -0.00588512
36634 42329 42238 -0.00248403
37011 41468 41521 0.00143201
37487 41760 41661 -0.00264092
35946 41158 40985 -0.00481277
33609 40965 40496 -0.0139546
35929 40169 40051 -0.00328426
36632 41358 41424 0.0018017
36230 39777 39789 0.000331217
35237 40667 40504 -0.00462582
34975 41026 41085 0.00168692
36806 40439 40343 -0.00260827
35359 38754 38912 0.00446845
36482 40952 40656 -0.00811359
37416 40573 40740 0.00446333
36057 41285 41364 0.00219098
34880 40060 39978 -0.00235092
35830 40898 40884 -0.000390734
37448 41970 42122 0.00405896
34173 39905 40055 0.00438943
34714 40011 40164 0.00440744
36332 39923 39923 0
36123 41805 41523 -0.00780666
36416 40347 40230 -0.00321287
35632 40045 39991 -0.00151549
36815 40904 40901 -8.14885e-05
34849 40092 40073 -0.000545209
34022 38414 38464 0.00146964
35851 39977 40011 0.00094837
36453 39071 38983 -0.00241407
37107 40899 40958 0.00159
37377 42589 42589 0
36372 40138 40095 -0.00118223
35062 41422 41221 -0.0057327
35273 40622 40622 0
35201 40922 40713 -0.00593733
35689 39475 39527 0.00145703
36601 40620 40620 0
33900 40150 40162 0.000353982
35109 39055 39122 0.00190834
35452 40899 41078 0.00504908
36102 39788 39865 0.00213285
36917 40875 40749 -0.00341306
37710 41668 41668 0
36471 41312 41603 0.00797894
35116 39929 39908 -0.000598018
35957 41097 40914 -0.00508941
36737 41419 41739 0.00871056
35440 40479 40479 0
36878 41615 41743 0.0034709
37517 41228 41221 -0.000186582
35039 39786 39588 -0.00565085
36693 40307 40307 0
34867 39105 39130 0.00071701
35126 40232 40514 0.00802824
34710 38104 38469 0.0105157
34686 39878 39643 -0.00677507
35047 39717 39535 -0.00519303
36080 40555 40591 0.000997783
36409 40353 40472 0.00326842
34338 40102 40122 0.000582445
36873 41884 41764 -0.00325441
34713 39819 39925 0.00305361
35400 41102 41097 -0.000141243
36290 39947 40004 0.00157068
36427 39425 39524 0.00271776
35184 39793 39860 0.00190427
35788 40294 40788 0.0138035
37661 40817 40815 -5.31053e-05
33882 39774 39822 0.00141668
35869 39800 39808 0.000223034
35611 41152 41228 0.00213417
36755 39946 39749 -0.00535981
36524 41073 41109 0.000985653
35961 41422 41271 -0.00419899
36205 40711 40664 -0.00129816
36582 41356 41398 0.00114811
35665 39318 39200 -0.00330857
34762 40040 40243 0.00583971
35452 40123 40186 0.00177705
36120 40220 40244 0.000664452
35009 40202 40367 0.00471307
35720 40864 40697 -0.00467525
35427 40387 40380 -0.000197589
36629 40516 40541 0.000682519
36237 40224 40198 -0.000717499
34804 39736 39804 0.0019538
36844 41759 41625 -0.00363696
36902 41360 41404 0.00119235
37174 42124 42093 -0.000833916
35134 39811 39625 -0.00529402
35260 40719 40719 0
35055 40951 40951 0
37820 41967 41990 0.000608144
35412 40344 40287 -0.00160962
36209 40418 40418 0
34803 40031 40150 0.00341925
35946 41436 41436 0
36092 42071 42079 0.000221656
34940 39369 39369 0
34616 40075 40075 0
35094 40451 40495 0.00125378
36004 40999 41214 0.00597156
36086 39640 39680 0.00110846
35216 41362 41446 0.00238528
37727 40572 40772 0.00530124
35871 41451 41170 -0.00783363
36800 40904 40865 -0.00105978
34462 39201 39397 0.00568742
36076 41037 41139 0.00282736
34942 39692 39788 0.00274741
35871 39796 39748 -0.00133813
34462 39992 40330 0.0098079
37654 42738 42556 -0.00483348
35782 40858 40766 -0.00257113
35602 40402 40402 0
35160 41944 41969 0.000711035
36734 40994 40926 -0.00185115
35224 39361 38978 -0.0108733
35475 40868 40868 0
34318 41165 41165 0
35655 40149 40192 0.001206
34787 40404 40540 0.00390951
33152 38985 38965 -0.000603282
37568 41890 41902 0.000319421
35408 40281 40175 -0.00299367
35672 41129 41201 0.00201839
36059 40064 40446 0.0105937
35581 40068 40110 0.00118041
35787 39609 39307 -0.00843882
35791 40621 40621 0
36210 39988 40076 0.00243027
35095 40577 40639 0.00176663
36300 41572 41572 0
34062 39462 39844 0.0112148
36846 41659 41525 -0.00363676
34859 39440 39440 0
37225 42081 42093 0.000322364
36411 40549 40432 -0.00321331
38004 40891 40892 2.6313e-05
35547 39513 39389 -0.00348834
34153 39902 40252 0.010248
35202 40760 40026 -0.0208511
36964 41595 41741 0.00394979
35395 40019 39709 -0.0087583
35331 41772 41538 -0.00662308
35142 39421 39087 -0.0095043
36526 39827 39891 0.00175218
34463 39021 38639 -0.0110844
35867 40434 40193 -0.00671927
35461 39725 39803 0.0021996
35826 40839 40569 -0.00753643
35814 39985 39985 0
35615 39845 40274 0.0120455
34529 39969 39876 -0.00269339
34507 39432 39331 -0.00292694
35243 40283 40104 -0.00507902
36578 41947 41947 0
38281 41837 41642 -0.00509391
33721 40045 39441 -0.0179117
34334 39390 39499 0.0031747
34882 40674 40223 -0.0129293
35339 39915 39761 -0.00435779
34567 39267 39267 0
36459 40811 40744 -0.00183768
36936 40630 40706 0.00205761
34857 38285 38603 0.00912299
34319 39465 39351 -0.00332178
35525 39357 39467 0.00309641
33769 40127 40431 0.00900234
36490 40146 40194 0.00131543
35513 40543 40543 0
35255 40787 40787 0
35790 39329 39506 0.00494552
36412 40019 39707 -0.0085686
35802 40682 40682 0
34940 40014 39931 -0.0023755
37403 40519 40449 -0.00187151
34246 39721 39965 0.00712492
35942 40153 40153 0
36439 41470 41504 0.000933066
36677 41335 41101 -0.00638002
35187 39046 39162 0.00329667
36156 40729 40958 0.00633367
33862 38811 38735 -0.0022444
33505 39651 39647 -0.000119385
37021 41037 40844 -0.00521326
36892 41433 41843 0.0111135
36287 40819 40579 -0.00661394
36781 41456 41676 0.00598135
33755 38199 38199 0
36533 41344 41364 0.00054745
35234 40092 39879 -0.0060453
37803 40766 40766 0
34419 38276 38532 0.00743775
35744 39828 39800 -0.000783348
35448 41403 41352 -0.00143873
35602 39657 39734 0.0021628
36125 40525 40582 0.00157785
34286 38919 38590 -0.00959575
37814 41853 41466 -0.0102343
37047 40961 41076 0.00310416
37098 40376 40382 0.000161734
36889 40700 39962 -0.020006
34697 40230 40007 -0.00642707
34569 40163 40338 0.00506234
35727 40257 40122 -0.00377865
35502 40566 40706 0.00394344
35004 39686 39721 0.000999886
37005 42377 42451 0.00199973
35711 40551 40171 -0.010641
37751 41785 41947 0.00429128
36907 40807 40587 -0.00596093
35646 38878 38902 0.000673287
36581 40586 40803 0.00593204
36753 40114 40151 0.00100672
35539 41327 41327 0
34278 39080 38959 -0.00352996
36192 39678 39700 0.000607869
36548 41217 41197 -0.000547226
35995 40216 40216 0
36433 39967 39751 -0.00592869
36610 39582 39579 -8.19448e-05
35071 40536 40537 2.85136e-05
35180 39383 39320 -0.00179079
35864 39684 39580 -0.00289984
35639 40693 40901 0.0058363
35921 40618 40518 -0.00278389
37307 41861 41947 0.0023052
35728 41950 41950 0
34085 39497 39497 0
36349 39738 39661 -0.00211835
33336 38434 38298 -0.00407967
35294 38978 39060 0.00232334
32750 38213 38163 -0.00152672
36384 40565 40447 -0.00324318
36668 40896 40921 0.000681793
37099 41125 41125 0
35379 40279 40396 0.00330705
35784 41348 41546 0.0055332
35836 39917 39432 -0.0135339
36120 38997 39274 0.00766888
36761 40793 40536 -0.0069911
35931 39466 39559 0.00258829
35750 39286 39361 0.0020979
35883 40766 40665 -0.0028147
36538 40601 40618 0.000465269
35643 38897 38820 -0.00216031
35989 40402 40412 0.000277863
35874 40238 40238 0
36871 42221 42199 -0.000596675
35181 39873 39815 -0.00164862
37159 40855 40900 0.00121101
34211 39861 39783 -0.00227997
35887 40059 39965 -0.00261933
36290 40572 40594 0.000606228
34595 40697 40469 -0.00659055
33942 39911 39956 0.00132579
36806 41105 41192 0.00236375
36645 40715 40720 0.000136444
36014 40687 40581 -0.0029433
33623 39047 38963 -0.00249829
34458 39335 39142 -0.00560102
36284 41789 41789 0
37188 40284 40238 -0.00123696
35793 40127 40064 -0.00176012
35012 39086 39198 0.0031989
35164 39498 39468 -0.000853145
36439 40610 40388 -0.00609237
36263 38820 38794 -0.000716984
34675 39779 40483 0.0203028
36946 40176 40176 0
36469 40065 40033 -0.000877458
34748 39316 39287 -0.00083458
36663 41505 41505 0
36152 41018 41011 -0.000193627
36855 41626 41504 -0.00331027
36633 42063 42099 0.00098272
36338 40710 40697 -0.000357752
35204 39278 39219 -0.00167595
35658 41001 40986 -0.000420663
35342 40283 40283 0
35657 41556 41674 0.00330931
39347 41845 41806 -0.000991181
34383 40233 40248 0.000436262
34979 39466 39489 0.000657537
38726 41662 41615 -0.00121365
35660 40546 40649 0.00288839
35371 41062 40863 -0.00562608
36057 40719 40690 -0.000804282
36379 40650 39897 -0.0206988
35673 40064 39839 -0.00630729
36547 41264 41225 -0.00106712
35795 39857 39903 0.0012851
35448 39909 40061 0.00428797
35542 39730 39588 -0.00399527
38101 41670 41746 0.0019947
34713 39494 39494 0
34077 39360 39581 0.00648531
34643 41045 41089 0.0012701
35140 40241 40222 -0.000540694
36237 40728 40389 -0.00935508
35146 41084 41523 0.0124908
36217 39999 40000 2.76113e-05
37177 40641 40910 0.00723566
36461 39449 39496 0.00128905
34549 41002 40977 -0.00072361
36312 40591 40584 -0.000192774
35776 41045 40780 -0.0074072
35621 40134 40149 0.0004211
35194 39707 39510 -0.00559755
34245 40326 40333 0.000204409
34173 39889 39691 -0.00579405
36773 40304 40271 -0.000897398
34764 39851 39925 0.00212864
34427 39911 39927 0.000464752
33826 38357 38383 0.00076864
33980 40857 40814 -0.00126545
35591 39057 39640 0.0163805
35717 40461 40349 -0.00313576
34683 39650 39727 0.00222011
36932 41755 42123 0.00996426
35427 39328 39222 -0.00299207
35504 40419 40369 -0.00140829
37231 40008 40242 0.00628509
36068 40408 39870 -0.0149163
35906 41077 41089 0.000334206
36459 40413 40421 0.000219425
35199 40498 40436 -0.00176141
37250 41942 41927 -0.000402685
34781 39545 39509 -0.00103505
36321 40845 40865 0.000550646
35859 39098 39060 -0.00105971
35971 41029 40533 -0.0137889
34426 40529 40529 0
35442 40854 40469 -0.0108628
37231 40661 40661 0
36050 40233 40145 -0.00244105
37037 41409 41429 0.000540001
36798 40512 40675 0.00442959
36284 40897 40911 0.000385845
34877 40454 40316 -0.00395676
38030 40274 39822 -0.0118854
36556 40770 40656 -0.0031185
37060 41959 42247 0.00777118
35913 40792 40979 0.00520703
35043 39434 39328 -0.00302486
35460 39216 39180 -0.00101523
34885 40213 40424 0.00604844
35800 39610 39567 -0.00120112
34882 39687 39462 -0.00645032
37450 40100 39910 -0.00507343
35998 40836 40497 -0.00941719
35732 39650 39619 -0.00086757
36238 39864 39861 -8.2786e-05
35005 38923 38760 -0.00465648
37139 40160 40211 0.00137322
35021 40466 40479 0.000371206
35808 39197 39343 0.0040773
35367 40716 40788 0.0020358
36487 40224 40781 0.0152657
34514 40241 40104 -0.0039694
35954 40658 40758 0.00278133
37730 41206 41091 -0.00304797
36514 40031 40333 0.0082708
36200 39938 40037 0.00273481
35344 40701 40701 0
37022 40501 40501 0
37571 41564 41532 -0.000851721
38043 41882 42206 0.00851668
37399 39964 39914 -0.00133693
35998 40182 39947 -0.00652814
36384 40609 40881 0.00747581
35101 40301 40301 0
35354 39892 39872 -0.000565707
37069 40699 40757 0.00156465
36416 39482 39482 0
35979 40085 40175 0.00250146
36541 41995 41987 -0.000218932
37158 42445 42445 0
35387 40124 39899 -0.00635827
36545 41039 41045 0.000164181
36489 40404 40536 0.00361753
36440 39915 40050 0.00370472
35346 39672 39707 0.000990211
34612 39767 39210 -0.0160927
34843 41247 41227 -0.000574003
33388 38309 38270 -0.00116808
37371 40525 40525 0
35231 39073 39073 0
35320 39916 40211 0.00835221
37288 40769 40786 0.000455911
35151 39824 40062 0.00677079
37010 41321 41394 0.00197244
35198 39863 39837 -0.000738678
36473 40521 40566 0.00123379
35819 39674 39598 -0.00212178
35821 40364 40422 0.00161916
38526 41050 41372 0.00835799
35979 40768 40750 -0.000500292
35828 40527 40565 0.00106062
33567 39638 39544 -0.00280037
35707 40171 39963 -0.00582519
36529 41497 41347 -0.00410633
36392 39442 39392 -0.00137393
36084 39259 39459 0.00554262
36311 41080 40955 -0.00344248
35720 39531 39421 -0.00307951
37141 40441 40409 -0.000861582
35505 40097 40845 0.0210675
36245 40714 40365 -0.00962891
35056 40296 40159 -0.00390803
34862 40260 40260 0
33527 39195 39545 0.0104393
36906 41847 41847 0
36156 39589 39972 0.010593
34443 38158 37985 -0.00502279
35956 39158 39124 -0.0009456
33596 39475 39363 -0.00333373
37809 41907 41907 0
35474 40243 40215 -0.00078931
35707 42161 42193 0.000896183
35245 40285 40343 0.00164562
35587 38839 38839 0
36044 40292 40387 0.00263567
36067 41122 41219 0.00268944
38018 40738 40867 0.00339313
37658 41234 41269 0.000929417
36367 40488 40488 0
36436 40725 40595 -0.0035679
36499 40705 40793 0.00241102
35515 39508 39757 0.00701112
37233 40676 40676 0
36138 40301 40355 0.00149427
34588 39196 39360 0.00474153
35123 38840 38614 -0.00643453
36282 41036 41036 0
36241 39551 39210 -0.00940923
35119 39187 38889 -0.00848544
35187 39181 39181 0
37032 40702 40682 -0.000540073
35468 39133 39222 0.0025093
37683 41868 41853 -0.000398057
36048 40269 40130 -0.00385597
36447 40323 40322 -2.74371e-05
35805 41333 41416 0.00231811
35375 38575 38495 -0.00226148
34525 40253 40253 0
36619 40732 40699 -0.000901172
37035 40704 40704 0
35425 40163 40162 -2.82287e-05
35030 38725 38598 -0.00362546
36326 40781 40684 -0.00267026
33862 40282 40022 -0.00767822
35102 38534 39057 0.0148994
35852 39843 39843 0
35187 40018 40018 0
36393 40443 40434 -0.0002473
35808 39750 40064 0.00876899
37341 40384 40548 0.00439196
36240 40945 40968 0.000634658
36278 41935 42009 0.0020398
37343 41108 41318 0.00562354
35504 40271 40272 2.81658e-05
34924 40886 40621 -0.00758791
34560 40316 40325 0.000260417
36436 40599 40315 -0.00779449
35528 40407 40394 -0.000365909
35420 40640 40700 0.00169396
37572 40716 40857 0.00375279
36148 39639 39328 -0.00860352
33638 40196 40196 0
37052 40026 40026 0
34138 39038 39566 0.0154666
35818 40662 40643 -0.00053046
36811 41856 41512 -0.00934503
35080 40696 40703 0.000199544
35807 41384 41573 0.0052783
34481 39162 39065 -0.00281314
35848 39366 39489 0.00343115
36506 40854 40947 0.00254753
36894 40712 40731 0.000514989
36113 40296 40296 0
37446 40812 41312 0.0133526
36907 41719 41719 0
35884 40523 40420 -0.00287036
35852 40212 40668 0.012719
35572 40976 40751 -0.0063252
37205 41183 41117 -0.00177396
36416 40259 39638 -0.0170529
33839 39321 39090 -0.00682644
35289 40075 39989 -0.00243702
35131 39513 39745 0.00660385
34883 40220 40201 -0.000544678
36039 38968 38968 0
37589 41639 41669 0.000798106
33201 39023 39023 0
37068 41679 41679 0
35264 40460 40692 0.00657895
34649 39017 38904 -0.00326128
35301 40486 40486 0
35981 39844 40296 0.0125622
35750 39857 39896 0.00109091
37239 42090 42115 0.000671339
35261 40008 39879 -0.00365843
34784 39335 39275 -0.00172493
35288 39034 39295 0.00739628
35770 40516 40720 0.0057031
34736 39264 39059 -0.00590166
35451 39854 39465 -0.0109729
36755 40664 40776 0.0030472
35652 40251 40154 -0.00272074
34826 42087 42185 0.00281399
33837 38519 38519 0
34327 40527 40527 0
35693 39204 39309 0.00294175
36765 40854 40854 0
35614 39891 39895 0.000112315
33521 40448 40279 -0.00504162
36700 41004 41148 0.00392371
34333 40075 40166 0.00265051
35977 40641 40668 0.000750479
36199 40973 41169 0.00541451
35052 40541 40541 0
35473 39593 39618 0.000704761
35034 39507 39485 -0.000627961
36383 40343 39933 -0.011269
35047 39346 39318 -0.000798927
37153 39379 39550 0.00460259
34864 40284 40084 -0.00573658
33801 39611 39640 0.000857963
36429 39405 39702 0.00815285
36720 40481 40685 0.00555556
36780 40223 40335 0.00304513
36022 40339 40321 -0.000499695
35357 40257 40259 5.65659e-05
36207 40677 40239 -0.0120971
35930 38917 39101 0.00512107
35626 39329 39464 0.00378937
36012 40586 40262 -0.008997
36513 40206 39844 -0.00991428
34496 40322 40505 0.00530496
36429 40567 40628 0.00167449
35592 40578 41103 0.0147505
37373 40867 40867 0
35399 41477 41286 -0.00539563
35666 39312 39312 0
37166 41663 41663 0
35610 39601 39601 0
36482 40235 40019 -0.00592073
34804 39471 39704 0.00669463
36324 39453 39453 0
36084 41149 41149 0
34002 40761 40761 0
35989 40459 40435 -0.00066687
35844 39332 39466 0.00373842
36163 41763 41352 -0.0113652
37430 39745 39737 -0.000213732
35624 40078 40078 0
35023 40153 40201 0.00137053
36760 42196 42312 0.0031556
38267 42703 42670 -0.000862362
34876 40335 40340 0.000143365
35738 41180 41180 0
35155 38909 39044 0.00384014
35814 39315 39342 0.000753895
36768 40757 41033 0.00750653
37075 40877 40624 -0.00682401
36489 41051 41125 0.00202801
36894 42784 42784 0
37017 41903 41773 -0.0035119
36105 41472 41547 0.00207727
34083 39003 39180 0.0051932
35346 40141 40049 -0.00260284
36980 40539 40648 0.00294754
35146 40176 40185 0.000256075
35566 39965 39788 -0.00497666
34989 40538 40640 0.0029152
35110 40236 40562 0.0092851
37308 40260 40244 -0.000428862
33812 39287 39208 -0.00233645
35825 40355 40024 -0.00923936
35882 40063 40063 0
36579 40453 40716 0.00718992
37513 41688 41726 0.00101298
34655 40916 40916 0
35253 39936 40051 0.00326213
36435 41782 41808 0.0007136
36328 41217 41378 0.00443184
35683 39742 40395 0.0183
34388 39027 38970 -0.00165755
35539 40266 40266 0
36959 40112 40086 -0.000703482
36894 41176 41176 0
35526 40411 40362 -0.00137927
35221 39691 38953 -0.0209534
36548 40714 40585 -0.0035296
36072 40338 40117 -0.00612664
35097 41102 41071 -0.000883266
36588 42205 42213 0.000218651
35480 40228 40228 0
35420 40964 40899 -0.00183512
37681 41736 41736 0
35082 39627 39791 0.00467476
35653 41321 41343 0.000617059
36418 41567 41741 0.00477786
35026 41266 41290 0.000685205
35895 41670 41484 -0.00518178
39188 42660 42982 0.0082168
36934 40631 40822 0.00517139
34038 39844 39478 -0.0107527
35871 40419 40505 0.00239748
34746 38539 38539 0
36039 40905 40905 0
33854 39425 39544 0.00351509
34762 39711 40329 0.017778
36921 41189 41187 -5.41697e-05
35266 40227 40106 -0.00343107
34002 40079 40082 8.82301e-05
34718 40625 40528 -0.00279394
35519 39856 39867 0.000309693
36814 40799 40782 -0.000461781
35847 39783 39720 -0.00175747
36416 40330 40274 -0.00153779
35026 41277 41290 0.000371153
35108 39772 40080 0.00877293
35734 39988 39984 -0.000111938
36713 40700 40700 0
36568 39390 39373 -0.000464887
36578 40380 40405 0.000683471
37308 40723 40645 -0.0020907
37672 41058 41072 0.000371629
34292 40472 40216 -0.0074653
35277 41479 41479 0
34601 39228 39157 -0.00205196
37456 40795 40862 0.00178877
36133 40947 40947 0
35929 39232 39419 0.00520471
35762 40113 40411 0.00833287
36140 40550 40420 -0.00359712
35253 40181 39782 -0.0113182
35451 40254 40089 -0.00465431
36319 40025 40238 0.0058647
37354 41025 41073 0.001285
38261 41167 40981 -0.00486135
35302 41097 41218 0.00342757
34918 40337 40192 -0.00415259
36175 40176 40176 0
35639 38593 38690 0.00272174
35872 39326 39326 0
38493 41644 41644 0
35447 39098 39054 -0.00124129
37304 40757 40753 -0.000107227
33569 40513 40513 0
35362 40317 40317 0
37082 40287 40132 -0.00417993
35336 39918 39826 -0.00260358
34974 40192 40364 0.00491794
35233 41109 41109 0
34389 39610 39477 -0.00386752
37971 41099 41148 0.00129046
33750 38769 38101 -0.0197926
36052 40838 40919 0.00224675
37086 41294 41334 0.00107857
37394 41735 41735 0
33081 40456 40313 -0.00432272
34596 40797 40892 0.00274598
35680 39955 39976 0.000588565
35100 39203 39239 0.00102564
34277 39480 39747 0.00778948
35855 39869 39869 0
37205 40644 40997 0.00948797
35646 40150 39826 -0.00908938
37098 40620 40603 -0.000458246
35815 39372 39358 -0.000390898
35577 40932 40934 5.62161e-05
35095 39803 39810 0.000199459
35207 39985 40181 0.00556707
33832 40100 40042 -0.00171435
37974 40905 41203 0.00784747
34396 40330 40304 -0.000755902
35233 40382 39996 -0.0109556
36389 40916 40954 0.00104427
38109 41709 41612 -0.00254533
35064 39917 39980 0.00179671
36499 41657 41565 -0.00252062
35356 38967 38996 0.000820229
36964 40387 40319 -0.00183963
35986 40164 40117 -0.00130606
37218 40397 40474 0.00206889
35741 41716 41396 -0.0089533
34985 40219 39911 -0.00880377
35460 39062 39062 0
35339 39020 38977 -0.00121679
34476 40072 40076 0.000116023
34362 40044 40103 0.00171701
36117 40471 40229 -0.00670045
35309 39076 39039 -0.00104789
34401 39903 39937 0.000988343
35659 39057 39042 -0.000420651
35397 39296 39690 0.0111309
35725 40250 40250 0
35486 40654 40659 0.000140901
35175 39352 39398 0.00130775
36458 41463 41555 0.00252345
35394 40848 40848 0
36293 40388 39981 -0.0112143
35205 40471 40463 -0.00022724
36548 40233 40337 0.00284557
35999 41108 41108 0
34312 39323 39356 0.000961763
35024 39685 39583 -0.00291229
34739 39347 38903 -0.012781
34816 38839 38883 0.00126379
38190 41173 41151 -0.000576067
36509 40844 40886 0.0011504
35257 41841 41841 0
34762 38825 38966 0.00405615
36488 41473 41596 0.00337097
35231 39953 40217 0.0074934
36275 39521 39521 0
37599 41859 41851 -0.000212772
35648 39741 39741 0
34495 39236 39249 0.000376866
36490 42503 42503 0
35611 40062 39567 -0.0139002
35500 39549 39549 0
37715 42158 42133 -0.000662866
36477 39587 39640 0.00145297
33896 39100 39432 0.00979467
35400 38937 38665 -0.00768362
36257 39998 39820 -0.0049094
35626 41014 41042 0.000785943
34482 39796 39687 -0.00316107
35090 41868 41868 0
35313 40628 40680 0.00147255
36378 40920 41144 0.00615757
35350 39048 39154 0.00299859
34661 39687 39804 0.00337555
36842 41069 41031 -0.00103143
36556 40013 39810 -0.00555312
35365 40824 40741 -0.00234695
35523 39378 39378 0
34786 40947 40947 0
36313 41478 41478 0
37098 40752 40959 0.00557982
36270 41168 40883 -0.00785773
36794 40966 41041 0.00203838
35390 38977 38732 -0.00692286
35610 40247 40247 0
35601 39344 39344 0
35941 40399 40324 -0.00208675
34590 39913 39931 0.000520382
35246 40914 40273 -0.0181865
35135 41189 40834 -0.0101039
33489 39042 39042 0
34106 39473 39473 0
35771 40573 40496 -0.00215258
33459 39325 39254 -0.002122
36415 40178 40139 -0.00107099
35205 39228 39784 0.0157932
35100 39429 40203 0.0220513
35866 40285 40113 -0.00479563
35652 40824 40824 0
35647 40619 40766 0.00412377
36669 40738 41125 0.0105539
35431 39536 39726 0.00536254
34538 40117 40117 0
35248 41235 41197 -0.00107808
37170 40928 40763 -0.00443906
36309 40948 40810 -0.00380071
34642 39484 39341 -0.00412794
35747 39701 39668 -0.000923154
36269 39733 40177 0.0122419
36889 40859 40859 0
35335 38934 38812 -0.00345267
36878 39758 39669 -0.00241336
37205 40504 40890 0.0103749
36836 40339 40339 0
36994 41168 41132 -0.000973131
34677 40099 39987 -0.00322981
34858 38957 38672 -0.00817603
35248 40252 39700 -0.0156605
34926 38419 38435 0.000458111
36505 40721 40768 0.00128749
35511 39854 39905 0.00143617
35799 41527 41474 -0.00148049
34708 39995 40226 0.00665553
35592 40638 40379 -0.00727692
36745 41001 40800 -0.00547013
36560 41684 40877 -0.0220733
36217 41755 41444 -0.00858713
36628 41038 41094 0.00152889
36286 39954 39954 0
36302 40191 40450 0.00713459
34641 41288 41288 0
35029 39045 38758 -0.00819321
34037 39849 39519 -0.00969533
36797 40831 40831 0
36741 40374 40343 -0.000843744
37234 40220 39539 -0.0182897
36654 40685 40687 5.45643e-05
36168 41359 41359 0
35786 40557 40434 -0.0034371
35134 39394 39351 -0.00122389
35789 40182 40149 -0.000922071
36923 41158 41444 0.00774585
33521 38232 37826 -0.0121118
36186 40575 40446 -0.00356491
36445 40546 40085 -0.0126492
36433 41709 41752 0.00118025
37008 40035 40035 0
35494 39990 39562 -0.0120584
36098 41606 41600 -0.000166214
34786 39656 39546 -0.00316219
34388 39616 39577 -0.00113412
36873 41716 41636 -0.00216961
34033 40992 41028 0.0010578
35871 39408 39281 -0.00354046
34848 41117 41081 -0.00103306
35896 41267 40685 -0.0162135
35436 40612 40612 0
35644 40195 39969 -0.00634048
36214 39461 39504 0.00118739
36049 40113 40384 0.00751755
36502 41462 41363 -0.00271218
34345 39250 39193 -0.00165963
34586 39592 39592 0
36553 41933 41933 0
36151 40133 40521 0.0107328
34574 40318 40368 0.00144617
36043 41267 41175 -0.00255251
37380 41839 41839 0
36270 40900 40829 -0.00195754
35092 40257 40257 0
35878 41818 41721 -0.00270361
34680 40432 40268 -0.00472895
35888 40956 41020 0.00178333
37897 41107 41103 -0.000105549
32961 38627 37558 -0.0324323
35769 39730 39287 -0.012385
35763 41153 41176 0.000643123
37125 39902 40009 0.00288215
35445 40084 40525 0.0124418
36593 40555 40555 0
37316 40800 40635 -0.0044217
36649 40469 40210 -0.00706704
33575 38895 39050 0.00461653
36581 40921 40471 -0.0123015
36216 41066 41204 0.00381047
36600 41731 41967 0.00644809
35549 41368 41475 0.00300993
36934 40933 41184 0.00679591
35521 41049 41206 0.00441992
35762 39732 39847 0.0032157
34634 41250 41250 0
35925 41575 41575 0
35034 40204 40159 -0.00128447
36182 39959 39892 -0.00185175
35134 40499 40442 -0.00162236
38536 41466 41358 -0.00280257
36500 41245 41245 0
36558 40633 40633 0
36281 40856 40588 -0.00738679
36321 40837 40962 0.00344154
36488 40996 40996 0
36075 40408 40315 -0.00257796
34451 40009 40034 0.000725668
36291 41952 41953 2.7555e-05
36620 39705 39915 0.00573457
35017 39434 39434 0
36655 41450 41502 0.00141863
35535 40295 40211 -0.00236387
35981 41005 41285 0.00778188
34388 39386 39275 -0.00322787
35673 41046 41380 0.00936282
36049 39880 39873 -0.00019418
36311 39914 39802 -0.00308446
34771 39512 39512 0
35340 41157 41202 0.00127334
36363 40513 39938 -0.0158128
35215 39488 39475 -0.000369161
37436 40748 40786 0.00101507
37461 41423 41722 0.00798163
35301 40635 40350 -0.00807343
36614 39869 39869 0
38137 40653 41190 0.0140808
36690 41415 41379 -0.000981194
36246 40059 40231 0.00474535
37356 42517 42517 0
34483 40154 40357 0.00588696
35527 39779 39858 0.00222366
36499 42819 42584 -0.00643853
37671 41665 41773 0.00286693
37747 41719 41805 0.00227833
34599 39666 39666 0
35588 40799 40688 -0.00311903
35794 41394 41281 -0.00315695
36562 41434 41569 0.00369236
34704 40850 40687 -0.00469686
34595 39665 40202 0.0155225
35451 39949 39949 0
35106 40367 40240 -0.00361762
36315 40684 40661 -0.000633347
37404 41256 41280 0.000641643
35113 39200 39802 0.0171446
35847 41062 41366 0.00848049
33642 40116 40174 0.00172404
34923 38591 38460 -0.00375111
36305 40951 40727 -0.00616995
35503 39598 39341 -0.00723882
35976 40786 40866 0.0022237
34955 40245 40539 0.00841081
