32010 35058 35070 0.000374883
31133 34568 34704 0.00436836
32631 35743 35769 0.000796788
31809 35341 35277 -0.00201201
32279 35792 35792 0
32337 35443 35349 -0.00290689
32971 36727 36675 -0.00157714
32713 35974 35778 -0.0059915
32499 35860 35934 0.00227699
31915 34814 35002 0.00589065
32662 36029 35886 -0.00437818
32552 35795 35855 0.0018432
32320 34983 35028 0.00139233
32219 36049 36049 0
32979 36193 36106 -0.00263804
32794 35723 35479 -0.00744039
33683 36257 36394 0.00406733
32658 35731 35454 -0.00848184
31485 34326 34748 0.0134032
31890 35184 35309 0.00391972
32848 36011 36059 0.00146128
32910 36109 36083 -0.000790033
31748 34837 34707 -0.00409475
32519 36242 36180 -0.00190658
32558 35478 35382 -0.00294858
32955 36657 36628 -0.000879988
33700 35839 35673 -0.00492582
31646 36110 36142 0.00101119
32926 35951 35948 -9.11134e-05
32505 35464 35492 0.000861406
33020 36799 36471 -0.00993337
32761 35062 35056 -0.000183145
33183 35865 35763 -0.00307386
31922 34715 34774 0.00184826
31784 35647 35380 -0.00840045
32819 35842 35831 -0.000335172
32394 35731 35944 0.00657529
33869 35874 36260 0.0113969
33111 35965 35952 -0.000392619
33654 35609 35734 0.00371427
34647 37253 37359 0.00305943
32504 35701 35653 -0.00147674
33123 36258 36237 -0.000634001
32881 36132 36132 0
30954 35245 35286 0.00132455
33587 36802 36625 -0.0052699
32494 35786 35810 0.000738598
32993 36392 36404 0.000363714
34116 36267 36329 0.00181733
33061 35077 35210 0.00402287
32795 35296 35334 0.00115871
31495 35291 35209 -0.00260359
31350 34787 34507 -0.00893142
32236 35724 35667 -0.00176821
33126 36199 36199 0
32393 35357 35327 -0.000926126
32358 36248 36248 0
33563 36869 36924 0.00163871
31885 35235 35525 0.00909519
32855 35414 35448 0.00103485
32992 34988 34912 -0.00230359
31374 35159 35047 -0.00356983
32520 35362 35501 0.00427429
34019 36196 35954 -0.00711367
32066 34577 34876 0.00932452
33258 35891 36006 0.00345781
33326 36436 36436 0
32093 35729 35704 -0.000778986
31235 34873 34704 -0.0054106
32876 35961 35961 0
31964 35941 35941 0
32138 34880 34899 0.0005912
31465 35986 36004 0.000572064
32020 36109 36145 0.0011243
31661 35007 34890 -0.0036954
31946 35221 35285 0.00200338
32611 35523 35523 0
32540 35944 35958 0.00043024
32110 36565 36363 -0.00629088
32871 36569 36569 0
32260 34847 35016 0.00523869
32204 35653 35653 0
32072 34979 34979 0
31779 34701 34701 0
32519 36163 36044 -0.0036594
33145 36257 35945 -0.00941318
32455 34943 34890 -0.00163303
33087 36369 36369 0
32567 35919 35693 -0.00693954
33650 36057 36424 0.0109064
33876 36745 36354 -0.0115421
32090 35341 35280 -0.0019009
31545 36340 35945 -0.0125218
32012 35441 35128 -0.00977758
32869 36076 36076 0
32682 35310 35310 0
31395 35675 35531 -0.00458672
32811 36422 36422 0
33371 35672 35634 -0.00113871
32391 34982 34992 0.000308728
32690 35354 35495 0.00431325
33522 35666 35691 0.000745779
33130 36208 36051 -0.00473891
32783 35305 35305 0
31744 35977 35893 -0.00264617
33719 36463 36585 0.00361814
32637 35260 35263 9.19202e-05
32273 36432 36432 0
33289 36040 36040 0
31837 35570 35492 -0.00244998
32574 35898 35993 0.00291644
31941 35023 35023 0
33570 36735 36776 0.00122133
31658 35113 35277 0.00518037
31788 35147 34871 -0.00868252
32690 35045 35048 9.17712e-05
32954 35422 35310 -0.00339868
33372 36116 36190 0.00221743
32966 35908 36019 0.00336711
32316 35114 35109 -0.000154722
32051 35727 35710 -0.000530405
32114 35536 35762 0.00703743
32289 36079 35988 -0.0028183
32178 35130 35130 0
32963 35989 36122 0.00403483
31772 35359 35289 -0.0022032
32458 34966 35262 0.00911948
32584 35775 35924 0.0045728
32935 35856 35686 -0.00516168
33349 36255 36277 0.00065969
33010 35898 35899 3.02939e-05
33036 35940 35849 -0.00275457
32848 35417 35427 0.000304433
32224 36094 36060 -0.00105511
31809 35902 35750 -0.00477852
32433 34995 35098 0.00317578
33289 36100 36014 -0.00258344
33601 36218 36255 0.00110116
32097 35793 35652 -0.00439293
33375 35623 35788 0.00494382
32109 35396 35496 0.00311439
31749 34975 34975 0
31367 34474 34510 0.0011477
32091 35338 35292 -0.00143342
33367 35300 35340 0.00119879
32325 36391 36391 0
33381 35636 35763 0.00380456
30511 34758 34754 -0.0001311
32773 36048 36281 0.00710951
31184 34501 34497 -0.000128271
31062 35857 35883 0.000837036
32561 35233 35404 0.00525168
33092 35224 35224 0
31024 34669 34667 -6.44662e-05
32148 35377 35352 -0.000777653
33015 35471 35422 -0.00148417
32341 35325 35325 0
32766 34951 35056 0.00320454
31984 36326 36261 -0.00203227
32212 34941 34969 0.000869241
32402 35672 35608 -0.00197519
32186 36777 36777 0
32128 35328 35354 0.000809263
31898 36045 36112 0.00210045
32942 35779 35856 0.00233744
32352 36021 36072 0.00157641
32617 35474 35497 0.000705154
33259 36235 36288 0.00159355
31989 36543 36543 0
33328 35881 35779 -0.00306049
31486 35694 35739 0.00142921
33260 36646 36646 0
32695 35719 35514 -0.00627007
31406 34750 34641 -0.00347067
33399 36238 36235 -8.9823e-05
32772 35814 35716 -0.00299036
32849 36248 36248 0
32371 35510 35510 0
31597 35308 35352 0.00139254
31775 35190 35236 0.00144768
33495 36014 35867 -0.00438871
32953 35689 35688 -3.03463e-05
32915 35878 35878 0
32336 35566 35444 -0.00377288
32883 36987 37029 0.00127726
32984 36719 36629 -0.0027286
32801 35465 35499 0.00103655
31853 34664 34391 -0.00857062
32162 35089 35207 0.00366893
33071 37103 36989 -0.00344713
32413 36002 36002 0
31918 35548 35548 0
33004 35707 35759 0.00157557
33491 36252 36197 -0.00164223
33353 36364 36348 -0.000479717
32024 35816 35884 0.00212341
33139 35584 35586 6.03519e-05
31720 34419 34452 0.00104035
32330 34868 35047 0.00553665
32230 34909 34921 0.000372324
32935 36246 36137 -0.00330955
32659 35913 36142 0.00701185
31900 36155 36155 0
32163 35894 36201 0.00954513
33167 35844 35825 -0.000572859
31654 35051 34901 -0.00473874
31457 35714 35687 -0.000858315
31808 35450 35422 -0.000880282
31740 34833 34817 -0.000504096
31902 35347 35409 0.00194345
31129 33907 34095 0.00603938
33982 37018 36782 -0.00694485
32478 35567 35620 0.00163187
32873 36283 36347 0.00194689
33313 35473 35694 0.00663405
31721 35330 35464 0.00422433
32354 35664 35549 -0.00355443
32693 35310 35310 0
33282 35799 35817 0.000540833
33511 36799 36768 -0.000925069
32558 36097 36049 -0.00147429
32238 35024 34940 -0.00260562
33307 37280 37280 0
30945 34261 34110 -0.00487963
32590 36546 36546 0
31772 35766 35877 0.00349364
33074 35081 35083 6.04705e-05
33363 35626 35426 -0.00599466
30755 35497 35528 0.00100797
31667 35762 35758 -0.000126314
33072 36247 35985 -0.00792211
32982 35603 35613 0.000303196
32857 36577 36767 0.00578263
32198 34789 34746 -0.00133549
33213 35538 35414 -0.00373348
31289 35054 34949 -0.00335581
32437 35574 35574 0
32915 35788 35788 0
32956 35829 35829 0
33154 35913 35910 -9.04868e-05
31676 35302 35342 0.00126279
32113 36056 36191 0.0042039
31660 34983 35154 0.00540114
32401 35281 35394 0.00348755
33227 36669 36669 0
33738 36413 36413 0
31537 35006 34979 -0.000856137
32144 35227 35346 0.00370209
31879 35936 35889 -0.00147432
32733 35479 35479 0
31920 35464 35185 -0.0087406
33077 35613 35825 0.00640929
32468 35675 35582 -0.00286436
31940 34593 34615 0.000688791
32121 35141 35091 -0.00155661
32812 36220 36059 -0.00490674
31089 36642 36642 0
33176 36004 36004 0
32319 35587 35521 -0.00204214
32891 35712 35718 0.000182421
33093 35312 35416 0.00314266
33047 35689 35813 0.00375223
31836 35194 35098 -0.00301545
31576 35056 34620 -0.013808
33621 36430 36258 -0.00511585
31858 35604 35503 -0.00317032
33233 35481 35602 0.00364096
31810 35169 35174 0.000157183
32897 35307 35302 -0.00015199
31940 34211 34402 0.00597996
32848 35544 35770 0.00688018
31629 35080 35044 -0.0011382
31647 35297 35465 0.00530856
33489 36042 36034 -0.000238884
33072 36169 36532 0.0109761
32489 35706 35689 -0.000523254
32140 35422 35866 0.0138146
31893 34520 34621 0.00316684
32829 36550 36550 0
31653 35549 35493 -0.00176918
33085 36052 35914 -0.00417107
31430 34747 34767 0.000636335
32246 35655 35639 -0.000496186
32218 35381 35460 0.00245205
32296 35545 35610 0.00201263
32481 36073 35968 -0.00323266
32544 34601 34570 -0.000952557
33195 36528 36417 -0.00334388
33399 36148 36100 -0.00143717
33178 35325 35569 0.00735427
33447 36435 36435 0
32061 35605 35721 0.0036181
31553 34916 34930 0.000443698
31930 35501 35513 0.000375822
32165 36131 35975 -0.00484999
32124 36052 35933 -0.0037044
34043 36766 36766 0
31775 35457 35456 -3.14713e-05
33719 36312 36400 0.0026098
34694 37350 37372 0.000634115
32545 34887 34887 0
33028 36301 36204 -0.0029369
33216 35355 35278 -0.00231816
32528 36517 36683 0.0051033
31926 34539 34618 0.00247447
33038 35561 35500 -0.00184636
32875 35812 35769 -0.00130798
32078 35609 35458 -0.00470728
32589 35193 35123 -0.00214796
32044 34640 34268 -0.011609
32631 36563 36563 0
32502 35263 35303 0.00123069
32878 35120 35168 0.00145994
32700 36148 36057 -0.00278287
32145 35511 35511 0
33104 35712 35913 0.00607177
31993 35979 36049 0.00218798
31188 35154 35120 -0.00109016
32862 35240 35275 0.00106506
30663 34472 34552 0.00260901
31551 34233 34251 0.000570505
30212 34648 34618 -0.000992983
33430 36162 36269 0.00320072
33025 35840 35823 -0.000514762
33420 35918 36033 0.00344105
32117 35027 35235 0.00647632
31964 35291 35405 0.00356651
32251 35340 35299 -0.00127128
33023 34515 34599 0.00254368
32519 34963 34963 0
32443 35378 35235 -0.00440773
32639 35514 35583 0.00211404
32090 35079 35069 -0.000311624
33149 36379 36366 -0.000392169
32206 34479 34619 0.00434702
32377 35760 35477 -0.00874077
31653 35094 35394 0.00947777
33650 36852 36852 0
32071 35624 35631 0.000218266
33765 36349 36357 0.000236932
32662 35262 35202 -0.001837
33059 35167 35305 0.00417435
33269 35740 35891 0.00453876
32000 35101 35009 -0.002875
31989 35482 35462 -0.000625215
33342 36316 36483 0.0050087
32963 36234 36196 -0.00115281
32744 35850 35922 0.00219888
31091 34651 34687 0.00115789
32619 35515 35515 0
32646 35748 35750 6.12632e-05
33803 35382 35380 -5.91663e-05
32183 35361 35126 -0.00730199
31679 35344 35261 -0.00262003
32513 35338 35240 -0.00301418
33878 36365 36365 0
32397 34786 34864 0.00240763
32380 36446 36446 0
32270 34577 34560 -0.000526805
32305 35636 35695 0.00182634
31754 35326 35419 0.00292876
32274 35538 35538 0
32333 36128 35919 -0.00646398
32693 35843 35956 0.0034564
33294 36195 36195 0
33173 36376 36426 0.00150725
31783 35046 34998 -0.00151024
32966 36250 36221 -0.000879694
32101 35206 35090 -0.00361359
32847 36353 36329 -0.00073066
34444 36385 36385 0
31618 35417 35087 -0.0104371
32793 35761 35761 0
34863 36367 36386 0.00054499
33032 36808 36947 0.00420804
32556 36374 36354 -0.000614326
33717 36217 35592 -0.0185366
33190 35628 35701 0.00219946
32597 35902 35896 -0.000184066
33542 36022 35999 -0.000685707
31980 35804 35686 -0.00368981
32311 35296 35466 0.00526137
32675 35430 35541 0.00339709
33591 36518 36518 0
32294 35462 35388 -0.00229145
31430 35237 35372 0.00429526
32250 35431 35689 0.008
32070 35795 35795 0
32830 36279 36220 -0.00179714
32223 36976 36947 -0.000899978
33093 35277 35277 0
33401 36491 36491 0
32335 35094 35287 0.00596876
31877 36702 36702 0
33858 36529 36388 -0.00416445
31905 35184 35212 0.000877605
32769 35434 35417 -0.000518783
31832 35371 35371 0
31710 35589 35598 0.000283822
31710 35825 35700 -0.00394197
32816 35719 35454 -0.00807533
31826 35759 35671 -0.00276503
31545 35186 35265 0.00250436
31780 34768 34856 0.00276904
31817 35523 35353 -0.00534306
32230 34833 34833 0
31991 35425 35351 -0.00231315
32548 36043 35937 -0.00325673
32984 36322 36358 0.00109144
32428 34987 35009 0.000678426
32332 35873 35906 0.00102066
32206 34614 34225 -0.0120785
32706 35409 35260 -0.00455574
32021 35598 35218 -0.0118672
32687 35598 35255 -0.0104935
32904 35649 35756 0.00325188
34014 36503 36598 0.00279297
31322 34922 34922 0
32491 35841 35807 -0.00104644
32384 34424 34424 0
32387 35542 35380 -0.00500201
32160 36485 36344 -0.00438433
32908 36129 36205 0.00230947
32996 35207 35332 0.00378834
32729 36168 36260 0.00281096
32818 35881 35766 -0.00350417
32524 35805 35806 3.07465e-05
33388 35822 35812 -0.000299509
32143 35087 35121 0.00105777
33682 35415 35415 0
33410 35357 35260 -0.00290332
32427 36462 36405 -0.00175779
32616 35496 35535 0.00119573
32128 35059 35106 0.0014629
32306 34957 34957 0
32606 36020 35873 -0.00450837
32144 34669 34941 0.00846192
31980 35448 35360 -0.00275172
33053 35035 35006 -0.000877379
33367 36026 36071 0.00134864
32693 35220 35235 0.000458814
32200 34625 34479 -0.00453416
32723 35123 35191 0.00207805
33111 35376 35501 0.00377518
32108 35739 35739 0
32960 35473 35530 0.00172937
31838 35530 35454 -0.00238708
32749 35955 36030 0.00229015
31246 35130 34992 -0.00441657
33443 35966 36035 0.00206321
33915 36605 36648 0.00126788
32578 35684 35550 -0.00411321
33055 35774 35602 -0.00520345
31776 35975 35742 -0.00733258
33328 36463 36463 0
33689 36360 36360 0
33589 36551 36562 0.000327488
33462 35867 35867 0
32455 35699 35879 0.00554614
32793 36489 36310 -0.00545848
31532 35437 35437 0
33149 35843 35549 -0.00886905
33059 35439 35333 -0.00320639
33366 35564 35602 0.00113888
33156 36234 36234 0
33656 36807 36807 0
33597 36546 36487 -0.00175611
31926 35424 35220 -0.00638978
33482 35894 36000 0.00316588
33016 35802 35712 -0.00272595
33280 36163 36015 -0.00444712
32048 35117 35010 -0.00333874
31562 35028 35016 -0.000380204
32563 36165 36401 0.00724749
30939 35020 35008 -0.00038786
33287 35818 35667 -0.00453631
33103 35716 35785 0.0020844
32021 35673 35673 0
33875 35996 35996 0
32340 35781 35685 -0.00296846
33401 36340 36340 0
31486 34930 34726 -0.00647907
33615 36221 35810 -0.0122267
32223 35328 35342 0.000434472
32747 36237 36237 0
34842 36641 36580 -0.00175076
31965 35131 35232 0.00315971
33144 36089 36073 -0.000482742
31069 35645 35472 -0.00556825
32081 35378 35494 0.00361585
32226 35699 35826 0.00394092
32861 34830 35224 0.0119899
32938 35306 35471 0.00500941
32690 36186 35941 -0.00749465
32352 35139 35112 -0.00083457
32924 34901 34901 0
32152 35829 36225 0.0123165
32221 36090 36090 0
32031 35218 35596 0.0118011
32239 36128 36128 0
31186 35603 35614 0.000352722
32733 35808 35802 -0.000183301
33521 36003 36146 0.00426598
32598 34376 34389 0.000398797
32986 35226 35226 0
31647 34892 34769 -0.00388662
34055 36837 36854 0.000499192
32784 35304 35337 0.00100659
32101 36298 36235 -0.00196256
33884 36118 36166 0.0014166
32425 34426 34577 0.0046569
32538 35249 35255 0.0001844
33648 36357 36290 -0.0019912
33664 35520 35581 0.00181202
33968 35995 35995 0
33579 35636 35492 -0.00428839
32683 35744 35865 0.00370223
33562 36328 36339 0.000327752
33565 36126 36238 0.00333681
32982 36051 36051 0
32171 35003 35101 0.00304622
32542 35300 35754 0.0139512
32067 35684 35684 0
33700 35516 35715 0.00590504
32637 34635 34604 -0.000949842
31473 34334 34387 0.00168398
32132 34772 35070 0.00927424
33080 35577 35573 -0.000120919
31467 35086 34951 -0.00429021
34122 36966 36966 0
32582 35789 35745 -0.00135044
31931 35930 36177 0.00773543
32570 36527 36487 -0.00122812
32783 34786 34786 0
31175 35118 35019 -0.00317562
32695 36060 36107 0.00143753
33020 36034 36010 -0.000726832
32073 35499 35518 0.000592399
32107 34896 34838 -0.00180646
33240 35986 35836 -0.00451264
33061 36248 36388 0.0042346
31803 34487 34313 -0.00547118
32582 34887 34889 6.13836e-05
32245 34964 35023 0.00182974
32733 35442 35431 -0.000336052
32272 35541 35588 0.00145637
33920 36013 36292 0.00822524
33126 35961 36022 0.00184145
32679 36092 35922 -0.00520212
34042 36422 36240 -0.00534634
31372 35945 35963 0.00057376
32667 35783 35806 0.000704074
32269 35921 35885 -0.00111562
32755 36135 36138 9.15891e-05
33129 35622 35891 0.00811977
31903 34845 34657 -0.00589286
34280 36386 36518 0.00385064
32979 35305 35329 0.000727736
30797 34963 35044 0.00263013
33466 35580 35596 0.000478097
31206 34606 34606 0
33266 35836 35827 -0.000270547
32812 37006 37006 0
32128 35747 35553 -0.00603835
32399 36713 36713 0
31236 34727 34706 -0.000672301
32741 35507 35558 0.00155768
32861 36149 36150 3.04312e-05
32822 35253 35253 0
32386 35612 35690 0.00240845
33902 36111 36298 0.0055159
32770 36262 36246 -0.000488251
32489 35554 35860 0.00941857
33337 35956 35881 -0.00224975
31726 35389 35142 -0.00778541
34184 37072 37000 -0.00210625
32754 35297 35460 0.00497649
31377 35210 35265 0.00175288
32444 35133 35382 0.00767476
32537 36031 36031 0
31926 35284 35340 0.00175406
32757 34966 34791 -0.00534237
33419 36752 36752 0
30869 34751 34691 -0.0019437
33304 36297 36379 0.00246217
31712 35225 35157 -0.0021443
32006 35511 35564 0.00165594
31399 34735 34767 0.00101914
33504 36111 35448 -0.0197887
31895 35691 35691 0
34067 37081 37120 0.0011448
32143 35421 35324 -0.00301776
31326 34332 34441 0.00347954
32445 34773 34906 0.00409924
33723 37143 37150 0.000207573
30935 34981 34981 0
31859 35232 35073 -0.00499074
33423 36246 36171 -0.00224396
32265 34817 35157 0.0105377
31934 36090 36204 0.00356986
31145 34160 34332 0.00552256
32062 35425 35414 -0.000343085
32956 35507 35110 -0.0120464
32164 35293 35340 0.00146126
32985 35938 35881 -0.00172806
31467 35246 35245 -3.17793e-05
32687 36334 36334 0
32150 35673 35844 0.00531882
31411 34890 35063 0.00550762
33390 36278 36229 -0.00146751
32447 35760 35633 -0.00391408
32943 35606 35606 0
32570 35013 34951 -0.00190359
32800 35508 35043 -0.0141768
32168 35013 35348 0.0104141
33231 35968 35910 -0.00174536
32223 35974 35844 -0.00403439
31469 34975 35140 0.00524326
32807 34929 34760 -0.00515134
33130 35570 35417 -0.00461817
33124 35647 35561 -0.0025963
32894 35494 35467 -0.000820818
32539 36026 36026 0
32830 35458 35449 -0.00027414
31777 34463 34458 -0.000157347
32948 34831 34882 0.00154789
32733 35487 35301 -0.00568234
32668 35168 35136 -0.000979552
31978 36217 36169 -0.00150103
33399 36397 36397 0
32723 35850 35638 -0.00647862
33718 36117 36117 0
32139 36262 36148 -0.00354709
33015 35650 35650 0
33137 36635 36639 0.000120711
32369 35654 35523 -0.00404708
32994 35155 35232 0.00233376
32450 35850 35677 -0.00533128
32741 35930 35940 0.000305427
32835 35451 35492 0.00124867
32146 35914 35840 -0.002302
32043 35632 35632 0
32054 34998 34594 -0.0126037
33175 36131 35908 -0.00672193
33813 35393 35320 -0.00215893
33019 35892 35862 -0.000908568
31727 35675 35675 0
32721 36606 36597 -0.000275053
33795 36746 36746 0
32622 35488 35510 0.000674392
32278 35706 35553 -0.00474007
32421 35329 35015 -0.00968508
33511 35906 35927 0.00062666
33123 35603 35603 0
34031 36744 36786 0.00123417
32343 35474 35683 0.00646199
33473 36487 36549 0.00185224
33658 36275 36406 0.00389209
32341 36253 36218 -0.00108222
31785 35103 34611 -0.015479
31847 35542 35522 -0.000628003
33189 35732 35735 9.03914e-05
31874 35440 35138 -0.00947481
31516 35345 35345 0
32368 36008 35748 -0.00803262
31520 35597 35592 -0.000158629
32669 35564 35618 0.00165294
31718 34857 34759 -0.00308973
32767 34854 34893 0.00119022
33284 35758 35698 -0.00180267
33259 35804 35881 0.00231516
33815 36295 36355 0.00177436
32558 35703 36010 0.00942933
32436 35470 35611 0.00434702
33482 36798 36798 0
33364 36237 36237 0
32619 35754 35834 0.00245256
31938 34099 34204 0.00328762
32639 35513 35577 0.00196084
33010 36187 36265 0.00236292
33804 36118 36288 0.00502899
32049 35587 35651 0.00199694
31954 34053 34368 0.00985792
33145 35651 35663 0.000362046
32375 35790 35495 -0.00911197
32357 35994 36136 0.00438854
32416 36378 35935 -0.0136661
32613 35719 35784 0.00199307
32456 35769 35716 -0.00163298
32770 36564 36583 0.000579799
32020 35168 35207 0.00121799
32383 35811 35878 0.00206899
32696 36373 36493 0.00367017
30988 35745 35541 -0.00658319
32299 36330 36213 -0.0036224
34235 37025 37227 0.00590039
33963 36334 36228 -0.00312104
31859 35611 35567 -0.00138109
32263 35457 35428 -0.000898862
31672 34684 34679 -0.000157868
32846 35912 35912 0
32061 35791 35570 -0.00689311
31698 35235 35196 -0.00123036
33897 36466 36466 0
32139 35908 35870 -0.00118236
31410 35963 35962 -3.1837e-05
31938 36084 36084 0
31962 34560 34560 0
33379 35897 36247 0.0104856
32208 35482 35491 0.000279434
33363 35263 35348 0.00254773
32264 36582 36582 0
32140 35241 35299 0.0018046
32792 35428 35345 -0.00253111
32968 35629 35707 0.00236593
32924 35478 35428 -0.00151865
32793 35916 35879 -0.00112829
33969 36251 36479 0.006712
33369 35560 35790 0.00689262
31906 35814 35805 -0.000282079
32533 36490 36490 0
32362 35114 35440 0.0100735
33487 36482 36401 -0.00241885
33319 35841 36084 0.00729314
31937 34738 35259 0.0163134
32370 35363 35363 0
32539 36731 36651 -0.00245859
33380 35387 35389 5.99161e-05
32328 36217 36217 0
32620 35697 35747 0.0015328
33958 35795 35760 -0.00103068
33506 36157 36098 -0.00176088
33237 36386 36329 -0.00171496
32332 35694 35774 0.00247433
33014 34684 35083 0.0120858
32514 35081 35193 0.00344467
32397 35152 35179 0.000833411
33025 35604 35358 -0.0074489
32589 35278 35236 -0.00128878
33024 35273 35362 0.00269501
31008 35493 35298 -0.0062887
32118 35357 35448 0.0028333
33707 36174 36174 0
32110 35550 35476 -0.00230458
31919 35669 35425 -0.00764435
32275 35620 35623 9.29512e-05
31585 34775 34679 -0.00303942
34081 36337 36381 0.00129104
31581 34506 34405 -0.00319813
33309 36168 36286 0.00354259
32597 35622 35577 -0.0013805
32940 36274 36274 0
31560 35660 35302 -0.0113435
31594 35028 35251 0.0070583
32773 35376 35396 0.000610258
31796 34032 34375 0.0107875
31931 35534 35587 0.00165983
32402 35485 35523 0.00117277
33265 35774 35701 -0.0021945
32806 36198 36179 -0.000579162
32838 35399 34730 -0.0203727
32507 34994 34994 0
32293 35079 35034 -0.00139349
31673 35485 35822 0.01064
32088 35183 35291 0.00336574
31299 35464 35481 0.000543148
34046 36601 36601 0
31590 34887 34797 -0.002849
32211 35795 35749 -0.00142808
33797 36740 36740 0
34007 36770 36813 0.00126445
31930 35759 35599 -0.00501096
33192 36361 36271 -0.0027115
32557 34734 34588 -0.00448444
33015 35557 35451 -0.00321066
32172 35786 35434 -0.0109412
32832 35414 35357 -0.00173611
32556 36037 36163 0.00387025
32022 35418 35012 -0.0126788
31975 34372 34703 0.0103518
31659 34682 34682 0
31745 35196 35566 0.0116554
31999 35283 35338 0.0017188
32998 35727 35349 -0.0114552
32333 35187 35187 0
32092 35782 35907 0.00389505
31988 34906 34906 0
32409 35472 35472 0
32569 36070 35672 -0.0122202
32220 35349 35304 -0.00139665
31405 35249 35152 -0.00308868
32215 35255 35041 -0.00664287
32621 35984 35970 -0.000429171
32800 35330 35710 0.0115854
31996 36186 36148 -0.00118765
32053 35453 35453 0
32477 35620 35658 0.00117006
31483 34847 34686 -0.00511387
31953 35008 35209 0.00629049
31748 35478 35393 -0.00267733
32521 35178 35035 -0.00439716
34477 36506 36638 0.00382864
32716 35665 35626 -0.00119208
32556 36459 36369 -0.00276447
32201 35121 35526 0.0125772
32101 35808 35996 0.00585652
31951 35322 35228 -0.002942
32992 35280 35280 0
32245 36031 36031 0
33423 35551 35530 -0.00062831
31495 34772 34668 -0.00330211
32466 36791 36529 -0.00806998
33190 35978 35974 -0.000120518
32314 34850 34920 0.00216624
33099 36099 36153 0.00163147
33202 35662 35788 0.00379495
31517 35714 35566 -0.00469588
32550 35376 35359 -0.000522273
32931 35216 35336 0.00364398
33019 36050 36132 0.00248342
31751 34954 34738 -0.00680294
32685 36068 36068 0
32700 35669 35718 0.00149847
33643 36722 36722 0
31994 35323 35323 0
31902 35481 35481 0
33411 36238 36238 0
32455 35344 35292 -0.00160222
32604 35968 35796 -0.00527543
32915 35467 35383 -0.00255203
31311 35071 35133 0.00198013
32795 36267 36160 -0.00326269
32818 35942 36046 0.00316899
32816 35973 35997 0.000731351
32859 36126 36071 -0.00167382
33036 35467 34980 -0.0147415
32883 35911 35911 0
32968 35454 35477 0.000697646
33637 36065 36019 -0.00136754
32450 35511 35706 0.00600924
32083 35561 35537 -0.00074806
32138 35783 35783 0
31532 35533 35256 -0.00878473
30729 35019 35019 0
32625 36117 36159 0.00128736
31562 35353 35353 0
32398 35527 35614 0.00268535
32387 35933 35908 -0.000771915
32851 35677 35357 -0.00974095
32478 35729 35729 0
31933 35401 35380 -0.000657627
32566 35516 35707 0.00586501
32725 35805 35745 -0.00183346
31828 34864 34926 0.00194797
31787 35520 35507 -0.000408972
32504 36031 36031 0
33897 35901 36016 0.00339263
32912 35784 35764 -0.000607681
32506 35622 35589 -0.0010152
32873 35625 35783 0.00480638
33128 36014 35991 -0.000694277
33171 36357 36358 3.01468e-05
32783 34977 35047 0.00213525
32213 35729 35729 0
33340 35240 35252 0.000359928
32759 35161 35426 0.00808938
33492 36141 36046 -0.0028365
31742 35397 35326 -0.00223678
32174 34867 34866 -3.1081e-05
32662 36353 36493 0.00428633
32252 35092 35092 0
33289 36000 36019 0.000570759
32206 34654 34684 0.000931503
32805 36191 36248 0.00173754
32279 35499 35582 0.00257133
32312 35842 35662 -0.00557069
32325 35698 35698 0
32380 35522 35425 -0.00299568
32779 36352 36328 -0.000732176
33332 36093 35848 -0.00735029
32775 35314 35350 0.0010984
33746 35718 35831 0.00334855
31479 36404 36314 -0.00285905
32251 35368 34924 -0.013767
32263 35871 35947 0.00235564
32374 35582 35776 0.00599246
32311 35671 35674 9.28476e-05
32877 35006 34773 -0.00708702
33050 36379 35986 -0.0118911
33328 36682 36743 0.00183029
32173 34938 35090 0.00472446
33049 35400 35401 3.02581e-05
33183 36157 36146 -0.000331495
33322 35286 35303 0.000510173
31623 34492 34541 0.00154951
32564 36491 36425 -0.00202678
33037 36389 36325 -0.00193722
33125 36526 36548 0.000664151
33305 35286 34965 -0.00963819
31988 35615 35559 -0.00175066
32587 36545 36565 0.000613742
31754 34946 34662 -0.00894376
31849 34912 35052 0.00439574
33022 36229 36106 -0.00372479
32691 36488 36446 -0.00128476
32630 35381 35162 -0.00671162
32460 36295 36067 -0.00702403
32940 36106 36119 0.000394657
32680 35786 35679 -0.00327417
31987 34606 34782 0.00550224
33028 34699 34789 0.00272496
33537 36144 36043 -0.0030116
33158 35805 36192 0.0116714
32021 35327 35523 0.00612098
32508 35367 35579 0.00652147
32932 36375 36428 0.00160938
32045 35650 35621 -0.000904977
33249 35731 35731 0
33002 37592 37649 0.00172717
34365 36597 36667 0.00203696
32600 35676 35676 0
32125 35865 36084 0.00681712
33214 36659 36660 3.01078e-05
31963 35623 35560 -0.00197103
31794 35874 35868 -0.000188715
32398 34937 35028 0.00280882
30750 33973 33405 -0.0184715
33056 35354 35072 -0.00853098
32451 35678 35678 0
33784 35352 35302 -0.00147999
32662 36374 35980 -0.0120629
33540 35997 35739 -0.00769231
33010 36667 36422 -0.00742199
33020 35599 35667 0.00205936
31948 35391 35496 0.00328659
33596 36078 36127 0.00145851
32892 35954 35910 -0.00133771
33129 36371 36288 -0.00250536
32290 35527 35448 -0.00244658
34035 36527 36527 0
33027 35632 35692 0.0018167
32857 35678 35628 -0.00152175
31510 36260 36297 0.00117423
32872 36811 36768 -0.0013081
32449 36123 36172 0.00151006
32635 35749 35631 -0.00361575
31939 35642 35826 0.00576098
33167 36054 35852 -0.00609039
32737 35373 35469 0.00293246
32776 35134 35121 -0.000396632
33110 35723 35716 -0.000211416
32622 35444 35606 0.00496597
32964 35327 35340 0.00039437
33241 36019 36019 0
31430 35428 35403 -0.000795418
32623 36049 36125 0.00232964
32787 35079 34956 -0.00375149
32349 34693 34701 0.000247303
32368 35776 35580 -0.00605536
32350 35255 35236 -0.000587326
33832 36570 36570 0
31325 35086 35140 0.00172386
31704 35956 35956 0
32709 35051 35629 0.017671
32955 35245 35285 0.00121378
32268 34895 34858 -0.00114665
31707 35569 35767 0.00624468
33210 35781 35853 0.00216802
32242 35261 35261 0
33530 35839 35722 -0.00348941
34593 36259 36063 -0.00566589
32285 35505 35314 -0.00591606
32701 35192 35174 -0.000550442
33320 35374 35304 -0.00210084
33511 35750 36172 0.0125929
32928 35875 35908 0.00100219
32801 36630 36547 -0.00253041
32005 35477 35437 -0.0012498
32804 35386 35548 0.00493842
33015 36126 36085 -0.00124186
33845 36733 36300 -0.0127936
33209 36709 36735 0.00078292
32120 35422 35281 -0.00438979
31853 35304 34899 -0.0127147
32380 35509 35451 -0.00179123
32031 36295 36239 -0.00174831
31982 35908 35799 -0.00340817
32425 35776 35776 0
32254 35232 35545 0.00970422
32610 35328 34920 -0.0125115
32925 35705 35761 0.00170084
33551 35841 35880 0.00116241
32474 35493 35491 -6.15877e-05
33293 36644 36657 0.000390472
31254 36179 36142 -0.00118385
31713 33842 33687 -0.00488759
32472 35780 35604 -0.00542005
32498 35059 35406 0.0106776
33025 35861 35901 0.0012112
32001 35340 35358 0.000562482
