21240 24332 24252 -0.00376648
20896 24072 23893 -0.00856623
22222 24392 24245 -0.00661507
21182 24443 24184 -0.0122274
21494 24185 24367 0.00846748
22272 24328 24328 0
21981 24827 24827 0
21963 24794 24794 0
21626 24366 24407 0.00189587
21842 23574 23570 -0.000183133
21770 23903 23842 -0.00280202
21828 24022 23965 -0.00261132
21074 23520 23498 -0.00104394
21479 25047 25047 0
22067 24484 24508 0.0010876
21637 23915 23934 0.000878125
22322 24378 24401 0.00103037
21949 24314 24310 -0.000182241
21103 23651 23600 -0.00241672
21595 24361 24316 -0.00208382
21988 24596 24373 -0.0101419
21638 23689 23692 0.000138645
20870 23351 23069 -0.0135122
21917 23756 23860 0.00474517
21945 24362 24289 -0.0033265
20852 24351 24359 0.000383656
22257 23822 23846 0.00107831
21290 24945 24927 -0.000845467
21939 23807 23937 0.00592552
21559 24384 24384 0
22003 24947 24948 4.54483e-05
22076 24181 24173 -0.000362384
21757 24166 24166 0
21800 23595 23613 0.000825688
20835 24039 24175 0.00652748
22064 23972 23890 -0.00371646
21803 24186 24218 0.00146769
22438 24811 24948 0.00610571
22082 24754 24610 -0.00652115
21940 24318 24328 0.000455789
23157 25063 25062 -4.31835e-05
21889 24559 24462 -0.00443145
22113 24485 24118 -0.0165966
22408 24274 24348 0.00330239
20716 23912 23891 -0.00101371
22546 24826 24784 -0.00186286
21742 24364 24265 -0.0045534
21432 24464 24482 0.000839866
22644 24326 24326 0
22187 24594 24594 0
21848 23785 23785 0
21018 24299 24166 -0.00632791
20536 23978 23978 0
22141 24533 24563 0.00135495
22462 24849 24895 0.0020479
21862 23885 24062 0.00809624
21391 24396 24303 -0.00434762
22431 24876 24876 0
21572 24215 24340 0.00579455
21594 23728 23728 0
21801 24089 24089 0
20956 23945 23863 -0.00391296
21921 24942 24950 0.000364947
23857 24831 24876 0.00188624
20843 23021 22680 -0.0163604
21367 23697 23748 0.00238686
22567 24479 24457 -0.000974875
21400 24484 24410 -0.00345794
21014 23648 23597 -0.00242695
21608 23968 23968 0
21682 24516 24519 0.000138364
21290 23679 23666 -0.000610615
21220 24974 24934 -0.00188501
22150 24429 24429 0
20775 23674 23745 0.00341757
20842 23631 23396 -0.0112753
21907 23859 23834 -0.00114119
22234 24501 24579 0.00350814
20865 24748 24733 -0.000718907
21951 24516 24516 0
21478 23400 23282 -0.00549399
21939 24073 24073 0
21522 23975 23891 -0.00390298
21497 23992 23992 0
21613 24302 24197 -0.00485819
21999 24239 24237 -9.09132e-05
22109 23867 23891 0.00108553
21697 24737 24492 -0.0112919
21893 24993 25006 0.000593797
22402 24929 24814 -0.00513347
22721 24962 24994 0.00140839
21852 24566 24797 0.0105711
20684 24683 24294 -0.0188068
21558 24194 24194 0
22146 25032 25015 -0.000767633
21641 23924 23924 0
21236 24265 24351 0.00404973
21511 24671 24571 -0.00464878
22078 24193 24126 -0.0030347
21888 23495 23565 0.0031981
22109 24379 24340 -0.00176399
22549 24499 24499 0
21884 24560 24560 0
21583 24318 24282 -0.00166798
21835 24426 24426 0
22462 25006 24619 -0.0172291
21036 23959 23959 0
21113 24104 24075 -0.00137356
22095 24258 24258 0
21676 24550 24654 0.00479793
22249 24640 24492 -0.00665198
21537 23952 23956 0.000185727
22036 24431 24431 0
21328 24320 24266 -0.00253188
20946 23205 23205 0
21952 23703 23755 0.0023688
21867 23439 23383 -0.00256094
22410 24193 24326 0.00593485
22244 25076 25027 -0.00220284
22250 24392 24392 0
21570 24227 24236 0.000417246
21343 24141 23957 -0.00862109
21255 24577 24558 -0.000893907
21570 23986 23963 -0.0010663
22094 24495 24495 0
21071 24315 24359 0.00208818
21477 23885 23929 0.0020487
21608 24498 24552 0.00249907
21518 23841 23828 -0.000604145
22495 24926 24926 0
22544 24831 24844 0.00057665
21719 24356 24446 0.00414384
21710 23871 23852 -0.000875173
21814 24861 24790 -0.00325479
21890 24495 24608 0.00516217
21433 24280 24280 0
21865 24628 24657 0.00132632
22595 24486 24581 0.00420447
21172 23557 23536 -0.000991876
22410 24342 24338 -0.000178492
21235 23900 23818 -0.00386155
21270 23848 23926 0.00366714
20753 22815 22996 0.00872163
21009 23582 23582 0
21548 24086 24113 0.00125302
21787 24302 24264 -0.00174416
22173 24554 24623 0.00311189
20780 23841 23677 -0.0078922
22379 25172 25137 -0.00156397
20612 23772 22846 -0.0449253
21403 24239 24279 0.0018689
22223 24018 23900 -0.00530981
22068 23573 23489 -0.00380642
21316 23849 23838 -0.000516044
21661 24414 24402 -0.000553991
22984 24514 24514 0
20741 23888 23886 -9.64274e-05
21775 23886 23846 -0.00183697
21189 24319 24408 0.00420029
21727 23968 23968 0
22380 24503 24542 0.00174263
21659 24916 24913 -0.000138511
22193 24441 24582 0.00635335
21731 24961 24973 0.000552207
21611 23686 23691 0.000231364
21407 24228 24186 -0.00196198
21986 24369 24297 -0.00327481
22058 24684 24582 -0.00462417
21438 24747 24726 -0.000979569
21773 24489 24494 0.000229642
21654 24287 24260 -0.00124688
22317 24356 24515 0.00712461
22159 24456 24477 0.000947696
21179 23662 23663 4.72166e-05
22132 24736 24463 -0.0123351
22156 24750 24731 -0.000857556
22122 24880 24723 -0.00709701
21086 23802 23959 0.0074457
21243 24199 24198 -4.70743e-05
21088 23907 23779 -0.0060698
23052 24771 24771 0
21506 24295 24350 0.00255743
21912 23938 23842 -0.00438116
21133 23906 24021 0.00544173
22177 24721 24936 0.00969473
21796 25123 25123 0
21588 23694 23704 0.00046322
21246 23816 23873 0.00268286
21628 24254 24175 -0.00365267
22097 25144 25225 0.00366566
21848 24217 24183 -0.00155621
21322 24723 24734 0.000515899
22816 24483 24473 -0.000438289
22107 24798 24877 0.00357353
22108 24597 24551 -0.00208069
21146 24139 24106 -0.00156058
21680 24190 24222 0.00147601
21492 23814 23674 -0.00651405
21869 24075 24075 0
21341 24407 23971 -0.0204302
22589 25387 25387 0
21673 24560 24560 0
21545 24567 24567 0
21468 25109 25107 -9.31619e-05
21685 24359 24346 -0.000599493
20791 23044 23023 -0.00101005
21029 24344 24222 -0.00580151
21055 24525 24525 0
21370 23780 23762 -0.000842302
21101 24063 24063 0
20204 23188 23320 0.00653336
22462 24528 24663 0.00601015
21375 24539 24512 -0.00126316
21789 24808 24878 0.00321263
22092 24421 24421 0
21236 24030 24100 0.00329629
21659 23581 23413 -0.00775659
21958 24121 24240 0.00541944
21668 23909 23909 0
21321 24582 24455 -0.00595657
21977 24760 24616 -0.0065523
21068 23918 24185 0.0126732
22674 25163 25072 -0.00401341
20925 23678 23678 0
21925 24691 24753 0.00282782
21967 24585 24570 -0.000682842
22331 23969 24035 0.00295553
21917 23554 23757 0.00926222
20824 24102 24242 0.00672301
21291 24275 24014 -0.0122587
21869 24901 24926 0.00114317
21691 24425 24550 0.00576276
21440 24711 24880 0.00788246
21496 24005 23785 -0.0102345
22390 24130 24033 -0.00433229
21150 23979 23979 0
21861 24506 24520 0.00064041
21954 24043 24020 -0.00104765
21481 24464 24464 0
21579 23999 24097 0.00454145
21457 24208 24186 -0.00102531
21133 24737 24737 0
21106 23604 23549 -0.00260589
21122 23576 23548 -0.00132563
21834 24913 24913 0
22742 24831 24674 -0.00690353
20705 23988 23988 0
20861 24044 24118 0.00354729
21101 24297 24297 0
21203 23685 23642 -0.00202801
20999 23740 23615 -0.00595266
21975 24585 24491 -0.00427759
22068 24283 24190 -0.00421425
20964 23315 23331 0.000763213
20897 23776 23791 0.000717806
21653 24355 24259 -0.00443357
20542 24156 24123 -0.00160646
21831 24102 24102 0
21552 24354 24371 0.00078879
21268 24148 24320 0.00808727
21529 23368 23464 0.0044591
21861 24149 24140 -0.000411692
21684 24296 24196 -0.0046117
21028 23858 23858 0
22690 24954 24808 -0.00643455
20771 23758 23758 0
22079 24545 24373 -0.00779021
21726 24512 24512 0
22314 24383 24235 -0.00663261
21501 23647 23561 -0.00399981
22067 24674 24676 9.06331e-05
20907 23603 23769 0.00793992
21068 23946 24280 0.0158534
22244 24147 24147 0
22308 25186 25114 -0.00322754
21995 24523 24560 0.0016822
21968 24408 24505 0.00441551
20994 23306 23306 0
22229 25055 25076 0.000944712
21290 24168 24398 0.0108032
22461 24507 24502 -0.000222608
20939 23290 23211 -0.00377286
21371 23806 23922 0.00542792
21618 24485 24643 0.00730872
21396 23922 23939 0.000794541
21667 24556 24522 -0.00156921
20965 23162 23159 -0.000143096
22499 24986 25107 0.00537802
22217 24440 24526 0.00387091
22771 24365 24395 0.00131747
22212 24517 24517 0
21297 24034 24048 0.00065737
20797 23845 23712 -0.00639515
21951 24057 24092 0.00159446
21546 24256 24408 0.00705467
20914 23925 23936 0.000525963
22628 25234 25378 0.0063638
21185 24217 24280 0.0029738
22722 25162 25163 4.40102e-05
22122 24124 24388 0.0119338
21458 23346 23285 -0.00284276
21977 24466 24545 0.00359467
22328 24284 24251 -0.00147796
21850 24987 24981 -0.0002746
20932 23589 23496 -0.00444296
21975 24073 24073 0
21797 24595 24595 0
21801 24423 24324 -0.00454108
21664 23872 23986 0.00526219
21596 23815 23814 -4.63049e-05
21468 24315 24324 0.000419229
21635 23783 23831 0.00221863
21881 23905 23632 -0.0124766
21927 24848 25013 0.00752497
21492 24133 24131 -9.30579e-05
22623 24931 24887 -0.00194492
21248 24638 24638 0
20387 23780 23653 -0.00622946
21903 24052 24060 0.000365247
20053 23541 23433 -0.00538573
21113 23423 23345 -0.00369441
19913 23225 23245 0.00100437
21961 24380 24332 -0.00218569
21648 24188 24188 0
22502 24494 24494 0
21199 24104 24061 -0.0020284
21508 24649 24600 -0.00227822
21798 24116 24118 9.17515e-05
22244 23593 23467 -0.00566445
22011 24326 24233 -0.00422516
21862 23926 23829 -0.00443692
21729 23683 23884 0.00925031
21485 24106 24106 0
21584 24268 23957 -0.0144088
21559 23363 23083 -0.0129876
21925 24338 24402 0.00291904
21646 24312 24297 -0.000692969
22427 25208 25212 0.000178356
21132 23988 23932 -0.00265001
22558 25041 25041 0
21385 24307 24307 0
21878 24226 24243 0.000777036
22222 24216 24311 0.00427504
21053 24255 24246 -0.000427493
21023 24064 24009 -0.00261618
22248 24859 24772 -0.00391046
21901 24596 24586 -0.0004566
22284 24748 24748 0
20614 23590 23521 -0.00334724
21379 24029 24005 -0.0011226
21733 24788 24788 0
22602 24379 24387 0.000353951
21588 24146 23869 -0.0128312
21228 23746 23722 -0.00113058
21635 23949 23962 0.000600878
22361 24353 24367 0.00062609
21685 23673 23503 -0.00783952
21440 24393 24721 0.0152985
22349 24027 24027 0
21969 23592 23788 0.00892166
20998 23816 23813 -0.000142871
21519 24422 24424 9.29411e-05
21571 24255 24149 -0.004914
22157 24946 24927 -0.000857517
21859 24647 24731 0.00384281
21892 24752 24522 -0.0105061
20983 23335 23335 0
21524 24614 24654 0.00185839
21229 23913 23913 0
21744 24816 24816 0
23351 25069 24913 -0.00668066
21000 24037 24133 0.00457143
21285 24014 24014 0
23561 25148 25098 -0.00212215
21546 24689 24598 -0.00422352
21650 24823 24799 -0.00110855
21888 24011 23982 -0.00132493
22282 24535 24072 -0.0207791
21804 24332 24245 -0.00399009
22250 24450 24380 -0.00314607
21618 24263 24168 -0.00439449
21417 23807 23787 -0.000933838
21681 24053 24018 -0.00161432
22605 24739 24852 0.00499889
20987 23646 23778 0.00628961
21020 23835 23757 -0.00371075
21210 24130 24130 0
21286 24395 24400 0.000234896
21880 24627 24627 0
21155 24905 24897 -0.000378161
22015 23758 23758 0
22691 24827 24654 -0.00762417
21840 23506 23470 -0.00164835
21248 24789 24907 0.00555346
22308 24528 24539 0.000493097
21502 24123 24092 -0.00144173
21841 24103 24193 0.00412069
21412 23859 23697 -0.00756585
20638 24273 24145 -0.00620215
21016 24126 24050 -0.00361629
22432 24263 24278 0.000668688
21059 24100 24100 0
20819 23675 23807 0.00634036
20856 23425 23397 -0.00134254
20575 24225 24181 -0.00213852
21608 23840 23817 -0.00106442
21535 24374 24178 -0.00910146
21162 23745 23552 -0.00912012
22513 24889 25395 0.0224759
21140 23551 23572 0.000993377
21242 24092 24118 0.00122399
22412 23480 23344 -0.00606818
21716 24000 23940 -0.00276294
21625 24428 24414 -0.000647399
21966 24162 24117 -0.00204862
21504 24225 24225 0
22565 24876 24811 -0.00288057
20802 23816 23816 0
21640 24419 24304 -0.00531423
21799 23350 23418 0.00311941
21366 24361 24335 -0.00121689
20942 24490 24500 0.000477509
21790 24347 24503 0.00715925
22137 24094 24180 0.0038849
21806 24238 24269 0.00142163
22584 25059 25034 -0.00110698
21974 24279 24299 0.000910167
22274 24510 24645 0.00606088
21148 23642 23623 -0.00089843
22638 23799 23760 -0.00172277
21872 24165 24045 -0.00548647
22170 25195 25195 0
21913 24471 24475 0.00018254
21400 24007 24023 0.000747664
21413 23701 23609 -0.00429646
21743 24353 24400 0.00216162
21798 23700 23710 0.000458758
21387 24242 24113 -0.0060317
22478 24218 24028 -0.00845271
22297 24723 24650 -0.00327398
21490 24047 24035 -0.000558399
21969 23724 23769 0.00204834
21338 23290 23231 -0.00276502
22431 23606 23866 0.0115911
21244 24041 24041 0
21916 23722 23768 0.00209892
21187 24300 24224 -0.00358711
21692 23941 23941 0
21271 24204 24137 -0.00314983
22105 24706 24570 -0.00615245
22710 24630 24630 0
22030 23800 23931 0.00594644
21722 24121 24091 -0.00138109
21249 24489 24489 0
22203 24632 24451 -0.00815205
22577 24517 24463 -0.00239181
23205 25493 25543 0.00215471
22807 24165 24133 -0.00140308
22041 24422 24357 -0.00294905
21925 24680 24563 -0.00533637
20863 24103 24103 0
21996 24066 24233 0.00759229
22453 24263 24321 0.00258317
22078 24007 24011 0.000181176
22310 24470 24470 0
22552 25379 25379 0
22625 25551 25551 0
21500 23893 23864 -0.00134884
21954 24419 24387 -0.00145759
22026 24372 24261 -0.0050395
22207 24332 24326 -0.000270185
21215 24009 24070 0.00287532
21046 23984 23926 -0.00275587
21689 25170 25247 0.00355019
20705 22995 22931 -0.00309104
22456 24378 24297 -0.00360705
21592 23901 23894 -0.000324194
21414 24154 23996 -0.00737835
22746 24593 24593 0
21219 24052 23597 -0.021443
22523 24896 24743 -0.00679306
21132 23947 23931 -0.000757146
22065 24144 24238 0.00426014
21844 23822 23592 -0.0105292
21780 24391 24331 -0.00275482
23263 24982 24982 0
21934 24681 24567 -0.00519741
22050 24586 24566 -0.000907029
20350 24016 24011 -0.0002457
21702 24284 24284 0
21798 24404 24450 0.00211029
21913 23895 23750 -0.00661708
21738 23736 23748 0.000552029
21452 24748 24267 -0.0224222
21655 23752 23691 -0.0028169
22238 23942 23938 -0.000179872
21162 24596 24596 0
21595 24383 24383 0
21130 24070 23819 -0.0118788
21436 24055 24055 0
20245 23880 23874 -0.000296369
22152 24567 24424 -0.0064554
22230 24311 24311 0
21067 22768 22684 -0.00398728
21589 23551 23633 0.00379823
20645 23534 23303 -0.0111891
22901 25221 25221 0
21495 24019 23976 -0.00200047
21769 24970 24955 -0.000689053
21678 24403 24209 -0.00894917
21663 23433 23437 0.000184647
22141 24123 24305 0.00822004
22013 24613 24540 -0.00331622
23174 24283 24507 0.00966601
22721 24570 24494 -0.00334492
22052 24391 24391 0
22091 24432 24413 -0.000860079
22091 24590 24247 -0.0155267
21920 24106 24302 0.00894161
22527 24583 24533 -0.00221956
21681 24076 24076 0
21210 23780 23722 -0.00273456
20965 23461 23552 0.00434057
22283 24300 24372 0.00323116
22003 23857 23857 0
21361 23507 23443 -0.00299611
21385 23385 23392 0.000327332
22316 24567 24552 -0.000672163
21315 23434 23407 -0.00126671
22775 24920 24916 -0.000175631
21768 24065 24181 0.00532892
21421 24082 24339 0.0119976
21845 25110 25110 0
21636 23284 23253 -0.0014328
20587 23881 23881 0
21825 24433 24329 -0.00476518
22243 24504 24511 0.000314706
21434 23917 24009 0.00429225
21513 23631 23585 -0.00213824
21772 24266 24318 0.00238839
21057 24533 24537 0.000189961
21166 23079 23079 0
21688 23761 23761 0
21474 23833 23930 0.00451709
21926 24069 24069 0
21628 24093 24136 0.00198816
22816 24458 24490 0.00140252
21895 24238 24171 -0.00306006
21872 24913 24913 0
22836 24909 24988 0.00345945
21333 24090 24090 0
21258 24431 24292 -0.00653871
21094 23976 24299 0.0153124
22017 24150 24055 -0.00431485
21417 24019 24106 0.00406219
21403 23821 23893 0.00336401
23005 24893 24912 0.000825907
21971 23867 23963 0.0043694
20355 23984 24007 0.00112994
22123 23789 23789 0
20695 23874 23881 0.000338246
21856 24547 24547 0
22050 25264 25264 0
21526 24331 24451 0.00557465
21923 24701 24577 -0.00565616
20998 23912 23865 -0.00223831
21635 23702 23777 0.00346661
22367 24400 23898 -0.0224438
22219 24293 24192 -0.00454566
21639 24304 24045 -0.0119691
22994 24854 24642 -0.0092198
22134 25067 25032 -0.00158128
21932 24277 24284 0.000319168
21985 24441 24408 -0.00150102
21735 24819 24819 0
22624 24844 24845 4.42008e-05
21864 24205 24266 0.00278997
20572 23549 23549 0
21417 24175 24157 -0.000840454
21761 23888 23854 -0.00156243
21298 23871 23888 0.000798197
22141 23967 23773 -0.00876203
22657 24947 24947 0
19985 22999 22795 -0.0102077
22182 24941 24823 -0.00531963
21063 24276 24510 0.0111095
21149 23811 23693 -0.00557946
21174 23940 23938 -9.44555e-05
21710 24210 24233 0.00105942
21281 23726 23750 0.00112777
22609 25302 25207 -0.00420187
21592 24399 24369 -0.0013894
21208 23674 23733 0.00278197
21764 23646 23691 0.00206763
21874 24811 24692 -0.00544025
20835 23710 23622 -0.00422366
21134 23522 23496 -0.00123025
22166 24322 24128 -0.00875214
21403 23575 23642 0.0031304
20799 24968 24968 0
21242 23525 23451 -0.00348366
21248 24344 24162 -0.00856551
21831 23781 23759 -0.00100774
21732 24115 23993 -0.00561384
21650 23999 23960 -0.00180139
20434 23751 23739 -0.000587257
22557 24673 24735 0.00274859
21379 23874 23946 0.00336779
21300 24186 24175 -0.000516432
22124 24705 24717 0.000542397
21541 24346 24346 0
21507 23943 23943 0
21518 23863 24008 0.00673854
22316 24278 24288 0.000448109
21118 23738 23655 -0.0039303
22230 23914 23886 -0.00125956
21113 24412 24383 -0.00137356
20766 23905 23895 -0.000481556
22317 23747 23802 0.00246449
22400 24393 24639 0.0109821
22218 24393 24391 -9.00171e-05
21673 24198 24213 0.000692105
21701 24309 24309 0
22405 24617 24545 -0.00321357
21628 23405 23405 0
21630 23764 23764 0
21886 24405 24361 -0.00201042
21975 24345 24335 -0.000455063
21148 24581 24478 -0.00487044
22016 24588 24588 0
21621 24365 24358 -0.000323759
22713 24506 24506 0
21451 24560 24591 0.00144515
21516 23770 23674 -0.0044618
22785 24832 25014 0.00798771
21001 23770 23743 -0.00128565
22112 24360 24195 -0.00746201
20966 23805 23811 0.000286178
21632 23781 23781 0
21853 24675 24675 0
20895 24283 24283 0
21452 24124 24124 0
21858 24117 24117 0
21449 24547 24336 -0.00983729
22777 23860 23878 0.000790271
22018 24685 24685 0
21127 24037 24037 0
21967 25004 25004 0
22739 25292 25150 -0.00624478
21284 24304 24191 -0.00530915
21631 24465 24452 -0.000600989
21246 23783 23783 0
22125 23815 23877 0.00280226
22301 24673 24602 -0.00318371
22658 24735 24715 -0.00088269
21696 24303 24303 0
22547 25261 25411 0.00665277
22001 25011 24854 -0.00713604
21443 24569 24647 0.00363755
20654 23398 23398 0
21623 24271 24257 -0.000647459
22394 24596 24630 0.00151826
20992 24054 23934 -0.00571646
21504 23919 23890 -0.00134859
21355 24456 24495 0.00182627
21828 24601 24601 0
22249 24388 24176 -0.00952852
20591 23340 23374 0.00165121
21588 23713 23718 0.00023161
21942 23736 23732 -0.000182299
22175 24303 24331 0.00126268
23079 25121 25195 0.00320638
21328 24412 24496 0.00393848
21852 24322 24161 -0.00736775
22384 25051 25030 -0.00093817
22056 24817 24685 -0.00598477
21424 23944 24248 0.0141897
21135 23736 23658 -0.00369056
21631 24106 24036 -0.0032361
22206 24505 24511 0.000270197
22565 24918 24901 -0.000753379
21741 24417 24434 0.000781933
21591 24039 23797 -0.0112084
22286 24659 24659 0
21540 24204 24102 -0.00473538
20691 24301 24271 -0.00144991
21893 25188 25188 0
21355 23800 23765 -0.00163896
21632 24480 24506 0.00120192
22643 25031 24781 -0.0110409
21369 23934 24066 0.00617717
21775 24755 24762 0.00032147
22140 24871 24872 4.51671e-05
21042 24504 24594 0.00427716
21819 25028 24925 -0.00472066
23044 25278 25353 0.00325464
22232 24582 24344 -0.0107053
20602 24063 24211 0.00718377
21779 24279 24162 -0.00537215
21101 23517 23419 -0.00464433
22163 24553 24555 9.02405e-05
20790 24177 24226 0.0023569
21207 24189 24125 -0.00301787
22652 24790 24714 -0.00335511
21243 24299 24355 0.00263616
20327 23806 23783 -0.0011315
21242 24381 24058 -0.0152057
21454 23486 23451 -0.0016314
22391 24457 24353 -0.00464472
21616 24055 24159 0.00481125
21994 23924 23701 -0.0101391
21385 25012 25015 0.000140285
21735 24159 23921 -0.0109501
21944 24325 24138 -0.00852169
22520 24732 24784 0.00230906
22375 24058 23958 -0.00446927
21859 24531 24531 0
22603 24466 24486 0.000884838
22638 24531 24535 0.000176694
21057 24206 24179 -0.00128223
21493 24870 24449 -0.0195878
20939 23346 23543 0.00940828
22640 24806 24664 -0.00627208
22112 24696 24601 -0.00429631
21668 23752 23693 -0.00272291
21726 24175 24231 0.00257756
22045 24592 24387 -0.00929916
21788 24106 23706 -0.0183587
21400 24278 24288 0.00046729
21793 24381 24381 0
22698 24459 24459 0
23077 24462 24499 0.00160333
21537 24462 24389 -0.00338952
21629 24278 24278 0
22162 24118 24155 0.00166952
21738 23466 23495 0.00133407
21620 23492 23551 0.00272895
22770 24738 24665 -0.00320597
21541 23458 23355 -0.00478158
22508 24108 24351 0.0107962
20842 24183 23960 -0.0106995
21713 24236 24236 0
22870 24598 24569 -0.00126804
21594 24242 24298 0.00259331
21369 24171 24154 -0.000795545
21253 24285 24294 0.00042347
20891 23871 23796 -0.00359006
22664 24487 24487 0
20975 23322 22987 -0.0159714
22048 24653 24653 0
22058 24664 24560 -0.00471484
22315 24340 24235 -0.00470536
20478 24062 24277 0.0104991
21039 24794 24794 0
21665 24177 24164 -0.000600046
21208 23490 23378 -0.00528103
21029 24107 24144 0.00175948
21790 23811 23811 0
22410 24513 24547 0.00151718
21557 24345 24345 0
22175 24112 23875 -0.0106877
21344 23529 23475 -0.00252999
21405 24149 24189 0.00186872
21127 23829 23701 -0.0060586
21529 24441 24559 0.00548098
20671 24224 24149 -0.00362827
22972 24890 24892 8.70625e-05
21018 24368 24292 -0.00361595
21494 24311 24311 0
22061 24621 24693 0.00326368
22566 25179 25165 -0.000620402
21393 24187 24187 0
22175 24562 24562 0
21478 23656 23434 -0.0103362
21958 23958 23895 -0.00286911
21895 24347 24182 -0.00753597
22369 24036 24039 0.000134114
21647 24822 24989 0.00771469
21108 23910 23868 -0.00198977
21213 23319 23384 0.00306416
21282 23176 23358 0.00855183
20906 24161 24161 0
21043 23783 23690 -0.00441952
21962 23906 24048 0.00646571
21574 23666 23504 -0.00750904
20944 24022 23902 -0.00572956
21157 23236 23318 0.00387579
21426 23698 23698 0
21658 24207 24207 0
21618 24366 24392 0.0012027
20786 23335 23351 0.000769749
21984 24086 24198 0.00509461
21620 24427 24533 0.00490287
22071 23946 24096 0.00679625
21208 24461 24461 0
21602 23979 23865 -0.00527729
21694 24485 24407 -0.00359546
20973 23563 23627 0.00305154
21235 24075 24022 -0.00249588
20852 23743 23732 -0.000527527
21231 23434 23434 0
23050 24580 24658 0.00338395
22139 24291 24363 0.00325218
21501 24853 24849 -0.000186038
21351 23907 23918 0.000515198
21627 24400 24493 0.00430018
20992 23628 23648 0.000952744
21793 23410 23697 0.0131694
22218 24857 24857 0
22031 23995 23878 -0.0053107
21006 23626 23388 -0.0113301
22247 25086 25300 0.00961927
21851 24285 24285 0
21908 23671 23565 -0.00483842
22710 25227 25177 -0.00220167
22137 24228 24228 0
20864 23777 23740 -0.00177339
21210 23329 23345 0.000754361
21960 24069 24056 -0.000591985
21563 24647 24641 -0.000278254
20743 24041 23996 -0.00216941
21314 24809 24809 0
21846 24745 24779 0.00155635
22245 24721 24783 0.00278714
21287 23598 23525 -0.00342932
21114 23951 23940 -0.000520981
22082 24624 24593 -0.00140386
21415 23913 23913 0
21621 24309 24270 -0.0018038
21708 23463 23463 0
21219 24583 24551 -0.00150808
22165 24664 24664 0
21935 24069 24069 0
21957 24404 24421 0.000774241
21844 24657 24657 0
21858 23767 23722 -0.00205874
21642 24325 24424 0.00457444
21750 23730 23730 0
22104 24112 24011 -0.00456931
21415 24251 24172 -0.003689
21427 24875 24875 0
21251 24318 24158 -0.00752906
20651 23599 23682 0.00401918
20239 23648 23684 0.00177874
21423 24552 24552 0
20468 23619 23619 0
21860 24241 24241 0
21649 24215 24233 0.000831447
21650 24161 24213 0.00240185
21621 23972 23833 -0.00642893
21456 24304 24317 0.000605891
21598 24581 24581 0
22104 24272 24322 0.00226203
21746 23978 23849 -0.00593213
21064 24050 24050 0
21483 24422 24460 0.00176884
22742 24718 24698 -0.00087943
21876 24465 24404 -0.00278844
21589 23795 23821 0.00120432
22124 24157 23917 -0.0108479
21988 24074 24074 0
22372 24413 24476 0.00281602
21742 23715 23514 -0.00924478
21668 23546 23607 0.00281521
22630 24246 24171 -0.00331418
22320 23895 24127 0.0103943
22232 24247 24172 -0.00337352
21292 23701 23540 -0.00756153
21458 23711 23471 -0.0111846
21126 24103 24240 0.0064849
21289 23404 23500 0.00450937
22231 24649 24720 0.00319374
21629 23960 24002 0.00194184
21828 24706 24592 -0.00522265
21421 24026 23997 -0.00135381
21600 24471 24451 -0.000925926
22252 24682 24682 0
22054 24899 24666 -0.010565
21862 24909 24955 0.00210411
22326 24712 24712 0
21872 24144 24144 0
22171 24339 24348 0.000405936
20849 24259 24369 0.00527603
21160 23736 23603 -0.00628544
21335 24057 23875 -0.00853058
22295 24135 24455 0.014353
22510 24326 24194 -0.00586406
22378 23953 24055 0.00455805
22276 24335 24277 -0.0026037
21820 24296 24363 0.00307058
21694 24302 24195 -0.00493224
21930 23936 24067 0.00597355
21627 24012 23992 -0.00092477
22226 24784 24603 -0.00814362
20414 22967 22772 -0.00955227
22270 24826 24811 -0.000673552
22110 24536 24567 0.00140208
22057 25298 25298 0
22472 24122 24105 -0.000756497
21407 23766 23798 0.00149484
21898 24751 24910 0.00726094
20985 23423 23420 -0.000142959
20944 23792 23692 -0.00477464
21899 24932 24959 0.00123293
20725 24271 24260 -0.00053076
22012 23925 23796 -0.00586044
21620 24524 24704 0.00832562
21808 24763 24763 0
21469 24364 24396 0.00149052
21518 23878 23953 0.00348545
22509 23982 24005 0.00102181
22168 24157 24267 0.00496211
22057 24626 24421 -0.0092941
20815 23536 23242 -0.0141244
21286 23767 23753 -0.000657709
21879 24898 24898 0
21743 23989 24171 0.00837051
21484 24103 24103 0
21547 25216 25090 -0.00584768
22851 25143 25143 0
21744 24164 24174 0.000459897
21411 24569 24376 -0.00901406
21501 24832 24864 0.0014883
21212 24031 24152 0.00570432
21713 24720 24684 -0.00165799
22275 24558 24541 -0.000763187
20277 23278 22918 -0.0177541
22163 24064 24133 0.0031133
21967 24570 24532 -0.00172987
22745 24217 24285 0.00298967
21299 24162 24292 0.00610357
22182 24472 24410 -0.00279506
22187 24149 24246 0.00437193
21810 23911 23990 0.00362219
20984 23967 23937 -0.00142966
22527 24788 24642 -0.00648111
22143 24372 24319 -0.00239353
22371 25291 25291 0
21530 24733 24473 -0.0120762
22377 24878 24896 0.000804397
21464 24497 24442 -0.00256243
21846 24187 24184 -0.000137325
21360 24972 24804 -0.00786517
21794 24778 24722 -0.00256951
21538 24577 24512 -0.00301792
21872 24067 24125 0.00265179
21056 24333 24324 -0.000427432
22631 24245 24174 -0.00313729
22160 24570 24488 -0.00370036
22012 23988 23776 -0.00963111
21980 24412 24391 -0.000955414
22012 24236 24118 -0.00536071
22092 24252 24356 0.00470759
21795 24195 24286 0.00417527
21204 23978 24173 0.00919638
21747 24494 24704 0.0096565
21852 23592 23646 0.00247117
21491 23825 23838 0.000604904
21772 24712 24719 0.000321514
21396 23780 23721 -0.00275752
22325 24835 24725 -0.00492721
20988 23595 23547 -0.00228702
21256 24376 24274 -0.00479865
22049 24152 24200 0.00217697
21705 23602 23456 -0.00672656
21330 23593 23544 -0.00229723
21203 24717 24717 0
22072 24180 24129 -0.00231062
21263 23871 23869 -9.40601e-05
22644 24384 24202 -0.00803745
22819 25005 24671 -0.0146369
21098 23775 23686 -0.00421841
22515 24023 24112 0.00395292
22791 24506 24732 0.00991619
22165 24313 24359 0.00207534
21523 24112 23912 -0.00929238
22440 25335 25335 0
21252 24003 23836 -0.00785808
21747 24347 24337 -0.000459834
21792 25163 25175 0.000550661
22726 25018 25010 -0.00035202
22519 24834 24878 0.00195391
21341 24122 24122 0
21458 24281 24097 -0.00857489
21684 24601 24542 -0.0027209
21890 24878 24888 0.00045683
21192 24413 24231 -0.00858815
21235 24223 24223 0
21501 24013 24013 0
21296 23953 23977 0.00112697
21962 24566 24533 -0.0015026
22386 24576 24390 -0.00830876
21516 23891 23594 -0.0138037
22228 25098 25097 -4.49883e-05
20279 24095 24123 0.00138074
21148 22638 22892 0.0120106
21784 24524 24562 0.0017444
21295 23348 23355 0.000328716
21763 24347 24338 -0.000413546
21353 24149 24324 0.00819557
