24744 27692 27700 0.000323311
24099 27653 27547 -0.00439852
25263 28027 27576 -0.0178522
24800 28352 27971 -0.0153629
25108 28126 28275 0.00593436
25700 28165 28165 0
25747 28683 28715 0.00124286
25532 28399 28451 0.00203666
25599 28089 28012 -0.00300793
25160 27367 27367 0
25361 27632 27755 0.00484997
25325 27840 27840 0
24671 27027 26734 -0.0118763
24691 28637 28789 0.00615609
25317 28125 28138 0.000513489
25717 27951 28052 0.00392736
26152 28219 28219 0
25729 28405 28223 -0.00707373
24416 27169 27185 0.000655308
24860 27792 27687 -0.00422365
26125 28646 28476 -0.00650718
25433 27830 27485 -0.0135651
24906 27319 27333 0.000562114
25463 28145 28145 0
25244 27881 27873 -0.000316907
24827 28360 28285 -0.0030209
26082 27882 27882 0
25096 28747 28694 -0.00211189
25194 27627 27627 0
25297 28108 28299 0.0075503
25201 28774 28682 -0.00365065
25727 27805 27805 0
25660 27946 28029 0.00323461
24945 27121 27216 0.00380838
24394 28039 28039 0
25546 27976 27884 -0.00360135
25263 28241 28173 -0.00269168
26494 28714 29025 0.0117385
25634 28426 28193 -0.00908949
25562 28276 28276 0
26939 29388 29552 0.00608783
25613 28249 28249 0
25864 28267 28277 0.000386638
25747 28193 28246 0.00205849
24104 27995 27993 -8.29738e-05
26138 28783 28783 0
25408 28065 28070 0.000196788
25462 28297 28300 0.000117823
26412 28307 28270 -0.00140088
25751 28042 27753 -0.0112229
25745 27836 27567 -0.0104486
24261 27934 27910 -0.000989242
24454 27564 27564 0
25687 28010 28096 0.003348
25893 28479 28490 0.000424825
25574 28166 28122 -0.0017205
24949 28455 28401 -0.00216442
25992 28569 28711 0.00546322
24984 27895 28132 0.00948607
25620 27944 28049 0.00409836
25653 27491 27379 -0.00436596
24259 27414 27328 -0.00354508
25374 28399 28416 0.000669977
27261 28637 28637 0
24190 27030 26643 -0.0159983
25214 27749 27749 0
26143 28348 28407 0.00225682
24784 28018 28141 0.00496288
24232 27155 27382 0.00936778
25516 28049 28080 0.00121492
25038 28240 28256 0.000639029
24773 27173 27163 -0.000403665
24219 28449 28410 -0.00161031
25195 28148 28187 0.00154793
24417 27577 27469 -0.00442315
24518 27715 27394 -0.0130924
25474 27683 27453 -0.00902881
25489 28114 28057 -0.00223626
25212 29004 29004 0
25622 28407 28320 -0.00339552
25563 27481 27481 0
25679 27988 28056 0.00264808
24852 27361 27264 -0.00390311
25103 27782 27856 0.00294785
25350 28039 28257 0.00859961
25607 27905 27966 0.00238216
25525 27313 27313 0
25577 28677 28725 0.00187669
25527 28589 28782 0.00756062
26148 28896 28865 -0.00118556
26778 29253 29253 0
25320 28181 28077 -0.00410742
24238 28427 28543 0.00478587
25087 27993 27961 -0.00127556
25935 28413 28408 -0.00019279
25250 27749 27749 0
24573 27735 27735 0
25149 28641 28641 0
25591 28007 27871 -0.00531437
25312 27799 27662 -0.00541245
25499 28061 28078 0.000666693
26115 28222 28112 -0.00421214
25599 28514 28191 -0.0126177
25504 28109 28109 0
25155 28101 28103 7.95071e-05
25887 28618 28524 -0.00363117
24639 27564 27464 -0.00405861
24446 28159 28126 -0.00134991
26157 28190 28190 0
25192 28565 28567 7.93903e-05
25524 28363 27913 -0.0176305
24882 27599 27492 -0.0043003
26016 28537 28761 0.00861009
24689 27787 27787 0
24746 26902 27058 0.00630405
25522 27512 27440 -0.0028211
25263 27657 27432 -0.00890631
25957 28181 27843 -0.0130215
25874 28925 28925 0
25479 27772 27826 0.00211939
24998 27764 27880 0.00464037
24731 27926 27815 -0.00448829
24787 28604 28681 0.00310647
25196 27567 27567 0
25604 28610 28466 -0.00562412
24995 28365 28102 -0.0105221
25192 27426 27315 -0.00440616
25344 28549 28587 0.00149937
25226 27788 27822 0.00134782
26210 28429 28515 0.00328119
25905 28346 28296 -0.00193013
25392 28089 28096 0.000275677
25514 27663 27891 0.00893627
25481 28938 28915 -0.000902633
25239 28190 28392 0.00800349
24929 28016 28024 0.000320911
25988 28820 28825 0.000192396
26301 28643 28643 0
24962 27820 27820 0
26060 28569 28477 -0.00353031
24573 27540 27360 -0.00732511
24908 27993 27733 -0.0104384
24506 26566 26390 -0.00718191
25049 27032 27028 -0.000159687
25249 27281 27630 0.0138223
25249 28263 28263 0
25763 28261 28253 -0.000310523
23752 27491 27187 -0.0127989
26067 28783 28754 -0.00111252
24249 27473 27467 -0.000247433
24306 28060 28053 -0.000287995
25699 27710 27912 0.00786023
25914 27597 27597 0
24530 27258 27258 0
25112 27726 27739 0.000517681
26407 28246 28245 -3.78687e-05
24623 27609 27615 0.000243675
25379 27747 27463 -0.0111904
24952 28123 28124 4.00769e-05
24999 27498 27464 -0.00136005
25981 28369 28350 -0.000731304
25378 28867 28714 -0.00602884
25653 28171 28107 -0.00249483
25169 28666 28817 0.00599944
25115 27328 27384 0.00222974
25155 28082 28236 0.00612204
25632 27984 27995 0.000429151
25699 28684 28684 0
24674 28019 28231 0.00859204
25753 28270 28270 0
25035 28271 28271 0
26021 28296 28506 0.0080704
25361 27880 28010 0.00512598
24572 27411 27673 0.0106625
26025 28783 28719 -0.00245917
25762 28269 28457 0.00729757
25835 28726 28748 0.000851558
25003 27814 28101 0.0114786
24363 27476 27602 0.00517178
24699 28263 28263 0
26551 28679 28747 0.00256111
25338 28150 28150 0
25783 27887 27881 -0.000232711
25215 27920 27822 -0.00388658
25982 29164 29118 -0.00177046
25594 28754 28901 0.00574353
25368 27545 27545 0
24814 27767 27733 -0.00137019
25013 27887 27811 -0.00303842
25541 28928 28781 -0.00575545
25253 28005 27779 -0.00894943
25044 28719 28699 -0.000798594
26448 28357 28442 0.00321385
25999 28708 28713 0.000192315
25568 28264 28196 -0.00265957
24969 28061 28073 0.000480596
25158 27800 27854 0.00214643
24787 27055 27253 0.00798806
25487 27741 27741 0
24829 27836 27298 -0.0216682
26136 28993 28927 -0.00252525
25247 28226 28377 0.00598091
25180 28478 28377 -0.00401112
24807 28531 28531 0
25306 28079 28121 0.00165969
24403 26781 26776 -0.000204893
24474 28082 28002 -0.00326878
24427 27914 27825 -0.00364351
25027 27577 27574 -0.000119871
24982 27890 27869 -0.000840605
23945 26771 26742 -0.00121111
26800 28974 28974 0
25233 28578 28568 -0.000396306
25357 28279 28470 0.00753244
26193 27662 27980 0.0121406
24622 27589 27791 0.00820405
25100 27456 27322 -0.00533865
25652 28036 28067 0.00120848
25617 27815 27601 -0.00835383
25383 28677 28530 -0.00579128
25940 28714 28500 -0.00824981
25064 27637 27660 0.000917651
26192 29174 29213 0.001489
24003 26999 26999 0
25503 28872 28867 -0.000196055
25392 28095 28032 -0.0024811
25906 27661 27568 -0.0035899
25778 27685 27662 -0.000892234
23786 27647 27617 -0.00126125
25009 28351 28145 -0.00823703
25753 28614 28340 -0.0106395
25420 27803 27621 -0.00715972
24972 28626 28565 -0.00244274
24881 27599 27409 -0.00763635
26082 28087 28007 -0.00306725
24208 27585 27482 -0.00425479
25413 28554 28555 3.93499e-05
25374 28099 28135 0.00141878
25182 28177 28122 -0.0021841
25270 28016 28154 0.00546102
24842 28057 28066 0.00036229
24848 28437 28445 0.000321958
24646 27460 27480 0.000811491
24822 27521 27836 0.0126904
25692 28863 28778 -0.00330842
26529 28909 28763 -0.00550341
24631 27738 27738 0
24513 27892 27892 0
24386 27695 27818 0.00504388
24827 27292 27122 -0.00684738
24719 27630 27696 0.00267001
25440 28181 28024 -0.00617138
25486 28162 27826 -0.0131837
24686 26904 26939 0.00141781
24621 27970 27712 -0.0104789
25352 27762 28134 0.0146734
24165 28302 28332 0.00124146
25660 28079 27969 -0.00428683
24885 28012 28255 0.00976492
25103 28110 28119 0.000358523
25709 27784 27741 -0.00167257
25322 27731 27733 7.89827e-05
24897 27905 27905 0
24432 27315 27272 -0.00175999
26773 28754 28691 -0.00235312
24282 27595 27520 -0.00308871
25699 27877 28117 0.00933888
25057 28140 28148 0.000319272
25619 27901 27910 0.000351302
24826 27202 27145 -0.00229598
25492 28305 28229 -0.00298133
24576 27871 27784 -0.00354004
24653 28146 28127 -0.000770697
26390 27957 27946 -0.000416825
26141 29047 29148 0.00386366
25139 28205 28492 0.0114165
25557 28439 28399 -0.00156513
25009 27478 27474 -0.000159942
25778 28927 28802 -0.0048491
24829 28086 28141 0.00221515
26294 28446 28293 -0.00581882
24568 27445 27260 -0.00753012
24635 27397 27203 -0.00787497
24995 28121 28093 -0.00112022
24855 27586 27414 -0.00692014
25279 28365 28149 -0.00854464
25000 27123 27216 0.00372
26212 29013 29064 0.00194567
25840 28348 28321 -0.00104489
26280 28173 28173 0
26142 28467 28481 0.000535537
25220 28573 28368 -0.00812847
24406 27544 27707 0.00667869
24997 27869 27791 -0.00312037
25052 28101 28049 -0.00207568
24868 28010 28099 0.0035789
25855 28892 28892 0
24563 27960 27878 -0.00333835
26090 28953 28953 0
26570 28634 28666 0.00120437
24788 26990 26971 -0.0007665
25396 28373 28362 -0.000433139
26023 28163 28163 0
25421 28998 28987 -0.000432713
24552 27289 27261 -0.00114044
26067 28126 28162 0.00138106
25305 28099 28023 -0.00300336
24785 27960 27743 -0.0087553
25472 27683 27614 -0.00270886
25043 26952 27355 0.0160923
25495 28627 28665 0.00149049
25032 27457 27537 0.00319591
25588 27314 27489 0.00683914
25139 28306 28306 0
25142 28396 28396 0
26175 28671 28776 0.00401146
24727 28433 28433 0
23976 27411 27400 -0.000458792
25592 27953 27811 -0.00554861
23836 27247 27205 -0.00176204
24902 27023 27215 0.00771022
23235 26765 26804 0.0016785
25788 28473 28331 -0.00550644
25146 27873 27858 -0.000596516
26398 28167 28167 0
25194 27890 27890 0
24851 28065 28041 -0.000965756
25121 27844 27895 0.00203017
25900 27442 27442 0
25790 28188 27891 -0.0115161
25477 28128 28165 0.00145229
25363 27763 27797 0.00134054
24573 27716 27716 0
25324 28147 28147 0
25208 27188 27313 0.00495874
25254 27917 27951 0.00134632
24917 27854 27831 -0.000923065
26564 29254 29374 0.00451739
25193 27701 27916 0.00853412
26137 28871 28854 -0.000650419
25305 28085 28015 -0.00276625
25602 27727 27698 -0.00113272
25663 28062 28099 0.00144176
24918 27853 27853 0
24900 27828 27797 -0.00124498
25865 28449 28514 0.00251305
25483 28602 28632 0.00117726
25503 28201 28201 0
23799 27306 27228 -0.00327745
25205 27765 28020 0.010117
25418 28280 28221 -0.00232119
26309 27886 27864 -0.000836216
25438 28017 28012 -0.000196556
24864 27829 27559 -0.0108591
25156 27594 27533 -0.00242487
26179 28546 28623 0.00294129
25206 27571 27450 -0.00480044
25178 28801 28801 0
25726 27522 27522 0
25468 27517 27587 0.00274855
24579 27517 27269 -0.0100899
25184 28150 27952 -0.00786213
25279 28173 28182 0.000356027
25753 28664 28660 -0.000155322
25649 28369 28289 -0.00311903
25611 28599 28176 -0.0165163
24766 27385 27077 -0.0124364
25486 28948 28827 -0.0047477
25135 27790 27845 0.00218818
25620 28446 28489 0.00167838
26922 28629 28663 0.00126291
24537 27960 27868 -0.00374944
25258 28026 27971 -0.00217753
27361 28841 28824 -0.000621322
25237 28780 28770 -0.000396244
25132 28536 28634 0.00389941
25537 28036 27901 -0.00528645
26173 28281 28110 -0.00653345
25140 27948 27916 -0.00127287
25948 28370 28283 -0.00335286
24925 28031 28031 0
24936 27644 27489 -0.00621591
25244 27770 27662 -0.00427824
26178 29042 29004 -0.0014516
24592 27696 27696 0
24609 27426 27326 -0.00406355
24464 27932 27795 -0.00560007
24940 28227 28054 -0.00693665
25732 28448 28376 -0.00279807
24596 28842 28786 -0.00227679
25676 27254 27106 -0.00576414
26289 29032 29017 -0.000570581
25095 27152 27454 0.0120343
25017 28878 28844 -0.00135908
26315 28271 28356 0.0032301
25308 28028 28001 -0.00106686
25790 28002 28337 0.0129895
24931 27822 27442 -0.0152421
24319 27962 27803 -0.0065381
24315 28012 28012 0
26251 28470 28309 -0.0061331
24623 27758 27815 0.00231491
24274 27842 27844 8.23927e-05
24523 27472 27547 0.00305835
24325 28169 28126 -0.00176773
25250 27583 27534 -0.00194059
25189 28129 28129 0
25002 27797 27748 -0.00195984
26224 28981 28868 -0.00430903
25020 27441 27543 0.00407674
25214 28392 28408 0.000634568
25579 26791 27137 0.0135267
25847 28107 28107 0
25121 28014 27767 -0.00983241
25459 27741 27741 0
25340 28012 27954 -0.00228887
26249 28714 28714 0
24454 27895 27812 -0.00339413
25494 28645 28645 0
24867 26915 26924 0.000361925
24849 28030 28032 8.04861e-05
24436 28529 28294 -0.00961696
25770 28125 28568 0.0171905
25583 28030 28133 0.00402611
25435 28460 28531 0.00279143
25902 28763 28834 0.0027411
25511 28014 28202 0.00736937
25965 28075 28354 0.0107452
25162 27989 27829 -0.0063588
26471 27897 27755 -0.00536436
25722 27814 27827 0.000505404
25902 28995 28880 -0.00443981
25697 28265 28433 0.00653773
24839 27623 27632 0.000362333
25163 27509 27594 0.00337798
25300 28301 28100 -0.00794466
25520 27321 27377 0.00219436
24524 27683 27684 4.07764e-05
25930 27601 27628 0.00104126
26145 28527 28559 0.00122394
25345 27775 27772 -0.000118367
25188 27397 27411 0.00055582
25091 27398 27094 -0.0121159
25819 27775 27804 0.0011232
24665 27697 27869 0.00697344
25980 27985 27929 -0.0021555
24584 28032 28084 0.0021152
25373 27925 27925 0
24598 27702 27673 -0.00117896
25999 28469 28643 0.00669257
26474 28648 28483 -0.00623253
25597 27750 27884 0.00523499
25778 28413 28446 0.00128016
25055 28611 28611 0
26107 28581 28427 -0.0058988
26070 28264 28360 0.00368239
26792 29110 29213 0.00384443
26312 27926 27606 -0.0121618
25654 28504 28514 0.000389803
25449 28350 28350 0
24292 27689 27786 0.00399308
25319 27922 27966 0.00173783
26518 28305 28345 0.00150841
25559 27602 27799 0.00770766
25595 28134 28150 0.000625122
26521 29361 29393 0.00120659
26526 29344 29344 0
25452 27713 27755 0.00165017
25918 28443 28472 0.00111891
25865 28265 28284 0.000734583
25958 28774 28547 -0.0087449
24692 27535 27568 0.00133647
24802 27876 27547 -0.0132651
25329 28861 28773 -0.00347428
24066 26792 26708 -0.0034904
26048 28136 28147 0.000422297
24971 27869 27653 -0.00865003
25030 28139 28140 3.99521e-05
26141 27990 27990 0
25049 27929 27934 0.000199609
26602 29026 29040 0.000526276
24401 27695 27741 0.00188517
25904 28397 28337 -0.00231624
24760 27504 27265 -0.00965267
25479 28152 28094 -0.00227638
27308 28883 28833 -0.00183097
25129 27855 27876 0.000835688
25935 28707 28350 -0.0137652
23996 27540 27720 0.00750125
25440 28043 27738 -0.011989
25544 28112 28073 -0.00152678
25422 27919 27919 0
25376 27568 27342 -0.00890605
25102 28459 28060 -0.0158951
25023 27632 27674 0.00167846
25817 27701 27745 0.0017043
24516 28383 28144 -0.00974874
25202 28402 28404 7.93588e-05
24850 27624 27593 -0.00124748
25274 28259 28259 0
23915 28013 28013 0
25610 28431 28530 0.00386568
25951 27983 28041 0.00223498
24672 26554 26638 0.00340467
25110 27513 27513 0
24354 27466 27435 -0.00127289
26379 28974 28917 -0.00216081
24741 27823 27863 0.00161675
25064 28452 28474 0.000877753
25545 28053 28009 -0.00172245
25676 27514 27500 -0.000545256
25743 28181 28253 0.00279688
26052 28624 28629 0.000191924
26512 28240 28032 -0.0078455
26492 28191 28368 0.00668126
25828 28143 27988 -0.00600124
25758 28273 28174 -0.00384347
25990 28555 28554 -3.84763e-05
25816 28389 28459 0.0027115
26101 28420 28388 -0.00122601
25355 27845 27860 0.000591599
25079 28048 27989 -0.00235257
24732 27552 27396 -0.00630762
25913 28010 28002 -0.000308725
25465 27259 27339 0.00314157
24436 27118 27071 -0.00192339
25165 27127 27521 0.0156567
25803 28032 28032 0
24674 27478 27460 -0.000729513
26333 28844 28853 0.000341776
25778 28039 27870 -0.00655598
25014 28003 28004 3.99776e-05
25419 28980 28901 -0.00310791
25315 26783 26792 0.00035552
24311 27933 27933 0
25384 28079 28255 0.0069335
25982 28443 28527 0.00323301
24936 27942 27942 0
24927 27246 27111 -0.00541581
25634 27934 28069 0.00526644
24977 28451 28504 0.00212195
24861 26973 26970 -0.000120671
25791 27660 27697 0.00143461
24913 27738 27782 0.00176615
25554 27835 27755 -0.00313063
25292 27867 27864 -0.000118615
26149 28075 28036 -0.00149145
25531 28226 28181 -0.00176256
25418 28580 28435 -0.00570462
26519 28800 28800 0
25065 28342 28383 0.00163575
25042 28303 28214 -0.00355403
24775 28324 28326 8.07265e-05
25501 28304 28208 -0.00376456
25269 27828 27820 -0.000316593
24849 27261 27411 0.00603646
26807 29080 29080 0
25117 27447 27440 -0.000278696
23753 27336 27368 0.0013472
26035 27952 28188 0.00906472
24113 27460 27431 -0.00120267
25629 27842 27967 0.00487729
25476 29215 29215 0
24862 27971 28048 0.0030971
25167 28589 28440 -0.00592045
24567 27612 27431 -0.00736761
25525 27998 27986 -0.000470127
26007 28644 28623 -0.000807475
25218 27432 27593 0.00638433
25521 28285 28278 -0.000274284
26316 28342 28126 -0.00820793
25782 28696 28692 -0.000155147
25528 28421 28368 -0.00207615
25830 28442 28428 -0.000542005
24998 28047 27974 -0.00292023
26378 28905 28882 -0.000871939
25174 27988 27975 -0.000516406
24415 27494 27533 0.00159738
25465 28433 28474 0.00161005
25220 27871 27891 0.000793021
25182 27745 27785 0.00158844
25604 27697 27332 -0.0142556
26203 29143 29165 0.000839599
23532 27080 27041 -0.00165732
26296 29092 29024 -0.00258594
24673 27860 27825 -0.00141855
24961 27747 27730 -0.000681062
24448 27124 27490 0.0149705
25485 28325 28325 0
24802 27289 27350 0.00245948
26503 29383 29296 -0.00328265
25117 27978 27969 -0.000358323
24561 27182 27176 -0.00024429
25591 27565 27437 -0.00500176
25829 29091 28988 -0.00398777
23998 27150 27229 0.00329194
25020 27276 27156 -0.00479616
26221 28316 28316 0
25218 27569 27541 -0.00111032
24530 28548 28562 0.00057073
24517 27204 27204 0
24924 27955 27976 0.000842561
25359 27332 27262 -0.00276036
25205 27925 27730 -0.00773656
25169 28118 27870 -0.00985339
24220 27786 27806 0.000825764
25771 28567 28514 -0.00205658
25103 28056 27927 -0.00513883
24482 27743 27743 0
26124 28183 28202 0.000727301
25115 28241 28241 0
25165 27611 27581 -0.00119213
25189 27636 27610 -0.0010322
26063 28119 28053 -0.00253233
24863 27287 27096 -0.0076821
25817 27579 27579 0
25433 28303 28308 0.000196595
23912 27622 27625 0.00012546
25726 27398 27752 0.0137604
25994 28215 28248 0.00126952
25832 27990 27990 0
24806 27447 27368 -0.00318471
24991 28173 28177 0.000160058
25790 28211 28233 0.000853044
24886 26856 26834 -0.000884031
25650 27710 27845 0.00526316
25518 27984 27948 -0.00141077
25347 28097 28032 -0.00256441
24644 28448 28359 -0.00361143
25774 28284 28480 0.00760456
25284 28038 27920 -0.00466698
26175 28284 28284 0
24705 28206 28231 0.00101194
25261 27814 27803 -0.000435454
26305 28705 28750 0.0017107
24814 27938 27996 0.00233739
25550 27758 27669 -0.00348337
25074 27932 28084 0.00606206
25356 27748 27743 -0.000197192
25320 28260 28282 0.000868878
24665 28092 28092 0
25177 27986 27937 -0.00194622
25335 28051 27966 -0.00335504
24827 27897 27950 0.00213477
26654 27595 27677 0.00307646
25163 28160 28068 -0.00365616
24647 28054 27957 -0.00393557
25419 28920 28881 -0.00153429
26348 29028 29088 0.00227721
24777 27508 27754 0.00992856
25449 28482 28450 -0.00125742
24693 27664 27719 0.00222735
26099 28013 28134 0.00463619
26090 28468 28428 -0.00153315
26566 28851 28960 0.00410299
25268 28174 28174 0
26465 29215 29215 0
26116 28879 28481 -0.0152397
24967 28650 28650 0
24597 27120 26824 -0.012034
24858 27627 27469 -0.0063561
26235 28240 28264 0.000914808
24578 27796 27796 0
24850 28201 28098 -0.00414487
25405 28456 28403 -0.0020862
25043 28155 28162 0.000279519
25623 28252 28204 -0.00187332
24014 27122 27122 0
25490 27486 27623 0.00537466
26025 28066 27831 -0.00902978
25931 28180 28400 0.00848405
26745 29043 29043 0
25112 28243 28208 -0.00139376
25477 27954 27921 -0.00129529
26104 29070 28976 -0.00360098
25935 28501 28503 7.71159e-05
25065 28045 28005 -0.00159585
24679 27077 27039 -0.00153977
25281 27983 27973 -0.000395554
25804 28206 28209 0.000116261
26481 28880 28880 0
25278 28224 28295 0.00280877
25013 27299 27294 -0.000199896
25766 28211 28208 -0.000116433
25739 28209 28357 0.00575003
24548 28151 27920 -0.00941014
25315 28776 28757 -0.000750543
24996 27623 27348 -0.0110018
25258 28170 28046 -0.00490934
25855 28430 28439 0.000348095
24960 27549 27628 0.00316506
25609 28610 28610 0
25639 28960 28975 0.000585046
24712 28351 28371 0.000809323
25337 28819 28834 0.00059202
26675 29412 29436 0.000899719
25866 28267 28221 -0.0017784
24483 28116 28176 0.00245068
25259 27953 27817 -0.00538422
24391 27122 27122 0
25450 27921 28188 0.0104912
24283 28183 28183 0
24708 27900 28068 0.00679942
26384 28730 28565 -0.00625379
24717 27938 27941 0.000121374
24129 28331 28331 0
24540 28428 28428 0
24963 27265 27322 0.00228338
26115 28774 28395 -0.0145127
25227 27877 27890 0.000515321
25638 27703 27751 0.00187222
24886 28415 28278 -0.0055051
25632 28130 28130 0
25290 27948 27903 -0.00177936
26146 28620 28580 -0.00152987
26418 28096 28093 -0.000113559
25913 28533 28533 0
26527 28340 28517 0.00667245
26531 28873 28753 -0.00452301
24817 27997 28107 0.00443245
24971 28229 28342 0.00452525
24822 27679 27679 0
26046 28470 28447 -0.000883053
25811 28493 28493 0
25069 27441 27236 -0.00817743
25090 27673 27342 -0.0131925
25803 28899 29100 0.00778979
25755 28118 28034 -0.0032615
24612 27829 27845 0.000650089
25070 27915 27879 -0.00143598
26244 28043 28155 0.00426764
26648 28164 28065 -0.0037151
25421 28539 28483 -0.0022029
25273 27898 27948 0.0019784
25659 27655 27601 -0.00210452
25169 27340 27325 -0.000595971
24829 27384 27157 -0.00914253
25916 28216 28220 0.000154345
25099 27201 27511 0.0123511
26373 28146 28331 0.00701475
24315 28143 28143 0
25375 27987 27987 0
26298 28305 28315 0.000380257
24709 27718 27791 0.00295439
25034 28153 28153 0
24975 28188 28067 -0.00484484
24536 27501 27353 -0.00603195
26303 28597 28597 0
24511 27101 27047 -0.00220309
25717 28531 28586 0.00213866
26211 28919 29015 0.00366258
25944 28406 28558 0.00585877
24168 27606 27576 -0.00124131
24266 28347 28018 -0.0135581
25419 27717 27630 -0.00342264
24780 27324 27159 -0.0066586
24674 27900 27900 0
25410 27758 27758 0
25942 28384 28330 -0.00208157
25323 28438 28374 -0.00252735
25972 28004 28170 0.0063915
24844 27243 27243 0
25132 27686 27672 -0.000557059
24643 27777 27935 0.00641156
24916 28291 28291 0
24479 28294 28264 -0.00122554
26916 28749 28839 0.00334374
24465 27676 27341 -0.013693
25067 27984 27807 -0.00706108
25864 28925 28925 0
26249 29138 29138 0
25102 28107 28053 -0.00215122
25768 28753 28438 -0.0122245
25110 27054 27269 0.00856233
25382 27781 27838 0.00224569
25202 28058 27993 -0.00257916
26223 28289 28215 -0.00282195
25277 28214 28632 0.0165368
25078 27877 27852 -0.00099689
25019 27116 27369 0.0101123
24831 27127 27079 -0.00193307
24444 28156 28133 -0.000940926
24976 27775 27763 -0.000480461
25703 28000 27906 -0.00365716
25372 27477 27466 -0.000433549
24285 27573 27575 8.23554e-05
24567 27030 27098 0.00276794
24887 27205 27421 0.00867923
25132 28194 28249 0.00218845
25176 28000 28047 0.00186686
24556 27171 27173 8.14465e-05
25178 27654 27503 -0.0059973
25188 28383 28520 0.0054391
25715 27900 27724 -0.00684425
24972 28559 28559 0
25201 28041 28049 0.000317448
25236 28308 28308 0
24350 27104 27165 0.00250513
24942 27794 27794 0
24359 27679 27670 -0.000369473
24941 27161 27161 0
26444 28335 28335 0
25571 28044 28015 -0.0011341
25094 28771 28842 0.00282936
25261 27998 28223 0.00890701
25267 28335 28357 0.000870701
24688 27852 27758 -0.00380752
25248 27385 27411 0.00102978
25748 28657 28657 0
26033 28120 28120 0
24449 27578 27579 4.09015e-05
25988 29480 29529 0.00188549
25384 28079 28112 0.00130003
25952 27847 27869 0.000847719
25988 28724 28788 0.00246268
25501 27949 27889 -0.00235285
24279 27961 27955 -0.000247127
25208 27393 27503 0.00436369
25855 27865 27900 0.0013537
25520 28575 28545 -0.00117555
24084 27605 27505 -0.00415213
25330 28742 28742 0
25373 28480 28427 -0.00208883
25907 28421 28471 0.00192998
24813 27310 27316 0.000241809
24853 27695 27838 0.00575383
25662 28316 28316 0
25281 27863 27678 -0.00731775
25401 28306 28306 0
25386 27456 27404 -0.00204837
24677 28236 28210 -0.00105361
25749 28540 28540 0
25711 28226 28226 0
25397 28497 28545 0.00188999
25632 28738 28738 0
25322 27418 27489 0.00280389
25640 28476 28462 -0.000546022
25820 27733 27747 0.000542215
26268 28332 28250 -0.00312167
25402 28239 28073 -0.00653492
24685 28014 27765 -0.0100871
25308 28360 28300 -0.00237079
23921 27513 27699 0.00777559
23654 27366 27329 -0.00156422
25214 28623 28625 7.9321e-05
24337 27384 27190 -0.0079714
25453 28112 28159 0.00184654
24896 27921 27835 -0.00345437
25477 28131 28097 -0.00133454
25174 27889 27889 0
25038 28051 28097 0.00183721
25218 28197 27984 -0.00844635
25778 28401 28350 -0.00197843
24997 27481 27453 -0.00112013
24847 27960 27960 0
25220 28511 28435 -0.00301348
26650 28862 28818 -0.00165103
25656 28279 28348 0.00268943
25234 27563 27465 -0.00388365
25696 28000 28000 0
26186 28508 28194 -0.0119911
25946 28544 28587 0.00165729
25646 27757 27757 0
25368 27590 27618 0.00110375
26145 28307 28243 -0.00244789
25619 27712 27716 0.000156134
26183 28364 28310 -0.00206241
24589 27773 27773 0
24965 27277 27184 -0.00372522
25023 28224 28204 -0.000799265
24790 27496 27427 -0.00278338
26016 28716 28716 0
25309 27626 27433 -0.00762575
25184 28272 28288 0.000635324
25245 28147 28144 -0.000118835
25472 28099 28612 0.0201398
25605 28318 28013 -0.0119117
25300 28703 28572 -0.00517787
25581 28777 28678 -0.00387006
26281 28513 28531 0.000684905
25299 27541 27450 -0.00359698
26295 28084 27997 -0.00330861
24582 28530 28534 0.000162721
24893 27423 27202 -0.008878
24944 27766 27766 0
25644 28321 28325 0.000155982
25430 27987 27816 -0.00672434
25650 27889 27681 -0.00810916
26018 28289 28313 0.000922438
25748 28620 28593 -0.00104863
25232 27850 27850 0
25556 27790 27807 0.000665206
25392 27934 28138 0.00803403
25863 28418 28355 -0.00243591
23542 26598 26404 -0.00824059
25546 28697 28697 0
25929 28500 28616 0.00447376
25588 29147 29147 0
26054 27935 27536 -0.0153143
24579 27536 27528 -0.000325481
25539 28962 28971 0.000352402
24430 27379 26993 -0.0158002
24549 27817 27817 0
25621 28679 28392 -0.0112017
25047 28352 28448 0.00383279
25540 27747 27778 0.00121378
25600 28786 28416 -0.0144531
25734 28493 28468 -0.000971477
25513 28241 28214 -0.00105828
24735 27403 27356 -0.00190014
26257 27626 27657 0.00118064
26092 27951 28073 0.00467576
25175 28411 28452 0.0016286
24672 27513 27538 0.00101329
25022 27824 27559 -0.0105907
25656 28961 28624 -0.0131353
25451 28026 28001 -0.00098228
25214 27800 27785 -0.000594908
25526 29355 29289 -0.0025856
26692 28769 28809 0.00149858
25767 27997 28276 0.0108278
24716 28046 28235 0.00764687
25446 28937 29094 0.00616993
24647 27763 27780 0.000689739
24937 28409 28409 0
25607 28043 28182 0.0054282
23659 26808 26582 -0.00955239
25448 27604 27517 -0.00341874
25625 28047 28269 0.00866341
26098 27827 27851 0.000919611
25121 28483 28268 -0.00855858
26177 28399 28348 -0.00194828
25730 28123 28117 -0.000233191
25627 27979 27963 -0.000624342
24718 27752 27715 -0.00149688
26361 28704 28601 -0.00390729
25501 28097 27897 -0.00784283
25556 28443 28285 -0.0061825
25026 28214 28075 -0.00555422
26285 28732 28758 0.000989157
25275 28057 28126 0.00272997
25576 27849 27872 0.000899281
24585 28748 28725 -0.00093553
25406 28693 28693 0
25147 28601 28500 -0.00401638
25440 28037 27743 -0.0115566
24555 28217 27953 -0.0107514
25833 27601 27804 0.00785817
25948 28219 28355 0.00524125
25549 27845 27845 0
25626 28378 28314 -0.00249746
25403 27682 27821 0.00547179
25697 28191 28115 -0.00295754
25817 28116 28236 0.0046481
24776 27578 27731 0.00617533
25595 28416 28400 -0.000625122
25565 27637 27385 -0.00985723
25220 27692 27775 0.00329104
25290 28634 28368 -0.010518
25074 27467 27375 -0.00366914
26040 28542 28484 -0.00222734
24316 27357 27357 0
24516 28333 28370 0.00150922
25760 27953 27982 0.00112578
25374 27319 27319 0
24882 27224 27334 0.00442087
24291 27955 28028 0.00300523
25534 28033 27874 -0.00622699
24826 27772 27723 -0.00197374
26186 28072 27867 -0.00782861
26616 28617 28698 0.00304328
25030 27766 27716 -0.0019976
26110 28144 28144 0
26247 28154 28422 0.0102107
25857 28521 28521 0
25539 28024 28003 -0.000822272
26101 29089 29089 0
24803 27618 27227 -0.0157642
24987 27903 27837 -0.00264137
25260 28532 28452 -0.00316706
26063 28983 29120 0.00525649
25859 28706 28694 -0.000464055
25150 28191 28191 0
24974 27924 27924 0
25041 27678 27542 -0.00543109
25441 28524 28510 -0.000550293
24876 28232 28252 0.000803988
24924 28130 28054 -0.00304927
25094 27653 27811 0.00629633
25268 27559 27550 -0.000356182
25625 28655 28656 3.90244e-05
26070 28327 28365 0.00145761
25027 28122 28110 -0.000479482
26036 28874 28885 0.000422492
23857 28456 28376 -0.00335331
24255 26329 26042 -0.0118326
25565 28383 28656 0.0106787
24829 26936 27112 0.00708849
25471 28491 28349 -0.00557497
25029 27499 27306 -0.00771106
