42038 48191 48027 -0.00390123
41362 47684 47319 -0.00882452
44018 48365 48040 -0.00738334
41950 48486 47920 -0.0134923
42570 47906 48202 0.00695325
44087 48174 48236 0.00140631
43541 49199 49199 0
43516 49121 49016 -0.00241291
42796 48239 48324 0.00198617
43238 46686 46679 -0.000161895
43137 47494 47251 -0.00563322
43229 47573 47457 -0.00268338
41732 46582 46540 -0.00100642
42548 49643 49643 0
43726 48512 48568 0.0012807
42844 47364 47413 0.00114368
44228 48285 48339 0.00122095
43464 48151 48144 -0.000161053
41762 46824 46723 -0.00241847
42730 48080 48135 0.00128715
43566 48547 48294 -0.00580728
42845 46919 46924 0.0001167
41300 46251 45680 -0.0138257
43399 47041 47245 0.00470057
43450 48256 48116 -0.00322209
41291 48255 48270 0.000363275
44060 47175 47224 0.00111212
42202 49415 49424 0.00021326
43441 47150 47406 0.00589305
42670 48273 48273 0
43589 49448 49444 -9.17663e-05
43727 47924 47894 -0.000686075
43101 47883 47883 0
43168 46737 46899 0.00375278
41252 47886 47886 0
43701 47487 47292 -0.00446214
43183 48239 47979 -0.00602089
44445 49085 49435 0.0078749
43752 49052 48768 -0.00649113
43404 48112 48130 0.000414708
45901 49727 49686 -0.000893227
43364 48647 48453 -0.00447376
43764 48382 47744 -0.0145782
44391 48087 48267 0.00405488
41018 47345 47298 -0.00114584
44679 49203 49120 -0.0018577
43064 48281 48281 0
42451 48478 48513 0.00082448
44846 48194 48194 0
43962 48720 48720 0
43256 47111 47111 0
41600 48120 47859 -0.00627404
40648 47472 47496 0.000590435
43845 48583 48643 0.00136846
44486 49208 49304 0.00215798
43289 47266 47654 0.00896302
42345 47660 48116 0.0107687
44438 49290 49290 0
42744 47993 48238 0.0057318
42777 47008 47005 -7.01311e-05
43179 47718 47718 0
41478 47397 47235 -0.00390568
43417 49423 49448 0.000575811
47256 49188 49120 -0.00143897
41248 45678 45112 -0.0137219
42331 46950 47060 0.00259857
44670 48473 48423 -0.00111932
42372 48488 48395 -0.00219485
41620 46833 46637 -0.00470927
42794 47479 47479 0
42958 48580 48589 0.000209507
42158 46895 46869 -0.000616728
42005 49462 49382 -0.00190454
43887 48415 48415 0
41117 46866 47082 0.0052533
41263 46817 46350 -0.0113176
43369 47230 47186 -0.00101455
44041 48399 48675 0.00626689
41310 49016 48985 -0.000750424
43484 48580 48587 0.000160979
42520 46309 46037 -0.00639699
43457 47689 47689 0
42614 47477 47312 -0.00387197
42561 47517 47545 0.000657879
42815 48145 47932 -0.00497489
43563 48002 47999 -6.88658e-05
43806 47301 47352 0.00116422
42982 49015 48525 -0.0114001
43373 49499 49526 0.000622507
44361 49398 49147 -0.00565812
44989 49453 49517 0.00142257
43293 48679 49133 0.0104867
40951 48716 48114 -0.0147005
42699 47939 47939 0
43872 49612 49580 -0.000729395
42867 47390 47390 0
42044 48075 48252 0.00420988
42595 48855 48657 -0.00464843
43710 47913 47764 -0.00340883
43332 46526 46653 0.00293086
43793 48295 48215 -0.00182678
44651 48517 48517 0
43346 48651 48578 -0.00168412
42733 48169 48103 -0.00154447
43257 48361 48418 0.00131771
44503 49556 48960 -0.0133924
41668 47485 47485 0
41778 47700 47652 -0.00114893
43745 48039 48039 0
42924 48646 48845 0.0046361
44071 48814 48526 -0.00653491
42660 47450 47458 0.000187529
43641 48395 48395 0
42243 48175 48175 0
41476 45935 45945 0.000241103
43450 46919 46931 0.00027618
43287 46402 46280 -0.0028184
44372 47921 48192 0.00610746
44097 49703 49609 -0.00213166
44059 48312 48312 0
42710 48001 48014 0.000304378
42275 47832 47456 -0.00889415
42096 48674 48640 -0.000807678
42740 47537 47479 -0.00135704
43757 48550 48550 0
41719 48173 48266 0.0022292
42546 47325 47421 0.00225638
42835 48581 48684 0.00240458
42602 47232 47195 -0.000868504
44556 49135 49369 0.00525182
44632 49195 49223 0.000627353
43019 48261 48443 0.00423069
42983 47291 47252 -0.000907335
43223 49266 49125 -0.00326215
43333 48511 48747 0.0054462
42471 48113 48117 9.41819e-05
43317 48812 48867 0.00126971
44748 48505 48693 0.00420131
41894 46678 46587 -0.00217215
44404 48241 48247 0.000135123
42051 47339 47173 -0.00394759
42125 47396 47375 -0.000498516
41064 45147 45504 0.00869375
41579 46682 46682 0
42676 47718 47773 0.00128878
43125 48088 47964 -0.00287536
43926 48649 48792 0.00325548
41163 47309 46911 -0.00966888
44354 49898 49817 -0.00182622
40799 47087 45232 -0.0454668
42381 48013 48090 0.00181685
43983 47536 47309 -0.00516108
43705 46702 46526 -0.004027
42216 47265 47229 -0.000852757
42890 48349 48328 -0.000489625
45509 48540 48540 0
41093 47332 47329 -7.30051e-05
43115 47247 47219 -0.000649426
41940 48152 48332 0.00429185
43022 47474 47474 0
44307 48500 48589 0.00200871
42879 49351 49346 -0.000116607
43962 48400 48697 0.00675583
43032 49446 49462 0.000371816
42787 46906 46920 0.000327202
42379 47998 47894 -0.00245405
43540 48274 48119 -0.00355994
43688 48903 48684 -0.00501282
42466 49025 48978 -0.00110677
43119 48642 48523 -0.0027598
42880 48108 48059 -0.00114272
44201 48266 48590 0.00733015
43894 48447 48489 0.000956851
41922 46848 46847 -2.38538e-05
43842 49011 48473 -0.0122713
43875 49000 48965 -0.000797721
43813 49276 48960 -0.00721247
41759 47141 47454 0.00749539
42082 47946 47951 0.000118816
41761 47345 47086 -0.00620196
45671 49080 49080 0
42548 48073 48181 0.00253831
43444 47311 47266 -0.00103582
41840 47179 47575 0.00946463
43929 48988 49410 0.00960641
43158 49774 49774 0
42739 46920 46970 0.00116989
42086 47169 47278 0.00258993
42841 48034 47887 -0.00343129
43782 49829 50001 0.00392856
43262 47956 47895 -0.00141001
42236 48993 49016 0.000544559
45174 48493 48474 -0.000420596
43750 49090 49248 0.00361143
43784 48723 48420 -0.00692034
41877 47833 47783 -0.00119397
42918 47886 47944 0.00135141
42523 47147 46872 -0.00646709
43318 47692 47692 0
42259 48332 47788 -0.012873
44751 50315 50315 0
42919 48636 48636 0
42675 48669 48669 0
42531 49748 49743 -0.000117561
42961 48251 48095 -0.0036312
41141 45720 45570 -0.003646
41646 48215 47977 -0.00571483
41678 48571 48571 0
42325 47086 47061 -0.000590667
41784 47637 47504 -0.00318304
39984 45911 46173 0.00655262
44506 48695 48861 0.00372983
42318 48592 48536 -0.00132331
43159 49153 49290 0.00317431
43757 48374 48374 0
42050 47602 47746 0.00342449
42886 46681 46367 -0.00732174
43488 47780 48006 0.00519684
42902 47338 47338 0
42219 48643 48428 -0.00509249
43538 49049 48774 -0.00631632
41711 47364 47892 0.0126585
44929 49963 49697 -0.00592045
41410 46892 46892 0
43414 48915 49044 0.00297139
43518 48710 48683 -0.000620433
44217 47469 47597 0.00289481
43415 46680 47072 0.00902914
41231 47733 48011 0.0067425
42169 48078 47565 -0.0121653
43329 49353 49401 0.0011078
42955 48393 48646 0.00588988
42464 48957 49286 0.00774774
42555 47546 47105 -0.0103631
44370 47820 47820 0
41878 47492 47492 0
43289 48539 48570 0.000716117
43463 47592 47580 -0.000276097
42547 48456 48456 0
42732 47542 47732 0.00444632
42491 47950 47903 -0.00110612
41857 49017 49017 0
41796 46705 46625 -0.00191406
41843 46725 46666 -0.00141003
43261 49363 49363 0
45065 49042 48908 -0.00297348
40989 47502 47502 0
41344 47357 47804 0.0108117
41784 48121 48121 0
41974 46912 46812 -0.00238243
41568 46739 46750 0.000264627
43508 48675 48496 -0.00411419
43691 48099 47916 -0.00418851
41495 46158 46201 0.00103627
41408 47125 47146 0.000507148
42861 48231 48036 -0.00454959
40676 47877 47814 -0.00154882
43242 47743 47743 0
42686 48259 48290 0.000726233
42112 47842 48182 0.00807371
42622 46277 46460 0.00429356
43296 47845 47829 -0.000369549
42951 48130 47952 -0.00414426
41645 47255 47255 0
44946 48980 49150 0.00378232
41116 47054 47054 0
43728 48634 48289 -0.00788968
43012 48545 48545 0
44191 48298 48000 -0.00674345
42547 46792 46622 -0.00399558
43708 48880 48890 0.000228791
41419 47100 47100 0
41719 48090 48090 0
44050 47823 47823 0
44178 49895 49895 0
43567 48611 48671 0.00137719
43514 48362 48698 0.00772165
41557 46143 46143 0
43995 49630 49670 0.000909194
42166 47879 48335 0.0108144
44490 48521 48529 0.000179816
41457 46132 45973 -0.0038353
42337 47184 47407 0.00526726
42818 48490 48812 0.0075202
42382 47387 47420 0.000778632
42899 48658 48593 -0.00151519
41510 45882 45871 -0.000264996
44560 49502 49741 0.00536355
43993 48410 48587 0.00402337
45103 48320 48320 0
44010 48571 48571 0
42186 47606 47640 0.000805955
41182 47229 46973 -0.00621631
43479 47675 47750 0.00172497
42686 48038 48346 0.00721548
41420 47405 47419 0.000338001
44818 49976 50263 0.00640368
41935 47944 48070 0.00300465
45036 49875 49882 0.000155431
43831 47791 48327 0.0122288
42502 46248 46139 -0.00256459
43510 48472 48536 0.00147093
44245 48146 48066 -0.00180811
43281 49508 49496 -0.000277258
41452 46664 46534 -0.00313616
43515 47689 47689 0
43168 48723 48723 0
43193 48406 48191 -0.00497766
42900 47289 47515 0.00526807
42746 47113 47136 0.000538062
42520 48166 48116 -0.00117592
42829 47091 47181 0.00210138
43326 47350 46817 -0.0123021
43425 49227 49562 0.00771445
42531 47778 47770 -0.000188098
44814 49399 49305 -0.00209756
42076 48809 48809 0
40352 47090 46853 -0.00587331
43385 47657 47671 0.000322692
39709 46635 46426 -0.00526329
41793 46382 46221 -0.00385232
39441 46018 46062 0.00111559
43492 48278 48192 -0.00197738
42866 47914 47914 0
44598 48559 48559 0
41948 47711 47711 0
42638 48868 48829 -0.000914677
43189 47787 47759 -0.000648313
44023 46702 46470 -0.00526997
43600 48192 48003 -0.00433486
43250 47341 47147 -0.00448555
43002 46928 47286 0.00832519
42525 47727 47727 0
42749 48064 47460 -0.014129
42678 46055 46399 0.00806036
43406 48209 48280 0.00163572
42851 48134 48117 -0.000396724
44433 49962 49967 0.000112529
41860 47515 47403 -0.00267559
44685 49619 49619 0
42320 48152 48152 0
43323 47984 48026 0.000969462
44001 47969 48147 0.00404536
41695 48051 48033 -0.000431706
41622 47662 47683 0.000504541
44060 49256 49085 -0.00388107
43376 48735 48719 -0.000368868
44133 49033 49033 0
40837 46740 46604 -0.00333031
42348 47616 47571 -0.00106262
43057 49140 49140 0
44781 48332 48313 -0.000424287
42710 47813 47237 -0.0134863
41985 47030 46987 -0.00102418
42838 47357 47469 0.0026145
44277 48246 48267 0.000474287
42939 46878 46543 -0.00780177
42434 48302 48947 0.0152001
44242 47565 47565 0
43505 46724 47132 0.00937823
41571 47166 47167 2.40552e-05
42620 48383 48388 0.000117316
42705 48039 47832 -0.00484721
43872 49411 49372 -0.00088895
43288 49092 48909 -0.0042275
43315 49008 48546 -0.0106661
41512 46195 46195 0
42617 48316 48859 0.0127414
42045 47368 47053 -0.00749197
43092 49195 49198 6.96185e-05
46280 49688 49380 -0.00665514
41562 47592 47785 0.00464366
42161 47584 47584 0
46675 49718 49727 0.000192823
42677 48897 48721 -0.004124
42858 49156 49107 -0.00114331
43368 47574 47508 -0.00152186
44113 48597 47676 -0.0208782
43180 48220 48044 -0.00407596
44070 48430 47778 -0.0147946
42806 48059 47870 -0.00441527
42397 47151 47106 -0.0010614
42968 47678 47615 -0.00146621
44772 48998 49220 0.00495846
41551 46831 46493 -0.00813458
41637 47220 47072 -0.00355453
42010 47801 47801 0
42158 48245 48349 0.00246691
43321 48770 48646 -0.00286235
41884 48953 49327 0.00892942
43601 47052 47052 0
44953 49177 48841 -0.00747447
43241 46549 46598 0.00113318
42074 49177 49364 0.00444455
44183 48604 48618 0.000316864
42585 47812 47755 -0.0013385
43293 47775 47951 0.00406532
42398 47121 46949 -0.0040568
40858 48074 47809 -0.00648588
41636 47804 47661 -0.00343453
44436 48061 48046 -0.000337564
41699 47662 47732 0.0016787
41228 46893 47161 0.00650044
41306 46407 46351 -0.00135574
40736 47980 47884 -0.00235664
42763 47192 47148 -0.00102893
42653 48292 47902 -0.00914355
41900 47050 46630 -0.0100239
44619 49323 50319 0.0223223
41859 46642 46684 0.00100337
42043 47690 47737 0.0011179
44379 46489 46317 -0.00387571
43000 47532 47415 -0.00272093
42831 48395 48364 -0.000723775
43512 47879 47774 -0.00241313
42606 48001 48001 0
44721 49322 49262 -0.00134165
41196 47179 47179 0
42860 48407 48147 -0.00606626
43158 46247 46382 0.00312804
42316 48259 48209 -0.00118159
41485 48522 48547 0.000602627
43145 48226 48537 0.00720825
43824 47700 47869 0.00385633
43205 48096 48096 0
44732 49632 49576 -0.0012519
43514 48110 48163 0.001218
44109 48551 48811 0.00589449
41868 46766 46786 0.000477692
44853 47157 47077 -0.0017836
43299 47865 47625 -0.00554285
43912 49933 49933 0
43421 48489 48491 4.60607e-05
42383 47565 47406 -0.0037515
42402 46956 46772 -0.00433942
43061 48226 48319 0.00215973
43158 46932 46996 0.00148292
42345 48030 48079 0.00115716
44526 47976 47600 -0.0084445
44147 48964 48819 -0.00328448
42542 47616 47682 0.00155141
43482 46970 47062 0.00211582
42235 46328 46015 -0.00741092
44453 46771 47282 0.0114953
42069 47623 47623 0
43386 46990 47072 0.00189001
41942 48133 47998 -0.00321873
42952 47415 47415 0
42144 47865 47908 0.00102031
43796 48981 48920 -0.00139282
44973 48778 48778 0
43631 47261 47403 0.00325457
43020 47781 47720 -0.00141795
42082 48535 48535 0
43984 48815 48461 -0.00804838
44718 48582 48470 -0.00250458
45947 50509 50604 0.0020676
45159 47939 47785 -0.00341017
43663 48459 48251 -0.00476376
43415 48892 48651 -0.00555108
41299 47723 47723 0
43564 47682 48014 0.00762097
44479 48061 48173 0.00251804
43728 47547 47550 6.86059e-05
44193 48493 48493 0
44664 50289 50289 0
44838 50654 50654 0
42558 47313 47254 -0.00138634
43477 48361 48303 -0.00133404
43619 48276 48048 -0.00522708
43941 48173 48145 -0.000637218
42009 47820 47683 -0.00326121
41684 47515 47406 -0.00261491
42979 50033 50033 0
40977 45523 45410 -0.00275764
44475 48294 48139 -0.0034851
42758 47342 47332 -0.000233874
42398 47831 47503 -0.00773621
45047 48709 48709 0
42009 47632 47632 0
44614 48956 49020 0.00143453
41838 47466 47435 -0.000740953
43715 47852 48027 0.0040032
43284 46915 46753 -0.00374272
43136 48318 48197 -0.00280508
46079 49471 49471 0
43400 48866 48645 -0.00509217
43661 48683 48651 -0.00073292
40300 47564 47331 -0.00578164
42993 48128 48128 0
43171 48323 48417 0.00217739
43405 47324 47044 -0.00645087
43053 47224 47034 -0.00441317
42457 49027 48054 -0.0229173
42898 47059 47065 0.000139867
44003 47393 47378 -0.000340886
41913 48717 48717 0
42748 48265 48265 0
41861 47679 47202 -0.0113949
42435 47621 47621 0
40093 47330 47316 -0.000349188
43882 48689 48405 -0.0064719
44030 48164 48164 0
41713 45083 44913 -0.00407547
42766 46621 46784 0.00381144
40864 46591 46423 -0.0041112
45389 49978 49978 0
42555 47499 47483 -0.000375984
43136 49476 49445 -0.000718657
42939 48378 47979 -0.00929225
42897 46399 46396 -6.9935e-05
43839 47786 47980 0.00442528
43572 48729 48581 -0.00339668
45921 48267 48567 0.00653296
44973 48637 48670 0.000733774
43656 48301 48301 0
43748 48390 48355 -0.000800037
43750 48716 48044 -0.01536
43433 47768 48151 0.00881818
44618 48690 48588 -0.00228607
42922 47680 47680 0
41988 47095 46987 -0.00257216
41514 46473 46664 0.00460086
44128 48140 48280 0.00317259
43588 47457 47265 -0.00440488
42292 46566 46425 -0.00333396
42354 46318 46322 9.44421e-05
44193 48649 48621 -0.000633585
42192 46414 46352 -0.00146947
45113 49388 49379 -0.000199499
43115 47674 47900 0.0052418
42418 47714 48215 0.011811
43273 49745 49745 0
42843 46089 46029 -0.00140046
40781 47297 47456 0.00389887
43221 48398 48190 -0.00481248
44068 48525 48547 0.000499228
42438 47363 47538 0.00412366
42597 46819 46728 -0.0021363
43121 48060 48146 0.00199439
41705 48623 48272 -0.00841626
41927 45719 45520 -0.00474634
42946 47077 47077 0
42509 47243 47394 0.00355219
43408 47679 47679 0
42833 47736 47833 0.00226461
45203 48462 48523 0.00134947
43337 48000 47870 -0.00299975
43316 49360 49354 -0.000138517
45237 49362 49519 0.00347061
42262 47724 47724 0
42102 48399 48129 -0.006413
41770 47498 48135 0.0152502
43607 47852 47673 -0.00410485
42402 47552 47722 0.00400924
42378 47195 47339 0.00339799
45571 49327 49433 0.00232604
43509 47267 47466 0.00457377
40316 47506 47557 0.00126501
43820 47144 47144 0
40985 47282 47294 0.00029279
43290 48622 48622 0
43705 50072 50072 0
42621 48201 48435 0.00549025
43421 48937 48866 -0.00163515
41570 47351 47268 -0.00199663
42839 46921 47075 0.00359486
44278 48694 47319 -0.0310538
44011 48128 47922 -0.00468065
42842 48147 47631 -0.0120443
45536 49236 48815 -0.00924543
43837 49662 49588 -0.00168807
43403 48058 48090 0.000737276
43560 48429 48377 -0.00119376
43046 48954 48954 0
44829 49226 49244 0.000401526
43317 47988 48109 0.00279336
40736 46647 46647 0
42386 47873 47831 -0.000990893
43093 47320 47060 -0.00603346
42183 47278 47329 0.00120902
43848 47389 47074 -0.00718391
44855 49412 49412 0
39572 45560 45153 -0.0102851
43937 49414 49179 -0.00534857
41705 48088 48538 0.0107901
41918 47185 46960 -0.00536762
41934 47428 47425 -7.1541e-05
43003 47975 48001 0.000604609
42149 46992 47034 0.000996465
44821 50167 49979 -0.00419446
42756 48326 48261 -0.00152025
41993 46902 47010 0.00257186
43095 46834 46910 0.00176355
43333 49164 49226 0.00143078
41262 46977 46773 -0.00494402
41816 46558 46502 -0.0013392
43888 48149 48042 -0.00243802
42399 46689 46843 0.00363216
41166 49447 49447 0
42058 46601 46441 -0.00380427
42100 48252 48252 0
43232 47105 46740 -0.00844282
43034 47941 47550 -0.00908584
42881 47605 47536 -0.0016091
40494 47227 47092 -0.00333383
44697 48906 49030 0.00277424
42340 47055 47424 0.00871516
42193 47913 47894 -0.000450312
43804 49015 48969 -0.00105013
42653 48221 48221 0
42599 47293 47419 0.00295782
42609 47259 47554 0.00692342
44237 48119 48147 0.000632954
41808 46995 46900 -0.00227229
44021 47232 47292 0.00136299
41793 48345 48276 -0.00165099
41100 47329 47309 -0.000486618
44178 47040 47130 0.00203721
44368 48321 48804 0.0108862
43985 48310 48299 -0.000250085
42914 47922 47947 0.00058256
42976 48139 48138 -2.32688e-05
44393 48782 48640 -0.0031987
42811 46337 46337 0
42841 47085 47085 0
43330 48362 48362 0
43525 48228 48228 0
41871 48700 48489 -0.00503929
43585 48707 48707 0
42841 48296 48287 -0.000210079
44990 48551 48551 0
42466 48655 48719 0.00150709
42606 47071 46888 -0.00429517
45110 49177 49543 0.0081135
41596 47075 47016 -0.00141841
43802 48262 47926 -0.00767088
41514 47142 47156 0.000337236
42829 47080 47080 0
43274 48887 48887 0
41360 48105 48101 -9.67118e-05
42481 47767 47789 0.000517879
43295 47783 47783 0
42490 48643 48221 -0.00993175
45118 47658 47289 -0.00817855
43614 48907 48907 0
41850 47381 47614 0.0055675
43534 49303 49407 0.00238894
45056 50098 49825 -0.00605913
42121 48101 47883 -0.00517557
42850 48482 48453 -0.000676779
42045 47071 47071 0
43802 47168 47309 0.00321903
44165 48759 48733 -0.000588701
44893 49010 48988 -0.000490054
42943 48175 48114 -0.00142049
44658 50039 50341 0.00676251
43572 49552 49241 -0.00713761
42443 48668 48834 0.00391113
40895 46349 46349 0
42826 48102 48077 -0.000583758
44338 48724 48792 0.00153367
41569 47638 47393 -0.00589382
42613 47392 47332 -0.00140802
42267 48392 48499 0.00253153
43232 48742 48742 0
44065 48310 47896 -0.00939521
40757 46219 46284 0.00159482
42756 46971 46980 0.000210497
43461 47006 47011 0.000115046
43936 48166 48220 0.00122906
45713 49760 49687 -0.00159692
42255 48396 48559 0.00385753
43283 48167 47872 -0.00681561
44365 49675 49639 -0.00081145
43669 49160 48887 -0.00625157
42450 47456 48053 0.0140636
41823 46997 46842 -0.00370609
42858 47763 47624 -0.00324327
43977 48525 48542 0.000386566
44692 49323 49342 0.000425132
43089 48399 48430 0.000719441
42771 47411 47144 -0.00624255
44143 48854 48854 0
42656 47950 47743 -0.00485278
40974 48131 48080 -0.00124469
43366 49915 49915 0
42289 47145 47072 -0.00172622
42859 48509 48567 0.00135327
44867 49612 49118 -0.0110103
42329 47405 47666 0.00616599
43122 49048 49066 0.00041742
43875 49308 49293 -0.00034188
41683 48539 48712 0.00415037
43197 49579 49368 -0.0048846
45643 50087 50222 0.00295774
44043 48416 48243 -0.00392798
40776 47654 47949 0.00723465
43152 48114 47882 -0.00537634
41778 46572 46383 -0.00452391
43904 48662 48669 0.000159439
41166 47899 47998 0.0024049
41985 47992 47785 -0.00493033
44831 49097 48945 -0.00339051
42071 48146 48250 0.00247201
40194 47112 47112 0
42059 48285 47650 -0.0150978
42469 46521 46440 -0.00190727
44343 48342 48256 -0.00193943
42794 47628 47847 0.00511754
43552 47367 46928 -0.0100799
42369 49576 49420 -0.00368194
43063 47813 47407 -0.00942805
43456 48200 47820 -0.00874448
44594 49067 49067 0
44303 47538 47708 0.00383721
43312 48620 48628 0.000184706
44782 48471 48504 0.000736903
44846 48603 48606 6.68956e-05
41704 47934 47905 -0.000695377
42561 49261 48426 -0.0196189
41438 46262 46621 0.00866355
44865 49203 48875 -0.00731082
43790 48624 48737 0.0025805
42884 47019 46906 -0.00263502
43008 47862 47971 0.00253441
43659 48684 48325 -0.00822282
43117 47726 46919 -0.0187165
42389 48085 48097 0.000283092
43161 48247 48321 0.00171451
44997 48491 48491 0
45729 48477 48539 0.00135581
42638 48441 48289 -0.0035649
42834 48096 48263 0.00389877
43896 47777 47853 0.00173137
43064 46545 46524 -0.000487646
42822 46518 46638 0.0028023
45090 48995 48912 -0.00184076
42662 46464 46262 -0.00473489
44571 47763 48233 0.010545
41259 47359 47431 0.00174507
42972 48006 48006 0
45296 48722 48669 -0.00117008
42738 48002 48114 0.00262062
42313 47868 47836 -0.000756269
42107 48127 48141 0.000332486
41365 47280 47122 -0.00381965
44887 48524 48524 0
41533 46189 45512 -0.0163003
43660 48830 48830 0
43689 48888 48657 -0.00528737
44216 48239 48023 -0.00488511
40572 47668 48087 0.0103273
41684 49139 49139 0
42906 47858 47864 0.000139841
41968 46262 46263 2.38277e-05
41644 47744 47814 0.00168091
43135 47137 47137 0
44374 48541 48610 0.00155496
42678 48242 48242 0
43928 47776 47313 -0.01054
42277 46612 46505 -0.00253093
42378 47828 47901 0.00172259
41836 47030 46937 -0.00222297
42645 48422 48657 0.00551061
40934 47974 47822 -0.00371329
45521 49327 49327 0
41586 48238 48082 -0.00375126
42573 48152 48152 0
43705 48799 48939 0.00320329
44713 49883 49855 -0.000626216
42357 47900 47900 0
43914 48656 48656 0
42534 46822 46411 -0.00966286
43497 47475 47341 -0.00308067
43323 48203 47875 -0.00757104
44294 47599 47613 0.00031607
42855 49385 49498 0.0026368
41798 47353 47279 -0.00177042
42007 46176 46307 0.00311853
42114 45872 46233 0.00857197
41389 47787 47841 0.00130469
41652 47137 46929 -0.00499376
43502 47318 47651 0.00765482
42711 46860 46541 -0.0074688
41470 47570 47540 -0.000723415
41886 45997 46166 0.00403476
42432 46927 46927 0
42887 47947 47947 0
42795 48312 48312 0
41160 46218 46389 0.00415452
43523 47694 47923 0.00526159
42842 48394 48619 0.00525186
43716 47446 47739 0.00670235
42006 48463 48463 0
42797 47520 47299 -0.00516391
42964 48490 48342 -0.00344474
41518 46653 46783 0.00313117
42058 47690 47746 0.00133149
41304 46905 47027 0.00295371
42029 46410 46410 0
45676 48713 48864 0.00330589
43837 48093 48238 0.00330771
42577 49214 49283 0.00162059
42277 47348 47368 0.00047307
42864 48363 48552 0.00440929
41551 46569 46840 0.00652211
43137 46329 46890 0.0130051
44022 49266 49266 0
43632 47538 47308 -0.00527136
41602 46786 46323 -0.0111293
44053 49677 50116 0.00996527
43255 48087 48087 0
43384 47003 46679 -0.00746819
44990 49970 49872 -0.00217826
43841 47990 47990 0
41305 47074 47102 0.000677884
41998 46195 46226 0.00073813
43499 47666 47642 -0.000551737
42692 48829 48824 -0.000117118
41065 47583 47525 -0.00141239
42212 49166 49166 0
43287 49123 49109 -0.000323423
44066 48992 49115 0.00279127
42149 46741 46606 -0.00320292
41805 47425 47293 -0.00315752
43749 48813 48744 -0.00157718
42404 47372 47372 0
42813 48160 48078 -0.00191531
42976 46474 46474 0
42047 48726 48660 -0.00156967
43893 48865 48865 0
43450 47689 47689 0
43518 48365 48397 0.000735328
43266 48863 48863 0
43253 46986 47001 0.000346797
42874 48202 48405 0.0047348
43082 47008 47008 0
43765 47751 47554 -0.00450131
42407 48044 47887 -0.00370222
42415 49271 49271 0
42083 48187 47794 -0.00933869
40883 46733 46894 0.00393807
40065 46816 46895 0.0019718
42418 48638 48632 -0.000141449
40540 46375 46802 0.0105328
43261 47899 47967 0.00157185
42890 47964 48010 0.00107251
42882 47870 47970 0.00233198
42831 47353 47219 -0.00312858
42493 48149 48174 0.000588332
42744 48679 48679 0
43764 48072 48164 0.00210218
43060 47494 47222 -0.00631677
41698 47451 47640 0.00453259
42541 48373 48451 0.00183353
45073 48984 48947 -0.000820891
43348 48488 48370 -0.00272216
42743 47134 47187 0.00123997
43837 47878 47634 -0.00556607
43547 47673 47673 0
44300 48347 48472 0.00282167
43057 47076 46572 -0.0117054
42913 46625 46754 0.00300608
44834 48052 47887 -0.00368024
44169 47304 47757 0.0102561
44030 48036 47886 -0.00340677
42164 46938 46624 -0.00744711
42460 46933 46462 -0.0110928
41821 47731 47999 0.00640826
42163 46351 46537 0.00441145
44055 48857 48998 0.00320054
42843 47457 47547 0.00210069
43229 48938 48712 -0.00522797
42433 47783 47556 -0.00534961
42788 48494 47982 -0.011966
44093 48913 48913 0
43681 49335 49272 -0.00144227
43273 49396 49396 0
44232 48979 48979 0
43319 47811 47811 0
43908 48202 48223 0.000478273
41283 48267 48267 0
41901 46883 46758 -0.00298322
42255 47648 47352 -0.00700509
44156 47827 48445 0.0139958
44585 48197 47922 -0.00616799
44331 47464 47668 0.00460175
44105 48199 48088 -0.00251672
43210 48125 48253 0.00296228
42967 48137 47908 -0.00532967
43459 47443 47684 0.00554546
42842 47588 47556 -0.000746931
44037 49112 48756 -0.00808411
40374 45273 45046 -0.00562243
44153 49220 48424 -0.0180282
43766 48583 48649 0.00150802
43695 50113 50113 0
44493 47770 47728 -0.000943969
42390 47076 47134 0.00136825
43377 49041 49353 0.00719275
41519 46391 46374 -0.000409451
41459 47097 46902 -0.00470344
43383 49390 49443 0.00122168
41056 48088 48088 0
43597 47006 47388 0.00876207
42806 48753 48929 0.00411157
43199 49075 49075 0
42477 48233 48303 0.00164795
42599 47293 47444 0.00354468
44601 47527 47564 0.000829578
43919 47868 48083 0.00489538
43695 48765 48373 -0.00897128
41200 46670 46014 -0.0159223
42138 47082 47051 -0.000735678
43359 49345 49345 0
43072 47519 47875 0.00826523
42560 47750 47750 0
42647 49941 49690 -0.00588553
45269 49814 49814 0
43051 47869 47874 0.000116141
42394 48667 48282 -0.00908147
42588 49198 49264 0.00154973
41988 47584 47922 0.00804992
42974 48962 48962 0
44135 48671 48640 -0.00070239
40112 46073 45358 -0.0178251
43896 47688 47820 0.00300711
43498 48600 48593 -0.000160927
45044 47960 48095 0.00299707
42184 48030 48129 0.00234686
43945 48492 48180 -0.00709978
43941 47839 48040 0.00457432
43189 47354 47546 0.00444558
41543 47485 47414 -0.00170907
44619 49119 48821 -0.00667877
43859 48267 48163 -0.00237124
44312 50115 49954 -0.00363333
42637 48996 48810 -0.00436241
44328 49299 49334 0.000789569
42504 48512 48404 -0.00254094
43249 47905 47894 -0.000254341
42300 49474 49474 0
43165 49090 48978 -0.00259469
42659 48018 48703 0.0160576
43308 47663 47706 0.000992888
41703 48191 48177 -0.000335707
44837 48071 47910 -0.00359078
43896 48686 48718 0.000728996
43578 47550 47076 -0.010877
43516 48338 48296 -0.000965162
43596 48012 47783 -0.00525278
43748 48031 48234 0.00464021
43155 47980 48125 0.00335998
42007 47528 48157 0.0149737
43100 48535 48946 0.00953596
43270 46746 46827 0.00187197
42569 47222 47244 0.000516808
43119 48940 48951 0.000255108
42361 47076 46958 -0.00278558
44207 49205 48980 -0.00508969
41548 46761 46627 -0.00322519
42097 48287 48085 -0.00479844
43684 47844 47940 0.0021976
42985 46753 46462 -0.0067698
42228 46723 46640 -0.00196552
41967 48953 48953 0
43725 47924 47815 -0.00249285
42111 47254 47255 2.37468e-05
44861 48323 48062 -0.00581797
45209 48882 48882 0
41759 46736 47033 0.00711224
44595 47586 47763 0.00396905
45149 48557 49003 0.0098784
43919 48266 48266 0
42628 47751 47356 -0.00926621
44422 50178 50178 0
42078 47541 47210 -0.00786634
43073 48223 48190 -0.000766141
43182 49871 49890 0.000439998
45028 49575 49547 -0.000621835
44629 49203 49281 0.00174774
42275 47821 47821 0
42478 48091 47734 -0.00840435
42963 48748 48635 -0.00263017
43354 49252 49285 0.000761175
41989 48380 48030 -0.00833552
42054 47975 47975 0
42579 47542 47542 0
42187 47485 47524 0.000924455
43495 48667 48588 -0.0018163
44359 48721 48623 -0.00220925
42625 47389 46746 -0.015085
44025 49714 49714 0
40138 47720 47784 0.0015945
41871 44791 45345 0.0132311
43130 48583 48658 0.00173893
42157 46087 46305 0.00517115
43109 48247 48226 -0.000487137
42282 47833 48181 0.00823045
