56883 62395 62398 5.27398e-05
55803 61849 61443 -0.00727559
57587 63501 63549 0.000833521
56030 62797 62593 -0.00364091
56848 63624 63946 0.00566423
57296 63463 63014 -0.0078365
58077 64337 64337 0
57670 63575 63756 0.00313855
57509 63413 63652 0.00415587
56016 61148 60837 -0.00555199
57831 63144 62664 -0.00830005
57592 64055 64055 0
56790 61431 61330 -0.00177848
56025 63791 63389 -0.00717537
57687 63681 63288 -0.00681263
58206 63648 63446 -0.00347043
59326 64203 64322 0.00200587
57533 63335 62449 -0.0153999
55160 61601 61744 0.00259246
56858 63061 63159 0.00172359
58607 64170 63819 -0.00598905
58103 62952 63212 0.00447481
56633 62119 62258 0.0024544
57367 63744 63744 0
56957 62724 62425 -0.00524957
57178 64089 64113 0.000419742
59053 62951 62959 0.000135472
56024 64479 64308 -0.00305226
57371 62863 62813 -0.00087152
56871 62982 63077 0.00167045
57710 64429 64152 -0.00479986
58075 62654 62409 -0.00421868
58045 62732 62787 0.000947541
56319 61362 61299 -0.00111863
55626 62882 62886 7.19088e-05
57910 63178 63171 -0.000120877
57698 63764 63916 0.00263441
59507 64001 64451 0.00756214
57594 63740 63254 -0.00843838
58601 63091 63091 0
61069 66578 65743 -0.0136731
57863 63095 63017 -0.00134801
58435 63711 63633 -0.00133482
57996 63630 63546 -0.00144838
54688 63175 63175 0
59272 64558 64621 0.0010629
57505 63803 63803 0
58458 64024 64247 0.0038147
59620 63868 63835 -0.000553506
57223 61952 61853 -0.00173007
58635 63141 63165 0.000409312
55001 62564 62562 -3.6363e-05
55124 61273 61168 -0.0019048
57417 63101 62520 -0.010119
58565 63894 63885 -0.000153675
57605 63414 63259 -0.00269074
56371 63747 63582 -0.00292704
58989 64619 64957 0.00572988
56219 63028 62984 -0.000782654
57896 63108 62837 -0.00468081
57754 62681 62372 -0.00535028
55367 61987 62051 0.00115592
56895 62944 62944 0
60726 64182 64182 0
55622 61374 60133 -0.0223113
57921 63917 63945 0.000483417
58952 63943 63972 0.000491926
56594 62837 62941 0.00183765
55033 61515 61311 -0.00370687
58375 64283 64394 0.0019015
56306 63515 63515 0
56543 61418 61418 0
55196 64473 64473 0
56738 63356 63356 0
55892 61486 61434 -0.000930366
55739 62927 62070 -0.0153752
57170 62280 62280 0
57743 63895 63842 -0.00091786
56386 64613 64431 -0.00322775
57655 63764 63919 0.00268841
57459 61683 61683 0
57347 63357 63374 0.000296441
56864 62052 62334 0.0049592
56402 62029 61894 -0.00239353
57575 63628 63820 0.00333478
57697 63106 63188 0.00142122
57559 61815 61815 0
57395 64236 64244 0.000139385
57009 63772 63466 -0.00536757
59449 64991 64715 -0.00464263
60150 65505 65578 0.00121363
57346 63666 63537 -0.0022495
54679 63660 63348 -0.00570603
56861 63149 62910 -0.00420323
57829 62712 62714 3.45847e-05
57562 62289 62475 0.0032313
55668 62784 62643 -0.00253287
57312 64064 64056 -0.000139587
58808 63737 63155 -0.00989661
57017 62252 62499 0.00433204
57437 63085 63085 0
58532 62921 62921 0
58872 64894 64889 -8.493e-05
58056 62886 62741 -0.00249759
56341 63614 63454 -0.00283985
58944 64288 64925 0.0108069
56821 61755 62186 0.00758522
55856 63543 63446 -0.00173661
58557 63443 63443 0
56429 63165 63045 -0.00212657
57370 63384 62918 -0.00812271
56397 62612 62612 0
58549 65022 65059 0.000631949
55395 62205 62068 -0.00247315
55866 61980 61863 -0.0020943
57396 61761 61762 1.74228e-05
57127 62626 62481 -0.0025382
58874 63843 63297 -0.00927404
58598 64218 64012 -0.00351548
57811 62609 62767 0.00273304
56613 62607 62781 0.0030735
56490 62845 62923 0.00138078
56318 63539 63456 -0.00147377
56698 62211 62335 0.00218703
58177 63857 63729 -0.00220018
56329 63502 63440 -0.00110068
57192 61893 62017 0.00216814
56861 63733 63821 0.00154763
57158 62722 62837 0.00201197
59076 64552 64553 1.69273e-05
58785 63650 63658 0.000136089
57311 63235 62953 -0.00492052
57824 62515 62113 -0.00695213
57341 65252 65206 -0.000802218
56689 63739 63383 -0.00627988
56991 62709 62704 -8.77332e-05
58930 64865 64865 0
59925 64478 64483 8.34376e-05
56441 63061 62937 -0.00219698
58430 63167 62841 -0.00557933
56284 62409 62409 0
56064 62084 61910 -0.0031036
56125 60783 60772 -0.000195991
57511 62379 62378 -1.7388e-05
58405 62661 63006 0.00590703
56497 63590 63590 0
58972 63595 63471 -0.00210269
53353 61608 61608 0
58210 64207 64284 0.0013228
55225 61495 61529 0.000615663
54718 63809 63010 -0.0146021
57491 62141 62177 0.000626185
58272 62271 62271 0
54805 61423 61260 -0.00297418
56828 62326 62318 -0.000140776
58510 63083 63210 0.00217057
56780 62377 62003 -0.00658683
57245 61249 61572 0.00564241
56379 63166 62817 -0.00619025
56688 61863 61879 0.000282247
57949 63077 63184 0.00184645
57123 65217 65217 0
56562 62654 62461 -0.00341218
56658 63659 63541 -0.00208267
56845 62151 62151 0
56415 63032 62656 -0.00666489
58337 63679 63679 0
58271 64191 64227 0.000617803
56258 64406 64406 0
59074 63583 63583 0
55703 63129 62996 -0.00238766
59612 64784 64409 -0.00629068
57755 63315 63352 0.000640637
55255 61678 61639 -0.000705818
58998 63757 64550 0.0134411
57490 63991 63582 -0.00711428
58527 65314 65314 0
56774 62441 62583 0.00250114
55141 62442 62338 -0.00188607
55896 62556 62556 0
59507 64128 64025 -0.00173089
57971 63504 63504 0
58066 63044 63000 -0.000757758
57056 63165 63010 -0.00271663
58701 66586 66586 0
58142 64911 64334 -0.00992398
58186 62510 62056 -0.00780256
56349 61981 62053 0.00127775
56437 62120 62590 0.00832787
58113 65604 65365 -0.00411268
57488 63712 63712 0
56875 64659 64288 -0.00652308
58790 63010 63240 0.00391223
58860 64410 64745 0.00569147
58405 64481 64323 -0.00270525
56491 64152 64152 0
57750 62846 62587 -0.00448485
55907 60952 61176 0.00400665
57349 61818 61818 0
56606 61591 61731 0.00247324
58126 64049 64156 0.00184083
57251 63830 63865 0.000611343
56646 63807 63611 -0.00346009
56207 63707 63973 0.00473251
58199 63165 64045 0.0151205
55864 61109 60914 -0.00349062
55435 63389 63348 -0.000739605
55862 63194 63139 -0.000984569
56173 62049 61731 -0.00566108
56181 63190 62751 -0.00781403
54307 59957 60318 0.00664739
60741 65674 65722 0.000790241
57175 63701 63860 0.00278094
57250 63825 63663 -0.00282969
59597 62843 62998 0.0026008
56235 62507 62712 0.00364542
56808 62116 62116 0
57088 61930 61841 -0.001559
58159 63356 63323 -0.00056741
58283 64687 64224 -0.007944
57656 64194 64194 0
57151 62534 62436 -0.00171476
58900 65806 65805 -1.69779e-05
54221 60417 60417 0
57126 64851 64851 0
56439 62754 62635 -0.00210847
58100 62262 62287 0.000430293
57939 61918 62015 0.00167417
53755 62615 62198 -0.00775742
55705 63182 63273 0.00163361
58180 64318 64153 -0.00283603
57710 63017 62924 -0.00161151
57969 65577 65455 -0.00210457
56733 61805 61832 0.000475913
58653 62746 62594 -0.00259151
55069 62149 62076 -0.00132561
57120 63740 63740 0
57958 63465 63442 -0.000396839
57981 63945 64024 0.00136252
57766 62996 63077 0.00140221
56656 63087 63087 0
56516 63772 63772 0
56130 62774 62472 -0.00538037
56672 61675 61675 0
58840 65200 65200 0
59628 64837 64837 0
55450 62514 62514 0
56103 61576 61743 0.00297667
55495 62580 62577 -5.40589e-05
56979 62030 62030 0
56208 62677 62677 0
58169 62860 63434 0.0098678
57111 63029 63118 0.00155837
56266 61127 60989 -0.00245264
56063 62438 62438 0
57852 64003 63992 -0.00019014
54683 63959 64239 0.00512042
58735 64047 64047 0
56445 62913 63209 0.00524404
56951 62875 62928 0.000930625
58135 62816 62765 -0.000877268
57706 63172 63172 0
56613 62397 62489 0.00162507
55398 61431 61176 -0.00460305
59500 64215 64152 -0.00105882
55680 63127 63007 -0.00215517
58028 62409 62393 -0.000275729
56610 62591 62625 0.000600601
58155 63003 62952 -0.000876967
55890 60426 60446 0.000357846
57687 63469 63312 -0.00272158
55868 62943 62943 0
55288 62803 62779 -0.000434091
59437 63563 63563 0
58714 65044 64921 -0.0020949
57564 63621 62848 -0.0134285
56615 63235 63634 0.0070476
56471 61721 61721 0
57951 65028 65127 0.00170834
55964 62526 62704 0.00318062
58942 63982 63982 0
55226 61020 60716 -0.00550465
56234 61873 61807 -0.00117367
55629 62467 62533 0.00118643
56922 62735 62701 -0.000597309
57429 62954 63290 0.0058507
57080 61850 61850 0
59087 64883 64635 -0.0041972
58555 64348 64275 -0.00124669
59300 63412 63595 0.003086
59340 64405 64400 -8.42602e-05
56724 64078 63814 -0.00465411
54654 61176 61857 0.0124602
56590 62603 62737 0.00236791
56677 63504 63370 -0.00236427
56239 63475 63475 0
59173 64857 64905 0.000811181
56135 63112 63060 -0.000926338
59281 64950 65018 0.00114708
60653 65595 65562 -0.000544079
56813 61256 61030 -0.00397796
58309 64716 64751 0.00060025
58492 62414 62481 0.00114546
56698 64285 64285 0
56746 61676 62020 0.0060621
58325 63044 62813 -0.00396057
57223 63239 63001 -0.00415917
56395 63413 63413 0
57551 62505 62521 0.000278014
56803 61071 60874 -0.00346813
57786 64640 64599 -0.000709514
56626 61583 61964 0.00672836
57564 61898 61684 -0.0037176
57148 64475 64222 -0.0044271
57061 63156 63249 0.00162983
58378 63626 63852 0.00387132
56918 64471 64471 0
54664 62336 62336 0
58760 63278 63365 0.0014806
53566 61186 61329 0.0026696
55888 61037 60791 -0.00440166
52944 60392 59972 -0.00793291
58005 64010 63854 -0.00268942
56926 62787 62798 0.000193233
59416 63394 63422 0.000471254
56506 62400 62216 -0.00325629
56848 63082 63056 -0.00045736
57183 62198 62107 -0.00159138
58595 61652 61654 3.41326e-05
57633 62930 63033 0.00178717
57220 62388 62239 -0.00260398
57148 62092 62428 0.00587947
56420 61650 61763 0.00200284
57456 63401 63045 -0.00619605
57120 61545 61778 0.00407913
57219 62411 62802 0.00683339
56087 62905 63029 0.00221085
59565 65676 65515 -0.00270293
57263 63193 63528 0.0058502
59503 64807 64827 0.000336118
56972 63050 63071 0.000368602
57944 62210 62097 -0.00195016
58815 63364 63442 0.00132619
56620 62687 62589 -0.00173084
55681 62539 62539 0
58531 64222 64262 0.000683399
58159 63996 64035 0.000670575
58206 63990 63698 -0.00501666
54204 61546 61770 0.00413254
56959 62213 62719 0.00888358
57215 63866 63687 -0.00312855
59093 62528 62782 0.00429831
57405 62279 61987 -0.00508666
55980 62015 61721 -0.00525188
56969 62129 62402 0.00479208
59553 64503 64439 -0.00107467
56940 62156 61753 -0.00707763
56474 64389 64389 0
57307 61459 61440 -0.000331548
56758 62207 62549 0.00602558
55145 61816 61962 0.00264757
56739 63007 63014 0.000123372
56753 63097 63272 0.00308354
58128 64509 64522 0.000223644
58526 64402 64373 -0.000495506
58161 64453 63878 -0.00988635
56499 61940 61949 0.000159295
57656 63751 63885 0.00232413
56732 62359 62421 0.00109286
58022 64336 64111 -0.00387784
60539 64015 64143 0.00211434
55235 62516 62404 -0.0020277
57459 62822 62835 0.000226248
62041 64902 65004 0.00164407
57494 64426 64503 0.00133927
57261 64304 64313 0.000157175
58520 63437 63444 0.000119617
59227 63663 63326 -0.00568997
57260 63157 62981 -0.0030737
58656 63988 63988 0
56289 63912 63912 0
56875 62532 62465 -0.00117802
56911 62423 62630 0.00363726
59411 64931 65032 0.00170002
56889 61677 62289 0.0107578
55810 62498 62490 -0.000143343
56735 62914 63205 0.00512911
57202 63321 63321 0
57529 63855 64310 0.00790905
55901 64470 64664 0.00347042
58104 62075 62094 0.000327
59355 64654 64486 -0.00283043
56330 61851 61513 -0.00600036
56640 65352 65195 -0.00277189
59903 64431 63388 -0.0174115
56855 62841 62583 -0.00453786
58208 63256 63522 0.00456982
55540 62240 61693 -0.00984876
55596 62991 62795 -0.00352543
55075 62912 62786 -0.00228779
58677 63745 63745 0
56018 63430 63430 0
55446 62395 61856 -0.00972117
55853 61971 62421 0.00805686
56003 62753 62726 -0.000482117
56592 61849 61758 -0.001608
56698 63241 63180 -0.00107588
56773 62917 62880 -0.000651718
58713 63905 64313 0.00694906
57083 61961 61964 5.25551e-05
57005 64254 64165 -0.00156127
57811 60877 60877 0
57920 63102 63102 0
56206 62565 62391 -0.00309575
57636 62466 62279 -0.0032445
57458 62770 62961 0.00332417
59569 64387 64234 -0.00256845
55068 62187 62187 0
57612 63746 63746 0
56820 60257 60455 0.00348469
56513 63034 62590 -0.0078566
55723 64478 64402 -0.00136389
57590 63224 63697 0.00821323
57900 62489 62480 -0.00015544
57738 64344 64344 0
57912 64170 64122 -0.000828844
57699 63413 63483 0.00121319
58729 63205 63223 0.000306493
57343 62568 62406 -0.00282511
60170 63142 63187 0.000747881
58102 62019 62380 0.00621321
58000 65382 65382 0
57379 63513 63513 0
56889 62322 62373 0.000896483
56748 61896 61742 -0.00271375
57741 63691 63691 0
57579 62420 62420 0
54986 62198 62090 -0.00196414
58112 62179 62285 0.00182406
59188 64083 63978 -0.00177401
57366 62506 62374 -0.00230101
56502 61186 60641 -0.00964568
57247 62395 62351 -0.000768599
58657 62562 62883 0.00547249
56308 63239 63026 -0.00378277
58406 62897 62655 -0.00414341
56110 63080 63152 0.00128319
57813 63400 62760 -0.0110702
55671 62310 62360 0.000898134
59070 64020 63782 -0.00402912
59704 64580 64514 -0.00110545
57808 63514 63274 -0.00415167
58501 63519 63847 0.00560674
56381 64486 64486 0
58804 63743 64256 0.0087239
59163 63650 63706 0.000946538
60108 65255 65255 0
58963 62979 62979 0
57154 64122 63535 -0.0102705
57220 64176 64114 -0.00108354
55686 62502 62785 0.00508207
57368 63186 62821 -0.00636243
58715 62765 62819 0.000919697
58652 63438 63426 -0.000204597
58506 63649 63706 0.000974259
58615 64920 64920 0
59770 65613 65586 -0.000451732
56963 63034 62921 -0.00198374
58393 63415 63537 0.00208929
57742 63052 63004 -0.000831284
58425 63973 63834 -0.00237912
56344 62080 62029 -0.000905154
55934 61897 61965 0.00121572
57670 65065 65065 0
54381 60981 60960 -0.000386164
58788 63141 63141 0
57938 62716 62713 -5.17795e-05
56390 62640 62601 -0.000691612
59573 64009 63767 -0.00406224
57067 63440 63591 0.00264601
59773 64924 64825 -0.00165627
55071 62219 62169 -0.000907919
58568 63329 63757 0.00730774
55938 61706 61019 -0.0122815
58032 64305 63889 -0.00716846
62100 65688 65688 0
56340 61598 61677 0.0014022
58537 63974 64069 0.00162291
54439 62184 62184 0
57335 62603 63316 0.0124357
56398 62376 62291 -0.00150715
57633 62472 62591 0.00206479
58073 62564 62692 0.00220412
57139 64124 64066 -0.00101507
57305 62583 62831 0.00432772
58078 61852 61969 0.00201453
55969 63797 63797 0
56997 64087 64087 0
55854 61893 62398 0.00904143
56770 64135 64135 0
54455 63292 63274 -0.000330548
57528 62912 63239 0.00568419
58598 63691 63691 0
56935 60363 60734 0.0065162
57402 61392 61513 0.00210794
55938 61560 61485 -0.00134077
60155 65270 65373 0.00171224
56259 62000 61755 -0.00435486
56631 64129 63988 -0.0024898
59277 64371 64200 -0.00288476
57577 62246 61924 -0.00559251
57378 62501 61963 -0.00937642
59239 64304 64050 -0.00428772
59882 62896 63557 0.0110384
60223 63559 63559 0
58516 63155 63103 -0.000888646
57744 62564 62131 -0.00749861
58934 63685 63724 0.000661757
59156 64465 64365 -0.00169045
58788 64637 64730 0.00158196
57094 61987 62022 0.000613024
57255 63265 62364 -0.0157366
55624 62313 62423 0.00197756
59473 63584 63584 0
57461 60642 60667 0.000435078
55389 60862 60953 0.00164293
56676 61391 61738 0.00612252
58294 62812 63172 0.00617559
55572 61143 61434 0.00523645
59956 65030 65013 -0.000283541
58197 63877 63889 0.000206196
56322 63178 63286 0.00191755
57334 64776 64968 0.0033488
56920 60574 60574 0
55232 62629 62682 0.000959589
57353 63775 63467 -0.00537025
57993 63534 63577 0.000741469
56340 62421 62323 -0.00173944
56977 61957 61755 -0.00354529
58365 63848 63460 -0.00664782
57406 63933 64349 0.00724663
56156 61075 60936 -0.00247525
56809 61563 61437 -0.00221796
56393 62088 62239 0.00267764
57319 62253 62270 0.000296586
56922 62997 62997 0
59746 63594 63913 0.00533927
58193 63364 63381 0.000292131
56678 63782 63531 -0.00442853
60101 64659 64372 -0.00477529
55609 63490 63795 0.00548472
56674 63285 63285 0
56056 63401 63570 0.00301484
57914 64211 64374 0.00281452
57787 62567 63065 0.00861786
56154 61727 61610 -0.00208356
60161 64256 64615 0.00596732
58077 62342 62441 0.00170463
53874 62276 62140 -0.00252441
58615 63003 62992 -0.000187665
55194 61417 61786 0.00668551
58292 63768 63875 0.00183559
57820 65435 65403 -0.000553442
55984 62546 63041 0.00884181
56797 64782 64726 -0.000985968
55179 61386 61317 -0.00125048
56987 62247 61991 -0.00449225
58257 64017 64017 0
57418 61842 62303 0.00802884
57307 63633 63818 0.00322823
59880 64486 64486 0
57883 63947 63889 -0.00100202
57458 63643 63643 0
58878 64042 64178 0.00230986
56161 62566 62188 -0.00673065
60059 65461 65452 -0.000149853
57371 62804 62935 0.00228338
56012 62748 62748 0
57157 62618 62648 0.00052487
56651 63339 63113 -0.00398934
56182 61854 61952 0.00174433
57568 61870 61836 -0.000590606
58403 64691 64414 -0.00474291
53560 60768 60635 -0.0024832
59320 64946 64859 -0.00146662
56070 62796 63223 0.00761548
56093 62206 62360 0.00274544
55334 61557 62023 0.00842159
58407 63712 63712 0
55759 61964 61834 -0.00233146
59797 65379 65661 0.00471596
56899 63084 63035 -0.000861175
55117 60657 60619 -0.000689442
57375 61709 61416 -0.00510675
58750 66204 65962 -0.00411915
54602 61157 61375 0.00399253
56122 61727 61814 0.00155019
59072 63610 63813 0.00343648
57171 62173 62182 0.000157422
55968 63722 64247 0.00938036
54956 60621 60611 -0.000181964
56078 62660 62421 -0.00426192
57431 61886 61886 0
56940 63177 62129 -0.0184053
57778 63574 63574 0
55050 62683 62404 -0.00506812
57816 63715 63885 0.00294036
56380 63446 63469 0.000407946
55426 62564 62406 -0.00285065
59084 64773 64773 0
56434 62772 62779 0.000124039
58145 62686 63156 0.00808324
57252 61959 61959 0
59214 63442 63442 0
56718 62237 62160 -0.00135759
59065 62747 62657 -0.00152375
57252 63551 63551 0
54590 61915 61627 -0.00527569
58096 62385 62265 -0.00206555
58357 63412 63456 0.00075398
58607 62725 62841 0.00197929
56683 61734 61989 0.0044987
56944 63832 63832 0
57831 62555 62384 -0.00295689
55801 60056 60056 0
57681 61342 61193 -0.00258317
57320 62793 62295 -0.00868807
57741 62719 62953 0.00405258
56014 63433 63285 -0.0026422
58257 63922 63922 0
56437 62592 63312 0.0127576
59415 63807 63750 -0.000959354
55959 63740 63345 -0.00705874
57419 61887 62145 0.00449329
59042 64125 64404 0.00472545
57153 63324 62722 -0.0105331
58117 62317 62556 0.00411239
56446 63241 63358 0.00207278
57574 62835 62835 0
57280 62874 62558 -0.00551676
56775 63690 63774 0.00147952
56224 62748 62863 0.00204539
57595 63050 63030 -0.000347252
57238 63059 63222 0.00284776
60062 63019 62670 -0.00581066
57786 63324 63157 -0.00288997
56226 62163 62638 0.00844805
57242 64217 64396 0.00312707
60035 65720 65720 0
56961 63155 62751 -0.00709257
57464 63445 63316 -0.00224488
57130 62399 62796 0.00694906
58584 63014 62956 -0.000990031
58892 63682 63640 -0.00071317
59596 65051 65050 -1.67796e-05
57474 63008 62416 -0.0103003
59241 66098 66098 0
59129 64217 64310 0.00157283
56803 64292 64293 1.76047e-05
55778 61264 61016 -0.0044462
56018 62313 62237 -0.00135671
58642 62720 62793 0.00124484
56187 63025 62874 -0.00268745
56168 63655 63013 -0.01143
57474 64052 63784 -0.00466298
55720 62718 62859 0.00253051
57770 63403 63403 0
54645 61034 61100 0.0012078
58076 62111 62111 0
59314 63232 62845 -0.0065246
58082 63073 63252 0.00308185
60321 64827 64827 0
57764 63866 63764 -0.00176581
57251 62843 63185 0.00597369
59151 64456 64062 -0.00666092
58014 62991 63620 0.0108422
57518 63419 63230 -0.00328593
56300 60694 60754 0.00106572
57584 63218 62756 -0.00802306
58288 63529 63772 0.00416895
59343 64131 64011 -0.00202214
56374 63535 63291 -0.00432824
56653 61228 61224 -7.06053e-05
59071 63428 63498 0.00118501
57746 63301 63247 -0.00093513
56125 63972 63957 -0.000267261
57331 64874 64718 -0.00272104
57462 62658 62606 -0.000904946
57079 62794 62896 0.001787
58179 63904 63698 -0.0035408
56019 62359 62359 0
57066 63192 63193 1.75236e-05
58005 64349 64181 -0.0028963
55225 63555 63217 -0.00612042
57861 64901 64957 0.000967837
60146 65357 65571 0.00355801
58735 63081 64251 0.01992
55578 63342 62949 -0.00707114
56931 62448 62448 0
55401 60875 60891 0.000288803
58094 63952 63941 -0.000189348
55606 63236 63096 -0.00251771
55449 62406 61885 -0.00939602
59773 64402 64451 0.000819768
56084 63573 62985 -0.0104843
55768 63687 63687 0
56102 63824 63566 -0.00459877
56573 61230 61203 -0.000477259
59126 64015 64064 0.000828739
55961 62316 62053 -0.0046997
58138 62747 62719 -0.000481613
56283 64348 64348 0
57721 62764 62815 0.000883561
58060 63220 62818 -0.00692387
58900 64188 64258 0.00118846
59072 63252 63219 -0.00055864
58211 62006 63055 0.0180206
60081 64003 64003 0
59625 63665 63665 0
55761 63185 62853 -0.00595398
57177 63802 63750 -0.000909457
56720 62643 61967 -0.0119182
58722 64216 63967 -0.00424032
58231 63934 63954 0.00034346
56879 62260 62260 0
56320 61710 61896 0.00330256
58296 64805 64996 0.00327638
58603 62817 62613 -0.00348105
56094 63249 63249 0
57407 62700 62326 -0.00651488
60396 64347 64064 -0.00468574
59963 64090 63769 -0.0053533
58499 64750 64746 -6.83772e-05
57549 63004 62986 -0.000312777
58172 61563 61731 0.00288799
57001 61671 61888 0.00380695
56747 62243 62310 0.00118068
58196 62510 62294 -0.0037116
57242 61663 61814 0.00263792
58359 62153 62731 0.00990421
54297 62828 62179 -0.0119528
57062 62933 62933 0
59060 63183 63766 0.00987132
56024 62606 62508 -0.00174925
56616 63359 63397 0.000671188
56759 63311 63160 -0.00266037
55901 61657 61576 -0.00144899
59964 64330 64537 0.00345207
55755 61028 60846 -0.00326428
58534 64021 63696 -0.00555233
57996 63561 63733 0.00296572
58002 64209 64209 0
54898 63120 62730 -0.00710408
55055 63045 63116 0.00128962
58013 62845 62653 -0.0033096
55578 60915 60739 -0.00316672
56353 62795 62645 -0.00266179
56802 62258 62426 0.00295764
58308 63367 63324 -0.000737463
57281 63804 63503 -0.0052548
58461 62096 62781 0.0117172
56356 61553 61553 0
56639 62157 62157 0
55750 62925 63078 0.00274439
56826 62793 62743 -0.000879879
55672 62781 63041 0.00467021
60595 65114 65114 0
55372 61976 61976 0
56839 63523 63466 -0.00100283
59057 65269 65269 0
59069 65052 65031 -0.000355516
57390 64012 63638 -0.00651681
58146 64698 64720 0.000378358
56581 61126 60903 -0.00394125
57704 62569 62557 -0.000207958
56921 62626 62913 0.00504208
58466 63559 63559 0
57447 63470 64065 0.0103574
56727 63395 63127 -0.00472438
56560 60894 61078 0.00325318
56109 61607 61533 -0.00131886
55453 63248 63067 -0.00326403
55877 62554 62532 -0.000393722
58304 63029 63214 0.00317302
56880 61869 61831 -0.000668073
55436 62701 62758 0.00102821
55765 61650 61650 0
56500 62021 62300 0.00493805
56499 63186 63186 0
56805 62647 62603 -0.00077458
55218 61929 62165 0.00427397
57161 61615 62057 0.00773254
57108 63610 64087 0.0083526
58288 62502 62328 -0.00298518
55983 63885 64083 0.00353679
56842 62880 62609 -0.0047676
57270 62955 62955 0
54896 61648 61646 -3.64325e-05
56107 62435 62204 -0.00411713
55115 62730 62456 -0.00497142
56776 61539 61529 -0.000176131
60480 64402 64437 0.000578704
57691 63455 63271 -0.00318941
57187 64236 64443 0.0036197
56825 62145 62958 0.0143071
57386 63916 63936 0.000348517
56729 62125 62506 0.00671614
57898 62004 60829 -0.0202943
57506 64264 64380 0.00201718
59040 62767 62793 0.000440379
55700 61756 61603 -0.00274686
57991 65397 65505 0.00186236
57533 63837 63621 -0.00375437
58006 62113 62223 0.00189636
58193 63736 63899 0.00280102
57699 62251 62338 0.00150783
54775 63107 62856 -0.00458238
57275 61785 61930 0.00253165
58027 62187 62206 0.000327434
58127 63939 63939 0
55100 61883 61883 0
57891 64963 64963 0
58171 63828 63756 -0.00123773
59241 64591 64938 0.00585743
56147 61740 61881 0.00251127
56823 62841 63375 0.0093976
58788 64634 64413 -0.00375927
57745 62730 62295 -0.00753312
57459 63445 63472 0.0004699
58148 62463 62710 0.00424778
55593 63060 63060 0
57729 63800 63888 0.00152436
58230 62974 63175 0.00345183
57562 63918 63341 -0.010024
57958 64339 64240 -0.00170813
57589 62429 61702 -0.0126239
58143 63307 63468 0.00276903
58977 62871 62737 -0.00227207
59116 62831 63149 0.00537925
57178 63488 63488 0
56308 63033 62683 -0.00621581
56520 63240 63310 0.0012385
54526 62640 62531 -0.00199905
53855 61778 61902 0.00230248
57320 63631 63555 -0.00132589
55367 62089 61928 -0.00290787
57757 63338 63338 0
56495 63283 63283 0
57441 63294 63305 0.000191501
56904 63147 63236 0.00156404
56383 62142 62481 0.00601245
57312 63411 63381 -0.000523451
57565 63689 63689 0
56251 61435 61375 -0.00106665
56205 63428 63437 0.000160128
57199 63864 63576 -0.00503505
59536 64378 64186 -0.00322494
57528 63237 63349 0.00194688
57025 62190 61572 -0.0108374
58385 62853 62859 0.000102766
59010 64361 64249 -0.00189798
58924 64488 64488 0
57777 62013 62018 8.65396e-05
57094 62172 62314 0.00248713
59305 63274 63170 -0.00175365
57514 62286 62764 0.00831102
58691 63854 63528 -0.00555451
55651 62217 62229 0.00021563
56561 61480 61689 0.00369513
57285 64095 64095 0
56744 61947 62118 0.00301353
58054 63718 63718 0
57002 61663 61377 -0.00501737
57983 64225 64181 -0.000758843
57480 63651 63787 0.00236604
56892 63738 63761 0.000404275
57551 63755 63391 -0.00632482
57080 62936 62941 8.75964e-05
58574 65224 64920 -0.00519002
59351 64221 64176 -0.000758201
57894 62326 62353 0.00046637
59495 63507 63458 -0.000823599
55526 64185 64034 -0.00271945
56634 62101 61960 -0.00248967
57078 62958 63188 0.00402957
57454 63686 64041 0.00617886
57080 62985 63232 0.00432726
57502 62502 62145 -0.00620848
58838 63669 63609 -0.00101975
58663 64203 64355 0.00259107
56408 61864 62019 0.00274784
58210 62425 62157 -0.00460402
58355 63687 63702 0.000257047
58693 63349 63349 0
55106 61110 60899 -0.00382898
57503 65092 65092 0
58657 64476 64278 -0.00337556
58136 65366 64868 -0.00856612
58649 62348 62476 0.00218248
55496 61756 61954 0.00356782
57359 64831 64930 0.00172597
55620 61476 60645 -0.0149407
55746 61845 62363 0.00929215
57705 64277 63540 -0.0127719
57021 64501 64607 0.00185896
57642 61972 62387 0.00719961
57866 64426 64094 -0.00573739
58206 63486 63506 0.000343607
57995 63289 63269 -0.000344857
56109 61313 61243 -0.00124757
58565 61540 61582 0.000717152
59767 63593 63583 -0.000167316
57944 64481 64582 0.00174306
55567 62329 62204 -0.00224954
56639 62380 62441 0.001077
58086 65302 64714 -0.0101229
56507 63102 63130 0.000495514
58241 63731 63782 0.000875672
58432 66295 66395 0.00171139
60447 64693 64605 -0.00145582
57789 63322 63259 -0.00109017
56127 63234 63393 0.00283286
57533 65290 65290 0
55633 62130 62192 0.00111445
55778 63264 63264 0
57353 63175 63166 -0.000156923
53913 59959 59188 -0.0143008
57693 62066 62066 0
57493 62555 63484 0.0161585
59075 62700 62700 0
57685 64728 64361 -0.00636214
59673 64190 63664 -0.00881471
58503 64637 64365 -0.00464933
58191 63622 63571 -0.000876424
55806 63071 62820 -0.00449772
59512 64213 64171 -0.00070574
57680 63677 63060 -0.0106969
58296 64371 64668 0.00509469
56211 63554 62696 -0.0152639
59603 64283 64406 0.00206365
58246 63588 63588 0
57641 62576 62620 0.000763346
56096 64427 64388 -0.000695237
57607 65293 65349 0.000972104
56874 63556 63624 0.00119563
57337 62847 62956 0.00190104
55911 63508 63195 -0.00559818
58393 63477 63598 0.00207217
58457 63502 63733 0.00395162
57917 62210 62210 0
58774 63740 63999 0.00440671
57088 62143 62530 0.00677901
57917 62989 62941 -0.000828772
58021 62932 63004 0.00124093
55547 61843 61982 0.00250239
57615 63952 63668 -0.00492927
57825 61720 61835 0.00198876
56787 62236 62236 0
56861 63520 63107 -0.00726333
57316 62436 62411 -0.000436178
58534 63894 63481 -0.00705573
55441 61495 61538 0.000775599
55348 63395 63395 0
57451 63021 63030 0.000156655
58157 62133 62575 0.00760012
56908 61693 62023 0.00579883
55819 63123 63693 0.0102116
57458 62719 62719 0
56413 62151 62665 0.00911138
59357 63885 63543 -0.00576175
60590 64126 64358 0.00382901
57027 62696 62713 0.000298104
58445 62487 62350 -0.00234408
58820 62966 63222 0.00435226
58630 63903 63903 0
57681 62787 62796 0.000156031
58022 64115 64115 0
57052 63107 62926 -0.00317254
56278 61999 62254 0.00453108
57796 63601 63693 0.00159181
59023 64675 64944 0.00455755
58144 64211 64009 -0.00347413
57060 63214 63214 0
56553 62574 62139 -0.0076919
56904 62347 62348 1.75735e-05
57191 64010 64047 0.000646955
56238 62937 62937 0
56511 63338 63401 0.00111483
56243 62297 62080 -0.00385826
57228 61932 62352 0.00733906
57415 63451 63488 0.000644431
58853 63857 63857 0
56964 63065 63065 0
59170 65257 65257 0
54686 64002 63943 -0.00107889
55632 59673 59031 -0.0115401
58374 64719 64719 0
56011 60974 61537 0.0100516
57270 63399 63399 0
57178 62696 62342 -0.00619119
