63358 69439 69441 3.15667e-05
61633 68472 68747 0.0044619
64640 70822 70649 -0.00267636
63003 70026 69894 -0.00209514
63916 70897 70891 -9.38732e-05
63994 70169 69971 -0.00309404
65299 72756 72659 -0.00148547
64808 71278 70907 -0.0057246
64323 70991 71146 0.00240971
63200 68956 69319 0.00574367
64689 71369 71087 -0.00435932
64461 70896 71013 0.00181505
64011 69307 69401 0.0014685
63828 71436 71436 0
65332 71709 71541 -0.00257148
64950 70193 70268 0.00115473
66746 71850 72110 0.00389536
64656 70738 70195 -0.00839829
62326 68811 68811 0
63119 69917 69917 0
65090 71494 71461 -0.00050699
65174 71520 71467 -0.000813208
62849 69005 69066 0.00097058
64389 71799 71654 -0.00225194
64468 70272 70075 -0.00305578
65271 72632 72579 -0.000811999
66728 70983 70701 -0.00422611
62714 71561 71625 0.00102051
65214 71205 71201 -6.13365e-05
64358 70231 70286 0.000854595
65419 72929 72269 -0.0100888
64871 69452 69447 -7.7076e-05
65730 71044 70844 -0.00304275
63219 69059 68883 -0.00278397
62918 70609 70061 -0.00870975
65021 71015 70992 -0.000353732
64154 70783 71197 0.00645322
67093 71074 71841 0.0114319
65574 71491 71216 -0.00419374
66597 70481 70713 0.00348364
68671 74082 74056 -0.000378617
64392 70733 70646 -0.0013511
65579 71819 71763 -0.000853932
65129 71578 71578 0
61289 69787 69877 0.00146845
66554 72929 72568 -0.00542417
64370 70917 70973 0.00086997
65347 72113 72122 0.000137726
67579 71863 71981 0.0017461
65488 69476 68834 -0.00980332
64930 69903 69985 0.0012629
62327 69877 69718 -0.00255106
62053 68956 68318 -0.0102815
63822 70758 70644 -0.00178622
65606 71681 71681 0
64150 70024 69979 -0.000701481
64063 71787 71787 0
66467 73023 73140 0.00176027
63136 69788 70364 0.00912316
65076 70141 70223 0.00126007
65338 69302 69141 -0.00246411
62104 69613 69397 -0.00347804
64423 70379 70353 -0.000403583
67385 71702 71222 -0.00712325
63473 68458 69065 0.00956312
65894 71117 71340 0.00338422
65983 71867 72168 0.00456178
63554 70775 70731 -0.000692325
61861 69074 68636 -0.00708039
65124 71339 71241 -0.00150482
63327 71217 71217 0
63633 69084 69117 0.000518599
62295 71269 71308 0.000626053
63424 71537 71605 0.00107215
62694 69327 68815 -0.00816665
63244 69778 69892 0.00180254
64567 70338 69400 -0.0145275
64450 71186 71204 0.000279286
63585 72424 72027 -0.00624361
65108 72452 72452 0
63878 69002 69323 0.0050252
63782 70635 70635 0
63508 69270 69356 0.00135416
62914 68732 68732 0
64398 71622 71392 -0.00357154
65660 71832 71205 -0.00954919
64290 69236 69137 -0.0015399
65532 72034 72034 0
64501 71059 70695 -0.00564332
66638 71437 72190 0.0112999
67092 72785 72014 -0.0114917
63548 69965 69857 -0.0016995
62469 71976 71202 -0.0123901
63387 70234 70089 -0.00228754
65074 71440 71440 0
64739 69964 69964 0
62158 70668 70383 -0.00458509
64971 72145 72145 0
66087 70653 70579 -0.00111974
64119 69266 68792 -0.0073925
64739 70027 70156 0.00199262
66394 70644 70697 0.000798265
65627 71736 71536 -0.00304753
64924 69930 69930 0
62865 71265 71098 -0.00265649
66801 72228 72474 0.00368258
64649 69933 69869 -0.000989961
63872 72115 72115 0
65910 71359 71359 0
63020 70445 70367 -0.0012377
64509 71108 71303 0.00302283
63260 69382 69382 0
66495 72776 72859 0.00124821
62707 69567 69893 0.00519878
62949 69615 69071 -0.00864192
64713 69378 69465 0.0013444
65241 70137 70044 -0.00142548
66087 71530 71486 -0.000665789
65338 71206 71389 0.00280082
63974 69533 69522 -0.000171945
63456 70756 70730 -0.000409733
63610 70396 70842 0.00701148
63949 71473 71295 -0.00278347
63731 69565 69565 0
65268 71346 71560 0.00327879
62910 70060 69912 -0.00235257
64305 69280 69864 0.00908172
64583 70909 71215 0.00473809
65218 71026 70689 -0.00516729
66053 71815 71860 0.000681271
65330 71087 71068 -0.000290831
65442 71220 71051 -0.00258244
65034 70145 70169 0.000369038
63825 71500 71432 -0.00106541
62953 71083 70773 -0.00492431
64252 69317 69511 0.00301936
65946 71541 71359 -0.00275983
66545 71743 71815 0.00108197
63549 70789 70616 -0.00272231
66139 70586 70918 0.00501973
63570 70084 70283 0.00313041
62872 69265 69265 0
62059 68218 68295 0.00124075
63522 69950 69869 -0.00127515
66101 69946 70028 0.00124053
63965 72003 72003 0
66121 70839 70827 -0.000181485
60403 68814 68814 0
64937 71626 71898 0.00418868
61719 68306 68306 0
61498 71011 70695 -0.00513838
64451 69766 70064 0.00462367
65537 69785 69475 -0.00473015
61419 68675 68665 -0.000162816
63667 69888 70021 0.00208899
65364 70219 70119 -0.00152989
64078 69984 69984 0
64858 69190 69396 0.00317617
63336 71934 71803 -0.00206833
63762 69182 69247 0.00101942
64158 70631 70519 -0.00174569
63754 72870 72324 -0.00856417
63617 69979 70025 0.000723077
63138 71361 71504 0.00226488
65236 70865 71026 0.00246796
64078 71361 71466 0.00163863
64618 70266 70157 -0.00168684
65880 71762 71881 0.00180631
63374 72404 72287 -0.00184618
65992 71055 70856 -0.00301552
62332 70536 70792 0.00410704
65878 72616 72616 0
64755 70743 70751 0.000123543
62180 68809 68825 0.000257317
66167 71811 71809 -3.02265e-05
64878 70906 70848 -0.000893986
65064 71746 71895 0.00229005
64114 70336 70336 0
62574 69946 70024 0.00124652
62945 69800 69800 0
66346 71357 71056 -0.00453682
65215 70657 70647 -0.000153339
65242 71127 71095 -0.000490482
64044 70459 70222 -0.00370058
65137 73281 73366 0.00130494
65319 72569 72565 -6.12379e-05
64954 70226 70303 0.00118545
63099 68677 68138 -0.00854213
63688 69496 69735 0.00375267
65522 73530 73310 -0.00335765
64198 71302 71302 0
63231 70457 70457 0
65329 70702 70804 0.00156133
66306 71785 71666 -0.00179471
66066 72024 72024 0
63432 70988 70988 0
65612 70446 70462 0.000243858
62767 68459 68204 -0.00406264
64016 69047 69409 0.00565484
63812 69116 69126 0.00015671
65240 71836 71595 -0.00369405
64677 71127 71593 0.00720503
63172 71597 71597 0
63711 71122 71055 -0.00105162
65697 71173 70962 -0.00321171
62664 69340 69124 -0.00344696
62303 70677 70722 0.000722277
62962 70217 70217 0
62853 68982 68958 -0.000381843
63168 70034 70133 0.00156725
61607 67129 67504 0.00608697
67325 73329 72857 -0.00701077
64285 70434 70525 0.00141557
65113 71886 72006 0.00184295
65984 70614 70707 0.00140943
62793 69959 70229 0.00429984
64064 70626 70407 -0.00341846
64734 69918 69918 0
65919 70911 71075 0.0024879
66367 72883 72822 -0.000919131
64480 71494 71407 -0.00134926
63847 69339 69193 -0.00228672
65973 73873 73873 0
61249 67848 67538 -0.00506131
64527 72395 72395 0
62940 70871 71084 0.00338418
65489 69482 69478 -6.1079e-05
66093 70600 70198 -0.00608234
60905 70320 70403 0.00136278
62709 70829 70827 -3.18933e-05
65503 71814 71243 -0.00871716
65326 70539 70553 0.00021431
65081 72565 72942 0.00579278
63739 68727 68799 0.00112961
65799 70406 70142 -0.00401222
61947 69417 69207 -0.00338999
64203 70519 70421 -0.00152641
65154 70873 70873 0
65277 70970 70970 0
65663 71122 71130 0.000121834
62719 69903 69995 0.00146686
63611 71423 71697 0.00430743
62702 69300 69632 0.00529489
64173 69885 70110 0.00350615
65842 72664 72664 0
66858 72176 72176 0
62445 69317 69260 -0.000912803
63700 70049 70049 0
63124 71182 71089 -0.00147329
64809 70246 70246 0
63195 70216 69669 -0.00865575
65476 70508 70942 0.00662838
64284 70657 70473 -0.0028623
63240 68523 68570 0.000743201
63642 69639 69540 -0.00155558
64965 71743 71411 -0.00511044
61582 72626 72626 0
65701 71308 71386 0.0011872
64014 70516 70396 -0.00187459
65130 70858 70765 -0.00142791
65547 69982 69881 -0.00154088
65443 70703 71128 0.0064942
63053 69713 69509 -0.00323537
62515 69418 68545 -0.0139646
66596 72172 71826 -0.00519551
63063 70499 70295 -0.00323486
65809 70272 70514 0.00367731
62968 69640 69665 0.000397027
65139 69929 69914 -0.000230277
63206 67736 67676 -0.000949277
65050 70329 70848 0.00797848
62655 69524 69488 -0.000574575
62678 70421 70253 -0.00268037
66304 71349 71344 -7.54102e-05
65495 71645 72312 0.010184
64356 70753 70737 -0.000248617
63665 70189 71053 0.013571
63144 68357 68551 0.00307234
64991 72398 72398 0
62688 69559 70298 0.0117885
65543 71421 71421 0
62224 68956 68895 -0.000980329
63881 70620 70622 3.13082e-05
63798 70060 70234 0.00272736
63969 70419 70547 0.00200097
64321 71248 71243 -7.77351e-05
64448 68545 68477 -0.00105511
65738 72370 72104 -0.00404637
66137 71586 71505 -0.00122473
65705 70043 70423 0.00578343
66278 72183 72183 0
63523 70538 70584 0.000724147
62102 69303 69303 0
63216 70314 70260 -0.000854214
63722 71577 71252 -0.00510028
63604 71438 71246 -0.00301868
67418 72810 72810 0
62904 70228 70192 -0.000572301
66811 71961 72132 0.00255946
68748 74008 74054 0.00066911
64448 69099 69049 -0.000775819
65407 71909 71726 -0.00279787
65794 70064 69901 -0.00247743
64430 72321 72665 0.00533913
63224 68409 68542 0.00210363
65439 70415 70308 -0.00163511
65092 70897 70832 -0.000998587
63535 70454 70263 -0.00300622
64534 69571 69571 0
63439 68394 67819 -0.00906383
64626 72426 72426 0
64344 69812 69897 0.00132102
65090 69552 69650 0.00150561
64761 71625 71449 -0.00271769
63614 70297 70297 0
65577 70740 71017 0.00422404
63362 71276 71406 0.0020517
61739 69633 69568 -0.00105282
65074 69809 69867 0.000891293
60733 68279 68451 0.00283207
62454 67775 67810 0.000560412
59816 68615 68558 -0.000952922
66215 71320 71829 0.00768708
65424 71012 70981 -0.000473832
66207 71168 71392 0.00338333
63564 69346 69736 0.00613555
63343 69937 70007 0.00110509
63883 70024 69940 -0.0013149
65381 68362 68529 0.00255426
64403 69055 69236 0.00281043
64228 70041 70115 0.00115215
64602 70308 70453 0.00224451
63523 69574 69375 -0.00313272
65650 72075 72048 -0.000411272
63774 68629 68685 0.000878101
64110 70831 70667 -0.0025581
62653 69484 70074 0.00941695
66661 73141 73041 -0.00150013
63535 70559 70573 0.000220351
66876 72001 72030 0.000433638
64645 69726 69694 -0.000495011
65493 69664 69949 0.00435161
65889 70804 71109 0.004629
63373 69535 69351 -0.00290344
63317 70263 70213 -0.000789677
66028 71966 72310 0.00520991
65296 71923 71811 -0.00171527
64846 71034 71161 0.00195849
61584 68867 68719 -0.00240322
64618 70421 70361 -0.000928534
64656 70830 70844 0.000216531
66956 70098 70070 -0.000418185
63677 69680 69526 -0.00241846
62659 69958 69801 -0.00250563
64389 70005 69810 -0.00302847
67087 72052 72052 0
64151 68890 69029 0.00216676
64109 72187 71806 -0.005943
63863 68448 68400 -0.000751609
63992 70693 70721 0.000437555
62874 69944 70133 0.00300601
63929 70409 70409 0
64016 71553 71137 -0.00649838
64740 70997 71208 0.00325919
65932 71713 71713 0
65646 72023 71895 -0.00194985
62903 69399 69304 -0.00151026
65280 71812 71749 -0.000965074
63590 69751 69697 -0.00084919
65075 72029 71993 -0.000553208
68247 72090 72090 0
62597 70131 69477 -0.0104478
64962 70861 70861 0
69061 71972 72088 0.00167967
65444 72923 73183 0.00397286
64445 72017 71977 -0.000620684
66808 71938 70532 -0.0210454
65727 70563 70705 0.00216045
64570 71140 71124 -0.000247793
66434 71359 71303 -0.000842942
63309 70662 70662 0
63962 69883 70237 0.00553454
64748 70206 70429 0.00344412
66527 72331 72331 0
63952 70259 70122 -0.00214223
62249 69821 70081 0.00417677
63879 70196 70545 0.00546345
63526 70891 70913 0.000346315
64994 71839 71732 -0.00164631
63797 73263 73199 -0.00100318
65547 69869 69824 -0.00068653
66162 72306 72306 0
64020 69515 69898 0.00598251
63117 72725 72725 0
67060 72372 72087 -0.00424993
63144 69685 69747 0.000981883
64932 70209 70174 -0.000539025
63015 70257 70064 -0.00306276
62797 70484 70472 -0.000191092
62832 71014 70753 -0.00415393
64980 70729 70218 -0.00786396
63019 70917 70648 -0.00426855
62467 69712 69870 0.00252934
62946 68891 69403 0.00813396
63007 70355 69962 -0.0062374
63767 68956 68956 0
63352 70203 70037 -0.00262028
64460 71477 71182 -0.00457648
65372 71990 72057 0.0010249
64206 69375 69339 -0.000560695
63995 71005 71071 0.00103133
63777 68358 67762 -0.00934506
64771 70137 69854 -0.00436924
63403 70526 69764 -0.0120184
64745 70510 69828 -0.0105336
65209 70639 71040 0.00614946
67398 72350 72542 0.00284875
62022 69176 69176 0
64354 71002 70852 -0.00233086
64122 68179 68179 0
64152 70088 70100 0.000187056
63698 72272 71996 -0.00433295
65162 71566 71715 0.00228661
65328 69439 69961 0.00799045
64832 71654 71852 0.00305405
65003 71083 70798 -0.00438441
64405 70948 70943 -7.76337e-05
66131 70956 70942 -0.000211701
63651 69497 69568 0.00111546
66729 70154 70154 0
66138 70014 69825 -0.00285766
64242 72267 72151 -0.00180567
64607 70309 70385 0.00117634
63646 69590 69565 -0.000392798
63974 69233 69233 0
64565 71162 71162 0
63643 68699 69204 0.00793489
63327 70218 70036 -0.00287397
65460 69392 69328 -0.000977696
66050 71330 71417 0.00131718
64728 69760 69787 0.00041713
63726 68556 68258 -0.00467627
64778 69548 69683 0.00208404
65584 70076 70334 0.00393389
63589 70799 70799 0
65276 70267 70379 0.00171579
63046 70498 70234 -0.00418742
64852 71218 71367 0.00229754
61898 69579 69323 -0.00413584
66237 71251 71409 0.00238537
67167 72533 72598 0.000967737
64512 70699 70414 -0.00441778
65480 70873 70537 -0.00513134
62928 70805 71389 0.00928045
66014 72241 72241 0
66737 72065 72065 0
66502 72394 72416 0.000330817
66274 71036 71036 0
64292 70900 71067 0.00259752
64933 72284 71922 -0.00557498
62432 70200 70266 0.00105715
65632 71153 70391 -0.0116102
65475 70210 70101 -0.00166476
66098 70454 70459 7.56453e-05
65675 71804 71799 -7.61325e-05
66679 72937 72937 0
66554 72399 72290 -0.00163777
63198 70155 69743 -0.00651919
66329 71112 71316 0.00307558
65383 70905 70905 0
65862 71618 71295 -0.00490419
63472 69510 69363 -0.00231598
62513 69399 69371 -0.000447907
64501 71647 72119 0.00731772
61232 69346 69325 -0.000342958
65934 70966 70659 -0.00465617
65573 71120 70909 -0.00321779
63395 70627 70627 0
67104 71313 71313 0
64039 70861 70669 -0.00299817
66140 71973 71973 0
62354 69228 68811 -0.00668762
66602 71776 70963 -0.0122068
63840 69980 70020 0.000626566
64858 71789 71851 0.000955935
69008 72554 72436 -0.00170995
63230 69525 69680 0.00245137
65637 71490 71446 -0.000670354
61519 70564 70222 -0.00555926
63554 70160 70333 0.00272209
63835 70715 70959 0.00382235
65075 68980 69756 0.0119247
65221 69911 70246 0.00513638
64701 71672 71177 -0.00765058
64100 69886 69578 -0.00480499
65159 69069 69069 0
63665 70968 71759 0.0124244
63796 71450 71450 0
63446 69767 70515 0.0117896
63845 71583 71583 0
61760 70549 70575 0.000420984
64829 70957 70958 1.54252e-05
66378 71316 71703 0.00583024
64556 68096 68113 0.000263337
65325 69765 69765 0
62658 69102 68872 -0.00367072
67476 72985 73018 0.000489063
64902 69907 69969 0.000955286
63589 71900 71785 -0.00180849
67113 71570 71651 0.00120692
64206 68170 68469 0.00465689
64425 69829 69840 0.000170741
66626 71912 71868 -0.000660403
66702 70394 70504 0.00164913
67240 71291 71291 0
66491 70582 70298 -0.00427125
64729 70795 71034 0.00369232
66483 71991 72014 0.000345953
66527 71601 71824 0.00335202
65331 71435 71435 0
63705 69333 69506 0.00271564
64441 69914 70836 0.0143077
63497 70671 70671 0
66749 70352 70746 0.00590271
64639 68612 68548 -0.000990114
62309 68005 68093 0.00141232
63654 68871 69472 0.00944167
65502 70460 70443 -0.000259534
62300 69504 69299 -0.00329053
67588 73250 73252 2.95911e-05
64532 70801 70801 0
63239 71187 71669 0.00762188
64501 72344 72273 -0.00110076
64925 68855 68862 0.000107817
61754 69566 69371 -0.00315769
64753 71416 71575 0.00245548
65413 71376 71328 -0.000733799
63500 70302 70347 0.000708661
63590 69137 69024 -0.00177701
65844 71291 70969 -0.00489035
65494 71809 72088 0.00425993
62967 68270 67934 -0.00533613
64520 69143 69133 -0.000154991
63821 69229 69352 0.00192727
64818 70220 69587 -0.00976581
63911 70389 70509 0.00187761
67197 71344 71899 0.0082593
65599 71356 71356 0
64734 71514 71164 -0.00540674
67436 72175 71807 -0.00545703
62150 71234 71268 0.000547064
64698 71166 70927 -0.00369409
63910 71170 71094 -0.00118917
64877 71384 71384 0
65606 70540 71072 0.00810901
63180 69338 68640 -0.0110478
67906 72119 72367 0.00365211
65326 69942 69984 0.000642929
60981 69248 69409 0.00264017
66284 70488 70527 0.000588377
61792 68552 68552 0
65902 71000 70984 -0.000242785
65044 73354 73354 0
63618 70817 70438 -0.00595743
64168 72639 72730 0.00141815
61844 68762 68728 -0.00054977
64836 70293 70392 0.00152693
65052 71580 71580 0
64985 69825 69825 0
64120 70520 70679 0.00247973
67158 71539 71924 0.00573275
64905 71855 71811 -0.000677914
64291 70399 71001 0.00936367
66045 71347 71102 -0.00370959
62826 70109 69611 -0.00792665
67733 73447 73317 -0.0019193
64892 69974 70289 0.00485422
62123 69831 69831 0
64218 70054 70054 0
64444 71386 71386 0
63247 69862 70012 0.00237165
64864 69479 68910 -0.0087722
66164 72790 72790 0
61151 68422 68731 0.00505307
65942 71904 72067 0.00247187
62784 69761 69618 -0.00227765
63415 70400 70480 0.00126153
62161 68796 68770 -0.000418269
66366 71528 70218 -0.019739
63167 70686 70686 0
67537 73788 73598 -0.00281327
63647 70142 69960 -0.00285952
62021 68416 68213 -0.00327308
64232 68729 68934 0.00319156
66819 73595 73657 0.00092788
61263 69330 69330 0
63075 69775 69509 -0.0042172
66186 71780 71617 -0.00246276
63921 68973 69507 0.00835406
63221 71477 71556 0.00124958
61653 67637 67978 0.00553096
63505 70188 70170 -0.000283442
65268 70353 69552 -0.0122725
63704 69930 70042 0.00175813
65342 71202 71092 -0.00168345
62354 69833 69821 -0.00019245
64758 71992 71992 0
63672 71047 70991 -0.000879507
62209 69105 69451 0.0055619
66114 71877 71794 -0.00125541
64254 70830 70580 -0.00389081
65272 70553 70553 0
64494 69337 69228 -0.00169008
65016 70370 70370 0
63697 69319 70004 0.010754
65816 71049 71136 0.00132187
63781 71298 70469 -0.0129976
62317 69301 69602 0.00483014
64931 69147 68809 -0.00520553
65616 70659 70154 -0.00769629
65573 70595 70428 -0.00254678
65148 70293 70238 -0.000844232
64444 71281 71347 0.00102414
65004 70228 70202 -0.000399975
62911 68250 67873 -0.00599259
65262 69041 69112 0.00108792
64813 70309 69945 -0.00561616
64718 69677 69613 -0.000988906
63314 71740 71649 -0.00143728
66134 72107 72107 0
64820 71054 70622 -0.00666461
66755 71508 71508 0
63627 71852 71622 -0.00361482
65401 70633 70633 0
65593 72555 72560 7.62276e-05
64110 70899 70349 -0.008579
65352 69627 69786 0.00243298
64270 71011 70668 -0.00533686
64835 71179 71179 0
65033 70233 70310 0.00118401
63646 71158 71005 -0.00240392
63455 70584 70584 0
63477 69331 68521 -0.0127605
65728 71583 71147 -0.0066334
67000 70120 69980 -0.00208955
65424 71112 71047 -0.000993519
62869 70697 70697 0
64827 72538 72515 -0.00035479
66958 73094 72982 -0.00167269
64574 70266 70304 0.000588472
63931 70745 70745 0
64176 69943 69319 -0.00972326
66345 71135 71062 -0.00110031
65576 70521 70521 0
67429 72646 72910 0.00391523
64025 70238 70647 0.00638813
66273 72251 72366 0.00173525
66657 71867 72111 0.00366053
64025 71805 71738 -0.00104647
62949 69518 69376 -0.00225579
63068 70072 70366 0.00466164
65716 70767 70757 -0.00015217
63133 70192 69303 -0.0140814
62429 70019 70019 0
64082 71319 70794 -0.00819263
62412 70501 70494 -0.000112158
64683 70360 70543 0.00282918
62791 68921 68828 -0.0014811
64910 69044 69122 0.00120166
65933 70841 70719 -0.00185036
65881 70927 71081 0.00233755
66974 71899 71914 0.000223968
64489 71086 71357 0.00420227
64244 70255 70582 0.00508997
66330 72924 72924 0
66072 71790 71790 0
64630 70843 70998 0.00239827
63205 67643 67699 0.000886006
64644 70343 70476 0.00205742
65382 71680 71831 0.0023095
66945 71544 71889 0.00515348
63496 70516 70722 0.0032443
63278 67452 68086 0.0100193
65663 70624 70649 0.000380732
64129 70912 70329 -0.00909105
64114 71324 71605 0.00438282
64179 72057 71177 -0.0137117
64591 70761 70897 0.00210556
64289 70860 70766 -0.00146215
64917 72460 72495 0.00053915
63423 69675 69820 0.00228624
64118 70954 71088 0.0020899
64796 71833 72312 0.00739243
61377 70888 70416 -0.00769018
63945 71967 71720 -0.00386269
67806 73353 73744 0.00576645
67280 72047 71774 -0.00405767
63069 70520 70425 -0.00150629
63915 70249 70198 -0.000797935
62711 68698 68685 -0.0002073
65038 71139 71139 0
63495 70925 70471 -0.00715017
62755 69770 69705 -0.00103577
67123 72240 72240 0
63678 71208 70812 -0.00621879
62155 71215 71212 -4.82664e-05
63239 71469 71469 0
63279 68439 68439 0
66105 71120 71632 0.00774525
63768 70256 70279 0.000360682
66077 69831 70002 0.00258789
63916 72489 72489 0
63668 69834 69947 0.00177483
64929 70167 70011 -0.00240262
65285 70553 70708 0.00237421
65198 70285 70184 -0.00154913
64968 71185 71185 0
67298 71968 72272 0.00451722
66096 70449 70894 0.00673263
63209 70955 70937 -0.00028477
64417 72291 72291 0
64096 70390 70218 -0.00268347
66358 72295 72128 -0.00251665
65984 71628 71484 -0.00218235
63213 68792 69815 0.0161834
64084 70017 70017 0
64452 72771 72409 -0.00561658
66087 70120 70070 -0.000756578
64029 71728 71728 0
64609 70713 70810 0.00150134
67293 70940 70877 -0.000936204
66372 71643 71518 -0.00188332
65819 72069 71954 -0.00174722
64018 70709 70764 0.000859133
65369 68692 69490 0.0122076
64410 69492 69720 0.00353982
64170 69614 69680 0.00102852
65401 70503 70007 -0.00758398
64545 69872 69805 -0.00103804
65391 69888 70048 0.00244682
61382 70267 69881 -0.00628849
63573 70149 70020 -0.00202916
66763 71573 71665 0.00137801
63552 70385 70242 -0.00225013
63204 70645 70176 -0.00742042
63917 70547 70559 0.000187743
62544 68851 68660 -0.00305385
67505 72180 72180 0
62527 68319 68124 -0.00311865
65961 71643 71882 0.00362335
64566 70449 70475 0.000402689
65255 71883 71883 0
62513 70637 69929 -0.0113256
62577 69386 69831 0.00711124
64901 70173 70109 -0.000986117
62934 68009 68022 0.000206566
63216 70376 70482 0.00167679
64170 69981 70340 0.00559451
65891 70902 70728 -0.00264072
64955 71705 71705 0
65061 70143 68811 -0.0204731
64355 69307 69307 0
63934 69480 69386 -0.00147027
62723 70306 70952 0.0102993
63549 69700 69897 0.00309997
61971 70230 70262 0.000516371
67444 72511 72513 2.96542e-05
62523 69062 68888 -0.00278298
63798 70908 71236 0.00514123
66967 72829 72813 -0.000238924
67391 72850 72989 0.00206259
63226 70799 70488 -0.00491886
65735 72028 71859 -0.00257093
64477 68785 68487 -0.0046218
65405 70317 70154 -0.00249216
63674 70866 70170 -0.0109307
65023 70151 70040 -0.00170709
64451 71359 71604 0.00380134
63399 70159 69335 -0.0129971
63315 68073 68727 0.0103293
62657 68646 68646 0
62852 69679 70429 0.0119328
63342 69894 69993 0.00156294
65383 70793 70427 -0.00559779
64018 69688 69688 0
63558 70628 71054 0.00670254
63333 69113 69113 0
64173 70258 70258 0
64493 71330 70648 -0.0105748
63787 70017 69944 -0.00114443
62182 69660 69613 -0.000755846
63773 69814 69386 -0.0067113
64642 71248 71272 0.000371276
64940 70906 70732 -0.0026794
63361 71603 71591 -0.000189391
63477 70147 70230 0.00130756
64319 70555 70637 0.0012749
62351 69116 68704 -0.00660775
63290 69347 69410 0.000995418
62897 70309 70151 -0.00251204
64395 69664 69385 -0.00433263
68319 72355 72617 0.00383495
64771 70597 70365 -0.00358185
64468 72200 72200 0
63770 70125 69831 -0.00461032
63604 71150 71325 0.0027514
63255 69711 69776 0.00102759
65326 69840 69840 0
63871 71401 71401 0
66209 70437 70395 -0.000634355
62356 68864 68651 -0.00341587
64308 72887 72370 -0.00803944
65696 71240 71244 6.08865e-05
64007 69049 69175 0.00196853
65546 71498 71517 0.000289873
65742 70620 70881 0.00397006
62403 70738 70437 -0.00482349
64472 70036 70047 0.000170617
65233 69745 69983 0.00364846
65384 71332 71584 0.00385415
62852 69191 68773 -0.00665054
64745 71477 71352 -0.00193065
64762 70653 70750 0.00149779
66621 72620 72740 0.00180123
63364 69972 69972 0
63171 70249 70249 0
66183 71804 71804 0
64268 70004 69902 -0.0015871
64556 71236 70902 -0.0051738
65193 70271 70101 -0.00260764
62008 69476 69602 0.002032
64946 71841 71619 -0.00341822
64999 71208 71404 0.00301543
65030 71276 71326 0.000768876
65086 71589 71476 -0.00173616
65407 70211 69257 -0.0145856
65130 71143 71143 0
65299 70185 70265 0.00122513
66591 71106 71335 0.0034389
64269 70352 70738 0.00600601
63491 70411 70358 -0.000834764
63646 70898 70898 0
62444 70372 69831 -0.00866376
60839 69346 69346 0
64610 71533 71614 0.00125368
62505 70050 70050 0
64128 70328 70495 0.00260417
64147 71183 71117 -0.00102889
65069 70689 70043 -0.00992792
64350 70802 70759 -0.000668221
63246 70134 70091 -0.000679885
64462 70338 70712 0.00580187
64772 70904 70964 0.000926326
63030 69138 69152 0.000222116
62924 70365 70336 -0.000460873
64381 71354 71354 0
67163 71138 71371 0.00346917
65206 70804 70887 0.00127289
64386 70589 70517 -0.00111826
65125 70607 70909 0.00463724
65607 71337 71293 -0.00067066
65679 71998 72005 0.000106579
64932 69298 69434 0.0020945
63799 70774 70774 0
66037 69885 69822 -0.000954011
64833 69596 70121 0.00809773
66328 71604 71415 -0.00284948
62863 70114 69977 -0.00217934
63665 69033 69034 1.57072e-05
64677 72006 72277 0.00419005
63882 69502 69502 0
65967 71364 71396 0.000485091
63780 68638 68700 0.000972092
64973 71697 71828 0.00201622
63937 70335 70498 0.00254938
63996 71004 70881 -0.001922
64027 70726 70726 0
64134 70361 70156 -0.00319643
64895 71988 71927 -0.00093998
66020 71513 71028 -0.00734626
64923 69948 70017 0.0010628
66834 70831 70965 0.00200497
62337 72107 71931 -0.00282336
63871 70067 70004 -0.000986363
63891 71047 71198 0.0023634
64103 70484 70868 0.00599036
63993 70664 70674 0.000156267
65123 69348 68897 -0.00692536
65432 71537 72065 0.00806945
66020 72663 72789 0.00190851
63699 69186 69480 0.00461546
65493 70139 70147 0.00012215
65738 71657 71630 -0.000410721
66019 69909 69947 0.000575592
62582 68283 68333 0.000798952
64539 72549 72185 -0.00564
65397 72054 71934 -0.00183495
65615 72338 72394 0.000853463
65939 69901 69873 -0.000424635
63324 70532 70414 -0.00186343
64562 72413 72445 0.000495648
62847 69175 68614 -0.00892644
63056 69127 69406 0.00442464
65411 71746 71514 -0.0035468
64757 72315 72230 -0.0013126
64624 70102 69658 -0.00687051
64276 71866 71446 -0.00653432
65255 71544 71560 0.000245192
64682 70858 70752 -0.00163879
63339 68535 68890 0.00560476
65426 68742 68875 0.00203283
66441 71609 71401 -0.0031306
65689 70933 71726 0.012072
63388 69897 70352 0.00717801
64379 70058 70482 0.006586
65250 72063 72194 0.00200766
63471 70609 70556 -0.000835027
65881 70780 70780 0
65359 74470 74590 0.00183601
68083 72515 72657 0.00208569
64556 70648 70514 -0.00207572
63609 71027 71487 0.00723168
65810 72641 72630 -0.000167148
63285 70644 70590 -0.000853283
62929 71016 71018 3.17818e-05
64173 69215 69391 0.00274259
60826 67232 66098 -0.0186433
65470 70035 69476 -0.00853826
64261 70672 70672 0
66901 70063 69906 -0.00234675
64693 72054 71278 -0.0119951
66458 71333 70829 -0.00758374
65400 72199 72185 -0.000214067
65388 70683 70652 -0.000474093
63275 70114 70316 0.00319241
66540 71469 71583 0.00171326
65141 71194 71120 -0.001136
65621 72071 71886 -0.00281922
63945 70364 70199 -0.00258034
67427 72380 72380 0
65410 70577 70685 0.00165112
65022 70622 70525 -0.0014918
62393 71400 71898 0.00798166
65102 72916 72830 -0.001321
64276 71582 71743 0.00250482
64636 70811 70731 -0.0012377
63263 70849 70954 0.00165974
65721 71460 71052 -0.00620806
64851 70066 70279 0.00328445
64884 69049 69538 0.00753653
65549 70732 70717 -0.000228836
64626 70208 70454 0.00380652
65281 69971 69995 0.000367641
65822 71337 71337 0
62252 70210 70148 -0.000995952
64641 71400 71553 0.00236692
64932 69484 69241 -0.00374238
64074 68800 68873 0.00113931
64121 70863 70480 -0.00597308
64048 69809 70000 0.00298214
67000 72453 72453 0
62023 69641 69613 -0.000451445
62765 71176 71200 0.000382379
64783 69432 70583 0.017767
65271 69821 69896 0.00114906
63881 69089 69040 -0.000767051
62764 70457 70835 0.00602256
65768 70876 71018 0.0021591
63851 69654 69823 0.00264679
66413 71014 71015 1.50573e-05
68523 71830 71641 -0.0027582
63923 70327 70250 -0.00120457
64771 69711 69676 -0.000540365
66002 70087 69936 -0.00228781
66407 70850 71677 0.0124535
65201 71037 71103 0.00101225
64929 72535 72384 -0.00232562
63374 70268 70190 -0.00123079
64944 70067 70388 0.00494272
65412 71590 71499 -0.00139118
67052 72956 71931 -0.0152866
65806 72742 72788 0.000699024
63609 70170 69890 -0.00440189
63059 69907 69099 -0.0128134
64140 70348 70234 -0.00177736
63440 71883 71778 -0.00165511
63357 71160 70945 -0.00339347
64220 70857 70857 0
63859 69764 70381 0.00966191
64602 70050 69195 -0.0132349
65227 70764 70852 0.00134913
66455 71098 71098 0
64317 70315 70308 -0.000108836
65931 72584 72610 0.000394352
61888 71663 71601 -0.00100181
62811 67018 66727 -0.00463295
64302 70896 70550 -0.00538086
64368 69441 70178 0.0114498
65428 71241 70913 -0.00501314
63366 69972 70022 0.000789067
