28738 31507 31615 0.00375809
28188 31220 31120 -0.00354761
29068 32039 31872 -0.00574515
28289 31688 31588 -0.00353494
28708 32116 32289 0.00602619
28954 31936 31827 -0.00376459
29322 32483 32483 0
29112 32083 32182 0.00340066
29059 32033 32155 0.00419836
28286 30875 30719 -0.0055151
29197 31877 31635 -0.00828852
29082 32337 32337 0
28675 31012 31123 0.00387097
28284 32347 32263 -0.00296988
29121 32141 31946 -0.0066962
29385 32126 32022 -0.00353922
29943 32402 32468 0.00220419
29058 31875 31540 -0.0115287
27865 31186 31186 0
28723 31865 31899 0.00118372
29575 32359 32205 -0.0052071
29334 31773 31909 0.00463626
28609 31362 31435 0.00255164
28971 32184 32184 0
28768 31674 31527 -0.00510984
28873 32350 32380 0.00103903
29828 31789 31794 0.000167628
28268 32515 32450 -0.00229942
28968 31740 31713 -0.000932063
28730 31801 31816 0.000522102
29130 32512 32380 -0.00453141
29324 31627 31502 -0.00426272
29304 31650 31695 0.00153563
28445 30984 30951 -0.00116013
28101 31863 31748 -0.00409238
29232 31885 31879 -0.000205255
29127 32187 32256 0.00236894
30036 32220 32525 0.0101545
29082 32176 31940 -0.00811499
29611 31879 31879 0
30810 33586 33586 0
29206 31849 31805 -0.00150654
29516 32163 32219 0.00189728
29282 32124 32043 -0.0027662
27619 31899 31899 0
29912 32580 32607 0.000902648
29028 32197 32197 0
29511 32311 32424 0.00382908
30101 32229 32214 -0.000498322
28890 31282 31237 -0.00155763
29616 31879 31890 0.000371421
27795 31593 31596 0.000107933
27848 30946 30893 -0.00190319
28997 31856 31569 -0.00989758
29574 32270 32260 -0.000338135
29089 32016 31951 -0.00223452
28472 32183 32162 -0.000737567
29784 32622 32788 0.00557346
28386 31816 31799 -0.000598887
29226 31851 31714 -0.00468761
29164 31647 31495 -0.00521191
27968 31304 31331 0.000965389
28723 31767 31767 0
30657 32396 32396 0
28106 30999 30368 -0.0224507
29230 32262 32262 0
29775 32282 32302 0.000671704
28584 31726 31782 0.00195914
27789 31052 31044 -0.000287884
29471 32442 32498 0.00190017
28418 32048 32048 0
28554 31009 31009 0
27885 32559 32559 0
28644 31980 31980 0
28229 31052 31025 -0.000956463
28157 31764 31338 -0.0151295
28878 31454 31454 0
29152 32262 32238 -0.000823271
28472 32618 32527 -0.00319612
29111 32184 32268 0.00288551
29015 31151 31151 0
28953 31974 31982 0.00027631
28717 31247 31469 0.00773061
28488 31314 31249 -0.00228166
29070 32129 32229 0.00343997
29131 31863 31906 0.00147609
29057 31197 31197 0
28982 32432 32434 6.90084e-05
28785 32199 32340 0.00489838
30018 32804 32664 -0.00466387
30371 33067 33108 0.00134997
28956 32020 32085 0.00224479
27614 32142 31983 -0.00575795
28717 31869 31748 -0.00421353
29209 31662 31673 0.000376596
29059 31438 31529 0.00313156
28115 31561 31622 0.00216966
28945 32342 32347 0.000172741
29699 32112 31886 -0.00760968
28800 31363 31561 0.006875
29001 31843 31843 0
29561 31779 31779 0
29717 32757 32753 -0.000134603
29315 31747 31677 -0.00238786
28442 32119 32021 -0.00344561
29752 32752 32770 0.000605001
28687 31166 31377 0.00735525
28226 32107 32052 -0.00194856
29577 32045 32045 0
28504 31897 31834 -0.00221022
28971 32226 31766 -0.0158779
28475 31601 31601 0
29562 32819 32837 0.00060889
27969 31276 31339 0.00225249
28210 31291 31221 -0.00248139
28996 31231 31202 -0.00100014
28855 31626 31555 -0.00246058
29732 32226 31957 -0.00904749
29565 32397 32294 -0.00348385
29199 31613 31697 0.00287681
28594 31713 31694 -0.000664475
28523 31725 31766 0.00143744
28436 32077 32033 -0.00154733
28626 31408 31466 0.00202613
29380 32228 32170 -0.00197413
28444 32047 32013 -0.00119533
28874 31427 31307 -0.00415599
28686 32152 32203 0.00177787
28866 31666 31717 0.00176678
29828 32591 32591 0
29701 32142 32142 0
28935 31905 31764 -0.00487299
29207 31571 31356 -0.00736125
28943 32933 32908 -0.000863767
28644 32167 32016 -0.00527161
28766 31652 31652 0
29739 32721 32721 0
30256 32551 32550 -3.30513e-05
28511 31848 31782 -0.0023149
29487 31853 31716 -0.00464612
28426 31510 31510 0
28311 31336 31258 -0.00275511
28360 30715 30769 0.00190409
29052 31512 31452 -0.00206526
29487 31629 31806 0.00600265
28546 32137 32137 0
29770 32099 32037 -0.00208263
26945 31113 31113 0
29375 32399 32437 0.00129362
27902 31058 31074 0.000573436
27636 32220 31814 -0.014691
29050 31366 31412 0.00158348
29420 31439 31439 0
27679 31009 30923 -0.00310705
28695 31503 31464 -0.00135912
29554 31866 31930 0.00216553
28659 31486 31292 -0.00676925
28920 30942 31112 0.00587828
28472 31894 31722 -0.00604102
28641 31247 31254 0.000244405
29266 31854 31909 0.00187931
28841 32817 32918 0.00350196
28563 31626 31532 -0.00329097
28625 32160 32092 -0.00237555
28709 31384 31384 0
28491 31696 31632 -0.00224632
29447 32145 32145 0
29420 32415 32428 0.000441876
28399 32515 32515 0
29832 32108 32108 0
28133 31801 31801 0
30094 32696 32500 -0.00651293
29160 31964 31982 0.000617284
27910 31149 31128 -0.000752418
29774 32180 32566 0.0129643
29035 32159 32109 -0.00172206
29547 32971 32971 0
28669 31531 31600 0.00240678
27843 31295 31469 0.00624933
28221 31583 31583 0
30043 32260 32319 0.00196385
29296 32084 32084 0
29294 31821 31777 -0.00150201
28805 31883 31807 -0.00263843
29628 33442 33600 0.00533279
29359 32757 32638 -0.00405327
29382 31561 31335 -0.00769178
28447 31287 31318 0.00108975
28495 31359 31588 0.0080365
29334 33105 32979 -0.00429536
29026 32168 32168 0
28705 32617 32432 -0.00644487
29695 31814 31930 0.00390638
29729 32531 32698 0.00561741
29488 32577 32471 -0.00359468
28520 32382 32382 0
29172 31748 31620 -0.00438777
28254 30784 30893 0.00385786
28961 31211 31211 0
28587 31175 31175 0
29343 32356 32381 0.000851992
28906 32228 32243 0.000518923
28604 32281 32120 -0.00562858
28373 32156 32171 0.000528672
29384 31872 32327 0.0154846
28221 30695 30766 0.00251586
27993 32007 31988 -0.000678741
28217 31847 31870 0.000815111
28362 31336 31167 -0.00595868
28371 31902 31679 -0.00786014
27442 30264 30459 0.0071059
30654 33154 33175 0.000685066
28881 32165 32164 -3.46248e-05
28905 32217 32217 0
30087 31725 31853 0.00425433
28406 31569 31663 0.00330916
28692 31378 31378 0
28834 31275 31230 -0.00156066
29368 31982 31976 -0.000204304
29427 32660 32513 -0.00499541
29110 32405 32405 0
28856 31579 31525 -0.00187136
29733 33207 33207 0
27393 30515 30515 0
28853 32741 32741 0
28491 31675 31661 -0.000491383
29342 31434 31447 0.000443051
29253 31243 31303 0.00205107
27147 31606 31493 -0.00416252
28134 31902 31947 0.00159949
29374 32462 32378 -0.00285967
29134 31804 31760 -0.00151026
29268 33091 32997 -0.0032117
28660 31218 31228 0.000348918
29604 31678 31603 -0.00253344
27808 31376 31250 -0.00453107
28852 32182 32182 0
29274 32040 32023 -0.00058072
29273 32284 32324 0.00136645
29166 31808 31847 0.00133717
28614 31855 31824 -0.00108339
28536 32195 32209 0.000490608
28341 31689 31536 -0.00539854
28610 31128 31128 0
29697 32904 32904 0
30092 32710 32710 0
28003 31567 31567 0
28313 31075 31158 0.00293152
28034 31603 31599 -0.000142684
28783 31303 31329 0.000903311
28390 31660 31660 0
29390 31754 32043 0.00983328
28844 31815 31868 0.00183747
28417 30853 30790 -0.00221698
28294 31507 31507 0
29223 32314 32305 -0.000307977
27608 32271 32412 0.00510722
29657 32337 32337 0
28497 31758 31899 0.00494789
28764 31740 31749 0.000312891
29352 31762 31684 -0.0026574
29136 31886 31886 0
28585 31507 31547 0.00139934
27974 31016 30890 -0.00450418
30034 32414 32428 0.000466138
28131 31883 31889 0.000213288
29300 31508 31495 -0.000443686
28598 31612 31623 0.000384642
29364 31803 31776 -0.000919493
28245 30541 30550 0.00031864
29128 31959 31924 -0.00120159
28200 31671 31756 0.00301418
27916 31704 31688 -0.000573148
30017 32108 32108 0
29645 32830 32770 -0.00202395
29063 32001 31704 -0.0102192
28584 31918 32123 0.00717184
28523 31171 31171 0
29273 32827 32879 0.00177638
28259 31560 31606 0.0016278
29748 32293 32293 0
27889 30802 30650 -0.00545018
28387 31225 31195 -0.00105682
28099 31549 31582 0.00117442
28739 31671 31671 0
29000 31781 31947 0.00572414
28826 31222 31222 0
29832 32745 32619 -0.00422365
29566 32481 32444 -0.00125144
29940 32016 32112 0.00320641
29941 32504 32500 -0.000133596
28629 32342 32210 -0.00461071
27981 31226 31109 -0.00418141
28582 31601 31666 0.00227416
28611 32060 31996 -0.0022369
28403 32046 32046 0
29882 32752 32777 0.000836624
28356 31876 31854 -0.00077585
29922 32776 32810 0.00113629
30607 33097 33085 -0.000392067
28688 30926 30815 -0.00386921
29446 32668 32681 0.000441486
29533 31504 31540 0.00121898
28625 32463 32463 0
28654 31136 31236 0.00348991
29449 31823 31716 -0.0036334
28904 31935 31812 -0.00425547
28474 31997 31997 0
29059 31552 31559 0.000240889
28691 30661 30748 0.00303231
29177 32614 32597 -0.000582651
28604 31103 31298 0.00681723
29078 31253 31151 -0.00350781
28853 32537 32406 -0.00454026
28833 31902 31950 0.00166476
29468 32171 32231 0.00203611
28739 32542 32542 0
27611 31468 31468 0
29669 31942 31983 0.00138191
27047 30880 30824 -0.00207047
28234 30829 30708 -0.00428561
26739 30494 30494 0
29291 32321 32197 -0.00423338
28744 31693 31699 0.000208739
29989 31989 32003 0.000466838
28553 31524 31429 -0.00332715
28682 31828 31816 -0.000418381
28866 31396 31350 -0.00159357
29600 31137 31034 -0.00347973
29101 31783 31834 0.00175252
28909 31526 31443 -0.00287108
28875 31402 31533 0.0045368
28502 31139 31196 0.00199986
29013 31998 31832 -0.00572157
28849 31084 31199 0.00398627
28902 31477 31710 0.00806173
28336 31774 31836 0.00218803
30063 33132 33053 -0.00262781
28905 31903 32066 0.00563916
30046 32716 32730 0.000465952
28788 31841 31851 0.000347367
29251 31401 31341 -0.00205121
29701 32060 32031 -0.000976398
28588 31642 31593 -0.00171401
28129 31578 31578 0
29556 32413 32507 0.0031804
29361 32292 31852 -0.0149859
29391 32302 32157 -0.00493348
27359 31058 31170 0.00409372
28752 31389 31661 0.00946021
28886 32233 32215 -0.000623139
29830 31570 31693 0.00412337
29015 31459 31313 -0.00503188
28307 31337 31619 0.0099622
28766 31352 31491 0.00483209
30074 32554 32523 -0.00103079
28751 31384 31181 -0.00706062
28529 32513 32513 0
28956 31048 31036 -0.000414422
28655 31401 31577 0.00614203
27852 31225 31293 0.00244148
28649 31808 31845 0.00129149
28664 31852 31948 0.00334915
29353 32566 32570 0.000136272
29554 32505 32489 -0.000541382
29394 32560 32266 -0.010002
28550 31280 31286 0.000210158
29116 32249 32249 0
28638 31475 31502 0.000942803
29288 32466 32358 -0.00368752
30551 32304 32367 0.00206213
27903 31572 31515 -0.00204279
29005 31705 31607 -0.00337873
31318 32756 32808 0.00166039
29019 32524 32563 0.00134395
28930 32478 32484 0.000207397
29537 32023 32025 6.77117e-05
29909 32140 31969 -0.00571734
28913 31880 31789 -0.00314737
29614 32303 32303 0
28432 32275 32275 0
28732 31579 31585 0.000208826
28721 31451 31597 0.00508339
29998 32783 32833 0.00166678
28732 31142 31451 0.0107546
28172 31539 31535 -0.000141985
28643 31707 31901 0.00677303
28874 31960 31984 0.000831198
29060 32241 32473 0.00798348
28237 32540 32640 0.00354145
29334 31340 31346 0.000204541
29963 32519 32551 0.00106798
28455 31205 31060 -0.00509577
28602 32980 32899 -0.00283197
30241 32521 32306 -0.00710955
28720 31522 31592 0.00243733
29371 31903 32059 0.00531136
28052 31411 31141 -0.00962498
28075 31805 31705 -0.00356189
27800 31746 31683 -0.00226619
29631 32183 32183 0
28289 32031 32031 0
27995 31497 31226 -0.0096803
28203 31507 31511 0.000141829
28282 31806 31679 -0.00449049
28601 31243 31151 -0.00321667
28628 31920 31885 -0.00122258
28671 31767 31749 -0.000627812
29624 32250 32451 0.00678504
28826 31289 31285 -0.000138764
28797 32455 32413 -0.00145849
29195 30741 30741 0
29247 31548 31776 0.00779567
28392 31564 31498 -0.0023246
29098 31533 31445 -0.00302426
28996 31680 31773 0.00320734
30055 32480 32394 -0.00286142
27810 31393 31393 0
29085 32175 32175 0
28697 30427 30525 0.00341499
28531 31877 31595 -0.00988399
28137 32548 32512 -0.00127945
29082 31912 32145 0.00801183
29243 31555 31552 -0.000102589
29144 32310 32472 0.00555861
29232 32385 32362 -0.000786809
29141 32010 32039 0.000995161
29649 31906 31914 0.000269824
28953 31589 31507 -0.00283218
30370 31872 31898 0.000856108
29351 31590 31496 -0.00320262
29275 32980 32925 -0.00187874
28965 32064 32064 0
28722 31455 31482 0.000940046
28666 31256 31182 -0.00258146
29158 32161 32161 0
29082 31517 31517 0
27771 31399 31343 -0.00201649
29343 31419 31444 0.000851992
29900 32373 32316 -0.00190635
28975 31371 31498 0.00438309
28550 30911 30629 -0.00987741
28923 31514 31484 -0.00103724
29610 31580 31738 0.00533604
28438 31932 31799 -0.00467684
29496 31743 31624 -0.00403445
28337 31853 31886 0.00116456
29194 32008 31687 -0.0109954
28105 31457 31486 0.00103184
29819 32308 32191 -0.00392367
30144 32601 32530 -0.00235536
29193 32055 31944 -0.00380228
29530 32057 32224 0.00565527
28471 32550 32550 0
29686 32428 32428 0
29870 32126 32151 0.00083696
30361 32905 32947 0.00138335
29773 31792 31792 0
28852 32369 32071 -0.0103286
28903 32398 32368 -0.00103795
28125 31552 31698 0.00519111
28972 31908 31720 -0.00648902
29645 31686 31710 0.00080958
29608 32026 31797 -0.0077344
29536 32118 32086 -0.00108342
29589 32761 32761 0
30164 33113 33098 -0.000497282
28772 31753 31769 0.000556096
29478 32014 32077 0.00213719
29158 31831 31814 -0.00058303
29516 32308 32246 -0.00210056
28454 31339 31310 -0.00101919
28236 31245 31279 0.00120414
29103 32836 32836 0
27482 30801 30793 -0.0002911
29685 31873 31873 0
29253 31660 31651 -0.000307661
28485 31644 31626 -0.000631912
30076 32311 32193 -0.00392339
28821 32033 32111 0.00270636
30179 32640 32728 0.00291593
27816 31394 31365 -0.00104257
29567 32014 32182 0.00568201
28233 31149 30796 -0.0125031
29300 32476 32246 -0.00784983
31354 33171 33171 0
28481 31125 31342 0.00761911
29557 32299 32127 -0.00581926
27490 31407 31407 0
28938 31586 31952 0.0126477
28476 31492 31450 -0.00147493
29101 31587 31587 0
29323 31588 31655 0.0022849
28874 32382 32354 -0.000969731
28923 31641 31701 0.00207447
29352 31255 31307 0.0017716
28267 32210 32210 0
28785 32372 32304 -0.00236234
28199 31239 31499 0.00922019
28667 32375 32375 0
27499 31936 31927 -0.000327285
29047 31751 31913 0.00557717
29597 32156 32156 0
28752 30474 30665 0.00664302
28985 30998 31060 0.00213904
28258 31083 31053 -0.00106165
30356 32943 32987 0.00144947
28423 31313 31189 -0.00436266
28588 32376 32368 -0.000279838
29931 32494 32471 -0.000768434
29075 31432 31432 0
28977 31546 31155 -0.0134935
29924 32508 32345 -0.00544713
30222 31738 32112 0.0123751
30423 32097 32097 0
29555 31892 31857 -0.00118423
29162 31592 31377 -0.00737261
29755 32143 32169 0.000873803
29846 32522 32473 -0.00164176
29673 32682 32671 -0.000370707
28834 31356 31325 -0.00107512
28913 31936 31480 -0.0157715
28091 31460 31519 0.00210032
30028 32102 32102 0
29010 30610 30626 0.000551534
27977 30730 30779 0.00175144
28614 30822 31172 0.0122318
29439 31719 31895 0.00597846
28072 30865 31021 0.00555714
30267 32810 32810 0
29384 32255 32255 0
28440 31892 32092 0.00703235
28949 32699 32794 0.00328163
28746 30598 30614 0.000556599
27880 31612 31637 0.0008967
28958 32206 32037 -0.00583604
29273 32078 32099 0.000717385
28454 31519 31474 -0.0015815
28773 31274 31177 -0.00337122
29465 32237 32107 -0.00441201
28978 32270 32475 0.00707433
28355 30843 30768 -0.00264504
28689 31065 30983 -0.00285824
28488 31354 31431 0.00270289
28948 31416 30985 -0.0148888
28744 31802 31802 0
30159 32095 32254 0.00527206
29387 31986 31991 0.000170143
28616 32192 32073 -0.00415851
30341 32632 32491 -0.00464718
28067 32040 32192 0.00541561
28617 31947 31947 0
28304 32033 32097 0.00226116
29239 32408 32483 0.00256507
29183 31600 31852 0.00863516
28355 31163 31095 -0.00239817
30373 32430 32608 0.00586047
29323 31469 31521 0.00177335
27209 31444 31374 -0.00257268
29593 31804 31949 0.00489981
27867 31006 31200 0.00696164
29427 32189 32239 0.00169912
29169 33010 32997 -0.000445679
28275 31582 31825 0.00859416
28675 32697 32697 0
27867 30992 30959 -0.0011842
28776 31440 31307 -0.00462191
29432 32335 32335 0
28997 31444 31243 -0.00693175
28944 32131 32225 0.00324765
30229 32544 32544 0
29224 32302 32253 -0.0016767
29035 32142 32142 0
29718 32313 32313 0
28359 31559 31395 -0.005783
30310 33037 32907 -0.00428901
28958 31687 31751 0.0022101
28289 31686 31686 0
28878 31630 31649 0.00065794
28606 31975 31860 -0.00402014
28363 31224 31276 0.00183337
29075 31239 31158 -0.0027859
29504 32668 32524 -0.00488069
27042 30674 30607 -0.00247763
29954 32784 32736 -0.00160246
28317 31705 31917 0.00748667
28306 31390 31470 0.00282626
27945 31073 31310 0.00848094
29485 32160 32160 0
28156 31124 31222 0.00348061
30165 32981 33182 0.00666335
28734 31853 31825 -0.000974455
27843 30628 30611 -0.000610566
28983 31168 31016 -0.00524445
29654 33415 33309 -0.00357456
27573 30860 30972 0.00406194
28349 31169 31219 0.00176373
29834 32128 32232 0.00348596
28856 31454 31141 -0.010847
28274 32374 32439 0.00229893
27759 30082 30610 0.0190209
28315 31597 31507 -0.00317853
28998 31236 31236 0
28749 31877 31344 -0.0185398
29169 32091 32091 0
27778 31637 31494 -0.00514796
29185 32141 32247 0.003632
28465 32033 32041 0.000281047
27985 31494 31501 0.000250134
29834 32695 32695 0
28502 31698 31700 7.01705e-05
29348 31634 31873 0.00814366
28911 31469 31279 -0.00657189
29870 32001 32001 0
28643 31437 31235 -0.00705233
29824 31679 31630 -0.00164297
28922 32088 32000 -0.00304267
27578 31273 31126 -0.00533034
29352 31508 31450 -0.00197602
29464 32018 32039 0.000712734
29604 31670 31729 0.00199297
28625 31176 31303 0.00443668
28752 32232 32232 0
29203 31579 31495 -0.00287642
28183 30328 30324 -0.00014193
29127 30967 30892 -0.00257493
28953 31695 31440 -0.00880738
29150 31778 31778 0
28290 32018 31949 -0.00243902
29425 32269 32269 0
28493 31586 31949 0.01274
30008 32222 32222 0
28270 32195 31982 -0.00753449
28990 31277 31370 0.003208
29827 32497 32512 0.0005029
28852 32104 31669 -0.0150769
29343 31461 31584 0.0041918
28506 31929 31988 0.00206974
29078 31733 31733 0
28923 31736 31582 -0.00532448
28678 32146 32186 0.0013948
28389 31671 31728 0.00200782
29081 31827 31820 -0.000240707
28889 31909 31909 0
30313 31812 31633 -0.00590506
29165 31963 31880 -0.00284588
28381 31642 31642 0
28891 32467 32497 0.00103839
30297 33179 33179 0
28776 31540 31691 0.00524743
29010 31980 31951 -0.000999655
28860 31734 31525 -0.00724186
29594 31782 31782 0
29743 32160 32136 -0.000806913
30079 32822 32817 -0.000166229
29035 31568 31521 -0.00161874
29919 33380 33380 0
29860 32422 32467 0.00150703
28694 32455 32429 -0.000906113
28170 30937 30810 -0.00450834
28288 31450 31416 -0.00120192
29617 31671 31713 0.0014181
28373 31829 31751 -0.00274909
28352 32125 31803 -0.0113572
29029 32336 32338 6.88966e-05
28135 31636 31741 0.00373201
29176 32009 32009 0
27608 30825 30780 -0.00162996
29318 31108 31355 0.00842486
29941 31922 31726 -0.00654621
29322 31840 31924 0.00286474
30454 32729 32729 0
29155 32221 32174 -0.00161207
28907 31729 31896 0.00577715
29852 32517 32319 -0.00663272
29297 31801 32117 0.0107861
29031 32001 31910 -0.00313458
28446 30655 30684 0.00101948
29074 31912 31688 -0.00770448
29430 32071 32193 0.00414543
29961 32340 32306 -0.00113481
28452 32011 31938 -0.00256572
28601 30902 30900 -6.99276e-05
29817 32014 32050 0.00120736
29150 31948 31915 -0.00113208
28331 32286 32279 -0.000247079
28960 32753 32671 -0.00283149
29013 31544 31594 0.00172337
28811 31693 31784 0.00315852
29367 32247 32140 -0.00364355
28280 31475 31475 0
28822 31897 31900 0.000104087
29271 32472 32386 -0.00293806
27879 32078 31910 -0.00602604
29227 32974 32818 -0.00533753
30372 33059 33063 0.0001317
29651 31831 32426 0.0200668
28075 32008 31781 -0.00808549
28736 31517 31517 0
27981 30737 30747 0.000357385
29339 32287 32280 -0.00023859
28082 31925 31925 0
28010 31512 31252 -0.0092824
30189 32513 32540 0.000894365
28309 32094 32094 0
28188 32170 32170 0
28334 32244 32090 -0.00543517
28578 31052 30899 -0.00535377
29856 32311 32324 0.000435423
28265 31309 31339 0.00106138
29355 31687 31670 -0.000579118
28414 32472 32472 0
29134 31671 31697 0.000892428
29317 31909 31898 -0.000375209
29739 32417 32441 0.000807021
29830 31935 31920 -0.000502849
29381 31288 31935 0.022021
30322 32310 32310 0
30100 32045 32137 0.00305648
28145 31888 31719 -0.00600462
28880 32216 32216 0
28636 31619 31422 -0.00687945
29637 32405 32283 -0.00411648
29405 32284 32283 -3.40078e-05
28736 31449 31449 0
28450 31174 31259 0.0029877
29428 32711 32797 0.00292239
29601 31728 31623 -0.00354718
28319 31939 31939 0
28979 31644 31448 -0.00676352
30472 32469 32324 -0.00475847
30271 32348 32188 -0.00528559
29539 32638 32689 0.00172653
29065 31804 31791 -0.000447273
29378 31154 31165 0.00037443
28771 31129 31239 0.00382329
28651 31417 31461 0.00153572
29385 31565 31461 -0.00353922
28902 31130 31210 0.00276797
29467 31370 31662 0.00990939
27426 31731 31405 -0.0118865
28830 31781 31781 0
29816 31895 32186 0.00975986
28311 31597 31577 -0.000706439
28592 31993 32013 0.000699496
28660 31967 31888 -0.00275645
28229 31135 31095 -0.00141698
30274 32465 32573 0.00356742
28158 30808 30723 -0.00301868
29556 32268 32130 -0.0046691
29278 32082 32171 0.00303983
29281 32403 31961 -0.0150951
27710 31856 31658 -0.00714543
27800 31822 31860 0.00136691
29294 31730 31632 -0.00334539
28083 30766 30683 -0.00295552
28464 31707 31612 -0.00333755
28690 31453 31535 0.00285814
29438 31988 31968 -0.000679394
28930 32200 32073 -0.00438991
29506 31342 31643 0.0102013
28469 31083 31083 0
28611 31391 31391 0
28151 31763 31777 0.000497318
28696 31697 31674 -0.000801505
28116 31799 31831 0.00113814
30584 32861 32861 0
27981 31309 31309 0
28697 32068 32033 -0.00121964
29803 32925 32925 0
29812 32855 32819 -0.00120757
28983 32326 32142 -0.00634855
29362 32661 32676 0.000510864
28574 30878 30758 -0.00419962
29133 31583 31577 -0.000205952
28763 31638 31787 0.00518027
29521 32090 32090 0
29019 32165 32350 0.00637513
28649 32009 31877 -0.00460749
28561 30743 30841 0.00343125
28348 31123 31087 -0.00126993
28007 31941 31855 -0.00307066
28229 31581 31581 0
29428 31812 31904 0.00312627
28729 31240 31218 -0.000765777
27992 31663 31754 0.00325093
28168 31135 31135 0
28531 31314 31273 -0.00143703
28534 31906 31906 0
28696 31630 31602 -0.000975746
27886 31268 31384 0.00415979
28881 31134 31353 0.00758284
28815 32027 32218 0.00662849
29435 31685 31465 -0.0074741
28269 32253 32355 0.00360819
28699 31741 31603 -0.00480853
28918 31784 31784 0
27724 31129 31127 -7.21397e-05
28327 31524 31403 -0.00427154
27823 31655 31523 -0.00474428
28674 31071 31067 -0.000139499
30524 32497 32572 0.00245708
29139 31978 32026 0.00164728
28881 32443 32550 0.00370486
28698 31379 31786 0.0141822
28960 32211 32265 0.00186464
28655 31374 31561 0.00652591
29244 31325 30733 -0.0202435
29028 32428 32488 0.00206697
29809 31681 31695 0.000469657
28126 31182 31105 -0.00273768
29280 33012 33065 0.00181011
29063 32048 32131 0.00285586
29287 31350 31405 0.00187797
29387 32183 32269 0.00292646
29138 31434 31477 0.00147574
27662 31861 31732 -0.00466344
28920 31188 31267 0.00273167
29293 31399 31409 0.000341378
29353 32272 32272 0
27834 31262 31262 0
29223 32774 32774 0
29365 32212 32184 -0.000953516
29912 32604 32780 0.00588393
28347 31167 31241 0.00261051
28691 31999 31999 0
29678 32618 32507 -0.00374014
29162 31674 31497 -0.00606954
29016 32031 32042 0.000379101
29359 31524 31646 0.00415545
28071 31827 31827 0
29150 32254 32254 0
29400 31786 31907 0.00411565
29047 32228 31961 -0.009192
29260 32467 32420 -0.00160629
29093 31536 31168 -0.0126491
29359 31952 32072 0.00408733
29774 31745 31677 -0.00228387
29857 31925 31885 -0.00133972
28872 32045 32045 0
28454 31836 31662 -0.00611513
28539 31913 31943 0.00105119
27536 31625 31573 -0.00188844
27207 31202 31265 0.00231558
28945 32129 32085 -0.00152012
27956 31332 31250 -0.00293318
29174 31997 31997 0
28524 31952 31820 -0.00462768
29003 31951 31952 3.44792e-05
28725 31872 31917 0.00156658
28463 31367 31532 0.005797
28952 32000 32006 0.00020724
29077 32154 32154 0
28406 31019 30992 -0.000950503
28393 32025 31853 -0.00605783
28886 32254 32114 -0.00484664
30048 32486 32390 -0.00319489
29036 31907 31961 0.00185976
28794 31395 31081 -0.010905
29472 31721 31725 0.000135722
29795 32493 32416 -0.00258433
29760 32562 32443 -0.00399866
29172 31302 31311 0.000308515
28823 31386 31420 0.00117961
29934 31939 31887 -0.00173716
29062 31465 31709 0.00839584
29639 32228 32034 -0.00654543
28101 31417 31417 0
28584 31158 31307 0.00521271
28933 32363 32363 0
28645 31276 31361 0.00296736
29291 32140 32085 -0.00187771
28781 31127 31032 -0.00330079
29276 32384 32389 0.000170788
29016 32124 32192 0.00234353
28717 32241 32175 -0.00229829
29058 32177 31996 -0.00622892
28819 31774 31779 0.000173497
29587 32942 32786 -0.00527259
29961 32392 32392 0
29230 31485 31485 0
30036 32060 32036 -0.000799041
28036 32397 32326 -0.00253246
28598 31316 31280 -0.00125883
28818 31787 31903 0.00402526
29013 32151 32323 0.00592838
28822 31792 31859 0.00232461
29028 31548 31371 -0.00609756
29719 32148 32148 0
29614 32438 32485 0.00158709
28487 31174 31316 0.00498473
29372 31502 31372 -0.00442598
29458 32138 32147 0.00030552
29622 31905 31971 0.00222807
27848 30877 30772 -0.00377047
29010 32839 32839 0
29629 32520 32455 -0.0021938
29349 33000 32753 -0.00841596
29624 31472 31476 0.000135026
28033 31183 31284 0.0036029
28953 32722 32771 0.0016924
28102 30938 30629 -0.0109957
28156 31249 31498 0.00884359
29134 32455 32080 -0.0128716
28787 32549 32603 0.00187585
29101 31278 31489 0.00725061
29224 32524 32352 -0.00588557
29380 32044 32048 0.000136147
29305 31966 31952 -0.000477734
28341 30960 30923 -0.00130553
29557 31069 31080 0.000372162
30169 32098 32096 -6.62932e-05
29250 32550 32600 0.0017094
28067 31474 31411 -0.00224463
28600 31484 31514 0.00104895
29313 32558 32957 0.0136117
28529 31859 31871 0.000420625
29392 32195 32195 0
29507 33463 33513 0.00169451
30517 32655 32731 0.00249042
29184 31973 32041 0.00233004
28347 31916 32009 0.00328077
29042 32956 32956 0
28102 31377 31408 0.00110312
28180 31944 31944 0
28949 31883 31879 -0.000138174
27257 30300 30508 0.00763107
29134 31332 31332 0
29031 31588 32044 0.0157073
29835 31671 31671 0
29124 32670 32507 -0.00559676
30115 32390 32144 -0.00816869
29532 32614 32477 -0.00463904
29383 32121 32088 -0.0011231
28179 31829 31703 -0.00447141
30050 32410 32394 -0.000532446
29126 32156 31844 -0.0107121
29430 32484 32633 0.00506286
28389 32085 31657 -0.0150763
30087 32440 32501 0.00202745
29409 32066 32108 0.00142813
29120 31612 31632 0.000686813
28332 32535 32427 -0.00381194
29087 32955 32982 0.00092825
28708 32068 32104 0.00125401
28952 31726 31785 0.00203786
28227 32060 31903 -0.00556205
29471 32032 32095 0.00213769
29507 32048 32196 0.00501576
29257 31419 31419 0
29681 32183 32183 0
28823 31370 31238 -0.00457968
29247 31804 31779 -0.000854789
29301 31782 31814 0.00109211
28041 31202 31271 0.00246068
29073 32280 32134 -0.00502184
29196 31149 31211 0.00212358
28668 31408 31408 0
28708 32074 31864 -0.00731503
28948 31526 31522 -0.000138179
29562 32260 32052 -0.00703606
28004 31053 31078 0.00089273
27959 32013 32013 0
29001 31811 31816 0.000172408
29360 31363 31586 0.00759537
28745 31062 31326 0.00918421
28193 31863 32153 0.0102862
29018 31662 31662 0
28487 31393 31656 0.00923228
29965 32246 32072 -0.00580677
30587 32366 32543 0.00578677
28803 31659 31672 0.000451342
29507 31543 31471 -0.0024401
29694 31828 31905 0.00259312
29591 32249 32249 0
29131 31706 31712 0.000205966
29315 32379 32379 0
28811 31857 31763 -0.00326264
28430 31311 31440 0.00453746
29173 32097 32150 0.00181675
29792 32638 32774 0.00456498
29343 32404 32300 -0.00354429
28808 31902 31902 0
28565 31603 31378 -0.00787677
28723 31448 31470 0.000765937
28871 32253 32334 0.00280558
28392 31755 31756 3.52212e-05
28532 31979 32006 0.000946306
28409 31461 31352 -0.00383681
28887 31251 31466 0.00744279
28987 32026 32034 0.000275986
29712 32227 32227 0
28754 31827 31827 0
29875 32942 32942 0
27617 32301 32271 -0.00108629
28093 30136 29805 -0.0117823
29475 32659 32659 0
28282 30784 31069 0.0100771
28914 32002 32002 0
28871 31661 31479 -0.0063039
