70889 77181 77876 0.00980406
69112 76536 76610 0.00107073
71460 78586 78324 -0.00366639
69661 77934 77816 -0.00169392
71257 79086 79313 0.00318565
71223 78040 77286 -0.0105865
72123 80352 80352 0
72191 79059 79197 0.0019116
71763 78951 78965 0.000195087
70526 76392 76415 0.000326121
72646 79252 79696 0.00611183
72123 78178 78178 0
71937 77424 77188 -0.00328065
70494 78116 77612 -0.00714954
72475 78812 79195 0.00528458
72844 79314 79314 0
73506 78920 78969 0.000666612
71697 77449 77449 0
69432 76196 76237 0.000590506
70976 78180 77947 -0.0032828
72685 79577 79632 0.00075669
73263 79589 79589 0
69945 76382 76733 0.00501823
71811 79076 79090 0.000194956
71779 78167 78125 -0.000585129
71576 79427 79427 0
74077 78043 78410 0.0049543
69885 78594 78857 0.00376333
72816 79448 79569 0.00166172
71272 78324 78542 0.0030587
72448 79996 79386 -0.00841983
72071 77099 77099 0
73491 78170 78645 0.00646338
70431 76444 76444 0
69549 78247 78128 -0.00171102
71999 77974 77974 0
71176 77982 77895 -0.00122232
74361 79427 79513 0.00115652
73364 79228 79139 -0.00121313
73330 77519 77407 -0.00152734
74995 80790 80694 -0.00128009
71827 78579 78579 0
72939 79491 79746 0.00349607
72159 79350 79178 -0.00238363
67550 77152 77218 0.000977054
73150 79829 79135 -0.00948735
70674 77311 77620 0.00437219
72372 79432 79802 0.00511247
74093 79051 78822 -0.00309071
72247 77030 77255 0.00311432
72087 77370 77334 -0.000499397
69749 77307 77156 -0.00216491
69015 76761 76788 0.000391219
70535 77975 77951 -0.000340257
73447 79615 79547 -0.000925838
71653 77851 78153 0.00421476
71327 78655 78801 0.00204691
73490 80040 80040 0
70875 77943 77886 -0.000804233
71604 77165 77115 -0.000698285
72647 77290 77290 0
70133 77711 77755 0.000627379
71643 77936 78047 0.00154935
74382 79786 79817 0.000416767
70985 76768 76768 0
72598 79043 79043 0
73202 79934 79934 0
70922 78627 78696 0.0009729
69026 76755 76301 -0.00657723
72113 78492 78465 -0.000374412
70454 78217 78198 -0.00026968
70978 76051 75815 -0.00332497
70280 78893 79084 0.0027177
70367 78828 78828 0
71177 77443 77733 0.00407435
70752 77540 77073 -0.00660052
71412 77715 77553 -0.00226853
70932 78413 78225 -0.00265043
72109 80628 80234 -0.00546395
72606 79517 79130 -0.00533014
71789 76866 76879 0.000181086
71154 78354 77982 -0.0052281
70030 76325 76117 -0.00297016
69883 75623 75701 0.00111615
71060 78506 78890 0.00540388
72813 79367 79369 2.74676e-05
71134 76447 76170 -0.00389406
72624 80647 80448 -0.00274014
71687 77891 77168 -0.0100855
73933 79791 80090 0.0040442
74328 79632 79708 0.00102249
70703 77915 77919 5.65747e-05
69520 79061 78321 -0.0106444
70097 77347 77535 0.002682
72079 78885 79024 0.00192844
71410 77205 76867 -0.00473323
69461 77612 77305 -0.00441975
71984 79519 79557 0.000527895
72287 76938 77231 0.00405329
70716 75945 75508 -0.00617965
72240 78351 78338 -0.000179956
73594 78804 78651 -0.00207897
72611 79554 79280 -0.00377353
71755 76829 76813 -0.000222981
70143 78448 78981 0.00759876
74418 80757 80271 -0.00653068
72452 77817 77203 -0.00847458
71394 79115 79487 0.00521052
72464 78614 78406 -0.00287039
70024 78025 77725 -0.00428425
72110 78771 78147 -0.00865345
69211 76483 76483 0
72576 80060 80100 0.000551146
69958 77769 77711 -0.000829069
70300 77450 77223 -0.00322902
71518 77293 76863 -0.00601247
72277 77233 77294 0.000843975
73239 79458 79691 0.00318137
72350 79422 79422 0
71007 76802 77241 0.00618249
71194 78508 78285 -0.00313229
70718 77566 77561 -7.07034e-05
71322 79278 79112 -0.00232747
71321 76592 77010 0.00586083
73560 79024 79382 0.00486678
69216 76890 77123 0.00336627
71780 77254 77069 -0.00257732
71030 78250 78235 -0.000211178
72490 78101 78025 -0.00104842
72006 79611 78648 -0.0133739
72130 78197 78387 0.00263413
72957 78957 78671 -0.00392012
73252 78399 77718 -0.00929667
70237 77720 77804 0.00119595
69538 78027 77944 -0.00119359
71225 76807 76807 0
72954 79623 79386 -0.00324862
74368 80023 80023 0
71661 78562 78562 0
72910 78251 78036 -0.00294884
70601 76068 76414 0.00490078
70848 76769 76816 0.000663392
69093 75739 75943 0.00295254
70712 77608 77608 0
72752 77773 77750 -0.000316143
71055 79021 79021 0
73306 78813 78338 -0.00647969
67974 76410 76543 0.00195663
71943 78432 78006 -0.00592135
69095 76072 76646 0.0083074
68067 77885 77737 -0.00217433
71562 77387 78006 0.00864984
72946 77171 76969 -0.00276917
68539 76448 76908 0.00671151
71141 77640 77734 0.00132132
71928 77485 77536 0.000709042
70937 77380 77380 0
71591 77470 77226 -0.00340825
69961 78718 77925 -0.0113349
70489 77016 76871 -0.00205706
72089 78217 78044 -0.00239981
70939 79923 79402 -0.00734434
70501 77778 78197 0.00594318
70246 79016 79013 -4.27071e-05
71213 77860 77839 -0.00029489
70683 77834 77774 -0.00084886
72469 77634 77749 0.00158689
73075 79038 79162 0.00169689
70085 79074 78697 -0.00537918
73276 77886 77755 -0.00178776
68574 77600 77100 -0.00729139
72401 80139 79925 -0.00295576
71685 78895 78415 -0.00669596
69589 76326 76198 -0.00183937
72990 80015 79619 -0.0054254
72956 79326 78955 -0.00508526
72434 79372 79406 0.000469393
71654 77573 77700 0.00177241
69796 77994 77994 0
69508 77011 76988 -0.000330897
73425 79402 79409 9.53354e-05
72584 78801 78801 0
72052 78508 77897 -0.00847999
71417 78214 78052 -0.00226837
71617 79849 79908 0.000823827
73124 80604 80508 -0.00131284
73246 77164 77633 0.00640308
70215 75697 75556 -0.00200812
70988 77297 77150 -0.00207077
72272 80790 80405 -0.0053271
71409 78883 78883 0
69944 77979 77640 -0.00484673
73073 77977 77977 0
73163 78708 79030 0.00440113
73062 79002 78834 -0.00229942
70298 77949 77949 0
73524 78354 78021 -0.00452913
69996 75964 76045 0.00115721
71494 76762 77115 0.00493748
70326 76178 75955 -0.00317095
72759 79971 79656 -0.00432936
72175 78948 78902 -0.00063734
71369 78426 78615 0.00264821
70406 78431 78865 0.00616425
73577 78510 78599 0.00120962
70893 77998 77179 -0.0115526
69045 78753 78481 -0.00393946
70444 78379 78379 0
70817 76684 76637 -0.000663682
69267 76495 76495 0
68574 75367 75582 0.0031353
74332 80279 79764 -0.00692838
71047 77421 77464 0.000605233
72497 79312 79207 -0.00144834
73484 78471 78719 0.00337488
70260 77880 78170 0.00412753
71023 78034 78274 0.00337919
71435 77345 76846 -0.00698537
72951 79148 79047 -0.00138449
73955 79845 79904 0.000797782
71099 78595 78615 0.000281298
71058 77246 77246 0
73222 80895 80833 -0.00084674
69011 75469 75045 -0.00614395
71776 79497 79605 0.00150468
69792 77660 77622 -0.000544475
72272 76728 76722 -8.30197e-05
73572 77814 78208 0.0053553
67437 77440 77128 -0.00462654
70277 78945 78292 -0.0092918
71910 78212 77964 -0.00344876
72715 77958 78003 0.000618854
72203 80698 80777 0.00109414
71448 76537 76490 -0.000657821
72687 77744 77639 -0.00144455
69129 77032 77122 0.00130191
71371 78243 78103 -0.00196158
72638 78550 77971 -0.00797103
71711 78151 78215 0.000892471
72640 78943 79024 0.00111509
70633 78347 78347 0
71135 78967 79179 0.00298025
69322 76858 77099 0.00347653
72373 76547 78215 0.0230473
72230 79216 79137 -0.00109373
73559 80010 80080 0.000951617
69435 77126 77145 0.000273637
71971 78009 77938 -0.000986508
70887 79023 79055 0.000451423
71690 77511 77716 0.00285953
70160 77459 77459 0
72259 78353 78074 -0.00386111
72089 79065 79065 0
70399 75806 76340 0.00758534
70745 77903 77814 -0.00125804
72032 79555 79629 0.00102732
68748 79284 79405 0.00176005
73105 78839 79410 0.00781068
70680 77136 77601 0.00657895
72017 78551 78313 -0.00330478
72788 77348 77369 0.000288509
73161 78256 78194 -0.000847446
69652 77113 77002 -0.00159364
69804 76693 76243 -0.00644662
74005 79581 79290 -0.00393217
69995 77857 77857 0
73579 78389 78389 0
69956 77376 77405 0.000414546
72818 77602 77373 -0.00314483
70053 75191 75094 -0.00138467
72441 77956 78599 0.00887619
69447 76568 76406 -0.00233271
68592 77737 77687 -0.000728948
72682 77968 78060 0.00126579
72621 80106 80287 0.00249239
71668 79679 78891 -0.0109951
70923 77520 78365 0.0119143
70338 76009 75987 -0.000312775
72050 79941 79941 0
70079 77273 77888 0.00877581
71499 78478 78478 0
69218 75597 76354 0.0109365
71117 78227 78049 -0.00250292
71311 77836 77864 0.000392646
71590 78631 78236 -0.00551753
71152 78661 78962 0.00423038
72156 76531 76734 0.00281335
72743 79960 79793 -0.00229575
72827 78901 78862 -0.000535516
72870 77546 77041 -0.00693015
72863 79281 79640 0.00492705
70509 78147 78038 -0.0015459
69988 76984 76423 -0.00801566
70143 78174 77867 -0.00437677
70690 79063 79143 0.0011317
70661 78836 78787 -0.000693452
74620 80899 80899 0
70217 78103 78053 -0.000712078
73737 79729 79904 0.0023733
75813 81497 81212 -0.00375925
71480 76846 77060 0.00299384
71962 79383 79299 -0.00116728
72527 77774 78009 0.00324017
72506 80099 79823 -0.00380658
70655 75851 75891 0.000566131
72280 77984 77875 -0.00150802
72634 78037 78389 0.00484622
71322 78513 78002 -0.00716469
70967 77182 77182 0
70917 75694 75979 0.00401878
72337 79944 79944 0
72724 77872 78160 0.00396018
72527 77389 77128 -0.00359866
72499 80282 80282 0
71024 77944 77944 0
73252 78263 77915 -0.00475072
71143 78657 78601 -0.000787147
69159 76688 76927 0.0034558
71965 77629 77571 -0.000805947
68417 76279 76128 -0.00220705
69568 75129 75364 0.00337799
67269 76841 76850 0.000133791
72898 79988 79988 0
71819 78565 78565 0
74170 78679 78679 0
71197 77702 77383 -0.00448053
70888 78151 78151 0
71977 76953 77036 0.00115315
72071 75040 74870 -0.00235879
71798 76865 76775 -0.00125352
71501 77422 77130 -0.00408386
71480 78060 78205 0.00202854
70800 76688 76688 0
73609 79658 79321 -0.00457824
70278 75843 75843 0
70500 78185 78195 0.000141844
69639 77977 77977 0
74603 80916 80963 0.000630001
70198 76948 77425 0.00679507
74471 80567 80384 -0.00245733
71421 76902 76887 -0.000210022
72175 76584 76983 0.00552823
72979 78864 78937 0.00100029
69844 76603 77201 0.00856194
70376 77713 77347 -0.00520064
72882 80210 79853 -0.00489833
72362 79183 78265 -0.0126862
71171 78721 78251 -0.00660381
69494 76272 76726 0.00653294
71812 78828 79097 0.00374589
72336 78564 78937 0.00515649
74732 77852 77798 -0.000722582
70914 77009 77178 0.00238317
69743 77831 78055 0.00321179
71793 77400 77270 -0.00181076
73145 80015 79621 -0.00538656
71822 76745 76400 -0.00480354
70742 79014 78793 -0.00312403
70850 75252 75301 0.000691602
71655 77558 77728 0.00237248
70357 77572 77331 -0.00342539
71149 77486 77412 -0.00104007
70964 78369 78420 0.000718674
72329 78985 79154 0.00233655
73640 79085 79007 -0.00105921
72289 79998 79998 0
69373 76581 76521 -0.00086489
72351 79025 79392 0.00507249
70545 77262 76710 -0.00782479
72530 80134 79954 -0.00248173
75745 80111 80163 0.000686514
70161 77525 77662 0.00195265
71995 78410 78225 -0.00256962
76506 79893 80038 0.00189528
72446 80350 80509 0.00219474
72127 79399 78779 -0.00859595
73788 79092 79340 0.00336098
72798 78023 78164 0.00193687
71435 78432 78330 -0.00142787
74059 79042 79023 -0.000256552
70530 78012 78224 0.00300581
71609 77599 78020 0.00587915
72274 77987 77987 0
73689 79724 79729 6.78527e-05
70324 76682 76806 0.00176327
69134 76014 76089 0.00108485
70691 77090 77399 0.00437114
70032 78088 78066 -0.000314142
71598 78635 78669 0.000474874
71464 81418 81709 0.00407198
72347 77153 75821 -0.0184113
72960 80068 80068 0
71650 77795 77448 -0.00484299
70180 80056 79943 -0.00161015
74226 79548 80249 0.00944413
70479 76836 77021 0.0026249
72355 77748 77442 -0.00422915
70522 77038 77156 0.00167324
69488 77084 77047 -0.000532466
69939 77648 77390 -0.00368893
71702 78828 78828 0
70006 78853 78761 -0.00131417
69355 76415 76491 0.00109581
69999 77195 77532 0.00481435
70326 77455 77405 -0.000710975
70710 76788 76749 -0.000551549
69707 78119 78182 0.000903783
71287 78109 78388 0.00391376
72538 79497 79329 -0.00231603
71432 76147 76125 -0.000307985
71425 78470 79063 0.00830242
71133 75852 75994 0.00199626
72398 77339 77349 0.000138125
70019 76801 77090 0.00412745
72666 78246 78035 -0.0029037
72262 78244 77919 -0.00449752
74771 79967 79963 -5.34967e-05
68493 76304 76173 -0.0019126
71874 79536 79502 -0.00047305
70978 75205 75279 0.00104258
71456 77899 77842 -0.000797694
70563 79779 79779 0
71522 78940 78861 -0.00110456
73122 78282 78280 -2.73515e-05
72616 79930 80056 0.00173515
73226 79327 79927 0.00819381
72340 79040 79119 0.00109207
72922 77822 77532 -0.00397685
71536 77398 77398 0
74444 78317 78295 -0.000295524
72904 77571 77171 -0.00548667
70702 79452 79452 0
71650 78082 77677 -0.00565248
70756 76662 76532 -0.0018373
71659 76474 76808 0.00466096
71196 77669 77195 -0.00665768
70703 77271 77504 0.00329548
69897 77137 77352 0.00307595
72565 77169 76645 -0.00722111
73183 79791 79825 0.000464589
71404 76919 77384 0.00651224
71061 75904 75554 -0.00492535
71957 77337 77312 -0.00034743
72246 77348 77523 0.00242228
71226 78362 78432 0.000982787
72950 77837 77837 0
69120 77792 77343 -0.00649595
72355 79082 79333 0.00346901
68962 76691 76681 -0.000145007
73572 79264 79218 -0.000625238
74031 80503 80503 0
72848 78470 78410 -0.000823633
72437 78665 78590 -0.00103538
69671 77822 77894 0.00103343
73026 79064 79041 -0.000314956
74128 79102 79716 0.00828297
72837 79294 79294 0
73887 78015 78110 0.00128575
71772 77866 77921 0.000766316
71845 79777 79791 0.000194864
68898 76921 76655 -0.00386078
72291 77984 78750 0.0105961
72595 78325 78063 -0.00360906
73106 78483 78393 -0.00123109
72654 79791 79717 -0.00101853
74210 80470 80447 -0.000309931
73069 79433 79871 0.00599433
70208 77329 76829 -0.0071217
73980 79240 79267 0.000364964
73039 78711 78711 0
73311 79350 79264 -0.00117308
70190 76638 76970 0.00473002
70335 76731 76777 0.000654013
72081 79436 79424 -0.000166479
68945 76871 76871 0
72701 78189 78171 -0.000247589
72828 78953 78953 0
70689 77857 77835 -0.000311222
73838 79134 79038 -0.00130014
70892 78285 78346 0.000860464
72499 78926 79083 0.00216555
69349 77009 77028 0.000273977
73712 78865 78441 -0.00575212
71395 77376 77361 -0.000210099
72091 79018 79221 0.00281589
76464 80390 79762 -0.00821302
70018 76448 76190 -0.00368477
73076 79519 79519 0
68968 78523 77761 -0.0110486
70182 77159 77159 0
71892 78108 78159 0.000709397
73389 77774 77774 0
72146 76895 76864 -0.000429684
70839 79005 78895 -0.00155282
71539 77917 78193 0.00385804
71485 76003 76063 0.000839337
70372 77897 78187 0.00412096
71515 78903 78903 0
71213 78660 78660 0
71075 79462 79462 0
68679 77679 77803 0.0018055
71698 78534 78534 0
74060 79653 79545 -0.00145828
71668 75629 75445 -0.00256739
72603 77060 77151 0.00125339
70356 76541 75995 -0.00776053
74874 80735 80764 0.000387317
71717 77803 77382 -0.0058703
69917 78413 78387 -0.00037187
74406 78876 78772 -0.00139774
71639 76339 76339 0
71555 77745 77821 0.00106212
72978 79364 79606 0.00331607
73641 77546 77735 0.00256651
74313 77900 77900 0
73301 77814 78219 0.00552516
72126 78855 78855 0
73573 79549 79446 -0.00139997
73994 79673 79639 -0.000459497
72534 78569 78539 -0.000413599
70874 76762 76794 0.000451505
71803 78222 78499 0.00385778
70455 77693 78041 0.00493932
73773 78480 78103 -0.00511027
71428 75717 75791 0.00103601
68672 75670 75549 -0.001762
71322 76938 76847 -0.0012759
72648 78801 78552 -0.00342749
69546 76650 76309 -0.00490323
74590 80399 80476 0.00103231
72408 78825 78553 -0.00375649
70445 77655 78310 0.00929803
71559 79624 79578 -0.000642826
72582 76441 76441 0
68782 77243 77243 0
72227 79270 79268 -2.76905e-05
72530 78252 78323 0.000978905
70439 77364 77336 -0.000397507
71826 76774 76672 -0.0014201
73232 79116 78498 -0.00843893
72436 79327 79375 0.000662654
70451 76031 75777 -0.00360534
72434 77212 77212 0
70672 76204 76551 0.00491001
71547 77404 77297 -0.00149552
71547 78017 78145 0.00178903
73976 78189 78099 -0.00121661
72740 78233 78357 0.0017047
71518 78398 78357 -0.000573282
74747 79439 79792 0.0047226
69643 78386 78331 -0.000789742
71264 77673 78251 0.00811069
70916 78529 78266 -0.00370861
72252 79070 79070 0
71846 76655 77130 0.00661136
70078 76053 76029 -0.000342476
75278 80027 79900 -0.00168708
71921 77552 77485 -0.000931578
68802 76988 77189 0.00292143
74301 78360 78322 -0.000511433
68578 76741 76741 0
73193 78542 78565 0.000314238
72747 80734 80734 0
70662 77798 78239 0.00624098
71853 79477 79543 0.000918542
68970 75569 75469 -0.00144991
71921 77451 77514 0.000875961
72621 79295 79295 0
72839 77493 77632 0.00190832
71119 77732 77427 -0.00428859
74826 79731 79889 0.00211157
71979 78870 78703 -0.00232012
71919 79059 79059 0
72601 79182 79182 0
71133 78158 77580 -0.00812562
74108 79941 79923 -0.000242889
71964 78248 78023 -0.00312656
69259 77748 77729 -0.000274333
71887 77684 77478 -0.00286561
70673 78632 78632 0
70627 78154 78053 -0.00143005
71964 76784 76746 -0.000528042
72621 79350 79288 -0.000853748
68934 76013 76013 0
73335 79719 79719 0
70418 77059 77133 0.00105087
70033 77454 77634 0.00257022
69428 75636 75660 0.000345682
74318 78961 78961 0
69982 78214 77887 -0.00467263
74552 81317 81081 -0.00316558
70345 76951 76872 -0.00112304
68970 75443 75724 0.00407424
71125 76435 76277 -0.00222144
74309 81301 81301 0
69329 76889 77454 0.00814955
70234 77519 77459 -0.000854287
73453 79732 79732 0
69357 76081 76487 0.00585377
70423 77818 78736 0.0130355
68648 75979 75979 0
70555 77024 77161 0.00194175
72656 78553 78259 -0.00404647
71060 78035 77706 -0.00462989
72578 78550 78978 0.0058971
69337 77190 77327 0.00197586
72430 79743 79743 0
70579 78105 78635 0.00750932
68947 77313 77313 0
73527 79471 79497 0.000353612
71481 77580 77580 0
72773 78623 78685 0.000851964
71272 77242 77340 0.00137501
72480 77632 77139 -0.00680188
70151 76420 76814 0.00561646
72792 78088 77811 -0.00380536
71577 79079 79102 0.000321332
68346 76367 76568 0.00294092
72103 76211 76050 -0.00223292
73816 78257 78502 0.00331906
72420 78041 78318 0.00382491
72626 78079 77879 -0.00275383
71437 78571 78629 0.000811904
72936 78219 78237 0.000246792
69782 75398 75356 -0.000601874
72704 76768 76996 0.003136
72094 77774 77524 -0.00346769
72217 77919 77994 0.00103854
71122 80000 79929 -0.000998285
73187 78828 79644 0.0111495
71060 76980 76724 -0.00360259
73842 78743 78579 -0.00222096
71448 78489 78632 0.00200146
73015 78633 78502 -0.00179415
73349 80271 80515 0.00332656
70836 77500 77685 0.00261167
73080 78107 78107 0
72194 78980 78922 -0.000803391
71134 77306 76900 -0.00570754
72024 77383 77346 -0.000513718
70967 78333 78333 0
71135 77290 77382 0.00129332
70193 76285 75695 -0.0084054
72134 78562 78258 -0.00421438
74056 77773 77844 0.000958734
72363 78417 78845 0.00591462
70085 78210 78222 0.000171221
72612 80628 80953 0.00447584
74117 80902 80902 0
71593 78489 78249 -0.00335228
70834 77517 77765 0.00350114
72726 77784 77897 0.00155378
73174 78554 77895 -0.00900593
73100 78193 78193 0
74950 80653 80305 -0.0046431
70354 76239 77360 0.0159337
72451 80104 80112 0.000110419
73248 80223 79305 -0.0125328
71901 80317 79801 -0.00717653
70248 77360 77207 -0.002178
70321 77367 77133 -0.0033276
73913 78967 78769 -0.00267883
70250 77735 77905 0.00241993
69925 76306 76344 0.000543439
71232 78894 78706 -0.00263926
69852 78059 77893 -0.00237645
71931 77733 77855 0.00169607
69312 76220 75609 -0.00881521
71824 76495 76427 -0.000946759
73000 78621 78467 -0.00210959
73198 78299 78122 -0.0024181
73555 79858 79975 0.00159065
71465 78675 78108 -0.00793395
71510 77956 77436 -0.00727171
73191 80012 80125 0.00154391
72631 79143 78955 -0.00258843
71075 77025 77664 0.0089905
70608 75543 75676 0.00188364
71754 78624 78252 -0.00518438
72511 80229 79939 -0.00399939
73707 79435 78774 -0.00896794
70341 77329 77155 -0.00247366
70465 75057 74956 -0.00143334
73697 78269 78549 0.00379934
71850 78482 78265 -0.00302018
71357 78621 79104 0.00676878
71177 80056 79411 -0.00906192
71593 78408 78408 0
71713 78687 78335 -0.00490845
71872 80548 80547 -1.39136e-05
70460 77401 77396 -7.09622e-05
70190 78338 78237 -0.00143895
71817 77395 78844 0.0201763
68043 77211 77127 -0.00123451
71480 79844 79198 -0.00903749
75749 81338 81903 0.00745884
74502 79649 79822 0.00232209
70049 78164 77784 -0.00542477
71153 77454 77435 -0.00026703
69196 76526 76526 0
72087 78336 78336 0
69909 78149 78140 -0.000128739
69826 77470 77718 0.00355169
74583 79883 80127 0.00327152
71245 79596 79506 -0.00126325
69522 79009 78927 -0.00117948
70916 79117 78375 -0.0104631
70374 75944 75960 0.000227357
72973 78193 78378 0.00253518
70308 77280 77280 0
73601 77740 77907 0.00226899
70729 79910 79910 0
71333 77420 77517 0.00135982
72063 78319 78226 -0.00129054
72646 78644 78499 -0.00199598
72853 77869 77813 -0.000768671
71808 77939 77965 0.000362077
74515 78980 78982 2.68402e-05
73440 78879 78228 -0.00886438
69492 77736 77782 0.000661947
71719 79655 79733 0.00108758
70954 77744 77874 0.00183217
73228 79060 79172 0.00152947
73545 79535 79501 -0.000462302
70607 76745 76652 -0.00131715
72025 78495 78593 0.00136064
71319 79251 80040 0.011063
73252 78338 77943 -0.00539234
70770 78474 78474 0
71684 78459 78333 -0.00175771
74402 77625 77962 0.00452945
73231 79470 78950 -0.00710082
73117 79678 79018 -0.00902663
71914 79052 79052 0
72351 76579 76861 0.00389767
71714 77674 77594 -0.00111554
69894 76284 76364 0.00114459
72479 77731 77723 -0.000110377
71853 77896 77896 0
72940 77535 77735 0.00274198
69079 78162 78130 -0.000463238
70345 77239 77334 0.00135049
73611 78708 78599 -0.00148076
71088 78845 78543 -0.00424826
70559 78180 78118 -0.000878697
70195 77485 77531 0.000655317
69502 76006 76178 0.00247475
75181 79628 79628 0
70193 75934 75914 -0.000284929
73439 78958 79312 0.00482033
70947 77858 77858 0
71742 79426 79426 0
69827 77305 77723 0.00598622
70499 77696 77707 0.000156031
73033 78390 78312 -0.00106801
70427 75486 75147 -0.00481349
70435 77853 77717 -0.00193086
71187 77967 78022 0.000772613
72793 78723 78723 0
72005 79922 79922 0
73285 78203 78092 -0.00151463
72506 77754 77754 0
70727 76541 76387 -0.00217739
70523 78025 78417 0.00555847
70804 77746 77276 -0.00663804
69455 78607 78270 -0.00485206
74622 80015 80006 -0.000120608
70164 76472 76423 -0.000698364
70669 77963 77761 -0.0028584
74610 81008 81281 0.00365903
73903 80374 80345 -0.000392406
70243 78349 78337 -0.000170836
73546 79254 78894 -0.0048949
72271 77211 76854 -0.00493974
71628 77902 77609 -0.00409058
70740 77693 77368 -0.00459429
71982 77624 77471 -0.00212553
71525 78834 79027 0.00269836
69959 77818 77877 0.000843351
69458 75591 75832 0.00346972
69604 75942 75973 0.000445377
70161 78499 78499 0
70810 78091 78059 -0.000451914
73034 78377 78299 -0.001068
71733 77518 77244 -0.00381972
70042 78075 78162 0.00124211
70723 76489 76411 -0.00110289
71055 77392 77392 0
72307 78551 78949 0.00550431
70455 77380 77670 0.0041161
70021 78414 77868 -0.00779766
71277 77773 77408 -0.00512087
71992 78923 79073 0.00208356
71965 77078 77316 0.00330716
70041 78825 78799 -0.000371211
70732 77409 77110 -0.00422722
71016 77611 77638 0.000380196
69611 76110 75872 -0.003419
69936 76703 76703 0
69473 77799 77600 -0.00286442
72314 77716 77716 0
74393 79755 79021 -0.00986652
71748 78561 78694 0.00185371
71610 80110 80110 0
71215 76878 77357 0.00672611
70303 78154 78313 0.00226164
70320 77335 77335 0
72855 77519 76706 -0.0111592
70545 78190 78190 0
73940 78848 78860 0.000162294
68812 76149 75775 -0.0054351
71107 79688 79370 -0.00447213
74268 79565 79537 -0.000377013
71484 77154 77137 -0.000237815
73171 79280 79265 -0.000204999
74147 78867 78867 0
68586 78453 78171 -0.00411163
72380 77929 77692 -0.00327439
72500 76797 77046 0.00343448
72422 79243 79435 0.00265113
69814 77168 77140 -0.000401066
72637 79474 78857 -0.00849429
72459 79107 79088 -0.000262217
73262 78507 78997 0.00668832
71142 77336 77626 0.00407635
69694 77021 77001 -0.000286969
72758 79114 78914 -0.00274884
71486 77229 76858 -0.00518983
71701 78467 78425 -0.000585766
73262 78534 78423 -0.00151511
68667 77108 77108 0
71387 78472 78300 -0.0024094
72616 78930 78985 0.000757409
72121 78902 78877 -0.00034664
72924 79083 78927 -0.00213921
72600 77754 77754 0
72916 78435 78594 0.00218059
72507 77599 77395 -0.00281352
73320 78802 78176 -0.00853792
71766 78701 78437 -0.00367862
70889 78186 78388 0.00284953
71250 78153 78153 0
69331 77601 77601 0
68488 77530 77415 -0.00167913
70832 78682 78656 -0.000367066
69463 76949 76871 -0.0011229
71159 77607 77363 -0.00342894
70974 79105 79105 0
72551 78370 78461 0.00125429
72007 78663 78663 0
70327 77328 77382 0.000767842
71721 78536 78536 0
71616 79028 78841 -0.00261115
70249 76970 76896 -0.0010534
69771 77611 77674 0.000902954
72380 79561 79561 0
74267 78929 78929 0
72554 78310 78051 -0.00356975
71592 77201 77406 0.00286345
72969 77687 78290 0.00826378
71904 78178 78151 -0.000375501
73705 80350 80350 0
71919 77666 77701 0.000486659
70847 78545 78545 0
73061 76925 77022 0.00132766
72201 77261 77258 -4.15507e-05
74081 79671 79382 -0.00390114
69619 76907 76927 0.000287278
71294 77153 77159 8.41586e-05
72224 80188 80188 0
69910 76069 76198 0.00184523
73194 78281 78281 0
71708 76615 76615 0
71626 78751 78751 0
70536 77069 77058 -0.000155949
70638 79515 79452 -0.000891871
71043 78116 78024 -0.00129499
71079 77808 77253 -0.00780821
71890 79100 79002 -0.00136319
72553 78431 78613 0.00250851
71956 77154 77251 0.00134805
73657 78331 78711 0.00515905
69709 79390 78674 -0.0102713
71214 77917 77705 -0.00297694
71451 78742 78918 0.00246323
70646 78589 78589 0
70740 77126 76642 -0.00684196
73249 78091 78032 -0.000805472
72651 79582 79126 -0.00627658
72497 80220 80220 0
71009 77027 77200 0.00243631
72334 77066 77032 -0.000470042
72657 79173 78967 -0.00283524
73279 77664 77814 0.00204697
70341 76393 75916 -0.00678125
72331 80433 80097 -0.00464531
71930 79412 79307 -0.00145975
72258 79551 79657 0.00146697
72898 77584 77167 -0.00572032
70841 77937 77937 0
71948 80019 80034 0.000208484
69612 75606 75267 -0.00486985
69569 77061 77287 0.00324857
72483 79288 79099 -0.00260751
71371 79924 79991 0.000938757
72389 77803 77798 -6.90713e-05
71875 79352 79367 0.000208696
73153 79362 79477 0.00157205
71727 78153 77787 -0.00510268
69900 75876 76018 0.00203147
72887 76371 76200 -0.0023461
73690 78873 79169 0.00401683
72792 79345 79192 -0.00210188
70732 78131 78082 -0.000692756
70979 78460 78488 0.000394483
73016 79982 79879 -0.00141065
70262 77523 77405 -0.00167943
73193 78456 78105 -0.00479554
72592 82099 82099 0
74568 80221 79392 -0.0111174
71678 77305 77137 -0.00234382
71144 78470 78470 0
72142 80720 80504 -0.00299409
70259 78685 78685 0
70845 78982 78364 -0.00872327
71181 76901 76579 -0.00452368
68147 74422 73717 -0.0103453
72563 77280 77297 0.000234279
71625 79155 79177 0.000307155
74093 78271 78182 -0.00120119
72432 79748 79197 -0.00760713
73734 78551 78841 0.00393306
72674 79443 79443 0
72170 77920 77920 0
70549 77656 77956 0.00425236
73028 78790 78270 -0.00712056
71691 78692 78505 -0.00260842
72640 79700 79810 0.00151432
70773 78227 77999 -0.00322157
73998 79414 79337 -0.00104057
72089 78272 77715 -0.00772656
72019 78264 78305 0.000569294
69577 79626 79626 0
72915 80547 80096 -0.00618528
71308 79361 79361 0
70836 77172 77037 -0.00190581
70464 78879 78862 -0.000241258
72425 78672 78164 -0.00701415
71902 78165 78261 0.00133515
72281 76449 76485 0.000498056
73031 78717 78727 0.000136928
71004 77101 77490 0.00547856
72857 77925 77880 -0.000617648
72942 78601 78703 0.00139837
69745 77937 77958 0.000301097
71411 78595 78555 -0.000560138
71508 77034 77125 0.00127258
70935 76204 75979 -0.00317192
70800 77875 77875 0
71094 77832 77606 -0.00317889
73627 79349 79349 0
68598 76798 76788 -0.000145777
70741 78628 78635 9.89525e-05
71787 78201 77879 -0.00448549
72214 77338 77543 0.00283878
70786 75616 75468 -0.00209081
70115 78100 77400 -0.0099836
73383 78474 78037 -0.00595506
71795 77763 77763 0
74057 78307 78262 -0.00060764
75720 78697 78541 -0.00206022
70917 77696 78046 0.00493535
71404 77213 77213 0
72253 77320 77312 -0.000110722
73162 79132 78828 -0.00415516
72419 79119 78715 -0.00557865
72067 80018 79848 -0.00235892
70196 78376 77840 -0.00763576
71161 76857 76861 5.62106e-05
72122 79513 79513 0
74024 80515 80468 -0.000634929
72803 80409 80409 0
70191 77118 77112 -8.5481e-05
70082 77307 77164 -0.00204047
71389 78243 78256 0.000182101
70909 79747 79568 -0.00252436
70799 78265 78306 0.000579104
70945 77878 77639 -0.00336881
70778 78684 78644 -0.000565147
72110 77137 77071 -0.000915268
73074 78879 78598 -0.00384542
73640 78424 78800 0.00510592
71022 77600 77600 0
72946 79775 79775 0
68096 77895 78121 0.00331884
70352 75244 75244 0
71266 78683 78242 -0.00618808
71892 78185 77550 -0.00883269
73057 78656 78360 -0.00405163
70687 77324 77214 -0.00155616
