35810 38975 38967 -0.000223401
34911 38639 38679 0.00114577
36077 39482 39533 0.00141364
35176 39337 39279 -0.00164885
35987 40118 40048 -0.00194515
35988 39416 39039 -0.0104757
36415 40557 40557 0
36438 39934 39963 0.000795872
36252 39868 39889 0.000579278
35618 38567 38578 0.000308833
36680 40011 40231 0.00599782
36428 39481 39481 0
36318 39074 38953 -0.00333168
35584 39423 39171 -0.00708183
36590 39785 39976 0.00522001
36774 40040 40040 0
37100 39842 39866 0.0006469
36218 39121 39121 0
35074 38483 38489 0.000171067
35860 39481 39362 -0.00331846
36675 40151 40226 0.00204499
36993 40168 40168 0
35331 38557 38738 0.00512298
36266 39927 39936 0.000248166
36251 39393 39446 0.00146203
36145 40089 40089 0
37411 39529 39579 0.00133651
35265 39660 39794 0.0037998
36763 40108 40050 -0.00157767
35997 39554 39666 0.00311137
36571 40412 40065 -0.00948839
36396 38925 38925 0
37104 39470 39712 0.00652221
35565 38597 38597 0
35130 39502 39278 -0.00637632
36345 39360 39360 0
35943 39373 39328 -0.00125198
37539 40088 39586 -0.0133728
37042 40003 39958 -0.00121484
37057 39174 39111 -0.00170008
37844 40757 40713 -0.00116267
36255 39662 39662 0
36839 40130 40268 0.00374603
36434 40056 39973 -0.00227809
34126 38968 38622 -0.0101389
36920 40340 39938 -0.0108884
35679 39017 39173 0.00437232
36538 40111 40277 0.00454322
37406 39893 39780 -0.00302091
36478 39011 39011 0
36408 39060 39046 -0.000384531
35243 39039 38922 -0.00331981
34864 38770 38903 0.00381482
35620 39375 39354 -0.000589556
37083 40205 40168 -0.000997762
36180 39308 39450 0.00392482
36024 39716 39792 0.0021097
37111 40415 40415 0
35791 39353 39194 -0.00444246
36151 38957 38930 -0.000746867
36681 39015 39015 0
35430 39248 39272 0.000677392
36168 39336 39392 0.00154833
37548 40141 40281 0.00372856
35857 38766 38766 0
36638 39888 39888 0
36969 40355 40355 0
35814 39692 39728 0.00100519
34851 38748 38471 -0.00794812
36403 39576 39603 0.000741697
35561 39472 39458 -0.00039369
35847 38459 38285 -0.00485396
35493 39825 39944 0.00335277
35527 39784 39784 0
35940 39169 39244 0.00208681
35736 39146 38919 -0.00635214
36069 39248 38672 -0.0159694
35823 39601 39512 -0.00248444
36410 40703 40499 -0.00560286
36658 40140 39944 -0.00534672
36254 38823 38829 0.000165499
35930 39383 39364 -0.000528806
35371 38390 38436 0.0013005
35299 38186 38225 0.00110485
35880 39636 39828 0.00535117
36763 40059 40063 0.000108805
35911 38592 38450 -0.00395422
36672 40721 40619 -0.00278141
36206 39344 38967 -0.0104126
37334 40274 40418 0.00385707
37533 40212 40245 0.000879226
35706 39348 39347 -2.80065e-05
35108 39920 39549 -0.0105674
35398 38974 39127 0.00432228
36407 39834 39905 0.00195017
36052 38950 38799 -0.00418839
35084 39202 39028 -0.00495953
36351 40150 40169 0.000522682
36505 38847 39002 0.00424599
35729 38295 38141 -0.00431022
36482 39521 39551 0.000822323
37155 39787 39708 -0.00212623
36657 40156 39913 -0.00662902
36231 38790 38790 0
35419 39597 39882 0.00804653
37563 40764 40521 -0.00646913
36573 39272 38961 -0.00850354
36069 39964 40151 0.00518451
36602 39707 39605 -0.00278673
35375 39400 39252 -0.00418375
36413 39759 39451 -0.00845852
34946 38606 38606 0
36642 40496 40431 -0.00177392
35313 39255 39223 -0.000906182
35497 39101 38983 -0.00332422
36126 39041 38828 -0.00589603
36508 39003 39036 0.000903911
36977 40103 40227 0.00335344
36509 40060 40071 0.000301296
35869 38789 38912 0.00342914
35949 39522 39522 0
35704 39155 39150 -0.00014004
36016 40020 39939 -0.002249
36012 38684 38886 0.00560924
37146 39887 39804 -0.00223443
34958 38997 38927 -0.0020024
36238 38993 38899 -0.00259396
35841 39485 39475 -0.00027901
36605 39427 39386 -0.00112007
36357 40182 39706 -0.0130924
36443 39482 39582 0.00274401
36824 39839 39690 -0.00404627
36994 39575 39237 -0.00913662
35461 39232 39267 0.000987
35136 39381 39371 -0.000284608
35954 38775 38775 0
36828 40183 40060 -0.00333985
37552 40401 40401 0
36193 39666 39617 -0.00135385
36801 39561 39397 -0.0044564
35662 38422 38561 0.00389771
35772 38768 38796 0.000782735
34916 38264 38287 0.000658724
35720 39202 39202 0
36728 39250 39238 -0.000326726
35913 39940 39940 0
37010 39783 39542 -0.00651175
34329 38594 38655 0.00177692
36316 39584 39373 -0.00581011
34905 38420 38704 0.00813637
34380 39321 39250 -0.00206515
36153 39081 39407 0.00901723
36838 38998 38866 -0.00358326
34619 38600 38623 0.000664375
35923 39205 39247 0.00116917
36332 39165 39168 8.25718e-05
35807 39059 39059 0
36168 38776 39013 0.00655275
35329 39758 39694 -0.00181154
35606 38891 38816 -0.00210639
36406 39494 39445 -0.00134593
35813 40340 40072 -0.00748332
35602 39470 39470 0
35481 39903 39899 -0.000112736
35966 39316 39359 0.00119557
35693 39293 39293 0
36584 39191 39248 0.00155806
36890 39904 39945 0.00111141
35379 39913 39722 -0.00539868
37007 39328 39267 -0.00164834
34644 39189 38937 -0.00727399
36552 40441 40335 -0.00289998
36196 39830 39587 -0.00671345
35147 38549 38480 -0.00196318
36843 40386 40193 -0.00523844
36848 40064 39879 -0.00502063
36570 40066 40089 0.000628931
36177 39138 39138 0
35244 39372 39372 0
35095 38881 38879 -5.69882e-05
37067 40064 40076 0.000323738
36674 39810 39810 0
36356 39622 39302 -0.00880185
36056 39480 39402 -0.0021633
36163 40306 40335 0.000801925
36925 40686 40638 -0.00129993
36984 39025 39193 0.0045425
35441 38207 38130 -0.00217262
35845 38869 38946 0.00214814
36485 40774 40577 -0.00539948
36051 39827 39827 0
35313 39347 39179 -0.00475745
36917 39360 39360 0
36949 39750 39916 0.00449268
36890 39877 39791 -0.00233126
35499 39335 39335 0
37126 39579 39403 -0.00474061
35363 38366 38399 0.000933179
36104 38752 38933 0.00501329
35523 38439 38366 -0.00205501
36723 40362 40225 -0.00373063
36441 39852 39829 -0.000631157
36033 39708 39692 -0.000444037
35547 39524 39810 0.00804569
37145 39630 39654 0.000646117
35803 39269 38967 -0.00843505
34865 39757 39623 -0.0038434
35586 39575 39624 0.00137695
35758 38723 38701 -0.000615247
34986 38624 38624 0
34651 38060 38169 0.00314565
37522 40526 40270 -0.00682266
35893 39099 39122 0.000640793
36601 40035 40015 -0.000546433
37096 39606 39737 0.00353138
35489 39365 39474 0.00307137
35867 39401 39459 0.00161709
36079 39060 38808 -0.00698467
36831 39956 39942 -0.000380115
37345 40320 40348 0.000749766
35904 39686 39693 0.000194964
35882 39014 39014 0
36966 40826 40793 -0.000892712
34865 38111 37900 -0.00605191
36251 40140 40194 0.00148961
35238 39195 39186 -0.000255406
36505 38748 38745 -8.21805e-05
37139 39252 39473 0.00595062
34060 39029 38935 -0.00275984
35489 39859 39528 -0.00932683
36308 39472 39472 0
36718 39354 39385 0.000844273
36455 40727 40769 0.00115211
36088 38626 38631 0.00013855
36693 39246 39190 -0.00152618
34913 38893 38939 0.00131756
36058 39521 39536 0.000415996
36688 39659 39367 -0.00795901
36206 39463 39495 0.000883831
36678 39859 39898 0.00106331
35672 39562 39562 0
35915 39864 39970 0.00295141
35003 38803 38921 0.00337114
36535 38637 39481 0.0231011
36451 39976 39938 -0.0010425
37118 40363 40395 0.000862115
35067 38949 38957 0.000228135
36314 39362 39327 -0.000963816
35796 39891 39959 0.00189965
36211 39151 39254 0.00284444
35439 39124 38590 -0.0150681
36497 39565 39422 -0.00391813
36407 39911 39911 0
35558 38272 38544 0.00764947
35706 39317 39317 0
36381 40164 40199 0.000962041
34706 40010 39995 -0.000432202
36911 39797 40087 0.00785674
35689 38933 39114 0.00507159
36368 39604 39532 -0.00197976
36750 39086 39086 0
36945 39460 39664 0.00552172
35172 38934 38876 -0.00164904
35256 38731 38508 -0.00632516
37362 40170 40027 -0.00382742
35366 39326 39326 0
37153 39572 39572 0
35334 39120 38768 -0.00996208
36775 39171 39064 -0.00290959
35400 37988 37989 2.82486e-05
36577 39344 39671 0.00894004
35065 38645 38568 -0.00219592
34635 39240 39216 -0.000692941
36710 39384 39430 0.00125306
36669 40434 40526 0.00250893
36179 40201 39807 -0.0108903
35805 39127 39557 0.0120095
35529 38390 38378 -0.000337752
36393 40362 40362 0
35381 39008 39317 0.0087335
36097 39614 39614 0
34958 38167 38547 0.0108702
35906 39465 39399 -0.00183813
36014 39300 39186 -0.00316544
36141 39578 39522 -0.00154949
35932 39708 39782 0.00205945
36437 38613 38745 0.00362269
36737 40371 40285 -0.00234096
36774 39834 39820 -0.000380704
36799 39173 38915 -0.00701106
36773 40017 40233 0.00587387
35584 39445 39386 -0.00165805
35393 39239 39239 0
35425 39462 39308 -0.00434721
35685 39913 39954 0.00114894
35692 39812 39792 -0.00056035
37681 40859 40859 0
35464 39438 39412 -0.000733138
37215 40233 40315 0.00220341
38261 41217 40983 -0.00611589
36098 38775 38915 0.00387833
36334 40071 40020 -0.00140364
36619 39263 39267 0.000109233
36600 40431 40299 -0.00360656
35678 38297 38318 0.000588598
36491 39366 39312 -0.00147982
36679 39401 39583 0.00496197
36010 39626 39373 -0.00702583
35834 38926 38963 0.00103254
35822 38248 38441 0.00538775
36526 40357 40357 0
36729 39235 39472 0.00645267
36631 39077 38945 -0.00360351
36611 40521 40521 0
35886 39372 39372 0
36987 39513 39336 -0.00478547
35923 39704 39681 -0.000640258
34926 38719 38835 0.00332131
36347 39195 39168 -0.00074284
34538 38493 38431 -0.00179512
35144 37938 38023 0.00241862
33977 38803 38809 0.00017659
36803 40388 40388 0
36255 39647 39647 0
37441 39708 39708 0
35977 39249 39151 -0.00272396
35770 39437 39437 0
36341 38849 38934 0.00233896
36405 37788 37813 0.000686719
36255 38820 38771 -0.00135154
36115 39101 38955 -0.00404264
36115 39424 39502 0.00215977
35766 38731 38731 0
37172 40154 40047 -0.00287851
35493 38296 38297 2.81746e-05
35601 39337 39475 0.0038763
35179 39390 39390 0
37656 40824 40846 0.000584236
35443 38850 39098 0.00699715
37603 40674 40581 -0.00247321
36087 38839 38802 -0.0010253
36441 38667 38867 0.00548832
36849 39830 39853 0.000624169
35266 38661 38966 0.00864856
35551 39243 39062 -0.00509128
36804 40483 40298 -0.00502663
36530 39956 39498 -0.0125376
35937 39737 39507 -0.00640009
35088 38507 38658 0.00430347
36255 39793 39927 0.00369604
36522 39650 39839 0.00517496
37725 39294 39277 -0.00045063
35837 39055 38978 -0.00214862
35258 39433 39437 0.000113449
36253 38812 39008 0.00540645
36945 40389 40187 -0.00546759
36271 38753 38582 -0.00471451
35730 39896 39782 -0.0031906
35796 38013 38040 0.000754274
36176 39143 39232 0.00246019
35533 39157 39052 -0.002955
35916 39112 39074 -0.00105802
35839 39572 39594 0.000613856
36522 39873 39961 0.00240951
37185 39920 39766 -0.00414145
36531 40403 40203 -0.0054748
35050 38674 38643 -0.000884451
36537 39892 40071 0.00489914
35616 39002 38723 -0.00783356
36609 40439 40347 -0.00251304
38220 40420 40451 0.000811094
35436 39146 39220 0.00208827
36345 39582 39490 -0.0025313
38621 40327 40398 0.00183838
36564 40549 40549 0
36434 40097 39780 -0.00870066
37242 40045 40045 0
36762 39393 39467 0.00201295
36067 39586 39501 -0.00235672
37390 39895 39889 -0.000160471
35625 39386 39494 0.00303158
36167 39181 39394 0.00588935
36474 39359 39359 0
37210 40251 40252 2.68745e-05
35510 38705 38772 0.00188679
34907 38363 38402 0.00111725
35688 38901 38977 0.00212957
35362 39423 39421 -5.65579e-05
36162 39702 39690 -0.00033184
36089 41089 41239 0.00415639
36529 38957 38957 0
36836 40413 40413 0
36184 39279 39197 -0.0022662
35440 40396 40341 -0.00155192
37478 40160 40511 0.00936549
35610 38800 38893 0.00261163
36514 39210 39085 -0.00342334
35619 38930 38952 0.000617648
35088 38925 38824 -0.00287848
35295 39166 39044 -0.00345658
36203 39796 39916 0.00331464
35348 39813 39760 -0.00149938
35023 38570 38608 0.001085
35341 38959 39130 0.00483857
35518 39112 39095 -0.000478631
35737 38787 38770 -0.000475697
35201 39432 39464 0.000909065
35993 39347 39570 0.00619565
36604 40120 40034 -0.00234947
36077 38455 38438 -0.000471214
36087 39647 39938 0.00806385
35926 38319 38260 -0.00164226
36554 39036 39041 0.000136784
35366 38772 38922 0.00424136
36681 39498 39394 -0.00283526
36468 39488 39258 -0.0063069
37740 40352 40352 0
34592 38527 38461 -0.00190796
36283 40140 40122 -0.0004961
35847 37972 38005 0.000920579
36076 39322 39293 -0.000803859
35627 40269 40271 5.61372e-05
36118 39848 39801 -0.00130129
36930 39533 39532 -2.70783e-05
36661 40338 40423 0.00231854
36966 40036 40344 0.00833198
36527 39896 39932 0.000985572
36815 39287 39140 -0.00399294
36118 39077 39077 0
37579 39538 39522 -0.00042577
36828 39178 38969 -0.00567503
35691 40087 40038 -0.0013729
36168 39324 39216 -0.00298607
35721 38695 38626 -0.00193164
36189 38615 38673 0.0016027
35954 39217 38977 -0.0066752
35709 39014 39135 0.0033885
35298 38939 39045 0.003003
36635 38931 38695 -0.00644193
36967 40295 40317 0.000595125
36060 38835 39060 0.0062396
35901 38338 38162 -0.00490237
36350 39052 39032 -0.000550206
36475 38903 39127 0.00614119
35963 39556 39570 0.000389289
36841 39302 39302 0
34905 39267 39040 -0.00650337
36531 39923 40047 0.00339438
34815 38713 38731 0.000517019
37141 40000 39983 -0.000457715
37379 40636 40636 0
36785 39610 39583 -0.000733995
36565 39534 39666 0.00361001
35175 39544 39321 -0.00633973
36868 39905 39892 -0.000352609
37425 39929 40232 0.00809619
36795 40034 40034 0
37304 39388 39431 0.00115269
36232 39369 39336 -0.000910797
36281 40273 40281 0.000220501
34798 38830 38699 -0.00376458
36514 39376 39768 0.0107356
36651 39535 39409 -0.00343783
36908 39621 39576 -0.00121925
36680 40266 40236 -0.000817884
37458 40608 40592 -0.000427145
36880 40080 40309 0.00620933
35466 39055 38803 -0.0071054
37344 40017 40017 0
36880 39747 39747 0
37040 40069 40032 -0.00099892
35444 38694 38854 0.00451416
35504 38732 38755 0.000647814
36383 40083 40078 -0.000137427
34825 38810 38810 0
36709 39467 39465 -5.44826e-05
36766 39847 39847 0
35705 39317 39317 0
37271 39943 39895 -0.00128786
35803 39530 39485 -0.00125688
36616 39851 39931 0.00218484
35019 38865 38877 0.000342671
37208 39798 39584 -0.00575145
36037 39067 39053 -0.00038849
36400 39883 39987 0.00285714
38612 40601 40282 -0.00826168
35399 38628 38499 -0.00364417
36893 40139 40139 0
34827 39663 39330 -0.00956155
35431 38944 38944 0
36296 39432 39457 0.000688781
37054 39271 39191 -0.00215901
36434 38833 38809 -0.000658725
35794 39892 39840 -0.00145276
36108 39317 39457 0.00387726
36118 38434 38434 0
35542 39335 39356 0.00059085
36115 39839 39850 0.000304583
35951 39707 39546 -0.00447832
35887 40100 40100 0
34679 39201 39265 0.0018455
36200 39637 39637 0
37406 40219 40158 -0.00163075
36188 38187 38096 -0.00251465
36658 38907 38949 0.00114573
35542 38678 38352 -0.00917225
37788 40757 40758 2.64634e-05
36225 39287 39080 -0.00571429
35293 39592 39577 -0.000425013
37565 39817 39762 -0.00146413
36179 38553 38553 0
36133 39290 39284 -0.000166053
36855 40069 40192 0.0033374
37163 39129 39232 0.00277157
37544 39344 39344 0
37022 39286 39570 0.00767111
36418 39811 39709 -0.00280081
37143 40112 40118 0.000161538
37333 40197 40179 -0.000482147
36619 39655 39639 -0.000436932
35794 38754 38778 0.000670503
36259 39491 39665 0.00479881
35582 39227 39402 0.00491822
37246 39615 39430 -0.00496698
36064 38231 38266 0.000970497
34686 38199 38150 -0.00141267
36005 38597 38796 0.00552701
36684 39782 39660 -0.0033257
35122 38684 38517 -0.00475485
37657 40576 40613 0.000982553
36554 39788 39651 -0.00374788
35566 39206 39412 0.00579205
36130 40190 40176 -0.00038749
36652 38606 38606 0
34730 38991 38991 0
36470 40017 40024 0.000191939
36611 39504 39511 0.000191199
35575 39063 39047 -0.000449754
36266 38752 38699 -0.00146142
36969 39943 39632 -0.00841245
36565 40041 40062 0.00057432
35579 38472 38275 -0.00553697
36573 38962 38962 0
35707 38493 38666 0.00484499
36129 39067 39081 0.0003875
36125 39380 39439 0.00163322
37346 39471 39424 -0.0012585
36729 39497 39557 0.00163359
36108 39577 39560 -0.00047081
37734 40089 40272 0.00484974
35155 39570 39530 -0.00113782
35985 39220 39420 0.00555787
35802 39638 39638 0
36472 39906 39906 0
36289 38954 38954 0
35387 38166 38379 0.00601916
38003 40386 40322 -0.00168408
36309 39148 39099 -0.00134953
34741 38873 38969 0.00276331
37514 39556 39565 0.00023991
34629 38737 38737 0
36943 39639 39650 0.000297756
36697 40730 40730 0
35680 39266 39491 0.00630605
36279 40121 40149 0.000771796
34832 38240 38240 0
36314 39109 39138 0.00079859
36683 40045 40045 0
36787 39125 39201 0.00206595
35924 39255 39101 -0.00428683
37770 40238 40319 0.00214456
36346 39698 39728 0.0008254
36342 39932 39970 0.00104562
36644 40021 39951 -0.00191027
35917 39457 39166 -0.00810201
37406 40357 40348 -0.000240603
36323 39483 39372 -0.00305591
34977 39257 39243 -0.000400263
36317 39232 39131 -0.00278107
35687 39694 39694 0
35651 39448 39398 -0.00140249
36345 38771 38745 -0.000715367
36681 40068 40032 -0.000981435
34800 38370 38384 0.000402299
37041 40246 40246 0
35570 38911 38951 0.00112454
35348 39081 39176 0.00268756
35068 38187 38203 0.000456256
37520 39730 39866 0.00362473
35334 39492 39325 -0.00472633
37610 41028 40908 -0.00319064
35530 38860 38819 -0.00115395
34839 38065 38239 0.0049944
35927 38606 38525 -0.00225457
37505 41032 41032 0
35007 38810 39084 0.00782701
35472 39142 39112 -0.000845737
37090 40270 40270 0
35013 38405 38611 0.00588353
35577 39293 39755 0.0129859
34674 38325 38369 0.00126896
35620 38878 38945 0.00188097
36684 39678 39501 -0.00482499
35879 39381 39206 -0.0048775
36635 39855 39855 0
34993 38991 39034 0.00122882
36556 40240 40240 0
35639 39439 39701 0.0073515
34814 39029 39029 0
37129 40111 40129 0.000484796
36098 39168 39168 0
36726 39675 39708 0.000898546
35994 39113 39058 -0.00152803
36565 39168 38917 -0.00686449
35430 38600 38781 0.00510866
36759 39420 39284 -0.00369977
36156 39956 39943 -0.000359553
34516 38565 38672 0.00310001
36431 38504 38423 -0.00222338
37266 39514 39634 0.00322009
36580 39404 39517 0.00308912
36673 39263 39263 0
36071 39673 39705 0.000887139
36832 39494 39497 8.14509e-05
35244 38053 37983 -0.00198615
36709 38751 38947 0.00533929
36413 39307 39130 -0.0048609
36449 39336 39370 0.00093281
35921 40384 40347 -0.00103004
36957 39791 40206 0.0112293
35876 38857 38722 -0.00376296
37297 39763 39659 -0.00278843
36088 39622 39701 0.00218909
36858 39688 39619 -0.00187205
37052 40517 40653 0.00367052
35771 39185 39233 0.00134187
36898 39431 39431 0
36450 39875 39848 -0.000740741
35929 39070 39153 0.00231011
36364 39063 39046 -0.000467495
35848 39544 39544 0
35927 39025 39146 0.00336794
35446 38508 38216 -0.00823788
36412 39652 39501 -0.00414698
37378 39254 39288 0.000909626
36524 39581 39797 0.00591392
35370 39466 39475 0.000254453
36647 40685 40850 0.00450241
37409 40835 40835 0
36166 39636 39519 -0.00323508
35757 39119 39243 0.00346785
36732 39326 39347 0.000571709
36959 39302 39327 0.000676425
36922 39481 39003 -0.0129462
37833 40692 40517 -0.00462559
35541 38493 39070 0.0162348
36594 40446 40450 0.000109308
36985 40501 40501 0
36314 40553 40562 0.000247838
35469 39161 38977 -0.00518763
35508 39055 38935 -0.00337952
37326 39880 39776 -0.00278626
35468 39225 39331 0.00298861
35299 38542 38542 0
35980 39833 39833 0
35278 39415 39335 -0.0022677
36331 39310 39307 -8.25741e-05
35014 38489 38185 -0.00868224
36260 38615 38576 -0.00107557
36853 39686 39605 -0.00219792
36951 39520 39433 -0.00235447
37140 40381 40381 0
36083 39702 39411 -0.00806474
36110 39366 39110 -0.00708945
36950 40383 40439 0.00151556
36682 39950 39861 -0.00242626
35879 38874 39197 0.00900248
35677 38164 38221 0.00159767
36232 39694 39505 -0.00521638
36607 40501 40492 -0.000245855
37222 40101 39772 -0.00883886
35504 39021 38933 -0.00247859
35583 37887 37862 -0.000702583
37201 39511 39652 0.00379022
36272 39678 39501 -0.0048798
36014 39676 39916 0.00666408
35948 40416 40058 -0.00995883
36146 39573 39228 -0.00954462
36203 39713 39538 -0.00483385
36282 40649 40654 0.000137809
35573 38914 39068 0.00432913
35454 39543 39496 -0.00132566
36243 39067 39953 0.0244461
34354 38966 38931 -0.0010188
36105 40313 39992 -0.00889074
38238 41059 41338 0.00729641
37610 40197 40289 0.00244616
35378 39462 39275 -0.00528577
35913 39084 39076 -0.000222761
34952 38632 38632 0
36398 39531 39531 0
35303 39473 39448 -0.000708155
35269 39113 39246 0.00377102
37663 40107 40445 0.00897432
35959 40180 40136 -0.00122362
35128 39896 39853 -0.00122409
35815 39952 39573 -0.0105822
35544 38354 38354 0
36848 39465 39566 0.00274099
35514 39029 39029 0
37167 39258 39339 0.00217935
35705 40332 40332 0
36009 39075 39120 0.00124969
36389 39540 39488 -0.001429
36685 39721 39639 -0.00223525
36789 39313 39286 -0.000733915
36250 39315 39348 0.000910345
37617 39878 39870 -0.00021267
37077 39820 39490 -0.0089004
35086 39245 39263 0.000513025
36219 40207 40245 0.00104917
35823 39237 39301 0.00178656
36956 39900 39955 0.00148826
37139 40158 40142 -0.000430814
35669 38755 38708 -0.00131767
36375 39636 39691 0.00151203
36013 40008 40395 0.0107461
36993 39546 39358 -0.00508204
35730 39623 39623 0
36193 39609 39609 0
37550 39167 39342 0.00466045
36967 40110 39849 -0.00706035
36923 40226 39896 -0.00893752
36315 39898 39898 0
36538 38665 38809 0.0039411
36199 39210 39167 -0.00118788
35292 38529 38503 -0.000736711
36602 39259 39261 5.46418e-05
36281 39330 39330 0
36839 39142 39315 0.00469611
34890 39474 39455 -0.000544569
35538 39002 39054 0.00146322
37167 39731 39675 -0.00150671
35917 39815 39666 -0.00414845
35635 39483 39437 -0.00129087
35441 39117 39146 0.000818261
35089 38377 38466 0.00253641
37957 40193 40193 0
35452 38345 38341 -0.000112829
37082 39861 40035 0.0046923
35816 39298 39298 0
36213 40089 40089 0
35254 39192 39240 0.00136155
35595 39218 39224 0.000168563
36880 39573 39525 -0.00130152
35578 38140 37953 -0.00525606
35572 39310 39233 -0.00216462
35948 39310 39401 0.00253143
36749 39774 39741 -0.000897984
36361 40343 40343 0
36984 39456 39404 -0.00140601
36621 39257 39257 0
35721 38640 38570 -0.00195963
35609 39381 39584 0.00570081
35746 39548 39001 -0.0153024
35073 39686 39516 -0.00484703
37668 40382 40376 -0.000159286
35444 38626 38599 -0.000761765
35685 39310 39263 -0.00131708
37654 40868 41014 0.00387741
37294 40521 40542 0.000563093
35471 39568 39559 -0.000253728
37135 40009 39824 -0.00498182
36489 38995 38802 -0.00528927
36156 39148 39163 0.000414869
35741 39238 39071 -0.0046725
36347 39190 39113 -0.00211847
36132 39811 39911 0.00276763
35340 39256 39244 -0.000339559
35078 38172 38290 0.00336393
35160 38360 38380 0.000568828
35439 39652 39652 0
35769 39445 39186 -0.00724091
36863 39558 39522 -0.000976589
36230 39144 39003 -0.0038918
35371 39419 39465 0.0013005
35714 38626 38585 -0.00114801
35887 39075 39075 0
36517 39677 39866 0.00517567
35590 39025 39204 0.0050295
35360 39588 39313 -0.00777715
36012 39281 39105 -0.00488726
36339 39841 39917 0.00209142
36348 38917 39032 0.00316386
35375 39802 39782 -0.000565371
35717 39076 38927 -0.00417168
35860 39183 39264 0.00225878
35156 38438 38545 0.00304358
35311 38725 38725 0
35065 39254 39156 -0.00279481
36521 39248 39248 0
37550 40256 39883 -0.00993342
36240 39685 39749 0.001766
36161 40451 40409 -0.00116147
35964 38816 39065 0.00692359
35486 39447 39529 0.00231077
35520 39049 39037 -0.000337838
36799 39163 38747 -0.0113047
35614 39452 39417 -0.00098276
37325 39791 39797 0.00016075
34759 38451 38270 -0.00520728
35902 40228 40061 -0.00465155
37513 40175 40169 -0.000159945
36089 38941 38941 0
36943 40022 40021 -2.70687e-05
37446 39825 39825 0
34641 39616 39471 -0.00418579
36541 39331 39249 -0.00224405
36602 38780 38906 0.00344243
36575 39994 40090 0.00262474
35269 38982 38966 -0.000453656
36668 40138 39748 -0.010636
36583 39927 39921 -0.000164011
36998 39641 39891 0.00675712
35921 39046 39192 0.00406447
35199 38903 38894 -0.000255689
36735 39936 39828 -0.00293998
36103 38997 38809 -0.00520732
36209 39616 39596 -0.000552349
36989 39636 39583 -0.00143286
34676 38840 38921 0.00233591
36046 39618 39526 -0.00255229
36664 39838 39865 0.000736417
36400 39819 39808 -0.000302198
36806 39826 39826 0
36671 39278 39278 0
36813 39594 39673 0.00214598
36602 39179 39077 -0.00278673
37034 39788 39476 -0.00842469
36236 39730 39596 -0.00369798
35819 39483 39588 0.00293141
35978 39446 39448 5.55895e-05
35011 39179 38719 -0.0131387
34591 39153 39092 -0.00176346
35766 39720 39707 -0.000363474
35073 38759 38794 0.000997919
35952 39214 39094 -0.00333778
35833 39933 39933 0
36632 39566 39604 0.00103734
36348 39700 39700 0
35512 39038 39066 0.000788466
36236 39664 39664 0
36180 39900 39811 -0.00245992
35466 38862 38851 -0.000310156
35245 39177 39213 0.00102142
36541 40175 39959 -0.00591117
37483 39830 39839 0.000240109
36623 39516 39380 -0.00371351
36147 38963 39071 0.0029878
36833 39225 39512 0.00779193
36307 39458 39447 -0.000302972
37220 40572 40572 0
36311 39200 39211 0.000302939
35765 39647 39575 -0.00201314
36887 38833 38884 0.0013826
36482 39031 39044 0.00035634
37400 40208 39867 -0.00911765
35154 38821 38834 0.000369801
36024 38961 38943 -0.000499667
36477 40488 40488 0
35300 38412 38479 0.00189802
36941 39500 39500 0
36209 38676 38676 0
36162 39750 39750 0
35614 38905 38894 -0.000308867
35667 40138 40103 -0.000981299
35867 39425 39378 -0.0013104
35880 39277 38993 -0.00791527
36309 39943 39897 -0.0012669
36632 39587 39677 0.00245687
36328 38947 39001 0.00148646
37190 39556 39742 0.00500134
35202 40076 39716 -0.0102267
35961 39328 39228 -0.00278079
36077 39748 39838 0.00249466
35676 39574 39669 0.00266285
35723 38935 38865 -0.00195952
36984 39457 39381 -0.00205494
36694 40172 39945 -0.0061863
36598 40498 40498 0
35866 38902 39017 0.00320638
36501 38895 38835 -0.00164379
36674 39951 39847 -0.0028358
36990 39213 39275 0.00167613
35541 38590 38348 -0.00680904
36495 40563 40422 -0.00386354
36335 40074 40038 -0.00099078
36481 40170 40223 0.00145281
36824 39170 38921 -0.00676189
35785 39355 39355 0
36319 40395 40395 0
35173 38191 38299 0.00307054
35137 38766 39031 0.00754191
36593 40033 39769 -0.00721449
36033 40336 40373 0.00102684
36556 39276 39276 0
36295 40103 40072 -0.000854112
36930 40060 40120 0.0016247
36244 39475 39297 -0.00491116
35303 38317 38388 0.00201116
36798 38557 38459 -0.00266319
37197 39809 39944 0.00362932
36743 40050 39967 -0.00225893
35730 39409 39426 0.000475791
35840 39606 39619 0.000362723
36851 40360 40310 -0.00135682
35470 39132 39069 -0.00177615
36945 39608 39429 -0.00484504
36656 41442 41442 0
37642 40487 40070 -0.0110781
36196 39044 38949 -0.0026246
35934 39614 39614 0
36406 40736 40629 -0.00293908
35482 39715 39723 0.000225466
35788 39877 39572 -0.00852241
35936 38675 38653 -0.000612199
34444 37602 37246 -0.0103356
36637 39009 39016 0.000191064
36163 39953 39962 0.000248873
37414 39519 39479 -0.00106912
36564 40254 39977 -0.00757576
37214 39648 39792 0.00386951
36684 40088 40088 0
36447 39336 39336 0
35621 39197 39288 0.00255467
36868 39795 39502 -0.00794727
36199 39713 39638 -0.00207188
36670 40222 40278 0.00152713
35738 39492 39383 -0.00304997
37352 40080 40029 -0.00136539
36402 39523 39236 -0.00788418
36388 39536 39559 0.000632077
35136 40200 40200 0
36817 40656 40431 -0.00611131
35995 40047 40047 0
35773 38968 38898 -0.00195678
35576 39798 39821 0.000646503
36555 39709 39450 -0.00708521
36301 39456 39507 0.00140492
36507 38606 38619 0.000356096
36886 39857 39759 -0.00265683
35836 38922 39113 0.00532984
36781 39338 39315 -0.000625323
36835 39862 39744 -0.00320347
35210 39330 39336 0.000170406
36045 39682 39660 -0.000610348
36113 38890 38946 0.00155069
35817 38471 38356 -0.00321077
35750 39323 39323 0
35910 39303 39303 0
37181 40049 40049 0
34648 38784 38777 -0.000202032
35730 39701 39710 0.000251889
36243 39474 39313 -0.00444224
36461 39041 39144 0.00282494
35761 38192 38115 -0.00215318
35420 39448 39085 -0.0102484
37058 39620 39400 -0.00593664
36254 39269 39271 5.51663e-05
37389 39544 39496 -0.0012838
38223 39730 39904 0.00455223
35819 39232 39353 0.0033781
36054 38940 38981 0.00113718
36478 39031 39027 -0.000109655
36930 39945 39792 -0.00414297
36576 39956 39759 -0.00538605
36402 40399 40309 -0.00247239
35452 39567 39567 0
35944 38805 38807 5.56421e-05
36402 40132 40132 0
37369 40636 40613 -0.000615483
36745 40580 40580 0
35446 38933 38926 -0.000197483
35399 39046 39030 -0.00045199
36040 39493 39503 0.000277469
35801 40266 40169 -0.00270942
35741 39489 39518 0.000811393
35819 39317 39196 -0.0033781
35741 39731 39717 -0.000391707
36404 38742 38765 0.000631799
36881 39810 39661 -0.00404002
37177 39578 39771 0.00519138
35864 39181 39181 0
36839 40279 40279 0
34392 39321 39468 0.00427425
35514 37980 37980 0
35987 39715 39497 -0.00605774
36300 39472 39151 -0.00884298
36873 39707 39551 -0.00423074
35699 39050 38996 -0.00151265
