25504 27905 27741 -0.00643036
24999 27674 27564 -0.00440018
25779 28558 28438 -0.00465495
25362 28313 28350 0.00145888
25149 28514 28530 0.000636208
25790 28600 28600 0
26518 28814 28835 0.000791915
26077 28413 28501 0.00337462
25610 28300 28283 -0.000663803
25040 28114 28114 0
25049 27968 27867 -0.0040321
25192 28020 28017 -0.000119085
24292 27096 27233 0.00563972
25707 28542 28537 -0.0001945
25617 28266 28225 -0.0016005
25058 28284 28277 -0.000279352
26656 28680 28623 -0.00213836
25576 29403 29403 0
24745 27540 27558 0.00072742
25698 28336 28244 -0.00358005
25568 28603 28610 0.00027378
25455 28135 28135 0
24438 27563 27684 0.00495131
25353 28098 28238 0.00552203
25803 28006 28078 0.00279037
24945 28454 28336 -0.00473041
25625 28517 28522 0.000195122
26249 29337 29379 0.00160006
25182 27881 27813 -0.00270034
25782 28344 28372 0.00108603
25254 28397 28553 0.00617724
24647 28067 28063 -0.000162292
25610 28768 28768 0
25449 27800 27800 0
24831 27877 27852 -0.00100681
24370 27855 27698 -0.00644235
25168 28432 28385 -0.00186745
26083 29526 29458 -0.00260706
25085 28699 28636 -0.00251146
25142 27936 27752 -0.00731843
26001 29643 29643 0
25604 28242 28373 0.00511639
26092 28607 28696 0.00341101
25930 28480 28469 -0.000424219
25622 28179 28163 -0.000624463
26582 29206 29005 -0.00756151
25845 28351 28351 0
25702 28941 28550 -0.0152128
25599 28576 28650 0.00289074
25674 28028 28196 0.00654358
24833 28034 28025 -0.000362421
25764 28536 28536 0
24705 27298 27764 0.0188626
26046 28213 28089 -0.00476081
25871 28697 28473 -0.00865834
25964 28325 28280 -0.00173317
25340 28492 28490 -7.89266e-05
26122 28768 28641 -0.0048618
25347 28267 28351 0.003314
25222 28228 28204 -0.00095155
25705 28435 28435 0
25447 27815 27662 -0.0060125
25541 28604 28595 -0.000352375
26462 28695 28462 -0.00880508
24755 27469 27469 0
25471 28079 28088 0.000353343
25285 28116 28061 -0.0021752
25465 27965 28162 0.00773611
24602 27713 27569 -0.00585318
26017 28231 28188 -0.00165277
25199 28722 28533 -0.0075003
25048 27779 27816 0.00147716
24270 28842 28991 0.00613927
25324 28293 28293 0
24650 27957 27874 -0.00336714
24575 27343 27495 0.00618515
25202 28150 28150 0
24969 28405 28548 0.0057271
25792 29218 29437 0.008491
26013 28924 28645 -0.0107254
24852 27695 27605 -0.00362144
25622 28141 28110 -0.0012099
24525 27548 27418 -0.00530071
25286 27967 27975 0.000316381
25749 28554 28560 0.000233019
25756 28488 28488 0
24534 27620 27865 0.00998614
25528 29335 29362 0.00105766
26234 28861 28861 0
26678 29250 29134 -0.00434815
25941 29608 29608 0
25328 28670 28590 -0.00315856
25857 28823 28593 -0.00889508
24937 28049 28007 -0.00168424
25388 28620 28620 0
24521 28040 28034 -0.000244688
24921 27836 27777 -0.00236748
25694 28712 28780 0.00264653
24594 28022 28175 0.00622103
25328 27794 27614 -0.00710676
25592 28448 28538 0.00351672
25439 28571 28434 -0.00538543
25923 29136 29076 -0.00231455
25658 28373 28401 0.00109128
25004 28395 28445 0.00199968
25433 28686 29004 0.0125034
25397 27776 27791 0.000590621
24655 28576 28668 0.00373149
25227 28360 28357 -0.00011892
26155 28894 28894 0
25762 28822 28536 -0.0111016
25187 27680 27680 0
24690 29139 29075 -0.00259214
25225 27811 28020 0.00828543
24898 27102 27148 0.00184754
25165 27826 27725 -0.00401351
25117 27911 27866 -0.00179162
24903 28630 28464 -0.00666586
25659 28938 29088 0.0058459
25296 28028 27910 -0.00466477
24778 28354 28437 0.00334975
25442 27914 28072 0.0062102
25352 29050 29017 -0.00130167
23628 27783 27762 -0.000888776
25808 28703 28616 -0.00337105
25116 28796 28668 -0.00509635
24990 27415 27382 -0.00132053
25493 28769 28909 0.0054917
26384 28067 28077 0.000379018
25486 28412 28545 0.00521855
24917 28553 28617 0.00256853
25845 28292 28402 0.00425614
25002 28279 28308 0.00115991
25716 28532 28501 -0.00120548
25288 28656 28681 0.000988611
25897 28095 28009 -0.00332085
26257 29206 29206 0
25017 28850 28887 0.00147899
24806 27839 27932 0.00374909
25116 28774 28723 -0.00203058
24831 27938 27938 0
25122 28180 28049 -0.00521455
23866 27038 27018 -0.000838012
25309 27993 27909 -0.00331898
25627 27908 27908 0
25788 28511 28511 0
25586 28534 28542 0.000312671
24660 27432 27588 0.00632603
24972 29075 29051 -0.000961076
25016 27757 27760 0.000119923
24680 28361 28158 -0.00822528
24703 28050 27982 -0.0027527
25213 27745 27759 0.000555269
24817 27743 27588 -0.00624572
25149 28177 28177 0
25466 28003 27962 -0.00160999
23913 27714 27729 0.000627274
25590 27964 27964 0
25826 28160 28205 0.00174243
24601 27863 27823 -0.00162595
26240 28579 28590 0.000419207
25957 29044 28800 -0.00940016
25207 28516 28502 -0.000555401
24890 28556 28612 0.0022499
24725 27380 27427 0.00190091
24802 28386 27920 -0.0187888
25159 28476 28476 0
25590 28848 28740 -0.0042204
25220 28250 28162 -0.00348929
25852 28311 28315 0.000154727
25570 28146 28161 0.000586625
25413 28753 28827 0.0029119
25402 28177 28075 -0.00401543
24204 27955 27830 -0.00516444
26101 29037 28821 -0.00827554
25953 28503 28591 0.00339074
25071 28640 28443 -0.00785768
25111 27963 28141 0.00708853
25113 28238 28245 0.00027874
25709 28457 28457 0
26082 28663 28765 0.00391074
24710 28345 28288 -0.00230676
26098 28185 28127 -0.00222239
25046 28046 28046 0
26345 29523 29328 -0.00740178
26124 28962 28831 -0.00501455
24667 27673 27706 0.00133782
24818 27965 27965 0
25434 28370 28370 0
25734 29071 29071 0
25071 28279 28279 0
24841 28622 28646 0.000966145
25133 28560 28096 -0.0184618
26595 28928 28859 -0.00259447
26002 28747 28697 -0.00192293
24660 27971 28120 0.00604217
24811 28016 27979 -0.00149127
24274 27374 27516 0.00584988
24447 27713 27736 0.000940811
24920 28322 28382 0.0024077
26834 29586 29546 -0.00149065
24788 28148 28371 0.00899629
25751 28278 28235 -0.00166984
25005 28580 28532 -0.00191962
25932 28329 28364 0.00134968
24214 27237 27242 0.000206492
25530 28100 28043 -0.00223267
25080 27965 28027 0.00247209
24751 27690 27690 0
25189 27960 27911 -0.00194529
24335 27035 26800 -0.00965687
25508 29240 29191 -0.00192097
26665 28771 28716 -0.00206263
25306 29297 29297 0
25809 28466 28467 3.87462e-05
24862 27973 28006 0.00132733
24974 27469 27444 -0.00100104
25650 28382 28445 0.00245614
24954 27868 28135 0.0106997
25708 28939 28950 0.000427882
25570 28729 28625 -0.00406727
25431 27753 27679 -0.00290983
26678 29671 29642 -0.00108704
23259 26787 27126 0.014575
25925 28861 29021 0.00617165
25302 28448 28432 -0.000632361
24922 27919 27764 -0.0062194
24401 27962 27940 -0.000901602
24254 27950 27852 -0.00404057
25754 28486 28486 0
25842 28606 28664 0.00224441
24906 28472 28225 -0.00991729
25548 29038 29024 -0.000547988
25638 27743 27921 0.00694282
25127 28233 28094 -0.0055319
24914 27930 27858 -0.00288994
25760 28743 28748 0.000194099
24838 28302 28469 0.00672357
25250 28709 28674 -0.00138614
26616 28884 28960 0.00285543
24647 28070 28204 0.00543677
25144 28247 28170 -0.00306236
24754 27595 27410 -0.00747354
24548 28009 28077 0.00277008
25937 28821 28963 0.0054748
26125 29299 29275 -0.00091866
24667 28422 28462 0.0016216
24712 27797 27774 -0.000930722
24293 27678 27683 0.000205821
25179 27505 27194 -0.0123516
25364 28028 27996 -0.00126163
24978 28177 28256 0.00316278
24843 28340 28426 0.00346174
24035 27321 27329 0.000332848
25377 27585 27688 0.00405879
25770 28466 28452 -0.000543267
25759 28538 28611 0.00283396
26172 28521 28266 -0.00974324
24785 28484 28484 0
24961 27925 27985 0.00240375
24858 28287 28148 -0.00559176
24886 27856 27832 -0.000964398
24764 28349 28286 -0.00254402
23440 27598 27672 0.003157
26095 29220 29088 -0.00505844
24987 28006 28100 0.00376196
25291 28287 28274 -0.000514017
24947 28170 28170 0
25576 27909 28132 0.00871911
24675 27814 27820 0.000243161
25959 28455 28404 -0.00196464
24950 28505 28326 -0.00717435
24889 27987 27895 -0.00369641
25163 28700 28700 0
26219 29537 29612 0.00286052
25896 28624 28722 0.00378437
25755 28835 28858 0.00089303
24661 27566 27682 0.00470378
25583 29185 28902 -0.011062
25067 28594 28605 0.000438824
26158 28561 28492 -0.00263782
24894 27499 27339 -0.00642725
25017 27303 27303 0
25699 28027 28197 0.00661504
24785 27576 27459 -0.0047206
24919 28120 28355 0.00943055
25180 27716 27716 0
25962 29303 29295 -0.000308143
25460 28099 28104 0.000196386
26088 28559 28519 -0.00153327
25188 28352 28273 -0.00313641
25410 28815 28866 0.00200708
25363 27842 27744 -0.0038639
25247 28635 28419 -0.00855547
25548 28376 27984 -0.0153437
25212 28202 28401 0.00789307
26420 29509 29584 0.00283876
25067 28312 28066 -0.0098137
26080 28908 29096 0.00720859
25771 28417 28650 0.00904117
25095 27718 27981 0.0104802
24996 28764 28617 -0.00588094
25598 28509 28427 -0.00320338
25730 29016 28943 -0.00283716
24416 27783 27733 -0.00204784
25391 28490 28490 0
25475 28639 28664 0.000981354
25361 28350 28369 0.000749182
25296 28033 27901 -0.00521822
24913 27710 27710 0
26026 28919 28847 -0.00276646
24891 27645 27674 0.00116508
24742 28195 28073 -0.00493089
25167 28754 28982 0.00905948
25547 28079 28005 -0.00289662
25462 28892 28900 0.000314194
25482 28472 28474 7.84868e-05
24794 27496 27363 -0.0053642
25154 28026 27756 -0.0107339
25106 27466 27479 0.000517805
25054 27550 27634 0.00335276
24452 27324 27416 0.00376247
25535 28497 28599 0.00399452
25820 27721 27628 -0.00360186
26190 28248 28485 0.00904926
25310 27819 27947 0.00505729
25208 28232 28233 3.96699e-05
25666 27917 28104 0.0072859
24996 27929 27929 0
25950 28761 28774 0.000500963
24717 28017 27966 -0.00206336
25291 28183 28146 -0.00146297
25118 27746 27730 -0.000636993
25275 28626 28597 -0.00114738
23932 27381 27381 0
24621 27812 28041 0.009301
25223 28115 28009 -0.00420251
25975 29188 29165 -0.000885467
25046 28047 27992 -0.00219596
25947 29228 29228 0
25343 28087 28293 0.00812848
25532 27896 27757 -0.00544415
24713 28405 28405 0
24874 28516 28516 0
24761 28231 28047 -0.00743104
25711 28742 28754 0.000466726
25184 28699 28717 0.00071474
24473 28317 28286 -0.0012667
24993 27700 27821 0.00484136
25996 28320 28320 0
24962 28829 28829 0
25349 28275 28155 -0.00473391
24969 28402 28448 0.00184228
24578 28339 28358 0.000773049
25293 28259 28255 -0.000158147
25560 29135 29091 -0.00172144
25145 28008 28210 0.00803341
25204 28763 28608 -0.00614982
25329 27661 27706 0.00177662
24257 28149 28145 -0.000164901
24640 27895 27937 0.00170455
25558 28444 28494 0.00195633
25258 28312 28374 0.00245467
26221 28856 28807 -0.00186873
25709 28585 28572 -0.000505659
26386 28530 28550 0.000757978
25015 27718 27701 -0.000679592
25963 28612 28664 0.00200285
25206 28490 28300 -0.00753789
26488 28728 28486 -0.00913621
27216 29334 29252 -0.00301293
24750 27987 27920 -0.00270707
25128 28568 28457 -0.00441738
25933 29224 29154 -0.00269926
25696 29047 28979 -0.00264633
25183 28717 28681 -0.00142954
25814 28493 28310 -0.00708918
25838 28535 28405 -0.00503135
24945 28237 28107 -0.00521147
25725 28464 28574 0.004276
24021 28251 28230 -0.000874235
24435 27935 27964 0.00118682
24849 28415 28415 0
26230 28720 28716 -0.000152497
23887 27382 27465 0.00347469
24578 28183 28183 0
25112 28039 28092 0.00211054
24699 28247 28247 0
24868 28258 28293 0.00140743
26322 29124 29071 -0.00201352
24682 27794 27768 -0.0010534
26123 29307 29307 0
25186 27818 27857 0.00154848
25732 29021 28921 -0.00388621
25032 28519 28535 0.000639182
25524 28033 27954 -0.00309513
26440 28629 28641 0.000453858
24423 28538 28561 0.000941735
25354 28145 28024 -0.00477242
24279 28311 28329 0.000741381
24771 28080 28210 0.00524807
24882 27930 27810 -0.00482276
24718 27713 27797 0.00339833
25087 28242 28210 -0.00127556
25713 28203 28190 -0.000505581
24558 28123 28149 0.00105872
25146 27994 27638 -0.0141573
24618 28113 28257 0.00584938
25178 29328 29328 0
24421 27978 27978 0
24575 28599 28594 -0.000203459
24405 27696 27453 -0.00995698
25317 28152 27865 -0.0113363
24781 28531 28374 -0.0063355
25766 28211 28211 0
25934 28479 28479 0
25155 29497 29526 0.00115285
24567 28143 28109 -0.00138397
24252 28849 28954 0.00432954
24613 26997 26997 0
25574 28348 28369 0.000821146
24433 29186 28914 -0.0111325
25873 28843 28766 -0.00297608
25202 28243 28256 0.000515832
25826 28505 28312 -0.00747309
25788 29282 29213 -0.00267566
24689 28590 28733 0.00579205
26232 28699 28714 0.000571821
25374 28223 28266 0.00169465
25460 28343 28411 0.00267086
25330 27901 27992 0.00359258
26515 29361 29339 -0.000829719
25570 28785 28978 0.00754791
24783 27718 27853 0.00544728
23966 27743 27643 -0.00417258
25297 28727 28727 0
24732 27903 27653 -0.0101084
24910 28046 28075 0.00116419
25629 27989 28005 0.000624293
25776 29162 29092 -0.0027157
25322 27817 27891 0.00292236
25141 27890 27796 -0.00373891
24825 27934 27903 -0.00124874
25122 28175 28157 -0.000716503
24939 27820 27816 -0.000160391
25466 28696 28721 0.000981701
25747 27955 28047 0.00357323
24554 27713 27732 0.000773805
25165 27907 27894 -0.000516591
26003 28886 28908 0.000846056
24539 28437 28567 0.00529769
25829 28240 28280 0.00154865
25141 28477 28337 -0.00556859
24899 29054 29066 0.000481947
26125 28681 28755 0.00283254
26755 28930 28883 -0.00175668
26236 29254 29142 -0.00426894
25307 28100 28007 -0.00367487
25969 28700 28704 0.00015403
26276 28589 28404 -0.00704065
26280 28158 28137 -0.000799087
25764 28192 28122 -0.00271697
25252 28627 28573 -0.00213844
25231 28275 28257 -0.000713408
25075 28442 28400 -0.00167498
26441 29174 29292 0.00446277
26541 29503 29349 -0.00580234
24722 28223 28269 0.00186069
25505 28829 28735 -0.00368555
25767 28658 28479 -0.00694687
26295 28701 28649 -0.00197756
24859 27540 27633 0.0037411
25910 28281 28261 -0.000771903
26170 29139 29202 0.00240734
24415 27299 27308 0.000368626
24861 28441 28497 0.00225252
24871 27846 27719 -0.00510635
25886 27892 27896 0.000154524
25912 28644 28644 0
26127 28120 28186 0.00252612
26425 28921 29135 0.00809839
25730 28190 28190 0
25957 28454 28461 0.000269677
24937 27919 27902 -0.000681718
26032 28453 28442 -0.000422557
25549 28912 29058 0.00571451
25340 28174 27983 -0.00753749
26167 29296 29296 0
24964 27659 27681 0.000881269
25429 28165 28146 -0.000747178
25171 28464 28408 -0.00222478
25538 28163 27987 -0.00689169
25446 27619 27700 0.00318321
25736 28805 28746 -0.00229251
24605 27841 27736 -0.00426743
24664 27694 27753 0.00239215
24736 28177 28323 0.00590233
25497 28810 28596 -0.00839314
25520 28249 28136 -0.0044279
25225 28402 28337 -0.00257681
25460 28035 28084 0.00192459
25800 28800 28824 0.000930233
26292 28456 28361 -0.00361327
25047 27130 27157 0.00107797
24071 27720 27720 0
25257 27720 27666 -0.00213802
26705 29013 29088 0.00280846
24711 28143 28183 0.00161871
25617 28665 28676 0.000429402
25070 28709 28692 -0.000678101
24778 27312 27504 0.00774881
24659 28429 28418 -0.000446085
26114 28664 28611 -0.00202956
25579 28541 28431 -0.0043004
26026 28718 28702 -0.00061477
25443 28393 28366 -0.0010612
25318 28177 28163 -0.000552966
26124 29000 29039 0.00149288
25832 28554 28305 -0.00963921
26040 28934 28934 0
25006 27771 27808 0.00147964
24862 27968 27932 -0.00144799
24683 27934 27956 0.000891302
25420 28434 28395 -0.00153423
25707 27623 27727 0.00404559
24941 26920 27278 0.0143539
25248 27949 27941 -0.000316857
25894 27655 28020 0.0140959
23682 28108 28134 0.00109788
25864 28555 28492 -0.00243582
25277 28249 27948 -0.0119081
24960 28559 28491 -0.00272436
25661 29327 29327 0
24640 27357 27359 8.11688e-05
24801 27942 27929 -0.000524172
24946 28047 27914 -0.00533152
25951 29103 29155 0.00200378
25419 28238 28301 0.00247846
24682 27589 27476 -0.00457824
26061 28094 28163 0.00264763
26529 28846 28769 -0.00290248
24057 27319 27342 0.000956063
25123 27779 27650 -0.00513474
25119 27995 28039 0.00175166
25167 28159 28159 0
24922 28103 28125 0.000882754
25558 28520 28183 -0.0131857
24634 28050 28071 0.00085248
25662 28548 28565 0.000662458
26122 28834 28834 0
25774 28688 28553 -0.00523784
25762 28564 28567 0.000116451
24794 28257 28135 -0.00492055
25936 28306 28347 0.00158081
25827 28092 28080 -0.00046463
25134 28007 28007 0
26352 29153 29353 0.00758956
25229 27247 27140 -0.00424115
24243 27521 27525 0.000164996
25767 28293 28314 0.000814996
24487 27754 27879 0.00510475
25923 28274 28271 -0.000115727
26573 29441 29489 0.00180634
25362 28076 28088 0.000473149
25785 28883 28886 0.000116347
24616 27693 27754 0.00247806
24630 28265 28127 -0.00560292
26008 28786 28757 -0.00111504
25408 27745 27763 0.000708438
24356 28700 28689 -0.000451634
25962 28514 28278 -0.00909021
25125 29286 29236 -0.00199005
25389 28295 28188 -0.00421442
24611 28732 28732 0
25244 27940 27978 0.00150531
25642 29268 29180 -0.00343187
25604 27962 28079 0.0045696
24158 27814 27766 -0.00198692
25678 28450 28475 0.000973596
25200 28465 28465 0
25074 27995 27581 -0.0165111
25393 28037 28153 0.00456819
26649 29298 29209 -0.00333971
24082 27540 27498 -0.00174404
25883 28987 28809 -0.0068771
25224 28292 28292 0
24408 28290 28283 -0.000286791
24948 27731 27761 0.0012025
25110 28386 28446 0.00238949
25246 27747 27963 0.00855581
27042 29508 29528 0.00073959
25482 28138 28133 -0.000196217
23754 27252 27301 0.00206281
25335 27785 27286 -0.0196961
26712 29212 29222 0.000374364
24428 27261 27212 -0.00200589
24806 27535 27395 -0.0056438
25034 28828 28897 0.00275625
25313 28052 28052 0
25607 28641 28641 0
23644 27199 27178 -0.000888175
24911 27710 27853 0.00574044
24592 27574 27554 -0.000813273
25232 28127 28063 -0.00253646
25408 28024 27661 -0.0142868
26208 28467 28486 0.000724969
25845 28916 28985 0.00266976
25046 28170 28176 0.000239559
25559 28219 28219 0
25593 28859 28917 0.00226624
25158 28277 28286 0.000357739
24518 28115 28065 -0.00203932
24947 27749 27728 -0.000841785
25743 28465 28440 -0.000971138
23807 27809 27884 0.00315033
25092 27646 27699 0.00211223
25276 28503 28620 0.0046289
25060 27585 27621 0.00143655
24841 27863 27956 0.00374381
26226 28600 28596 -0.00015252
25065 28284 28118 -0.00662278
25540 27839 27754 -0.00332811
25588 28588 28386 -0.00789433
26201 27894 28245 0.0133964
24624 27275 27211 -0.00259909
24587 28035 27980 -0.00223695
25142 28112 28196 0.00334102
25287 28060 28132 0.00284731
26055 28277 28387 0.00422184
25403 28350 28316 -0.00133842
25338 28173 28199 0.00102613
25357 28454 28393 -0.00240565
26238 28774 28807 0.00125772
25410 28493 28664 0.00672963
26138 28839 28839 0
24758 28325 28196 -0.00521044
25071 28349 28355 0.00023932
24670 28338 28475 0.0055533
25129 27669 27710 0.00163158
25793 28537 28360 -0.00686233
24662 28268 28317 0.00198686
25547 28426 28361 -0.00254433
25427 28159 28228 0.00271365
25052 28006 28088 0.00327319
25230 28229 28400 0.00677765
25500 28651 28495 -0.00611765
25224 28294 28088 -0.00816683
26808 29593 29534 -0.00220084
25870 28913 28843 -0.00270584
25130 27792 27893 0.0040191
24852 28595 28190 -0.0162965
24653 27571 27605 0.00137914
24649 28305 28630 0.0131851
25485 28441 28442 3.92388e-05
26726 29315 29379 0.00239467
25045 28111 28085 -0.00103813
26040 29506 29270 -0.00906298
25856 29226 29208 -0.000696163
24459 28327 28387 0.00245308
24658 27714 27573 -0.00571823
25776 28183 28277 0.0036468
25847 28466 28478 0.000464271
25677 28330 28330 0
25535 28552 28552 0
25891 29026 29061 0.00135182
25687 28427 28450 0.000895395
25358 28685 28685 0
24699 27334 27381 0.00190291
25350 27771 27712 -0.00232742
25522 28232 28121 -0.00434919
25287 28689 28484 -0.00810693
25447 28587 28600 0.000510866
25877 28546 28528 -0.000695598
25791 28654 28654 0
26548 29221 29212 -0.000339009
25300 29019 29019 0
25913 28434 28430 -0.000154363
25022 27509 27509 0
25443 28110 28209 0.00389105
25296 28041 28066 0.000988299
25765 28834 28741 -0.00360955
25615 28505 28505 0
24397 27795 27733 -0.0025413
25579 28592 28592 0
25794 28734 28678 -0.00217105
26397 28609 28609 0
26422 28959 28915 -0.00166528
25080 27801 27933 0.00526316
25726 28522 28522 0
25490 28539 28519 -0.000784621
24581 28055 27888 -0.00679387
25580 28670 28717 0.00183737
25146 29160 29147 -0.000516981
26051 28703 28703 0
25441 29220 29217 -0.00011792
26566 29575 29579 0.000150568
24651 28798 28711 -0.00352927
25016 28348 28131 -0.00867445
26177 28224 28224 0
25100 27868 27857 -0.000438247
25658 28402 28439 0.00144205
25347 28120 28201 0.00319564
26384 28450 28268 -0.00689812
25812 28231 28124 -0.00414536
25218 28287 28158 -0.00511539
24974 28315 28212 -0.00412429
25596 28598 28573 -0.000976715
24197 27619 27550 -0.00285159
25435 28954 28999 0.00176922
26507 28154 27957 -0.007432
24968 27846 27908 0.00248318
25647 28751 28512 -0.00931883
24999 28065 28177 0.00448018
24793 28289 28084 -0.00826846
25594 28741 28749 0.000312573
25147 28683 28582 -0.00401638
25962 28593 28365 -0.00878207
24778 28604 28659 0.00221971
26497 28828 28783 -0.00169831
25361 27996 27993 -0.000118292
26041 28395 28408 0.000499213
24268 28045 27901 -0.00593374
26070 29135 28587 -0.0210203
25573 28838 28744 -0.00367575
24566 27504 27527 0.000936253
25889 27583 27896 0.0120901
26691 29317 29234 -0.00310966
25903 28296 28345 0.00189167
25368 27789 27805 0.000630716
25396 28239 28085 -0.00606395
25782 28528 28652 0.00480956
25559 28761 28769 0.000313001
26257 28670 28730 0.0022851
25347 28231 27709 -0.0205942
24721 27681 27687 0.000242709
25422 27793 27689 -0.00409094
24585 27282 27282 0
26479 28897 28741 -0.00589146
25227 27629 27550 -0.00313157
25528 28748 28720 -0.00109683
25491 28380 28342 -0.00149072
25168 28226 28203 -0.000913859
24744 28401 28445 0.00177821
25136 27973 27909 -0.00254615
24053 28260 28152 -0.00449008
25372 28374 28467 0.00366546
25031 27902 27871 -0.00123846
25550 28846 28814 -0.00125245
23891 27308 27405 0.00406011
26184 28860 28700 -0.0061106
25010 29006 29210 0.00815674
26514 28506 28483 -0.000867466
25577 27948 28088 0.00547367
25040 28391 28467 0.00303514
25478 28446 28446 0
25415 28074 27963 -0.0043675
25500 27967 27961 -0.000235294
25633 27752 27782 0.00117037
26021 28898 28943 0.00172937
25216 28306 28413 0.00424334
25519 28226 28285 0.002312
24375 27611 27511 -0.00410256
25378 27964 27981 0.000669872
24292 27860 27645 -0.00885065
25158 28452 28471 0.000755227
24914 28702 28790 0.00353215
25785 29412 29406 -0.000232693
25239 27730 27652 -0.00309046
24609 27900 27767 -0.00540453
25795 29016 29040 0.000930413
26176 29151 28939 -0.00809902
24877 28604 28490 -0.00458255
25881 28314 28412 0.00378656
24977 27424 27474 0.00200184
25031 28604 28531 -0.00291638
24962 28170 28139 -0.00124189
25916 28290 28268 -0.000848896
26099 29244 29230 -0.000536419
25094 28189 28189 0
23835 27424 27517 0.00390183
25492 27408 27408 0
25448 28049 28022 -0.00106099
24378 28201 28180 -0.000861432
25058 28256 28398 0.00566685
25405 28207 28207 0
25124 28008 27904 -0.00413947
24920 27592 27574 -0.000722311
24698 27271 27399 0.00518261
25524 28235 28235 0
24712 27761 27819 0.00234704
23731 27480 27430 -0.00210695
24707 27896 27755 -0.00570688
24899 28486 28478 -0.000321298
25506 28300 28307 0.000274445
25516 28683 28679 -0.000156764
25301 28382 28367 -0.000592862
25024 28362 28268 -0.00375639
24961 27523 27433 -0.00360562
25261 27821 28148 0.0129449
25436 27751 27685 -0.00259475
23699 27651 27739 0.00371324
26029 29047 29074 0.0010373
24853 28440 28454 0.000563312
26084 29375 29242 -0.00509891
25291 28423 28423 0
25606 28439 28650 0.00824026
25469 28238 28152 -0.00337665
24354 27612 27487 -0.00513263
26225 28718 28763 0.00171592
25409 28049 28277 0.0089732
24220 27403 27496 0.0038398
26784 29807 29801 -0.000224014
25515 28244 28160 -0.00329218
26073 28398 28379 -0.000728723
25742 29295 29295 0
25328 28512 28610 0.00386924
24611 28085 27812 -0.0110926
23909 27994 27592 -0.0168138
25471 28369 28259 -0.00431864
25000 28932 28932 0
24410 27880 27888 0.000327735
25547 29036 28953 -0.00324891
25774 28805 28805 0
26115 28890 29013 0.00470994
24865 27784 27982 0.007963
24597 27691 27942 0.0102045
25828 28556 28587 0.00120025
25401 28061 27948 -0.00444864
24762 28451 28388 -0.00254422
24930 27607 27519 -0.00352988
25599 28653 28545 -0.00421891
25221 28318 28262 -0.00222037
25443 28327 28109 -0.00856817
25893 28459 28482 0.000888271
25787 28770 28727 -0.00166751
24967 27882 27775 -0.00428566
25241 29221 29116 -0.0041599
25037 27976 27969 -0.000279586
25286 28754 28754 0
25290 29008 29008 0
25348 28115 28084 -0.00122298
25459 29214 29198 -0.000628461
24409 27567 27757 0.00778401
24350 27450 27462 0.000492813
25348 28670 28548 -0.004813
24821 27547 27531 -0.000644615
25113 28221 28236 0.0005973
25499 27970 28074 0.00407859
26184 28482 28458 -0.00091659
25427 27768 27701 -0.00263499
25038 28446 28360 -0.00343478
24434 27945 27982 0.00151428
25940 28984 29001 0.000655359
24520 27688 28018 0.0134584
25503 28308 28189 -0.00466612
26074 28718 28406 -0.0119659
25764 29094 29094 0
25750 28615 28675 0.0023301
25168 27946 27856 -0.00357597
24919 28154 28112 -0.00168546
25605 28264 28254 -0.000390549
24918 28583 28589 0.00024079
25453 27890 27890 0
25633 27844 27845 3.90122e-05
25305 28428 28428 0
25717 28012 27897 -0.00447175
24650 28445 28443 -8.11359e-05
25763 27746 27746 0
25020 27577 27606 0.00115907
25382 28219 28176 -0.00169411
24980 27876 27735 -0.00564452
24597 28826 28743 -0.0033744
25387 28140 28140 0
26175 28043 28084 0.00156638
26131 28586 28528 -0.00221959
25691 28632 28524 -0.00420381
25909 28675 28758 0.00320352
25401 28846 28798 -0.00188969
26223 29176 29180 0.000152538
25754 28524 28624 0.00388289
24438 27727 27681 -0.00188231
24881 28391 28335 -0.00225071
24938 28656 28678 0.000882188
25410 27681 27164 -0.0203463
25139 27866 27862 -0.000159115
25025 28416 28358 -0.00231768
25391 27980 27815 -0.00649837
25562 28316 28223 -0.00363821
25404 28310 28489 0.00704613
25394 29035 28740 -0.0116169
25377 27846 27966 0.00472869
25128 27734 28032 0.0118593
24611 28332 28331 -4.06322e-05
25548 28231 27989 -0.00947237
23611 26530 26636 0.00448943
25718 29068 29094 0.00101097
25662 28475 28465 -0.000389681
25458 28910 29148 0.00934873
25266 27731 27747 0.000633262
25017 27774 27717 -0.00227845
26018 28959 28919 -0.0015374
23927 27798 27806 0.00033435
24963 27796 27435 -0.0144614
26674 28914 28914 0
25553 28107 27997 -0.00430478
25279 28446 28213 -0.00921714
25730 29098 29098 0
24857 28276 28504 0.00917247
24848 28525 28507 -0.000724404
24540 27447 27515 0.00277099
25265 27897 27961 0.00253315
25110 27980 28170 0.00756671
26147 28753 28591 -0.00619574
25955 27877 27877 0
24609 28162 28133 -0.00117843
25405 29168 29168 0
25557 28311 28362 0.00199554
25521 28122 28273 0.0059167
26237 29040 29127 0.00331593
26227 28956 28894 -0.00236398
25133 28312 28394 0.00326264
25624 28687 28719 0.00124883
26035 29173 29175 7.68197e-05
25182 28476 28476 0
26050 28500 28486 -0.000537428
25363 28008 28070 0.00244451
24067 27197 27197 0
24562 27747 27791 0.00179139
25259 28535 28552 0.000673027
24875 28563 28601 0.00152764
26928 28939 28988 0.00181967
26359 28549 28377 -0.00652529
25586 28321 28291 -0.00117252
25202 28535 28356 -0.00710261
25398 28087 28087 0
26394 29055 29055 0
26112 28498 28490 -0.000306373
26046 28849 28810 -0.00149735
25523 28038 28101 0.00246836
25383 29268 29222 -0.00181224
25432 28617 28617 0
25426 28244 28240 -0.000157319
25824 29149 29106 -0.00166512
25101 28707 28707 0
25580 28667 28826 0.00621579
26470 28387 28342 -0.00170004
26037 28251 28275 0.000921765
25543 28092 28189 0.00379752
25761 28435 28410 -0.000970459
24477 27955 27868 -0.00355436
25847 28684 28895 0.00816342
26066 27875 27935 0.00230185
26190 28229 28390 0.00614738
25985 28725 28813 0.00338657
25002 28192 28224 0.0012799
26386 28712 28868 0.00591223
24472 27829 27602 -0.00927591
25372 28204 28113 -0.00358663
25166 28662 28614 -0.00190734
25162 28049 28017 -0.00127176
26074 28593 28589 -0.00015341
24181 27670 27638 -0.00132335
26633 28611 28573 -0.0014268
25854 28020 27964 -0.00216601
24946 27731 27503 -0.00913974
24674 27697 27750 0.00214801
25457 28191 28213 0.000864202
25189 28156 28136 -0.000793997
23857 27734 27750 0.000670663
24986 28476 28442 -0.00136076
25914 29077 29047 -0.00115768
25707 28450 28450 0
24750 28308 28258 -0.0020202
26063 28567 28687 0.00460423
25443 28415 28606 0.00750698
25580 28076 27895 -0.00707584
26107 29391 29355 -0.00137894
24856 28212 28267 0.00221275
24427 28236 28174 -0.00253817
26040 28787 28810 0.000883257
26016 29061 29095 0.00130689
25700 28653 28619 -0.00132296
25992 28794 28815 0.000807941
24934 28198 28143 -0.00220582
25453 27933 27995 0.00243586
26306 28732 28749 0.00064624
24982 28383 28292 -0.00364262
25418 28614 28614 0
25376 27808 27751 -0.00224622
25540 28280 28404 0.00485513
24990 28668 28687 0.000760304
26608 28782 28680 -0.00383343
24745 27913 27445 -0.0189129
24926 28508 28699 0.00766268
26020 28748 28808 0.00230592
23801 26929 26938 0.000378135
25633 28588 28686 0.0038232
24765 27389 27398 0.000363416
25495 28578 28598 0.000784468
24877 27887 27841 -0.0018491
