37027 40964 40995 0.000837227
35595 39598 39551 -0.00132041
36723 40992 40652 -0.0092585
36000 41179 41460 0.00780556
35396 40688 40660 -0.00079105
37055 41254 41073 -0.00488463
37591 41892 41892 0
37541 41923 41928 0.000133188
35377 40477 40894 0.0117873
35790 39652 39224 -0.0119586
35442 40906 40834 -0.00203149
36565 40686 40668 -0.000492274
34242 39316 39368 0.0015186
36963 41547 41630 0.00224549
36687 41656 41319 -0.00918582
34918 39971 39971 0
36937 41256 41256 0
36236 40965 41412 0.0123358
35621 40543 40458 -0.00238623
36495 41511 40968 -0.0148788
36342 41890 41449 -0.0121347
35920 40539 40559 0.000556793
34371 40134 39944 -0.00552792
35509 40381 40179 -0.0056887
35780 40471 40528 0.00159307
35599 40785 41025 0.00674176
35329 41422 41415 -0.000198138
37355 42494 42448 -0.00123143
36407 39669 39985 0.00867965
35949 40713 40317 -0.0110156
34851 41475 41521 0.0013199
35339 40673 40853 0.00509352
36458 41501 41487 -0.000384004
35904 39343 39436 0.00259024
34683 40400 40416 0.000461321
34636 40321 40034 -0.00828618
35537 40479 40084 -0.0111152
37189 42139 41712 -0.0114819
35947 41599 41314 -0.00792834
36759 41520 41520 0
35366 41540 41561 0.000593791
36099 40940 40805 -0.00373972
36737 41083 41090 0.000190544
37453 41187 41295 0.00288361
36532 39950 39971 0.000574838
38490 42307 42278 -0.000753442
36386 41312 41157 -0.00425988
35218 41751 41593 -0.00448634
35111 40469 40568 0.00281963
35902 40309 40234 -0.00208902
34383 39588 39357 -0.00671844
37542 41349 41341 -0.000213095
34897 39856 40142 0.00819555
37066 41014 40997 -0.000458641
36906 41270 41228 -0.00113803
36983 40581 41033 0.0122218
35408 41177 41013 -0.00463172
36670 41511 41127 -0.0104718
35651 41413 41328 -0.00238422
34239 40024 40030 0.000175239
35925 40293 40293 0
37117 40829 40673 -0.00420293
37141 42498 42498 0
38319 42043 41928 -0.00300112
34671 39067 38990 -0.00222088
35792 39793 39769 -0.000670541
36493 39772 39706 -0.00180857
36468 41353 41205 -0.00405835
34649 40009 40129 0.0034633
36026 40221 40369 0.00410814
35384 39870 40063 0.00545444
34837 39507 39592 0.00243993
34797 42112 42354 0.00695462
35812 41075 41022 -0.00147995
35054 40273 40187 -0.00245336
33687 38530 38368 -0.00480898
35551 40673 40756 0.00233467
36365 40820 40820 0
36298 41641 41376 -0.00730068
36671 41761 41759 -5.4539e-05
34245 38864 39276 0.012031
35185 40618 40446 -0.00488845
34983 40626 40397 -0.00654604
35617 40085 40085 0
35936 40486 40486 0
35898 40748 40982 0.00651847
35472 40293 40196 -0.00273455
36161 41889 41846 -0.00118913
37654 42282 41530 -0.0199713
37964 41476 41540 0.00168581
36473 42018 41920 -0.00268692
35729 41478 41485 0.000195919
36230 41153 41101 -0.00143527
35061 40411 40224 -0.00533356
35836 41688 41631 -0.00159058
34673 40286 40051 -0.00677761
35722 40270 40342 0.00201556
35967 41113 41155 0.00116774
35149 40526 40304 -0.00631597
34715 39062 38988 -0.00213164
36351 41104 41205 0.00277847
36653 41598 41639 0.0011186
36991 42235 42206 -0.000783974
35062 39990 39773 -0.00618904
34993 41335 41432 0.00277198
37013 42455 42505 0.00135088
36134 40368 40397 0.000802568
33930 40695 40644 -0.00150309
35270 40102 39845 -0.00728665
36745 42069 42052 -0.000462648
36733 41342 41261 -0.0022051
35866 40490 40714 0.00624547
35012 41711 41682 -0.000828287
36302 40630 40599 -0.000853947
34758 38930 38930 0
35207 40462 40747 0.00809498
35589 40203 39657 -0.0153418
35180 41995 41995 0
37578 41756 42370 0.0163393
36194 40251 40045 -0.00569155
35664 41705 41599 -0.00297218
35812 40891 40885 -0.000167542
35958 41033 41566 0.0148228
33667 40208 40315 0.00317819
36471 40782 41038 0.00701928
35041 40100 40006 -0.00268257
34886 39540 39766 0.00647824
35244 41140 41051 -0.00252525
37758 40512 40512 0
36546 41332 41285 -0.00128605
35655 42111 41848 -0.00737624
36883 41722 41817 0.00257571
34698 40586 40554 -0.000922243
36410 41002 41098 0.00263664
36800 41700 41971 0.00736413
37002 40307 40273 -0.000918869
37485 41942 41764 -0.00474857
34650 42267 42109 -0.00455988
35815 40256 40242 -0.000390898
35401 40928 40582 -0.00977374
35006 40163 39916 -0.00705593
36111 40653 40668 0.000415386
34302 39181 39038 -0.00416885
35688 40963 40881 -0.00229769
36293 40083 40017 -0.00181853
36180 41044 41106 0.00171365
36499 40390 40461 0.00194526
36879 40471 40415 -0.00151848
36534 41647 41768 0.00331198
35372 40346 40353 0.000197897
35503 41584 41517 -0.00188716
35524 40206 40176 -0.000844499
35402 39906 40117 0.00596012
34859 39964 39991 0.000774549
36057 40830 40705 -0.00346673
35568 40847 40470 -0.0105994
34129 39957 39790 -0.0048932
36495 40155 40180 0.000685025
37106 41166 41302 0.00366518
35444 40388 40573 0.0052195
37109 41294 41277 -0.00045811
36281 41683 41793 0.00303189
35544 41011 41068 0.00160365
36202 41226 41485 0.0071543
34670 39848 39786 -0.00178829
34905 40572 40746 0.00498496
35521 40994 41026 0.000900876
35933 41150 40955 -0.00542677
35458 40805 40805 0
36484 41054 41172 0.00323429
34703 40249 40063 -0.00535977
36809 41641 41563 -0.00211905
35585 40790 40731 -0.001658
33835 40227 40227 0
36672 41717 41160 -0.0151887
37194 40925 40653 -0.00731301
36597 41958 42152 0.00530098
34625 40740 40699 -0.00118412
36188 40634 40974 0.00939538
37054 41693 41723 0.000809629
37424 42275 41641 -0.016941
34752 40442 40496 0.00155387
37123 40855 40719 -0.0036635
36409 40499 40499 0
37377 42208 41953 -0.00682238
38457 42423 42693 0.00702083
34653 39721 39595 -0.00363605
34031 39692 39768 0.00223326
35988 40989 40797 -0.00533511
36380 41875 41494 -0.0104728
35627 40077 39794 -0.00794341
35165 41541 41671 0.00369686
35459 40978 40589 -0.0109704
37103 41805 41651 -0.00415061
36842 41673 41762 0.00241572
33863 39733 39638 -0.00280542
35927 41339 41129 -0.00584519
34971 39955 39865 -0.00257356
34373 39698 39807 0.00317109
35666 41276 41294 0.000504682
38101 43277 43494 0.00569539
35351 41141 41190 0.0013861
36149 40956 40926 -0.000829898
36088 42134 42360 0.00626247
36604 41179 40923 -0.00699377
34625 39136 39156 0.000577617
36701 41291 41329 0.00103539
36341 41229 41129 -0.00275171
34887 40063 40384 0.00920114
35721 40763 40602 -0.00450715
34763 39092 39059 -0.000949285
35808 41544 41604 0.0016756
36787 41023 41075 0.00141354
35472 41689 41457 -0.00654037
35663 40592 40533 -0.00165438
35344 39965 40178 0.00602648
35111 39831 40141 0.00882914
35780 41119 40793 -0.00911124
35109 40194 40181 -0.000370275
35678 41321 41493 0.0048209
35860 41706 41792 0.00239822
35643 39675 39412 -0.00737873
37367 42077 42235 0.00422833
33828 39914 39914 0
37337 42305 42099 -0.00551732
36150 41504 41312 -0.0053112
36136 41764 41764 0
34723 39557 39364 -0.00555828
34768 40966 40966 0
36060 41499 41464 -0.000970605
37268 41972 41881 -0.00244177
35114 40516 40601 0.00242069
35902 41971 41987 0.000445658
35792 39871 39682 -0.00528051
35371 39964 40027 0.00178112
35437 39359 39464 0.002963
36368 40927 40792 -0.00371205
34296 40893 41029 0.00396548
36817 42145 42145 0
36677 41105 41105 0
35294 40375 39846 -0.0149884
34895 40070 39995 -0.00214931
34734 39486 39897 0.0118328
35085 40300 40156 -0.00410432
37263 42529 42411 -0.00316668
37624 42992 43018 0.000691048
34842 40597 40766 0.00485047
34581 39801 39835 0.000983199
35688 41000 41000 0
36187 40394 40230 -0.00453201
34712 39794 39794 0
35362 40738 40817 0.00223404
35761 41125 41042 -0.00232096
33363 38839 38784 -0.00164853
34953 40019 39996 -0.000658026
35907 40422 40264 -0.00440026
36869 40692 40558 -0.00363449
36464 40244 40159 -0.00233107
35256 41123 41167 0.00124801
35494 40192 40127 -0.0018313
34471 39711 39668 -0.00124743
35590 40645 40693 0.00134869
35218 41497 41558 0.00173207
33440 39932 39833 -0.00296053
36719 41546 41618 0.00196084
35584 40856 40638 -0.00612635
34876 40279 40438 0.00455901
34973 41512 41149 -0.0103794
36478 41031 41016 -0.000411207
35547 40035 40035 0
36112 41074 41096 0.000609216
34898 39210 39329 0.00340994
34309 39167 39346 0.00521729
35943 41637 41745 0.00300476
36906 42490 42269 -0.00598819
36307 41032 40978 -0.00148732
37388 42699 42646 -0.00141757
33998 37937 38002 0.00191188
35630 41667 41223 -0.0124614
36214 40846 40846 0
37461 41116 40842 -0.00731427
34831 39150 39475 0.00933077
36099 39640 39623 -0.000470927
37068 41650 41498 -0.00410057
36192 39432 39306 -0.00348143
34658 40397 40836 0.0126666
34402 38838 39078 0.00697634
37052 42493 42493 0
36750 40503 40552 0.00133333
36101 41471 41232 -0.00662032
34577 40676 40983 0.00887873
36005 40769 40839 0.00194417
36000 40617 40746 0.00358333
35997 41366 41234 -0.00366697
36361 41318 41311 -0.000192514
35432 40539 40396 -0.0040359
38928 42905 42953 0.00123305
36836 40833 41052 0.00594527
37030 42520 42336 -0.00496894
35994 41257 41158 -0.00275046
34233 40171 40086 -0.00248298
35114 41858 41858 0
35962 40483 40610 0.00353151
36176 41339 41251 -0.00243255
34700 39411 39411 0
35970 40667 40454 -0.0059216
35624 41685 41815 0.00364923
35525 40649 40587 -0.00174525
35624 40837 40797 -0.00112284
35271 39901 40171 0.00765501
36457 41161 41054 -0.00293496
34393 39480 39480 0
35074 40191 39889 -0.00861037
35352 42018 42018 0
35535 40815 40882 0.00188547
37401 41824 41838 0.000374322
36466 42300 42300 0
35939 39888 40187 0.00831965
34965 39735 39983 0.00709281
34812 39013 39013 0
35498 39622 39622 0
34925 39005 39144 0.00397996
36119 41128 41128 0
36895 40655 40366 -0.00783304
35744 41582 41097 -0.0135687
35187 40953 40628 -0.00923637
36455 41672 41489 -0.00501989
36543 40970 40720 -0.00684126
35632 39675 39717 0.00117872
37909 41447 41651 0.00538131
34037 40088 39702 -0.0113406
35546 40343 39376 -0.0272042
36019 40927 40927 0
35804 41824 41518 -0.00854653
33955 40142 39980 -0.00477102
34917 40878 40936 0.00166108
35619 40797 40807 0.000280749
36619 42174 42226 0.00142003
34859 40135 40255 0.00344244
36123 41887 41466 -0.0116546
34235 39742 39646 -0.00280415
35909 40575 40479 -0.00267342
34715 41097 40081 -0.0292669
35939 41614 41614 0
34798 40278 40060 -0.00626473
36463 41678 41668 -0.000274251
36003 41658 41658 0
34582 40619 40305 -0.00907987
35244 39946 39573 -0.0105834
35924 39597 39447 -0.00417548
35814 42709 42842 0.00371363
35112 41024 41024 0
35305 40602 40328 -0.00776094
34667 40315 39937 -0.0109037
35538 39932 39672 -0.00731611
35552 40840 40821 -0.000534428
35773 40129 39995 -0.00374584
34911 40527 40819 0.00836413
36347 40196 40196 0
34428 41311 41311 0
34299 40431 40431 0
36189 42050 41800 -0.00690818
35839 41671 41318 -0.00984961
37288 42482 42510 0.000750912
37037 42032 42672 0.01728
37390 41102 41454 0.00941428
35262 39303 39332 0.000822415
36783 41463 41245 -0.00592665
35578 40805 41083 0.00781382
37591 41493 41231 -0.00696975
38622 42501 42539 0.000983895
35014 40304 40217 -0.00248472
35156 40746 40725 -0.000597338
37220 42193 42417 0.00601827
35769 41411 41548 0.00383013
35470 40824 40861 0.00104314
36511 41169 40920 -0.00681986
35964 40879 40862 -0.000472695
35293 40097 40387 0.00821693
36823 41388 41614 0.00613747
34454 40381 40225 -0.00452778
33652 40411 40560 0.00442767
34541 39679 40088 0.011841
37962 41824 41781 -0.00113271
33538 39072 39330 0.00769277
34060 40766 40200 -0.0166177
36177 41148 41169 0.000580479
35404 40748 40472 -0.00779573
35058 41092 41075 -0.000484911
36183 41307 41453 0.00403504
34515 40284 40241 -0.00124584
36935 42134 42134 0
36126 40075 40274 0.0055085
35882 41447 41174 -0.00760827
34494 40479 40749 0.00782745
35440 40761 40966 0.00578442
37292 40614 40545 -0.00185026
34316 40626 40608 -0.000524537
35931 41177 41004 -0.00481478
34411 41125 41125 0
35020 39625 39836 0.00602513
34893 40144 40143 -2.8659e-05
34455 40078 39686 -0.0113772
34183 39425 39644 0.00640669
36873 40626 40641 0.000406802
34542 40304 40335 0.000897458
36727 41086 41024 -0.00168813
33914 40304 39819 -0.0143009
36134 42143 42078 -0.00179886
33711 39576 39576 0
34645 40512 40585 0.00210709
34648 40469 40480 0.000317479
35238 40756 40272 -0.0137352
35088 41735 41429 -0.00872093
36769 40794 40492 -0.00821344
36759 41202 41190 -0.000326451
35575 42776 42839 0.00177091
34263 39802 39868 0.00192628
34199 41502 41519 0.000497091
35573 39653 39658 0.000140556
36200 41580 41580 0
34004 41389 40849 -0.0158805
36162 41126 41109 -0.000470107
36277 41302 41067 -0.00647793
36785 40708 40796 0.00239228
37193 42076 42006 -0.00188207
35379 41193 41566 0.010543
36883 41426 41701 0.00745601
36674 40432 40566 0.00365381
36373 40834 40834 0
36872 41018 41183 0.00447494
38182 43032 42341 -0.0180975
35684 41919 41827 -0.00257819
34620 39426 39324 -0.00294627
33671 38966 38811 -0.00460337
35061 40398 40979 0.0165711
34993 40416 40404 -0.000342926
35491 40596 40629 0.000929813
35887 40779 40870 0.00253574
35401 41741 41677 -0.00180786
35443 40399 40399 0
35332 39932 39856 -0.00215102
34728 39955 39860 -0.00273554
35746 40850 40750 -0.00279752
35383 40828 40828 0
35548 40825 40648 -0.00497918
36777 40929 40950 0.000571009
35780 40914 40149 -0.0213807
36029 40811 40885 0.0020539
36514 41194 41148 -0.00125979
35636 41188 41177 -0.000308677
36491 40923 40973 0.0013702
35347 40280 40302 0.000622401
34913 41386 41487 0.00289291
36226 41325 41385 0.00165627
38506 42320 42320 0
37290 42353 41650 -0.0188522
36220 40566 40643 0.0021259
35882 40347 40821 0.01321
36876 40798 40517 -0.00762013
37013 40679 40860 0.00489017
36097 40155 40244 0.00246558
35768 41214 41309 0.00265601
35433 40679 40716 0.00104422
35303 41264 41182 -0.00232275
36869 42082 41777 -0.00827253
37182 42859 42629 -0.00618579
34887 40737 40872 0.00386964
36528 41577 41345 -0.00635129
36929 40854 40880 0.000704054
36326 40648 40646 -5.5057e-05
34621 39800 39710 -0.00259958
35705 40677 40699 0.00061616
36281 41331 41719 0.0106943
33738 38673 38811 0.00409034
35592 41143 41105 -0.00106766
34576 40248 40089 -0.00459857
36569 40238 40010 -0.00623479
37275 41757 41757 0
36863 39954 40429 0.0128855
36291 41493 41391 -0.00281061
36119 40709 40772 0.00174423
36718 41187 41291 0.0028324
36388 40529 40529 0
36484 40948 40977 0.000794869
36165 41271 41349 0.00215678
36258 41328 41268 -0.00165481
36533 40972 40972 0
34784 40192 40134 -0.00166743
35634 40632 40620 -0.000336757
35598 41832 41495 -0.00946682
35766 41202 41071 -0.0036627
35151 39852 39852 0
36993 41162 41416 0.00686616
34088 40282 40081 -0.0058965
35329 40828 41007 0.00506666
35440 40967 41116 0.00420429
35800 40342 40522 0.00502793
35914 40438 40538 0.00278443
35885 40358 40028 -0.00919604
35376 39459 39384 -0.00212008
37199 41977 41792 -0.00497325
36808 41106 41011 -0.00258096
35302 38900 38907 0.000198289
33710 39692 39639 -0.00157223
35341 39845 39856 0.000311253
38591 42204 42412 0.00538986
35049 41396 41206 -0.00542098
36718 42826 42632 -0.00528351
35430 41445 41445 0
34515 39336 39523 0.00541793
34763 40956 40981 0.000719155
37076 41120 41342 0.0059877
37142 41608 41608 0
36696 41805 41777 -0.000763026
35756 40902 40902 0
35497 40813 40802 -0.000309885
36632 41453 41360 -0.00253876
35737 39671 39775 0.00291015
36600 41134 41146 0.000327869
35191 39834 40192 0.0101731
34117 40191 40191 0
35112 39749 39581 -0.00478469
36425 41708 41708 0
37270 39900 40011 0.00297827
35542 39867 39867 0
34743 39740 39753 0.000374176
37286 40968 41216 0.00665129
33828 40446 40243 -0.00600095
37093 41351 41131 -0.00593104
35842 40339 40215 -0.00345963
35184 40755 40532 -0.00633811
36581 42184 42081 -0.00281567
34116 38885 38929 0.00128972
34909 40609 40594 -0.000429689
35792 40706 40925 0.00611869
36607 41487 41508 0.000573661
36341 40883 40883 0
35209 38633 38706 0.00207333
36326 41241 41032 -0.00575345
36299 41252 41051 -0.00553734
34204 39562 39383 -0.00523331
35375 40025 40054 0.000819788
35704 40535 40863 0.00918665
35609 40877 40526 -0.00985706
34933 40431 40348 -0.00237598
37143 41167 40979 -0.00506152
35716 41310 41091 -0.00613171
36634 42201 41958 -0.00663318
36624 40680 41197 0.0141164
35463 40674 40407 -0.00752897
37090 41667 41511 -0.00420599
35061 40630 40680 0.00142609
35975 40351 40424 0.00202919
36898 40676 40837 0.00436338
36385 41283 41221 -0.001704
36284 41666 41664 -5.51207e-05
35449 40016 39811 -0.00578296
34598 40024 39967 -0.00164749
35161 40359 40359 0
34589 39633 39736 0.00297783
35919 40508 40885 0.0104958
37512 42325 42325 0
36132 40935 40811 -0.00343186
35767 41833 41765 -0.00190119
35113 39534 39364 -0.00484151
33194 39629 39727 0.00295234
36438 41912 41940 0.000768429
36938 41294 41127 -0.00452109
33365 41104 41106 5.99431e-05
36361 41594 41594 0
36014 42166 41548 -0.01716
36057 40348 40649 0.00834789
34567 41321 41321 0
35964 40899 40535 -0.0101212
35356 41445 41445 0
36791 40665 40376 -0.00785518
34299 39636 39426 -0.00612263
34980 39936 39581 -0.0101487
35024 40224 40224 0
35769 40482 40502 0.000559143
35597 39440 39025 -0.0116583
37093 41449 41667 0.00587712
33239 39374 39391 0.000511447
36316 41303 41509 0.00567243
36336 41612 41478 -0.0036878
33207 39709 39481 -0.00686602
36112 40913 40736 -0.00490142
35801 40808 40858 0.00139661
36495 40481 40695 0.00586382
38835 42533 42583 0.0012875
35801 40237 40237 0
33591 39239 39473 0.00696615
36254 38953 39371 0.0115298
38076 40960 40960 0
34542 38902 38589 -0.00906143
35058 40080 39666 -0.011809
35778 41336 41455 0.00332607
35383 40394 40437 0.00121527
36987 42714 42714 0
33641 38851 38843 -0.000237805
34184 39780 39753 -0.000789843
34938 40147 40161 0.00040071
36721 41425 41425 0
35464 40421 40421 0
37046 40575 40727 0.00410301
37651 42214 42139 -0.00199198
34896 40637 40603 -0.000974324
37202 40456 40832 0.010107
36523 41657 41657 0
35353 40339 40379 0.00113145
34622 41006 41006 0
34832 39525 39788 0.00755053
36240 40878 40639 -0.00659492
33887 39856 39759 -0.00286245
35961 40059 39591 -0.0130141
35163 40285 40341 0.00159258
35415 39129 39377 0.00700268
33877 39997 40081 0.00247956
37195 41295 41163 -0.00354886
35466 41029 40805 -0.00631591
36701 40571 40555 -0.000435955
36225 40825 40825 0
37369 40823 40950 0.00339854
36063 40405 40227 -0.00493581
34620 40564 40245 -0.00921433
35141 40732 40732 0
35948 40004 40004 0
37437 41190 41190 0
35990 40857 40693 -0.00455682
35590 41233 41231 -5.61956e-05
36104 41650 41663 0.000360071
37763 42188 42125 -0.0016683
35309 40224 40194 -0.000849642
36804 42182 42183 2.7171e-05
34425 40118 40038 -0.00232389
35261 40800 40934 0.00380023
34005 40499 40417 -0.00241141
35455 39935 39957 0.000620505
37005 41096 41334 0.00643156
35316 40625 40651 0.00073621
36006 41071 41121 0.00138866
35225 40459 40330 -0.00366217
36466 41956 41583 -0.0102287
35943 40906 40924 0.000500793
35443 41130 41205 0.00211607
34631 40557 40525 -0.000924028
38379 42850 42746 -0.00270982
36961 42295 42192 -0.00278672
35298 40973 40771 -0.0057227
34787 41471 41179 -0.00839394
34434 39314 39314 0
34485 39132 38718 -0.0120052
36559 41114 41225 0.00303619
37035 41356 41367 0.000297016
36194 41331 41438 0.00295629
36079 42145 42215 0.00194019
37157 42401 42508 0.00287967
34808 41579 41629 0.00143645
34315 39994 40200 0.00600321
36166 40830 40666 -0.00453465
37421 41236 41013 -0.00595922
36484 40851 40599 -0.00690714
35824 40187 40269 0.00228897
36775 41208 41237 0.000788579
36019 40497 40545 0.00133263
36751 41413 41413 0
35378 39570 39656 0.00243089
35667 40468 40439 -0.000813077
36491 40031 40132 0.00276781
35696 40817 40720 -0.00271739
36165 41980 41218 -0.0210701
36903 41107 40813 -0.00796683
36630 40880 40896 0.0004368
37457 41917 41886 -0.000827616
35592 42278 42278 0
37182 40290 40572 0.00758431
34401 39561 39303 -0.00749978
35722 40688 40791 0.00288338
36911 40213 39951 -0.00709816
36090 40859 41176 0.0087836
35620 40902 40926 0.000673779
34146 39877 39855 -0.000644292
36585 40912 40832 -0.00218669
35963 41075 41038 -0.00102884
37165 41710 41751 0.00110319
38640 42914 42920 0.00015528
35477 40029 40008 -0.000591933
36568 41383 41501 0.00322687
36987 41996 41463 -0.0144105
34965 40162 40152 -0.000286
36493 41625 41448 -0.00485025
36315 42394 42394 0
37763 41393 41376 -0.000450176
35084 42462 42293 -0.00481701
38143 43376 43174 -0.00529586
34802 41498 41477 -0.000603414
35419 41048 41048 0
36180 40856 40822 -0.000939746
36169 39667 39674 0.000193536
36100 40816 40590 -0.00626039
34985 40223 40295 0.00205802
37391 40722 40687 -0.000936054
37399 41305 41305 0
36749 41115 40998 -0.00318376
34757 40013 39820 -0.00555284
35179 41129 40709 -0.0119389
34637 39579 39927 0.0100471
36132 40681 40779 0.00271228
37534 40472 40318 -0.00410295
34615 40591 40416 -0.00505561
36006 41374 41231 -0.00397156
34940 39939 39709 -0.00658271
34793 39992 40111 0.00342023
35930 40724 40889 0.00459226
34795 40327 40327 0
36572 41645 41587 -0.00158591
35338 41543 41542 -2.82981e-05
37626 41604 41604 0
35987 40587 40464 -0.0034179
37603 41469 41129 -0.00904183
34350 39791 39692 -0.0028821
37050 41735 41164 -0.0154116
36144 41139 41506 0.0101538
34750 39973 39973 0
37360 40709 40655 -0.0014454
37328 41407 41620 0.00570617
35941 40207 40544 0.00937648
36930 40428 40428 0
36110 40285 39994 -0.00805871
36355 41087 41439 0.0096823
36279 42194 41917 -0.00763527
36579 41693 41918 0.00615107
35555 40878 40844 -0.000956265
34875 40177 40177 0
36372 39326 39399 0.00200704
35711 40089 39898 -0.00534849
38291 42122 42200 0.00203703
35242 39769 39638 -0.00371716
35642 41096 40575 -0.0146176
34701 40378 40224 -0.00443791
34747 40151 40300 0.00428814
34944 40186 40210 0.000686813
35303 39845 39957 0.00317253
33638 40613 40507 -0.0031512
36549 41438 41438 0
35530 40110 40397 0.00807768
35505 41321 41467 0.0041121
33575 39455 39009 -0.0132837
37169 40849 40752 -0.0026097
36533 41517 41310 -0.00566611
37423 42022 42227 0.00547791
36419 40594 40584 -0.000274582
35117 41206 41156 -0.00142381
36331 40408 40408 0
36491 40266 39899 -0.0100573
35023 39766 39810 0.00125632
35736 39205 39662 0.0127882
36325 41200 41375 0.00481762
35152 40324 40249 -0.00213359
36555 40969 40795 -0.00475995
33750 40074 40118 0.0013037
36033 40665 40741 0.00210918
34954 40157 40157 0
35637 40933 40919 -0.00039285
35362 40676 40676 0
35264 42240 42163 -0.00218353
35825 40157 40299 0.00396371
34698 39782 39981 0.0057352
36208 41618 41530 -0.0024304
36566 41677 41834 0.00429361
34687 40722 40711 -0.000317122
37211 41107 41158 0.00137056
34700 39023 39551 0.0152161
35936 41059 41154 0.00264359
35152 40289 40282 -0.000199135
36748 40586 40595 0.000244911
36358 42393 42393 0
35425 40716 40413 -0.00855328
34565 39512 39549 0.00107045
36238 39482 39523 0.00113141
35207 39705 39706 2.84034e-05
33169 40536 40371 -0.00497452
35014 40874 40874 0
35628 39548 39695 0.00412597
35916 40896 40634 -0.0072948
35401 39489 39665 0.00497161
34880 39723 39779 0.0016055
35881 40715 40693 -0.000613138
35466 40981 40838 -0.00403203
34027 39967 39941 -0.000764099
36130 41795 41648 -0.00406864
35107 41055 41107 0.00148119
35512 40546 40376 -0.00478711
36472 41352 41517 0.00452402
35999 41076 41065 -0.000305564
35221 41536 41812 0.00783623
34891 39372 39431 0.00169098
35688 39937 40228 0.008154
36440 39481 39239 -0.00664105
33108 39698 39634 -0.00193307
36723 41617 41627 0.000272309
36287 41598 41458 -0.00385813
36648 42549 42620 0.00193735
35880 40257 40301 0.00122631
36528 41945 41476 -0.0128395
35328 40471 40403 -0.00192482
34325 39980 40013 0.000961398
37854 41921 41877 -0.00116236
35420 40435 40450 0.00042349
33611 39608 39366 -0.00720002
37771 42560 42855 0.00781022
36592 40173 40208 0.000956493
35997 40102 40081 -0.000583382
37023 42655 42660 0.000135051
35610 40591 40581 -0.00028082
34577 39034 39154 0.00347052
33710 39527 39527 0
35477 40490 40585 0.00267779
34575 41326 41167 -0.0045987
35311 40331 40269 -0.00175583
36198 42171 42100 -0.00196143
35941 41111 41295 0.0051195
37075 41401 41440 0.00105192
34371 39830 39751 -0.00229845
33427 39827 39827 0
36202 40952 41009 0.0015745
35408 40861 40628 -0.00658043
34192 41115 41115 0
35223 40318 40629 0.00882946
35787 41304 40896 -0.0114008
35853 41323 40980 -0.00956684
37560 41044 41103 0.00157082
36975 40762 40967 0.00554429
37051 41217 41401 0.00496613
34746 39580 39335 -0.00705117
34977 41560 41430 -0.00371673
34274 39154 39266 0.00326778
35737 41328 40725 -0.0168733
34902 41025 41025 0
36659 40884 40917 0.000900188
35877 41430 41384 -0.00128216
33843 38760 38719 -0.00121148
34002 39185 39325 0.0041174
35550 40560 41082 0.0146835
35052 39066 39383 0.00904371
35134 40265 40265 0
35370 40376 40475 0.00279898
36555 40342 40193 -0.00407605
36504 40590 40590 0
34644 40848 40936 0.00254012
35368 40508 40561 0.00149853
36248 41254 41243 -0.000303465
34643 40744 40413 -0.0095546
35625 40742 40755 0.000364912
36684 41663 41561 -0.0027805
35837 41911 41915 0.000111616
36900 41672 41715 0.00116531
35050 39597 39653 0.00159772
35370 40569 40555 -0.000395816
35556 40256 40388 0.00371245
34936 40875 40883 0.00022899
34760 39847 39926 0.00227273
36113 40433 40175 -0.00714424
35658 40714 40714 0
36141 40450 40270 -0.00498049
35245 41591 41206 -0.0109235
36024 40121 40018 -0.0028592
35812 39677 39677 0
35176 40149 39941 -0.00591312
34823 38554 38330 -0.00643253
34161 40691 40964 0.00799157
35367 40253 40253 0
37747 41628 41710 0.00217236
36291 41208 41208 0
36224 41286 40983 -0.00836462
37532 41276 41138 -0.00367686
36733 42241 42241 0
37836 42997 42793 -0.00539169
36185 41804 41695 -0.0030123
35278 40051 40143 0.00260786
34585 40665 40557 -0.00312274
35720 41630 41562 -0.0019037
36261 39271 39236 -0.000965224
35506 39951 39991 0.00112657
35660 40852 40904 0.00145822
36410 40155 40519 0.00999725
36480 40536 40401 -0.00370066
35773 40878 40889 0.000307494
36053 42168 42163 -0.000138685
35373 40439 40586 0.00415571
34599 39471 39601 0.00375733
33561 40238 40297 0.00175799
36259 41562 41167 -0.0108938
32882 38486 38659 0.00526124
36314 40880 40880 0
36277 40860 40675 -0.00509965
36371 41807 41933 0.0034643
35788 40074 40080 0.000167654
36797 40747 40660 -0.00236432
36244 41415 41331 -0.00231762
33812 40274 39963 -0.00919792
35275 40241 40397 0.0044224
38146 42521 42539 0.000471871
35660 40687 40596 -0.00255188
34800 40185 40040 -0.00416667
36002 40980 41365 0.0106939
35244 41022 41212 0.00539099
34312 41291 41291 0
34298 39772 39948 0.00513149
36009 39904 39962 0.00161071
35295 40781 40777 -0.000113331
36944 41544 41636 0.00249026
36093 39639 39689 0.00138531
33580 39875 39967 0.00273973
35860 42210 42146 -0.00178472
35878 40624 40519 -0.00292658
35502 40931 40931 0
36980 40790 40705 -0.00229854
36762 41571 41633 0.00168652
36051 41309 41462 0.00424399
36150 40736 40736 0
36688 41557 41736 0.00487898
35434 40588 40676 0.00248349
37145 41171 40847 -0.00872257
37081 41394 41022 -0.0100321
33923 38787 38560 -0.00669163
34405 39844 39547 -0.00863247
36675 41815 41815 0
35021 40084 40212 0.00365495
37665 41523 41197 -0.00865525
36689 40593 40409 -0.00501513
36958 41889 41889 0
35134 41610 41040 -0.0162236
35294 39853 39914 0.00172834
36624 41350 41325 -0.000682612
37576 41126 41547 0.011204
37638 42794 42794 0
36637 40825 40447 -0.0103174
34832 41515 41668 0.00439251
36621 41304 41320 0.000436908
36808 40484 40406 -0.0021191
35690 41481 41575 0.00263379
35537 41597 41649 0.00146326
36026 40852 40652 -0.00555155
37516 40770 41107 0.00898283
37018 40226 40281 0.00148576
37742 42247 42192 -0.00145726
35599 40937 41103 0.00466305
35721 41098 40938 -0.00447916
36596 41712 41712 0
36764 40910 41071 0.00437928
36283 40162 40062 -0.00275611
36785 41111 41276 0.00448552
36104 41071 41071 0
38026 42438 42039 -0.0104928
35053 40188 39929 -0.00738881
35074 39756 39756 0
35869 41912 41826 -0.00239761
35929 41178 41047 -0.00364608
36495 41698 41823 0.00342513
33368 39471 39415 -0.00167825
39124 41862 41986 0.00316941
36023 40125 40164 0.00108264
34973 40749 40702 -0.00134389
34399 39775 39813 0.00110468
36586 40815 40800 -0.000409993
36110 40536 40245 -0.00805871
34608 39423 39568 0.00418978
35650 41300 41400 0.00280505
37464 42253 42411 0.00421738
37606 41032 40674 -0.00951976
35046 40254 40087 -0.00476517
36815 41341 41525 0.00499796
35795 41012 41310 0.00832519
35743 40166 40127 -0.00109112
37172 42590 42576 -0.000376628
35886 41094 40524 -0.0158836
35269 40153 40210 0.00161615
38295 43731 43731 0
36934 41625 41873 0.00671468
36909 42462 42400 -0.00167981
36116 40414 40171 -0.00672832
34960 40612 40463 -0.00426201
37061 41566 41566 0
37787 41470 41568 0.00259348
35361 40855 41212 0.0100959
35113 40581 40548 -0.000939823
36848 39771 39716 -0.00149262
35421 40662 40870 0.00587222
34035 41325 41160 -0.00484795
38227 41803 41735 -0.00177885
35465 39429 38962 -0.0131679
35453 41326 41326 0
36307 40786 40772 -0.000385601
33829 39782 39501 -0.00830648
36405 41029 40768 -0.00716934
35272 39220 39288 0.00192787
35582 40835 40798 -0.00103985
35562 40858 40578 -0.00787357
