32804 35335 35393 0.00176808
31771 35282 35153 -0.00406031
33114 36130 36093 -0.00111735
32880 35768 35857 0.00270681
32686 36441 35936 -0.01545
32230 35957 35827 -0.00403351
33580 36824 36820 -0.000119119
33373 36072 35903 -0.00506397
33374 35863 35952 0.00266675
32021 35481 35481 0
32583 36167 36141 -0.000797962
32706 35976 35964 -0.000366905
31978 34882 34910 0.000875602
32605 36009 36283 0.00840362
32680 35866 35923 0.00174419
32545 35938 36010 0.00221232
34383 36620 36546 -0.00215223
33085 36810 36810 0
31990 34937 34979 0.00131291
33093 36043 35968 -0.00226634
32777 36300 36112 -0.00573573
33352 36287 36380 0.00278844
31566 34650 34716 0.00209086
32746 35947 35961 0.000427533
33151 35450 35411 -0.00117644
32395 36451 36451 0
33094 36425 36346 -0.00238714
33263 36485 36616 0.00393831
32499 36583 36583 0
32701 35899 35866 -0.00100914
33001 36697 36852 0.00469683
32113 35483 35359 -0.00386136
32863 36474 36454 -0.000608587
32720 35280 35306 0.000794621
32005 35725 35536 -0.00590533
31652 36293 36262 -0.000979401
32896 36329 36214 -0.00349587
32849 36699 36507 -0.00584493
32392 36006 35961 -0.00138923
32102 36153 36215 0.00193134
33484 37404 37242 -0.00483813
32555 35622 35569 -0.00162801
33322 36667 36540 -0.0038113
33311 36424 36444 0.000600402
32750 35669 35412 -0.00784733
34062 36917 36917 0
33508 36114 36152 0.00113406
33274 36928 36634 -0.00883573
33234 36544 36864 0.00962869
32507 35434 35434 0
31719 35773 35809 0.00113497
32443 35795 35795 0
31824 35140 35105 -0.0010998
32987 35825 35807 -0.00054567
32822 36392 36400 0.000243739
32941 35698 35797 0.00300537
32347 36241 36226 -0.000463722
33543 36509 36546 0.00110306
32887 36198 36260 0.00188524
32304 35950 35910 -0.00123824
32494 35778 35778 0
33131 35251 35213 -0.00114696
32290 35552 35503 -0.0015175
33588 35982 35914 -0.00202453
32321 35320 35112 -0.00643544
33213 36221 36248 0.000812935
32687 36309 36309 0
32741 36349 36349 0
32166 35254 35138 -0.00360629
33598 36069 36247 0.00529793
32033 36195 36289 0.00293447
31893 35623 35523 -0.00313548
31630 36625 36616 -0.00028454
32605 36034 36026 -0.000245361
32062 35463 35407 -0.00174662
32028 35301 35327 0.00081179
31999 36025 36025 0
31924 36204 36235 0.000971056
33023 36692 36747 0.00166551
33626 36823 36834 0.000327128
31822 35151 35153 6.28496e-05
32366 35825 35753 -0.00222456
31794 35329 35340 0.000345977
31967 35196 35186 -0.000312823
33390 36395 36451 0.00167715
32860 36375 36375 0
32337 35504 35504 0
33277 36875 36936 0.0018331
33376 35934 35881 -0.00158797
34444 36749 36689 -0.00174196
33456 37449 37591 0.00424438
32308 35916 35903 -0.000402377
32853 36384 36159 -0.00684869
32317 35664 35851 0.00578643
32684 36103 36113 0.00030596
31508 35724 35634 -0.00285642
32393 35467 35096 -0.0114531
32983 36651 36651 0
31965 36435 36517 0.00256531
32352 35136 34991 -0.00448195
32893 36140 36139 -3.04016e-05
32785 36258 36241 -0.00051853
33335 36799 36897 0.00293985
32839 35685 35575 -0.00334968
32603 35925 35925 0
32970 36993 36764 -0.00694571
32910 35581 35666 0.0025828
32406 36908 36893 -0.000462877
32469 35997 35997 0
32851 36116 36114 -6.08809e-05
33464 36282 36181 -0.00301817
32283 35134 35144 0.000309761
32168 37127 37127 0
32418 35617 35789 0.00530569
32351 35451 35425 -0.000803685
32652 35303 35327 0.000735024
32194 35809 35723 -0.00267131
32678 36523 36651 0.00391701
32595 36383 36506 0.00377358
32424 35383 35417 0.00104861
31981 36293 36293 0
32777 35923 35721 -0.00616286
32528 36621 36621 0
30615 35413 35471 0.0018945
33014 36129 35968 -0.00487672
31956 35583 35731 0.00463137
32180 35177 35411 0.0072716
32659 36150 36100 -0.00153097
33937 36042 36192 0.00441995
32154 36441 36158 -0.00880139
32403 36255 36410 0.00478351
33250 36449 36421 -0.000842105
32263 35766 35701 -0.00201469
32613 35981 35977 -0.00012265
32245 35888 36345 0.0141727
32937 35350 35368 0.000546498
33176 36340 36351 0.000331565
32150 36669 36417 -0.00783826
31739 35225 35394 0.00532468
32020 36329 36258 -0.00221736
32050 36022 35676 -0.0107956
32032 35133 35102 -0.000967782
30972 34735 34762 0.000871755
32094 35727 35776 0.00152677
33314 35962 35968 0.000180104
32886 36163 36100 -0.00191571
32712 36036 36229 0.00589998
31721 34839 34755 -0.00264809
31991 36304 36110 -0.00606421
32005 35171 35124 -0.00146852
31504 35859 35578 -0.0089195
31711 35545 35599 0.00170288
32227 35193 35245 0.00161355
31261 35030 35147 0.00374268
32675 35907 35926 0.000581484
32477 35531 35520 -0.000338701
31405 35319 35504 0.00589078
32419 35636 35454 -0.00561399
33085 36265 36132 -0.00401995
31265 35166 35168 6.39693e-05
32956 36228 36193 -0.00106202
33060 36935 36884 -0.00154265
32287 35740 35740 0
31989 36023 35953 -0.00218825
32291 35961 35961 0
32751 36257 36234 -0.000702269
32350 36105 36062 -0.00132921
33037 36938 36938 0
32855 36643 36613 -0.000913103
33328 36067 36167 0.00300048
32815 35600 35508 -0.0028036
32709 36787 36739 -0.00146749
33070 35779 35824 0.00136075
31206 35181 35070 -0.00355701
33366 36513 36463 -0.00149853
32945 36269 36308 0.00118379
32703 36392 36361 -0.000947925
32248 35427 35427 0
32490 35912 35912 0
32664 35822 35822 0
32577 36284 36202 -0.00251711
32227 36295 36258 -0.00114811
33467 36044 35672 -0.0111154
32545 36141 36141 0
33811 37198 36655 -0.0160599
34107 36957 36957 0
31984 35463 35418 -0.00140695
31542 34915 34938 0.000729186
32248 35907 35779 -0.00396924
33189 37212 37127 -0.00256109
32283 36258 36299 0.00127002
30940 35886 35743 -0.00462185
32107 35410 35532 0.00379979
34334 36700 36626 -0.0021553
33673 36565 36565 0
32478 35666 35666 0
31969 35817 35817 0
31614 34754 34766 0.000379579
31883 35470 35429 -0.00128595
32137 35258 35226 -0.000995737
33654 36808 36882 0.00219885
31981 35904 35871 -0.00103186
33331 35568 35599 0.000930065
31930 36279 36180 -0.00310053
33460 36140 36173 0.000986252
31525 35613 35613 0
32653 36270 35751 -0.0158944
32535 35811 35811 0
31196 34802 35159 0.0114438
32434 35386 35221 -0.00508725
31325 34420 34430 0.000319234
32652 37264 37310 0.0014088
33607 36141 36050 -0.00270777
32547 37043 37061 0.000553046
33351 36426 36410 -0.000479746
31894 35237 35383 0.00457766
32282 35890 35920 0.00092931
32818 36131 36174 0.00131026
32238 36217 36119 -0.00303989
33338 36875 36712 -0.00488932
32510 36516 36491 -0.000768994
32595 35144 35383 0.00733241
34294 37741 37688 -0.00154546
30804 34426 34426 0
32866 36594 36643 0.0014909
32370 36077 35895 -0.00562249
32187 35697 35714 0.000528164
32186 35780 35780 0
32016 35840 35868 0.000874563
32650 35558 35541 -0.000520674
33460 36220 36318 0.00292887
32577 36558 36405 -0.00469657
32697 37309 37315 0.000183503
32665 35299 35140 -0.0048676
32065 35852 35847 -0.000155933
32042 35165 34807 -0.0111728
32973 35946 35946 0
32220 36316 36392 0.00235878
32522 36347 36354 0.000215239
34192 36478 36514 0.00105288
32033 35092 34901 -0.0059626
32435 36124 35998 -0.00388469
32023 35201 35037 -0.00512132
31504 35037 35224 0.00593575
33156 37008 36933 -0.00226203
33063 36716 36821 0.00317576
31417 35624 35439 -0.00588853
31620 35482 35462 -0.000632511
31975 35869 35826 -0.0013448
33005 35597 35605 0.000242388
32625 35500 35580 0.00245211
32707 36103 36086 -0.000519766
31865 35949 36085 0.00426801
31469 34847 34965 0.00374972
32459 35287 35047 -0.00739394
33057 36625 36441 -0.00556614
33212 36689 36568 -0.00364326
33329 36440 36416 -0.000720094
31750 36181 35916 -0.00834646
32348 35761 35810 0.00151478
32181 35773 35580 -0.00599733
32787 36368 36315 -0.00161649
31972 35638 35696 0.00181409
31154 35390 35137 -0.00812095
33675 37234 37172 -0.00184113
32004 35852 35814 -0.00118735
32230 35909 35872 -0.001148
32007 35137 35051 -0.00268691
32635 35582 35810 0.00698636
31707 35029 34803 -0.00712776
33175 36488 36435 -0.00159759
32065 35475 35475 0
32135 35335 35463 0.0039832
32608 36437 36427 -0.000306673
33616 36730 36906 0.0052356
33473 36360 36403 0.00128462
32866 36089 35975 -0.00346863
31166 34710 34767 0.00182892
32542 36651 36683 0.000983345
32536 35880 35755 -0.0038419
32811 36343 36312 -0.000944805
31874 34957 34734 -0.0069963
32799 35541 35610 0.00210372
32707 35701 35552 -0.0045556
32128 35608 35769 0.00501121
31893 36063 36063 0
32362 35200 35200 0
33016 37002 37008 0.00018173
32826 36236 36070 -0.00505697
33033 35987 35801 -0.00563073
32433 36398 36313 -0.00262079
32626 36003 36148 0.00444431
32429 35570 35636 0.00203522
32291 35734 35585 -0.00461429
32657 36091 36057 -0.00104112
32964 35920 36054 0.00406504
33647 36871 36957 0.00255595
31715 35427 35603 0.00554942
33415 36849 36816 -0.00098758
33578 37072 36935 -0.00408005
32390 35336 35426 0.00277864
32234 36591 36478 -0.00350562
32556 35940 35578 -0.0111193
32421 36767 36710 -0.00175812
31704 34796 34669 -0.0040058
32432 36200 36297 0.00299087
32781 36173 36173 0
32025 35802 35796 -0.000187354
31824 35277 35356 0.0024824
32196 35404 35370 -0.00105603
32957 36725 36738 0.000394453
32409 35402 35208 -0.00598599
32266 35372 35498 0.00390504
32536 36582 36385 -0.00605483
32704 35207 35283 0.00232387
32187 36156 36156 0
32642 36102 36102 0
32219 35339 35282 -0.00176914
32538 35382 35499 0.0035958
31954 35134 34931 -0.00635288
31813 34766 34660 -0.00333197
31451 34921 34919 -6.3591e-05
32878 36691 36759 0.00206825
33073 35670 35831 0.00486802
33490 36318 36216 -0.00304569
32565 35548 35514 -0.00104407
32462 35876 35774 -0.00314214
32255 35490 35690 0.00620059
31941 35400 35409 0.00028177
32528 35752 35748 -0.000122971
31939 35272 35327 0.00172203
32213 36185 36195 0.000310434
32195 35467 35522 0.00170834
32756 36601 36594 -0.000213701
30986 35048 35131 0.00267863
31844 36107 36163 0.00175857
31894 35771 35897 0.00395059
33165 36950 36827 -0.00370873
31712 35842 35846 0.000126135
33246 36655 36700 0.00135355
31971 35572 35485 -0.00272122
33009 35872 35669 -0.00614984
31736 36400 36415 0.000472649
32037 35754 35747 -0.000218497
32187 35866 35866 0
33031 36385 36766 0.0115346
32644 36368 36205 -0.00499326
31428 35627 35698 0.00225913
32405 35332 35135 -0.00607931
33393 36001 35988 -0.000389303
32763 36450 36357 -0.00283857
32834 36059 36160 0.00307608
32101 35371 35382 0.000342668
31073 35867 35695 -0.00553535
32598 35777 35659 -0.00361985
32679 37031 37133 0.00312127
32491 35477 35477 0
32271 36463 36435 -0.000867652
31807 35127 35026 -0.0031754
31507 35913 35772 -0.0044752
32391 35816 35810 -0.000185237
32744 36008 36069 0.00186294
32758 36281 36177 -0.0031748
33013 36273 36397 0.0037561
33148 36321 36315 -0.000181006
33172 36218 36279 0.0018389
32768 35579 35518 -0.00186157
33743 36447 36447 0
32104 35527 35564 0.0011525
34114 36518 36427 -0.00266753
34514 36648 36443 -0.00593962
32048 35374 35080 -0.00917374
32979 36284 36151 -0.00403287
33180 36789 36943 0.00464135
33154 37104 37245 0.00425288
32163 36243 35873 -0.0115039
33760 36536 36125 -0.0121742
33141 35896 35870 -0.000784527
32630 36185 36185 0
32831 36484 36580 0.00292407
31181 36111 35899 -0.00679901
31474 35881 35462 -0.0133126
31835 35853 36006 0.00480603
33484 36558 36552 -0.00017919
31456 35740 35734 -0.000190743
31345 35814 35814 0
32267 35944 36068 0.00384294
31312 35999 35950 -0.0015649
32868 35947 35940 -0.000212973
34402 37268 37217 -0.00148247
31881 35735 35900 0.0051755
33068 36706 36744 0.00114915
32693 35491 35661 0.00519989
32710 36761 36826 0.00198716
33002 37024 36900 -0.00375735
32239 35395 35374 -0.000651385
33854 36055 36009 -0.00135878
30935 35828 35744 -0.00271537
32513 35836 35631 -0.00630517
31565 36403 36419 0.000506891
31357 35286 35243 -0.0013713
32816 35555 35532 -0.000700878
31706 35338 35343 0.000157699
32341 35936 36011 0.00231904
33080 36159 36159 0
31671 35143 35482 0.0107038
32045 35536 35389 -0.0045873
32554 36685 36439 -0.00755668
32911 36915 36915 0
31731 35645 35476 -0.00532602
31756 35760 35796 0.00113364
31494 35130 35127 -9.52562e-05
32442 35804 35645 -0.00490105
31967 36347 36331 -0.000500516
33324 35550 35550 0
33292 36438 36438 0
32666 37193 37138 -0.00168371
31922 35414 35677 0.00823883
31305 36341 36360 0.000606932
31342 34531 34469 -0.00197818
33097 35804 35703 -0.00305164
31907 37147 37282 0.00423105
33028 36478 36478 0
32900 36002 35863 -0.00422492
33210 36284 36463 0.00538994
32962 36125 36357 0.00703841
32109 36494 36470 -0.000747454
33724 36462 36528 0.00195706
32107 35533 35738 0.0063849
32781 35849 35973 0.00378268
32450 35638 35485 -0.00471495
33824 36683 36916 0.0068886
32616 36368 36242 -0.00386313
31903 35282 35282 0
31474 35186 35199 0.000413039
32540 36176 36167 -0.000276583
31638 34977 34917 -0.00189645
32404 35875 35875 0
32787 35503 35471 -0.000975997
33079 36940 36922 -0.000544152
32439 35286 35362 0.00234286
32148 35459 35410 -0.0015242
32480 35782 35671 -0.00341749
32034 36145 36067 -0.00243491
32530 35809 35812 9.22226e-05
32574 36716 36789 0.00224105
32749 35947 35950 9.16059e-05
32033 35741 35495 -0.00767958
31654 35469 35287 -0.00574967
33018 36525 36630 0.00318008
31981 36944 36878 -0.00206373
32950 35989 35993 0.000121396
32506 35625 35693 0.00209192
32346 36353 36192 -0.00497743
32959 36442 36588 0.00442975
33962 36536 36492 -0.00129557
33415 36672 36540 -0.00395032
32290 35829 35829 0
32989 35852 35872 0.000606263
33959 36765 36699 -0.00194352
33809 35926 35990 0.00189299
33262 36064 35927 -0.00411881
32529 35855 35812 -0.0013219
32771 36199 36199 0
32756 36296 36392 0.00293076
34134 37093 36415 -0.0198629
32957 36763 36745 -0.000546166
32054 35729 35730 3.11974e-05
32480 36397 36569 0.00529557
33523 36501 36501 0
32952 36386 36193 -0.005857
32177 35371 35436 0.00202008
32341 35349 35386 0.00114406
33251 36557 36600 0.00129319
31162 35198 35198 0
31910 36113 36049 -0.00200564
32361 36005 36062 0.00176138
32999 35302 35284 -0.000545471
33473 36492 36145 -0.0103666
33848 35619 35865 0.00726779
33396 36521 36534 0.000389268
33108 35600 35588 -0.00036245
33592 36403 36596 0.00574542
32159 35555 35288 -0.0083025
33427 36176 36437 0.00780806
32761 37024 37041 0.00051891
32275 35361 35250 -0.00343919
33216 36422 36430 0.000240848
32108 35691 35584 -0.0033325
32726 36061 35887 -0.00531687
32149 36024 35914 -0.00342157
32753 35457 35785 0.0100143
32819 35607 35607 0
33480 36396 36386 -0.000298686
31965 35440 35730 0.00907242
31466 34949 35064 0.00365474
32394 36309 36368 0.00182132
32592 36459 36411 -0.00147275
33156 35793 35839 0.00138738
32282 35931 36125 0.00600954
32844 35604 35604 0
33187 35789 36000 0.00635791
33745 36311 36554 0.00720107
32139 34712 34531 -0.00563179
31765 35532 35254 -0.00875177
32497 35158 35202 0.00135397
34345 37170 37159 -0.00032028
31929 35554 35772 0.00682765
33205 36489 36638 0.00448728
32871 36720 36720 0
31863 34478 34330 -0.00464489
31440 35389 35389 0
33414 36522 36312 -0.00628479
32596 35862 35630 -0.00711744
32994 36194 36031 -0.00494029
32980 36480 35867 -0.018587
32673 35867 35794 -0.00223426
33021 36755 36641 -0.00345235
33407 36091 35646 -0.0133206
32793 36148 36049 -0.00301894
31813 35146 35117 -0.000911577
32226 35377 35488 0.00344442
32351 35850 35601 -0.00769683
33149 36127 36139 0.000362002
32473 35384 35384 0
32373 34663 34527 -0.00420103
32157 35653 35653 0
33535 35752 35918 0.00495005
30932 35812 35808 -0.000129316
32993 36513 36694 0.00548601
32312 35811 35784 -0.000835603
32738 36541 36294 -0.00754475
33019 36983 36983 0
32146 34935 34938 9.33242e-05
31651 35410 35394 -0.000505513
32173 36129 35962 -0.00519069
33248 36506 36511 0.000150385
31990 35887 35846 -0.00128165
31728 35038 34883 -0.00488527
33747 36173 36209 0.00106676
34001 36773 36906 0.00391165
31613 34819 34988 0.0053459
32000 35119 35117 -6.25e-05
31569 35595 35607 0.00038012
32547 35698 35669 -0.000891019
32164 35752 35611 -0.00438378
33312 36486 36492 0.000180115
31875 35670 35719 0.00153725
33154 36327 36298 -0.000874706
33925 36757 36646 -0.00327192
32892 35721 35847 0.00383072
33020 36394 36339 -0.00166566
32130 35762 35217 -0.0169623
33410 35729 35974 0.00733313
33486 35810 35699 -0.00331482
32753 35914 35925 0.000335847
33404 36980 36978 -5.98731e-05
33053 35331 35431 0.00302544
31101 35295 35301 0.00019292
33380 35739 35651 -0.00263631
31697 35476 35468 -0.00025239
33998 35808 35917 0.00320607
33488 37009 36949 -0.00179169
32629 36161 36153 -0.000245181
32788 36776 36942 0.00506283
31877 34861 34748 -0.00354488
31929 35791 35919 0.00400889
33347 36444 36198 -0.00737698
32381 35507 35571 0.00197647
31180 36105 36058 -0.00150738
32874 36327 36367 0.00121677
31894 36689 36264 -0.0133254
32617 35530 35494 -0.00110372
31781 36424 36366 -0.00182499
32060 35060 35360 0.00935745
33181 36843 36840 -9.04132e-05
32876 35877 35946 0.0020988
31281 35607 35560 -0.00150251
32812 35744 35823 0.00240766
32703 36051 36037 -0.000428095
32684 35519 35554 0.00107086
32671 35764 35816 0.00159163
33759 36947 36917 -0.000888652
31609 35023 34893 -0.00411275
32788 36457 36464 0.000213493
32739 35746 35787 0.00125233
31385 36026 36048 0.000700972
31542 35152 35182 0.000951113
32747 36267 36253 -0.00042752
32922 35670 35670 0
34206 37447 37413 -0.000993978
32362 35289 35334 0.00139052
30668 35017 35084 0.00218469
32498 35129 35106 -0.000707736
34918 37565 37564 -2.86385e-05
31184 34914 34940 0.000833761
32016 35663 35663 0
32454 36467 36491 0.000739508
33096 35493 35493 0
32752 36398 35850 -0.0167318
30580 34278 34347 0.00225638
31445 35403 35380 -0.000731436
32425 35841 35841 0
31984 35596 35523 -0.00228239
32788 36072 35936 -0.00414786
33339 35906 35913 0.000209964
32593 36134 36226 0.00282269
32125 36152 36141 -0.000342412
32559 35259 35237 -0.000675696
32553 36659 36560 -0.00304119
32712 35909 36001 0.00281242
32239 36355 36355 0
32287 35791 35719 -0.00223
32757 35670 35670 0
30624 35863 35863 0
32585 35735 35466 -0.00825533
32558 36109 36133 0.000737146
32566 35330 35330 0
31823 35512 35431 -0.00254533
33694 36393 36229 -0.00486734
32709 35801 35489 -0.00953866
33452 35992 35992 0
32886 36297 36331 0.00103387
32805 35578 35634 0.00170706
31549 34828 34978 0.00475451
31718 35318 35231 -0.00274292
32214 35464 35356 -0.00335258
32341 35268 35292 0.000742092
33166 36142 36123 -0.000572876
33183 36263 36448 0.00557514
32369 36130 36039 -0.00281133
32591 36090 36243 0.00469455
33336 36422 36455 0.000989921
32554 36289 36317 0.000860109
33997 36569 36138 -0.0126776
31806 36185 36215 0.000943218
32394 35739 35723 -0.000493919
31919 36353 35925 -0.0134089
32620 35809 35803 -0.000183936
33530 35982 35867 -0.00342976
32054 35936 35836 -0.00311974
32735 35719 35710 -0.000274935
32184 35258 35184 -0.00229928
32582 36420 36420 0
32437 35920 35909 -0.000339119
32442 36075 36052 -0.000708958
32674 36132 36106 -0.00079574
33860 36952 36952 0
32843 36590 36557 -0.00100478
33085 36102 36136 0.00102766
31900 35823 35739 -0.00263323
32165 35083 35032 -0.00158557
31862 36044 35975 -0.00216559
32576 35925 35893 -0.000982318
34200 37450 37446 -0.000116959
32106 35527 35300 -0.00707033
33607 37208 37253 0.00133901
32494 36999 36610 -0.0119714
31510 36706 36671 -0.00111076
31775 35417 35403 -0.000440598
33421 36238 36261 0.00068819
33332 36298 36141 -0.00471019
32868 35855 35765 -0.00273823
32138 35956 35817 -0.0043251
32921 36442 36442 0
32412 35728 35550 -0.00549179
32780 36077 36102 0.00076266
32506 35274 35172 -0.00313788
32498 35367 35323 -0.00135393
32409 35869 35916 0.00145021
32554 36257 36241 -0.000491491
32460 35934 35673 -0.00804067
32671 35933 35933 0
32378 36402 36400 -6.17703e-05
33563 36903 36892 -0.000327742
32596 36850 36510 -0.0104307
33243 36281 36243 -0.0011431
32451 34692 34726 0.00104773
33143 35839 35869 0.000905169
32764 36140 35500 -0.0195336
32445 36493 36288 -0.00631838
33152 35756 35743 -0.000392133
31304 34617 34425 -0.0061334
33161 36315 36171 -0.00434245
32936 36048 36036 -0.000364343
33602 36888 36888 0
33315 36023 36144 0.003632
32594 35881 35853 -0.000859054
33126 35876 35839 -0.00111695
33153 36380 36580 0.00603264
31608 35870 35874 0.00012655
32898 36108 36074 -0.0010335
32829 36598 36469 -0.00392945
32663 35797 35685 -0.00342896
32795 36973 36844 -0.00393353
34317 37216 37261 0.0013113
32096 37319 37331 0.000373878
32529 36208 35731 -0.0146638
33229 35524 35686 0.00487526
32315 35135 35189 0.00167105
32604 35861 35571 -0.00889461
31956 35877 36078 0.0062899
33435 35781 35582 -0.00595185
33216 35991 36045 0.00162572
32418 36047 36270 0.00687889
31811 35994 35957 -0.00116312
33329 36215 36290 0.00225029
31336 35001 35045 0.00140414
32512 36451 36451 0
33660 35795 35557 -0.00707071
32296 35585 35816 0.00715259
33039 36713 36825 0.00338993
31862 35449 35441 -0.000251083
31994 36019 36096 0.0024067
32083 36103 36124 0.000654552
32229 35966 35891 -0.0023271
33178 36280 36374 0.0028332
31895 36552 36579 0.000846528
33280 35703 35808 0.00315505
32821 35542 35935 0.011974
33327 36772 36635 -0.00411078
31538 35934 35924 -0.000317078
32848 36741 36761 0.000608865
33224 37082 37082 0
32030 35148 35148 0
33021 35330 35330 0
34129 37477 37564 0.00254915
33571 36073 36092 0.000565965
32315 35944 35975 0.000959307
32427 35944 35987 0.00132606
33282 36403 36237 -0.00498768
33004 36361 36389 0.000848382
33523 36614 36627 0.000387793
32579 35640 35731 0.00279321
32082 35481 35367 -0.00355339
32371 35360 35316 -0.00135924
32009 35497 35493 -0.000124965
33686 36280 36368 0.00261236
32397 35719 35692 -0.000833411
32093 36049 35991 -0.00180725
32459 35880 35763 -0.00360455
32484 35854 35861 0.000215491
32373 36425 36267 -0.00488061
32353 35758 35771 0.000401817
31262 35740 35498 -0.00774103
32290 36100 36210 0.00340663
32161 35242 35255 0.000404216
33010 36879 36723 -0.00472584
30490 34822 34822 0
33637 36226 36306 0.00237833
31147 35760 35702 -0.00186214
33552 36283 36189 -0.00280162
33065 36069 35954 -0.003478
32229 35475 35502 0.000837755
32770 36055 36078 0.000701861
32431 34992 34979 -0.000400851
32806 35691 35819 0.00390173
33180 35429 35417 -0.000361664
33279 36335 36440 0.00315514
32979 36244 36250 0.000181934
32243 35640 35888 0.00769159
31871 35213 35226 0.000407894
32640 35194 35194 0
31930 35527 35528 3.13185e-05
31633 35692 35607 -0.00268707
32011 36150 36225 0.00234294
33021 36848 36978 0.00393689
32330 34957 35173 0.0066811
32032 36083 36283 0.00624376
32884 37213 37052 -0.004896
33505 36681 36690 0.000268617
32522 36093 36093 0
33433 35704 35742 0.0011366
32182 34843 34763 -0.00248586
31928 36293 36379 0.00269356
31829 35865 35655 -0.00659776
32530 35506 35482 -0.000737781
33039 36837 36837 0
31603 35679 35623 -0.00177198
30662 34910 35015 0.00342443
32621 35034 34949 -0.00260568
32897 35408 35382 -0.000790346
31149 35858 35965 0.0034351
32176 36220 36200 -0.000621581
32676 35553 35390 -0.00498837
32588 36233 36289 0.00171842
32186 35125 35024 -0.00313801
31913 35201 34934 -0.0083665
32814 35924 36001 0.00234656
31992 35543 35504 -0.00121905
31465 35395 35395 0
31875 35489 35529 0.0012549
31946 35853 35853 0
32746 35866 35927 0.00186282
32556 36571 36673 0.00313306
31901 35933 35933 0
31747 35577 35821 0.00768577
32361 35030 35030 0
31901 35459 35647 0.00589323
32517 35659 35684 0.000768829
31414 35502 35440 -0.00197364
33681 37516 37516 0
32183 36107 36097 -0.000310723
32795 36896 36908 0.000365909
32365 35759 35569 -0.00587054
33155 36304 36158 -0.00440356
32794 35857 35987 0.00396414
31512 35361 35350 -0.000349073
33249 35918 36004 0.00258654
32484 35795 35814 0.000584903
31510 35097 34858 -0.00758489
33835 36694 36749 0.00162554
33047 36357 36148 -0.00632433
32908 36075 36042 -0.0010028
32864 36785 36785 0
32759 36278 36318 0.00122104
31884 35986 35986 0
31165 35859 35786 -0.00234237
32061 35655 35655 0
32493 36268 36297 0.0008925
31755 35214 35150 -0.00201543
32698 36388 36442 0.00165148
33182 36413 36422 0.000271231
33754 36869 36820 -0.00145168
32140 35963 35673 -0.00902302
31885 35392 35132 -0.0081543
33870 36680 36680 0
32790 35536 35675 0.0042391
32049 35919 35826 -0.00290181
32591 35937 35937 0
31833 35381 35325 -0.00175918
32061 36141 35786 -0.0110726
32790 36218 36264 0.00140287
33174 36332 36326 -0.000180865
33042 36502 36383 -0.00360148
32416 35438 35264 -0.00536772
32370 36555 36293 -0.00809391
32365 35263 35268 0.000154488
32786 36261 36261 0
32373 36618 36618 0
32684 35871 35723 -0.00452821
32299 36878 36972 0.00291031
31897 35605 35877 0.00852745
31902 35629 35516 -0.0035421
32870 36330 36459 0.00392455
31984 35453 35426 -0.000844172
32250 35613 35599 -0.000434109
32852 35663 35723 0.00182637
33160 36171 36171 0
33228 35588 35606 0.000541712
32211 35854 35752 -0.00316662
32201 36071 36106 0.00108692
32783 35924 35984 0.00183022
31858 35195 35279 0.0026367
32179 35475 35521 0.0014295
32816 36138 36097 -0.00124939
32926 36404 36427 0.000698536
32766 36176 36176 0
32985 35696 35762 0.00200091
32135 35933 35879 -0.00168041
32522 35953 36091 0.00424328
32042 36391 36391 0
32686 35629 35674 0.00137674
32707 35593 35413 -0.00550341
32435 35568 35531 -0.00114074
33100 35689 35697 0.000241692
31824 36068 36277 0.00656737
33480 35592 35592 0
32526 35189 35189 0
32548 36362 36345 -0.000522306
32148 35492 35226 -0.00827423
31813 36329 36135 -0.00609814
32336 35107 35053 -0.00166997
33559 36427 36451 0.000715158
33425 36049 36260 0.00631264
32075 36188 36117 -0.00221356
33123 36176 36273 0.00292848
32001 35786 35748 -0.00118746
33237 36851 36853 6.01739e-05
32904 35643 35871 0.00692925
31527 35510 35425 -0.0026961
32473 36264 36264 0
31812 36327 36157 -0.0053439
32696 35159 35140 -0.000581111
32572 35872 35980 0.00331573
31667 35666 35688 0.00069473
32535 36008 36047 0.00119871
32473 35548 35517 -0.000954639
33059 36407 36428 0.000635228
33146 37226 37185 -0.00123695
32302 35086 35007 -0.00244567
32163 35599 35463 -0.00422846
32156 36287 36362 0.00233238
32716 35454 35301 -0.00467661
31061 34621 34664 0.00138437
33382 36915 36816 -0.00296567
32599 36314 36327 0.000398785
32427 36983 36893 -0.00277546
32100 35618 35618 0
32897 35672 35672 0
33484 36389 36444 0.00164258
31379 35352 35474 0.00388795
32406 35342 35357 0.000462877
33696 36320 36384 0.00189934
33417 36138 36138 0
32051 36577 36577 0
32989 36698 36659 -0.00118221
31470 36248 36439 0.00606927
32159 36593 36593 0
31707 35353 35358 0.000157694
31867 34880 35137 0.00806477
32004 36039 36021 -0.00056243
33723 36431 36337 -0.00278742
33510 35741 35611 -0.00387944
31727 36029 35854 -0.00551581
32281 36165 36383 0.0067532
32650 35924 35764 -0.00490046
32802 35844 36027 0.00557893
33777 37262 37265 8.88178e-05
33613 36756 36824 0.00202303
32346 35565 35818 0.00782168
32596 36364 36261 -0.0031599
33865 36884 36840 -0.00129928
32435 36199 36155 -0.00135656
33640 36094 36132 0.00112961
31932 35266 35244 -0.000688964
30878 34299 34214 -0.00275277
31693 35400 35470 0.00220869
32404 35760 35558 -0.0062338
31876 35617 35840 0.00699586
34410 36668 36471 -0.00572508
33456 36268 36276 0.00023912
33133 36640 36588 -0.00156943
32295 36373 36181 -0.00594519
32431 35761 35961 0.00616694
33919 36756 36657 -0.00291872
33462 36227 36138 -0.00265973
33456 37166 36958 -0.00621712
32432 35777 35713 -0.00197336
32393 37100 37123 0.00071003
32590 36228 36228 0
32328 35365 35391 0.000804256
33114 36750 36786 0.00108715
32846 36755 36526 -0.00697193
32904 36190 36190 0
33949 35989 36115 0.00371145
33422 36147 36079 -0.00203459
32732 36094 36103 0.00027496
32564 35966 35841 -0.00383859
31510 35210 35298 0.00279276
33129 36287 36399 0.00338072
33460 35727 35679 -0.00143455
33389 35601 35974 0.0111713
33133 36614 36614 0
31791 35721 35782 0.00191878
33576 36377 36377 0
31315 35168 35303 0.00431103
32612 35336 35363 0.000827916
32413 36066 36101 0.00107981
32509 35698 35664 -0.00104586
33641 36373 36360 -0.000386433
31264 35605 35448 -0.00502175
33793 35995 35915 -0.00236735
32804 35314 35202 -0.00341422
32428 35506 35196 -0.00955964
31842 35188 35188 0
32574 35687 35687 0
32511 36060 35904 -0.00479838
31107 35304 35196 -0.00347189
32327 36076 35977 -0.00306246
33045 36702 36498 -0.0061734
32946 36160 36214 0.00163905
31479 35694 35846 0.00482862
32515 35694 35766 0.00221436
33042 36305 36320 0.000453968
32797 35587 35594 0.000213434
33131 36960 36768 -0.00579518
32293 35821 36025 0.00631716
32004 36044 35925 -0.00371829
33137 36289 36354 0.00196155
33712 36948 36922 -0.000771239
32395 36676 36855 0.00552554
32920 36234 36204 -0.0009113
31752 35759 35860 0.0031809
32444 35644 35542 -0.00314388
33400 36157 36422 0.00793413
32424 35965 35964 -3.08414e-05
32905 36257 36205 -0.00158031
32605 35728 35749 0.000644073
32284 35697 35711 0.000433651
31724 35807 35891 0.00264784
33914 36402 36511 0.00321401
31847 35390 35428 0.00119321
32071 36256 36273 0.000530074
32900 36788 36829 0.0012462
31403 34573 34600 0.00085979
32162 36123 36090 -0.00102606
32404 35937 35600 -0.0104
32966 36183 36125 -0.00175939
32146 35675 35643 -0.000995458
