50514 55267 54936 -0.00655264
49498 54808 54589 -0.00442442
51064 56587 56379 -0.00407332
50234 56089 56167 0.00155273
49798 56493 56529 0.000722921
51046 56598 56627 0.000568115
52529 57092 57265 0.00329342
51650 56291 56470 0.00346563
50688 56024 55995 -0.000572128
49571 55695 55695 0
49615 55421 55219 -0.00407135
49892 55499 55502 6.01299e-05
48099 53664 53464 -0.00415809
50922 56545 56543 -3.92758e-05
50745 56006 55916 -0.00177357
49618 56033 56010 -0.000463541
52798 56821 56714 -0.00202659
50645 58241 58241 0
48978 54534 54557 0.000469599
50851 55990 55907 -0.00163222
50657 56690 56705 0.000296109
50415 55739 55739 0
48384 54595 54831 0.00487765
50213 55660 55935 0.00547667
51099 55483 55626 0.00279849
49409 56381 56141 -0.00485741
50739 56463 56482 0.000374465
52012 58166 58247 0.00155733
49860 55220 55090 -0.0026073
51044 56247 56247 0
50033 56275 56587 0.00623588
48818 55612 55590 -0.000450653
50717 56985 56985 0
50380 55049 55049 0
49161 55208 55145 -0.0012815
48269 55171 54873 -0.00617373
49855 56331 56244 -0.00174506
51668 58508 58375 -0.00257413
49677 56851 56725 -0.00253639
49743 55292 54932 -0.0072372
51539 58768 58748 -0.000388056
50727 55945 56213 0.00528318
51655 56660 56831 0.00331042
51360 56419 56408 -0.000214174
50761 55804 55776 -0.000551605
52671 57927 57482 -0.00844867
51198 56199 56114 -0.00166022
50948 57355 56587 -0.0150742
50697 56729 56762 0.000650926
50861 55518 55857 0.00666522
49174 55532 55514 -0.000366047
50999 56514 56514 0
48910 54038 54962 0.0188918
51581 55868 55630 -0.0046141
51253 56843 56916 0.00142431
51426 56108 56024 -0.00163342
50162 56452 56442 -0.000199354
51750 57012 56749 -0.00508213
50218 56058 56177 0.00236967
49959 55929 55886 -0.000860706
50902 56323 56328 9.8228e-05
50379 55079 55048 -0.000615336
50600 56686 56686 0
52396 56851 56391 -0.0087793
49013 54392 54392 0
50465 55648 55666 0.000356683
50065 55693 55897 0.0040747
50434 55392 55767 0.00743546
48719 54902 54615 -0.00589093
51536 55941 55854 -0.00168814
49924 56912 56544 -0.0073712
49576 55011 55086 0.00151283
48050 57111 57409 0.00620187
50162 55597 56044 0.00891113
48788 55344 55168 -0.00360744
48673 54174 54480 0.00628685
49877 55742 55940 0.00396977
49454 56246 56536 0.00586404
51081 57893 57884 -0.000176191
51548 57304 56762 -0.0105145
49185 54824 54648 -0.00357833
50754 55752 55698 -0.00106396
48553 54558 54301 -0.00529318
50058 55379 55305 -0.00147829
51001 56554 56560 0.000117645
51002 56440 56440 0
48610 54718 55208 0.0100802
50575 58125 58183 0.00114681
51938 57156 57290 0.00258
52838 57683 57720 0.000700254
51383 58650 58650 0
50166 56773 56618 -0.00308974
51210 57080 56628 -0.0088264
49397 55573 55498 -0.00151831
50271 56685 56685 0
48555 55561 55542 -0.000391309
49358 55142 55023 -0.00241096
50868 56862 56994 0.00259495
48693 55554 55811 0.00527797
50136 55029 54685 -0.00686134
50675 56357 56536 0.00353231
50353 56413 56530 0.0023236
51348 57719 57593 -0.00245384
50823 56204 56267 0.0012396
49537 56265 56367 0.00205907
50379 56843 57470 0.0124457
50297 55029 55071 0.00083504
48771 56546 56728 0.00373173
49930 56221 56159 -0.00124174
51802 57246 57212 -0.000656345
51030 57093 56531 -0.0110131
49891 54845 54845 0
48914 57662 57611 -0.00104265
49951 55082 55483 0.00802787
49284 53659 53753 0.00190731
49804 55092 54912 -0.00361417
49723 55268 55176 -0.00185025
49305 56716 56391 -0.00659162
50860 57366 57670 0.00597719
50079 55514 55181 -0.00664949
49054 56362 56327 -0.000713499
50382 55296 55614 0.00631178
50192 57535 57469 -0.00131495
46797 55113 55007 -0.0022651
51114 56864 56692 -0.00336503
49742 57050 56810 -0.0048249
49502 54322 54251 -0.00143429
50511 57322 57322 0
52251 55600 55618 0.000344491
50470 55696 56546 0.0168417
49328 56545 56658 0.00229079
51198 56256 56281 0.0004883
49534 56014 56067 0.00106997
50950 56493 56474 -0.000372915
50058 56795 56795 0
51305 55670 55490 -0.00350843
52017 57890 57890 0
49547 57154 57227 0.00147335
49096 55129 55313 0.00374776
49752 57079 57149 0.00140698
49164 55296 55333 0.000752583
49740 55815 55549 -0.00534781
47223 53470 53470 0
50110 55425 55258 -0.00333267
50744 55255 55170 -0.00167507
51039 56407 56407 0
50677 56538 56557 0.000374924
48835 54323 54619 0.00606123
49482 57628 57593 -0.000707328
49523 54895 54979 0.00169618
48858 56170 55769 -0.00820746
48900 55533 55391 -0.00290389
49927 54980 54990 0.000200292
49154 54678 54647 -0.000630671
49800 55811 55811 0
50413 55440 55355 -0.00168607
47379 54982 55032 0.00105532
50656 55372 55372 0
51140 55760 55915 0.0030309
48692 55169 55091 -0.00160191
51958 56577 56606 0.000558143
51394 57536 57049 -0.00947581
49931 56496 56464 -0.000640884
49267 56552 56659 0.00217184
48956 54227 54320 0.00189967
49110 56221 55289 -0.0189778
49819 56407 56407 0
50661 57130 56916 -0.00422416
49945 55955 55783 -0.00344379
51185 56044 55865 -0.00349712
50646 55749 55781 0.000631837
50332 56960 57104 0.002861
50317 55818 55620 -0.00393505
47925 55353 55102 -0.00523735
51701 57537 57105 -0.00835574
51398 56462 56633 0.00332698
49634 56741 56340 -0.00807914
49727 55514 55738 0.0045046
49745 55947 55962 0.000301538
50903 56383 56383 0
51666 56785 56994 0.00404521
48912 56104 55983 -0.00247383
51715 55871 55755 -0.00224306
49589 55344 55556 0.00427514
52198 58489 58109 -0.00727997
51746 57402 57126 -0.00533375
48843 54802 54620 -0.00372622
49117 55386 55386 0
50368 56203 56203 0
50960 57599 57599 0
49663 56008 56187 0.00360429
49224 56721 56768 0.000954819
49780 56569 55642 -0.0186219
52652 57292 57150 -0.00269695
51490 56954 56847 -0.00207807
48844 55427 55710 0.00579396
49107 55445 55389 -0.00114037
48040 54188 54478 0.00603664
48414 54889 54889 0
49328 56092 56217 0.00253406
53164 58612 58931 0.0060003
49081 55756 55947 0.00389153
50999 56042 55936 -0.00207847
49520 56634 56524 -0.00222132
51355 56120 56190 0.00136306
47929 53932 53946 0.000292099
50563 55653 55550 -0.00203706
49656 55384 55519 0.0027187
49007 54836 54836 0
49866 55412 55217 -0.00391048
48164 53520 53048 -0.00979985
50537 57931 57837 -0.00186002
52791 56962 56962 0
50114 58054 58054 0
51117 56406 56403 -5.86889e-05
49230 55472 55312 -0.00325005
49416 54387 54333 -0.00109276
50786 56212 56342 0.00255976
49416 55204 55720 0.010442
50891 57316 57336 0.000392997
50659 56927 56722 -0.00404666
50367 54416 54809 0.00780273
52851 58801 58753 -0.000908214
46043 53041 53709 0.0145082
51345 57167 57484 0.00617392
50097 56348 56314 -0.000678683
49336 55304 54978 -0.00660775
48325 55403 55447 0.000910502
48018 55247 55156 -0.00189512
51013 56421 56421 0
51200 56695 56816 0.00236328
49337 56505 56037 -0.00948578
50570 57528 57510 -0.000355942
50756 55214 55284 0.00137915
49785 55955 56121 0.00333434
49327 55316 55169 -0.00298011
51001 56890 56890 0
49184 56084 56387 0.00616054
49988 56846 56913 0.00134032
52716 57211 57362 0.00286441
48783 55584 55832 0.00508374
49792 55953 55806 -0.00295228
49018 54668 54290 -0.00771145
48618 55509 55640 0.00269448
51375 57097 57368 0.00527494
51767 58060 57910 -0.0028976
48825 56295 56374 0.00161802
48969 55096 55040 -0.00114358
48086 54809 54636 -0.00359772
49852 54471 53866 -0.0121359
50208 55497 55433 -0.0012747
49451 55871 55949 0.00157732
49170 56140 56313 0.00351841
47603 54388 54140 -0.00520976
50283 55381 54890 -0.00976473
51017 56379 56345 -0.000666445
51019 56558 56707 0.00292048
51828 56511 56003 -0.00980165
49114 56446 56446 0
49431 55334 55459 0.00252878
49230 56031 55754 -0.00562665
49283 55184 55291 0.00217113
49067 56167 56043 -0.00252716
46411 54662 54804 0.00305962
51686 57879 57614 -0.00512711
49480 55578 55663 0.00171787
50102 56046 56022 -0.000479023
49385 55785 55785 0
50635 55285 55724 0.00866989
48826 54857 55052 0.00399377
51406 56376 56568 0.00373497
49418 56487 56128 -0.00726456
49292 55435 55244 -0.00387487
49818 56825 56825 0
51936 58627 58677 0.000962723
51301 56717 56915 0.00385957
51018 57137 57182 0.000882042
48812 54589 54817 0.00467098
50675 57826 57267 -0.0110311
49642 56635 56678 0.000866202
51806 56579 56468 -0.00214261
49299 54476 54150 -0.00661271
49559 53932 53816 -0.00234064
50891 55496 55836 0.00668095
49083 54610 54344 -0.00541939
49348 55702 56181 0.00970657
49878 54919 54919 0
51438 58066 58050 -0.000311054
50404 55651 55660 0.000178557
51659 56549 56470 -0.00152926
49880 56163 56002 -0.00322775
50322 57198 57171 -0.000536545
50067 54449 54786 0.00673098
49998 56733 56306 -0.00854034
50607 56213 55426 -0.0155512
49945 55878 56280 0.00804885
52324 58432 58582 0.00286675
49632 56060 55573 -0.00981222
51690 57270 57636 0.00708067
51068 56151 56761 0.0119449
49693 55438 55438 0
49492 56976 56699 -0.00559686
50714 56503 56337 -0.00327326
50948 57486 57562 0.00149172
48367 55034 54929 -0.0021709
50274 56439 56286 -0.00304332
50455 56726 56772 0.000911703
50233 56215 56268 0.00105508
50115 55541 55044 -0.00991719
49304 54850 54850 0
51556 57281 57133 -0.00287066
49228 54721 54776 0.00111725
48989 55841 55601 -0.00489906
49835 56974 57423 0.00900973
50579 55602 55530 -0.00142352
50427 57246 57268 0.000436274
50461 56415 56419 7.92691e-05
49098 54468 54210 -0.0052548
49807 55519 54991 -0.0106009
49735 54404 54434 0.000603197
49611 54698 54721 0.000463607
48423 54135 54313 0.00367594
50566 56455 56604 0.00294664
51135 54720 54720 0
51928 56251 56479 0.00439069
50085 55060 55329 0.00537087
49953 56247 55959 -0.00576542
50844 55319 55676 0.00702148
49487 55297 55297 0
51395 56971 56999 0.0005448
48905 55452 54729 -0.0147838
50066 55796 55719 -0.00153797
49706 54931 54917 -0.000281656
50060 56712 56649 -0.00125849
47387 54237 54237 0
48743 55082 55583 0.0102784
49932 55652 55469 -0.00366498
51471 57778 57809 0.000602281
49611 55601 55467 -0.00270101
51381 57910 57910 0
50144 55430 56021 0.0117861
50564 55251 54851 -0.00791077
48921 56265 56265 0
49276 56493 56493 0
49019 55904 55537 -0.00748689
50929 56947 56970 0.000451609
49886 56879 56923 0.000882011
48443 56095 56095 0
49507 54872 55114 0.0048882
51509 56126 56126 0
49449 57134 57134 0
50203 56025 56005 -0.000398383
49422 56240 56309 0.00139614
48600 56069 55652 -0.00858025
50106 55999 56038 0.00077835
50644 57730 57643 -0.00171787
49802 55476 55872 0.00795149
49919 56967 56664 -0.00606983
50125 54744 54847 0.00205486
48040 55748 55738 -0.00020816
48795 55250 55341 0.00186495
50623 56363 56460 0.00191613
50024 56141 56237 0.00191908
51914 57138 57039 -0.001907
50934 56630 56592 -0.000746064
52231 56478 56383 -0.00181884
49509 54880 54847 -0.000666545
51407 57021 56779 -0.00470753
49931 56435 56061 -0.00749034
52490 56937 56458 -0.00912555
53934 58151 57989 -0.00300367
48981 55418 55283 -0.00275617
49766 56594 56366 -0.00458144
51366 57907 57945 0.000739789
50901 57552 57432 -0.00235752
49851 56856 56785 -0.00142424
51141 56464 56393 -0.00138832
51175 56533 56276 -0.00502198
49407 55955 55702 -0.00512073
50940 56269 56604 0.00657636
47554 55952 55902 -0.00105144
48367 55320 55373 0.00109579
49231 56307 56307 0
51957 56872 56883 0.000211714
47278 54890 54391 -0.0105546
48680 55829 55829 0
49745 55541 55647 0.00213087
48918 55716 55962 0.00502882
49243 55966 56048 0.00166521
52130 57686 57595 -0.00174564
48864 55045 54992 -0.00108464
51748 58050 58050 0
49877 55106 55183 0.0015438
50977 57512 57321 -0.00374679
49568 56522 56522 0
50578 55525 55603 0.00154217
52391 56748 56769 0.000400832
48360 56551 56599 0.000992556
50200 55751 55812 0.00121514
48088 56073 56129 0.00116453
49066 55629 55969 0.00692944
49242 55322 55086 -0.00479266
48959 55184 54949 -0.00479993
49698 55950 55883 -0.00134814
50903 55860 55830 -0.000589356
48625 55680 55629 -0.00104884
49787 55464 54735 -0.0146424
48750 55671 55961 0.00594872
49878 58185 58120 -0.00130318
48358 55407 55407 0
48642 56623 56613 -0.000205584
48310 54830 54360 -0.00972883
50136 55763 55211 -0.0110101
49069 56507 56192 -0.00641953
51047 55895 55895 0
51392 56441 56211 -0.0044754
49854 58488 58540 0.00104305
48663 55751 55671 -0.00164396
48026 57258 57373 0.00239454
48738 53455 53277 -0.00365218
50656 56160 56169 0.000177669
48398 57827 57294 -0.0110129
51262 57144 56981 -0.00317974
49884 55930 55951 0.000420977
51152 56488 56108 -0.00742884
51073 58012 57880 -0.00258454
48893 56632 56798 0.00339517
51952 56854 56885 0.000596705
50241 55898 55980 0.00163213
50421 56145 55740 -0.00803237
50147 55443 55716 0.00544399
52544 58231 58239 0.000152253
50649 57028 57406 0.00746313
49105 54908 55189 0.00572243
47448 54962 54760 -0.00425729
50081 56895 56895 0
48967 55271 54761 -0.0104152
49332 55613 55613 0
50745 55434 55466 0.000630604
51029 57748 57748 0
50137 55085 55233 0.00295191
49764 55217 55036 -0.00363717
49143 55365 55243 -0.00248255
49783 55842 55798 -0.000883836
49369 55174 55082 -0.00186352
50449 56854 56899 0.00089199
50983 55470 55539 0.00135339
48611 54888 54918 0.000617144
49850 55374 55267 -0.00214644
51514 57246 57284 0.000737664
48621 56325 56581 0.00526521
51139 55921 56002 0.00158392
49805 56418 56139 -0.00560185
49331 57572 57600 0.000567594
51757 56829 56985 0.00301409
53004 57210 57227 0.000320731
51960 57967 57749 -0.00419554
50098 55654 55465 -0.00377261
51429 56826 56864 0.000738883
52037 56622 56268 -0.00680285
52057 55766 55735 -0.000595501
51057 55974 55733 -0.00472021
49990 56689 56593 -0.00192038
49962 55732 55979 0.00494376
49666 56367 56256 -0.00223493
52388 57826 58002 0.00335955
52584 58461 58161 -0.00570516
48930 55980 55980 0
50519 57108 56920 -0.00372137
51031 56744 56416 -0.00642747
52050 56826 56999 0.00332373
49226 54537 54741 0.00414415
51348 56036 55999 -0.000720573
51855 57741 57869 0.00246842
48343 54052 54070 0.000372339
49243 56342 56459 0.00237597
49254 55165 54918 -0.00501482
51250 55226 55238 0.000234146
51319 56733 56733 0
51726 55679 55815 0.00262924
52348 57296 57675 0.00724001
50995 55852 55852 0
51426 56381 56398 0.000330572
49408 55322 55286 -0.000728627
51569 56372 56367 -9.69575e-05
50567 57398 57553 0.00306524
50136 55785 55405 -0.00757938
51816 58034 58034 0
49437 54778 54820 0.000849566
50362 55818 55776 -0.000833962
49823 56378 56269 -0.00218774
50570 55798 55445 -0.00698042
50375 54672 54835 0.00323573
50947 56937 56934 -5.88847e-05
48739 55218 54968 -0.00512936
48787 54847 54926 0.00161928
48986 55820 56112 0.00596089
50480 57051 56624 -0.0084588
50555 55961 55749 -0.00419345
49956 56270 56282 0.000240211
50435 55561 55655 0.00186379
51117 57066 57127 0.00119334
52058 56370 56175 -0.00374582
49590 53839 53683 -0.0031458
47658 54888 54888 0
49985 54901 54795 -0.00212064
52917 57503 57651 0.00279683
48916 55751 55898 0.00300515
50750 56794 56819 0.000492611
49669 56886 56857 -0.000583865
49064 54080 54465 0.00784689
48824 56321 56300 -0.000430116
51704 56784 56652 -0.00255299
50675 56553 56337 -0.00426246
51533 56876 56839 -0.000717987
50391 56237 56174 -0.00125022
50132 55584 55778 0.00386978
51746 57466 57529 0.00121749
51180 56527 56105 -0.00824541
51591 57279 57279 0
49502 54997 54753 -0.00492909
49249 55394 55328 -0.00134013
48889 55321 55356 0.000715907
50346 56416 56256 -0.00317801
50906 54923 54923 0
49400 53331 54045 0.0144534
49997 55364 55346 -0.000360022
51257 54755 55480 0.0141444
46885 55687 55729 0.000895809
51221 56573 56451 -0.00238184
50049 55969 55373 -0.0119083
49429 56579 56438 -0.00285258
50840 58107 58107 0
48765 54020 54154 0.00274787
49120 55359 55333 -0.000529316
49400 55537 55282 -0.00516194
51388 57645 57747 0.0019849
50334 55917 56045 0.00254301
48872 54483 54405 -0.00159601
51599 55908 55767 -0.00273261
52552 57155 56862 -0.00557543
47663 54119 54165 0.000965109
49772 55042 55015 -0.000542474
49727 55436 55519 0.00166911
49861 55784 55727 -0.00114318
49359 55675 55726 0.00103325
50646 56509 55852 -0.0129724
48771 55559 55567 0.000164032
50843 56560 56587 0.000531047
51751 57252 56550 -0.013565
51050 56838 56574 -0.0051714
51025 56572 56588 0.000313572
49084 55987 55740 -0.00503219
51361 56178 56209 0.000603571
51138 55628 55595 -0.000645313
49766 55489 55573 0.0016879
52222 57785 58183 0.00762131
49937 53955 53735 -0.00440555
48018 54504 54524 0.00041651
51020 56123 56123 0
48488 54978 55120 0.00292856
51342 56000 55988 -0.000233727
52653 58350 58449 0.00188023
50227 55624 55520 -0.0020706
51058 57214 57217 5.87567e-05
48729 54842 54959 0.00240103
48766 55968 55682 -0.00586474
51487 57000 56950 -0.000971119
50315 54953 54985 0.000635993
48228 56843 56823 -0.000414697
51410 56480 55926 -0.0107761
49770 58033 57929 -0.00208961
50263 56029 55820 -0.00415813
48752 56948 56604 -0.00705612
49998 55361 55428 0.00134005
50816 58018 57840 -0.00350283
50734 55151 55665 0.0101313
47835 55092 54997 -0.00198599
50823 56337 56445 0.00212502
49906 56399 56399 0
49665 55456 54685 -0.015524
50297 55529 55746 0.00431437
52769 58038 57868 -0.00322159
47679 54558 53914 -0.013507
51268 57432 57079 -0.00688539
49923 56031 55996 -0.00070108
48366 56069 56049 -0.000413514
49391 54931 54992 0.00123504
49722 56230 55716 -0.0103375
49994 54901 55372 0.00942113
53608 58502 58543 0.000764811
50465 55745 55737 -0.000158526
47026 53983 54073 0.00191383
50173 55026 54068 -0.0190939
52922 57889 57905 0.000302332
48361 54014 53928 -0.00177829
49089 54512 54240 -0.00554096
49560 57089 57225 0.00274415
50145 55584 55584 0
50665 56737 56737 0
46819 53868 53830 -0.000811636
49344 54915 55262 0.00703226
48695 54821 54579 -0.00496971
49992 55744 55614 -0.00260042
50329 55531 54807 -0.0143853
51913 56419 56453 0.000654942
51203 57303 57441 0.00269515
49610 55799 55809 0.000201572
50627 55897 55897 0
50691 57168 57339 0.00337338
49821 56011 56026 0.000301078
48564 55706 55628 -0.00160613
49401 55073 54905 -0.00340074
51031 56414 56369 -0.000881817
47132 55054 55209 0.00328864
49694 54758 54867 0.00219342
50033 56440 56675 0.0046969
49614 54448 54608 0.0032249
49161 55161 55354 0.00392588
51937 56644 56643 -1.92541e-05
49628 56023 55693 -0.00664947
50556 55125 54949 -0.00348129
50674 56624 56217 -0.00803173
51903 55264 55962 0.0134482
48748 54006 53876 -0.00266678
48682 55529 55409 -0.00246498
49806 55702 55881 0.00359394
50073 55587 55730 0.00285583
51619 56009 56219 0.00406827
50318 56151 56081 -0.00139115
50183 55837 55886 0.000976426
50206 56362 56238 -0.00246982
51966 56949 57060 0.00213601
50321 56446 56792 0.00687586
51757 57115 57115 0
49005 56092 55949 -0.00291807
49657 56161 56172 0.00022152
48866 56136 56423 0.0058732
49761 54791 54877 0.00172826
51084 56452 56165 -0.0056182
48822 55983 56082 0.00202777
50617 56336 56213 -0.00243001
50367 55851 55929 0.00154863
49624 55494 55686 0.0038691
49947 55921 56106 0.00370393
50507 56461 56461 0
49968 56058 55649 -0.00818524
53137 58662 58496 -0.003124
51232 57270 57142 -0.00249844
49734 55018 55209 0.00384043
49236 56819 55866 -0.0193558
48784 54571 54640 0.0014144
48820 56067 56713 0.0132323
50470 56425 56345 -0.0015851
52974 57773 58241 0.00883452
49567 55644 55605 -0.000786814
51569 58450 57984 -0.00903644
51201 57883 57847 -0.000703111
48431 56112 56237 0.00258099
48826 54880 54607 -0.00559128
51079 55851 56051 0.0039155
51177 56426 56400 -0.000508041
50830 55812 56092 0.00550856
50575 56571 56571 0
51267 57386 57560 0.003394
50890 56320 56370 0.000982511
50244 56843 56843 0
48892 54135 54214 0.00161581
50196 55012 54899 -0.00225118
50553 55927 55714 -0.0042134
50079 56571 56444 -0.00253599
50407 56859 56647 -0.00420577
51275 56592 56556 -0.000702097
51082 56393 56775 0.00747817
52629 57934 57922 -0.000228011
50105 57490 57490 0
51339 56340 56339 -1.94784e-05
49521 54459 54534 0.00151451
50394 55688 55880 0.00380998
50107 55548 55593 0.000898078
51051 56907 56964 0.00111653
50780 56498 56498 0
48338 55093 54972 -0.00250321
50668 56605 56643 0.00074998
51098 56943 56836 -0.00209402
52281 56684 56473 -0.00403588
52333 57371 57279 -0.00175797
49668 55332 55342 0.000201337
50964 56525 56525 0
50500 56565 56522 -0.000851485
48673 55247 55247 0
50651 56800 56900 0.00197429
49810 57793 57639 -0.00309175
51609 56858 56858 0
50353 57875 57859 -0.000317757
52625 58593 58597 7.60095e-05
48823 57083 56907 -0.00360486
49529 56128 55703 -0.00858083
51865 55920 55920 0
49693 55187 55161 -0.000523213
50832 56292 56335 0.000845924
50209 55706 55871 0.00328626
52256 56362 55995 -0.00702312
51114 55893 55686 -0.00404977
49929 56039 55902 -0.0027439
49420 56057 55854 -0.00410765
50693 56646 56605 -0.00080879
47913 54707 54565 -0.00296371
50362 57369 57453 0.00166792
52472 55753 55367 -0.0073563
49426 55136 55205 0.00139603
50802 56975 56498 -0.00938939
49549 55633 55846 0.00429877
49104 56048 55642 -0.00826817
50669 56908 56925 0.000335511
49810 56910 56599 -0.00624373
51443 56679 56217 -0.00898081
49099 56674 56794 0.00244404
52485 57102 57019 -0.0015814
50223 55462 55455 -0.000139378
51552 56255 56289 0.000659528
48056 55568 55285 -0.00588896
51655 57736 56639 -0.0212371
50656 57138 56941 -0.00388898
48623 54495 54490 -0.000102832
51244 54948 55036 0.00171727
52894 58116 57942 -0.0032896
51281 56025 56109 0.00163803
50237 55029 55057 0.000557358
50312 55968 55660 -0.0061218
51061 56538 56789 0.00491569
50615 56975 56985 0.00019757
51989 56772 56985 0.00409702
50209 55918 54893 -0.0204147
48947 54828 54849 0.000429035
50350 54730 54840 0.00218471
48692 54035 54035 0
52426 57234 56923 -0.00593217
49958 54717 54564 -0.00306257
50565 56728 56897 0.00334223
50473 56194 56120 -0.00146613
49841 55931 55966 0.000702233
49012 56557 56353 -0.00416225
49755 55380 55248 -0.002653
47636 55978 55720 -0.00541607
50249 56211 56397 0.00370157
49570 55239 55191 -0.000968328
50626 57161 57103 -0.00114566
47304 54075 54274 0.00420683
51857 57172 56849 -0.00622867
49557 57782 57884 0.00205824
52523 56574 56437 -0.00260838
50673 55463 55142 -0.00633473
49607 56244 56397 0.00308424
50476 56620 56351 -0.00532927
50278 55588 55358 -0.00457457
50493 55382 55367 -0.000297071
50762 54957 55014 0.00112289
51527 57239 57318 0.00153318
49933 56077 56294 0.00434582
50567 55925 55964 0.000771254
48256 54705 54492 -0.00441396
50248 55365 55399 0.000676644
48115 55325 54777 -0.0113894
49837 56365 56428 0.00126412
49311 56865 57044 0.00363002
51090 58326 58278 -0.000939518
49953 54887 54729 -0.00316297
48728 55267 54999 -0.00549992
51103 57506 57551 0.000880575
51855 57759 57330 -0.00827307
49236 56601 56427 -0.003534
51261 56086 56285 0.00388209
49460 54254 54393 0.00281035
49569 56667 56523 -0.00290504
49398 55700 55811 0.00224705
51310 56038 55991 -0.000916001
51693 57931 57842 -0.0017217
49687 55842 55842 0
47173 54312 54497 0.00392173
50464 54249 54249 0
50369 55426 55487 0.00121106
48282 55862 55828 -0.000704196
49621 55992 56260 0.00540094
50306 55877 55877 0
49750 55338 55275 -0.00126633
49323 54637 54610 -0.000547412
48872 53995 54114 0.00243493
50538 55922 55922 0
48956 54716 55099 0.00782335
47000 54440 54093 -0.00738298
48911 55227 54952 -0.00562246
49325 56466 56436 -0.000608211
50516 56075 55831 -0.00483015
50550 56843 56820 -0.000454995
50116 56204 56204 0
49547 56177 55990 -0.00377419
49419 54030 54307 0.00560513
50034 55117 55761 0.0128712
50395 54983 54486 -0.00986209
46913 54759 54945 0.00396479
51565 57569 57659 0.00174537
49178 56088 56319 0.00469722
51654 58156 57905 -0.00485926
50088 56307 56307 0
50723 56558 56766 0.0041007
50426 55927 55753 -0.0034506
48192 54649 53969 -0.0141102
51980 56980 57011 0.000596383
50309 55559 56025 0.00926276
47950 54286 54472 0.00387904
53070 59049 59045 -7.53721e-05
50519 55939 55767 -0.00340466
51663 56276 56239 -0.00071618
50982 58025 58025 0
50171 56482 56678 0.00390664
48722 55612 55078 -0.0109601
47350 55445 54656 -0.0166631
50461 56195 55976 -0.00433999
49507 57320 57320 0
48309 55196 55210 0.000289801
50608 57485 57380 -0.00207477
51063 57084 57084 0
51730 57319 57475 0.00301566
49243 55027 55420 0.00798083
48694 54832 55330 0.0102271
51157 56587 56647 0.00117286
50318 55586 55363 -0.00443181
49038 56352 56041 -0.00634202
49386 54680 54508 -0.00348277
50736 56811 56595 -0.00425733
49958 56037 56004 -0.000660555
50399 55707 55693 -0.000277783
51291 56579 56419 -0.00311946
51088 56998 57091 0.00182039
49399 54770 54975 0.00414988
50008 57896 57390 -0.0101184
49593 55404 55389 -0.000302462
50059 56938 56938 0
50077 57450 57450 0
50176 55664 55607 -0.001136
50426 57877 57846 -0.000614762
48337 54624 54989 0.00755115
48217 54362 54380 0.000373312
50183 56937 56937 0
49169 54593 54557 -0.000732169
49713 55888 55922 0.000683926
50512 55606 55606 0
51861 56275 56301 0.00050134
50382 55007 54875 -0.00261998
49601 56335 56194 -0.00284268
48367 55335 55398 0.00130254
51363 57400 57432 0.000623017
48545 55174 55491 0.00653002
50515 56061 55833 -0.00451351
51613 56871 56240 -0.0122256
51049 57669 57669 0
51010 56699 56825 0.0024701
49835 55331 55183 -0.0029698
49360 55385 55709 0.00656402
50703 55992 55966 -0.00051279
49344 56593 56607 0.000283722
50389 55231 55231 0
50750 55400 55152 -0.0048867
50115 56327 56303 -0.000478899
50906 55454 55454 0
48816 56409 56354 -0.00112668
51019 54955 54955 0
49520 54583 54646 0.00127221
50266 55880 55795 -0.001691
49466 55204 54927 -0.00559981
48741 57143 56973 -0.00348782
50279 55739 55739 0
51839 55533 55259 -0.0052856
51769 56638 56520 -0.00227936
50904 56743 56527 -0.00424328
51328 56813 56969 0.00303928
50309 57156 57061 -0.00188833
51913 57765 57778 0.000250419
51028 56523 56717 0.00380183
48393 54753 54818 0.00134317
49261 56303 56194 -0.0022127
49372 56759 56794 0.000708904
50328 54837 53805 -0.0205055
49780 55194 55189 -0.000100442
49562 56308 56185 -0.00248174
50286 55424 55117 -0.00610508
50635 56096 55940 -0.00308087
50303 56076 56426 0.00695784
50297 57587 56865 -0.0143547
50270 55151 55384 0.00463497
49765 54936 55509 0.0115141
48768 56155 56150 -0.000102526
50615 55889 55910 0.000414897
46722 52476 52707 0.00494414
50959 57642 57685 0.000843816
50806 56383 56339 -0.000866039
50416 57258 57727 0.0093026
50030 54916 54951 0.00069958
49540 55013 54895 -0.00238191
51557 57388 57311 -0.00149349
47364 55037 55052 0.000316696
49411 55047 54324 -0.0146324
52845 57296 57296 0
50611 55690 55471 -0.00432712
50072 56364 55884 -0.0095862
50979 57276 57628 0.0069048
49249 56015 56492 0.00968548
49177 56478 56450 -0.000569372
48596 54342 54486 0.00296321
50059 55339 55401 0.00123854
49726 55413 55801 0.00780276
51784 56957 56639 -0.00614089
51379 55170 55199 0.000564433
48736 55780 55736 -0.000902823
50333 57461 57790 0.00653647
50607 56081 56185 0.00205505
50572 55721 55966 0.00484458
51982 57515 57712 0.00378977
51959 57376 57255 -0.00232876
49755 56219 56247 0.000562758
50755 56827 56892 0.00128066
51585 57820 57820 0
49856 56396 56396 0
51579 56441 56410 -0.00060102
50237 55503 55628 0.00248821
47610 53823 53823 0
48649 54966 55058 0.0018911
50034 56522 56559 0.000739497
49248 56561 56642 0.00164474
53352 57342 57447 0.00196806
52226 56566 56228 -0.00647187
50683 56122 56060 -0.00122329
49904 56612 56170 -0.00885701
50307 55642 55642 0
52274 57558 57558 0
51711 56440 56106 -0.00645897
51593 57163 57084 -0.00153122
50533 55537 55666 0.00255279
50274 57918 57903 -0.000298365
50364 56718 56652 -0.00131046
50345 55924 55916 -0.000158904
51135 57747 57657 -0.00176005
49719 56871 56871 0
50677 56810 57130 0.0063145
52427 56234 56146 -0.00167852
51566 56001 56013 0.000232711
50608 55667 55644 -0.000454474
51051 56367 56302 -0.00127324
48450 55350 55188 -0.00334365
51185 56799 57229 0.0084009
51627 55218 55350 0.0025568
51836 55897 56225 0.00632765
51461 56886 57063 0.0034395
49525 55875 56023 0.00298839
52257 56843 57185 0.00654458
48475 55141 54689 -0.00932439
50244 55871 55833 -0.000756309
49848 56767 56678 -0.00178543
49813 55544 55481 -0.00126473
51646 56628 56619 -0.000174263
47864 54791 54732 -0.00123266
52744 56641 56610 -0.000587745
51211 55509 55411 -0.00191365
49389 54937 54486 -0.00913159
48835 54837 54629 -0.00425924
50407 55831 55877 0.000912572
49878 55518 55740 0.00445086
47214 54909 54879 -0.000635405
49488 56433 56358 -0.00151552
51325 57190 57546 0.00693619
50886 56333 56333 0
49006 56073 55980 -0.00189773
51633 56613 56849 0.00457072
50397 56683 56210 -0.00938548
50649 55607 55251 -0.00702877
51711 58221 58153 -0.001315
49227 55872 55983 0.00225486
48345 55929 55949 0.000413693
51596 57055 57101 0.000891542
51543 57594 57658 0.00124168
50910 56773 56696 -0.00151247
51508 57068 57110 0.000815407
49353 55840 55726 -0.00230989
50409 55359 55467 0.00214247
52111 56918 56949 0.000594884
49493 56262 56069 -0.00389954
50342 56671 56668 -5.95924e-05
50252 55065 54984 -0.00161188
50616 56060 56303 0.00480085
49500 56810 56951 0.00284848
52709 57040 56832 -0.0039462
49019 55297 55262 -0.000714009
49356 56468 56853 0.00780047
51522 56950 57059 0.0021156
47114 53336 53355 0.000403277
50764 56646 56833 0.00368371
49035 54244 54266 0.000448659
50499 56621 56656 0.000693083
49245 55218 55120 -0.00199005
