58259 62804 62883 0.00135601
56682 62909 62853 -0.000987968
58377 63872 64186 0.00537883
57891 63294 63328 0.000587311
56881 64820 64820 0
57167 63885 64013 0.00223905
59560 65203 65073 -0.00218267
59115 63810 63932 0.00206377
58460 63398 63853 0.0077831
55820 62300 62442 0.00254389
57041 63695 63695 0
58127 64453 64445 -0.00013763
55756 61359 61316 -0.000771217
57690 64262 64089 -0.00299879
57734 63281 63235 -0.000796758
57422 63958 64055 0.00168925
60672 64853 64853 0
57932 65559 65559 0
56170 62664 62297 -0.00653374
58857 65001 65003 3.39807e-05
57688 64729 64095 -0.0109902
58227 64254 64526 0.00467137
55912 62251 62337 0.00153813
57332 63241 63171 -0.00122096
57883 62779 62746 -0.000570116
56575 64030 64100 0.0012373
58142 64499 64463 -0.000619174
59199 65591 65596 8.44609e-05
57033 63730 63851 0.00212158
57878 63687 63453 -0.00404299
57964 64203 64358 0.00267407
56339 62989 62704 -0.00505866
58002 64211 64271 0.00103445
57934 62319 62319 0
56000 62670 62534 -0.00242857
55897 63965 63929 -0.000644042
57798 64407 63944 -0.00801066
58305 65675 65601 -0.00126919
56701 63941 63915 -0.000458546
56384 63052 63025 -0.000478859
58720 66397 66487 0.0015327
57778 63511 64100 0.0101942
58518 64144 63570 -0.00980895
58824 64078 64078 0
58011 63238 63113 -0.00215476
59664 65562 65616 0.000905068
59108 64503 64162 -0.0057691
58925 65111 65144 0.000560034
58035 64584 64738 0.00265357
57319 62292 61961 -0.0057747
56295 63668 63659 -0.000159872
56918 63535 63617 0.00144067
55936 61976 61906 -0.00125143
58742 63364 63461 0.00165129
58094 64067 64537 0.00809034
58567 64308 64068 -0.00409787
57206 63673 64030 0.0062406
59021 64588 64423 -0.00279562
57728 63952 63926 -0.000450388
56569 63703 63703 0
57268 63865 63861 -6.9847e-05
58129 62794 62344 -0.0077414
57003 63182 62981 -0.00352613
59674 64195 64116 -0.00132386
56386 62308 62191 -0.00207498
58057 64367 64367 0
57465 63567 63749 0.00316715
57835 63789 63018 -0.013331
55899 62479 62522 0.000769245
59786 64504 64093 -0.00687452
56640 64053 63929 -0.00218927
56363 62585 62802 0.00385004
55502 65189 65123 -0.00118915
56921 63174 63217 0.000755433
55748 62714 62550 -0.00294181
55835 62057 62238 0.00324169
56827 63183 63035 -0.0026044
56401 64310 64503 0.00342193
58193 65058 65144 0.00147784
58756 64863 64547 -0.00537817
55765 62057 62140 0.00148839
58017 63800 63667 -0.00229243
56121 62610 62768 0.00281535
56578 62190 62169 -0.000371169
58494 64090 64190 0.00170958
58267 64345 64345 0
55979 62704 62592 -0.00200075
57759 65211 65324 0.00195641
58556 64304 63718 -0.0100075
60740 65406 65422 0.000263418
58993 66657 66657 0
57468 64722 64469 -0.00440245
57940 64113 63677 -0.00752503
56986 63561 62315 -0.021865
56930 63984 63570 -0.00727209
55982 63444 63377 -0.00119681
56704 62037 62129 0.00162246
57952 64737 64725 -0.000207068
56653 64356 64354 -3.53026e-05
57126 62267 62133 -0.00234569
57799 63299 63425 0.00217997
57133 63592 63586 -0.000105018
58750 64981 65385 0.0068766
58469 63515 63532 0.000290752
57519 64044 63938 -0.00184287
57363 65531 65531 0
57881 63295 63539 0.00421555
55913 64092 64169 0.00137714
57143 63751 63751 0
58823 64031 64260 0.00389304
58157 63987 63314 -0.0115721
57160 62301 62438 0.00239678
55825 65826 65826 0
57184 62516 62842 0.0057009
56684 62056 62140 0.0014819
57150 62134 62173 0.000682415
56441 63384 62991 -0.00696302
56713 64147 64533 0.0068062
57442 65294 65294 0
57257 63259 63454 0.0034057
55657 63821 63782 -0.00070072
57503 63039 62898 -0.00245205
57096 64756 65078 0.00563962
53722 62479 62723 0.0045419
58232 64462 64462 0
56935 63868 64143 0.00483007
56072 62560 62531 -0.000517192
57488 64502 64563 0.00106109
59698 63406 62952 -0.00760494
57122 64702 64844 0.00248591
57025 64441 64035 -0.00711968
58318 63747 64038 0.00498988
57089 63405 63169 -0.0041339
58040 63935 64235 0.00516885
57138 64363 64844 0.00841822
58749 63258 63283 0.000425539
58872 65154 65154 0
57045 65148 65500 0.00617057
56036 62634 62256 -0.00674566
56670 64549 64025 -0.00924651
56207 62943 62838 -0.00186809
56392 62546 62444 -0.00180877
55170 61652 61116 -0.00971543
56949 62551 62990 0.00770865
58791 63292 63347 0.000935517
57774 63793 63793 0
58131 64118 64040 -0.0013418
55790 61804 61804 0
56423 64278 64607 0.00583096
56545 62454 62454 0
55469 64067 64067 0
55495 62571 62288 -0.00509956
56623 61935 62155 0.00388535
55748 62447 61605 -0.0151037
57016 63577 63577 0
56970 63025 62853 -0.00301913
55101 62898 62812 -0.00156077
57498 62620 62744 0.0021566
57795 63363 63483 0.0020763
55094 62476 62400 -0.00137946
58584 63996 64106 0.00187765
58429 65307 65463 0.00266991
57053 63325 63030 -0.00517063
56003 64080 63759 -0.00573184
55482 62547 62424 -0.00221694
56668 63762 63146 -0.0108703
57388 64243 64329 0.00149857
57931 64668 64763 0.00163988
57381 64519 64519 0
58458 64241 64193 -0.000821102
57802 62720 62445 -0.00475762
58012 64989 65229 0.00413708
57936 63746 63844 0.00169152
55286 61914 62102 0.0034005
59269 64935 65026 0.00153537
57943 64231 64231 0
58216 64995 64878 -0.00200976
56936 61952 62414 0.00811437
57500 63334 63316 -0.000313043
57836 63809 63624 -0.0031987
58090 64183 64345 0.00278878
56549 64085 63955 -0.00229889
58988 63704 63036 -0.0113243
57261 63512 63512 0
60463 66691 66564 -0.00210046
59801 64961 65158 0.00329426
56562 62601 62693 0.00162653
55769 62639 62476 -0.00292277
56634 63245 63245 0
58465 65586 65499 -0.00148807
56845 64283 64155 -0.00225174
55883 64583 64403 -0.00322102
56562 62957 63068 0.00196245
60825 65237 64975 -0.00430744
58972 65104 64643 -0.00781727
57162 63621 63789 0.00293902
56798 63201 62990 -0.00371492
55339 62203 62049 -0.00278285
55429 62411 62388 -0.000414945
55502 63289 63187 -0.00183777
59299 65706 65467 -0.00403042
56836 63707 63813 0.00186502
58372 63380 63545 0.0028267
56252 63960 63870 -0.00159994
58767 64094 64184 0.00153147
55133 61715 61729 0.000253931
57449 63850 63082 -0.0133684
57230 63372 63605 0.00407129
55582 62702 62779 0.00138534
57674 62934 63169 0.00407463
54749 60474 60453 -0.000383569
58127 65867 66295 0.00736319
59957 64803 64803 0
57277 65457 65193 -0.00460918
58805 64000 63846 -0.00261882
56490 63342 63090 -0.00446097
56851 62726 62531 -0.00343002
57166 63018 63018 0
57187 63905 63890 -0.000262297
57978 64860 64860 0
57034 64818 63900 -0.0160957
57585 62867 62574 -0.00508813
60152 66587 66587 0
53672 60533 60394 -0.0025898
58175 64661 64489 -0.0029566
56712 63095 63020 -0.00132247
56235 62782 62860 0.00138704
55421 62461 62508 0.000848054
55531 63462 63410 -0.000936414
58103 63856 63787 -0.00118755
58571 63964 64011 0.000802445
57310 64300 64394 0.0016402
58262 66584 66584 0
58273 62397 62863 0.00799684
56771 63070 63234 0.0028888
56602 62036 62418 0.00674888
58396 63717 63717 0
57463 64420 64651 0.00401998
57645 64959 64675 -0.00492671
60023 64849 64850 1.66603e-05
56924 62747 63170 0.00743096
57140 63619 63122 -0.00869793
56237 62588 62448 -0.00248946
55913 62781 62806 0.000447123
58497 65494 64872 -0.010633
58471 65438 65542 0.00177866
55576 63478 63432 -0.000827695
55685 61979 61744 -0.00422017
55699 62981 63028 0.000843821
57339 62622 62361 -0.00455188
58017 63013 62971 -0.000723926
57668 63599 63366 -0.00404037
56460 64132 64132 0
55048 61605 61691 0.00156227
57274 63048 63018 -0.000523798
58512 64543 64543 0
58327 64738 64407 -0.0056749
59107 64417 64302 -0.00194562
55699 64208 64139 -0.0012388
56462 62971 62686 -0.00504764
56542 62925 63493 0.0100456
57046 63478 63462 -0.000280475
56595 63448 63065 -0.00676738
54588 62273 62273 0
59143 65688 65688 0
56866 63986 63895 -0.00160025
56940 63701 63299 -0.00706006
56316 62652 62257 -0.00701399
57835 63615 63704 0.00153886
55976 61823 62018 0.00348364
58591 64752 64752 0
56557 62931 63209 0.0049154
56484 62386 62621 0.00416047
57285 64697 64575 -0.0021297
59401 66101 65681 -0.00707059
58909 64170 64125 -0.00076389
57723 63963 63737 -0.00391525
55266 62005 61946 -0.00106756
57661 65041 65095 0.000936508
56432 63062 63392 0.00584775
58951 64925 64925 0
56140 62037 61333 -0.0125401
56812 61641 61710 0.00121453
57588 62975 62758 -0.00376815
56232 62963 62845 -0.00209845
56550 63908 63691 -0.00383731
57468 62169 62001 -0.00292337
58934 66248 66092 -0.00264703
57939 64013 63923 -0.00155336
58871 64133 63648 -0.00823835
57055 64370 64350 -0.000350539
57810 64804 64882 0.00134925
56911 62011 61724 -0.00504296
56801 63840 63646 -0.00341543
57581 63732 63051 -0.0118268
57946 64137 64170 0.000569496
58867 65694 65847 0.00259908
56432 63266 63465 0.00352637
59351 65521 65425 -0.0016175
59306 65707 65724 0.000286649
57116 62448 62448 0
57481 65398 65320 -0.00135697
57736 63358 63413 0.000952612
57138 64306 64351 0.000787567
56105 62762 62638 -0.00221014
57519 64598 64703 0.00182548
57150 63832 63808 -0.000419948
56838 63292 63729 0.00768852
57248 62953 62779 -0.00303941
56691 62492 62492 0
58559 65212 65146 -0.00112707
56619 61857 61999 0.00250799
56170 63261 63086 -0.00311554
57503 65026 65026 0
58484 62286 62819 0.0091136
56404 63945 63911 -0.000602794
57717 64112 64212 0.00173259
56294 62092 62201 0.00193626
57717 63168 63006 -0.0028068
56059 61381 61217 -0.00292549
56347 61431 60948 -0.00857188
55272 61298 61593 0.00533724
57832 64402 64606 0.00352746
58240 62362 62362 0
59492 64249 64249 0
56972 62861 63240 0.00665239
58055 64362 64035 -0.00563259
57108 63313 63324 0.000192617
56579 62836 62508 -0.0057972
58015 63886 63929 0.000741188
55969 62240 62294 0.00096482
56791 63484 63455 -0.000510644
57018 62500 62432 -0.00119261
57201 64395 63971 -0.00741246
54302 62284 62295 0.000202571
55766 63546 63553 0.000125525
57019 63932 63932 0
58248 65315 65388 0.00125326
56394 63283 63408 0.00221655
58852 65389 65389 0
56887 62862 63287 0.00747095
57605 62398 62588 0.00329832
56421 64151 64187 0.00063806
56307 63958 63921 -0.000657112
55990 63516 63589 0.0013038
58475 64805 64695 -0.00188115
57432 63579 63822 0.00423109
55081 63722 63660 -0.00112562
56611 63211 63211 0
58747 63283 63186 -0.00165115
57483 64857 64366 -0.00854166
57749 63717 63714 -5.1949e-05
56808 62728 62908 0.00316857
55252 63498 63421 -0.00139361
57604 63444 63579 0.00234359
57754 65364 65669 0.00528102
57364 63246 63065 -0.00315529
57030 64323 64303 -0.000350693
56806 62209 62295 0.00151392
55376 62868 63099 0.00417148
56226 62719 62741 0.000391278
57538 64213 64205 -0.000139039
57806 63843 63667 -0.00304467
58980 65148 65156 0.000135639
58419 64707 64606 -0.00172889
59105 64423 64095 -0.00554945
57962 62850 62850 0
58727 63999 64030 0.000527866
57336 63886 63922 0.000627878
59865 64722 64631 -0.00152009
61010 65538 65538 0
55715 62635 62628 -0.000125639
57602 63774 63688 -0.001493
58405 65828 65873 0.000770482
58285 65211 64689 -0.00895599
56602 64419 64201 -0.00385145
58597 63855 63915 0.00102394
58268 64086 63900 -0.00319215
57050 63258 63490 0.00406661
58351 64114 64305 0.00327329
54362 64329 64329 0
55642 63257 63043 -0.00384602
56013 62990 63112 0.00217807
59016 64728 64627 -0.0017114
55198 62636 62392 -0.00442045
55443 63315 63264 -0.000919864
56838 64342 64342 0
55430 63990 63561 -0.00773949
57027 63959 64143 0.00322654
59968 65163 64789 -0.00623666
55882 63207 63139 -0.00121685
58393 65179 65386 0.00354495
57277 63008 63124 0.00202525
57974 65355 65571 0.00372581
57894 64630 64605 -0.000431824
57348 62978 62221 -0.0132001
60424 64271 64244 -0.000446842
55038 63365 63365 0
57648 63669 63154 -0.00893353
55002 63952 63934 -0.000327261
55693 63213 63208 -8.97779e-05
57306 62713 62920 0.00361219
55784 62785 62677 -0.00193604
56786 63296 63263 -0.000581129
58392 63417 63183 -0.0040074
55536 63296 63296 0
56541 63652 63684 0.000565961
55894 64070 64070 0
57247 65310 65020 -0.00506577
55993 62978 62842 -0.00242888
55733 63891 63556 -0.0060108
55128 62055 61776 -0.00506095
57256 63492 63457 -0.00061129
56217 62880 63166 0.00508743
58362 63097 62792 -0.005226
58823 63936 63999 0.00107101
57158 66402 66257 -0.00253683
55936 63115 61967 -0.0205235
54731 64939 64633 -0.00559098
55063 60989 61019 0.00054483
58109 63546 63403 -0.00246089
55629 65830 65417 -0.00742419
58388 64281 63902 -0.00649106
57399 63532 63489 -0.000749142
58728 63783 64108 0.00553399
58355 64710 64678 -0.000548368
56163 64496 64755 0.00461158
58772 64425 64425 0
56415 63318 63317 -1.77258e-05
57591 64060 64072 0.000208366
56877 62252 62274 0.0003868
60053 65602 65958 0.0059281
57055 64457 64454 -5.25808e-05
56215 62707 62650 -0.00101396
54855 62253 62053 -0.00364598
56917 64297 64359 0.00108931
56272 62963 62918 -0.000799687
56143 62599 62734 0.00240457
57788 63005 63005 0
58220 65390 65269 -0.00207832
57112 62521 62701 0.0031517
56145 62291 61473 -0.0145694
57343 64119 64029 -0.0015695
56729 64202 64202 0
57018 63404 63346 -0.00101722
57683 65297 65297 0
58342 63777 62669 -0.0189915
56158 63074 62475 -0.0106663
56426 63199 62659 -0.00957006
59065 65249 64984 -0.00448658
55712 64900 64868 -0.000574383
58407 64012 63869 -0.00244834
57492 63502 63476 -0.000452237
57115 64908 65216 0.00539263
58233 65096 65020 -0.0013051
60310 64360 64228 -0.00218869
58761 65294 65322 0.000476507
56684 62928 63141 0.00375767
58392 64291 63811 -0.0082203
59547 64665 64604 -0.0010244
59639 63569 63569 0
58691 63509 63144 -0.00621901
56989 63914 63723 -0.00335152
57478 64113 64146 0.000574133
56621 64142 63891 -0.00443298
59534 64880 64172 -0.0118924
59179 65481 65424 -0.00096318
56608 63294 63374 0.00141323
56948 64566 64535 -0.000544356
58112 63615 63401 -0.00368254
58875 64320 64362 0.000713376
56443 62319 62273 -0.000814981
57732 62582 62696 0.00197464
58821 64736 64932 0.00333214
54627 61726 61448 -0.00508906
55322 63708 63559 -0.00269332
56518 63144 63210 0.00116777
57990 62671 62452 -0.00377651
58648 65043 64988 -0.000937798
59426 63901 63943 0.000706761
59144 64714 64875 0.00272217
58408 63729 63643 -0.0014724
58749 64351 64125 -0.00384687
56519 61995 62217 0.00392788
59641 64741 64366 -0.00628762
58089 66369 66369 0
56508 62203 61651 -0.00976853
59140 65537 65537 0
55661 62453 62343 -0.00197625
57897 63566 63509 -0.000984507
56428 63441 63062 -0.00671652
57437 63348 62975 -0.00649407
57539 62637 62787 0.00260693
58379 64930 64930 0
56348 63171 63322 0.00267978
55417 62124 62117 -0.000126315
56314 63881 63926 0.000799091
57565 64733 65113 0.00660123
57954 63152 62872 -0.00483142
56941 64242 63872 -0.00649795
57524 63518 63516 -3.47681e-05
57971 63961 63866 -0.00163875
59431 63773 64563 0.0132927
57090 61868 61868 0
55011 62495 62436 -0.00107251
56564 62500 62065 -0.0076904
60620 65860 65874 0.000230947
56122 62880 63003 0.00219165
58170 64527 64624 0.00166753
57502 65503 65503 0
56731 61813 61869 0.000987115
55046 62681 62774 0.0016895
59001 64345 64256 -0.00150845
57372 63562 63605 0.000749495
58895 64297 64297 0
57513 64146 64224 0.00135622
56870 62595 62572 -0.000404431
58292 64684 64503 -0.00310506
58799 63941 63505 -0.00741509
58634 64861 64863 3.41099e-05
55836 61936 61868 -0.00121785
56525 63273 62523 -0.0132685
55552 63061 62765 -0.00532834
58190 64847 64191 -0.0112734
57641 62219 61977 -0.0041984
56872 61325 61115 -0.0036925
56328 62459 62714 0.00452706
59056 62526 63044 0.00877134
53369 62877 62898 0.000393487
58266 64447 64582 0.00231696
57083 64174 64345 0.00299564
57195 64018 64174 0.00272751
57974 65727 65727 0
55621 61188 61006 -0.00327215
56283 62782 63234 0.00803084
56877 63130 63647 0.00908979
58435 64663 64791 0.00219047
56524 62937 63213 0.00488288
55933 62260 61926 -0.00597143
60062 64163 64123 -0.000665978
60398 65352 65602 0.00413921
55941 61727 61636 -0.00162671
56000 62098 62068 -0.000535714
56532 62743 62266 -0.0084377
57523 63285 63285 0
56077 63318 63452 0.00238957
58312 64327 64637 0.00531623
55549 63375 63360 -0.000270032
57848 63795 63770 -0.000432167
59755 64914 64914 0
58204 63188 63392 0.00350491
58228 63757 63669 -0.0015113
56582 63220 63231 0.000194408
59150 64637 64498 -0.00234996
59131 63378 63052 -0.00551318
57237 63433 63307 -0.00220137
59360 65323 65269 -0.000909704
58112 62461 62716 0.00438808
54889 62464 62523 0.0010749
58221 63017 63459 0.00759176
55988 63002 63002 0
59813 64084 64014 -0.00117031
59764 65884 65846 -0.000635834
57279 63621 63561 -0.0010475
57709 65376 65410 0.000589163
56628 62150 61753 -0.00701067
55126 62449 62322 -0.00230381
58612 64404 64404 0
57698 62989 62543 -0.0077299
55384 64330 64330 0
58530 64309 65004 0.0118743
56432 64630 64630 0
57639 63284 63284 0
56140 64716 64520 -0.00349127
57112 62015 62163 0.0025914
58145 64922 65488 0.00973428
58008 63659 63666 0.000120673
55255 63079 63079 0
57417 62767 63149 0.00665308
57008 63825 63774 -0.000894611
57176 62614 62447 -0.00292081
57405 62565 62491 -0.00128909
59345 65454 65428 -0.000438116
54649 61224 60826 -0.00728284
58258 64916 65008 0.00157918
57628 64026 63910 -0.00201291
54968 63637 63478 -0.00289259
55962 62004 62200 0.00350238
56893 63884 64096 0.00372629
57723 62937 63114 0.00306637
60741 66292 65888 -0.00665119
57109 63350 63448 0.00171602
53641 61042 60858 -0.00343021
56710 61904 61366 -0.00948686
60865 66600 66532 -0.00111723
55180 61839 61864 0.000453063
56351 62408 62911 0.00892619
56743 64712 64714 3.52466e-05
57768 63004 62978 -0.000450076
57920 64502 64502 0
53271 60725 60560 -0.00309737
55667 62484 62592 0.00194011
56675 62556 62257 -0.00527569
56458 63647 63320 -0.00579192
57540 64029 63781 -0.00431005
58959 63511 63628 0.00198443
57582 64153 64032 -0.00210135
56834 64225 64739 0.00904388
57796 63035 62806 -0.00396221
57800 65512 65512 0
56718 63143 63041 -0.00179837
56472 64333 64337 7.08316e-05
56591 62932 62902 -0.00053012
58444 63672 63719 0.000804189
53697 62580 62683 0.00191817
57214 63354 63354 0
56910 64434 64401 -0.000579863
56791 61975 61553 -0.00743075
56480 63269 62531 -0.0130666
59087 64192 64103 -0.00150625
56910 63088 63031 -0.00100158
57688 62625 62873 0.00429899
57658 64258 64774 0.00894932
57826 62684 62649 -0.000605264
55767 61526 61526 0
55925 62458 62446 -0.000214573
56510 62849 63050 0.00355689
57435 62916 63004 0.00153217
58539 63573 63899 0.00556894
57859 63163 63169 0.0001037
56943 63979 63627 -0.00618162
57200 63735 63696 -0.000681818
58860 64612 64345 -0.00453619
57141 63797 63927 0.00227507
59086 64722 64638 -0.00142166
56410 64147 63981 -0.00294274
57483 63663 63878 0.00374024
55300 63477 63108 -0.00667269
56674 62309 62493 0.00324664
58850 63569 63401 -0.00285472
56323 63957 63957 0
57670 63607 63607 0
57466 63821 63821 0
56896 63975 63691 -0.00499156
57547 63810 63743 -0.00116427
57576 63962 63764 -0.00343893
57036 62889 62978 0.00156042
60121 65409 65293 -0.00192944
58258 65425 65047 -0.00648838
58237 63878 63720 -0.00271305
56292 64316 63777 -0.00957507
57122 62739 62494 -0.00428907
55220 63906 63958 0.000941688
57838 63928 64044 0.0020056
60161 65964 66041 0.0012799
56663 62876 62793 -0.0014648
59606 66416 66416 0
57957 65255 65322 0.00115603
55682 64712 64690 -0.000395101
55948 62438 62056 -0.00682777
58335 63858 63916 0.000994257
58372 64026 64098 0.00123347
57767 63092 63260 0.00290823
57160 64127 63828 -0.00523093
58082 64696 64722 0.000447643
57562 63444 62781 -0.011518
57450 63933 64108 0.00304613
56114 61321 61467 0.00260185
57503 62457 62356 -0.00175643
57296 63384 63411 0.000471237
56665 64056 64056 0
57029 64195 64269 0.00129759
58108 64481 64309 -0.00296001
57662 64434 64556 0.00211578
59111 64765 64618 -0.00248685
57105 64871 64843 -0.000490325
58743 64461 64461 0
57095 61548 61548 0
57953 63629 63785 0.00269184
57008 63148 63179 0.000543783
57562 64382 64440 0.00100761
58351 63478 63451 -0.000462717
55784 61784 61987 0.00363904
58207 64582 64491 -0.00156339
58064 64404 64246 -0.00272114
59246 64756 64756 0
59322 65136 65224 0.00148343
57104 63178 63414 0.00413281
58643 63892 63892 0
57743 63708 63997 0.00500494
55145 63266 63266 0
57697 63553 63519 -0.000589285
57977 65381 65472 0.00156959
58313 63408 63506 0.00168059
58109 65828 65830 3.44181e-05
59804 66147 66336 0.00316032
56990 65516 65239 -0.0048605
57078 63883 63883 0
58669 62911 63028 0.00199424
56657 61779 61795 0.000282401
58033 64157 64157 0
56835 63983 63880 -0.00181226
58908 62851 62852 1.69756e-05
58632 63950 63774 -0.00300177
57031 63350 63951 0.0105381
55990 63648 63648 0
58315 64482 64129 -0.00605333
55328 62354 62081 -0.00493421
57584 64592 64732 0.00243123
58793 63002 62717 -0.00484752
56614 63390 63390 0
58384 65018 64867 -0.00258633
56134 63569 63548 -0.000374105
56598 64372 64372 0
56966 65021 65021 0
56693 64633 64572 -0.00107597
58286 64068 64068 0
56217 64603 64692 0.00158315
59041 64332 64332 0
57215 62989 62973 -0.000279647
58796 64007 63763 -0.00414994
55323 63591 63016 -0.0103935
58224 65003 64760 -0.00417354
58136 65154 64687 -0.00803289
56128 62411 62089 -0.00573689
57771 62411 61976 -0.00752973
59918 66211 65993 -0.00363831
59164 63381 63461 0.00135217
57622 62808 62892 0.00145778
57235 63555 63794 0.00417577
59260 64994 64994 0
58137 64889 64752 -0.0023565
59436 64713 65121 0.00686453
57776 63200 63200 0
56477 62374 62235 -0.00246118
57651 62286 62458 0.00298347
55868 62964 62497 -0.00835899
58888 64148 63709 -0.00745483
57120 62385 62076 -0.00540966
56911 63999 64079 0.0014057
56986 62958 62985 0.000473801
57211 63298 63083 -0.00375802
56568 64103 63950 -0.00270471
56720 62846 62852 0.000105783
54595 63005 63285 0.00512867
57309 64130 63519 -0.0106615
56450 62135 62169 0.000602303
57999 65639 65211 -0.00737944
54002 61692 61572 -0.00222214
59464 64486 64647 0.00270752
55846 64296 64293 -5.37192e-05
59123 63521 63801 0.00473589
58391 63786 63377 -0.0070045
56577 63154 63481 0.00577973
57952 64097 64096 -1.72557e-05
57068 62330 62282 -0.000841102
57515 63012 63395 0.00665913
58098 62856 62278 -0.00994871
58608 64512 64608 0.001638
57619 63758 63534 -0.00388761
57202 63250 63090 -0.0027971
55059 62030 61826 -0.00370512
57265 62366 62207 -0.00277657
55660 62818 62935 0.00210205
56025 63868 63868 0
56587 64551 64551 0
58915 65945 66000 0.000933548
57089 62493 62399 -0.00164655
55691 64202 63994 -0.00373489
58084 65984 65880 -0.00179051
58723 64716 64544 -0.00292901
57370 64304 64597 0.0051072
58721 63429 63605 0.00299722
56398 61744 61533 -0.00374127
56153 64492 64492 0
56499 63820 63788 -0.000566382
58123 63120 62718 -0.00691637
58710 65685 65331 -0.00602964
55998 64217 64011 -0.0036787
54292 61420 61293 -0.0023392
57879 61856 61876 0.000345548
58280 63273 63263 -0.000171585
54463 62931 62842 -0.00163414
56734 64110 64153 0.000757923
57290 62836 63026 0.00331646
57159 63578 63540 -0.000664812
56404 62362 62362 0
55966 62812 62316 -0.00886252
56715 63232 63511 0.00491933
56140 62049 62118 0.00122907
54447 61883 62399 0.00947711
56174 62542 62314 -0.00405882
56367 63745 63989 0.00432877
57805 63267 63257 -0.000172995
57713 64592 64612 0.000346542
56354 63347 63339 -0.00014196
56294 63469 63433 -0.0006395
56497 61371 61699 0.00580562
56504 63073 63010 -0.00111497
57387 62823 62823 0
53999 62316 62454 0.0025556
59102 66240 66041 -0.00336706
56317 64059 64059 0
58324 65715 65791 0.00130307
57070 63484 63393 -0.00159453
58181 64237 64151 -0.00147815
57821 63734 63381 -0.00610505
55682 62057 61671 -0.00693222
59222 64104 64187 0.00140151
57415 62774 62774 0
55151 62200 62123 -0.00139617
60297 65845 65571 -0.00454417
58402 63823 63739 -0.00143831
58867 63818 63546 -0.00462059
57459 64743 64724 -0.000330671
56982 63540 63364 -0.00308869
56203 63318 63112 -0.00366528
54522 62262 62345 0.00152232
56973 63308 63457 0.00261527
56349 64046 64211 0.00292818
55230 62575 62348 -0.00411009
58105 65247 65241 -0.000103261
58902 64862 64957 0.00161285
59736 65798 65410 -0.00649525
56151 62835 63585 0.0133568
56133 63114 63196 0.00146082
59828 65066 65066 0
57755 63771 63723 -0.000831097
56272 63716 63632 -0.00149275
56981 63049 62813 -0.00414173
56729 63741 63741 0
56937 63746 63746 0
57454 63907 63903 -6.96209e-05
58540 64396 64006 -0.00666211
57776 64471 64463 -0.000138466
56623 62588 62680 0.00162478
56613 64623 64818 0.00344444
57324 62511 63059 0.0095597
57241 64170 63876 -0.00513618
56669 64889 64931 0.000741146
57318 63384 63438 0.000942112
56998 65069 65253 0.00322818
55492 62549 62717 0.00302746
55650 62909 62847 -0.00111411
57022 64618 64533 -0.00149065
56037 62046 62372 0.00581758
57825 63472 63457 -0.000259403
57823 62747 63215 0.00809367
58514 64264 64256 -0.000136719
58328 63006 63027 0.000360033
56271 63945 63835 -0.00195483
56335 63899 63630 -0.00477501
58115 64774 64774 0
55819 62828 62831 5.37451e-05
57527 63496 63229 -0.0046413
58313 63920 64041 0.00207501
57890 64884 64989 0.00181378
58542 64113 64099 -0.000239145
57529 62786 62839 0.000921274
56366 64019 63823 -0.00347727
57731 64368 64204 -0.00284076
56163 64979 64979 0
57409 62445 62604 0.0027696
57395 62537 62281 -0.00446032
57410 63606 63706 0.00174186
57972 63061 62809 -0.00434693
55750 64432 64490 0.00104036
58365 61939 62202 0.00450613
57131 62348 62304 -0.00077016
57308 64018 63621 -0.00692748
56533 63128 63249 0.00214034
55546 63997 64018 0.000378065
57310 62744 62554 -0.0033153
59178 64120 63818 -0.00510325
59540 64089 64124 0.00058784
57399 64321 64129 -0.00334501
58924 64930 64965 0.000593985
56552 63701 63466 -0.00415547
59411 65729 65510 -0.00368619
58167 63538 63883 0.0059312
55576 63233 62447 -0.0141428
56992 64086 63846 -0.00421112
56205 64844 64677 -0.00297127
57381 62169 62071 -0.00170788
56726 63606 63593 -0.000229172
56432 63808 63932 0.00219733
57471 63661 63472 -0.00328862
56669 63027 63142 0.00202933
57881 64006 64006 0
57189 65169 64885 -0.00496599
57304 62141 61356 -0.0136989
56561 62563 62323 -0.00424321
56366 64116 63924 -0.00340631
57676 63290 63511 0.00383175
54311 60803 60730 -0.00134411
58658 65387 65498 0.00189233
57946 64142 64268 0.00217444
57886 65914 65914 0
56461 62977 62824 -0.00270984
57344 62195 62447 0.00439453
59078 64649 64600 -0.000829412
54844 62436 62404 -0.000583473
57185 62658 62401 -0.00449419
59297 64067 64311 0.00411488
58217 63869 63888 0.000326365
57142 64299 64287 -0.000210003
58324 64946 65122 0.00301763
55685 63800 63768 -0.000574661
56550 64637 64637 0
55523 61917 61900 -0.000306179
56211 62356 62114 -0.00430521
56958 64120 63694 -0.0074792
59747 65187 65424 0.00396673
59302 62860 63326 0.00785808
55226 63364 63283 -0.0014667
56898 65490 65532 0.000738163
57380 63012 63046 0.000592541
57733 63955 63852 -0.00178407
59520 65949 66050 0.00169691
59685 65469 65534 0.00108905
57431 63943 63937 -0.000104473
57343 64185 64185 0
58819 65012 65004 -0.00013601
56788 63633 63492 -0.00248292
59356 63401 63397 -6.739e-05
56401 62659 62972 0.00554955
54530 60843 60802 -0.00075188
56151 62324 61822 -0.00894018
57198 63422 63417 -8.74156e-05
56199 63607 63580 -0.000480436
61378 64964 64907 -0.000928672
59530 64127 64393 0.00446834
58696 64785 64618 -0.00284517
56746 64538 64440 -0.00172699
56567 63668 63601 -0.00118444
59975 65303 65156 -0.00245102
59086 63984 64008 0.000406188
58864 65162 65438 0.00468877
57143 63539 63500 -0.000682498
57177 65139 65144 8.74477e-05
58376 64025 63885 -0.00239825
56964 62485 62557 0.00126396
58115 65279 65340 0.00104964
57521 65279 65356 0.00133864
57580 64074 64326 0.00437652
59403 63112 63104 -0.000134673
58990 63459 63486 0.000457705
58077 63763 63851 0.00151523
58080 64201 64413 0.00365014
55300 62117 61881 -0.00426763
59017 65254 65265 0.000186387
58600 62669 62890 0.00377133
58982 63464 63437 -0.000457767
58039 64258 64258 0
56216 62405 62612 0.00368223
59802 64786 64655 -0.00219056
55400 61913 61970 0.00102888
57363 63478 63478 0
56924 64059 63940 -0.00209051
57675 63511 63490 -0.000364109
58679 63403 63306 -0.00165306
54648 62182 62354 0.00314742
59272 63668 63640 -0.000472398
57758 62458 62593 0.00233734
57111 63299 63166 -0.0023288
55817 62854 62718 -0.00243653
57631 63425 63056 -0.0064028
56755 62967 63100 0.00234341
54516 62317 62391 0.0013574
56892 64562 64579 0.000298812
57964 65587 65186 -0.00691809
58103 63652 63914 0.00450923
55833 63896 63887 -0.000161195
58175 63656 63558 -0.00168457
57969 64149 64149 0
57546 63047 63025 -0.000382303
58245 65032 65032 0
57203 64425 64425 0
55787 63214 62729 -0.00869378
58286 64041 64041 0
58969 65109 65151 0.000712239
57275 64524 64524 0
58319 64705 64705 0
56065 63218 63218 0
57388 62932 62963 0.000540183
59313 64874 64771 -0.00173655
56484 63239 63252 0.000230154
57836 64444 64349 -0.00164258
57100 62729 62729 0
57324 63545 63453 -0.00160491
55624 63206 63653 0.0080361
60036 64622 64518 -0.00173229
55763 63215 63483 0.00480605
56506 64221 64358 0.00242452
58521 65400 65400 0
54442 60619 60769 0.00275523
57750 64555 64886 0.0057316
55914 62511 62194 -0.00566942
57287 63696 63628 -0.00118701
57232 62859 62924 0.00113573
