29419 31711 31750 0.00132567
28626 31774 31774 0
29467 32234 32389 0.00526012
29227 31953 31967 0.000479009
28728 32718 32718 0
28885 32267 32332 0.0022503
30068 32908 32847 -0.00202873
29846 32208 32272 0.00214434
29534 32028 32028 0
28194 31435 31526 0.00322764
28802 32152 31994 -0.00548573
29353 32539 32532 -0.000238476
28156 30897 30954 0.00202444
29122 32434 32354 -0.00274706
29142 31901 31853 -0.00164711
28994 32325 32338 0.000448369
30632 32735 32735 0
29262 33104 33104 0
28369 31649 31462 -0.0065917
29735 32821 32821 0
29117 32605 32342 -0.00903252
29391 32424 32559 0.00459324
28239 31458 31456 -7.0824e-05
28952 31968 31899 -0.00238326
29231 31700 31685 -0.000513154
28568 32318 32359 0.00143517
29359 32518 32549 0.00105589
29878 33096 33081 -0.000502042
28801 32171 32235 0.00222215
29232 32161 32072 -0.00304461
29256 32284 32458 0.0059475
28445 31659 31654 -0.000175778
29293 32419 32450 0.00105827
29265 31461 31461 0
28291 31650 31579 -0.00250963
28217 32291 32270 -0.000744232
29178 32510 32266 -0.00836246
29434 33140 33103 -0.00125705
28637 32281 32266 -0.000523798
28496 31856 31843 -0.000456204
29628 33496 33540 0.00148508
29163 31801 32084 0.00970408
29554 32376 32089 -0.00971104
29705 32346 32346 0
29287 31930 31867 -0.00215113
30115 33087 33110 0.000763739
29838 32551 32381 -0.00569743
29728 32851 32867 0.000538213
29303 32674 32813 0.00474354
28939 31449 31280 -0.00583987
28433 32138 32135 -0.000105511
28757 32081 32120 0.00135619
28257 31302 31269 -0.00116785
29662 31988 32041 0.0017868
29329 32341 32587 0.0083876
29570 32463 32343 -0.00405817
28897 32142 32292 0.00519085
29798 32617 32519 -0.00328881
29147 32281 32274 -0.000240162
28566 32156 32156 0
28925 32241 32239 -6.91443e-05
29356 31646 31483 -0.00555253
28776 31877 31784 -0.00323186
30137 32402 32372 -0.000995454
28478 31466 31305 -0.00565349
29302 32477 32477 0
29023 32136 32291 0.00534059
29200 32206 31824 -0.0130822
28228 31539 31559 0.000708516
30176 32554 32341 -0.00705859
28588 32325 32262 -0.00220372
28474 31629 31707 0.00273934
28034 32825 32887 0.0022116
28739 31894 31859 -0.00121786
28157 31677 31592 -0.00301879
28195 31321 31418 0.00344033
28712 31905 31833 -0.00250766
28472 32472 32566 0.00330149
29385 32830 32878 0.00163349
29656 32741 32806 0.0021918
28177 31346 31385 0.00138411
29285 32194 32131 -0.00215127
28342 31710 31690 -0.000705667
28582 31411 31401 -0.000349871
29534 32363 32412 0.0016591
29423 32478 32478 0
28252 31626 31605 -0.00074331
29161 32840 32973 0.00456089
29582 32466 32180 -0.00966804
30666 33009 33014 0.000163047
29778 33646 33646 0
29018 32678 32556 -0.00420429
29251 32370 32146 -0.00765786
28773 31925 32064 0.00483092
28759 32312 32102 -0.00730206
28271 32027 31997 -0.00106116
28630 31320 31365 0.00157178
29270 32686 32686 0
28614 32503 32498 -0.00017474
28858 31447 31438 -0.000311872
29193 31951 32021 0.00239784
28868 32126 32120 -0.000207843
29659 32800 33006 0.00694562
29518 32182 32100 -0.00277797
29037 32323 32272 -0.00175638
28963 33079 33079 0
29223 31944 32065 0.00414057
28262 32384 32426 0.00148609
28873 32196 32195 -3.46344e-05
29707 32321 32442 0.00407311
29362 32305 31959 -0.0117839
28856 31445 31513 0.00235653
28183 33224 33224 0
28873 31563 31728 0.00571468
28629 31337 31378 0.00143211
28878 31421 31409 -0.000415541
28509 31988 31832 -0.00547196
28640 32384 32584 0.00698324
28982 32617 32942 0.0112139
28916 32033 32033 0
28116 32219 32204 -0.000533504
29038 31815 31748 -0.00230732
28835 32688 32854 0.00575689
27132 31537 31663 0.00464396
29402 32541 32541 0
28748 32218 32372 0.00535689
28313 31478 31563 0.00300215
29015 32437 32566 0.00444598
30142 31826 31779 -0.00155929
28842 32665 32733 0.00235767
28809 32542 32335 -0.00718525
29440 32168 32189 0.000713315
28818 32009 31888 -0.00419876
29296 32271 32422 0.00515429
28863 32747 32716 -0.00107404
29653 31928 31941 0.000438404
29714 32872 32872 0
28803 32946 33064 0.0040968
28307 31625 31433 -0.00678277
28610 32574 32314 -0.00908773
28391 31780 31730 -0.00176112
28482 31584 31527 -0.00200126
27873 31150 30873 -0.00993793
28762 31589 31814 0.00782282
29682 31954 31980 0.000875952
29193 32245 32245 0
29350 32362 32320 -0.00143101
28174 31216 31216 0
28477 32434 32596 0.0056888
28558 31536 31536 0
28017 32347 32347 0
28030 31612 31459 -0.00545844
28594 31267 31378 0.00388193
28148 31192 31100 -0.00326844
28794 32097 32097 0
28783 31838 31805 -0.00114651
27814 31747 31552 -0.00701086
29052 31631 31695 0.00220295
29189 31933 32059 0.00431669
27840 31376 31530 0.00553161
29588 32247 32373 0.00425848
29506 32949 33041 0.00311801
28801 31971 31814 -0.0054512
28295 32358 32202 -0.00551334
28024 31577 31523 -0.00192692
28611 32187 31882 -0.0106602
28980 32434 32477 0.00148378
29264 32678 32708 0.00102515
28974 32569 32575 0.000207082
29523 32443 32416 -0.000914541
29181 31664 31531 -0.00455776
29285 32796 32918 0.00416596
29252 32180 32235 0.00188021
27919 31260 31359 0.00354597
29919 32773 32817 0.00147064
29262 32430 32430 0
29402 32812 32752 -0.00204068
28755 31285 31518 0.00810294
29025 31968 31961 -0.000241171
29212 32212 32044 -0.00575106
29331 32381 32476 0.00323889
28569 32378 32314 -0.00224019
29771 32092 31808 -0.00953948
28917 32059 32059 0
30506 33652 33585 -0.00219629
30188 32780 32884 0.00344508
28562 31634 31659 0.000875289
28175 31628 31542 -0.00305235
28597 31919 31919 0
29518 33343 33053 -0.00982451
28700 32460 32390 -0.00243902
28203 32585 32492 -0.00329752
28560 31781 31846 0.00227591
30721 32941 32814 -0.00413398
29774 32858 32623 -0.00789279
28858 32107 32197 0.00311872
28699 31927 31823 -0.00362382
27960 31411 31339 -0.00257511
27994 31514 31506 -0.000285776
28042 31957 31904 -0.00189002
29936 33181 33088 -0.00310663
28702 32167 32220 0.00184656
29475 31991 32075 0.00284987
28404 32279 32233 -0.00161949
29676 32350 32394 0.00148268
27851 31162 31173 0.000394959
29008 32215 31846 -0.0127206
28901 31989 32100 0.0038407
28072 31684 31703 0.000676831
29132 31772 31890 0.00405053
27659 30545 30536 -0.000325391
29337 33248 33463 0.00732863
30286 32727 32727 0
28923 33038 32903 -0.00466757
29693 32302 32230 -0.00242481
28534 31981 31848 -0.00466111
28734 31687 31590 -0.00337579
28878 31771 31822 0.00176605
28874 32330 32247 -0.00287456
29286 32747 32662 -0.00290241
28788 32476 32250 -0.00785049
29075 31748 31597 -0.00519347
30367 33600 33586 -0.000461027
27111 30567 30495 -0.00265575
29377 32644 32558 -0.00292746
28638 32138 31813 -0.0113486
28403 31703 31735 0.00112664
27980 31529 31549 0.000714796
28040 32033 32007 -0.000927247
29335 32235 32200 -0.00119311
29567 32279 32357 0.00263808
28928 32444 32499 0.00190127
29427 33600 33600 0
29434 31511 31804 0.00995447
28658 31771 31915 0.00502477
28584 31324 31324 0
29500 32172 32172 0
29016 32524 32643 0.00410119
29112 32795 32654 -0.00484336
30307 32737 32738 3.29957e-05
28753 31691 31906 0.00747748
28859 32118 31865 -0.00876676
28396 31569 31398 -0.00602197
28235 31695 31881 0.00658757
29534 33053 32746 -0.0103948
29509 33013 33071 0.0019655
28074 32029 32030 3.56201e-05
28105 31276 31334 0.00206369
28134 31802 31825 0.000817516
28964 31492 31491 -3.45256e-05
29305 31824 31952 0.00436786
29128 32118 32007 -0.00381077
28521 32371 32371 0
27793 31210 31151 -0.00212284
28905 31808 31794 -0.000484345
29555 32590 32590 0
29445 32667 32492 -0.00594328
29851 32520 32465 -0.00184248
28114 32399 32369 -0.00106708
28516 31787 31646 -0.00494459
28552 31768 32051 0.00991174
28798 32034 32027 -0.000243072
28568 32023 31829 -0.00679081
27570 31445 31445 0
29858 33165 33165 0
28720 32304 32261 -0.00149721
28745 32150 31955 -0.00678379
28452 31629 31442 -0.00657247
29207 32151 32159 0.000273907
28288 31243 31403 0.00565611
29586 32681 32611 -0.00236598
28552 31766 31894 0.00448305
28522 31493 31615 0.0042774
28932 32673 32611 -0.00214296
29989 33363 33149 -0.00713595
29743 32308 32366 0.00195004
29143 32289 32170 -0.00408331
27925 31311 31282 -0.0010385
29113 32830 32889 0.00202659
28494 31918 31993 0.00263213
29757 32757 32755 -6.72111e-05
28351 31127 30865 -0.0092413
28677 31240 31147 -0.00324302
29084 31808 31720 -0.00302572
28391 31783 31737 -0.00162023
28555 32261 32154 -0.00374715
29017 31381 31300 -0.00279147
29745 33427 33355 -0.00242057
29260 32313 32302 -0.00037594
29728 32390 32146 -0.00820775
28807 32493 32481 -0.000416565
29188 32754 32754 0
28722 31819 31929 0.00382982
28684 31953 32220 0.00930833
29076 32177 31841 -0.0115559
29258 32376 32387 0.000375966
29728 33175 33254 0.00265743
28505 31954 32053 0.00347307
29949 33068 33021 -0.00156933
29928 33157 33269 0.00374231
28847 31522 31522 0
29026 33003 32965 -0.00130917
29153 31984 32014 0.00102905
28855 32453 32484 0.00107434
28323 31683 31623 -0.00211842
29049 32604 32657 0.0018245
28860 32236 32278 0.0014553
28702 31951 32060 0.00379764
28899 31778 31690 -0.00304509
28637 31558 31558 0
29559 32918 32891 -0.000913427
28625 31253 31326 0.00255022
28366 31948 31853 -0.00334908
29033 32817 32817 0
29538 31646 31731 0.00287765
28480 32275 32254 -0.00073736
29143 32363 32416 0.00181862
28425 31317 31395 0.00274406
29150 31879 31802 -0.00264151
28298 30989 31055 0.00233232
28464 31021 30782 -0.00839657
27913 30945 31099 0.00551714
29205 32511 32617 0.00362952
29403 31486 31486 0
30014 32414 32414 0
28784 31788 31943 0.00538494
29296 32471 32305 -0.0056663
28829 31951 31960 0.000312186
28572 31728 31728 0
29300 32311 32284 -0.000921502
28282 31441 31213 -0.00806166
28686 32066 32253 0.00651886
28808 31565 31637 0.00249931
28885 32506 32293 -0.00737407
27427 31460 31467 0.000255223
28168 32079 32085 0.000213008
28802 32289 32289 0
29392 32950 32988 0.00129287
28470 31945 31999 0.00189673
29722 33005 33005 0
28751 31682 31992 0.0107822
29082 31491 31729 0.00818376
28501 32363 32401 0.00133329
28431 32286 32193 -0.00327108
28280 32100 32100 0
29521 32701 32654 -0.00159209
28992 32084 32229 0.00500138
27822 32163 32132 -0.00111423
28570 31898 31898 0
29652 31934 31884 -0.00168623
29019 32724 32480 -0.00840828
29162 32167 32162 -0.000171456
28702 31682 31777 0.00330987
27939 32086 32048 -0.00136011
29075 32021 31994 -0.000928633
29150 32989 33139 0.0051458
28962 31839 31839 0
28790 32476 32462 -0.00048628
28703 31427 31471 0.00153294
27957 31736 31853 0.004185
28394 31666 31680 0.000493062
29052 32410 32403 -0.000240947
29187 32232 32147 -0.00291226
29783 32895 32899 0.000134305
29483 32658 32610 -0.00162806
29864 32542 32401 -0.0047214
29277 31728 31739 0.000375722
29658 32302 32316 0.000472048
28937 32243 32158 -0.00293742
30214 32663 32615 -0.00158867
30789 33068 32800 -0.00870441
28146 31635 31627 -0.000284232
29082 32193 32132 -0.00209752
29485 33219 33205 -0.000474818
29422 32914 32648 -0.00904085
28593 32503 32429 -0.00258805
29582 32229 32255 0.000878913
29415 32352 32253 -0.00336563
28804 31926 32044 0.00409665
29466 32367 32459 0.00312224
27459 32480 32480 0
28110 31941 31752 -0.00672359
28272 32119 31848 -0.00958546
29798 32612 32628 0.000536949
27889 31614 31492 -0.00437448
27991 31885 31864 -0.000750241
28689 32475 32475 0
27984 32290 32079 -0.00754002
28802 32303 32319 0.000555517
30278 32898 32708 -0.00627518
28218 31902 31871 -0.00109859
29477 32900 33005 0.0035621
28924 31811 31867 0.00193611
29264 32976 33083 0.00365637
29232 32624 32875 0.00858648
28954 31795 31415 -0.0131243
30493 32427 32416 -0.000360739
27793 31973 31973 0
29115 32138 31881 -0.00882707
27768 32276 32261 -0.00054019
28121 31906 31910 0.000142242
28952 31667 31770 0.00355761
28165 31618 31638 0.000710101
28669 31953 31846 -0.00373225
29498 32035 31910 -0.00423758
28057 31971 31971 0
28555 32129 31623 -0.0177202
28223 32144 32349 0.00726358
28898 32962 32811 -0.00522528
28279 31801 31730 -0.0025107
28154 32271 32102 -0.0060027
27849 31346 31202 -0.00517074
28912 32052 31369 -0.0236234
28390 31747 31888 0.00496654
29462 31783 31695 -0.0029869
29683 32359 32296 -0.00212243
28841 33491 33415 -0.00263514
28244 31858 31289 -0.0201459
27638 32775 32621 -0.00557204
27800 30792 30812 0.000719424
29338 32058 31999 -0.00201104
28086 33230 33020 -0.00747703
29473 32447 32252 -0.00661623
28989 32083 32060 -0.000793404
29650 32193 32355 0.00546374
29461 32657 32649 -0.000271545
28356 32552 32691 0.00490196
29676 32516 32516 0
28491 31952 31903 -0.00171984
29076 32333 32344 0.000378319
28729 31441 31451 0.00034808
30302 33097 33272 0.0057752
28806 32517 32534 0.000590155
28374 31654 31628 -0.000916332
27709 31433 30962 -0.0169981
28748 32466 32470 0.00013914
28420 31786 31765 -0.000738916
28349 31605 31667 0.00218703
29183 31803 31814 0.000376932
29412 33030 32996 -0.00115599
28841 31568 31576 0.000277383
28365 31468 31049 -0.0147717
28967 32269 32378 0.0037629
28635 32411 32158 -0.00883534
28802 32013 31983 -0.00104159
29119 32960 32960 0
29464 32198 31644 -0.0188026
28362 31851 31544 -0.0108243
28486 31900 31628 -0.00954855
29817 32925 32793 -0.004427
28117 32765 32748 -0.000604616
29497 32316 32247 -0.00233922
29024 32048 32034 -0.000482359
28832 32761 32917 0.00541065
29396 32850 32742 -0.00367397
30441 32486 32416 -0.00229953
29672 32960 32929 -0.00104476
28632 31768 31875 0.00373708
29485 32458 32213 -0.00830931
30068 32643 32617 -0.000864707
30106 32092 32232 0.00465024
29625 31968 31877 -0.00307173
28779 32334 32171 -0.00566385
29022 32368 32287 -0.00279099
28585 32393 32276 -0.00409306
30046 32740 32384 -0.0118485
29874 33052 33166 0.00381603
28596 31966 32005 0.00136383
28751 32590 32572 -0.000626065
29343 32120 32015 -0.00357837
29741 32485 32507 0.00073972
28501 31466 31433 -0.00115785
29135 31588 31642 0.00185344
29683 32667 32769 0.00343631
27590 31175 31034 -0.00511055
27936 32154 32105 -0.00175401
28537 31877 31907 0.00105127
29295 31463 31541 0.00266257
29611 32832 32804 -0.000945595
30013 32270 32276 0.000199913
29861 32670 32742 0.00241117
29473 32163 32118 -0.00152682
29655 32483 32365 -0.00397909
28529 31284 31400 0.00406604
30114 32677 32487 -0.00630936
29345 33504 33504 0
28560 31423 31147 -0.00966387
29864 33087 33128 0.00137289
28115 31543 31489 -0.00192068
29228 32054 32043 -0.000376351
28508 31930 31832 -0.00343763
29007 31975 31794 -0.00623987
29063 31633 31790 0.00540206
29490 32786 32786 0
28439 31771 31947 0.00618868
28013 31390 31390 0
28439 32248 32162 -0.00302402
29079 32691 32886 0.00670587
29255 31882 31734 -0.00505896
28744 32420 32237 -0.00636655
29036 32050 32050 0
29263 32278 32229 -0.00167447
30018 32202 32569 0.012226
28833 31238 31238 0
27787 31557 31526 -0.00111563
28580 31553 31322 -0.00808258
30589 33233 33235 6.5383e-05
28357 31391 31812 0.0148464
29369 32574 32621 0.00160033
29028 33063 33063 0
28650 31215 31247 0.00111693
27802 31643 31687 0.00158262
29802 32456 32456 0
28963 32050 32139 0.00307289
29744 32470 32470 0
29035 32386 32421 0.00120544
28729 31618 31601 -0.000591737
29433 32509 32653 0.00489247
29674 32260 32041 -0.0073802
29594 32729 32734 0.000168953
28208 31273 31184 -0.00315513
28537 31848 31566 -0.00988191
28050 31845 31697 -0.00527629
29379 32736 32400 -0.0114367
29113 31410 31289 -0.00415622
28713 30956 30863 -0.00323895
28445 31529 31632 0.00362102
29830 31569 31835 0.0089172
26950 31701 31750 0.00181818
29420 32532 32594 0.00210741
28830 32392 32482 0.00312175
28883 32313 32468 0.00536648
29270 33189 33179 -0.000341647
28103 30927 30824 -0.00366509
28418 31683 31914 0.00812865
28722 31880 32140 0.00905229
29509 32648 32711 0.00213494
28548 31783 31927 0.00504414
28245 31433 31267 -0.00587715
30325 32391 32407 0.000527617
30484 33106 33111 0.00016402
28244 31174 31280 0.00375301
28271 31340 31271 -0.00244066
28555 31652 31448 -0.00714411
29032 31942 31942 0
28311 31964 32026 0.00218996
29423 32532 32609 0.002617
28056 31997 31985 -0.000427716
29197 32198 32183 -0.000513751
30160 32763 32763 0
29387 32022 31997 -0.000850716
29400 32189 32138 -0.00173469
28576 31908 31871 -0.00129479
29867 32613 32549 -0.00214283
29862 32002 31882 -0.00401849
28904 31954 31948 -0.000207584
29959 32959 32934 -0.000834474
29348 31529 31658 0.00439553
27715 31539 31565 0.00093812
29406 31803 32032 0.00778753
28275 31806 31806 0
30193 32348 32317 -0.00102673
30159 33237 33217 -0.000663152
28927 32114 32084 -0.00103709
29139 32998 33017 0.000652047
28601 31325 31183 -0.00496486
27840 31542 31474 -0.00244253
29607 32523 32523 0
29136 31805 31582 -0.00765376
27974 32482 32482 0
29551 32447 32813 0.0123854
28492 32616 32616 0
29119 31960 31930 -0.00103026
28339 32662 32557 -0.00370514
28836 31298 31363 0.00225413
29345 32759 33041 0.00960981
29280 32126 32123 -0.000102459
27908 31849 31853 0.000143328
29010 31702 31846 0.00496381
28787 32217 32190 -0.000937923
28863 31604 31526 -0.00270242
28985 31597 31558 -0.00134552
29971 32952 32982 0.00100097
27599 30904 30927 0.000833364
29417 32767 32815 0.00163171
29110 32340 32266 -0.00254208
27744 32111 32035 -0.00273933
28266 31301 31394 0.00329017
28728 32256 32386 0.0045252
29146 31822 31870 0.00164688
30646 33449 33234 -0.0070156
28836 31977 32026 0.00169926
27097 30821 30728 -0.00343211
28640 31270 30979 -0.0101606
30720 33609 33578 -0.00100911
27871 31233 31216 -0.000609953
28472 31514 31769 0.00895617
28663 32678 32679 3.48882e-05
29164 31805 31790 -0.000514333
29270 32561 32561 0
26902 30664 30580 -0.00312244
28109 31542 31591 0.00174321
28621 31718 31435 -0.00988784
28494 32119 31810 -0.0108444
29052 32318 32183 -0.00464684
29769 32084 32111 0.000906984
29068 32369 32310 -0.00202972
28691 32373 32678 0.0106305
29176 31814 31704 -0.00377022
29179 33070 33070 0
28641 31882 31829 -0.00185049
28505 32465 32464 -3.50816e-05
28578 31777 31762 -0.000524879
29483 32124 32148 0.000814028
27124 31609 31666 0.00210146
28886 31824 31987 0.00564287
28750 32538 32520 -0.000626087
28687 31301 31092 -0.00728553
28536 31964 31586 -0.0132464
29840 32406 32361 -0.00150804
28738 31845 31820 -0.000869928
29141 31618 31745 0.00435812
29116 32444 32706 0.00899849
29199 31689 31577 -0.00383575
28162 31064 31064 0
28240 31532 31529 -0.000106232
28534 31728 31816 0.00308404
29007 31601 31807 0.00710173
29549 32100 32261 0.00544858
29213 31891 31893 6.84627e-05
28749 32285 32108 -0.00615674
28897 32191 32168 -0.00079593
29720 32621 32479 -0.00477793
28856 32204 32271 0.00232187
29836 32680 32637 -0.00144121
28498 32361 32308 -0.00185978
29021 32139 32249 0.00379036
27923 32043 31860 -0.00655374
28624 31469 31562 0.00324902
29710 32090 32008 -0.00276001
28448 32290 32290 0
29116 32101 32101 0
29017 32215 32215 0
28720 32284 32140 -0.00501393
29062 32206 32179 -0.000929048
29068 32211 32183 -0.000963259
28793 31743 31786 0.00149342
30341 33005 32951 -0.00177977
29418 33020 32832 -0.00639065
29423 32261 32186 -0.00254903
28410 32454 32196 -0.00908131
28860 31691 31571 -0.004158
27884 32268 32201 -0.00240281
29208 32276 32230 -0.00157491
30352 33276 33317 0.00135082
28627 31763 31718 -0.00157194
30104 33535 33535 0
29267 32949 32982 0.00112755
28123 32670 32660 -0.000355581
28257 31529 31335 -0.00686556
29441 32232 32257 0.000849156
29479 32326 32364 0.00128905
29185 31861 31952 0.00311804
28860 32372 32220 -0.00526681
29331 32668 32679 0.00037503
29052 31983 31695 -0.00991326
29006 32274 32362 0.00303386
28348 30964 31042 0.00275152
29038 31530 31478 -0.00179076
28925 31995 32064 0.00238548
28616 32333 32333 0
28793 32408 32441 0.00114611
29325 32267 32447 0.00613811
29117 32512 32580 0.00233541
29823 32675 32593 -0.00274956
28836 32745 32731 -0.000485504
29650 32533 32533 0
28846 31092 31092 0
29264 32118 32199 0.00276791
28783 31893 31988 0.00330056
29058 32486 32486 0
29438 32023 32012 -0.000373667
28160 31168 31300 0.0046875
29382 32591 32550 -0.00139541
29310 32497 32422 -0.00255885
29911 32681 32681 0
29954 32880 32924 0.00146892
28833 31836 32008 0.00596539
29603 32243 32243 0
29145 32145 31814 -0.011357
27853 31939 31939 0
29144 32083 32067 -0.000548998
29272 32998 33041 0.00146898
29434 32009 32060 0.00173269
29354 33230 33131 -0.00337262
30190 33329 33479 0.00496853
28772 33063 32920 -0.00497011
28828 32188 31956 -0.00804773
29611 31748 31806 0.00195873
28615 31197 31250 0.00185218
29295 32392 32392 0
28695 32299 32247 -0.00181216
29749 31733 31736 0.000100844
29606 32102 32200 0.00331014
28802 31986 32209 0.00774252
28289 32144 32144 0
29444 32497 32377 -0.00407553
27944 31482 31342 -0.00501002
29078 32603 32671 0.00233854
29700 31814 31773 -0.00138047
28595 32001 32001 0
29476 32815 32803 -0.000407111
28332 32028 32077 0.00172949
28574 32486 32486 0
28770 32833 32833 0
28623 32635 32606 -0.00101317
29418 32320 32320 0
28373 32605 32657 0.00183273
29808 32474 32474 0
28884 31790 31785 -0.000173106
29699 32308 32194 -0.00383851
27931 32111 32090 -0.000751853
29387 32809 32688 -0.00411747
29350 32891 32661 -0.00783646
28352 31517 31361 -0.00550226
29183 31522 31221 -0.0103142
30240 33407 33298 -0.0036045
29876 32010 32040 0.00100415
29094 31719 31759 0.00137485
28890 32074 32190 0.00401523
29923 32791 32791 0
29356 32755 32691 -0.00218013
30014 32671 32874 0.00676351
29171 31902 31902 0
28529 31492 31326 -0.00581864
29104 31686 31527 -0.00546317
28207 31783 31545 -0.00843762
29741 32390 32162 -0.00766618
28846 31497 31347 -0.00520003
28731 32305 32347 0.00146184
28784 31797 31817 0.00069483
28899 31954 31856 -0.00339112
28559 32329 32273 -0.00196085
28653 31743 31744 3.49004e-05
27569 31808 31952 0.00522326
28941 32375 32064 -0.010746
28503 31378 31388 0.00035084
29272 33117 32903 -0.00731074
27276 31105 31213 0.00395952
30023 32557 32654 0.00323086
28190 32445 32442 -0.000106421
29849 32058 32114 0.00187611
29471 32202 31996 -0.00698992
28564 31945 32045 0.00350091
29251 32361 32357 -0.000136747
28843 31482 31458 -0.000832091
29047 31941 31854 -0.00299515
29335 31743 31447 -0.0100903
29590 32567 32618 0.00172356
29098 32186 32074 -0.00384906
28871 31922 31845 -0.00266704
27814 31318 31215 -0.00370317
28919 31496 31455 -0.00141775
28100 31706 31761 0.0019573
28284 32245 32245 0
28595 32592 32592 0
29739 33277 33306 0.00097515
28840 31571 31523 -0.00166436
28122 32408 32305 -0.00366261
29316 33300 33242 -0.00197844
29646 32665 32577 -0.00296836
28984 32661 32620 -0.00141457
29650 32016 32104 0.00296796
28483 31190 31077 -0.00396728
28356 32524 32554 0.00105798
28547 32242 32225 -0.000595509
29360 31765 31838 0.00248638
29642 33164 32984 -0.00607246
28278 32419 32314 -0.00371313
27427 31006 30948 -0.0021147
29234 31282 31256 -0.000889375
29437 31950 31947 -0.000101913
27501 31754 31718 -0.00130904
28647 32359 32381 0.000767969
28933 31727 31824 0.00335257
28864 32097 32082 -0.000519678
28490 31490 31490 0
28278 31720 31472 -0.00877007
28646 31931 32070 0.00485234
28337 31434 31438 0.000141158
27490 31231 31496 0.00963987
28381 31595 31481 -0.00401677
28457 32162 32295 0.00467372
29195 31941 31932 -0.000308272
29140 32598 32607 0.000308854
28454 32003 31974 -0.00101919
28433 32041 32023 -0.000633067
28536 30988 31158 0.00595739
28530 31838 31807 -0.00108658
28965 31724 31701 -0.000794062
27279 31469 31536 0.0024561
29837 33427 33326 -0.00338506
28456 32355 32355 0
29452 33188 33227 0.00132419
28818 32054 32005 -0.00170033
29370 32458 32372 -0.00292816
29205 32019 32001 -0.000616333
28136 31356 31157 -0.00707279
29880 32349 32370 0.000702811
28998 31683 31683 0
27859 31400 31359 -0.0014717
30432 33239 33189 -0.00164301
29496 32214 32189 -0.000847573
29708 32203 32067 -0.00457789
29017 32689 32679 -0.000344626
28770 32078 31993 -0.00295447
28384 31968 31861 -0.00376973
27530 31426 31515 0.00323284
28761 31968 32041 0.00253816
28455 32334 32413 0.00277631
27905 31608 31497 -0.00397778
29327 32915 32927 0.000409179
29734 32733 32782 0.00164795
30153 33206 33015 -0.00633436
28353 31718 31839 0.00426763
28350 31870 31908 0.00134039
30204 32839 32838 -3.31082e-05
29153 32196 32165 -0.00106336
28421 32172 32129 -0.00151297
28764 31754 31708 -0.00159922
28633 32190 32162 -0.000977893
28747 32180 32180 0
29011 32259 32257 -6.89394e-05
29550 32504 32307 -0.00666667
29160 32617 32533 -0.00288066
28613 31650 31655 0.000174746
28581 32574 32632 0.00202932
28942 31555 31842 0.00991638
28908 32408 32260 -0.00511969
28620 32756 32779 0.000803634
28960 32015 32039 0.000828729
28771 32833 32926 0.00323242
28021 31576 31661 0.00303344
28104 31772 31732 -0.00142328
28804 32624 32577 -0.00163172
28291 31387 31476 0.00314588
29208 32056 32049 -0.00023966
29193 31682 31914 0.00794711
29545 32438 32432 -0.00020308
29438 31809 31820 0.000373667
28403 32274 32220 -0.00190121
28453 32261 32128 -0.00467438
29349 32704 32704 0
28196 31723 31722 -3.5466e-05
29044 32059 31926 -0.00457926
29458 32286 32346 0.0020368
29221 32738 32798 0.00205332
29551 32354 32307 -0.00159047
29048 31688 31716 0.000963922
28457 32307 32205 -0.00358436
29157 32439 32422 -0.00058305
28367 32816 32816 0
28994 31529 31602 0.00251776
28985 31576 31504 -0.00248404
28986 32103 32119 0.000551991
29287 31858 31725 -0.00454126
28153 32520 32549 0.00103009
29477 31280 31406 0.00427452
28862 31490 31467 -0.000796896
28940 32329 32130 -0.0068763
28542 31872 31951 0.00276785
28031 32281 32294 0.000463772
28941 31683 31583 -0.00345531
29877 32368 32317 -0.001707
30051 32342 32367 0.000831919
28969 32388 32357 -0.00107011
29749 32777 32794 0.000571448
28560 32155 32035 -0.00420168
30009 33193 33132 -0.00203272
29362 32068 32243 0.00596008
28060 31926 31523 -0.0143621
28783 32348 32226 -0.00423861
28386 32742 32657 -0.00299443
28967 31283 31335 0.00179515
28648 32115 32110 -0.000174532
28498 32203 32269 0.00231595
29018 32133 32030 -0.00354952
28611 31814 31814 0
29233 32307 32314 0.000239455
28873 32900 32624 -0.0095591
28930 31363 30976 -0.0133771
28558 31580 31457 -0.00430702
28447 32289 32250 -0.00137097
29113 31955 32053 0.00336619
27439 30716 30716 0
29607 32981 33037 0.00189144
29269 32386 32453 0.00228911
29231 33276 33276 0
28514 31791 31714 -0.00270043
28963 31396 31420 0.000828643
29823 32633 32624 -0.000301781
27703 31535 31521 -0.00050536
28889 31633 31509 -0.00429229
29935 32344 32465 0.00404209
29393 32235 32245 0.000340217
28846 32458 32453 -0.000173334
29435 32791 32861 0.00237812
28107 32204 32182 -0.000782723
28576 32643 32643 0
28038 31263 31262 -3.56659e-05
28372 31463 31348 -0.00405329
28763 32362 32155 -0.00719675
30164 32908 33029 0.0040114
29951 31740 31975 0.00784615
27884 31985 31940 -0.00161383
28717 33051 33073 0.000766097
28981 31809 31825 0.000552086
29130 32249 32264 0.000514933
30041 33290 33345 0.00183083
30132 33141 33118 -0.000763308
29010 32335 32281 -0.00186143
28951 32404 32404 0
29693 32809 32807 -6.73559e-05
28685 32134 32055 -0.00275405
29980 32014 32029 0.000500334
28475 31624 31624 0
27567 30774 30722 -0.00188631
28349 31463 31463 0
28879 32084 32011 -0.00252779
28384 32114 32105 -0.00031708
30983 32785 32756 -0.000935997
30042 32359 32494 0.00449371
29626 32692 32607 -0.0028691
28657 32584 32528 -0.00195415
28557 32138 32225 0.00304654
30281 32968 32888 -0.00264192
29837 32308 32317 0.000301639
29716 32878 33018 0.00471127
28858 32070 32050 -0.000693049
28866 32880 32881 3.46428e-05
29472 32334 32259 -0.00254479
28772 31560 31593 0.00114695
29354 32955 32987 0.00109014
29042 32955 32996 0.00141175
29059 32328 32454 0.00433601
29994 31859 32075 0.00720144
29784 32041 32049 0.000268601
29311 32242 32221 -0.000716455
29314 32409 32539 0.00443474
27935 31372 31372 0
29799 32944 32951 0.000234907
29590 31629 31746 0.00395404
29799 32046 32032 -0.000469814
29302 32449 32449 0
28377 31670 31591 -0.00278394
30194 32700 32634 -0.00218586
27969 31354 31276 -0.0027888
28965 32036 32036 0
28741 32342 32286 -0.00194844
29132 32073 32073 0
29623 32014 31965 -0.00165412
27606 31399 31490 0.00329638
29935 32154 31840 -0.0104894
29159 31525 31591 0.00226345
28844 31949 31868 -0.00280821
28199 31741 31454 -0.0101777
29105 32021 31835 -0.00639065
28664 31785 31581 -0.00711694
27543 31479 31424 -0.00199688
28726 32580 32489 -0.00316786
29263 33103 32903 -0.00683457
29346 32136 32280 0.00490697
28196 32244 32170 -0.00262449
29367 32125 32074 -0.00173664
29266 32381 32381 0
29069 31840 31853 0.000447212
29411 32827 32827 0
28879 32528 32528 0
28188 31918 31676 -0.00858521
29420 32314 32314 0
29768 32858 32880 0.000739049
28911 32564 32564 0
29433 32649 32649 0
28324 31922 31922 0
28979 31837 31776 -0.00210497
29941 32749 32698 -0.00170335
28516 31869 31907 0.00133259
29200 32538 32490 -0.00164384
28834 31680 31669 -0.000381494
28930 32066 32022 -0.00152091
28082 31900 32121 0.00786981
30308 32613 32564 -0.00161673
28147 31902 32039 0.0048673
28536 32429 32499 0.00245304
29551 33008 33008 0
27496 30681 30681 0
29161 32580 32745 0.00565824
28232 31561 31436 -0.0044276
28922 32149 32115 -0.00117558
28907 31859 31776 -0.00287128
