64958 69967 70088 0.00186274
62906 69876 69614 -0.00416494
65604 71588 71537 -0.000777392
65132 70860 71043 0.00280968
64721 72187 71168 -0.0157445
63788 71096 70933 -0.00255534
66511 72950 72944 -9.02106e-05
66103 71475 71144 -0.00500734
66072 71006 71192 0.00281511
63394 70285 69742 -0.00856548
64528 71644 71588 -0.00086784
64768 71248 71228 -0.000308794
63338 69103 69169 0.00104203
64590 71352 71890 0.00832946
64750 71430 71172 -0.00398456
64446 71166 71313 0.00228098
68104 72551 72417 -0.00196758
65488 72893 72893 0
63341 69191 69259 0.00107355
65496 71375 71224 -0.00230548
64936 71938 71561 -0.00580572
66066 71899 72076 0.00267914
62504 68624 68764 0.00223986
64846 71195 71208 0.000200475
65649 70225 70146 -0.00120337
64156 72376 72153 -0.0034759
65545 72150 71995 -0.00236479
65897 72296 72567 0.00411248
64362 72467 72467 0
64757 71099 71020 -0.00121995
65384 72609 72756 0.00224826
63598 69937 70041 0.00163527
65078 72249 72203 -0.000706844
64788 69906 69945 0.000601963
63354 70754 70378 -0.00593491
62689 71903 71827 -0.00121233
65157 71816 71757 -0.000905505
65066 72726 72347 -0.00582485
64138 71308 71146 -0.0025258
63511 71553 71682 0.00203114
66354 74134 73816 -0.00479248
64494 70563 70461 -0.00158154
65983 72632 72386 -0.00372823
65971 72160 72197 0.000560852
64860 70626 70133 -0.00760099
67487 73236 72645 -0.00875724
66378 71579 71640 0.000918979
65952 73184 72606 -0.00876395
65830 72402 73041 0.00970682
64389 70031 70196 0.00256255
62799 70865 70932 0.0010669
64225 70890 70890 0
63002 69501 69513 0.00019047
65316 70958 70958 0
65016 72078 72091 0.000199951
65244 70722 70916 0.00297345
64038 71775 71745 -0.000468472
66435 72319 72394 0.00112892
65119 71694 71801 0.00164315
63963 71203 71132 -0.00111002
64342 70848 70848 0
65602 69818 69724 -0.00143288
63964 70463 70359 -0.00162591
66512 71273 70289 -0.0147943
64002 69692 69540 -0.00237493
65795 71771 71823 0.000790334
64724 71911 71911 0
64851 72008 72008 0
63694 69825 69592 -0.00365812
66561 71470 71822 0.00528838
63460 71716 71910 0.00305704
63124 70552 70426 -0.00199607
62630 72536 72518 -0.000287402
64581 71389 71068 -0.0049705
63487 70231 70110 -0.0019059
63427 69933 69934 1.57662e-05
63335 71360 71360 0
63228 71699 71759 0.000948947
65393 72692 72796 0.00159038
66629 72957 72980 0.000345195
62973 69586 69602 0.000254077
64119 70984 70836 -0.00230821
62950 69971 69993 0.000349484
63279 69694 69682 -0.000189636
66133 71958 72192 0.00353832
65075 71821 72068 0.00379562
64070 70397 70337 -0.000936476
65916 73053 73135 0.00124401
66071 71163 71066 -0.00146812
68223 72815 72699 -0.00170031
66275 74477 74197 -0.00422482
63966 71106 71102 -6.25332e-05
65074 72068 72268 0.00307342
64008 70669 71038 0.0057649
64699 71494 71505 0.000170018
62397 70768 70594 -0.0027886
64150 70327 69513 -0.012689
65310 72589 72589 0
63286 72169 72323 0.0024334
64043 69563 69404 -0.00248271
65127 71571 71576 7.67731e-05
64907 71811 71769 -0.00064708
66025 72903 73096 0.00292314
65044 70437 70467 0.000461226
64567 71172 71172 0
65301 73286 72827 -0.00702899
65187 70655 70655 0
64123 73044 73027 -0.000265115
64263 71284 71284 0
65035 71525 71521 -6.15053e-05
66286 71874 71673 -0.00303231
63949 69459 69623 0.00256454
63725 73559 73559 0
64208 70545 70897 0.00548218
64054 70185 70161 -0.000374684
64635 69908 69946 0.000587917
63734 70888 70723 -0.00258889
64716 72344 72594 0.00386303
64610 72113 72333 0.00340505
64195 70156 70140 -0.000249241
63309 71872 71872 0
64916 71179 70773 -0.00625424
64415 72537 72065 -0.00732749
60613 70136 70256 0.00197977
65381 71629 71252 -0.0057662
63278 70498 70797 0.00472518
63740 70057 70164 0.00167869
64709 71674 71441 -0.00360074
67215 71516 71690 0.00258871
63676 72182 71832 -0.00549658
64136 71790 72006 0.00336784
65875 72225 72174 -0.000774194
63905 70842 70711 -0.00204992
64594 71283 71266 -0.000263182
63833 72059 71964 -0.00148826
65248 70018 69999 -0.000291197
65722 72012 72033 0.000319528
63663 72132 72132 0
62832 69759 69600 -0.00253056
63426 71907 71842 -0.00102482
63443 71328 70644 -0.0107813
63416 69574 69507 -0.00105652
61290 68806 68806 0
63543 70740 70100 -0.0100719
65997 71246 71262 0.000242435
65071 71557 71605 0.000737656
64781 71391 71774 0.00591223
62801 68978 68979 1.59233e-05
63378 71949 71568 -0.00601155
63361 69616 69564 -0.000820694
62371 71022 70466 -0.0089144
62789 70682 70496 -0.0029623
63813 69945 70198 0.00396471
61906 69385 69613 0.003683
64707 71122 71168 0.000710897
64281 70247 70276 0.000451144
62222 69981 70342 0.00580181
64162 70543 70181 -0.00564197
65516 71802 71549 -0.00386165
61884 69628 69642 0.00022623
65254 71747 71676 -0.00108806
65476 73180 73082 -0.00149673
63954 70798 70798 0
63311 71334 71302 -0.000505441
63940 71234 71234 0
64887 71998 71851 -0.00226548
64067 71515 71434 -0.0012643
65404 73158 73158 0
65074 72579 72521 -0.000891293
65991 71418 71623 0.00310648
64990 70115 70305 0.00292353
64791 72886 72788 -0.00151256
65495 70875 70965 0.00137415
61788 69675 69456 -0.00354438
66085 72634 72238 -0.00599228
65219 71812 71901 0.00136463
64750 72092 72026 -0.00101931
63858 70167 70167 0
64358 71113 71113 0
64685 70992 70992 0
64520 71980 71718 -0.00406076
63797 71856 71925 0.00108156
66307 70855 70693 -0.00244318
64448 71602 71602 0
66987 73696 72617 -0.0161076
67572 73227 73227 0
63334 70216 70126 -0.00142104
62440 69157 69205 0.000768738
63862 71055 70879 -0.00275594
65740 73750 73556 -0.00295102
63943 71805 71890 0.00132931
61306 71116 70828 -0.00469775
63581 70128 70371 0.0038219
67975 72678 72527 -0.0022214
66700 72440 72104 -0.00503748
64338 70927 70927 0
63275 70915 70915 0
62570 68801 68818 0.000271696
63135 70230 70156 -0.00117209
63608 70016 69753 -0.0041347
66669 72885 73070 0.0027749
63325 71262 71034 -0.00360047
66002 70445 70202 -0.00368171
63237 71879 71633 -0.00389013
66260 71602 71671 0.00104135
62419 70536 70536 0
64672 71851 70821 -0.0159265
64415 70929 70929 0
61755 68909 69347 0.00709254
64205 70075 69757 -0.00495289
62009 68149 68094 -0.000886968
64684 73824 73913 0.00137592
66526 71541 71363 -0.00267565
64457 73388 73419 0.000480941
66052 72171 72129 -0.000635863
63139 69789 70063 0.00433963
63886 71057 71121 0.00100178
64968 71561 71643 0.00126216
63850 71747 71542 -0.00321065
66001 73042 72711 -0.00501508
64409 72334 72277 -0.000884969
64546 69586 69806 0.00340842
67930 74643 74677 0.000500515
60987 68032 68174 0.00232837
65085 72496 72595 0.00152109
64109 71474 71102 -0.00580262
63728 70743 70742 -1.56917e-05
63766 70908 70908 0
63411 71007 71062 0.000867357
64675 70435 70399 -0.000556629
66285 71766 71964 0.0029871
64530 72450 72142 -0.00477297
64735 73921 73933 0.000185371
64671 69892 69591 -0.00465433
63514 70910 71063 0.00240892
63441 69645 68922 -0.0113964
65252 71180 71180 0
63798 71923 72062 0.00217875
64397 71919 72002 0.00128888
67713 72258 72330 0.00106331
63414 69481 69125 -0.0056139
64227 71750 71320 -0.006695
63413 69736 69392 -0.00542476
62373 69386 69769 0.00614048
65679 73326 73172 -0.00234474
65519 72979 72975 -6.1051e-05
62190 70550 70179 -0.00596559
62659 70321 70281 -0.000638376
63313 71049 70971 -0.00123197
65345 70495 70510 0.000229551
64588 70281 70419 0.00213662
64754 71498 71477 -0.000324304
63085 71214 71480 0.00421653
62324 69020 69289 0.00431615
64307 69929 69463 -0.00724649
65453 72550 72386 -0.00250561
65798 72745 72502 -0.00369312
65993 72180 72130 -0.000757656
62907 71918 71150 -0.0122085
64053 70849 70947 0.00152998
63725 71227 70479 -0.0117379
64944 72039 71946 -0.001432
63345 70612 70717 0.00165759
61672 70069 69573 -0.00804255
66699 73756 73630 -0.00188908
63367 71004 70800 -0.00321934
63833 71146 71035 -0.00173891
63360 69580 69402 -0.00280934
64616 70479 70928 0.00694874
62738 69352 68863 -0.00779432
65694 72293 72182 -0.00168965
63514 70293 70293 0
63640 70103 70253 0.00235701
64552 72143 72118 -0.000387285
66580 72770 73112 0.00513668
66300 72055 72140 0.00128205
65107 71424 71456 0.000491499
61683 68723 68838 0.00186437
64456 72607 72348 -0.00401825
64437 71082 70839 -0.00377113
64991 72010 71936 -0.00113862
63109 69236 68789 -0.00708298
64992 70409 70502 0.00143095
64770 70689 70397 -0.00450826
63641 70550 70858 0.00483965
63158 71428 71071 -0.00565249
64095 69732 69732 0
65400 73307 73324 0.000259939
64993 71769 71189 -0.00892404
65405 71234 70875 -0.00548888
64235 72104 71930 -0.0027088
64619 71327 71606 0.00431762
64033 69490 69637 0.00229569
63936 70780 70476 -0.00475475
64672 71488 71415 -0.00112877
65281 71150 71391 0.00369173
66625 73009 73180 0.0025666
62792 70016 70497 0.00766021
66221 73024 72953 -0.00107217
66530 73217 73194 -0.000345709
64128 70013 70181 0.00261976
63840 72505 72263 -0.00379073
64485 71205 70484 -0.0111809
64199 72842 72725 -0.00182246
62795 68928 68672 -0.00407676
64225 71727 71917 0.00295835
64918 71619 71619 0
63418 70934 70930 -6.30736e-05
63036 69875 70043 0.00266514
63729 70101 70030 -0.00111409
65288 72752 72751 -1.53168e-05
64114 70062 69681 -0.00594254
63894 70351 70306 -0.000704291
64438 72494 72085 -0.00634719
64747 69508 69744 0.00364496
63749 71642 71642 0
64646 71529 71529 0
63798 69816 69889 0.00114424
64419 70089 70312 0.00346171
63304 69591 69174 -0.00658726
62985 68835 68630 -0.00325474
62271 69169 69155 -0.000224824
65111 72804 72804 0
65524 70668 71024 0.00543312
66366 71976 71773 -0.0030588
64465 70384 70771 0.00600326
64326 71105 70899 -0.00320244
63889 70303 70714 0.00643303
63252 70106 70123 0.000268766
64406 70801 70792 -0.000139739
63217 69839 69965 0.00199313
63775 71640 71651 0.000172481
63715 70232 70336 0.00163227
64880 72502 72497 -7.70654e-05
61362 69408 69408 0
63048 71523 71643 0.00190331
63143 70815 71059 0.00386424
65714 73226 72992 -0.00356089
62813 71062 71022 -0.000636811
65836 72615 72708 0.0014126
63257 70365 70232 -0.00210253
65398 71091 71099 0.000122328
62834 72094 72140 0.000732088
63447 70820 70815 -7.88059e-05
63716 71006 70804 -0.00317032
65428 72091 72848 0.01157
64673 71649 71749 0.00154624
62225 70024 70722 0.0112174
64204 69998 69616 -0.00594979
66158 71406 71313 -0.00140573
64900 72239 72057 -0.00280431
65022 71438 71619 0.00278367
63533 70010 70167 0.00247116
61458 70998 70646 -0.00572749
64583 70839 70642 -0.00305034
64739 73373 73571 0.00305843
64349 70610 70252 -0.00556341
63927 72241 72177 -0.00100114
62941 69520 69326 -0.00308225
62412 71148 71138 -0.000160226
64142 70927 70914 -0.000202675
64861 71355 71476 0.00186553
64885 71859 71652 -0.00319026
65379 71852 72081 0.00350265
65676 71952 71935 -0.000258846
65654 71708 71790 0.00124897
64882 70470 70400 -0.00107888
66820 72201 72201 0
63599 70397 70442 0.000707558
67592 72160 72181 0.000310688
68391 72457 72219 -0.00347999
63446 70059 69462 -0.00940958
65322 71874 71907 0.00050519
65725 72891 73200 0.00470141
65672 73508 73785 0.00421793
63683 71769 71040 -0.0114473
66881 72384 71586 -0.0119316
65641 71123 71066 -0.00086836
64636 71704 71704 0
65016 72278 72465 0.00287622
61734 71513 71085 -0.00693297
62304 71060 70205 -0.013723
63076 71038 71337 0.00474031
66314 72406 72399 -0.000105558
62278 70814 70810 -6.42281e-05
62069 70946 70946 0
63930 71213 71457 0.00381667
62020 71426 71227 -0.00320864
65076 71184 71172 -0.0001844
68143 73835 73353 -0.00707336
63140 70789 71120 0.00524232
65508 72716 72800 0.00128229
64740 70288 70640 0.00543713
64792 72836 72972 0.00209902
65358 73342 73094 -0.00379449
63840 70100 70051 -0.000767544
67078 71444 71273 -0.00254927
61251 70975 70812 -0.00266118
64378 70984 70909 -0.00116499
62536 72155 72181 0.000415761
62092 69797 69886 0.00143336
64956 70411 70364 -0.000723567
62794 70328 70014 -0.00500048
64068 71205 71355 0.00234126
65493 71607 71607 0
62681 69561 70233 0.010721
63448 70379 70098 -0.00442882
64485 72671 72168 -0.00780026
65207 73172 73172 0
62823 70581 70263 -0.00506184
62856 70800 70872 0.00114548
62348 69549 69522 -0.000433053
64242 70921 70626 -0.00459201
63309 72001 71970 -0.000489662
66014 70425 70232 -0.00292362
65970 72206 72144 -0.000939821
64729 73725 73625 -0.0015449
63219 70151 70675 0.00828865
61994 72003 72041 0.000612963
62081 68399 68260 -0.00223901
65552 70938 70739 -0.00303576
63199 73593 73858 0.0041931
65430 72266 72266 0
65138 71285 71013 -0.00417575
65778 71879 72242 0.00551856
65290 71581 72039 0.00701486
63604 72298 72262 -0.000566002
66790 72235 72367 0.00197634
63566 70367 70782 0.00652865
64933 71027 71265 0.00366532
64241 70576 70260 -0.00491898
67030 72690 73173 0.00720573
64589 72033 71781 -0.00390159
63218 69891 69667 -0.00354329
62330 69691 69835 0.00231028
64429 71645 71645 0
62638 69278 69150 -0.00204349
64176 71067 71067 0
64925 70316 70255 -0.000939546
65483 73146 73101 -0.000687201
64238 69885 70040 0.0024129
63642 70201 70106 -0.00149272
64305 70857 70610 -0.00384107
63455 71590 71441 -0.00234812
64411 70935 70939 6.21012e-05
64528 72744 72882 0.00213861
64849 71167 71195 0.000431772
63427 70312 70300 -0.000189194
62696 70257 69902 -0.00566224
65399 72383 72577 0.00296641
63356 73186 73057 -0.00203611
65242 71294 71281 -0.000199258
64384 70572 70711 0.00215892
64084 71676 71710 0.000530554
65288 72209 72498 0.00442654
67297 72403 72317 -0.00127792
66186 72658 72387 -0.00409452
63930 70972 70972 0
65331 71014 71205 0.00292357
67264 72832 72825 -0.000104068
66979 71222 71296 0.00110482
65888 71433 71177 -0.00388538
64410 71136 70899 -0.00367955
64908 71700 71700 0
64880 71942 72119 0.00272811
67636 73508 72346 -0.0171802
65271 72828 72828 0
63443 70734 70738 6.30487e-05
64341 72458 72458 0
66390 72279 72279 0
65214 72023 71649 -0.00573496
63736 70076 70216 0.00219656
64075 70036 70108 0.00112368
65874 72417 72505 0.00133588
61702 69706 69706 0
63205 71544 71409 -0.00213591
64102 71336 71462 0.00196562
65318 70005 69851 -0.0023577
66306 72298 71610 -0.0103761
67025 70534 71029 0.0073853
66130 72335 72366 0.000468774
65617 70543 70481 -0.000944877
66558 72149 72527 0.00567926
63702 70438 69927 -0.00802173
66197 71674 72190 0.00779492
64852 73339 73373 0.000524271
63861 69978 69750 -0.00357025
65783 72137 72155 0.000273627
63562 70673 70309 -0.00572669
64823 71473 71122 -0.00541474
63643 71363 71144 -0.00344107
64851 70223 70960 0.0113645
64968 70500 70500 0
66289 72084 72058 -0.000392222
63336 70241 70811 0.00899962
62259 69279 69384 0.0016865
64144 71915 72049 0.00208905
64511 72178 72088 -0.00139511
65682 70906 71002 0.00146159
63948 71189 71587 0.00622381
65074 70558 70558 0
65751 71334 71334 0
66817 71918 72401 0.0072287
63638 68764 68395 -0.00579842
62891 70411 70168 -0.00386383
64327 69642 69974 0.00516113
68059 73654 73636 -0.000264476
63191 70406 70856 0.00712127
65766 72279 72572 0.00445519
65114 72748 72442 -0.00469945
63091 68278 68188 -0.00142651
62247 70093 70093 0
66168 72529 71981 -0.00828195
64574 71063 70616 -0.00692229
65327 71675 71356 -0.00488313
65337 72266 72266 0
64699 71038 70904 -0.00207113
65410 72837 72601 -0.00360801
66193 71713 70649 -0.0160742
64966 71625 71425 -0.00307853
62981 69603 69552 -0.000809768
63827 70684 70289 -0.0061886
64072 70995 70490 -0.00788176
65657 71572 71598 0.000395997
64293 70092 70092 0
64117 68663 68379 -0.0044294
63681 70628 70628 0
66392 70796 71138 0.00515122
61266 70943 70935 -0.000130578
65339 72340 72697 0.00546381
63985 70896 70880 -0.000250059
64825 72390 72412 0.000339375
65394 73273 73273 0
63638 69150 68810 -0.00534272
62677 70094 69876 -0.00347815
63711 71553 71209 -0.00539938
65837 72308 72420 0.00170117
63333 71057 70827 -0.0036316
62840 69413 69107 -0.00486951
66842 71652 71712 0.000897639
67356 72857 73124 0.00396401
62604 68924 69281 0.00570251
63380 69573 69567 -9.46671e-05
62483 70475 70500 0.000400109
64480 70722 70668 -0.000837469
63708 70841 70561 -0.00439505
66022 72208 72187 -0.000318076
63108 70900 70739 -0.00255118
65691 71972 71918 -0.00082203
67224 72823 72600 -0.00331727
65144 70761 70918 0.00241005
65394 72095 71980 -0.00175857
63616 70862 69740 -0.0176371
66170 70781 71275 0.00746562
66315 70932 70962 0.000452386
64854 71223 71180 -0.000663028
66182 73303 73298 -7.55492e-05
65459 69995 70193 0.00302479
61595 70045 69927 -0.00191574
66093 70747 70384 -0.00549226
62762 70265 70250 -0.000238998
67352 70938 71153 0.00319218
66359 73000 73308 0.00464142
64613 71632 71619 -0.000201198
64932 72853 73186 0.00512844
63105 69039 68805 -0.00370811
63227 70874 71115 0.00381166
66018 72172 71689 -0.00731619
64118 70256 70436 0.00280732
61734 71501 71416 -0.00137687
65101 71982 72354 0.0057142
63171 72708 71863 -0.0133764
64558 70340 70272 -0.00105332
62949 72182 72059 -0.00195396
63490 69605 70073 0.00737124
65740 73022 73008 -0.00021296
65124 71153 71302 0.00228794
61931 70492 70423 -0.00111414
64941 70770 70930 0.00246377
64778 71420 71398 -0.000339621
64746 70116 70440 0.00500417
64704 70817 70933 0.00179278
66853 73194 73135 -0.000882533
62600 69394 69141 -0.00404153
64915 72224 72233 0.000138643
64810 70791 70861 0.00108008
62174 71437 71437 0
62439 69644 69701 0.000912891
64845 71832 71800 -0.000493484
65208 70675 70693 0.00027604
67800 73813 74104 0.00429204
64091 69901 69992 0.00141986
60705 69357 69496 0.00228976
64350 69672 69514 -0.00245532
69187 74516 74440 -0.00109847
61739 69180 69239 0.000955636
63372 70606 70614 0.000126239
64260 72212 72263 0.000793651
65564 70316 70316 0
64818 72096 71003 -0.0168626
60549 68147 68018 -0.00213051
62283 70157 70111 -0.000738564
64206 70994 70994 0
63374 70545 70401 -0.00227223
64944 71481 71215 -0.00409584
66028 71139 71193 0.000817835
64566 71608 71788 0.00278784
63624 71725 71594 -0.00205897
64490 69821 69790 -0.000480695
64476 72623 72413 -0.00325703
64794 71132 71308 0.0027163
63872 72056 72056 0
63937 70883 70739 -0.00225222
64923 70698 70574 -0.00190995
60626 70996 70996 0
64547 71064 70252 -0.01258
64455 71495 71557 0.000961911
64489 69966 69966 0
62985 70301 70134 -0.00265142
66712 72092 71750 -0.00512651
64768 70916 70285 -0.00974247
66232 71289 71289 0
65127 71856 71961 0.00161223
64956 70457 70155 -0.0046493
62469 68989 69267 0.00445021
62818 70010 69793 -0.00345442
63800 70210 70054 -0.00244514
64046 69983 69584 -0.0062299
65700 71588 71538 -0.000761035
65726 71823 72174 0.00534035
64115 71602 71279 -0.00503782
64510 71461 71778 0.00491397
66027 72156 72212 0.000848138
64472 71895 71952 0.000884105
67325 72412 72056 -0.00528778
62950 71647 71722 0.00119142
64167 70796 70765 -0.000483114
63224 72010 71173 -0.0132386
64595 70921 70910 -0.000170292
66422 71280 71058 -0.00334227
63473 71195 70993 -0.00318246
64828 70821 70776 -0.000694145
63734 69836 69705 -0.00205542
64541 72165 71764 -0.0062131
64233 71160 71087 -0.00113649
64259 71473 71434 -0.000606919
64736 71597 71541 -0.000865052
67097 73219 73219 0
65034 72485 72426 -0.000907218
65478 71522 71549 0.000412352
63207 71150 70815 -0.00530005
63666 69459 69341 -0.00185342
63103 71378 71244 -0.00212351
64497 71138 71072 -0.0010233
67790 74235 74232 -4.42543e-05
63553 70350 69879 -0.00741114
66539 73682 73767 0.00127745
64353 73282 72523 -0.0117943
62392 72696 72632 -0.00102577
62923 70131 70061 -0.00111247
66222 71777 71825 0.000724835
66007 71885 71572 -0.00474192
65073 71006 70838 -0.00258172
63642 71218 70952 -0.00417963
65191 72161 72161 0
64203 70769 70411 -0.00557606
64922 71461 71260 -0.00309602
64355 69859 69652 -0.00321653
64360 70066 69981 -0.0013207
64197 71052 71155 0.00160444
64465 71840 71797 -0.000667029
64286 71177 70963 -0.00332887
64724 71209 71209 0
64113 72124 72203 0.0012322
66502 73135 73109 -0.000390966
64554 73004 72331 -0.0104254
65858 71886 71876 -0.000151842
64228 68681 68748 0.00104316
65640 71000 71060 0.000914077
64896 71591 70673 -0.0141457
64263 71890 71890 0
65700 70830 70715 -0.00175038
62001 68594 68205 -0.00627409
65698 71949 71654 -0.00449024
65240 71423 71399 -0.000367872
66567 73104 72958 -0.00219328
65979 71353 71596 0.00368299
64557 71088 71029 -0.000913921
65615 71087 71013 -0.00112779
65682 72100 72501 0.00610517
62576 71041 71057 0.000255689
65129 71518 71599 0.00124369
65029 72522 72257 -0.0040751
64712 70543 70707 0.00253431
64918 73242 72931 -0.00479066
67991 73741 73830 0.001309
63569 74057 73977 -0.00125848
64409 71692 70763 -0.0144235
65835 70389 70712 0.0049062
63990 69580 69696 0.00181278
64588 70780 70451 -0.00509383
63300 71074 71474 0.00631912
66208 70835 70468 -0.00554314
65794 71296 71404 0.00164149
64200 71434 71765 0.00515576
62966 71280 71202 -0.00123876
66010 71732 71879 0.00222694
62050 69421 69421 0
64387 72215 72215 0
66635 70957 70408 -0.00823891
63946 70474 70946 0.00738123
65447 72755 72564 -0.00291839
63124 70244 70209 -0.000554464
63353 71346 71525 0.00282544
63520 71514 71529 0.000236146
63832 71244 71096 -0.00231859
65732 71597 72094 0.00756101
63191 72415 72479 0.0010128
65916 70730 70931 0.00304934
65014 70419 71198 0.011982
65984 72861 72772 -0.00134881
62465 71206 71183 -0.000368206
65073 72792 72848 0.000860572
65805 73442 73442 0
63415 69610 69610 0
65378 69948 69950 3.05913e-05
67620 74269 74430 0.00238095
66478 71425 71497 0.00108307
64001 71190 71253 0.00098436
64226 71211 71302 0.00141687
65910 72140 71800 -0.00515855
65360 72030 72078 0.000734394
66387 72390 72551 0.00242517
64519 70600 70783 0.00283637
63500 70265 70039 -0.00355906
64115 70036 69947 -0.00138813
63401 70322 70312 -0.000157726
66697 71848 72020 0.00257883
64153 70734 70696 -0.000592334
63557 71403 71289 -0.00179367
64253 71031 70798 -0.00362629
64315 71014 71024 0.000155485
64122 72073 71855 -0.00339977
64050 70799 70832 0.000515222
61912 70699 70315 -0.00620235
63944 71500 71720 0.00344051
63682 69777 69819 0.000659527
65401 73083 72768 -0.00481644
60359 68744 68953 0.00346262
66617 71747 71916 0.00253689
61689 70848 70857 0.000145893
66463 71888 71950 0.00093285
65499 71363 71363 0
63838 70264 70328 0.00100254
64920 71428 71398 -0.000462107
64168 69282 69249 -0.000514275
64954 70689 70933 0.0037565
65727 70181 70159 -0.000334718
65918 71973 72185 0.00321612
65315 71797 71812 0.000229656
63876 70607 71095 0.0076398
63101 69746 69777 0.000491276
64640 69711 69711 0
63245 70602 70394 -0.0032888
62662 70696 70530 -0.00264913
63351 71596 71747 0.00238355
65412 73010 73277 0.00408182
64008 69841 69636 -0.00320272
63436 71856 71878 0.000346806
65144 73740 73417 -0.00495825
66370 72709 72700 -0.000135603
64377 71464 71464 0
66210 70736 70819 0.00125359
63733 69102 68936 -0.00260462
63235 71899 71899 0
63001 71009 70598 -0.00652371
64409 70342 70289 -0.000822866
65431 72961 72961 0
62578 70674 70565 -0.00174183
60696 69147 69349 0.00332806
64577 69350 69350 0
65119 70117 70060 -0.000875321
61687 71007 71232 0.00364745
63721 71760 71718 -0.000659123
64700 70400 70081 -0.00493045
64529 71771 71882 0.00172016
63714 69565 69351 -0.00335876
63154 69706 69169 -0.00850302
64974 71156 71302 0.00224705
63386 70097 70418 0.00506421
62327 70059 70159 0.00160444
63093 70267 70361 0.00148986
63270 71052 71038 -0.000221274
64823 70925 70956 0.000478225
64472 72461 72663 0.00313314
63182 71182 71182 0
62853 70673 70949 0.0043912
64077 69195 69386 0.00298079
63183 70245 70619 0.00591931
64423 70796 70706 -0.00139702
62190 70300 70188 -0.00180093
66727 74346 74346 0
63693 71491 71459 -0.00050241
64941 73059 73059 0
64090 70831 70346 -0.00756748
65688 71939 71637 -0.00459749
64939 71440 71270 -0.00261784
62375 69995 69976 -0.000304609
65883 71173 71348 0.00265622
64328 70929 70959 0.00046636
62373 69511 69038 -0.00758341
67042 72694 72800 0.0015811
65423 72002 71606 -0.00605292
65198 71488 71428 -0.000920274
65074 72861 72861 0
64876 71922 71922 0
63132 71277 71277 0
61730 71048 70903 -0.00234894
63510 70613 70613 0
64347 71846 71896 0.000777037
62852 69714 69595 -0.00189334
64781 72110 72217 0.00165172
65716 72139 72156 0.000258689
66865 73041 72942 -0.0014806
63647 71238 70659 -0.00909705
63127 70076 69570 -0.00801559
67089 72672 72672 0
64960 70415 70688 0.00420259
63452 71145 70958 -0.00294711
64565 71194 70631 -0.00871989
63061 70106 69993 -0.00179192
63491 71589 70897 -0.0108992
64937 71740 71843 0.00158615
65720 71977 71965 -0.000182593
65466 72318 72318 0
64161 69957 69823 -0.0020885
64121 72426 71893 -0.00831241
64099 69836 69848 0.00018721
64914 71799 71799 0
64103 72528 72528 0
64687 71022 70719 -0.00468409
63982 73070 73263 0.00301647
63170 70474 71061 0.00929239
63183 70564 70343 -0.00349778
65069 71962 72213 0.00385744
63354 70247 70201 -0.000726079
63845 70494 70325 -0.00264704
65076 70629 70751 0.00187473
65679 71666 71666 0
65847 70504 70542 0.000577095
63804 71034 70836 -0.00310325
63757 71443 71505 0.000972442
64906 71184 71253 0.00106308
63061 69850 69853 4.7573e-05
63720 70236 70353 0.00183616
64963 71229 71469 0.00369441
65227 72152 72188 0.000551919
64906 71679 71679 0
65335 70732 70870 0.00211219
63655 71200 71048 -0.00238787
64386 71204 71479 0.00427111
63448 72052 72196 0.00226958
64724 70594 70687 0.00143687
64764 70501 70159 -0.00528071
64235 70312 70370 0.000902935
65522 70642 70672 0.000457861
63024 71473 71847 0.00593425
66300 70502 70502 0
64384 69667 69667 0
64459 72018 71983 -0.000542981
63666 70288 69772 -0.0081048
63034 72005 71970 -0.000555256
64029 69611 69511 -0.00156179
66469 72154 72211 0.000857543
66216 71419 71833 0.00625227
63528 71694 71567 -0.00199912
65610 71683 71861 0.002713
63364 70860 70818 -0.000662837
65799 72983 72983 0
65180 70945 71082 0.00210187
62448 70337 70177 -0.00256213
64293 71835 71835 0
62989 71945 71619 -0.00517551
64771 69630 69550 -0.00123512
64496 71267 71267 0
62699 70660 70824 0.00261567
64432 71340 71515 0.00271604
64325 70443 70377 -0.00102604
65461 71555 72154 0.00915049
65654 73745 73655 -0.00137082
63978 69479 69334 -0.0022664
63696 70530 70255 -0.00431738
63712 71908 72076 0.00263687
64805 70247 69944 -0.00467557
61490 68533 68615 0.00133355
66136 73169 72974 -0.00294847
64533 71914 71941 0.000418391
64208 73236 73053 -0.00285011
63564 70366 70554 0.00295765
65134 70651 71090 0.00673995
66337 72074 72218 0.00217073
62118 69974 70213 0.00384752
64152 69930 70011 0.00126263
66754 71946 72076 0.00194745
66196 71588 71588 0
63490 72457 72457 0
65361 72700 72620 -0.00122397
62349 71822 72205 0.00614284
63657 72471 72471 0
62806 70020 70026 9.55323e-05
63130 69424 69717 0.00464122
63369 71565 72066 0.00790607
66807 72173 71990 -0.00273923
66347 71336 70526 -0.0122085
62835 71366 71044 -0.00512453
63960 71646 72068 0.00659787
64645 71162 70849 -0.00484183
65005 71033 71383 0.0053842
66921 73823 73888 0.000971295
66590 72837 72973 0.00204235
64034 70446 70929 0.00754287
64564 72041 71838 -0.00314417
67094 73007 73007 0
64219 71593 71606 0.000202432
66603 71474 71543 0.00103599
63243 69877 69828 -0.000774789
61080 67885 67776 -0.00178454
62775 70134 70263 0.00205496
64169 70828 70710 -0.00183889
63121 70542 70997 0.00720838
68163 72651 72264 -0.00567757
66291 71879 71895 0.00024136
65652 72622 72513 -0.00166027
63945 72062 71883 -0.00279928
64246 71218 71253 0.000544781
67186 72807 72667 -0.00208377
66264 71760 71569 -0.00288241
66271 73646 73236 -0.00618672
64229 70889 70760 -0.00200844
64156 73071 73560 0.00762205
64552 71734 71734 0
63987 70028 69667 -0.00564177
65568 72795 72859 0.000976086
65054 72798 72350 -0.00688659
65183 71730 71730 0
67245 71299 71549 0.00371775
66192 71596 71467 -0.00194888
64864 71526 71542 0.00024667
64514 71268 71326 0.00089903
62384 69728 69906 0.0028533
65590 71922 72070 0.00225644
66276 70563 70398 -0.00248959
66087 70496 70395 -0.00152829
65620 72503 72503 0
62975 70780 70901 0.0019214
66492 72053 72053 0
62018 69669 69932 0.0042407
64582 70005 69966 -0.000603883
64207 71440 71525 0.00132384
64358 70520 70612 0.0014295
66648 72068 72026 -0.000630176
61902 70333 70246 -0.00140545
66916 71261 71218 -0.000642597
64967 69963 69733 -0.00354026
64200 70335 70303 -0.000498442
63031 69551 69686 0.0021418
64489 70678 70678 0
64377 71435 71125 -0.00481538
61574 69423 69683 0.00422256
64017 71332 71276 -0.000874768
65449 72703 72297 -0.0062033
65236 71618 71724 0.00162487
62326 70707 71019 0.00500594
64400 70780 70861 0.00125776
65464 71943 71969 0.000397165
64928 70482 70485 4.6205e-05
65619 73211 72545 -0.0101495
63962 70954 71355 0.00626935
63349 71362 71142 -0.00347283
65650 71910 72040 0.0019802
66783 73207 73174 -0.000494138
64177 72682 72850 0.00261776
65214 71800 71729 -0.00108872
62852 70802 71008 0.00327754
64249 70627 70418 -0.00325297
66161 71753 72137 0.00580402
64234 71270 71269 -1.55681e-05
65168 71816 71713 -0.00158053
64564 70783 70651 -0.00204448
63973 70736 70771 0.000547106
62839 70960 71126 0.00264167
67183 72602 72334 -0.0039891
63080 70115 70172 0.000903614
63506 71812 71841 0.00045665
65150 72884 72970 0.00132003
62187 68487 68548 0.000980912
63688 71672 71280 -0.00615501
64180 71186 70509 -0.0105485
65311 71683 71566 -0.00179143
63636 70640 70578 -0.000974291
