18693 20676 20692 0.000855935
17981 19997 20147 0.00834214
18541 20662 20512 -0.00809018
18176 20784 20932 0.00814261
17883 20485 20527 0.0023486
18720 20836 20743 -0.00496795
18972 21139 21139 0
18950 21158 21160 0.000105541
17875 20446 20650 0.0114126
18084 20061 19809 -0.013935
17887 20642 20600 -0.00234807
18460 20536 20526 -0.000541712
17292 19855 19880 0.00144576
18654 20965 21006 0.00219792
18517 21024 20849 -0.00945077
17637 20186 20184 -0.000113398
18657 20795 20824 0.00155438
18306 20692 20914 0.0121272
17990 20472 20431 -0.00227904
18442 20958 20691 -0.0144778
18347 21135 20918 -0.0118275
18133 20462 20473 0.000606629
17366 20274 20177 -0.00558563
17936 20390 20287 -0.00574264
18066 20430 20457 0.00149452
17970 20712 20702 -0.000556483
17835 20908 20907 -5.60695e-05
18857 21424 21410 -0.00074243
18390 20033 20188 0.00842849
18159 20675 20359 -0.0174018
17585 20923 20949 0.00147853
17842 20528 20620 0.00515637
18407 20949 20942 -0.00038029
18138 19866 19895 0.00159885
17516 20399 20406 0.000399635
17487 20355 20209 -0.00834906
17942 20430 20230 -0.011147
18776 21122 21054 -0.00362164
18146 20852 20852 0
18580 20993 20975 -0.000968784
17848 20957 20974 0.000952488
18225 20713 20599 -0.00625514
18568 20750 20656 -0.00506247
18913 20792 20850 0.00306667
18447 20138 20190 0.00281889
19423 21347 21333 -0.000720795
18368 20849 20773 -0.00413763
17765 21062 20981 -0.00455953
17732 20389 20471 0.00462441
18124 20345 20303 -0.00231737
17364 19984 19870 -0.00656531
18963 20876 20876 0
17627 20213 20271 0.00329041
18721 20702 20701 -5.3416e-05
18624 20882 20812 -0.00375859
18670 20487 20709 0.0118907
17891 20796 20701 -0.00530993
18509 20945 20756 -0.0102112
18000 20898 20859 -0.00216667
17290 20171 20201 0.00173511
18145 20346 20346 0
18749 20628 20549 -0.00421356
18745 21462 21462 0
19348 21214 21156 -0.00299773
17499 19717 19683 -0.00194297
18064 20077 20067 -0.000553587
18433 20089 20055 -0.00184452
18413 20904 20803 -0.00548525
17496 20192 20190 -0.000114312
18180 20296 20371 0.00412541
17859 20114 20216 0.00571141
17606 19954 19999 0.00255595
17572 21269 21391 0.00694286
18074 20721 20698 -0.00127255
17709 20340 20340 0
17006 19450 19367 -0.00488063
17969 20543 20590 0.00261562
18357 20616 20616 0
18334 21017 20883 -0.00730883
18507 21074 21072 -0.000108067
17308 19629 19840 0.0121909
17766 20504 20418 -0.00484071
17672 20516 20512 -0.000226347
17992 20247 20247 0
18143 20438 20438 0
18131 20574 20633 0.0032541
17895 20324 20279 -0.00251467
18247 21139 21163 0.00131528
19020 21368 20975 -0.0206625
19175 20940 20977 0.0019296
18413 21186 21128 -0.00314995
18032 20937 20942 0.000277285
18296 20787 20761 -0.00142108
17702 20183 20297 0.00643995
18092 21039 21009 -0.00165819
17516 20263 20218 -0.00256908
18033 20324 20362 0.00210725
18174 20741 20789 0.00264114
17748 20456 20347 -0.00614154
17540 19733 19691 -0.00239453
18362 20756 20803 0.00255963
18516 21006 21025 0.00102614
18675 21308 21304 -0.00021419
17703 20188 20079 -0.00615715
17661 20859 20909 0.0028311
18685 21415 21443 0.00149853
18245 20377 20408 0.0016991
17160 20564 20548 -0.000932401
17819 20254 20124 -0.00729558
18557 21232 21226 -0.000323328
18539 20861 20821 -0.00215761
18098 20427 20478 0.00281799
17675 21047 21040 -0.00039604
18333 20518 20502 -0.000872743
17563 19709 19659 -0.00284689
17791 20442 20582 0.00786915
17980 20297 20022 -0.0152948
17770 21207 21207 0
18950 21057 21364 0.0162005
18279 20329 20215 -0.00623667
18008 21043 20928 -0.00638605
18086 20645 20640 -0.000276457
18157 20920 20981 0.00335959
16997 20292 20345 0.0031182
18415 20583 20471 -0.006082
17698 20239 20247 0.000452028
17610 20033 20069 0.00204429
17784 20741 20699 -0.00236167
19064 20452 20452 0
18449 20867 20843 -0.00130088
18003 21251 21118 -0.00738766
18614 21048 21099 0.00273987
17516 20495 20476 -0.00108472
18372 20691 20737 0.00250381
18584 21058 21185 0.00683384
18676 20339 20319 -0.00107089
18919 21161 21074 -0.00459855
17504 21339 21232 -0.00611289
18102 20335 20332 -0.000165728
17875 20665 20481 -0.0102937
17687 20283 20156 -0.00718041
18237 20524 20534 0.000548336
17336 19674 19566 -0.00622981
18030 20687 20646 -0.00227399
18327 20236 20211 -0.00136411
18277 20744 20772 0.00153198
18425 20386 20421 0.00189959
18615 20430 20400 -0.0016116
18433 21007 21075 0.00368904
17864 20373 20377 0.000223914
17933 20978 20936 -0.00234205
17947 20305 20297 -0.000445757
17877 20145 20248 0.00576159
17597 20169 20182 0.000738762
18212 20615 20552 -0.00345926
17965 20623 20431 -0.0106874
17231 20104 20090 -0.000812489
18433 20278 20291 0.000705257
18739 20865 20855 -0.000533646
17907 20399 20484 0.00474675
18746 20852 20846 -0.000320068
18329 21046 21104 0.00316438
17944 20701 20728 0.00150468
18279 20807 20938 0.00716669
17510 20011 20083 0.00411194
17630 20482 20577 0.00538854
17942 20705 20714 0.000501616
18151 20772 20796 0.00132224
17910 20607 20607 0
18422 20730 20787 0.00309413
17525 20325 20369 0.0025107
18587 21019 20978 -0.00220584
17963 20591 20561 -0.0016701
17085 20311 20313 0.000117062
18511 21048 20871 -0.00956188
18781 20658 20522 -0.00724136
18483 21185 21277 0.00497755
17480 20564 20542 -0.00125858
18266 20504 20588 0.00459871
18721 21059 21072 0.000694407
18892 21337 21010 -0.0173089
17556 20437 20460 0.00131009
18731 20609 20537 -0.0038439
18392 20446 20446 0
18868 21283 21175 -0.00572398
19413 21429 21544 0.00592387
17505 20062 19997 -0.00371322
17195 20042 20078 0.00209363
18171 20687 20591 -0.00528314
18367 21037 20935 -0.00555344
17981 20237 20090 -0.0081753
17748 20961 21027 0.00371873
17903 20687 20486 -0.0112272
18752 21118 21041 -0.00410623
18608 21035 21080 0.00241831
17100 19854 20008 0.00900585
18144 20873 20764 -0.0060075
17670 20181 20192 0.000622524
17352 20044 20096 0.00299677
18020 20843 20850 0.000388457
19237 21840 21950 0.00571815
17852 20771 20798 0.00151244
18251 20670 20653 -0.000931456
18219 21245 21376 0.0071903
18489 20790 20659 -0.00708529
17496 19783 19783 0
18528 20846 20869 0.00124136
18348 20811 20761 -0.00272509
17616 20229 20385 0.00885559
18044 20648 20501 -0.00814675
17564 19749 19731 -0.00102482
18073 20965 20997 0.0017706
18583 20727 20746 0.00102244
17913 21031 20919 -0.00625244
18011 20479 20493 0.000777303
17848 20346 20283 -0.00352981
17738 20113 20275 0.00913293
18066 20615 20589 -0.00143917
17734 20234 20327 0.00524416
18025 20863 20944 0.00449376
18100 21033 21091 0.00320442
18001 19847 19903 0.00311094
18861 21312 21312 0
17085 20160 20160 0
18847 21349 21249 -0.00530588
18250 20950 20853 -0.00531507
18251 21077 21077 0
17528 19916 19857 -0.00336604
17559 20686 20686 0
18202 20950 20929 -0.00115372
18809 21175 21128 -0.0024988
17719 20471 20485 0.000790112
18136 21186 21192 0.000330834
18080 20137 20040 -0.00536504
17854 20191 20202 0.000616108
17896 19866 19921 0.00307331
18370 20659 20595 -0.00348394
17319 20675 20711 0.00207864
18594 21283 21283 0
18519 20759 20750 -0.000485987
17830 20391 20124 -0.0149748
17626 20226 20188 -0.00215591
17543 19937 20148 0.0120276
17710 20338 20260 -0.00440429
18808 21466 21405 -0.0032433
18983 21688 21703 0.000790181
17610 20590 20590 0
17451 20085 20102 0.000974156
18019 20694 20694 0
18276 20389 20306 -0.00454148
17543 20104 20104 0
17859 20574 20609 0.0019598
18061 20710 20710 0
16851 19616 19589 -0.00160228
17642 20189 20181 -0.000453463
18138 20398 20337 -0.00336311
18607 20544 20463 -0.0043532
18415 20311 20268 -0.00233505
17790 20664 20770 0.0059584
17927 20113 20253 0.00780945
17412 20054 20034 -0.00114863
17968 20504 20527 0.00128005
17777 20949 20980 0.00174383
16892 20161 20110 -0.00301918
18537 20980 21016 0.00194206
17964 20625 20511 -0.00634603
17603 20331 20412 0.00460149
17663 20963 20733 -0.0130216
18420 20714 20694 -0.00108578
17961 20229 20229 0
18237 20730 20742 0.000658003
17625 19775 19733 -0.00238298
17325 19960 19894 -0.00380952
18146 21016 21072 0.00308608
18632 21445 21332 -0.00606483
18331 20713 20713 0
18875 21548 21522 -0.00137748
17185 19164 19278 0.00663369
17995 21035 20808 -0.0126146
18288 20612 20612 0
18913 20747 20618 -0.00682071
17589 19761 19923 0.0092103
18225 20015 20008 -0.000384088
18713 21025 20950 -0.00400791
18266 19897 19872 -0.00136866
17507 20617 20512 -0.0059976
17375 19603 19729 0.0072518
18701 21436 21436 0
18561 20450 20474 0.00129303
18229 20940 20817 -0.00674749
17460 20533 20687 0.00882016
18190 20590 20621 0.00170423
18178 20496 20563 0.00368577
18172 20870 20806 -0.0035219
18359 20865 20860 -0.000272346
17884 20458 20389 -0.0038582
19656 21664 21688 0.001221
18603 20723 20537 -0.00999839
18685 21449 21361 -0.00470966
18165 20822 20772 -0.00275255
17292 20277 20233 -0.00254453
17740 21130 21130 0
18155 20427 20490 0.00347012
18268 20859 20815 -0.00240858
17522 19902 19902 0
18167 20528 20423 -0.00577971
17981 21046 21108 0.00344808
17937 20489 20482 -0.000390255
17984 20619 20599 -0.0011121
17823 20158 20292 0.00751838
18406 20776 20725 -0.00277084
17391 19946 19946 0
17706 20289 20135 -0.00869762
17858 21218 21218 0
17941 20651 20643 -0.000445906
18880 21110 21127 0.000900424
18408 21346 21346 0
18145 20132 20284 0.00837696
17660 20063 20191 0.00724802
17579 19698 19698 0
17936 20014 20014 0
17636 19685 19754 0.00391245
18239 20769 20644 -0.00685345
18633 20542 20380 -0.00869425
18029 20972 20721 -0.013922
17784 20690 20530 -0.00899685
18392 21053 20929 -0.00674206
18448 20676 20557 -0.00645056
18004 20044 20064 0.00111086
19143 20925 21027 0.00532832
17213 20263 20068 -0.0113286
17956 20330 19891 -0.0244487
18203 20667 20667 0
18074 21108 20953 -0.00857585
17149 20065 20189 0.00723074
17638 20645 20672 0.00153079
17992 20612 20615 0.000166741
18480 21282 21307 0.00135281
17599 20261 20338 0.00437525
18247 21148 20933 -0.0117828
17308 20070 20017 -0.00306217
18139 20472 20434 -0.00209493
17543 20756 20239 -0.0294704
18145 21006 21006 0
17571 20339 20228 -0.00631723
18402 21026 21021 -0.00027171
18179 21021 21021 0
17467 20501 20368 -0.00761436
17793 20167 20167 0
18135 19978 19809 -0.009319
18067 21538 21607 0.00381912
17734 20708 20708 0
17842 20510 20373 -0.00767851
17524 20368 20174 -0.0110705
17942 20162 20023 -0.00774719
17949 20616 20606 -0.000557134
18063 20260 19943 -0.0175497
17631 20464 20608 0.00816743
18362 20299 20299 0
17388 20853 20853 0
17318 20408 20408 0
18273 21214 21228 0.000766158
18096 21036 20771 -0.0146441
18828 21450 21463 0.000690461
18683 21210 21537 0.0175025
18894 20764 20943 0.00947391
17818 19812 19864 0.0029184
18580 20814 20828 0.000753498
17958 20598 20738 0.00779597
18961 21082 20794 -0.0151891
19490 21437 21458 0.00107748
17700 20361 20318 -0.00242938
17750 20567 20556 -0.000619718
18792 21294 21405 0.00590677
18063 20910 20982 0.00398605
17917 20719 20631 -0.00491154
18428 20750 20651 -0.00537226
18158 20635 20626 -0.000495649
17819 20238 20383 0.00813738
18594 20892 21006 0.00613101
17404 20391 20314 -0.00442427
17000 20406 20479 0.00429412
17438 20020 20223 0.0116412
19165 21115 21094 -0.00109575
16948 19732 19724 -0.000472032
17199 20575 20294 -0.0163382
18262 20777 20782 0.000273793
17876 20567 20426 -0.00788767
17700 20547 20738 0.010791
18266 20843 20920 0.00421548
17436 20338 20316 -0.00126176
18640 21268 21268 0
18235 20207 20320 0.00619687
18116 20917 20774 -0.00789357
17419 20555 20564 0.000516677
17884 20574 20691 0.00654216
18825 20498 20463 -0.00185923
17331 20503 20523 0.001154
18148 20788 20700 -0.00484902
17378 20755 20755 0
17676 20005 20104 0.00560081
17633 20251 20266 0.000850678
17398 20203 20035 -0.00965628
17260 19926 20015 0.00515643
18629 20520 20527 0.000375758
17445 20360 20375 0.000859845
18546 20738 20770 0.00172544
17130 20355 20112 -0.0141856
18242 21344 21232 -0.00613968
17033 19986 19747 -0.0140316
17504 20461 20497 0.00205667
17499 20330 20439 0.00622893
17791 20571 20396 -0.00983643
17714 21068 20909 -0.00897595
18559 20586 20433 -0.00824398
18547 20793 20786 -0.00037742
17945 21579 21606 0.0015046
17297 20087 20071 -0.000925016
17270 20951 20954 0.000173712
17962 20016 20024 0.000445385
18280 20986 20986 0
17159 20885 20613 -0.0158517
18256 20763 20673 -0.00492989
18325 20865 20745 -0.00654843
18572 20548 20588 0.00215378
18781 21236 21204 -0.00170385
17850 20776 20965 0.0105882
18628 20899 20981 0.00440198
18525 20419 20489 0.00377868
18361 20606 20606 0
18618 20778 20791 0.000698249
19259 21699 21352 -0.0180176
18013 21154 21107 -0.00260923
17476 19901 19853 -0.00274662
17010 19671 19595 -0.00446796
17714 20399 20695 0.0167099
17667 20408 20402 -0.000339616
17922 20500 20437 -0.00351523
18121 20582 20629 0.00259368
17882 21081 21042 -0.00218096
17904 20400 20400 0
17856 20176 20130 -0.00257616
17543 20177 20130 -0.00267913
18037 20613 20561 -0.00288296
17872 20531 20612 0.00453223
17948 20611 20519 -0.00512592
18571 20776 20670 -0.00570782
18071 20662 20264 -0.0220242
18185 20591 20650 0.00324443
18426 20782 20788 0.000325627
17979 20793 20782 -0.000611825
18426 20635 20680 0.0024422
17841 20332 20342 0.000560507
17622 20932 20932 0
18280 20728 20875 0.00804158
19436 21353 21353 0
18832 21400 21020 -0.0201784
18294 20483 20524 0.00224117
18123 20376 20616 0.0132428
18620 20594 20454 -0.0075188
18685 20598 20626 0.00149853
18215 20265 20311 0.00252539
18070 20812 20859 0.002601
17895 20537 20557 0.00111763
17826 20818 20777 -0.00230001
18610 21144 21076 -0.00365395
18768 21559 21502 -0.00303708
17628 20568 20639 0.00402768
18445 20986 20871 -0.00623475
18649 20799 20768 -0.00166229
18358 20535 20536 5.44722e-05
17485 20101 20045 -0.00320275
18016 20528 20537 0.000499556
18318 20860 21054 0.0105907
17042 19522 19604 0.00481164
17969 20761 20916 0.00862597
17463 20317 20239 -0.00446659
18477 20323 20214 -0.00589923
18826 21085 21085 0
18616 20172 20407 0.0126235
18321 20980 20888 -0.00502156
18220 20542 20573 0.00170143
18532 20780 20837 0.00307576
18363 20450 20450 0
18422 20676 20692 0.000868527
18267 20842 20881 0.002135
18326 20872 20845 -0.00147332
18458 20693 20693 0
17565 20301 20271 -0.00170794
17998 20506 20498 -0.000444494
17989 21120 20951 -0.00939463
18061 20794 20731 -0.00348818
17761 20127 20127 0
18681 20777 20908 0.00701247
17207 20326 20228 -0.00569536
17858 20671 20716 0.00251988
17896 20682 20758 0.00424676
18086 20380 20472 0.00508681
18133 20416 20465 0.00270226
18125 20349 20210 -0.00766897
17856 19901 19839 -0.00347222
18773 21177 21080 -0.005167
18589 20749 20698 -0.00274356
17835 19646 19651 0.000280348
17023 20042 20020 -0.00129237
17860 20118 20120 0.000111982
19472 21296 21230 -0.00338948
17711 20897 20833 -0.00361357
18527 21609 21609 0
17884 20914 20914 0
17434 19959 19959 0
17563 20672 20686 0.00079713
18723 20761 20875 0.00608877
18745 20994 20994 0
18534 21107 21095 -0.000647459
18054 20654 20654 0
17927 20603 20595 -0.000446254
18502 20928 20879 -0.00264836
18047 20024 20149 0.00692636
18470 20758 20763 0.000270709
17777 20287 20091 -0.0110255
17228 20054 20295 0.0139889
17723 20061 19982 -0.00445748
18391 21051 21051 0
18820 20145 20202 0.00302869
17940 20123 20123 0
17549 20066 20074 0.000455866
18834 20807 20807 0
17087 20418 20347 -0.00415521
18726 20866 20754 -0.00598099
18101 20252 20304 0.00287277
17766 20569 20459 -0.0061916
18460 21290 21236 -0.00292524
17240 19649 19672 0.00133411
17629 20502 20492 -0.000567247
18075 20555 20665 0.00608575
18485 20989 20958 -0.00167704
18351 20642 20642 0
17786 19502 19550 0.00269875
18345 20752 20716 -0.00196239
18329 20820 20718 -0.00556495
17260 19966 19874 -0.00533024
17858 20202 20216 0.000783962
18034 20466 20634 0.00931574
17977 20637 20458 -0.00995717
17635 20405 20360 -0.00255174
18740 20778 20676 -0.0054429
18036 20741 20755 0.000776225
18491 21295 21176 -0.00643556
18487 20496 20796 0.0162276
17908 20530 20353 -0.00988385
18713 21024 20944 -0.0042751
17710 20509 20534 0.00141163
18167 20368 20399 0.00170639
18634 20541 20622 0.00434689
18375 20874 20800 -0.00402721
18312 21027 21025 -0.000109218
17906 20199 20172 -0.00150787
17469 20211 20173 -0.00217528
17756 20372 20372 0
17468 20005 20061 0.00320586
18139 20459 20643 0.0101439
18927 21348 21348 0
18245 20663 20604 -0.00323376
18065 21120 21084 -0.0019928
17740 19966 19880 -0.0048478
16772 20020 20071 0.00304078
18405 21161 21175 0.000760663
18649 20848 20758 -0.004826
16848 20751 20751 0
18367 21009 21009 0
18179 21278 20965 -0.0172177
18210 20381 20527 0.00801757
17447 20850 20850 0
18161 20648 20460 -0.0103519
17845 20914 20914 0
18570 20510 20463 -0.00253096
17320 20008 19903 -0.00606236
17679 20201 19998 -0.0114825
17687 20348 20298 -0.00282694
18057 20437 20446 0.000498422
17972 19803 19703 -0.00556421
18735 20928 21042 0.00608487
16788 19875 19887 0.000714796
18334 20899 20949 0.00272717
18357 21011 20943 -0.00370431
16762 20045 19928 -0.00698007
18238 20648 20558 -0.00493475
18082 20617 20630 0.000718947
18427 20437 20542 0.00569816
19594 21360 21485 0.0063795
18082 20318 20318 0
16971 19809 19924 0.00677627
18303 19663 19874 0.0115282
19219 20674 20674 0
17454 19637 19480 -0.00899507
17719 20244 20037 -0.0116824
18072 20909 20934 0.00138336
17869 20392 20414 0.00123118
18684 21558 21558 0
16988 19617 19617 0
17255 20068 20060 -0.000463634
17647 20270 20272 0.000113334
18535 20900 20900 0
17901 20395 20395 0
18703 20478 20549 0.00379618
18998 21294 21256 -0.00200021
17621 20516 20500 -0.000908007
18779 20420 20606 0.00990468
18440 21023 21023 0
17857 20376 20392 0.000896007
17477 20689 20689 0
17596 19966 20097 0.00744487
18292 20634 20512 -0.00666958
17111 20095 20082 -0.000759745
18160 20227 19990 -0.0130507
17767 20351 20379 0.00157596
17889 19891 19891 0
17128 20204 20251 0.00274404
18781 20848 20928 0.00425962
17913 20656 20664 0.000446603
18540 20488 20478 -0.000539374
18293 20614 20614 0
18852 20597 20661 0.00339487
18214 20410 20319 -0.00499616
17484 20478 20317 -0.00920842
17742 20556 20557 5.63634e-05
18150 20187 20187 0
18895 20795 20795 0
18175 20633 20552 -0.00445667
17968 20806 20807 5.56545e-05
18228 21021 21027 0.000329164
19066 21298 21262 -0.00188818
17838 20314 20296 -0.00100908
18588 21279 21298 0.00102216
17390 20259 20266 0.00040253
17802 20599 20442 -0.00881923
17175 20451 20357 -0.00547307
17906 20165 20180 0.000837708
18685 20742 20871 0.00690393
17840 20515 20526 0.000616592
18177 20725 20747 0.00121032
17792 20430 20365 -0.00365333
18403 21171 20982 -0.0102701
18158 20649 20658 0.000495649
17895 20759 20796 0.00206762
17484 20466 20449 -0.000972318
19361 21576 21557 -0.000981354
18657 21358 21291 -0.00359115
17845 20704 20598 -0.00594004
17551 20921 20772 -0.00848954
17398 19850 19656 -0.0111507
17414 19759 19548 -0.0121167
18457 20757 20831 0.00400932
18693 20877 20881 0.000213984
18287 20874 20928 0.00295292
18215 21278 21313 0.00192149
18760 21444 21382 -0.0033049
17582 20985 21010 0.00142191
17324 20193 20291 0.00565689
18248 20606 20606 0
18902 20853 20715 -0.00730081
18435 20633 20508 -0.00678058
18085 20324 20324 0
18577 20805 20819 0.00075362
18179 20434 20459 0.00137521
18554 20908 20908 0
17871 19976 20020 0.00246209
18011 20424 20410 -0.000777303
18420 20207 20256 0.00266015
18018 20593 20593 0
18259 21196 20806 -0.0213593
18620 20733 20582 -0.00810956
18498 20642 20650 0.000432479
18890 21183 20996 -0.00989942
17980 21346 21346 0
18762 20330 20469 0.00740859
17389 19985 19856 -0.00741848
18033 20533 20583 0.00277269
18638 20309 20174 -0.00724327
18218 20623 20777 0.00845318
17968 20635 20646 0.000612199
17235 20120 20109 -0.000638236
18471 20652 20585 -0.00362731
18153 20727 20709 -0.000991572
18768 21056 21078 0.00117221
19497 21644 21648 0.00020516
17919 20211 20200 -0.000613874
18453 20876 20936 0.0032515
18665 21185 21002 -0.00980445
17660 20276 20270 -0.000339751
18428 21012 20927 -0.00461255
18334 21391 21391 0
19061 20776 20880 0.00545617
17719 21440 21354 -0.00485355
19251 21889 21788 -0.00524648
17578 20945 20932 -0.000739561
17883 20727 20727 0
18254 20596 20596 0
18265 20031 20032 5.47495e-05
18220 20604 20482 -0.00669594
17664 20307 20342 0.00198143
18877 20728 20541 -0.00990624
18887 20854 20854 0
18557 20753 20694 -0.00317939
17567 20216 20121 -0.00540787
17767 20769 20559 -0.0118197
17496 19987 20155 0.00960219
18239 20528 20431 -0.00531827
18959 20435 20357 -0.00411414
17491 20441 20485 0.00251558
18175 20875 20630 -0.0134801
17637 20162 20047 -0.00652038
17564 20189 20246 0.00324527
18147 20631 20658 0.00148785
17572 20368 20368 0
18454 20999 20972 -0.0014631
17835 20969 20967 -0.000112139
18990 20893 20876 -0.000895208
18174 20468 20428 -0.00220095
18988 20855 20765 -0.00473984
17356 20068 20118 0.00288085
18698 21060 20773 -0.0153492
18246 20771 20955 0.0100844
17559 20195 20195 0
18877 20564 20378 -0.00985326
18843 20902 21012 0.00583771
18155 20391 20477 0.00473699
18649 20412 20412 0
18229 20331 20181 -0.00822865
18351 20721 20895 0.00948177
18320 21299 21157 -0.00775109
18480 20937 21167 0.0124459
17947 20635 20620 -0.000835794
17613 20286 20286 0
18367 19858 19894 0.00196004
18027 20237 20141 -0.00532535
19335 21260 21301 0.00212051
17799 20078 20014 -0.00359571
17997 20750 20482 -0.0148914
17529 20385 20380 -0.000285242
17549 20266 20342 0.00433073
17646 20266 20307 0.00232347
17834 20121 20186 0.00364472
16982 20503 20446 -0.0033565
18448 20909 20909 0
17944 20251 20443 0.0107
17921 20927 20926 -5.58005e-05
16953 19917 19693 -0.013213
18768 20622 20572 -0.00266411
18442 20947 21065 0.00639844
18886 21205 21307 0.00540083
18381 20488 20482 -0.000326424
17719 20796 20769 -0.00152379
18340 20397 20397 0
18447 20343 20157 -0.0100829
17683 20083 20102 0.00107448
18049 19807 20046 0.0132417
18346 20802 20887 0.00463316
17751 20362 20201 -0.00906991
18448 20678 20586 -0.00498699
17047 20224 20248 0.00140787
18194 20530 20565 0.00192371
17651 20123 20270 0.00832814
17992 20662 20654 -0.000444642
17868 20545 20545 0
17801 21309 21269 -0.00224706
18101 20285 20354 0.00381194
17526 20217 20188 -0.00165468
18275 20999 20960 -0.00213406
18459 21181 21117 -0.00346714
17525 20556 20508 -0.00273894
18788 20754 20779 0.00133064
17525 19711 19971 0.0148359
18143 20703 20770 0.00369288
17766 20353 20342 -0.00061916
18568 20497 20504 0.000376993
18359 21366 21366 0
17892 20555 20505 -0.00279455
17465 19904 19972 0.0038935
18308 19948 19967 0.0010378
17789 20055 20053 -0.000112429
16745 20450 20369 -0.00483726
17679 20627 20627 0
17997 19959 20037 0.00433406
18136 20653 20522 -0.0072232
17890 19945 20033 0.00491895
17624 20054 20084 0.00170222
18122 20558 20548 -0.000551815
17898 20688 20620 -0.00379931
17183 20178 20162 -0.000931153
18243 21103 21026 -0.0042208
17725 20641 20745 0.00586742
17931 20465 20371 -0.00524232
18414 20868 20956 0.00477897
18173 20645 20719 0.00407197
17784 20955 21104 0.00837832
17625 19815 19897 0.00465248
18016 20162 20307 0.0080484
18386 19920 19799 -0.00658109
16730 20048 20048 0
18533 20996 21002 0.000323747
18332 21011 20945 -0.00360026
18510 21489 21523 0.00183684
18123 20324 20347 0.00126911
18438 21046 20923 -0.00667101
17844 20435 20395 -0.00224165
17344 20197 20214 0.000980166
19093 21129 21130 5.23752e-05
17891 20416 20426 0.00055894
16981 20001 19878 -0.00724339
19069 21489 21634 0.00760396
18487 20294 20312 0.000973657
18168 20240 20228 -0.000660502
18692 21527 21534 0.000374492
17981 20492 20487 -0.000278071
17470 19713 19776 0.00360618
17026 19955 19955 0
17910 20442 20493 0.00284757
17464 20816 20783 -0.0018896
17838 20369 20341 -0.00156968
18273 21100 21244 0.00788048
18141 20743 20837 0.00518163
18712 20890 20939 0.00261864
17360 20031 20069 0.00218894
16888 20114 20114 0
18270 20665 20687 0.00120416
17876 20619 20504 -0.00643321
17267 20753 20753 0
17783 20363 20519 0.00877242
18058 20839 20639 -0.0110754
18102 20746 20671 -0.00414319
18961 20711 20738 0.00142398
18660 20569 20676 0.00573419
18703 20523 20896 0.0199433
17569 19998 19883 -0.00654562
17650 20969 20903 -0.00373938
17308 19808 19828 0.00115554
18056 20871 20567 -0.0168365
17626 20717 20717 0
18518 20710 20656 -0.00291608
18112 20906 20884 -0.00121466
17094 19575 19525 -0.002925
17171 19786 19864 0.00454254
17955 20474 20736 0.014592
17692 19709 19871 0.00915668
17755 20335 20325 -0.000563222
17856 20384 20438 0.00302419
18462 20369 20295 -0.00400823
18421 20487 20487 0
17494 20622 20683 0.00348691
17863 20454 20483 0.00162347
18304 20828 20823 -0.000273164
17493 20569 20399 -0.00971817
17986 20575 20581 0.000333593
18530 21036 20983 -0.00286023
18082 21145 21145 0
18628 21034 21051 0.000912605
17704 19988 20015 0.00152508
17856 20468 20292 -0.00985663
17957 20399 20390 -0.000501197
17648 20643 20650 0.000396646
17563 20116 20155 0.00222058
18246 20414 20345 -0.00378165
18009 20551 20551 0
18264 20438 20346 -0.00503723
17803 20989 20989 0
18193 20256 20233 -0.00126422
18092 20045 19854 -0.0105572
17759 20272 20170 -0.00574357
17596 19479 19361 -0.00670607
17240 20523 20656 0.00771462
17860 20317 20317 0
19059 21018 21057 0.00204628
18317 20791 20791 0
18283 20839 20671 -0.00918886
18947 20832 20761 -0.0037473
18546 21315 21315 0
19114 21718 21613 -0.00549336
18259 21089 21037 -0.00284791
17815 20227 20267 0.0022453
17469 20534 20478 -0.00320568
18045 21020 20987 -0.00182876
18315 19833 19812 -0.0011466
17926 20167 20155 -0.000669419
18012 20623 20649 0.00144348
18388 20278 20455 0.00962584
18422 20462 20396 -0.00358267
18069 20637 20647 0.000553434
18202 21291 21291 0
17859 20419 20480 0.00341564
17467 19922 19994 0.00412206
16943 20310 20338 0.0016526
18307 20966 20769 -0.0107609
16621 19450 19537 0.00523434
18330 20625 20625 0
18322 20632 20536 -0.0052396
18362 21095 21167 0.00392114
18073 20236 20239 0.000165993
18580 20568 20524 -0.00236814
18296 20901 20862 -0.00213161
17080 20339 20267 -0.00421546
17822 20313 20403 0.00504994
19254 21459 21471 0.000623247
18004 20527 20460 -0.0037214
17573 20293 20210 -0.00472315
18171 20692 20884 0.0105663
17788 20705 20705 0
17343 20861 20861 0
17322 20082 20173 0.00525343
18174 20139 20167 0.00154066
17819 20580 20582 0.00011224
18655 20976 21024 0.00257304
18240 20025 20051 0.00142544
16957 20197 20176 -0.00123843
18095 21292 21286 -0.000331583
18120 20504 20457 -0.00259382
17916 20668 20660 -0.000446528
18667 20597 20550 -0.00251781
18558 20975 21008 0.00177821
18206 20784 20932 0.00812919
18257 20430 20549 0.00651805
18513 20963 21051 0.00475342
17899 20497 20543 0.00256998
18764 20792 20627 -0.00879343
18707 20800 20694 -0.00566633
17151 19599 19488 -0.00647193
17374 20114 19964 -0.00863359
18518 21107 21107 0
17690 20241 20309 0.00384398
19007 20958 20792 -0.00873362
18517 20485 20450 -0.00189015
18654 21136 21024 -0.00600407
17747 21004 20714 -0.0163408
17823 20123 20154 0.00173933
18492 20870 20916 0.00248756
18972 20764 20978 0.0112798
19004 21600 21601 5.26205e-05
18496 20596 20406 -0.0102725
17589 20950 21033 0.00471886
18487 20857 20862 0.00027046
18586 20354 20405 0.002744
18028 20942 20988 0.00255159
17944 21055 21019 -0.00200624
18191 20619 20517 -0.00560717
18948 20587 20666 0.00416931
18701 20316 20347 0.00165767
19047 21317 21287 -0.00157505
17965 20655 20737 0.00456443
18036 20750 20669 -0.00449102
18476 21058 21058 0
18559 20670 20725 0.00296352
18328 20274 20228 -0.00250982
18575 20759 20840 0.0043607
18221 20721 20721 0
19198 21419 21219 -0.0104178
17696 20282 20151 -0.0074028
17710 20064 20064 0
18108 21155 21115 -0.00220897
18148 20789 20723 -0.00363676
18428 21044 21112 0.00369004
16860 19933 19904 -0.00172005
19750 21155 21187 0.00162025
18188 20247 20269 0.00120959
17665 20567 20542 -0.00141523
17380 20088 20106 0.00103567
18478 20611 20604 -0.000378829
18228 20450 20304 -0.00800966
17486 20030 19811 -0.0125243
17997 20916 20890 -0.00144469
18913 21322 21396 0.00391265
18994 20721 20543 -0.00937138
17698 20323 20238 -0.0048028
18581 20857 20951 0.00505893
18065 20847 20872 0.00138389
18052 20284 20263 -0.00116331
18768 21497 21495 -0.000106564
18111 20744 20477 -0.0147424
17817 20273 20298 0.00140315
19328 22064 22064 0
18649 21010 21132 0.00654191
18627 21432 21401 -0.00166425
18229 20392 20266 -0.00691206
17656 20502 20430 -0.00407793
18706 20971 20971 0
19083 20983 20992 0.000471624
17850 20614 20706 0.00515406
17738 20492 20481 -0.000620138
18608 20081 20055 -0.00139725
17873 20515 20618 0.00576288
17185 20864 20838 -0.00151295
19295 21089 21059 -0.00155481
17898 19955 19665 -0.0162029
17901 20865 20865 0
18343 20601 20594 -0.000381617
17085 20083 19938 -0.00848698
18377 20710 20575 -0.00734614
17814 19800 19836 0.00202088
17955 20605 20586 -0.0010582
17964 20634 20495 -0.0077377
