22153 24463 24384 -0.00356611
21366 23995 23893 -0.00477394
22307 24728 24747 0.000851751
21539 24298 24422 0.005757
21433 24442 24538 0.00447907
22153 24719 24730 0.000496547
22623 24881 25048 0.00738187
22365 24520 24456 -0.00286161
21746 24390 24294 -0.0044146
21543 23814 23737 -0.00357425
21418 24191 24175 -0.000747035
21902 24004 24017 0.000593553
20757 23523 23536 0.000626295
22036 24909 24979 0.00317662
22214 24698 24512 -0.0083731
21299 24247 24221 -0.00122071
22852 24748 24748 0
22006 25263 25186 -0.00349905
21353 23862 23806 -0.00262258
22296 24890 24961 0.00318443
21798 24643 24385 -0.0118359
21344 24067 23835 -0.0108696
20782 23885 23820 -0.00312771
21572 23706 23740 0.00157612
22129 24499 24397 -0.00460934
21331 24413 24348 -0.00304721
21584 24395 24416 0.000972943
22531 25606 25608 8.87666e-05
21745 24176 24284 0.00496666
21888 24384 24444 0.00274123
21495 24576 25092 0.0240056
21326 24398 24432 0.0015943
22103 24619 24677 0.00262408
21922 23976 24044 0.00310191
21129 24354 24211 -0.00676795
20875 23971 23868 -0.00493413
21527 24449 24456 0.000325173
22511 25479 25466 -0.000577495
21613 24690 24552 -0.00638505
21639 24106 24159 0.00244928
21970 25179 25276 0.00441511
22040 24793 24733 -0.00272232
22264 24453 24690 0.010645
22608 24902 24709 -0.0085368
22002 23735 23684 -0.00231797
23250 25060 25091 0.00133333
22023 24489 24624 0.00612996
21746 24957 24973 0.000735767
21528 24464 24550 0.0039948
21997 24551 24549 -9.09215e-05
21126 23973 23995 0.00104137
22380 24754 24655 -0.00442359
21182 23975 23962 -0.000613729
22738 24478 24511 0.00145131
22248 25146 25146 0
22129 24226 24060 -0.00750147
21628 24596 24443 -0.00707416
22322 25006 25025 0.000851178
21901 24645 24680 0.0015981
21183 23951 24046 0.00448473
21811 24413 24413 0
22497 24191 23936 -0.0113348
22306 25033 25082 0.00219672
22971 25086 25060 -0.00113186
21187 23323 23360 0.00174635
21729 23893 23882 -0.000506236
21949 24028 24079 0.00232357
22043 24561 24561 0
20901 23916 23791 -0.00598058
22033 23829 24118 0.0131167
21679 24857 24857 0
21426 24085 24316 0.0107813
20922 25341 25386 0.00215085
21827 24592 24573 -0.000870482
21015 23961 23879 -0.00390197
20708 23269 23224 -0.00217307
21511 24486 24389 -0.00450932
21813 24758 24839 0.00371338
21888 25118 24864 -0.0116045
22286 24986 24986 0
21126 23737 23762 0.00118338
21667 24453 24284 -0.00779988
21177 24104 24172 0.00321103
21644 23967 23867 -0.00462022
22053 24539 24613 0.00335555
22073 24551 24565 0.000634259
21417 24322 24322 0
21694 25044 25044 0
22661 25168 24789 -0.0167248
22917 25352 25185 -0.00728717
21939 25057 25303 0.0112129
22116 25251 25189 -0.0028034
22122 24609 24571 -0.00171775
21288 24246 24119 -0.0059658
21940 25156 24978 -0.00811304
20905 24146 24053 -0.0044487
21581 24006 24012 0.000278022
21929 24979 25013 0.00155046
20979 24293 24288 -0.000238334
21501 23687 23872 0.00860425
22224 24839 24817 -0.000989921
21726 24985 24965 -0.000920556
22400 25184 25193 0.000401786
21861 24549 24533 -0.000731897
21618 24590 24592 9.25155e-05
22074 25262 25195 -0.00303525
21755 24148 23820 -0.015077
20905 24656 24656 0
21533 24295 24365 0.00325082
22550 25157 25119 -0.00168514
22158 24718 24862 0.00649878
21696 24223 24241 0.000829646
20975 25017 25090 0.00348033
21999 24520 24547 0.00122733
21326 23412 23545 0.00623652
21408 23975 24001 0.0012145
21385 24045 23793 -0.011784
21342 24588 24675 0.00407647
22307 25215 25136 -0.00354149
22092 24340 24211 -0.00583922
21571 24651 24759 0.00500672
21761 24370 24407 0.00170029
21627 24987 24781 -0.00952513
20403 24202 24063 -0.00681272
21991 24681 24620 -0.00277386
21387 24200 24247 0.0021976
21306 23580 23767 0.00877687
21345 24644 24665 0.000983837
22755 24391 24391 0
22067 25111 24849 -0.0118729
21645 25145 25193 0.0022176
22214 24546 24491 -0.00247592
21327 24450 24450 0
21938 24830 24844 0.000638162
21946 24788 24725 -0.00287068
22213 24116 24074 -0.00189078
22345 24800 24800 0
21246 24931 25007 0.00357714
21520 23657 23891 0.0108736
21538 24758 24295 -0.0214969
21218 24303 24303 0
21597 24210 24242 0.00148169
20606 23199 23149 -0.00242648
21306 24194 24194 0
22105 24519 24487 -0.00144764
21915 24816 24816 0
22047 24500 24374 -0.00571506
21619 24090 24006 -0.00388547
21639 25165 24987 -0.00822589
21212 23746 23970 0.0105601
21311 24415 24527 0.0052555
21730 24117 24023 -0.00432582
21596 24089 24008 -0.00375069
21081 24045 23656 -0.0184526
21752 24267 24159 -0.00496506
21774 24358 24425 0.00307706
20687 24029 24048 0.000918451
22012 23985 23995 0.000454298
21939 24311 24215 -0.00437577
21161 24272 24335 0.00297717
22684 24699 24800 0.00445248
22119 24995 24884 -0.00501831
21715 24743 24784 0.0018881
21346 24404 24812 0.0191137
21198 23732 23732 0
21089 24251 24210 -0.00194414
21816 24812 24889 0.00352952
21968 25061 24910 -0.00687363
21823 24853 24855 9.16464e-05
22419 24839 24773 -0.00294393
21670 24135 24265 0.00599908
22079 24942 24893 -0.0022193
22006 24413 24432 0.000863401
20424 24063 24030 -0.00161575
22307 24883 24883 0
22539 24540 24424 -0.00514663
21620 24612 24671 0.00272895
21121 24416 24426 0.000473462
21698 24676 24676 0
21855 24362 24300 -0.00283688
22447 24936 24967 0.00138103
21354 24422 24425 0.000140489
22370 24171 24167 -0.000178811
21297 23867 24169 0.0141804
22484 25159 25065 -0.00418075
22833 25316 25236 -0.0035037
21150 23870 23960 0.00425532
21045 23621 23756 0.00641483
21766 24891 24863 -0.00128641
22261 25405 25291 -0.00512106
21471 24558 24558 0
21108 24490 24715 0.0106595
21725 24601 24493 -0.00497123
22813 25116 25034 -0.00359444
22449 24752 24752 0
20959 24115 24123 0.000381698
21514 24520 24520 0
21192 24068 24087 0.000896565
21019 23734 23917 0.00870641
21589 24684 24661 -0.00106536
22980 25906 25860 -0.00200174
21258 24515 24536 0.000987863
21791 24583 24595 0.000550686
21878 25249 25249 0
22169 24609 24241 -0.0165998
20508 23470 23365 -0.00511995
22105 24358 24452 0.00425243
21966 24568 24568 0
20861 24031 24042 0.0005273
21595 23898 24094 0.00907618
20914 22868 23028 0.00765038
21821 25056 24971 -0.00389533
22814 24624 24514 -0.0048216
21933 25322 25332 0.000455934
21797 24432 24638 0.00945084
21441 24125 24129 0.000186558
21196 23938 23961 0.00108511
21783 24484 24337 -0.00674838
21241 23938 23951 0.000612024
21851 24802 24802 0
21409 24852 24706 -0.00681956
21580 23935 23961 0.00120482
22882 25718 25718 0
19972 23906 23888 -0.000901262
22375 24883 24818 -0.00290503
21716 24896 24848 -0.00221035
21324 24279 24252 -0.00126618
20885 23848 23831 -0.000813981
20969 24473 24495 0.00104917
21956 24697 24609 -0.00400802
22114 24988 24988 0
21296 24808 24798 -0.000469572
21921 25203 25222 0.000866749
21960 23971 24385 0.0188525
21454 24198 24022 -0.0082036
21541 24383 24315 -0.00315677
21912 24660 24783 0.00561336
21023 24484 24558 0.00351995
21854 25114 25073 -0.00187609
22514 24679 24672 -0.000310918
21506 24300 24330 0.00139496
21181 24453 24458 0.000236061
21059 23786 23734 -0.00246925
20942 23995 23855 -0.00668513
22239 25152 25192 0.00179864
22465 25470 25457 -0.000578678
20953 24326 24372 0.00219539
21030 24151 24154 0.000142653
21194 24134 24109 -0.00117958
21716 23722 23722 0
21005 23645 23659 0.000666508
21393 24686 24762 0.00355256
21337 24623 24559 -0.00299948
20382 23434 23416 -0.000883132
21654 23777 23687 -0.00415628
21989 24505 24787 0.0128246
22114 24286 24349 0.00284887
22590 24627 24601 -0.00115095
21465 24574 24675 0.00470533
21261 23952 23911 -0.00192841
21050 23950 24073 0.00584323
21456 24328 24295 -0.00153803
21513 24919 24901 -0.000836703
20083 24010 23975 -0.00174277
22504 25297 25318 0.000933167
21537 24213 24300 0.00403956
21817 24410 24347 -0.00288766
21150 24488 24342 -0.00690307
22196 24535 24723 0.00846999
21420 23997 23907 -0.00420168
22175 24943 24943 0
21178 24341 24441 0.00472188
21077 24069 24048 -0.000996347
21529 24750 24750 0
22277 25302 25280 -0.000987566
22133 24602 24726 0.00560249
22046 24971 24965 -0.000272158
20801 23448 23372 -0.00365367
21580 25256 25056 -0.00926784
21622 24773 24716 -0.0026362
22310 24598 24565 -0.00147916
21119 23411 23372 -0.00184668
21787 23465 23588 0.00564557
22112 24592 24584 -0.000361795
21636 23738 23664 -0.00342023
21220 24403 24501 0.00461828
21208 23385 23503 0.00556394
22288 25295 25359 0.0028715
21824 24338 24353 0.000687317
22178 24726 24736 0.000450897
21431 24549 24558 0.000419952
21760 24685 24620 -0.00298713
22021 24101 24101 0
22191 24216 24141 -0.00337975
21793 24889 24868 -0.000963612
21456 23939 23956 0.000792319
23256 25744 25792 0.00206398
21651 24307 24316 0.000415685
22439 25289 25326 0.00164891
21583 24472 24312 -0.00741324
21102 24026 24056 0.00142167
21190 24983 24983 0
21954 24715 24700 -0.000683247
22409 25040 24816 -0.00999598
21018 23709 23798 0.00423447
21900 24291 24300 0.000410959
21806 24734 24745 0.000504448
21851 24523 24464 -0.00270011
21551 24287 24023 -0.01225
21506 24019 24046 0.00125546
22082 24500 24468 -0.00144914
21196 23953 23953 0
21435 24259 24247 -0.000559832
21489 25455 25391 -0.00297827
21599 24265 24265 0
22221 25134 25134 0
21577 24572 24589 0.000787876
21529 23818 23916 0.004552
21610 24263 24263 0
21226 23661 23611 -0.0023556
21242 23496 23496 0
21182 23849 23849 0
21900 24731 24678 -0.00242009
22036 23932 24046 0.00517335
22138 24602 24540 -0.00280061
21504 24228 24230 9.3006e-05
21829 24927 24906 -0.000962023
22183 24372 24329 -0.00193842
21273 23687 23477 -0.00987167
22557 24929 24980 0.00226094
21207 23965 23924 -0.00193332
21701 23655 23801 0.0067278
21620 24081 24081 0
21406 24680 24680 0
20525 23574 23568 -0.000292326
21454 24408 24504 0.00447469
21785 24663 24663 0
22015 25334 25340 0.000272541
21329 24097 24019 -0.00365699
22227 25277 25304 0.00121474
21758 24485 24390 -0.00436621
21765 24380 24359 -0.000964852
21175 24741 24741 0
21650 24740 24708 -0.00147806
21308 24238 24252 0.00065703
21878 25295 25264 -0.00141695
21629 24663 24683 0.000924684
20997 24849 24674 -0.00833452
21392 23944 23831 -0.00528235
21961 24202 24183 -0.00086517
21506 25166 25217 0.00237143
21373 24532 24240 -0.0136621
21512 24487 24542 0.00255671
20834 24225 24230 0.000239992
21660 24484 24474 -0.000461681
21568 24770 24743 -0.00125185
21399 24061 24072 0.000514043
21390 24830 24814 -0.000748013
21900 24048 24055 0.000319635
20871 24650 24444 -0.00987015
20861 24348 24371 0.00110254
21888 24657 24522 -0.00616776
21653 24511 24492 -0.000877477
22671 25141 25116 -0.00110273
22173 25061 24914 -0.00662968
22721 24722 24788 0.0029048
21322 23645 23645 0
22192 24630 24636 0.000270368
21346 24533 24533 0
22735 24757 24397 -0.0158346
23564 25393 25453 0.00254626
20989 23977 24093 0.0055267
21202 24486 24476 -0.000471654
22378 25496 25483 -0.000580928
21869 25013 24970 -0.00196625
21619 24787 24787 0
21724 24451 24492 0.00188731
22160 24792 24745 -0.00212094
21557 24415 24353 -0.0028761
22271 24731 24731 0
20845 24637 24631 -0.000287839
20878 24143 24146 0.000143692
21133 24498 24514 0.00075711
22519 24687 24387 -0.0133221
20546 23503 23335 -0.00817677
21243 24537 24495 -0.00197712
21537 24276 24286 0.000464317
21384 24480 24350 -0.00607931
20985 24370 24373 0.000142959
22331 25008 24934 -0.00331378
21020 23982 24019 0.00176023
22411 25169 25123 -0.00205256
22085 23866 23883 0.000769753
21922 25002 24798 -0.00930572
21381 24715 24622 -0.00434966
21575 24097 24067 -0.0013905
22686 24604 24578 -0.00114608
20813 24201 24203 9.60938e-05
21478 24447 24457 0.000465593
21009 24666 24660 -0.000285592
21417 24103 24255 0.00709717
21269 24037 24146 0.00512483
20854 23751 23717 -0.00163038
21140 24089 23860 -0.0108325
21824 24179 24199 0.000916422
21043 24022 24101 0.00375422
21443 24430 24424 -0.000279812
20900 23991 23965 -0.00124402
21516 25346 25362 0.000743633
20406 24025 24025 0
20625 24279 24189 -0.00436364
20956 24117 24023 -0.00448559
21370 24216 24281 0.00304165
21496 24919 24924 0.000232601
22264 24322 24494 0.00772548
21999 24408 24475 0.00304559
21441 25262 25293 0.00144583
20716 24105 24051 -0.00260668
20716 24747 24877 0.00627534
21349 23630 23593 -0.0017331
21851 24498 24495 -0.000137293
20716 24944 24971 0.00130334
21998 24476 24495 0.000863715
21794 24336 24347 0.000504726
22378 24389 24400 0.000491554
22537 25293 25293 0
21227 24605 24687 0.003863
22425 24761 24713 -0.00214047
21493 24066 24053 -0.000604848
21716 24382 24208 -0.00801253
21860 24368 24317 -0.00233303
22859 25455 25605 0.00656197
21620 24855 24784 -0.003284
21314 24078 23918 -0.0075068
20799 23678 23740 0.00298091
21850 24633 24621 -0.000549199
21192 24218 24035 -0.00863533
21657 24368 24585 0.0100199
22171 24294 24365 0.00320238
21923 24919 25042 0.00561055
21467 24265 24205 -0.00279499
21460 24095 23893 -0.00941286
20973 23958 23976 0.000858246
21492 23938 24080 0.00660711
21245 24187 24195 0.000376559
21380 24154 24164 0.000467727
22382 24292 24344 0.0023233
21180 23892 23595 -0.0140227
21575 24612 24441 -0.00792584
22212 24717 24640 -0.00346659
21064 24138 24621 0.0229301
22160 24369 24369 0
21644 24150 24190 0.00184809
21078 24938 24938 0
22093 24638 24736 0.00443579
22991 25102 25102 0
22709 25506 25408 -0.00431547
21841 24264 24462 0.00906552
22117 24513 24658 0.00655604
22479 24631 24547 -0.00373682
22492 24363 24363 0
22101 24268 24268 0
21410 24504 24684 0.00840729
21473 24249 24038 -0.00982629
21778 24848 24753 -0.0043622
22507 24993 24911 -0.00364331
22938 25509 25490 -0.00082832
21161 24631 24523 -0.00510373
21909 24883 24859 -0.00109544
22129 24694 24515 -0.00808893
22333 24305 24309 0.000179107
21283 23874 23888 0.000657802
21690 24233 24266 0.00152144
22422 25369 25216 -0.00682366
20826 23422 23440 0.000864304
21599 24709 24760 0.00236122
21102 23979 24174 0.00924083
22211 23971 23981 0.000450227
22361 24993 25010 0.000760252
22413 24017 24017 0
22255 24951 24859 -0.0041339
21816 24263 24317 0.00247525
22030 24580 24509 -0.00322288
21586 23764 23848 0.00389141
22280 24981 24934 -0.00210952
21854 25225 24966 -0.0118514
22259 25005 24852 -0.00687362
22301 24930 24915 -0.000672616
21224 24285 24285 0
21682 24548 24421 -0.00585739
21552 24599 24621 0.00102079
21534 24186 24096 -0.00417944
21988 23952 23954 9.09587e-05
22155 24905 24949 0.00198601
20922 24085 23655 -0.0205525
21255 24184 24201 0.000799812
21200 24433 24633 0.00943396
21671 24445 24369 -0.00350699
21768 24387 24219 -0.00771775
21708 24215 24225 0.00046066
21437 23853 23869 0.000746373
22350 24634 24641 0.000313199
22659 24959 24959 0
21505 23197 23249 0.00241804
20435 23853 23853 0
21422 23848 23666 -0.00849594
23132 25281 25376 0.00410686
21344 24537 24596 0.00276424
21975 25155 25155 0
21435 24970 24970 0
21031 23516 23558 0.00199705
21037 24471 24447 -0.00114085
22229 24658 24702 0.0019794
22235 24709 24716 0.000314819
22421 24895 24713 -0.00811739
21611 24146 24281 0.00624682
21448 24589 24524 -0.00303059
22032 24748 25042 0.0133442
21692 24465 24347 -0.00543979
22027 24895 24708 -0.00848958
21245 23668 23946 0.0130854
21016 23826 23713 -0.00537686
20976 24049 23798 -0.0119661
22234 24796 24772 -0.00107943
22579 24154 24164 0.000442889
21196 23613 23530 -0.00391583
21086 23657 23625 -0.00151759
22495 24605 24475 -0.00577906
20312 24224 24156 -0.00334777
22589 24856 24673 -0.00810129
21519 24219 24218 -4.64706e-05
21461 24326 24380 0.00251619
22094 25413 25413 0
20835 23519 23547 0.00134389
21161 24076 24058 -0.000850621
21537 24118 24157 0.00181084
21957 25051 24931 -0.00546523
22016 24505 24332 -0.00785792
21309 23743 23708 -0.0016425
22241 24513 24417 -0.00431635
22370 24749 24921 0.00768887
20957 23681 23681 0
21391 23813 23835 0.00102847
21635 24571 24593 0.00101687
21521 24004 23928 -0.00353143
21458 24360 23923 -0.0203654
22431 24748 24593 -0.00691008
21390 24524 24456 -0.00317906
22159 24873 24844 -0.00130872
22279 24603 25046 0.0198842
21685 24602 24619 0.000783952
22427 24563 24545 -0.000802604
21413 24348 24290 -0.00270863
22064 24233 24377 0.00652647
22061 24159 23835 -0.0146866
21880 24535 24505 -0.00137112
22141 24904 25095 0.00862653
21516 23968 23785 -0.0085053
20937 24144 23882 -0.0125137
21598 24069 24204 0.00625058
20923 24220 24208 -0.000573532
21942 24499 24483 -0.000729195
22746 25391 25410 0.000835312
21878 24258 24303 0.00205686
21846 25083 25037 -0.00210565
21141 23737 23264 -0.0223736
20644 24082 24018 -0.00310017
22098 24694 24660 -0.0015386
22182 24513 24334 -0.00806961
20523 24571 24646 0.00365444
22308 25027 24974 -0.00237583
21550 25334 25334 0
22021 24283 24285 9.08224e-05
21009 24885 24778 -0.00509306
21782 24628 24493 -0.00619778
21572 24964 24911 -0.00245689
22216 24390 24396 0.000270076
20657 23703 23587 -0.00561553
21992 24287 24258 -0.00131866
21464 24299 24299 0
21541 23953 23937 -0.00074277
21818 24114 24301 0.0085709
22603 24862 24878 0.000707871
20366 23658 23382 -0.013552
21921 24912 24870 -0.00191597
21822 24819 24717 -0.00467418
20365 24158 24243 0.00417383
21510 24382 24375 -0.00032543
21452 24516 24516 0
21709 23917 23973 0.00257958
23332 25319 25337 0.000771473
22178 24385 24413 0.00126251
20568 23894 23884 -0.000486192
22062 24052 23531 -0.0236153
22983 24970 24964 -0.000261063
21128 23721 23920 0.00941878
20905 23643 23648 0.000239177
21469 24858 24835 -0.00107131
21351 23795 23850 0.00257599
21966 24837 24843 0.000273149
20666 23696 23726 0.00145166
21334 24191 24154 -0.00173432
21299 24060 23975 -0.0039908
21797 24447 24447 0
21668 24066 24082 0.000738416
22232 24275 24305 0.00134941
22768 25157 25145 -0.000527056
21500 24320 24272 -0.00223256
22293 24303 24303 0
22231 25319 25236 -0.00373353
21628 24546 24546 0
21030 24535 24535 0
21387 23937 23994 0.00266517
22235 24692 24692 0
20258 23985 23701 -0.0140192
21691 24033 24033 0
21535 24451 24440 -0.000510796
21556 23456 23599 0.00663388
20982 24146 24146 0
22714 25056 25045 -0.000484283
21685 24399 24422 0.00106064
22412 24491 24348 -0.00638051
22077 24765 24805 0.00181184
22602 24613 24493 -0.00530926
21499 24060 23983 -0.00358156
20997 24101 24175 0.00352431
21450 24586 24560 -0.00121212
21906 24273 24262 -0.000502146
22973 24794 24746 -0.00208941
22071 24513 24438 -0.00339812
21701 24487 24530 0.00198148
21869 24864 24864 0
22545 24623 24960 0.0149479
21297 24306 24342 0.00169038
22558 24934 25105 0.00758046
21189 24150 23952 -0.00934447
21619 24612 24618 0.000277534
20742 24156 24190 0.00163919
21292 23751 23744 -0.000328762
22273 24833 24877 0.00197549
21313 24388 24600 0.00994698
21891 24390 24123 -0.0121968
21835 24284 24261 -0.00105335
21765 24509 24439 -0.00321617
21840 24534 24556 0.00100733
22060 24949 24919 -0.00135993
21163 24228 24198 -0.00141757
22963 25517 25454 -0.00274354
22465 25191 25152 -0.00173603
21489 24542 24542 0
21358 24898 24780 -0.00552486
21110 23728 23683 -0.00213169
20784 24299 24408 0.00524442
21764 24646 24629 -0.000781106
22759 25244 25244 0
21598 24473 24338 -0.00625058
22319 25468 25438 -0.00134415
22123 25203 25297 0.00424897
20967 24345 24434 0.00424477
20625 23863 23828 -0.00169697
22247 24763 24632 -0.00588843
22691 24873 24873 0
21796 24401 24393 -0.00036704
21597 24219 24213 -0.000277816
22040 24648 24837 0.00857532
22120 24645 24725 0.00361664
21952 24650 24717 0.00305211
21150 23771 23776 0.000236407
21499 24273 24186 -0.0040467
21890 24181 24162 -0.000867976
21667 24425 24405 -0.000923063
21967 24966 24751 -0.00978741
22339 24556 24548 -0.000358118
21946 24847 24794 -0.00241502
22744 25273 25273 0
21916 25382 25056 -0.014875
22288 24493 24502 0.000403805
21565 24023 24056 0.00153026
21659 24368 24351 -0.000784893
21704 24447 24399 -0.00221157
22056 25006 24999 -0.000317374
22020 24710 24693 -0.000772025
20756 24116 24154 0.0018308
22247 24976 24967 -0.000404549
21882 24592 24581 -0.000502696
22305 24627 24627 0
22912 25310 25294 -0.000698324
21543 23887 23992 0.00487397
22205 24719 24718 -4.50349e-05
22363 25113 25243 0.00581317
21447 24280 24533 0.0117965
22112 24823 24875 0.00235166
22050 25307 25362 0.00249433
22609 24693 24492 -0.00889026
21859 25382 25389 0.000320234
23008 25601 25641 0.00173853
21349 25117 25105 -0.000562087
21484 24361 24484 0.00572519
22268 24676 24800 0.00556853
21743 24169 24142 -0.00124178
22117 24739 24728 -0.000497355
21541 24259 24297 0.00176408
22607 24751 24716 -0.00154819
22168 24500 24330 -0.00766871
22072 24705 24530 -0.0079286
20842 23830 23802 -0.00134344
21546 24554 24442 -0.00519818
20720 23646 23564 -0.00395753
21955 24861 24717 -0.00655887
23076 24363 24405 0.00182007
21374 24066 24172 0.0049593
22056 25034 25038 0.000181357
21363 24131 24166 0.00163835
21145 24732 24646 -0.00406716
22137 25007 25007 0
21343 24787 24684 -0.00482594
22454 24748 24702 -0.00204863
21235 24701 24736 0.00164822
22528 24770 24761 -0.000399503
21953 24440 24315 -0.00569398
22683 24769 24884 0.00506988
20476 23671 23660 -0.000537214
22665 24972 25050 0.00344143
21684 24892 25031 0.00641026
21204 24037 23920 -0.00551783
22458 24310 24297 -0.000578858
22738 24847 25138 0.012798
21711 24241 24280 0.00179632
22067 24384 24387 0.00013595
21954 24320 24435 0.00523823
22220 24829 24851 0.000990099
22055 25017 25017 0
22218 24762 24885 0.00553605
21549 24333 24373 0.00185623
21374 24264 24273 0.000421072
22061 23856 23997 0.00639137
21165 23580 23584 0.000188991
22767 25172 24964 -0.00913603
21545 23806 23735 -0.00329543
21909 24679 24512 -0.00762244
21499 24450 24451 4.65138e-05
21245 24196 24252 0.00263591
21286 24670 24588 -0.0038523
21879 24302 24232 -0.00319941
20737 24037 24403 0.0176496
21849 24747 24747 0
21678 24217 24191 -0.00119937
21693 24791 24704 -0.00401051
20302 23685 23650 -0.00172397
22558 24911 24876 -0.00155156
21790 24799 24899 0.00458926
22415 24496 24492 -0.000178452
22168 24454 24420 -0.00153374
21580 24893 24687 -0.00954588
22050 24465 24446 -0.000861678
21970 23960 23927 -0.00150205
21718 24392 24240 -0.0069988
21818 23935 23935 0
22111 25035 24894 -0.00637692
21603 24400 24385 -0.000694348
21794 24221 24041 -0.00825915
20708 24003 24003 0
21611 24027 23976 -0.00235991
20844 23775 23477 -0.0142967
21540 24636 24636 0
21186 24634 24722 0.00415369
21896 25399 25266 -0.00607417
22170 23941 24208 0.0120433
21105 24112 24255 0.00677565
22215 25093 25147 0.00243079
22051 24790 24696 -0.00426285
21288 24474 24520 0.00216084
22428 24416 24548 0.0058855
21453 23955 23694 -0.0121661
21449 24586 24430 -0.00727307
21433 24237 24317 0.00373256
22146 24268 24413 0.00654746
22075 25543 25477 -0.00298981
21388 24360 24360 0
20438 23581 23406 -0.00856248
21860 23448 23449 4.57457e-05
21663 23931 23913 -0.00083091
20498 24136 24117 -0.00092692
21319 24520 24576 0.00262676
21680 23840 24024 0.00848708
21690 24203 24206 0.000138313
21431 23666 23676 0.000466614
21285 23857 23857 0
21800 24396 24396 0
21469 24315 24422 0.00498393
20077 23734 23516 -0.0108582
21647 24412 24510 0.00452719
21109 24966 24714 -0.011938
21848 24434 24361 -0.00334127
21868 24727 24738 0.000503018
21764 24138 24188 0.00229737
21469 24675 24663 -0.000558945
21192 23673 23590 -0.00391657
21610 23896 23835 -0.00282277
21986 23735 23770 0.00159192
20190 23769 23730 -0.00193165
22509 24901 24928 0.00119952
21421 24776 24765 -0.000513515
22319 25340 25489 0.00667593
21724 24364 24364 0
21848 24680 24839 0.00727755
21532 23865 23995 0.00603753
20791 23760 23825 0.00312635
22632 24864 24937 0.00322552
21730 24238 24242 0.000184077
20485 23598 23523 -0.00366122
23109 25516 25539 0.000995283
22118 24310 24268 -0.00189891
22085 24115 24292 0.00801449
22214 25556 25569 0.000585217
21717 24852 24842 -0.000460469
20840 23618 23543 -0.00359885
20281 23365 23450 0.00419111
21770 24554 24554 0
21176 24752 24756 0.000188893
21130 24253 24278 0.00118315
21727 25112 25112 0
22271 24820 24875 0.00246958
22427 25125 25114 -0.00049048
21054 24082 24064 -0.000854944
21028 24056 24003 -0.00252045
22166 24725 24682 -0.00193991
21641 23981 24250 0.0124301
21106 24465 24459 -0.000284279
21106 23956 23876 -0.00379039
21748 24812 24579 -0.0107136
21735 24524 24604 0.0036807
22248 24158 24377 0.00984358
22613 24571 24597 0.00114978
22350 24550 24496 -0.00241611
21412 23830 23866 0.0016813
21283 25083 25067 -0.000751774
21257 23831 23820 -0.000517477
21833 24732 24732 0
21451 25012 24561 -0.0210247
22163 24628 24622 -0.000270721
21536 24499 24764 0.012305
20716 23651 23643 -0.000386175
20672 23532 23529 -0.000145124
21510 24520 24568 0.00223152
21170 23551 23585 0.00160605
21349 24251 24301 0.00234203
21793 24494 24496 9.17726e-05
22333 24255 24349 0.00420902
21920 24012 23997 -0.000684307
21210 24380 24516 0.00641207
21274 24422 24413 -0.000423052
22021 24608 24705 0.00440489
21130 24040 23949 -0.00430667
21725 24481 24468 -0.000598389
22172 24909 24346 -0.0253924
21877 25223 25288 0.00297116
21972 24683 24805 0.00555252
21505 24194 24207 0.000604511
21617 24348 24307 -0.00189666
21649 24263 24177 -0.00397247
21262 24587 24269 -0.0149563
21405 24030 23789 -0.0112591
21653 24011 24046 0.0016164
21657 24684 24620 -0.00295516
22116 24255 24346 0.00411467
21364 24398 24085 -0.0146508
22021 23824 23812 -0.000544934
21659 23814 23910 0.00443234
21428 24202 24256 0.00252007
21241 23698 23803 0.00494327
20639 24708 24735 0.0013082
21690 24115 24088 -0.00124481
22683 24552 24462 -0.00396773
22003 24250 24202 -0.00218152
21877 24832 24896 0.00292545
22348 24896 24901 0.000223734
22394 25145 25143 -8.93096e-05
22494 25322 25377 0.0024451
21939 24697 24800 0.00469484
21234 24214 24272 0.00273147
20793 24432 24347 -0.00408791
21192 24435 24362 -0.0034447
21914 23852 23816 -0.00164279
21510 24037 24192 0.00720595
21491 24411 24489 0.00362943
22105 24554 24536 -0.000814295
22122 24322 24262 -0.00271223
21916 24424 24399 -0.00114072
21928 25039 25158 0.00542685
21704 24364 24352 -0.000552893
21188 23969 24055 0.0040589
20920 24271 24242 -0.00138623
22044 24610 24555 -0.00249501
20141 22875 22989 0.0056601
22364 25062 25068 0.000268288
21787 24521 24671 0.00688484
21829 25172 25373 0.00920793
21776 24118 24215 0.00445445
21612 24099 24099 0
21924 24601 24451 -0.00684182
20322 23764 23842 0.0038382
21286 23754 23923 0.00793949
23208 24775 24869 0.00405033
21387 24232 24097 -0.00631225
21586 24345 24306 -0.00180673
21956 24750 24996 0.0112042
21231 24832 24871 0.00183694
21172 24701 24701 0
21107 23887 23836 -0.00241626
22219 24484 24607 0.0055358
21466 24263 24263 0
22190 24995 24883 -0.00504732
22020 23862 23497 -0.0165758
20885 24106 24139 0.00158008
21610 25082 25087 0.000231374
21886 24338 24361 0.0010509
21845 24323 24323 0
22512 24639 24634 -0.000222104
22586 25329 25321 -0.000354202
21537 24275 24361 0.00399313
22152 24685 24840 0.00699711
22301 24859 24917 0.00260078
21555 24246 24237 -0.000417537
22350 24763 24734 -0.00129754
21894 24474 24402 -0.00328857
20652 23434 23286 -0.00716638
21468 24345 24319 -0.0012111
21983 24791 24826 0.00159214
21417 24452 24320 -0.00616333
22796 24624 24853 0.0100456
22542 24716 24595 -0.00536776
21918 24672 24675 0.000136874
21011 24555 24275 -0.0133264
21754 24474 24432 -0.00193068
22525 25044 25091 0.00208657
22364 24676 24661 -0.000670721
23154 25691 25352 -0.0146411
22229 24451 24483 0.00143956
21706 25151 25215 0.00294849
22086 24913 24928 0.000679163
21977 24416 24650 0.0106475
22192 25243 25243 0
21472 24685 24702 0.000791729
21991 24730 24822 0.00418353
22708 24384 24254 -0.00572485
22270 24149 24153 0.000179614
22333 24950 24710 -0.0107464
22059 24855 24543 -0.0141439
21078 24184 24353 0.00801784
21833 24866 24776 -0.0041222
22436 24320 24274 -0.00205028
22341 24188 24429 0.0107873
22118 24496 24257 -0.0108057
21699 24625 24679 0.00248859
22620 24744 24922 0.00786914
20928 24301 23837 -0.0221713
21474 24329 24329 0
21606 24640 24912 0.0125891
21659 24368 24371 0.000138511
22514 24943 24995 0.00230967
20591 23777 23800 0.00111699
22920 24678 24637 -0.00178883
21947 23990 24076 0.00391853
21043 24177 24177 0
21005 23717 23862 0.00690312
21824 24644 24585 -0.00270345
21776 24279 24299 0.000918442
20550 23930 23905 -0.00121655
21686 24884 24862 -0.00101448
22331 25296 25095 -0.00900094
21921 24305 24281 -0.00109484
21326 24090 24208 0.00553315
22413 24717 24890 0.00771873
21727 24433 24433 0
21737 24266 24266 0
22294 25417 25246 -0.00767023
21380 24002 23945 -0.00266604
21145 24804 24709 -0.00449279
22850 25544 25506 -0.00166302
22221 25141 25187 0.00207011
22272 25204 25222 0.00080819
22011 24541 24566 0.0011358
21027 24104 24117 0.000618253
22358 24582 24612 0.0013418
22604 24989 24973 -0.000707839
21330 24360 24436 0.00356306
21534 24449 24519 0.00325067
21860 23804 23770 -0.00155535
21593 24340 24372 0.00148196
20953 24601 24601 0
23088 24954 24957 0.000129938
21296 23802 23929 0.00596356
21594 24951 24977 0.00120404
22002 24464 24468 0.000181802
20766 23465 23325 -0.00674179
21907 24380 24432 0.00237367
21197 23801 23602 -0.00938812
21544 24311 24270 -0.00190308
21590 24499 24510 0.000509495
