43884 48449 48302 -0.00334974
42300 47515 47302 -0.00503546
44189 49007 49038 0.000701532
42659 48356 48410 0.00126585
42437 48428 48602 0.0041002
43851 48948 48969 0.000478894
44820 49301 49630 0.00734047
44302 48487 48587 0.00225723
43037 48529 48102 -0.0099217
42638 47077 47154 0.0018059
42426 47941 47912 -0.000683543
43375 47542 47561 0.00043804
41100 46587 46609 0.00053528
43662 49355 49505 0.00343548
44016 48938 48573 -0.00829244
42172 47942 47970 0.000663948
45257 49041 49041 0
43571 50034 49882 -0.00348856
42262 47219 47128 -0.00215323
44110 49282 49423 0.00319655
43175 48831 48319 -0.0118587
42272 47679 47223 -0.0107873
41136 47263 47163 -0.00243096
42710 46941 47010 0.00161555
43827 48219 48331 0.0025555
42249 48185 48248 0.00149116
42739 48309 48350 0.000959311
44648 50777 50783 0.000134385
43050 47885 48096 0.00490128
43333 48289 48403 0.00263079
42595 48705 49730 0.0240639
42242 48336 48407 0.00168079
43783 48764 48884 0.00274079
43405 47394 47625 0.00532197
41835 48232 47957 -0.00657344
41348 47484 47330 -0.00372448
42638 48440 48065 -0.00879497
44587 50476 50451 -0.000560702
42816 48929 48654 -0.00642283
42808 47715 47814 0.00231265
43538 49903 50103 0.00459369
43665 49112 48997 -0.00263369
44059 48411 48967 0.0126194
44774 49332 48948 -0.00857641
43575 47008 46903 -0.00240964
46071 49663 49724 0.00132404
43623 48553 48796 0.00557046
43104 49467 49496 0.000672791
42627 48469 48630 0.00377695
43580 48643 48561 -0.0018816
41829 47489 47533 0.0010519
44312 49030 48831 -0.00449088
41931 47459 47447 -0.000286184
45022 48487 48533 0.00102172
44082 49812 49812 0
43821 47974 48105 0.00298943
42801 48724 48399 -0.00759328
44222 49551 49588 0.000836688
43392 48796 48918 0.00281158
41949 47581 47635 0.00128728
43193 48354 48354 0
44541 47893 47385 -0.0114052
44193 49609 49711 0.00230806
45483 49606 49642 0.000791505
41954 46194 46269 0.00178767
43052 47353 47334 -0.000441327
43454 47579 47679 0.00230128
43653 48641 48641 0
41382 47382 47120 -0.00633126
43651 47211 47793 0.013333
42952 49263 49263 0
42408 47712 48151 0.0103518
41428 50309 50267 -0.00101381
43240 48687 48687 0
41595 47432 47269 -0.00391874
41024 46105 46014 -0.00221821
42565 48498 48286 -0.00498062
43209 49022 49195 0.0040038
43336 49764 49268 -0.0114454
44158 49512 49512 0
41801 46993 46997 9.56915e-05
42926 48448 48113 -0.00780413
41926 47730 47862 0.0031484
42849 47609 47260 -0.00814488
43682 48598 48773 0.00400623
43705 48660 48633 -0.000617778
42441 48201 48201 0
42985 49626 49626 0
44869 49854 49092 -0.0169828
45380 50221 49882 -0.00747025
43455 49632 49966 0.00768611
43817 50040 49908 -0.00301253
43811 48631 48662 0.000707585
42171 47896 47798 -0.00232387
43461 49856 49499 -0.00821426
41384 47521 47650 0.00311715
42745 47552 47571 0.000444496
43413 49470 49534 0.00147421
41536 48128 47977 -0.0036354
42560 46900 47282 0.00897556
44000 49194 49156 -0.000863636
43006 49472 49428 -0.00102311
44368 49920 49903 -0.000383159
43305 48638 48603 -0.000808221
42830 48734 48733 -2.33481e-05
43724 50065 49930 -0.00308755
43086 47702 47199 -0.0116743
41341 48780 48780 0
42619 48114 48260 0.0034257
44664 49843 49769 -0.00165682
43895 48855 49261 0.00924935
42977 47993 48035 0.000977267
41543 49561 49707 0.00351443
43576 48613 48622 0.000206536
42212 46367 46625 0.00611201
42364 47406 47518 0.00264375
42332 47607 47109 -0.0117642
42255 48701 48863 0.00383387
44224 49987 49838 -0.00336921
43745 48220 48061 -0.0036347
42714 48840 48806 -0.000795992
43094 48318 48358 0.000928203
42820 49492 49088 -0.00943484
40417 47943 47675 -0.00663087
43562 48594 48807 0.00488958
42350 47945 48041 0.00226682
42212 46736 47094 0.008481
42296 48867 48910 0.00101664
45064 48317 48317 0
43709 49752 49225 -0.012057
42864 49816 49786 -0.000699888
44006 48576 48542 -0.000772622
42256 48439 48436 -7.09958e-05
43473 49217 49240 0.000529064
43449 49088 48972 -0.0026698
44016 47794 47716 -0.00177208
44269 49149 49149 0
42071 49381 49538 0.00373179
42586 46834 47296 0.0108486
42658 49285 48148 -0.0266539
42009 48138 48138 0
42759 47943 48068 0.00292336
40768 45916 45822 -0.00230573
42183 47945 47913 -0.000758599
43782 48573 48514 -0.00134759
43377 49105 49105 0
43674 48536 48296 -0.00549526
42828 47716 47540 -0.00410946
42879 49877 49532 -0.0080459
42000 47043 47475 0.0102857
42194 48364 48575 0.00500071
43021 47747 47562 -0.00430023
42765 47727 47561 -0.00388168
41760 47640 46859 -0.0187021
43071 48061 47841 -0.00510785
43106 48234 48374 0.00324781
40983 47620 47650 0.000732011
43574 47494 47507 0.000298343
43430 48129 47938 -0.00439788
41890 48076 48202 0.00300788
44907 48910 48444 -0.010377
43789 49462 49295 -0.00381374
43020 49020 49113 0.00216179
42269 48742 49157 0.00981807
41974 47010 47010 0
41759 48028 47951 -0.00184391
43195 49173 49297 0.0028707
43490 49636 49337 -0.00687514
43217 49206 49232 0.000601615
44400 49192 49062 -0.00292793
42922 47811 48072 0.0060808
43736 49463 49332 -0.00299524
43589 48362 48403 0.000940604
40440 47639 47578 -0.00150841
44182 49298 49298 0
44641 48623 48382 -0.00539862
42796 48968 48720 -0.00579493
41829 48354 48383 0.000693299
42984 48904 48904 0
43258 48246 48129 -0.0027047
44474 49418 49473 0.00123668
42262 48335 48344 0.000212957
44329 47902 47893 -0.000203027
42159 47278 47881 0.014303
44548 49850 49663 -0.00419772
45230 50182 50007 -0.00386911
41878 47441 47478 0.000883519
41654 47224 47047 -0.00424929
43105 49317 49266 -0.00118316
44090 50343 50201 -0.00322068
42536 48636 48636 0
41819 48538 48977 0.0104976
43032 48610 48532 -0.0018126
45150 49725 49556 -0.00374308
44453 49043 49043 0
41510 47778 47805 0.000650446
42583 48546 48546 0
41947 47676 47689 0.000309915
41628 47261 47567 0.00735082
42730 48887 48843 -0.00102972
45526 51334 51254 -0.00175724
42091 48553 48590 0.000879048
43158 48714 48734 0.000463414
43334 50032 50032 0
43906 48424 48022 -0.00915592
40580 46453 46455 4.92854e-05
43784 48241 48428 0.00427097
43499 48665 48665 0
41305 47513 47610 0.00234838
42748 47575 47714 0.00325161
41390 45758 45588 -0.00410727
43230 49647 49642 -0.00011566
45173 48755 48531 -0.00495871
43432 50168 50192 0.000552588
43164 48395 48809 0.00959133
42449 47797 47804 0.000164904
41949 47401 47439 0.000905862
43131 48497 48202 -0.00683963
42062 47404 47434 0.000713233
43256 49034 49119 0.00196505
42423 48680 48949 0.0063409
42735 47398 47442 0.0010296
45334 50965 50965 0
39533 47330 47294 -0.000910632
44318 49291 49165 -0.00284309
43007 49332 49234 -0.0022787
42213 48091 48191 0.00236894
41371 47200 47223 0.000555945
41521 48471 48517 0.00110787
43491 48921 48745 -0.00404681
43827 49536 49536 0
42190 49159 49139 -0.000474046
43397 49943 49981 0.000875637
43485 47635 48292 0.0151087
42514 47893 47610 -0.00665663
42651 48298 48159 -0.00325901
43381 48847 49093 0.00567069
41628 48462 48242 -0.0052849
43273 49735 49760 0.000577727
44592 48885 48870 -0.000336383
42579 48127 48186 0.00138566
41933 48444 48463 0.000453104
41701 47102 47003 -0.00237404
41476 47547 47266 -0.006775
44059 49831 49909 0.00177035
44517 50480 50454 -0.000584047
41465 48168 48254 0.00207404
41675 47861 47861 0
41970 47817 47762 -0.00131046
42994 46985 46985 0
41564 46811 46725 -0.0020691
42357 48887 48828 -0.00139292
42235 48624 48658 0.00080502
40361 46404 46371 -0.000817621
42907 47132 46951 -0.00421843
43537 48520 49097 0.0132531
43803 48142 48266 0.00283086
44729 48778 48111 -0.014912
42536 48695 48904 0.00491349
42103 47462 47377 -0.00201886
41670 47418 47663 0.00587953
42497 48219 48148 -0.00167071
42631 49367 49335 -0.000750627
39761 47556 47488 -0.00171022
44583 50107 49788 -0.00715519
42651 48080 48139 0.00138332
43220 48355 48510 0.0035863
41868 48498 48208 -0.00692653
43951 48729 48966 0.00539237
42389 47494 47457 -0.000872868
43917 49416 49416 0
41938 48222 48428 0.00491201
41742 47661 47624 -0.000886397
42630 49012 49012 0
44122 50130 50086 -0.000997235
43843 48749 48991 0.0055197
43663 49468 49451 -0.000389346
41161 46433 46275 -0.00383859
42733 50037 49649 -0.00907963
42823 49092 48981 -0.00259207
44175 48727 48653 -0.00167516
41812 46372 46477 0.00251124
43163 46668 46723 0.00127424
43801 48718 48887 0.00385836
42853 47029 46888 -0.00329032
42022 48670 48541 -0.00306982
42000 46329 46791 0.011
44156 50129 50129 0
43201 48226 48090 -0.00314808
43920 48980 49003 0.000523679
42435 48543 48646 0.00242724
43085 48884 48761 -0.00285482
43601 47735 47735 0
43955 47973 47846 -0.00288932
43169 49309 49264 -0.00104241
42513 47437 47467 0.000705667
46061 50985 51076 0.00197564
42859 48095 48144 0.00114328
44476 50127 50198 0.00159637
42762 47926 48171 0.00572939
41785 47602 47661 0.00141199
41953 49202 49486 0.00676948
43498 48989 48959 -0.000689687
44373 49607 49166 -0.00993848
41633 46956 47141 0.00444359
43366 48041 48137 0.00221372
43191 48990 49012 0.000509365
43280 48602 48474 -0.00295749
42691 48112 47581 -0.0124382
42558 47545 47593 0.00112787
43738 48755 48473 -0.00644748
41924 47414 47414 0
42457 48096 48029 -0.00157807
42556 50395 50436 0.000963436
42768 47561 48042 0.0112467
44008 49795 49795 0
42731 48684 48722 0.000889284
42627 47178 47373 0.00457457
42796 48078 48078 0
42039 46871 46703 -0.00399629
42048 46412 46412 0
41955 47259 47259 0
43366 48984 48885 -0.00228289
43632 47395 47625 0.00527136
43897 48786 48482 -0.0069253
42556 47945 47732 -0.00500517
43268 49425 49614 0.00436812
43947 48278 48200 -0.00177487
42105 46998 46793 -0.00486878
44681 49511 49488 -0.00051476
41944 47425 47305 -0.00286096
42954 46785 47109 0.00754295
42779 47677 47677 0
42397 48894 48894 0
40629 46671 46667 -9.84518e-05
42476 48343 48539 0.00461437
43138 48825 48825 0
43624 50207 50207 0
42245 47731 47478 -0.00598887
44015 49917 50117 0.00454391
43052 48496 48550 0.0012543
43094 48288 48259 -0.000672948
41914 49001 48980 -0.000501026
42882 49002 48942 -0.00139919
42190 48003 48024 0.000497748
43341 50120 50120 0
42841 48873 48914 0.000957027
41571 49236 49012 -0.00538837
42381 47442 47225 -0.00512022
43508 47965 47976 0.000252827
42614 49883 49987 0.00244051
42325 48667 48301 -0.00864737
42570 48466 48576 0.00258398
41206 47940 47944 9.70732e-05
42901 48516 48494 -0.000512809
42722 48925 49020 0.00222368
42377 47625 47677 0.00122708
42361 49171 49142 -0.000684592
43348 47608 47623 0.000346037
41333 48822 48422 -0.0096775
41309 48228 48272 0.00106514
43350 48851 48579 -0.00627451
42881 48533 48496 -0.000862853
44889 49778 49735 -0.000957918
43942 49426 49359 -0.00152474
44967 48945 49070 0.00277982
42191 46808 46808 0
43937 48753 48794 0.000933154
42283 48591 48605 0.000331102
45064 49089 48364 -0.0160882
46695 50331 50443 0.00239854
41535 47472 47700 0.00548935
41990 48497 48476 -0.000500119
44320 50517 50493 -0.000541516
43310 49535 49450 -0.0019626
42804 49094 49094 0
43036 48446 48529 0.00192862
43892 49116 49024 -0.00209605
42699 48387 48261 -0.00295089
44101 48547 49001 0.0102946
41267 48801 48783 -0.000436184
41330 47821 47816 -0.000120977
41869 48563 48595 0.000764289
44603 48883 48304 -0.0129812
40666 46543 46210 -0.00818866
42074 48612 48532 -0.00190141
42671 48087 48204 0.00274191
42349 48383 48329 -0.00127512
41550 48262 48272 0.000240674
44231 49553 49406 -0.00332346
41610 47497 47572 0.00180245
44399 49852 49760 -0.00207212
43746 47280 47499 0.00500617
43427 49551 49140 -0.00946416
42339 48949 48789 -0.00377902
42757 47751 47584 -0.00390579
44957 48792 48792 0
41209 47955 47966 0.000266932
42515 48419 48440 0.000493943
41613 48874 48867 -0.000168217
42423 47743 48045 0.00711878
42092 47645 47824 0.00425259
41304 47222 46602 -0.0150107
41878 47717 47264 -0.0108171
43200 47887 47920 0.000763889
41667 47561 47721 0.00383997
42457 48396 48370 -0.000612384
41382 47414 47454 0.000966604
42614 50232 50264 0.000750927
40395 47571 46831 -0.0183191
40817 48056 47882 -0.00426293
41479 47868 47260 -0.014658
42313 47974 47926 -0.0011344
42578 49368 49379 0.000258349
44100 48196 48532 0.00761905
43587 48498 48357 -0.00323491
42502 50072 50399 0.00769376
41032 47760 47650 -0.00268083
41021 49030 49289 0.00631384
42284 46651 46728 0.00182102
43270 48443 48511 0.00157153
41048 49431 49478 0.001145
43581 48480 48522 0.000963723
43134 48177 48201 0.000556406
44327 48320 48355 0.000789586
44625 50090 50090 0
42046 48765 48918 0.00363887
44407 49041 48953 -0.00198167
42549 47647 47629 -0.000423042
43016 48310 47966 -0.00799702
43287 48264 47785 -0.0110657
45307 50460 50766 0.00675392
42826 49244 49105 -0.00324569
42234 47699 47380 -0.00755316
41179 46864 46778 -0.00208844
43260 48795 48773 -0.000508553
41967 47975 47595 -0.00905473
42895 48794 48704 -0.00209815
43907 48345 48259 -0.00195869
43405 49319 49590 0.00624352
42500 48061 47794 -0.00628235
42474 47259 47291 0.000753402
41515 47429 47469 0.000963507
42592 47445 47569 0.00291134
42058 47867 47920 0.00126016
42343 47860 47859 -2.36167e-05
44320 48132 48213 0.00182762
41931 47204 46725 -0.0114235
42737 48785 48440 -0.00807263
44016 48994 48835 -0.00361232
41733 47794 48758 0.0230992
43878 48267 48267 0
42874 47842 47765 -0.00179596
41761 49425 49425 0
43777 49056 49250 0.00443155
45547 49738 49738 0
44977 50530 50343 -0.00415768
43237 48045 48446 0.00927446
43804 48552 48845 0.00668889
44522 48709 48507 -0.00453708
44552 48250 48250 0
43798 48089 48089 0
42382 48533 48807 0.00646501
42516 48021 47607 -0.00973751
43137 49000 49065 0.00150683
44584 49522 49360 -0.00363359
45452 50566 50520 -0.00101206
41880 48772 48410 -0.00864374
43389 49285 49238 -0.00108322
43831 48900 48561 -0.00773425
44202 48111 48331 0.00497715
42148 47289 47456 0.00396223
42981 48024 48092 0.00158209
44422 50272 49962 -0.00697852
41236 46414 46414 0
42787 48965 49072 0.00250076
41778 47484 47880 0.00947867
43970 47450 47487 0.000841483
44278 49258 49493 0.00530738
44381 47566 47566 0
44089 49436 49284 -0.00344757
43244 48081 48188 0.00247433
43646 48711 48570 -0.00323054
42773 47272 47229 -0.00100531
44132 49369 49386 0.000385208
43267 49966 49443 -0.0120877
44052 49514 49197 -0.00719604
44148 49367 49339 -0.00063423
42037 48084 48084 0
42937 48637 48393 -0.00568274
42647 48866 48802 -0.00150069
42646 47913 47744 -0.00396286
43526 47429 47423 -0.000137849
43870 49331 49427 0.00218828
41446 47727 46874 -0.020581
42043 47858 47772 -0.00204552
41983 48403 48800 0.00945621
42895 48233 48233 0
43122 48307 47985 -0.00746719
42984 47964 47788 -0.00409455
42468 47263 47301 0.000894791
44276 48813 48837 0.000542054
44872 49448 49448 0
42568 45935 46035 0.00234918
40470 47241 47241 0
42390 47235 46924 -0.00733664
45842 50103 50153 0.0010907
42248 48604 48724 0.00284037
43538 49879 49879 0
42472 49486 49486 0
41638 46568 46645 0.00184927
41642 48483 48434 -0.0011767
44000 48822 48908 0.00195455
44059 48970 48990 0.000453937
44393 49295 48933 -0.00815444
42802 47825 48091 0.00621466
42463 48706 48582 -0.00292019
43631 49067 49618 0.0126286
42967 48478 48348 -0.00302558
43632 49397 48946 -0.0103365
42052 47498 47423 -0.00178351
41623 47192 46963 -0.00550177
41542 47486 47129 -0.00859371
44033 49122 49083 -0.000885699
44717 47839 47859 0.000447257
41982 46775 46602 -0.00412081
41745 46855 46788 -0.00160498
44529 48722 48463 -0.00581643
40214 47990 47851 -0.00345651
44743 49149 48885 -0.00590036
42609 47982 48102 0.00281631
42501 48278 48298 0.000470577
43773 50348 50348 0
41229 46550 46599 0.00118848
41903 47695 47656 -0.000930721
42639 47752 47826 0.0017355
43479 49618 49388 -0.00528991
43600 48529 48194 -0.00768349
42198 47034 46959 -0.00177734
44042 48550 48364 -0.00422324
44307 49044 49382 0.00762859
41526 47033 47053 0.000481626
42376 47184 47223 0.000920332
42829 48735 48700 -0.000817203
42633 47785 47403 -0.0089602
42501 48260 47405 -0.0201172
44451 49018 48733 -0.00641155
42349 48574 48421 -0.00361284
43898 49278 48596 -0.015536
44143 48991 49611 0.0140453
42947 48778 48744 -0.000791673
44435 48659 48636 -0.00051761
42391 48244 48244 0
43696 48017 48301 0.00649945
43676 47841 47179 -0.0151571
43327 48620 48839 0.00505458
43880 49364 49741 0.00859161
42595 47481 47116 -0.00856908
41473 47665 47315 -0.00843923
42773 47702 47967 0.0061955
41430 47861 47946 0.00205165
43458 48522 48495 -0.00062129
45076 50319 50377 0.00128672
43326 48047 48146 0.002285
43264 49694 49581 -0.00261187
41848 47004 46053 -0.0227251
40867 47674 47545 -0.00315658
43746 48902 48760 -0.00324601
43944 48563 48208 -0.00807846
40638 48665 48819 0.00378956
44168 49404 49437 0.000747147
42685 50006 50194 0.00440436
43601 48076 48076 0
41617 49312 49096 -0.00519019
43142 48805 48533 -0.00630476
42742 49488 49375 -0.00264377
44020 48345 48352 0.000159019
40900 46950 46582 -0.00899756
43529 48088 48036 -0.00119461
42502 48141 48135 -0.00014117
42670 47442 47425 -0.000398406
43217 47757 48114 0.00826064
44754 49252 49282 0.000670331
40324 46862 46317 -0.0135155
43419 49372 49270 -0.0023492
43197 49161 48952 -0.0048383
40350 47867 48039 0.0042627
42587 48270 48292 0.00051659
42475 48562 48562 0
42990 47365 47479 0.00265178
46250 50196 50233 0.0008
43924 48320 48364 0.00100173
40720 47423 47311 -0.00275049
43693 47637 46492 -0.0262056
45532 49433 49465 0.000702802
41828 46706 47403 0.0166635
41362 46796 46823 0.000652773
42502 49224 49168 -0.00131759
42284 47137 47245 0.00255416
43467 49199 49199 0
40927 46920 46999 0.00193027
42269 47953 47931 -0.000520476
42167 47654 47487 -0.00396044
43187 48448 48448 0
42921 47688 47069 -0.0144218
44031 48099 48160 0.00138539
45115 49859 49839 -0.000443312
42584 48170 48083 -0.00204302
44159 48135 48135 0
44038 50161 49992 -0.00383759
42832 48556 48614 0.00135413
41650 48614 48614 0
42351 47508 47512 9.44488e-05
44068 48934 48934 0
40107 47490 46918 -0.0142618
42945 47586 47586 0
42627 48425 48399 -0.000609942
42668 47018 46708 -0.0072654
41523 47509 47804 0.0071045
44985 49626 49604 -0.000489052
42943 48316 48361 0.0010479
44362 48505 48220 -0.00642442
43717 49044 49129 0.00194432
44791 48778 48539 -0.00533589
42558 47635 47480 -0.00364209
41580 47743 47885 0.0034151
42482 48715 48670 -0.00105927
43377 48089 48061 -0.000645503
45521 49114 49027 -0.00191121
43720 48554 48426 -0.00292772
42987 48599 48622 0.000535045
43309 49258 49258 0
44652 48777 49196 0.00938368
42162 48137 48063 -0.00175513
44673 49399 49726 0.00731986
41943 47690 47427 -0.00627041
42830 48763 48863 0.00233481
41075 47849 47920 0.00172855
42160 47028 47013 -0.000355787
44111 49199 49280 0.00183628
42197 48300 48613 0.00741759
43364 48334 47816 -0.0119454
43247 48120 48058 -0.00143363
43119 48411 48570 0.00368747
43226 48600 48647 0.00108731
43692 49429 49372 -0.00130459
41916 47998 47827 -0.00407959
45520 50586 50462 -0.00272408
44495 49910 49815 -0.00213507
42524 48204 48585 0.00895965
42325 49344 49108 -0.0055759
41771 46975 46952 -0.000550621
41163 48208 48347 0.00337682
43102 48818 48795 -0.000533618
45104 50040 50040 0
42753 48459 48203 -0.00598788
44211 50454 50398 -0.00126665
43812 49932 50116 0.00419976
41517 48223 48404 0.00435966
40844 47264 47195 -0.00168935
44093 49092 48820 -0.00616878
44938 49274 49274 0
43140 48316 48294 -0.000509968
42780 47985 47974 -0.000257129
43625 48816 49181 0.00836676
43829 48850 48999 0.00339958
43483 48832 48968 0.00312766
41871 47081 47095 0.00033436
42565 48090 47915 -0.00411136
43360 47898 47870 -0.000645756
42917 48437 48314 -0.002866
43511 49445 49035 -0.0094229
44267 48687 48661 -0.000587345
43460 49230 49126 -0.00239301
45092 50111 50111 0
43392 50271 50054 -0.00500092
44163 48544 48560 0.000362294
42673 47521 47621 0.0023434
42902 48279 48250 -0.000675959
42982 48412 48124 -0.00670048
43696 49569 49551 -0.000411937
43659 48983 48953 -0.000687144
41116 47800 47637 -0.00396439
44064 49477 49467 -0.000226943
43341 48722 48698 -0.000553748
44165 48777 48777 0
45392 50158 50220 0.00136588
42655 47323 47528 0.004806
43996 48993 48995 4.54587e-05
44315 49787 50030 0.00548347
42462 48094 48589 0.0116575
43787 49189 49304 0.00262635
43674 50151 50262 0.00254156
44794 48915 48542 -0.00832701
43283 50272 50114 -0.00365039
45580 50723 50691 -0.000702062
42283 49776 49755 -0.000496654
42540 48118 48486 0.00865068
44125 48903 49149 0.00557507
43052 47860 47679 -0.00420422
43822 49004 49129 0.00285245
42665 48062 48128 0.00154694
44773 49031 48964 -0.00149644
43890 48511 48168 -0.00781499
43698 48942 48582 -0.00823836
41242 47164 47110 -0.00130934
42664 48626 48352 -0.00642228
41026 46843 46675 -0.00409496
43478 49258 48974 -0.00653204
45686 48247 48334 0.0019043
42309 47439 47861 0.00997424
43694 49628 49542 -0.00196823
42336 47828 47894 0.00155896
41887 49007 48784 -0.00532385
43835 49524 49524 0
42273 49102 48894 -0.0049204
44494 49065 48958 -0.00240482
42077 48940 48929 -0.000261425
44626 49077 49060 -0.000380944
43470 48418 48170 -0.00570508
44921 49071 49299 0.00507558
40524 46874 46671 -0.00500938
44911 49601 49490 -0.00247155
42956 49341 49589 0.00577335
41965 47582 47402 -0.00428929
44453 48007 47988 -0.000427418
45049 49230 49796 0.0125641
42976 47999 48081 0.00190804
43702 48293 48300 0.000160176
43497 48160 48421 0.00600041
44013 49223 49261 0.000863381
43688 49566 49566 0
43981 49035 49269 0.00532048
42695 48248 48291 0.00100714
42322 48054 48069 0.000354426
43694 47238 47526 0.00659129
41916 46700 46712 0.000286287
45079 49855 49458 -0.00880676
42660 47153 47007 -0.00342241
43390 48782 48643 -0.0032035
42568 48406 48408 4.69836e-05
42061 47914 48229 0.00748912
42163 48870 48704 -0.0039371
43324 48128 47992 -0.00313914
41062 47602 48328 0.0176806
43285 49046 49046 0
42933 47972 47972 0
42977 49132 48947 -0.00430463
40201 46899 46831 -0.0016915
44675 49338 49546 0.00465585
43165 49133 49331 0.00458705
44409 48529 48520 -0.000202662
43919 48449 48374 -0.00170769
42772 49325 48915 -0.00958571
43685 48491 48431 -0.00137347
43455 47429 47363 -0.00151881
43016 48304 48006 -0.00692765
43202 47374 46839 -0.0123837
43782 49581 49415 -0.00379151
42778 48345 48304 -0.000958437
43180 47978 47904 -0.00171376
41009 47565 47565 0
42793 47573 47492 -0.00189283
41278 47129 46512 -0.0149474
42677 48827 48827 0
41930 48793 48969 0.00419747
43385 50344 50076 -0.00617725
43886 47389 47912 0.0119172
41790 47765 47741 -0.0005743
44010 49730 49838 0.00245399
43684 49105 48918 -0.00428074
42138 48483 48577 0.00223077
44421 48364 48625 0.0058756
42480 47437 46918 -0.0122175
42481 48716 48401 -0.00741508
42412 47987 48060 0.00172121
43836 48059 48337 0.00634182
43724 50602 50640 0.000869088
42350 48254 48254 0
40453 46708 46352 -0.00880034
43272 46668 46422 -0.00568497
42882 47389 47348 -0.000956112
40599 47922 47791 -0.00322668
42215 48585 48692 0.00253464
42922 47213 47587 0.00871348
42956 47941 47948 0.000162957
42414 46850 46880 0.000707314
42125 47258 47258 0
43159 48315 48315 0
42531 48147 48369 0.00521972
39759 47018 46632 -0.00970849
42859 48437 48531 0.00219324
41809 49468 49464 -9.56732e-05
43273 48402 48271 -0.00302729
43324 48998 48875 -0.00283907
43117 47831 47666 -0.0038268
42516 48889 49209 0.00752658
41951 46799 46695 -0.00247908
42804 47330 47205 -0.00292029
43569 47033 47106 0.0016755
39963 47090 47088 -5.00463e-05
44598 49355 49403 0.00107628
42394 49049 49034 -0.000353824
44202 50177 50482 0.00690014
43016 48254 48254 0
43276 48886 49225 0.00783344
42625 47270 47514 0.00572434
41137 47017 47128 0.0026983
44859 49411 49411 0
43026 47956 48018 0.00144099
40551 46617 46589 -0.000690489
45778 50873 50514 -0.00784219
43786 48124 48583 0.0104828
43759 47765 48122 0.00815832
43995 50558 50661 0.00234118
43016 49243 49217 -0.000604426
41250 46759 46480 -0.00676364
40159 46284 46711 0.0106327
43129 48635 48635 0
41926 49040 49041 2.38515e-05
41818 48017 48066 0.00117174
43042 49763 49763 0
44129 49190 49302 0.00253801
44432 49773 49381 -0.00882247
41691 47691 47662 -0.000695594
41629 47628 47526 -0.00245021
43912 49002 48915 -0.00198124
42864 47510 48049 0.0125747
41791 48451 48467 0.000382858
41807 47598 47278 -0.00765422
43108 49195 48734 -0.0106941
43050 48596 48823 0.00527294
44075 47871 48300 0.00973341
44803 48679 48747 0.00151776
44277 48645 48642 -6.77553e-05
42368 47166 47230 0.00151057
42169 49708 49673 -0.000829994
42106 47204 47175 -0.000688738
43224 48975 48975 0
42481 49547 48649 -0.0211389
43885 48773 48773 0
42658 48544 49064 0.01219
41014 46841 46764 -0.00187741
40935 47086 46598 -0.0119213
42580 48562 48364 -0.00465007
41936 46675 46745 0.00166921
42247 48002 48110 0.00255639
43177 48525 48532 0.000162123
44230 48056 48231 0.00395659
43442 47747 47534 -0.00490309
42010 48299 48573 0.00652226
42116 48223 48347 0.00294425
43603 48730 48926 0.0044951
41834 47609 47430 -0.00427882
43037 48488 48459 -0.000673839
43892 49339 48212 -0.0256767
43358 49996 50124 0.00295217
43528 48911 49157 0.00565153
42576 47921 47962 0.000962984
42830 48254 48175 -0.0018445
42865 48061 47885 -0.00410591
42102 48685 48065 -0.0147261
42376 47596 47410 -0.00438928
42861 47554 47612 0.00135321
42892 48913 48785 -0.00298424
43774 48196 48005 -0.00436332
42302 48324 47720 -0.0142783
43596 47178 47155 -0.000527571
42870 47131 47354 0.00520177
42438 47923 48031 0.00254489
42048 46928 47143 0.0051132
40896 48980 49032 0.00127152
42959 47767 47715 -0.00121046
44928 48464 48449 -0.000333868
43599 48054 47969 -0.00194959
43357 49215 49347 0.00304449
44278 49390 49337 -0.00119698
44353 49821 49778 -0.000969495
44525 50131 50245 0.00256036
43472 48950 49148 0.00455466
42055 47960 48121 0.00382832
41162 48404 47762 -0.0155969
41942 48397 48236 -0.00383863
43406 47243 47177 -0.00152053
42599 47607 47928 0.00753539
42563 48365 48516 0.00354768
43778 48445 48413 -0.000730961
43817 48279 48063 -0.00492959
43395 48377 48326 -0.00117525
43431 49582 49816 0.00538786
42998 48257 48240 -0.000395367
41964 47484 47649 0.00393194
41447 48091 48034 -0.00137525
43665 48775 48668 -0.00245048
39845 45274 45495 0.00554649
44318 49752 49698 -0.00121847
43134 48563 48863 0.00695507
43229 49863 50258 0.00913738
43119 47767 47950 0.00424407
42797 47735 47735 0
43433 48731 48437 -0.00676905
40228 47054 47212 0.00392761
42135 47042 47358 0.0074997
45981 49136 49358 0.00482808
42359 48023 47750 -0.00644491
42750 48249 48168 -0.00189474
43505 49024 49512 0.0112171
42068 49205 49283 0.00185414
41897 48894 48894 0
41796 47304 47218 -0.00205761
44028 48517 48754 0.00538294
42515 48061 48061 0
43943 49507 49290 -0.00493822
43584 47250 46698 -0.0126652
41360 47743 47816 0.00176499
42826 49710 49721 0.000256853
43338 48200 48251 0.0011768
43281 48187 48187 0
44595 48923 48796 -0.00284785
44736 50186 50173 -0.000290594
42633 48077 48255 0.00417517
43874 48893 49203 0.00706569
44185 49268 49382 0.00258006
42666 47934 47995 0.00142971
44246 49036 48981 -0.00124305
43374 48498 48361 -0.00315857
40857 46379 46102 -0.00677974
42526 48226 48184 -0.000987631
43534 49100 49180 0.00183764
42409 48440 48440 0
45161 48784 49236 0.0100086
44665 48977 48728 -0.00557483
43413 48890 48898 0.000184277
41592 48635 48071 -0.0135603
43079 48472 48391 -0.00188027
44619 49611 49712 0.00226361
44294 48874 48839 -0.000790175
45862 50907 50232 -0.0147181
44023 48449 48392 -0.00129478
42999 49849 49968 0.00276751
43738 49330 49362 0.000731629
43514 48352 48884 0.012226
43953 50019 50019 0
42519 48900 48932 0.000752605
43556 48994 49185 0.00438516
44961 48182 48035 -0.0032695
44095 47890 47843 -0.00106588
44250 49441 49441 0
43710 49256 48640 -0.0140929
41730 48210 48232 0.000527199
43235 49237 49062 -0.00404765
44441 47908 48100 0.00432033
44217 48396 48379 -0.000384468
43802 48510 48673 0.00372129
42993 48801 48916 0.00267485
44804 49019 49376 0.00796804
41450 48142 47222 -0.0221954
42529 48214 48214 0
42793 48807 49343 0.0125254
42868 48253 48281 0.000653168
44600 49408 49346 -0.00139013
40759 47087 47137 0.00122672
45398 48893 48803 -0.00198247
43468 47531 47710 0.00411797
41654 47890 47890 0
41577 46955 47249 0.00707122
43208 48808 48696 -0.00259211
43130 47954 48152 0.00459077
40670 47378 47436 0.00142611
42959 49314 49270 -0.00102423
44235 50118 49717 -0.00906522
43393 47932 48071 0.00320328
42232 47723 47624 -0.00234419
44400 48984 49324 0.00765766
43040 48420 48420 0
43039 47930 48060 0.00302052
44151 50350 50014 -0.00761025
42348 47424 47423 -2.36139e-05
41854 49141 48952 -0.0045157
45275 50637 50557 -0.00176698
44018 49821 49913 0.00209005
44131 49933 49974 0.000929052
43622 48647 48695 0.00110036
41619 47886 47751 -0.00324371
44287 48745 48802 0.00128706
44759 49484 49451 -0.000737282
42256 48281 48665 0.00908747
42649 48416 48563 0.00344674
43291 47145 47074 -0.00164006
42794 48454 48319 -0.00315465
41500 48618 48744 0.00303614
45750 49474 49474 0
42192 47152 47404 0.0059727
42763 49405 49345 -0.00140308
43559 48451 48460 0.000206616
41117 46481 46200 -0.00683416
43383 48395 48393 -4.6101e-05
41972 47129 46747 -0.00910131
42673 48170 48087 -0.00194502
42743 48642 48539 -0.00240975
