71561 78462 78016 -0.00623245
69828 77741 77741 0
72750 78675 78647 -0.00038488
72782 78455 78148 -0.00421808
72264 79964 80091 0.00175744
70652 78693 78684 -0.000127385
72802 80049 80032 -0.00023351
73148 79133 78972 -0.00220102
73092 78756 78756 0
71390 77495 77417 -0.00109259
72294 80139 80220 0.00112042
72464 79276 78958 -0.00438839
70968 77539 77428 -0.00156409
71669 79242 79223 -0.000265108
72490 79057 79049 -0.00011036
71820 79544 79378 -0.00231133
74761 80637 80684 0.00062867
72548 79991 79896 -0.00130948
70421 77217 77029 -0.00266966
73703 79496 79719 0.00302566
72755 79718 79696 -0.000302385
73930 80818 81015 0.00266468
70453 76593 76421 -0.00244134
72010 78452 78452 0
72241 77837 77685 -0.00210407
70292 79696 79656 -0.000569055
72793 79456 79492 0.000494553
72481 79197 79154 -0.000593259
71514 80961 80961 0
72485 78906 78718 -0.00259364
71949 80214 80146 -0.000945114
71124 77489 77651 0.00227771
72481 80121 80149 0.000386308
72139 77075 76795 -0.0038814
71088 78285 78268 -0.00023914
70083 78944 78944 0
72114 79274 79248 -0.00036054
72568 80324 80380 0.00077169
71528 79205 78744 -0.00644503
69591 78263 78191 -0.00103462
72994 81246 81346 0.00136998
72230 78151 78181 0.00041534
73578 80257 80271 0.000190274
73430 79522 79491 -0.000422171
71048 77686 77595 -0.00128082
74236 80524 80523 -1.34706e-05
73296 78360 78430 0.000955032
73338 80987 81158 0.00233167
72229 79251 79980 0.0100929
70735 76922 76931 0.000127235
69966 78618 78126 -0.00703199
71126 78111 77794 -0.00445688
70954 77637 77467 -0.00239592
72127 77706 77331 -0.00519916
72551 79559 79768 0.00288073
72247 78933 78697 -0.00326657
71207 79200 79235 0.000491525
73105 79621 79250 -0.00507489
73309 79586 79705 0.00162327
70743 77843 77526 -0.00448101
71261 78380 78325 -0.000771811
72948 78331 78352 0.000287876
70257 77807 77902 0.00135218
74206 79202 79202 0
71202 77894 77894 0
72241 79542 79542 0
71744 79518 79357 -0.00224409
72257 79972 79829 -0.00197905
70544 77076 76521 -0.00786743
73556 79524 79524 0
70834 78997 78901 -0.00135528
70462 77914 77941 0.000383185
69461 80236 80317 0.00116612
71246 78388 78122 -0.00373354
70845 78677 78784 0.00151034
70396 77421 77946 0.00745781
70437 78798 78798 0
70201 79025 78104 -0.0131195
72891 80808 80038 -0.0105637
73610 79789 79844 0.000747181
70644 77351 77351 0
70917 78421 78632 0.00297531
69645 76579 76682 0.00147893
69626 76723 76723 0
73359 79280 79157 -0.00167669
71916 79136 79231 0.00132099
70886 77434 77385 -0.000691251
72408 81202 81267 0.000897691
73115 78470 78381 -0.00121726
75553 79885 80019 0.00177359
73516 81526 81428 -0.00133304
71086 79435 79295 -0.00196945
72352 79543 79546 4.1464e-05
70680 77906 77929 0.00032541
72627 78910 79085 0.00240957
69052 77647 77656 0.000130337
71162 76784 76833 0.00068857
73203 80252 80449 0.00269115
69337 78401 78577 0.00253833
70963 76799 76409 -0.00549582
72303 78770 78769 -1.38307e-05
72265 79157 78955 -0.00279527
73244 80551 80739 0.00256676
71855 78275 78188 -0.00121077
71974 79359 78857 -0.00697474
72476 81661 81515 -0.00201446
72820 78249 78249 0
72030 80747 80641 -0.00147161
71570 79189 79331 0.00198407
71757 79745 79652 -0.00129604
73790 79051 79021 -0.000406559
70282 76760 76215 -0.00775447
70791 80951 80951 0
72020 79059 79059 0
71961 78026 78022 -5.55857e-05
71856 76975 77211 0.00328435
70636 78366 78112 -0.0035959
72682 80009 79492 -0.00711318
72434 79909 80583 0.00930502
71791 78477 78100 -0.00525135
71011 79330 79467 0.00192928
71168 78675 78675 0
71819 80192 80540 0.00484551
68212 77049 77323 0.00401689
73079 79715 79710 -6.84191e-05
70302 76978 77363 0.00547637
70840 77297 77582 0.00402315
71149 78447 78579 0.00185526
74138 78845 79020 0.00236046
70159 79899 79357 -0.00772531
71225 78931 78912 -0.00026676
72584 80211 80211 0
71589 78953 79402 0.00627191
71454 77804 77811 9.79651e-05
70462 79290 79226 -0.000908291
71594 77070 76686 -0.00536358
73003 79983 80031 0.000657507
71296 79805 80569 0.0107159
70721 77796 77890 0.00132917
70116 78962 78733 -0.00326602
69601 77675 77691 0.000229882
71501 78211 78007 -0.00285311
68551 76329 76627 0.00434713
70299 78501 78501 0
72184 78304 78304 0
71880 79051 79051 0
71910 79024 79411 0.00538173
69283 76683 76457 -0.00326198
69994 78110 78793 0.00975798
71146 77154 77234 0.00112445
69024 78311 77949 -0.00524455
70164 77938 77897 -0.000584345
71006 75969 77245 0.0179703
69820 77687 77604 -0.00118877
72833 79078 79296 0.00299315
71426 77370 77317 -0.000742027
68762 77348 77405 0.000828946
70816 77804 77911 0.00151096
72430 78631 78649 0.000248516
69107 77860 77883 0.000332817
73180 79681 78635 -0.0142935
72386 80431 80473 0.000580223
70267 78875 78746 -0.00183585
70178 78270 78824 0.00789421
70822 77898 77720 -0.00251334
70767 78495 78243 -0.00356098
71557 79589 79315 -0.00382912
72503 79665 79912 0.00340676
71572 79617 79348 -0.00375845
72883 78377 78985 0.00834214
71884 76991 76943 -0.000667742
72330 80277 80175 -0.0014102
72904 78751 78817 0.0009053
69257 77454 77334 -0.00173268
73194 80095 80051 -0.000601142
73256 80097 80321 0.00305777
71506 78631 79160 0.00739798
71374 77514 76903 -0.00856054
71763 78497 78571 0.00103117
72100 78343 77796 -0.00758669
72282 80514 80078 -0.00603193
70956 79965 79974 0.000126839
73037 77985 78296 0.00425812
72285 79033 78981 -0.000719375
73720 79539 79499 -0.000542594
74720 81399 80829 -0.00762848
71097 77303 76445 -0.012068
69966 76180 76180 0
71288 78774 78658 -0.0016272
72742 81159 81237 0.00107228
70993 79393 79238 -0.00218331
68150 78108 77758 -0.00513573
71686 79221 79102 -0.00166002
74566 79803 79503 -0.00402328
74015 80022 80152 0.0017564
71510 77454 77691 0.00331422
71169 78878 78878 0
69980 76682 76682 0
69822 77766 77766 0
70584 77124 77115 -0.000127508
74253 80769 80651 -0.00158916
70150 78260 78182 -0.0011119
73595 78505 78432 -0.000991915
69890 79171 79233 0.000887108
73835 78837 78635 -0.00273583
70479 78588 78807 0.00310731
72308 79368 79085 -0.00391381
72258 79282 79131 -0.00208973
69582 77237 77237 0
70703 76136 76008 -0.00181039
68571 74663 75699 0.0151084
71372 80434 80123 -0.00435745
73141 78483 78485 2.73444e-05
71714 80891 80793 -0.00136654
73278 79714 79847 0.00181501
70533 77394 77301 -0.00131853
70765 78528 78559 0.00043807
71708 78736 77869 -0.0120907
70843 79604 79034 -0.00804596
73157 80071 79612 -0.00627418
71762 79331 78897 -0.00604777
72268 77519 77961 0.00611612
75298 81945 81887 -0.000770273
67868 75918 76328 0.00604114
71549 80333 80208 -0.00174705
70636 78712 77973 -0.0104621
70085 77434 77134 -0.00428052
70784 78282 78359 0.00108782
69704 78037 78105 0.000975554
72217 78734 78432 -0.00418184
72728 78019 78492 0.00650368
71207 79667 80030 0.00509781
71621 81225 81185 -0.000558495
71826 77433 77642 0.00290981
70237 78844 78602 -0.00344548
70580 77151 76979 -0.00243695
72506 79258 79263 6.89598e-05
70349 79566 79487 -0.00112297
70553 79564 79419 -0.00205519
74897 80190 79710 -0.0064088
71248 78147 77928 -0.00307377
71380 79081 78304 -0.0108854
69454 78000 77282 -0.0103378
69369 78155 77702 -0.00653029
72659 80577 80015 -0.00773476
72346 80479 80542 0.000870815
69775 77813 77898 0.0012182
70603 78184 78228 0.000623203
70730 79042 79042 0
72668 78130 77992 -0.00189905
72030 77713 77713 0
72280 79207 78943 -0.00365246
70465 79910 79910 0
69424 76385 76194 -0.00275121
71008 78171 77443 -0.0102524
73177 79781 79720 -0.000833595
72951 79519 79528 0.00012337
73154 80252 79627 -0.00854362
69898 77845 77717 -0.00183124
71335 77772 77960 0.00263545
70314 78382 78157 -0.00319993
72646 78872 78990 0.00162432
70095 78028 78237 0.00298167
68527 77299 77342 0.00062749
74051 80821 80951 0.00175555
70254 78243 77760 -0.00687505
71706 79265 78431 -0.0116308
70877 77206 76703 -0.0070968
72631 79080 79022 -0.000798557
69619 76779 77018 0.00343297
72620 79985 79712 -0.00375929
70676 77281 77348 0.000947988
70035 77700 77485 -0.00306989
71323 79023 79188 0.00231342
74281 81135 81205 0.000942367
74163 80579 80766 0.00252147
71914 77608 78325 0.00997024
69468 76914 76914 0
71823 80376 80412 0.000501232
71662 78772 78874 0.00142335
71448 79530 79563 0.000461874
69521 77063 77153 0.00129457
71001 78606 78606 0
71652 77642 77796 0.00214928
71039 78456 78029 -0.00601078
69863 79051 78957 -0.00134549
71811 77436 77513 0.00107226
71749 80558 80690 0.00183975
71975 77821 78251 0.0059743
71936 78504 78504 0
71875 79810 79582 -0.00317217
71264 79004 79004 0
71696 77244 77190 -0.00075318
71088 78718 78435 -0.00398098
71798 79056 79117 0.000849606
72795 79261 79220 -0.000563225
73554 81338 81286 -0.000706964
70264 77341 77626 0.00405613
73518 80416 80258 -0.00214913
73555 80978 81307 0.00447284
72009 78183 78033 -0.00208307
70338 79887 79878 -0.000127954
71817 79019 78597 -0.00587605
71837 80153 79671 -0.00670963
70812 76141 76257 0.00163814
71823 79054 79519 0.00647425
72093 79752 79951 0.00276032
70218 78677 79267 0.0084024
69500 77207 77207 0
70546 76755 77094 0.00480538
73157 80377 80400 0.000314392
72587 78337 77922 -0.00571728
71252 77899 78108 0.00293325
71846 79933 80344 0.00572057
71918 76972 76836 -0.00189104
70482 79045 78859 -0.00263897
71715 78844 78746 -0.00136652
71205 76917 77189 0.00381996
71244 77602 77411 -0.00268093
70870 76702 77126 0.00598279
69680 75687 75690 4.3054e-05
69969 77863 77543 -0.00457345
72298 80584 80502 -0.00113419
73248 78253 78119 -0.0018294
72673 79855 79855 0
72718 78418 78615 0.0027091
71105 78391 78024 -0.00516138
71050 77958 77930 -0.000394089
70112 76859 76551 -0.00439297
71194 78179 78416 0.00332893
70753 77642 76928 -0.0100914
70657 78820 78220 -0.00849173
70917 77202 76991 -0.00297531
72192 80117 80110 -9.69637e-05
67996 76548 76001 -0.00804459
69570 79302 79233 -0.000991807
70536 79090 79004 -0.00121924
73411 80769 80964 0.00265628
69357 77830 78215 0.00555099
73632 81049 80591 -0.00622012
69672 77608 77673 0.000932943
72034 77877 78120 0.00337341
70502 79135 79098 -0.000524808
70526 78588 78550 -0.000538808
71130 78878 79063 0.00260087
73082 79884 80134 0.00342081
71210 79324 79563 0.00335627
69435 78310 78397 0.00125297
71650 77748 77754 8.37404e-05
73353 78928 79085 0.00214034
72098 79836 79398 -0.00607506
72144 78641 78644 4.15835e-05
70544 77098 77505 0.00576945
68537 79164 79120 -0.000641989
71763 78295 78171 -0.00172791
71504 80386 80651 0.00370609
71878 78455 78658 0.00282423
70922 79187 78843 -0.0048504
69993 76630 76599 -0.000442901
69069 78539 78367 -0.00249026
71298 78019 78455 0.00611518
71986 79083 79089 8.33495e-05
71612 79547 79368 -0.00249958
73385 79640 79730 0.00122641
73209 79674 79674 0
73007 79318 80303 0.0134919
71517 77743 77511 -0.00324398
73582 79608 79756 0.00201136
71379 78228 78110 -0.00165315
75369 80627 79695 -0.0123658
75950 80406 79632 -0.0101909
71236 78080 77663 -0.00585378
72726 79727 79727 0
72563 81149 81021 -0.00176398
72983 81895 81847 -0.000657687
71201 79193 78948 -0.00344096
73557 80166 79939 -0.00308604
72680 78666 78665 -1.37589e-05
72031 78860 78601 -0.00359567
72937 79935 80020 0.00116539
68108 79151 79011 -0.00205556
69961 78787 78871 0.00120067
70349 78373 78679 0.00434974
73832 79630 79545 -0.00115126
69746 77259 77271 0.000172053
68228 77016 77616 0.00879404
70577 78290 78290 0
67959 78485 77957 -0.00776939
72653 78448 78690 0.0033309
76196 81974 82204 0.00301853
69910 77977 77850 -0.00181662
73325 80064 80734 0.0091374
72190 77691 77936 0.00339382
71618 80909 80803 -0.00148007
71437 80307 80352 0.000629926
70789 77269 77101 -0.00237325
74921 78805 78723 -0.00109449
68292 78766 78736 -0.00043929
71532 77928 78045 0.00163563
69486 78952 78794 -0.00227384
69333 78269 78272 4.32694e-05
72265 78392 78372 -0.000276759
69640 77470 77587 0.00168007
71711 78642 78512 -0.00181283
72280 78213 78338 0.00172939
70121 78131 78131 0
69845 78608 78324 -0.00406615
71533 79452 79416 -0.000503264
72276 80862 80101 -0.0105291
70201 77789 77789 0
69496 78921 78664 -0.00369805
69601 76637 77034 0.00570394
71811 78525 78579 0.000751974
69516 78892 78831 -0.000877496
73192 79146 79467 0.00438573
72249 79561 79561 0
71563 81698 81698 0
69697 77861 77843 -0.000258261
69525 80343 80355 0.0001726
69241 76073 75782 -0.00420271
72694 78735 78400 -0.00460836
70169 80913 80563 -0.00498796
71964 78899 78799 -0.00138958
73112 79010 78786 -0.00306379
73542 79404 79286 -0.00160453
72954 80544 80544 0
70997 80171 79797 -0.00526783
73769 79707 79529 -0.00241294
70527 78203 78124 -0.00112014
72239 79337 78599 -0.0102161
71357 78208 78208 0
73316 80347 80316 -0.000422827
71344 79797 78942 -0.0119842
70185 76378 76647 0.00383273
69234 76537 76890 0.00509865
71048 78986 78907 -0.00111192
70197 77463 77566 0.0014673
71383 78145 78089 -0.000784501
72195 78071 78067 -5.54055e-05
72513 81019 81366 0.00478535
72081 77771 77873 0.00141507
70519 77182 77614 0.00612601
71977 78443 78219 -0.00311211
70453 78932 78326 -0.00860148
71940 79618 79473 -0.00201557
71703 80325 80325 0
71808 78049 77815 -0.00325869
70330 78945 78970 0.000355467
69467 77466 77422 -0.000633394
72485 80504 80453 -0.000703594
70450 80399 80407 0.000113556
72608 78961 79026 0.000895218
71804 78876 79072 0.00272965
70654 78740 78740 0
72767 79731 79173 -0.00766831
74247 79679 79715 0.000484868
73072 80164 80164 0
70877 78432 78269 -0.00229976
72632 78250 78276 0.000357969
74444 79741 80313 0.00768363
73392 78226 78358 0.00179856
72855 79137 79055 -0.00112552
71873 78466 78295 -0.0023792
72496 79332 79332 0
72100 80164 80660 0.00687933
74529 80234 79739 -0.00664171
71951 79694 80354 0.00917291
70118 78240 78024 -0.00308052
71759 80452 80231 -0.00307975
73267 79445 79722 0.00378069
72582 80426 80334 -0.00126753
70675 78033 77993 -0.000565971
71403 78131 78131 0
72890 79760 79795 0.000480176
69503 76980 76268 -0.0102442
70562 79033 78861 -0.00243757
71248 79430 79028 -0.00564226
72286 77081 77101 0.000276679
73216 79511 79782 0.00370138
74241 78368 78406 0.000511847
72928 79239 79237 -2.74243e-05
72361 78379 78325 -0.000746258
73332 79829 79277 -0.00752741
71027 77467 76936 -0.00747603
73051 79878 79832 -0.000629697
72434 80920 81044 0.0017119
70673 76575 76030 -0.00771157
73915 80614 80377 -0.00320639
71139 78795 78727 -0.000955875
71454 77830 77647 -0.00256109
70735 79203 78822 -0.0053863
72689 78018 78664 0.00888718
71359 76899 76854 -0.000630614
72510 79386 79207 -0.00246863
70838 78519 78871 0.00496908
69107 77122 77122 0
71316 78902 78840 -0.00086937
72521 79473 79640 0.00230278
73962 79499 79495 -5.40818e-05
70691 79348 79690 0.00483796
71988 78058 77985 -0.00101406
72705 78785 78676 -0.00149921
74473 79459 79310 -0.00200073
70748 76158 76406 0.0035054
70538 78175 78175 0
71922 77334 77138 -0.00272517
75279 80693 80693 0
70234 79126 79148 0.000313239
72235 79630 79630 0
72052 79980 79642 -0.00469106
70895 76223 76779 0.00784258
69779 78047 78047 0
73591 80263 79811 -0.00614206
71339 77624 78587 0.0134989
71634 78576 78667 0.00127035
72682 79353 79647 0.00404502
72325 78649 78901 0.00348427
72389 80201 80501 0.00414428
73850 78826 79448 0.00842248
72049 79341 79647 0.00424711
69187 76427 76472 0.000650411
71651 78079 78079 0
70764 77978 77648 -0.00466339
73385 79304 79544 0.00327042
71025 77634 77634 0
70224 75288 75076 -0.00301891
71278 77987 77987 0
74077 77750 79323 0.0212347
69236 77950 77779 -0.00246981
72452 80040 80100 0.000828134
71204 79041 78828 -0.0029914
71503 79322 79322 0
72275 80236 80236 0
70459 76654 76654 0
69584 77527 77458 -0.000991607
70499 78492 78533 0.000581569
73018 79311 79311 0
69494 78172 78057 -0.00165482
70433 77014 77212 0.00281118
73900 78879 79291 0.0055751
74489 80639 80753 0.00153043
70113 77601 77601 0
70906 77494 77701 0.00291936
69452 76903 77075 0.00247653
71946 77210 76933 -0.00385011
71795 77893 78025 0.00183857
72937 79762 79508 -0.00348246
70945 78621 77995 -0.00882374
73068 79260 79070 -0.00260032
74418 80379 79983 -0.00532129
72183 78443 77899 -0.0075364
71548 78525 78327 -0.00276737
70904 78612 77398 -0.0171217
74298 78717 79014 0.00399742
71883 77215 77028 -0.00260145
71758 78363 78363 0
73515 81094 81094 0
72799 77576 77458 -0.0016209
69122 77515 77841 0.0047163
73672 78380 78380 0
69908 77736 77824 0.0012588
74929 79024 78906 -0.00157482
73842 80789 80872 0.00112402
72308 79390 79461 0.000981911
72565 80113 80723 0.00840626
69398 76152 76000 -0.00219026
69893 78392 78383 -0.000128768
72857 79348 79536 0.0025804
72091 77954 78141 0.00259394
68797 78310 78208 -0.00148262
73694 80462 80547 0.00115342
69652 78757 79305 0.00786769
71094 78196 78218 0.000309449
70067 79868 79801 -0.000956228
71562 78613 78305 -0.00430396
72201 80251 79882 -0.00511073
72662 79404 79234 -0.0023396
69008 78289 78437 0.00214468
72485 79167 79250 0.00114506
71162 78541 78087 -0.00637981
72302 78829 78799 -0.000414926
71551 78114 77837 -0.00387136
73782 80668 80668 0
70387 76355 76809 0.00645005
71650 79905 80355 0.00628053
72220 77736 77869 0.0018416
68796 78129 78287 0.00229665
68761 76841 76440 -0.00583179
72742 78788 79025 0.00325809
72517 77990 78216 0.00311651
75069 81495 81486 -0.00011989
70500 76794 76904 0.00156028
67863 76830 76430 -0.00589423
70679 76908 77238 0.004669
76757 82536 82439 -0.00126373
69664 76840 76941 0.00144982
70971 78882 78262 -0.00873596
71521 80182 80191 0.000125837
71651 76842 77168 0.00454983
71571 79197 78748 -0.00627349
67324 75896 75756 -0.0020795
69487 77934 77861 -0.00105056
72253 79270 79045 -0.00311406
71034 78569 78345 -0.00315342
71874 79637 79750 0.0015722
73004 78410 78524 0.00156156
72140 79777 79833 0.000776268
70169 79638 79161 -0.00679787
71345 77674 77674 0
71842 80062 79968 -0.00130843
71452 77713 77444 -0.00376477
71506 79904 80000 0.00134254
70633 78484 78458 -0.0003681
72139 78248 78260 0.000166346
67665 77979 77359 -0.00916279
71226 78364 78010 -0.0049701
71769 79916 79979 0.000877816
71000 77227 77055 -0.00242254
70058 77402 76837 -0.00806475
74611 79721 79347 -0.00501267
72257 78137 78099 -0.000525901
73249 78718 78608 -0.00150173
72151 78862 79108 0.00340952
72733 78884 78198 -0.00943176
69275 76034 75442 -0.00854565
70049 77948 77948 0
71342 77173 77121 -0.000728883
71370 77980 77780 -0.0028023
73862 79381 78871 -0.00690477
72767 79806 80203 0.00545577
70335 78068 78258 0.00270136
71684 79610 79462 -0.00206462
73230 79655 79655 0
71341 79606 79606 0
75326 80275 80040 -0.00311977
68723 78788 78424 -0.00529663
71715 79200 79189 -0.000153385
72019 80373 80018 -0.00492925
70705 77346 77888 0.00766565
73400 78428 78521 0.00126703
70714 78423 78706 0.00400204
71823 78070 77893 -0.00246439
70700 76953 76874 -0.0011174
70961 79573 79307 -0.00374854
72281 78040 78011 -0.000401212
71195 78814 78869 0.000772526
72264 78493 78490 -4.15144e-05
74716 81933 81933 0
72734 80046 79545 -0.00688811
72973 78773 79305 0.00729037
69597 79049 78233 -0.0117246
71549 77446 77668 0.00310277
70024 78478 78609 0.00187079
71329 78488 77612 -0.0122811
74228 81753 81607 -0.00196691
70163 77143 77316 0.00246569
72818 81231 81231 0
70824 80276 80391 0.00162374
70617 80536 80794 0.00365351
70814 77831 77618 -0.00300788
72457 78966 79193 0.00313289
72728 79771 79892 0.00166373
72167 78989 78866 -0.00170438
69957 77992 78156 0.0023443
72576 79710 79657 -0.000730269
71283 78830 78470 -0.00505029
72155 78484 78452 -0.00044349
70699 76622 76631 0.0001273
71147 77852 77708 -0.00202398
71641 78372 78993 0.00866822
71952 79311 79049 -0.00364132
71769 78986 79263 0.00385961
71488 79062 78922 -0.00195837
72311 79087 79077 -0.000138292
73498 80330 80376 0.000625867
71593 80606 80037 -0.0079477
72331 78147 78155 0.000110603
71102 76709 76747 0.000534443
72972 78822 78873 0.000698898
71955 79772 79450 -0.00447502
71151 79626 79538 -0.00123681
72212 78081 78391 0.00429292
68873 76083 76129 0.000667896
73631 79933 80022 0.00120873
72520 79485 78950 -0.00737728
73119 80809 80889 0.00109411
73837 80675 80675 0
71615 78256 78625 0.00515255
72486 78594 78424 -0.00234528
73514 80201 80173 -0.00038088
69560 78121 77771 -0.00503163
72045 79016 78918 -0.00136026
71513 78475 78742 0.00373359
71536 78281 78326 0.000629054
72995 81070 80884 -0.00254812
75543 82298 81848 -0.00595687
71054 80985 81218 0.0032792
71667 79129 79150 0.000293022
73404 78014 78183 0.00230233
70780 76817 77151 0.00471885
71763 78532 78435 -0.00135167
70191 79191 78952 -0.00340499
73440 78778 78504 -0.00373094
73442 79121 79484 0.00494268
72313 80671 80671 0
69891 79070 79070 0
73287 80219 79919 -0.0040935
69822 76500 76500 0
71190 78115 78291 0.00247226
73057 78146 77942 -0.00279234
71599 79133 79133 0
71919 80014 80437 0.00588162
70282 78628 78322 -0.00435389
70800 78956 78956 0
70044 78925 79313 0.00553938
71458 78714 79228 0.00719304
72474 79099 79221 0.00168336
70099 80002 80026 0.000342373
73308 79100 78891 -0.00285098
71079 78186 78187 1.40689e-05
73204 80592 80598 8.19627e-05
69837 78623 78623 0
71963 79961 79719 -0.00336284
72897 80760 80808 0.000658463
69865 77318 77267 -0.000729979
73239 78068 78046 -0.000300386
74955 81742 81742 0
72878 78983 79138 0.00212684
71361 77461 77991 0.00742703
71395 79409 78889 -0.00728342
73362 79257 79053 -0.00278073
72201 79468 79171 -0.00411352
73659 80057 79384 -0.0091367
71671 79409 79653 0.00340445
70341 77543 77603 0.000852988
71225 78001 77481 -0.00730081
70194 77545 77545 0
74611 78788 79289 0.00671483
71485 78348 78348 0
70793 79190 78851 -0.00478861
72341 79042 78770 -0.00375997
70890 77958 78204 0.00347017
71458 79165 78804 -0.00505192
71584 78707 78538 -0.00236086
69517 78394 78039 -0.00510666
70791 79137 78478 -0.00930909
70586 77249 77201 -0.000680022
72791 80318 80431 0.00155239
67643 76802 76847 0.000665257
73036 79377 79828 0.00617504
69019 78407 78398 -0.000130399
73163 79767 79769 2.73362e-05
72175 78368 78488 0.00166263
71986 78364 78355 -0.000125024
72390 79714 79455 -0.00357784
70968 76797 76609 -0.00264908
71833 79045 79045 0
72663 77855 77370 -0.00667465
73259 79404 79659 0.0034808
72850 79976 79707 -0.00369252
71795 78341 79348 0.014026
70977 78672 78551 -0.00170478
70998 76265 76228 -0.000521141
69933 78319 78201 -0.00168733
70662 78661 78654 -9.90631e-05
71096 79184 79195 0.00015472
73053 81700 81700 0
71485 77757 77665 -0.00128698
70088 79212 79123 -0.00126983
72574 81975 81807 -0.00231488
72953 80535 80746 0.00289227
71772 78841 79029 0.00261941
73261 78646 78698 0.000709791
71076 77782 77939 0.0022089
69894 78940 78919 -0.000300455
69831 78196 78232 0.00051553
71568 77844 77841 -4.19182e-05
73075 79711 79540 -0.00234006
69297 77943 77739 -0.00294385
67797 75650 75591 -0.000870245
71422 76394 76461 0.000938086
72999 78127 78270 0.00195893
68712 78852 79172 0.00465712
71253 78715 78691 -0.000336828
71215 78163 78258 0.00133399
70608 78846 78632 -0.00303082
71245 76748 77124 0.00527756
70035 77674 77660 -0.0001999
72700 78581 78850 0.00370014
70894 77034 77718 0.00964821
70117 78829 78437 -0.00559066
70470 78282 78127 -0.00219952
70765 78650 78748 0.00138487
71813 77798 77761 -0.000515227
71305 79505 79593 0.00123414
70327 78490 78284 -0.00292917
69864 77601 78052 0.0064554
70845 75865 76424 0.00789047
69598 77444 77503 0.000847726
71532 78360 78250 -0.00153777
70091 78436 77912 -0.007476
73286 80840 80840 0
71283 79327 79517 0.00266543
72356 80761 80457 -0.00420145
71037 78178 78292 0.0016048
71937 79217 79186 -0.000430933
71719 78132 78556 0.00591196
69358 77915 78147 0.00334496
72502 77877 77872 -6.89636e-05
72193 79360 79228 -0.00182843
68970 77176 76245 -0.0134986
73756 80692 80572 -0.00162699
73129 80119 80267 0.00202382
72594 79739 79887 0.00203874
72698 80538 79992 -0.00751052
72146 79521 79660 0.00192665
69878 78192 78410 0.00311972
69486 78989 78876 -0.00162623
70783 77920 77914 -8.47661e-05
71564 79150 79715 0.00789503
70610 78281 77497 -0.0111032
72553 81004 80440 -0.00777363
73469 80463 80463 0
73894 80222 79167 -0.0142772
71180 79245 79147 -0.00137679
69735 76948 76732 -0.00309744
73768 79803 79885 0.00111159
71524 78063 77874 -0.00264247
70216 79078 78849 -0.00326136
72639 78961 79132 0.00235411
69754 77630 77664 0.000487427
71138 77597 77830 0.00327532
72443 79350 79446 0.00132518
72572 79710 79440 -0.00372044
72940 78842 79433 0.00810255
71525 77741 77710 -0.000433415
71818 79525 79970 0.00619622
71667 77303 77266 -0.000516277
72836 79639 79674 0.000480532
71560 80331 80025 -0.00427613
72197 78945 78142 -0.0111223
71569 80158 80156 -2.79451e-05
69990 78349 77814 -0.00764395
69922 78222 78315 0.00133005
72202 78650 78985 0.00463976
69921 77040 76763 -0.00396161
71095 77539 77112 -0.00600605
72205 78386 78676 0.00401634
73287 79408 79412 5.45799e-05
73847 78658 78770 0.00151665
70858 78774 78124 -0.00917328
71522 78730 78612 -0.00164984
72172 78910 78515 -0.00547304
70342 77226 77153 -0.00103779
70755 77783 77423 -0.00508798
72211 79990 79902 -0.00121865
72520 79452 79452 0
72618 79366 79432 0.000908866
72627 77631 77759 0.00176243
71322 78775 78291 -0.00678612
71029 78238 77879 -0.00505427
70272 79408 79803 0.00562102
72757 78237 78407 0.00233654
71154 78148 78175 0.000379459
71942 78109 78352 0.00337772
72118 78221 77989 -0.00321695
71562 80084 80155 0.000992147
73435 77655 77829 0.00236944
71936 77649 78340 0.00960576
72077 79751 79809 0.000804695
70530 76540 76741 0.00284985
69900 79346 79171 -0.00250358
71866 77365 77144 -0.00307517
73806 78579 79378 0.0108257
72369 78246 78153 -0.00128508
70277 79384 79299 -0.0012095
73097 79560 79263 -0.00406309
70100 77823 78026 0.00289586
73011 80667 80295 -0.00509512
72072 78719 78513 -0.00285825
69103 78038 78035 -4.34135e-05
71145 78933 78407 -0.00739335
70425 79514 79514 0
72661 77477 77853 0.00517472
71594 78810 78934 0.00173199
69887 78606 78185 -0.00602401
70844 78131 77016 -0.0157388
72777 78690 78690 0
73049 79979 80122 0.00195759
72532 80756 80803 0.00064799
70943 76901 76907 8.45749e-05
70994 77000 77306 0.00431022
70083 79620 79666 0.000656365
72052 77748 77684 -0.000888247
69078 77059 76922 -0.00198327
73303 80138 80328 0.00259198
71245 79066 78954 -0.00157204
70865 80462 80462 0
71014 78371 78568 0.0027741
71725 77867 77867 0
74030 79985 80127 0.00191814
68980 77156 77281 0.00181212
71899 77283 77658 0.00521565
74170 79773 79853 0.0010786
73634 78880 78919 0.000529647
70888 79918 79926 0.000112854
72650 80670 80874 0.00280798
70664 79870 79868 -2.8303e-05
70953 79171 79171 0
69616 77493 77318 -0.00251379
70327 77232 76471 -0.0108209
69464 78800 78857 0.000820569
74461 79739 79959 0.00295457
73409 78967 79026 0.000803716
70612 79041 79020 -0.0002974
72082 80831 80764 -0.000929497
71739 78270 78161 -0.0015194
71610 79274 78935 -0.00473398
74278 81231 81222 -0.000121166
73923 80637 80387 -0.0033819
71013 78271 78237 -0.000478786
71852 79371 79105 -0.00370205
74055 80858 80435 -0.00571197
70994 79864 79967 0.00145083
74861 79536 79331 -0.00273841
70317 77426 77215 -0.0030007
67960 75596 75171 -0.00625368
69746 77449 77539 0.0012904
71421 79144 78850 -0.00411644
70266 79178 79178 0
75463 80760 80760 0
73928 79613 80150 0.00726382
72409 79421 79813 0.00541369
71092 78652 78650 -2.81326e-05
71412 78680 78393 -0.00401893
74933 80385 80432 0.000627227
73234 79594 79084 -0.00696398
73473 80836 80724 -0.00152437
71110 78083 78186 0.00144846
70182 80280 80172 -0.00153886
71579 79340 79525 0.00258456
71449 78088 78079 -0.000125964
72075 80319 80325 8.32466e-05
72401 80219 80183 -0.000497231
72296 79256 79441 0.00255892
73393 78074 77506 -0.00773916
73714 79706 79589 -0.00158722
71393 78832 78840 0.000112056
71652 79464 79170 -0.00410317
69074 77141 77043 -0.00141877
73333 80132 80163 0.000422729
72530 78009 77747 -0.0036123
74235 78855 78855 0
72322 79647 79647 0
71069 78954 78984 0.000422125
72813 78143 78407 0.00362573
68985 76958 77010 0.000753787
71195 77059 77157 0.0013765
70762 78783 78636 -0.00207739
71384 78906 78617 -0.00404853
73059 78549 78631 0.00112238
68771 78023 77786 -0.00344622
74668 79187 79183 -5.35705e-05
72152 77725 78436 0.0098542
71981 77589 77553 -0.000500132
70420 76476 76205 -0.00384834
71704 77520 78277 0.0105573
71785 78622 78287 -0.00466671
69298 77992 78110 0.00170279
70981 79151 79151 0
72511 80639 79816 -0.01135
71719 79374 79118 -0.00356949
69065 78320 78431 0.00160718
71237 77878 77881 4.21129e-05
72177 79476 79518 0.000581903
72144 78443 78270 -0.00239798
73370 80751 80791 0.000545182
71240 78590 78590 0
69439 77993 78049 0.000806463
72715 79701 79666 -0.000481331
74110 80945 80113 -0.0112266
70829 80830 80830 0
72517 79544 79717 0.00238565
69587 78468 78476 0.000114964
70567 78356 77981 -0.0053141
74069 79995 79995 0
70798 78674 78774 0.00141247
71839 78806 79087 0.00391152
72968 79715 78938 -0.0106485
71313 77656 77548 -0.00151445
70610 79276 78953 -0.00457442
74951 80771 80485 -0.00381583
69737 77383 77085 -0.0042732
70402 79367 79332 -0.000497145
71913 79461 79396 -0.00090387
70226 76754 76717 -0.00052687
70904 78535 79088 0.00779928
71952 79393 79402 0.000125083
72133 79534 78789 -0.0103281
71126 78057 77605 -0.00635492
