36139 39621 39396 -0.00622596
35270 39235 39235 0
36725 39707 39694 -0.000353982
36746 39594 39448 -0.00397322
36495 40368 40432 0.00175366
35696 39744 39742 -5.60287e-05
36756 40405 40399 -0.000163239
36928 39931 39944 0.000352036
36917 39768 39564 -0.00552591
36062 39122 39091 -0.000859631
36505 40509 40500 -0.000246542
36595 40026 39867 -0.00434486
35827 39002 39081 0.00220504
36180 39991 39834 -0.00433941
36590 39910 39901 -0.000245969
36266 40162 40071 -0.00250924
37750 40700 40780 0.00211921
36653 40394 40337 -0.00155513
35563 39005 38899 -0.00298063
37236 40146 40259 0.0030347
36720 40228 40217 -0.000299564
37320 40788 40754 -0.00091104
35576 38674 38569 -0.00295143
36363 39614 39614 0
36484 39301 39226 -0.0020557
35499 40037 40205 0.00473253
36750 40176 40124 -0.00141497
36589 39965 39951 -0.000382629
36110 40860 40843 -0.000470784
36604 39836 39748 -0.00240411
36321 40472 40445 -0.000743372
35913 39116 39199 0.00231114
36604 40452 40467 0.000409791
36433 38903 38769 -0.00367798
35910 39530 39526 -0.00011139
35386 39850 39850 0
36414 40018 40005 -0.000357006
36636 40535 40562 0.00073698
36122 39986 39756 -0.00636731
35177 39543 39466 -0.00218893
36837 40999 41052 0.00143877
36458 39454 39462 0.000219431
37157 40516 40486 -0.000807385
37082 40143 40129 -0.000377542
35882 39236 39236 0
37473 40638 40644 0.000160115
37006 39544 39575 0.000837702
37004 40867 40956 0.00240515
36465 39997 40371 0.0102564
35715 38830 38842 0.000335993
35337 39683 39438 -0.00693324
35925 39441 39281 -0.00445372
35837 39210 38959 -0.00700393
36421 39230 39043 -0.0051344
36627 40316 40281 -0.000955579
36476 39695 39728 0.000904704
35965 39993 40006 0.000361463
36913 40200 39783 -0.0112968
37024 40188 40188 0
35727 39288 39141 -0.00411454
35988 39574 39547 -0.00075025
36842 39574 39569 -0.000135715
35470 39327 39315 -0.000338314
37467 39981 39981 0
35957 39332 39283 -0.00136274
36465 40140 40140 0
36231 40145 40145 0
36479 40370 40293 -0.0021108
35626 38917 38636 -0.0078875
37128 40130 40130 0
35753 39872 39816 -0.0015663
35596 39338 39356 0.000505675
35077 40501 40543 0.00119737
35970 39568 39434 -0.00372533
35772 39727 39780 0.00148161
35550 39079 39349 0.00759494
35584 39811 39779 -0.000899281
35450 39910 39453 -0.0128914
36806 40788 40397 -0.0106233
37151 40301 40301 0
35694 39064 39064 0
35805 39554 39690 0.00379835
35179 38666 38715 0.00139288
35175 38748 38748 0
37038 40028 39965 -0.00170096
36319 39943 39987 0.00121149
35777 39090 39055 -0.000978282
36561 40928 41024 0.00262575
36942 39626 39580 -0.0012452
38144 40326 40396 0.00183515
37113 41153 41011 -0.00382615
35902 40067 40041 -0.000724194
36531 40303 40157 -0.00399661
35685 39320 39370 0.00140115
36686 39855 39981 0.00343455
34868 39202 39199 -8.60388e-05
35934 38771 38851 0.0022263
36968 40524 40621 0.00262389
35026 39586 39681 0.00271227
35845 38792 38596 -0.00546799
36519 39770 39771 2.7383e-05
36495 39970 39861 -0.00298671
36980 40663 40758 0.00256896
36279 39516 39471 -0.00124039
36340 40055 39802 -0.00696203
36591 41222 41148 -0.00202236
36762 39498 39498 0
36395 40794 40740 -0.00148372
36161 39989 40058 0.00190813
36248 40260 40218 -0.00115868
37253 39908 39887 -0.000563713
35483 38744 38596 -0.00417101
35737 40865 40865 0
36357 39909 39909 0
36339 39396 39391 -0.000137593
36297 38879 38928 0.00134997
35678 39581 39451 -0.0036437
36690 40379 40113 -0.00724993
36547 40657 40657 0
36260 39626 39433 -0.00532267
35861 40049 40116 0.00186832
35936 39713 39713 0
36269 40484 40666 0.00501806
34450 38908 39046 0.00400581
36897 40231 40232 2.71025e-05
35505 38857 38904 0.00132376
35768 39251 39159 -0.00257213
35914 39577 39647 0.0019491
37430 39795 39890 0.00253807
35430 40335 40058 -0.00781823
35982 39870 39836 -0.000944917
36633 40520 40471 -0.00133759
36137 39854 39929 0.00207544
36074 39268 39274 0.000166325
35596 40047 40062 0.000421396
36147 38829 38717 -0.00309846
36854 40362 40387 0.000678352
36007 40293 40676 0.0106368
35720 39274 39332 0.00162374
35405 39854 39743 -0.00313515
35163 39225 39239 0.000398146
36110 39493 39389 -0.00288009
34634 38576 38711 0.0038979
35506 39642 39642 0
36439 39528 39528 0
36329 39954 39954 0
36313 39889 40079 0.00523229
34993 38723 38610 -0.00322922
35337 39683 39764 0.00229221
35935 38957 38998 0.00114095
34862 39536 39357 -0.00513453
35438 39364 39342 -0.000620803
35862 38357 38996 0.0178183
35263 39223 39181 -0.00119105
36778 39918 40029 0.00301811
36084 39063 39052 -0.000304844
34707 39041 39069 0.000806754
35783 39308 39361 0.00148115
36579 39708 39719 0.000300719
34910 39318 39327 0.000257806
36959 40241 39708 -0.0144214
36551 40593 40613 0.000547181
35475 39814 39752 -0.00174771
35454 39525 39814 0.00815141
35774 39317 39246 -0.00198468
35729 39403 39569 0.00464609
36132 40178 40177 -2.76763e-05
36623 40226 40308 0.00223903
36137 40085 40050 -0.000968536
36808 39883 39883 0
36305 38882 38860 -0.000605977
36518 40514 40467 -0.00128704
36813 39769 39787 0.000488958
34978 39099 39045 -0.00154383
36955 40323 40408 0.00230009
37001 40446 40535 0.00240534
36115 39598 39965 0.010162
36045 39141 38832 -0.00857262
36230 39625 39663 0.00104885
36414 39538 39277 -0.00716757
36493 40643 40415 -0.00624777
35840 40393 40400 0.000195313
36871 39360 39505 0.00393263
36496 39862 39862 0
37220 40360 40133 -0.00609887
37714 41078 40797 -0.00745081
35901 39038 38673 -0.0101668
35334 38415 38453 0.00107545
35996 39772 39710 -0.00172241
36729 40961 41007 0.00125242
35839 40081 40000 -0.00226011
34397 39421 39246 -0.00508765
36197 40003 40003 0
37660 40300 40149 -0.00400956
37371 40491 40456 -0.000936555
36102 39101 39213 0.00310232
35952 39831 39831 0
35348 38725 38725 0
35257 39270 39270 0
35657 38949 38943 -0.00016827
37475 40763 40807 0.00117412
35424 39505 39474 -0.000875113
37159 39635 39596 -0.00104954
35295 39968 39997 0.000821646
37284 39794 39698 -0.00257483
35584 39670 39780 0.00309128
36506 40065 39929 -0.00372542
36492 40022 39944 -0.00213745
35147 39002 39002 0
35719 38527 38383 -0.00403147
34643 37709 38236 0.0152123
36031 40486 40453 -0.000915878
36949 39644 39643 -2.70643e-05
36212 40828 40782 -0.0012703
37001 40248 40300 0.00140537
35623 39080 39035 -0.00126323
35752 39657 39673 0.000447527
36229 39760 39330 -0.0118689
35770 40181 39900 -0.00785575
36955 40433 40202 -0.00625085
36225 40053 39835 -0.00601794
36498 39153 39373 0.00602773
38014 41357 41328 -0.000762877
34282 38335 38542 0.00603815
36132 40554 40488 -0.00182664
35674 39736 39365 -0.0103997
35402 39102 38958 -0.00406757
35730 39515 39414 -0.00282676
35198 39399 39429 0.000852321
36461 39753 39508 -0.00671951
36716 39376 39626 0.00680902
35955 40215 40396 0.00503407
36175 40995 40979 -0.000442294
36278 39071 39222 0.0041623
35464 39797 39677 -0.00338371
35645 38953 38846 -0.00300182
36638 40031 40292 0.00712375
35526 40100 40133 0.000928897
35634 40174 40099 -0.00210473
37819 40473 40243 -0.0060816
35983 39459 39348 -0.00308479
36048 39911 39795 -0.00321793
35074 39382 38958 -0.0120887
35034 39453 39224 -0.00653651
36681 40666 40383 -0.00771517
36509 40597 40627 0.000821715
35248 39292 39341 0.00139015
35629 39447 39474 0.00075781
35720 39897 39989 0.00257559
36707 39462 39386 -0.00207045
36385 39249 39249 0
36505 39988 39854 -0.00367073
35590 40331 40331 0
35057 38566 38588 0.000627549
35840 39441 39315 -0.00351563
36958 40276 40243 -0.000892905
36821 40127 40128 2.71584e-05
36943 40511 40202 -0.00836424
35282 39284 39225 -0.00167224
36020 39258 39346 0.00244309
35507 39573 39459 -0.00321063
36676 39812 39873 0.00166321
35381 39391 39496 0.00296769
34616 39041 38981 -0.0017333
37387 40803 40867 0.00171182
35488 39511 39273 -0.00670649
36199 40001 39581 -0.0116025
35797 38987 38736 -0.00701176
36683 39921 39900 -0.000572472
35182 38799 38920 0.00343926
36670 40376 40236 -0.00381783
35687 39017 38842 -0.00490375
35364 39102 39225 0.00347811
36029 39907 39991 0.00233146
37505 40954 40992 0.0010132
37438 40660 40760 0.00267108
36303 39808 39530 -0.00765777
35100 38844 38844 0
36263 40574 40603 0.000799713
36178 39761 39807 0.00127149
36073 40141 40083 -0.00160785
35113 38909 38958 0.00139549
35838 39682 39682 0
36183 39226 39287 0.00168587
35860 39379 39393 0.000390407
35276 39909 39859 -0.00141739
36260 39095 39132 0.00102041
36225 40736 40702 -0.000938578
36351 39297 39511 0.00588705
36335 39627 39627 0
36293 40292 40169 -0.00338908
35981 39870 39870 0
36253 39791 39655 -0.00375141
35899 39730 39592 -0.00384412
36254 39915 39946 0.000855078
36763 40026 40006 -0.000544025
37147 41073 41053 -0.000538401
35483 39049 39198 0.00419919
37098 40577 40501 -0.00204863
37128 40875 41035 0.00430942
36373 39476 39400 -0.00208946
35513 40317 40546 0.00644834
36260 39796 39679 -0.0032267
36274 40459 40221 -0.00656117
35750 38471 38494 0.000643357
36264 39905 40129 0.00617692
36400 40267 40369 0.0028022
35462 39718 40014 0.00834696
35088 38829 38970 0.00401847
35639 38773 38943 0.00477006
36931 40582 40585 8.12326e-05
36681 39568 39371 -0.00537063
35982 39328 39431 0.00286254
36280 40343 40562 0.00603638
36326 38882 38805 -0.00211969
35591 39899 39807 -0.00258492
36213 39801 39749 -0.00143595
35951 38872 39191 0.00887319
35992 39311 39086 -0.00625139
35769 39038 38932 -0.00296346
35193 38219 38223 0.000113659
35339 39317 39155 -0.00458417
36502 40683 40646 -0.00101364
36969 39603 39428 -0.0047337
36678 40292 40292 0
36735 39611 39707 0.00261331
35884 39556 39367 -0.00526697
35876 39356 39336 -0.000557476
35414 38813 38644 -0.00477212
35954 39477 39603 0.00350448
35745 39218 38851 -0.0102672
35691 39379 39510 0.00367039
35834 38993 38885 -0.0030139
36452 40445 40446 2.74333e-05
34342 38660 38374 -0.00832799
35134 40027 39988 -0.00111004
35625 39955 39909 -0.00129123
37048 40750 40855 0.00283416
35022 39292 39484 0.00548227
37185 40918 40693 -0.00605083
35213 39201 39215 0.00039758
36372 39311 39440 0.00354668
35610 39954 39938 -0.000449312
35608 39675 39651 -0.000674006
35931 39837 39930 0.00258829
36897 40322 40442 0.0032523
35946 40021 40142 0.00336616
35069 39528 39572 0.00125467
36166 39246 39247 2.76503e-05
37031 39840 39920 0.00216035
36396 40290 40143 -0.00403891
36425 39698 39621 -0.00211393
35639 39122 39225 0.00289009
34647 39778 39972 0.00559933
36227 39529 39466 -0.00173903
36100 40582 40712 0.00360111
36292 39542 39714 0.00473934
35805 39969 39802 -0.00466415
35367 38716 38696 -0.000565499
34866 39646 39552 -0.00269604
36003 39391 39617 0.00627725
36340 39914 39914 0
36155 40161 40069 -0.0025446
37051 40212 40253 0.00110658
36952 40214 40214 0
36887 40243 40560 0.00859381
36120 39248 39143 -0.00290698
37155 40212 40214 5.38286e-05
36029 39487 39426 -0.00169308
38043 40682 40423 -0.00680809
38322 40564 40178 -0.0100725
35981 39420 39216 -0.00566966
36719 40252 40252 0
36634 40953 40896 -0.00155593
36839 41330 41306 -0.000651483
35959 39994 39863 -0.00364304
37132 40237 40348 0.00298934
36696 39684 39435 -0.00678548
36364 39809 39760 -0.00134749
36826 40349 40392 0.00116765
34397 39963 39891 -0.00209321
35335 39822 39817 -0.000141503
35507 39752 39713 -0.00109837
37277 39991 40164 0.00464093
35228 39000 38992 -0.000227092
34454 38873 39182 0.00896848
35618 39513 39513 0
34315 39627 39360 -0.00778085
36688 39611 39728 0.00318905
38462 41509 41493 -0.000415995
35300 39369 39300 -0.00195467
37017 40418 40753 0.0090499
36453 39196 39338 0.00389543
36154 40777 40777 0
36075 40639 40564 -0.002079
35754 39021 38937 -0.00234939
37816 39769 39728 -0.0010842
34488 39763 39750 -0.000376943
36125 39347 39266 -0.00224221
35070 39835 39754 -0.00230967
35009 39519 39519 0
36502 39580 39523 -0.00156156
35163 39116 39189 0.00207605
36197 39680 39756 0.00209962
36512 39500 39575 0.00205412
35425 39465 39465 0
35276 39671 39541 -0.00368523
36112 40112 40100 -0.0003323
36484 40815 40425 -0.0106896
35455 39281 39281 0
35109 39862 39735 -0.00361731
35164 38705 38907 0.00574451
36260 39626 39653 0.000744622
35107 39829 39797 -0.000911499
36945 39952 40111 0.00430369
36465 40151 40151 0
36120 41219 41219 0
35196 39305 39299 -0.000170474
35104 40547 40556 0.000256381
34955 38406 38267 -0.00397654
36704 39746 39640 -0.00288797
35424 40843 40661 -0.00513776
36328 39801 39772 -0.000798282
36926 39896 39783 -0.00306017
37126 40078 40128 0.00134677
36828 40212 40646 0.0117845
35845 40467 40286 -0.00504952
37248 40231 40142 -0.00238939
35620 39485 39444 -0.00115104
36469 40052 39671 -0.0104472
36043 39377 39493 0.00321838
36999 40536 40517 -0.000513527
36026 40284 39854 -0.0119358
35427 38555 38695 0.00395179
34964 38629 38816 0.00534836
35881 39877 39834 -0.00119841
35454 39107 39165 0.00163592
36043 39461 39426 -0.000971062
36453 39413 39411 -5.48652e-05
36627 40916 41092 0.0048052
36390 39261 39314 0.00145644
35620 38980 39190 0.00589556
36354 39614 39498 -0.00319085
35566 39853 39537 -0.00888489
36327 40187 40116 -0.00195447
36204 40550 40438 -0.00309358
36263 39403 39286 -0.00322643
35515 39853 39865 0.000337885
35072 39113 39117 0.000114051
36590 40628 40598 -0.000819896
35565 40566 40591 0.000702938
36669 39960 39899 -0.00166353
36248 39813 39898 0.00234496
35662 39737 39860 0.00344905
36738 40240 39964 -0.00751266
37476 40225 40287 0.00165439
36893 40465 40465 0
35796 39590 39510 -0.00223489
36675 39504 39514 0.000272665
37585 40258 40542 0.00755621
37049 39488 39555 0.00180842
36782 39953 39913 -0.00108749
36295 39621 39533 -0.00242458
36606 40052 40052 0
36403 40445 40709 0.00725215
37615 40491 40226 -0.00704506
36324 40222 40524 0.00831406
35429 39515 39414 -0.00285077
36226 40603 40492 -0.0030641
36992 40118 40261 0.0038657
36671 40611 40570 -0.00111805
35684 39393 39375 -0.000504428
36037 39426 39426 0
36792 40292 40269 -0.000625136
35096 38859 38501 -0.0102006
35628 39842 39812 -0.000842034
35969 40092 39887 -0.00569935
36520 38934 38942 0.000219058
36962 40131 40294 0.00440993
37493 39488 39589 0.00269384
36830 40007 40005 -5.43036e-05
36517 39477 39537 0.00164307
37012 40298 40002 -0.00799741
35859 39046 38830 -0.00602359
36889 40281 40296 0.000406625
36596 40858 40924 0.00180348
35720 38685 38418 -0.0074748
37316 40598 40570 -0.000750348
35930 39801 39741 -0.00166991
36079 39275 39182 -0.00257768
35731 39979 39775 -0.00570933
36706 39412 39620 0.00566665
36047 38840 38820 -0.000554831
36627 40089 39999 -0.0024572
35752 39794 39744 -0.00139852
34925 38974 38974 0
36020 39841 39805 -0.000999445
36637 40135 40225 0.00245653
37338 40128 40154 0.000696342
35685 40040 40209 0.00473588
36336 39393 39355 -0.00104579
36698 39757 39706 -0.00138972
37617 40125 40046 -0.00210011
35730 38450 38579 0.00361041
35624 39468 39468 0
36339 39058 38956 -0.0028069
37990 40725 40725 0
35481 39952 39960 0.000225473
36467 40197 40197 0
36377 40279 40174 -0.00288644
35804 38499 38773 0.00765278
35236 39394 39394 0
37164 40475 40300 -0.00470886
36013 39179 39564 0.0106906
36182 39673 39719 0.00127135
36693 40065 40212 0.00400621
36521 39702 39824 0.00334054
36546 40453 40629 0.00481585
37267 39761 40084 0.00866719
36370 40042 40206 0.00450921
34948 38588 38616 0.00080119
36174 39353 39407 0.00149278
35731 39372 39164 -0.00582128
37046 40030 40156 0.00340118
35872 39187 39187 0
35460 38117 37911 -0.00580936
35995 39368 39368 0
37409 39254 40037 0.0209308
34949 39344 39259 -0.00243212
36582 40397 40425 0.000765404
35955 39902 39791 -0.00308719
36106 40034 40034 0
36492 40498 40498 0
35588 38725 38725 0
35142 39167 39105 -0.00176427
35605 39644 39683 0.00109535
36875 40043 40043 0
35102 39478 39414 -0.00182326
35560 38876 38971 0.00267154
37309 40019 40031 0.000321638
37598 40698 40752 0.00143625
35404 39199 39138 -0.00172297
35794 39112 39220 0.00301727
35089 38840 38934 0.0026789
36313 38971 39110 0.00382783
36243 39321 39368 0.0012968
36806 39886 40257 0.0100799
35829 39635 39385 -0.00697759
36882 39997 39909 -0.00238599
37558 40371 40530 0.00423345
36445 39599 39329 -0.00740842
36130 39639 39664 0.000691946
35809 39681 39078 -0.0168393
37507 39632 39877 0.00653211
36307 38971 38842 -0.00355303
36242 39552 39552 0
37111 40930 40922 -0.00021557
36760 39158 39100 -0.0015778
34895 39134 39297 0.00467116
37205 39562 39562 0
35304 39238 39286 0.00135962
37816 39799 39827 0.000740427
37262 40757 40797 0.00107348
36512 40072 40109 0.00101337
36642 40443 40748 0.00832378
35057 38460 38389 -0.00202527
35294 39585 39642 0.00161501
36800 40063 40162 0.00269022
36405 39369 39456 0.00238978
34747 39545 39495 -0.00143897
37207 40619 40647 0.000752547
35171 39750 40025 0.00781894
35918 39501 39510 0.000250571
35372 40303 40270 -0.000932941
36135 39676 39521 -0.00428947
36444 40501 40508 0.000192076
36681 40060 39887 -0.00471634
34855 39531 39586 0.00157797
36620 39978 40023 0.00122884
35932 39711 39424 -0.00798731
36495 39784 39770 -0.000383614
36129 39301 39301 0
37261 40730 40730 0
35539 38660 38761 0.00284195
36193 40338 40570 0.00641008
36485 39266 39325 0.0016171
34727 39427 39515 0.00253405
34736 38789 38591 -0.00570014
36737 39782 39893 0.00302148
36613 39464 39493 0.000792068
37881 41115 41117 5.27969e-05
35606 38769 38847 0.00219064
34284 38792 38587 -0.00597947
35697 38839 39011 0.00481833
38740 41612 41612 0
35182 38771 38827 0.00159172
35849 39836 39517 -0.00889844
36119 40489 40496 0.000193804
36173 38792 38956 0.00453377
36166 39946 39890 -0.00154842
33996 38326 38249 -0.00226497
35084 39330 39295 -0.000997606
36482 39947 39839 -0.00296036
35852 39652 39538 -0.00317974
36284 40179 40051 -0.00352773
36866 39578 39470 -0.00292953
36414 40262 40285 0.000631625
35428 40206 39967 -0.00674608
36020 39229 39216 -0.000360911
36272 40411 40371 -0.00110278
36075 39235 39100 -0.0037422
36090 40318 40365 0.0013023
35670 39616 39617 2.80348e-05
36396 39480 39483 8.24266e-05
34179 39390 39074 -0.00924544
35963 39563 39393 -0.00472708
36252 40351 40385 0.000937879
35861 38999 38916 -0.00231449
35397 39106 38819 -0.00810803
37681 40250 40062 -0.00498925
36486 39442 39429 -0.000356301
36997 39741 39741 0
36434 39862 39947 0.00233299
36729 39830 39474 -0.00969261
34986 38403 38101 -0.00863202
35373 39351 39351 0
36022 38958 39015 0.00158237
36037 39370 39250 -0.00332991
37288 40081 39821 -0.00697275
36736 40292 40495 0.00552591
35511 39403 39501 0.00275971
36212 40207 40000 -0.00571634
36975 40248 40214 -0.00091954
36018 39993 40184 0.0053029
38035 40527 40407 -0.00315499
34727 39789 39611 -0.00512569
36207 39982 39975 -0.000193333
36356 40574 40390 -0.00506106
35706 39061 39090 0.000812188
37053 39590 39636 0.00124146
35713 39737 39737 0
36273 39412 39322 -0.00248118
35702 38849 38806 -0.00120441
35822 40159 40025 -0.00374072
36497 39389 39379 -0.000273995
35944 39779 39813 0.000945916
36473 39620 39616 -0.00010967
37706 41345 41345 0
36728 40406 40156 -0.0068068
36867 39782 40048 0.00721512
35122 39887 39481 -0.0115597
36140 38995 39234 0.00661317
35355 39622 39688 0.00186678
36025 39630 39189 -0.0122415
37452 41243 41172 -0.00189576
35444 38961 38936 -0.000705338
36776 41013 41013 0
35760 40526 40604 0.00218121
35662 40662 40793 0.00367338
35757 39301 39301 0
36567 39859 39979 0.00328165
36725 40270 40342 0.00196052
36454 39888 39827 -0.00167334
35326 39370 39458 0.00249108
36652 40254 40226 -0.000763942
35984 39808 39616 -0.0053357
36434 39619 39687 0.00186639
35713 38699 38702 8.4003e-05
35928 39304 39229 -0.00208751
36165 39901 39873 -0.000774229
36336 40030 39902 -0.00352268
36242 39883 39832 -0.00140721
36088 39888 39850 -0.00105298
36521 40114 39944 -0.00465486
37101 40541 40565 0.000646883
36156 40697 40405 -0.00807611
36513 39447 39448 2.73875e-05
35924 38766 38551 -0.00598486
36845 39792 39816 0.000651377
36327 40264 40108 -0.00429433
35923 40188 40148 -0.00111349
36440 39403 39639 0.0064764
34770 38396 38422 0.000747771
37167 40417 40392 -0.00067264
36614 40112 39843 -0.00734692
36912 40771 40813 0.00113784
37279 40552 40724 0.00461386
36154 39497 39746 0.0068872
36594 39662 39348 -0.00858064
37105 40508 40458 -0.00134753
35137 39443 39262 -0.00515127
36389 39895 39844 -0.00140152
36104 39614 39739 0.00346222
36109 39512 39536 0.000664654
36875 40924 40839 -0.00230508
38126 41534 41305 -0.0060064
35871 40865 40986 0.0033732
36187 39950 39968 0.000497416
37049 39369 39417 0.00129558
35744 38783 38952 0.00472807
36218 39638 39584 -0.00149097
35439 39981 39859 -0.00344254
37086 39772 39634 -0.00372108
37080 39936 40123 0.00504315
36510 40684 40720 0.000986031
35310 39930 39930 0
37006 40501 40352 -0.00402637
35257 38620 38620 0
35950 39432 39521 0.00247566
36907 39469 39454 -0.000406427
36165 39959 39959 0
36306 40378 40517 0.00382857
35478 39697 39543 -0.00434072
35754 39864 39864 0
35378 40223 40058 -0.00466392
36077 39739 39903 0.00454583
36587 39912 39971 0.00161259
35384 40378 40388 0.000282614
37010 39925 39819 -0.00286409
35891 39469 39474 0.000139311
36973 40683 40679 -0.000108187
35255 39683 39683 0
36324 40408 40226 -0.00501046
36813 40780 40807 0.000733437
35287 39040 39024 -0.000453425
36988 39384 39344 -0.00108143
37837 41255 41255 0
36796 39867 39952 0.00231003
36030 39112 39369 0.00713294
36044 40079 39818 -0.00724115
37049 39926 39898 -0.000755756
36457 40115 39965 -0.00411444
37195 40420 40082 -0.00908724
36190 40042 40202 0.00442111
35538 39151 39187 0.001013
35958 39383 39109 -0.00762
35448 39150 39150 0
37686 39786 40039 0.00671337
36097 39458 39554 0.0026595
35747 39982 39810 -0.00481159
36534 39919 39781 -0.0037773
35803 39363 39490 0.00354719
36076 39968 39775 -0.00534982
36163 39753 39742 -0.000304178
35107 39586 39410 -0.00501325
35741 39886 39622 -0.00738647
35641 38998 38977 -0.000589209
36743 40538 40579 0.00111586
34165 38787 38806 0.000556125
36878 40077 40302 0.0061012
34844 39575 39569 -0.000172196
36936 40258 40264 0.000162443
36439 39566 39627 0.00167403
36345 39566 39554 -0.000330169
36540 40239 40107 -0.00361248
35866 38791 38550 -0.00671946
36272 39905 39905 0
36681 39185 39064 -0.00329871
36984 40085 40213 0.00346096
36782 40129 40301 0.0046762
36232 39539 40070 0.0146556
35847 39714 39650 -0.00178537
35848 38501 38482 -0.000530016
35308 39526 39466 -0.00169933
35667 39705 39705 0
35915 39975 39984 0.000250592
36877 41231 41231 0
36103 39267 39216 -0.00141262
35397 39710 39948 0.00672373
36631 41236 41284 0.00131037
36831 40644 40747 0.00279656
36255 39816 39912 0.00264791
36993 39698 39705 0.000189225
35888 39287 39360 0.00203411
35291 39806 39806 0
35280 39491 39500 0.000255102
36147 39301 39293 -0.000221319
36898 40222 40158 -0.00173451
34998 39338 39248 -0.00257158
34248 38200 38170 -0.000875964
36075 38588 38450 -0.00382536
36875 39451 39526 0.0020339
34695 39814 39977 0.00469808
35976 39734 39723 -0.000305759
35966 39469 39511 0.00116777
35666 39812 39711 -0.00283183
35980 38746 38975 0.00636465
35387 39225 39220 -0.000141295
36716 39678 39821 0.00389476
35782 38892 39235 0.00958583
35397 39785 39586 -0.00562195
35605 39538 39461 -0.00216262
35738 39694 39746 0.00145503
36275 39287 39269 -0.00049621
36012 40137 40181 0.00122181
35508 39625 39522 -0.00290075
35287 39175 39408 0.006603
35787 38313 38599 0.00799173
35143 39094 39119 0.000711379
36101 39533 39521 -0.000332401
35400 39604 39341 -0.00742938
36999 40798 40799 2.70278e-05
36017 40201 40165 -0.000999528
36536 40788 40629 -0.00435187
35872 39467 39442 -0.000696922
36313 39983 39966 -0.000468152
36225 39446 39656 0.0057971
35043 39365 39479 0.00325315
36587 39305 39299 -0.000163993
36454 40050 39985 -0.00178307
34844 38826 38500 -0.00935599
37226 40736 40672 -0.00171923
36936 40463 40541 0.00211176
36640 40245 40227 -0.000491266
36711 40660 40388 -0.00740922
36432 40158 40226 0.00186649
35293 39498 39592 0.00266342
35080 39866 39531 -0.0095496
35735 39344 39341 -8.39513e-05
36133 39853 40164 0.00860709
35673 39543 39313 -0.00644745
36621 40879 40593 -0.00780973
37093 40614 40614 0
37306 40456 39974 -0.0129202
35940 40009 39958 -0.00141903
35224 38867 38803 -0.00181694
37245 40284 40322 0.00102027
36107 39411 39307 -0.00288033
35462 39926 39803 -0.0034685
36664 39856 39948 0.00250927
35217 39185 39203 0.000511117
35921 39654 39294 -0.010022
36582 40057 39992 -0.00177683
36638 40231 40097 -0.0036574
36811 39788 40194 0.0110293
36137 39266 39250 -0.000442759
36256 40101 40365 0.00728155
36184 39036 39019 -0.000469821
36783 40214 40232 0.000489356
36137 40559 40400 -0.00439992
36476 39863 39640 -0.00611361
36129 40455 40436 -0.000525893
35343 39556 39287 -0.00761113
35305 39497 39550 0.0015012
36469 39704 39874 0.00466149
35298 38882 38736 -0.00413621
35914 39096 39050 -0.00128084
36451 39575 39721 0.00400538
37004 40091 40095 0.000108096
37269 39703 39631 -0.0019319
35772 39766 39440 -0.00911327
36125 39781 39699 -0.0022699
36449 39848 39643 -0.0056243
35525 38994 38951 -0.00121042
35728 39267 39090 -0.0049541
36476 40345 40345 0
36610 39992 40096 0.00284075
36661 40057 40087 0.000818308
36672 39184 39248 0.0017452
36005 39755 39515 -0.00666574
35877 39498 39321 -0.00493352
35486 40121 40302 0.0051006
36742 39487 39581 0.00255838
35927 39449 39454 0.000139171
36327 39588 39551 -0.00101853
36433 39548 39395 -0.00419949
36132 40405 40452 0.00130079
37082 39205 39216 0.00029664
36335 39213 39557 0.00946746
36397 40264 40293 0.000796769
35616 38693 38750 0.0016004
35281 40032 39943 -0.0025226
36292 39063 38954 -0.00300342
37260 39667 40063 0.010628
36535 39500 39449 -0.00139592
35488 40069 40027 -0.0011835
36903 40156 40007 -0.00403761
35400 39284 39564 0.0079096
36880 40732 40450 -0.00764642
36390 39730 39631 -0.00272053
34890 39419 39391 -0.000802522
35931 39729 39594 -0.0037572
35567 40147 40147 0
36679 39110 39301 0.00520734
36153 39785 39846 0.00168727
35295 39675 39467 -0.00589319
35779 39441 39202 -0.0066799
36741 39716 39716 0
36893 40373 40445 0.00195159
36618 40765 40792 0.000737342
35825 38836 38825 -0.000307048
35843 38866 39017 0.00421282
35375 40178 40197 0.000537102
36377 39312 39217 -0.00261154
34893 38920 38849 -0.00203479
37000 40433 40529 0.00259459
35984 39779 39667 -0.00311249
35790 40631 40631 0
35863 39567 39663 0.00267685
36227 39307 39307 0
37371 40379 40452 0.00195339
34848 38979 39043 0.00183655
36313 39022 39216 0.00534244
37439 40274 40312 0.00101498
37172 39813 39837 0.000645647
35788 40343 40345 5.58847e-05
36668 40725 40827 0.00278172
35669 40319 40310 -0.00025232
35846 39984 39984 0
35147 39130 39042 -0.00250377
35504 38984 38599 -0.0108438
35082 39782 39816 0.000969158
37584 40242 40358 0.00308642
37079 39873 39901 0.000755144
35653 39900 39887 -0.000364626
36379 40406 40763 0.00981335
36225 39507 39498 -0.000248447
36138 40008 39844 -0.00453816
37489 40987 40995 0.000213396
37319 40696 40569 -0.00340309
35870 39520 39502 -0.000501812
36280 39941 39941 0
37375 40808 40594 -0.00572575
35852 40318 40378 0.00167355
37804 40156 40053 -0.00272458
35502 38993 38971 -0.000619683
34349 38191 37982 -0.0060846
35210 39098 39143 0.00127805
36064 39950 39802 -0.00410382
35484 39973 39973 0
38094 40762 40545 -0.00569644
37313 40420 40449 0.000777209
36544 40077 40274 0.00539076
35908 39776 39708 -0.00189373
36051 39675 39594 -0.00224682
37822 40568 40598 0.000793189
36979 40181 39927 -0.00686876
37093 40796 40739 -0.00153668
35905 39412 39458 0.00128116
35441 40513 40460 -0.00149544
36139 40062 40008 -0.00149423
36092 39579 39434 -0.00401751
36400 40553 40553 0
36554 40499 40545 0.00125841
36493 39999 40086 0.00238402
37060 39417 39128 -0.00779817
37223 40232 40182 -0.00134326
36034 39788 39793 0.000138758
36168 40105 39948 -0.00434085
34888 38931 38900 -0.000888558
37038 40470 40496 0.000701982
36614 39397 39236 -0.00439723
37492 39809 39809 0
36517 40214 40214 0
35877 39846 39860 0.000390222
36769 39458 39591 0.00361718
34837 38850 38877 0.000775038
35954 38834 38954 0.0033376
35726 39786 39670 -0.00324694
36057 39845 39700 -0.00402141
36884 39656 39692 0.000976033
34736 39399 39358 -0.00118033
37707 39987 39986 -2.65203e-05
36428 39232 39588 0.0097727
36359 39169 39153 -0.000440056
35577 38625 38490 -0.00379459
36218 39140 39524 0.0106025
36252 39687 39524 -0.0044963
35006 39398 39453 0.00157116
35843 39950 39948 -5.57989e-05
36608 40704 40290 -0.011309
36223 40084 39955 -0.00356127
34884 39596 39596 0
35970 39324 39313 -0.00030581
36438 40121 40142 0.000576321
36443 39615 39530 -0.00233241
37043 40763 40719 -0.00118781
35970 39677 39677 0
35081 39654 39411 -0.00692683
36706 40218 40203 -0.000408653
37416 40853 40437 -0.0111182
35756 40793 40793 0
36610 40147 40235 0.00240371
35154 39625 39627 5.68925e-05
35634 39547 39356 -0.00536005
37390 40390 40390 0
35743 39702 39757 0.00153876
36276 39785 39927 0.00391443
36843 40245 39847 -0.0108026
35992 39188 39136 -0.00144477
35643 39996 39840 -0.00437674
37838 40641 40618 -0.000607855
35213 39089 38917 -0.00488456
35555 40080 40080 0
36319 40110 40074 -0.000991217
35456 38712 38712 0
35806 39642 39919 0.00773613
36330 40087 40090 8.25764e-05
36407 40142 39777 -0.0100255
35926 39423 39200 -0.0062072
