58525 63347 63468 0.00206749
56839 63145 63197 0.000914865
57930 65012 65107 0.00163991
56179 64222 64401 0.00318624
58323 64770 64618 -0.00260618
55949 64196 64626 0.00768557
58001 65907 65264 -0.011086
56716 64362 64383 0.000370266
56907 64067 63940 -0.00223171
56632 62065 62070 8.82893e-05
56151 64410 64439 0.000516465
58289 64827 64887 0.00102935
56625 62366 62649 0.00499779
56414 64253 64558 0.00540646
57738 64452 64591 0.00240743
58674 64989 64878 -0.00189181
57529 65016 64996 -0.000347651
56218 64740 64825 0.00151197
55193 63001 62539 -0.00837063
58104 64447 64533 0.0014801
56602 65526 64452 -0.0189746
57781 64432 64626 0.00335751
56979 63169 63721 0.00968778
58210 63750 63771 0.000360763
57448 63016 62914 -0.00177552
57841 65303 65095 -0.00359607
58508 64553 64781 0.0038969
58816 65346 65335 -0.000187024
58574 64487 64642 0.00264623
58022 64506 64062 -0.00765227
58722 65493 65352 -0.00240114
55305 63544 63544 0
57345 63871 63553 -0.00554538
56494 62589 62274 -0.00557581
56084 62959 63073 0.00203267
57327 64765 64765 0
57933 64349 64541 0.00331417
60100 65492 65492 0
55921 64404 63578 -0.0147708
56143 63460 63353 -0.00190585
61343 66373 66802 0.00699346
58726 63699 63547 -0.00258829
57761 64484 64143 -0.00590364
57684 64502 64502 0
55975 63867 63749 -0.00210808
59854 66137 66165 0.000467805
59007 64741 64580 -0.00272849
59952 65232 65178 -0.000900721
58635 64929 64951 0.000375203
56884 62309 61922 -0.00680332
59316 64341 64291 -0.000842943
56322 64181 64181 0
55887 62230 61984 -0.00440174
57375 64127 64126 -1.74292e-05
57265 64452 64598 0.00254955
58642 64349 63814 -0.00912315
57029 64496 64539 0.000754002
58864 65607 65458 -0.00253126
58234 63623 63767 0.00247278
56841 63580 63596 0.000281487
57545 63589 63545 -0.000764619
58035 64166 63664 -0.00864995
57255 63020 63385 0.00637499
58760 65642 65394 -0.00422056
54679 62306 62455 0.00272499
56781 64228 64180 -0.000845353
58337 64795 64699 -0.00164561
56703 63863 63890 0.000476165
57528 62582 62683 0.00175567
58070 65741 65741 0
57335 64386 64233 -0.00266853
56056 63666 63576 -0.00160554
59376 64464 64761 0.00500202
56171 63998 63911 -0.00154884
54757 63295 63224 -0.00129664
54966 63393 63318 -0.00136448
55352 62977 62275 -0.0126825
57930 65711 64950 -0.0131365
56694 65437 65821 0.0067732
57655 65116 65037 -0.00137022
56267 62336 62468 0.00234596
58278 64540 64213 -0.00561104
56332 63299 62817 -0.00855642
56532 62531 62612 0.00143282
55095 65330 65136 -0.00352119
57414 64741 64526 -0.00374473
56226 62129 62375 0.0043752
56551 65861 65730 -0.00231649
59216 65321 64784 -0.0090685
57829 65685 66194 0.00880181
58458 66715 66260 -0.00778337
55389 64749 64749 0
55279 65917 65732 -0.00334666
56928 64132 64349 0.00381183
57319 64530 64161 -0.00643766
58231 64676 64782 0.00182034
56410 63323 62955 -0.00652367
58713 64284 63958 -0.00555243
57964 64464 64424 -0.000690084
57022 63677 63608 -0.00121006
56936 63979 64287 0.00540958
58016 64244 64100 -0.00248207
57780 65580 65116 -0.00803046
59235 64595 64582 -0.000219465
58653 64258 64502 0.00416006
57192 65810 66066 0.00447615
56951 63444 63734 0.0050921
57121 63971 63861 -0.00192574
58186 64230 63879 -0.00603238
57417 65050 64823 -0.00395353
58940 64095 64101 0.000101798
58403 63141 62974 -0.00285944
58408 64968 64902 -0.00112998
57621 63754 63765 0.000190903
55354 63279 63196 -0.00149944
56412 63223 63123 -0.00177267
56846 63714 63269 -0.00782817
57457 64754 64467 -0.00499504
57952 65278 65247 -0.000534925
58523 63722 63617 -0.00179417
56917 63452 63368 -0.00147583
56862 63998 64212 0.0037635
57285 65221 65367 0.00254866
55616 62203 62457 0.00456703
57314 65433 65230 -0.00354189
58012 64309 64086 -0.00384403
55974 63506 62985 -0.00930789
58850 65199 65257 0.000985556
59025 64039 64030 -0.000152478
57804 65815 64897 -0.0158813
57193 65601 65477 -0.0021681
56904 64134 63928 -0.00362013
56878 63848 64014 0.00291853
59089 65485 65479 -0.000101542
58391 65480 65599 0.00203799
55317 64161 64081 -0.00144621
59942 66480 66370 -0.00183511
60190 65259 65214 -0.000747632
55074 63592 63639 0.000853397
55910 64494 64305 -0.00338043
58404 63014 62913 -0.00172933
58132 62585 62795 0.00361247
56501 62700 62157 -0.00961045
56677 63747 63750 5.29315e-05
56685 62883 63855 0.0171474
57109 64369 64075 -0.00514805
58573 64899 64997 0.00167313
53774 62172 62179 0.000130174
58997 65984 65685 -0.00506805
55793 61799 62041 0.00433746
57439 64187 64286 0.00172357
56163 63227 62998 -0.00407742
59177 63236 62828 -0.00689457
56062 62606 62354 -0.00449502
57024 63114 62940 -0.00305135
56947 63919 63137 -0.0137321
55031 62790 62518 -0.00494267
56401 63479 63508 0.000514175
58029 64162 64162 0
55477 63242 63299 0.00102745
57548 64521 64928 0.00707236
59230 65607 65575 -0.000540267
58569 63628 63325 -0.00517339
57581 64948 65125 0.00307393
54391 62745 63099 0.00650843
56105 64256 64228 -0.000499064
59410 64339 64421 0.00138024
56212 65320 65250 -0.00124529
57964 65242 65162 -0.00138017
57585 64079 64049 -0.000520969
55999 64266 63924 -0.00610725
57418 66124 65817 -0.00534676
58098 63848 63915 0.00115322
57041 62632 62661 0.000508406
59905 64458 64670 0.00353894
56125 64563 64160 -0.0071804
58686 64647 65255 0.0103602
55623 63455 63317 -0.00248099
56768 63803 63815 0.000211387
59494 64016 63704 -0.00524423
56555 64940 64780 -0.0028291
58719 64983 65058 0.00127727
59598 64908 64757 -0.00253364
55693 63435 64555 0.0201102
60196 66500 65988 -0.00850555
59256 65483 65780 0.00501215
57469 64103 63989 -0.00198368
55308 62077 62242 0.00298329
56639 63441 63308 -0.00234821
58395 65818 65818 0
56728 64061 63806 -0.00449513
57509 64953 64962 0.000156497
57876 64145 64080 -0.00112309
59169 66599 66514 -0.00143656
56435 65339 65214 -0.00221494
57580 64258 63772 -0.00844043
55814 63304 63766 0.00827749
55127 61764 62058 0.00533314
55985 62647 62426 -0.00394749
53934 63283 63035 -0.00459821
58454 65933 65876 -0.000975126
57132 65031 64897 -0.00234545
56672 64224 64711 0.00859331
55713 64712 64591 -0.00217184
58318 63955 64225 0.00462979
57124 61958 61833 -0.00218822
57560 65074 65104 0.000521195
57195 64348 64390 0.00073433
57926 63251 63338 0.00150192
57937 63699 63686 -0.000224382
54703 60871 60873 3.65611e-05
60890 66847 66837 -0.000164231
59630 65280 65158 -0.00204595
57259 66013 66013 0
58149 64229 64519 0.00498719
55378 63602 63845 0.00438802
57486 62869 62644 -0.003914
55653 63283 63343 0.00107811
58631 65015 64884 -0.00223431
57248 65489 64815 -0.0117733
58212 64650 64701 0.000876108
57170 63012 63002 -0.000174917
59533 67087 67087 0
54171 61265 61308 0.000793783
55932 65782 65073 -0.0126761
56545 64338 63849 -0.00864798
56130 62847 63162 0.00561197
56812 62673 62625 -0.000844892
58046 64031 64058 0.000465148
58125 65357 65289 -0.00116989
56721 64337 64505 0.00296187
58605 64784 64634 -0.00255951
58243 66364 66278 -0.00147657
56853 62876 63067 0.00335954
56700 63486 63197 -0.005097
55683 63010 63028 0.000323258
57393 64671 64628 -0.00074922
58866 64689 64383 -0.00519825
57301 65275 65103 -0.00300169
59080 64937 64940 5.07786e-05
57223 63647 63598 -0.000856299
57333 65388 65042 -0.00603492
56693 63191 63473 0.00497416
57798 64219 64372 0.00264715
58878 66307 66338 0.000526512
57335 66368 66011 -0.00622656
57775 64100 64100 0
55960 61871 61880 0.000160829
56309 63055 63055 0
56809 63435 63435 0
55086 63428 63482 0.000980285
58045 64202 64536 0.00575416
56442 63896 63754 -0.00251586
54409 62605 62605 0
57147 63071 62961 -0.00192486
57246 64215 64139 -0.0013276
56248 65121 64786 -0.00595577
57507 64431 64278 -0.00266055
56259 63752 63657 -0.00168862
56147 63440 63590 0.00267156
57281 64583 64294 -0.0050453
55280 64798 64761 -0.00066932
58195 63746 63746 0
56126 63398 63398 0
58508 65024 65230 0.00352089
57056 64376 64262 -0.00199804
56771 63484 63314 -0.00299449
55990 64251 64124 -0.00226826
55299 64083 64131 0.000868008
55032 62414 61923 -0.00892208
57462 65408 65374 -0.000591695
56950 63274 63403 0.00226514
55352 63988 63336 -0.0117792
58711 64553 64454 -0.00168623
58714 66326 66492 0.00282726
58923 64365 64365 0
56820 64297 64013 -0.00499824
56480 62953 62854 -0.00175283
57424 65121 65110 -0.000191558
57079 62780 63550 0.0134901
59109 64773 64789 0.000270686
55773 62401 62418 0.000304807
57863 62779 62661 -0.0020393
55420 62468 62679 0.00380729
52960 63105 63191 0.00162387
58464 64901 64827 -0.00126574
56430 62223 62460 0.00419989
57737 66323 65912 -0.00711849
59352 64605 63972 -0.0106652
59299 64080 64039 -0.000691411
58384 65283 65459 0.00301452
59004 64686 64686 0
57074 62139 62139 0
57451 64171 64171 0
56229 64973 64424 -0.00976365
56175 64225 64319 0.00167334
58472 66366 66366 0
57066 64144 63564 -0.0101637
59765 65655 66178 0.00875094
60505 65865 65755 -0.00181803
55497 62417 62207 -0.00378399
57791 65696 65825 0.00223218
56489 64285 64099 -0.00329268
56961 64730 64098 -0.0110953
57600 62996 63183 0.00324653
56205 64603 64637 0.000604928
58840 63848 63648 -0.00339905
57362 64500 64404 -0.00167358
55754 63591 63580 -0.000197295
58701 61703 61705 3.4071e-05
56419 65431 65293 -0.00244598
57758 63066 62902 -0.00283943
55657 63504 63609 0.00188656
57953 64859 64969 0.00189809
56944 63547 63569 0.000386344
56073 64298 63789 -0.00907745
58049 64611 64702 0.00156764
54673 62603 62827 0.00409709
55322 64794 64725 -0.00124724
56034 61879 61626 -0.00451512
55432 61456 61928 0.00851494
54453 62096 61829 -0.00490331
57901 64229 64238 0.000155438
56895 63631 63547 -0.0014764
57798 64553 64553 0
56476 63265 63265 0
57293 63985 63661 -0.00565514
57429 63556 63663 0.00186317
57649 62185 62142 -0.000745893
56365 64129 64084 -0.000798368
56935 63516 63728 0.00372354
58112 64008 63928 -0.00137665
55464 64420 64550 0.00234386
56930 64132 64158 0.000456701
57876 62721 62751 0.00051835
58564 63280 63770 0.00836691
57547 63801 63680 -0.00210263
59700 66364 66579 0.00360134
56222 63975 63787 -0.00334389
59210 65703 65754 0.000861341
56377 64179 64210 0.00054987
57754 63948 63890 -0.00100426
57796 64423 64349 -0.00128037
57051 63554 63676 0.00213844
56265 64024 64049 0.000444326
58510 64816 64674 -0.00242694
57648 65065 64229 -0.0145018
58895 64625 64625 0
56340 62821 63028 0.00367412
57263 63701 63517 -0.00321324
56092 65422 65445 0.000410041
57260 63860 63669 -0.00333566
55573 63251 63368 0.00210534
55143 63385 63313 -0.0013057
57250 63891 63810 -0.00141485
59950 65820 65959 0.0023186
55765 64172 64378 0.00369407
59036 64909 65212 0.00513246
55671 62230 62146 -0.00150886
56718 63519 63547 0.00049367
57438 63589 62808 -0.0135973
56811 64387 64103 -0.00499903
57081 64979 64651 -0.00574622
59303 65498 64945 -0.00932499
58168 65570 65435 -0.00232086
57505 64935 64889 -0.00079993
57563 63829 63829 0
57127 63981 64533 0.00966268
58371 64151 64622 0.00806908
59535 64375 64755 0.0063828
57475 66035 66035 0
56824 63302 63108 -0.00341405
57855 64012 63942 -0.00120992
57914 65895 66225 0.0056981
58763 65784 65646 -0.00234842
57215 64590 63760 -0.0145067
59825 64387 64264 -0.002056
59544 63816 63820 6.71772e-05
58437 64135 64135 0
58745 64883 64440 -0.00754107
56426 63573 63467 -0.00187857
56269 63402 62994 -0.00725088
57885 63916 64059 0.00247042
56729 65959 65959 0
56830 62348 62840 0.0086574
54219 63840 63916 0.00140172
57117 64408 64760 0.00616279
55197 64798 65076 0.00503651
58089 63927 64045 0.00203137
60004 65211 65444 0.00388307
57270 63528 63443 -0.0014842
57651 65362 65533 0.00296612
57805 63537 63883 0.00598564
60030 66544 66613 0.00114943
58636 65375 65345 -0.000511631
56731 64300 64190 -0.00193898
58287 64313 64313 0
55131 63063 63712 0.011772
57096 64109 64173 0.00112092
55343 63482 63482 0
55419 63662 63897 0.00424042
56808 63745 63603 -0.00249965
56843 62379 63164 0.01381
58038 64368 64462 0.00161963
58360 63503 63009 -0.0084647
56401 62909 63005 0.0017021
57704 64332 64332 0
58059 63959 63959 0
58352 65059 65456 0.00680354
57858 63205 63063 -0.00245428
56769 64381 64278 -0.00181437
54946 62150 61504 -0.011757
57044 63058 63925 0.0151988
55776 63959 63738 -0.00396228
56752 63219 63240 0.000370031
56043 64604 64135 -0.00836857
59173 65637 65530 -0.00180826
56804 63225 63175 -0.00088022
55733 64582 64635 0.000950963
55933 61168 60825 -0.00613234
54859 64539 64222 -0.00577845
56430 66158 66097 -0.00108099
57569 65092 65343 0.00435999
55603 63315 63260 -0.000989155
58922 64462 64510 0.000814636
58939 64919 64789 -0.00220567
55412 65132 64801 -0.00597344
57558 63644 63650 0.000104243
57675 64277 64277 0
57289 65329 65562 0.0040671
58464 63461 63495 0.000581554
58458 65520 65285 -0.00401998
58478 64562 64378 -0.00314648
57199 63619 63320 -0.00522736
54897 62639 62432 -0.0037707
56919 64841 64887 0.000808166
56323 62706 63053 0.00616089
56370 64162 64394 0.00411566
58343 62893 62841 -0.000891281
58248 65688 65307 -0.006541
54953 63436 63268 -0.00305716
56185 62329 62209 -0.0021358
56975 64378 64364 -0.000245722
56994 64083 63860 -0.00391269
55880 63680 63800 0.00214746
58398 64481 64511 0.000513716
58322 64595 64595 0
56905 64100 64100 0
55149 63316 62995 -0.0058206
56010 65028 65105 0.00137475
59137 65407 65496 0.00150498
58710 64165 64496 0.00563788
56662 64506 64546 0.00070594
56263 65313 65508 0.00346587
58683 65147 64230 -0.0156263
59690 65237 64277 -0.0160831
59325 65409 65281 -0.00215761
58244 62867 62781 -0.00147655
57694 64591 64265 -0.0056505
60976 64777 64734 -0.000705195
57070 64110 64050 -0.00105134
58196 64728 64698 -0.000515499
55612 65247 65167 -0.00143854
57461 63912 64584 0.0116949
58326 64983 64554 -0.00735521
58379 65685 65578 -0.00183285
60704 66884 66845 -0.000642462
55939 64626 64626 0
56440 64057 63998 -0.00104536
57397 63653 63454 -0.00346708
59939 65253 65209 -0.00073408
57074 63756 63534 -0.00388969
57112 62834 62654 -0.0031517
56328 65589 65278 -0.00552123
55154 62128 62177 0.000888422
56519 63298 63263 -0.000619261
56610 63743 64170 0.00754284
57716 63845 63843 -3.46524e-05
57266 64995 64993 -3.49247e-05
56969 64034 64012 -0.000386175
60386 65782 65379 -0.00667373
56789 63253 63406 0.00269418
59017 64495 64468 -0.000457495
55691 62881 62850 -0.000556643
58685 65346 64884 -0.00787254
58056 66153 65946 -0.00356552
56958 62946 63118 0.00301977
58827 66244 66097 -0.00249885
56481 63898 63317 -0.0102866
56372 64237 64299 0.00109984
57195 64015 64132 0.00204563
57515 64197 64224 0.000469443
57631 63378 63280 -0.00170047
57539 65878 65557 -0.00557882
56010 63886 63747 -0.0024817
56542 62782 63290 0.00898447
58304 64093 64235 0.00243551
59942 64773 64251 -0.00870842
57279 63461 63686 0.00392814
57930 65044 65074 0.000517866
56750 63721 63732 0.000193833
56837 65062 64948 -0.00200574
57546 64555 64293 -0.00455288
57626 62027 62187 0.00277652
56494 62864 63006 0.00251354
56262 62903 62715 -0.00334151
57421 66626 66663 0.000644364
55267 63399 63457 0.00104945
56409 65670 65537 -0.00235778
58627 65804 65804 0
56219 62675 62765 0.00160088
58330 63172 63286 0.0019544
58794 64982 65320 0.00574889
56725 64122 63681 -0.00777435
57385 64283 64575 0.00508844
59249 64498 64349 -0.00251481
57774 63450 63475 0.000432721
59458 65363 65568 0.00344781
57895 64646 64363 -0.00488816
57799 66108 65895 -0.00368518
55601 62672 62946 0.00492797
56726 63853 63530 -0.00569404
56678 63892 63967 0.00132326
58626 64272 64133 -0.00237096
56560 61800 61080 -0.0127298
57380 62213 62213 0
56329 63503 63482 -0.00037281
59281 64344 64239 -0.00177123
55841 62628 62709 0.00145055
56799 64976 65006 0.000528178
58263 64659 65151 0.00844447
57789 64422 64177 -0.00423956
58877 65149 65452 0.00514632
56426 62094 61810 -0.00503314
55671 62989 62965 -0.000431104
54256 64988 64988 0
59270 64965 64913 -0.000877341
56157 63119 62778 -0.00607226
55620 63103 63360 0.00462064
56525 64570 64623 0.000937638
59947 66357 66132 -0.00375332
55100 62565 62602 0.000671506
56429 62840 62213 -0.0111113
57169 63609 63759 0.0026238
55793 63636 63219 -0.00747406
58037 63266 63338 0.00124059
59891 64325 64380 0.000918335
57190 64384 64318 -0.00115405
58164 64795 64700 -0.00163331
57825 65270 65148 -0.00210981
56661 63370 64300 0.0164134
56554 64445 64554 0.00192736
56356 63618 64005 0.00686706
57517 64712 64892 0.00312951
57089 63053 63387 0.00585051
55720 62294 62591 0.00533022
57725 65931 66060 0.00223473
56966 63376 63394 0.000315978
55197 62368 62469 0.00182981
56873 64025 63841 -0.00323528
56547 63332 63287 -0.000795798
56135 64340 64529 0.00336688
58537 65617 65777 0.00273331
56634 63923 63740 -0.00323127
59537 66038 66216 0.00298974
55887 62928 62615 -0.00560059
55518 63117 63054 -0.00113477
58540 64334 64331 -5.1247e-05
58417 63978 63989 0.000188301
55469 64465 64465 0
57894 63847 64377 0.00915466
57575 65167 64896 -0.0047069
58371 63897 63753 -0.00246698
57482 65683 65664 -0.000330538
56095 63472 63563 0.00162225
58216 66577 66533 -0.000755806
57542 64280 64293 0.000225922
55013 63701 63714 0.000236308
56870 63726 63997 0.00476525
55335 63655 63457 -0.00357821
55573 62848 62848 0
57653 63388 63289 -0.00171717
59160 66459 66459 0
54746 61979 62051 0.00131516
59250 66182 65783 -0.00673418
57122 64743 64651 -0.00161059
55356 63795 63638 -0.00283619
56486 62922 62954 0.000566512
58950 64795 64383 -0.00698897
55281 63321 63196 -0.00226117
60452 65950 66158 0.00344075
56110 63379 63751 0.00662983
55177 62203 62254 0.000924298
55508 62952 62697 -0.00459393
59224 66936 66879 -0.000962448
55885 62973 62978 8.94694e-05
57928 63254 63210 -0.000759564
59664 64799 65040 0.00403929
57839 62972 63499 0.0091115
59024 65189 64336 -0.0144517
54501 61120 60725 -0.00724757
56119 62996 62885 -0.00197794
56910 63098 63273 0.00307503
58750 64184 64126 -0.000987234
55860 64428 64422 -0.000107411
57431 63976 63738 -0.0041441
56644 64627 64820 0.00340725
57787 64753 64803 0.000865247
57884 63822 63658 -0.00283325
57588 66107 65955 -0.00263944
55443 64258 64199 -0.00106416
56222 64057 63994 -0.00112056
57819 63810 63778 -0.000553451
59206 64410 64270 -0.00236463
55979 63440 63511 0.00126833
57617 64068 64147 0.00137112
55345 64009 64128 0.00215015
54756 63015 63072 0.00104098
57004 63544 63544 0
59121 64443 64421 -0.000372118
58197 64353 64122 -0.00396928
57228 63321 63321 0
58964 65135 64997 -0.00234041
54168 63396 63339 -0.00105228
57036 62250 62571 0.00562802
57177 62963 62970 0.000122427
55819 63579 63629 0.000895752
56380 64619 64129 -0.00869103
58361 64144 63984 -0.00274156
58067 65078 64967 -0.00191158
56618 63869 63867 -3.53245e-05
56946 64531 64208 -0.00567204
56682 65332 64879 -0.00799196
58719 64120 63999 -0.00206066
57626 65842 64623 -0.0211536
56991 64713 64681 -0.000561492
57001 63696 63803 0.00187716
56765 63579 63553 -0.000458029
55014 64363 64460 0.00176319
57813 64630 64417 -0.00368429
55223 63948 63953 9.0542e-05
58275 63837 63556 -0.00482196
56541 64589 64552 -0.000654392
57760 64326 64349 0.000398199
58732 65088 65077 -0.000187291
58326 63844 63604 -0.0041148
55249 62702 63023 0.00581006
57819 65534 65186 -0.00601878
59957 67151 67151 0
57902 64496 64420 -0.00131256
57685 64020 64015 -8.66776e-05
56757 63019 63217 0.00348856
59006 64220 64148 -0.00122021
59037 63788 64140 0.00596236
59912 66422 66488 0.00110162
56887 63937 63496 -0.00775221
59059 66414 65660 -0.0127669
57887 65346 65153 -0.00333408
58497 65076 65088 0.000205139
55300 62058 62380 0.00582278
56796 62898 62842 -0.000985985
58849 64904 64794 -0.00186919
59298 64230 64239 0.000151776
58001 64830 64833 5.17232e-05
58105 65205 65007 -0.00340762
57597 63887 63793 -0.00163203
58080 63468 63584 0.00199725
56682 62196 62227 0.000546911
57176 62707 62647 -0.00104939
57580 64174 64299 0.00217089
57031 64572 64623 0.00089425
59038 64580 64628 0.000813036
58506 65072 64327 -0.0127337
56659 65171 65020 -0.00266507
60103 65212 65212 0
56177 64386 64382 -7.12035e-05
58295 64924 64998 0.00126941
55394 62964 63000 0.00064989
56967 63776 64293 0.00907543
54987 64440 64388 -0.000945678
57727 64813 64479 -0.00578585
58730 64284 64284 0
56325 62682 63362 0.0120728
58497 64129 64241 0.00191463
58177 64892 64841 -0.000876635
59548 65182 65416 0.0039296
55930 65365 65391 0.000464867
56039 63397 63680 0.00505005
59793 64674 64637 -0.000618802
57502 65576 65287 -0.00502591
55568 63380 63266 -0.00205154
55876 64414 64274 -0.00250555
59561 65797 65710 -0.00146069
59258 63435 63616 0.00305444
60174 65997 65995 -3.32369e-05
59509 66333 65962 -0.00623435
56709 64861 64919 0.00102277
57471 63692 63979 0.00499382
56698 62697 63185 0.00860701
55780 62399 62230 -0.00302976
58158 64364 64753 0.00668868
55893 63640 63639 -1.78913e-05
57964 63134 63034 -0.00172521
57874 64483 64418 -0.00112313
57476 63900 64036 0.00236621
57251 63434 63616 0.00317898
58555 64241 64198 -0.000734352
56228 62045 62107 0.00110265
58356 64592 64257 -0.00574063
55532 63452 63603 0.00271915
56598 63033 63052 0.000335701
57343 65228 65373 0.00252864
58144 64493 64473 -0.000343974
56056 64272 64013 -0.00462038
57923 65934 65786 -0.00255512
58195 64131 64497 0.0062892
57194 65208 65234 0.000454593
58416 65274 65318 0.000753218
57210 65046 65046 0
55611 64029 63970 -0.00106094
57550 64358 64545 0.00324935
57316 63484 63396 -0.00153535
57943 65707 65974 0.00460798
59748 65744 65747 5.02109e-05
56397 62555 62070 -0.00859975
56569 62579 62926 0.0061341
60844 66580 66363 -0.0035665
58583 64520 64428 -0.00157042
55528 63687 63576 -0.00199899
55044 63741 63795 0.000981033
58192 64976 65235 0.00445078
58966 65027 65123 0.00162806
59091 65768 65773 8.46153e-05
59188 63515 63389 -0.00212881
57683 63222 63040 -0.00315518
54899 63841 63818 -0.000418951
57096 63134 63154 0.000350287
58812 64274 64345 0.00120724
55343 62614 62705 0.00164429
57454 63475 62960 -0.00896369
54091 62957 62645 -0.00576806
57061 63754 63357 -0.00695747
56817 64200 64218 0.000316807
54745 62616 62507 -0.00199105
57788 63861 63439 -0.00730255
59586 63906 63977 0.00119156
56725 61994 62202 0.00366681
58969 65929 65603 -0.00552833
56549 61786 61630 -0.00275867
58052 66304 66330 0.000447874
58448 64813 64741 -0.00123186
56095 65970 66041 0.00126571
57310 64226 63922 -0.00530448
55769 63837 63449 -0.00695727
58434 65035 64401 -0.0108498
55811 62672 62832 0.00286682
56334 63194 63313 0.0021124
57606 62808 63063 0.00442662
57525 63679 63975 0.00514559
57398 63986 63747 -0.00416391
58060 63787 63399 -0.00668274
54292 62285 62259 -0.000478892
57167 63427 62407 -0.0178425
57251 63485 63056 -0.00749332
56965 63543 63129 -0.00726762
57312 64628 64423 -0.00357691
58517 65905 66067 0.00276843
56571 62737 62822 0.00150254
58046 64459 64484 0.000430693
58366 66265 66337 0.00123359
58277 65315 65315 0
57326 65331 65374 0.000750096
58152 64512 64641 0.00221832
56406 62030 61880 -0.00265929
56069 64675 64346 -0.00586777
56382 64109 63783 -0.00578199
58044 64318 63978 -0.00585763
58840 65741 65726 -0.000254929
56158 65086 65086 0
54362 62535 62584 0.000901365
55618 62143 62299 0.00280485
55908 64580 64385 -0.00348787
54918 63611 63394 -0.00395135
59350 64541 64700 0.00267902
54927 62546 62283 -0.00478817
55912 63649 63835 0.00332666
54829 62989 63124 0.0024622
55545 62908 62963 0.000990188
55250 63489 63531 0.000760181
57590 63797 63693 -0.00180587
56136 63206 63453 0.00440003
55887 61942 62566 0.0111654
59858 64067 64105 0.000634836
56850 63816 63623 -0.0033949
56691 64823 64774 -0.000864335
55934 64024 64012 -0.000214539
57993 63220 63599 0.00653527
55942 62620 62475 -0.00259197
58486 63920 63317 -0.0103102
58728 63894 63894 0
56116 62604 62604 0
55791 65854 65715 -0.00249144
59046 64514 64118 -0.00670664
59659 65946 65946 0
57283 63719 63594 -0.00218215
60155 66041 65947 -0.00156263
57664 64026 64201 0.00303482
55742 62282 62458 0.0031574
57775 64870 65122 0.00436175
56126 64112 64043 -0.00122938
56638 63116 62469 -0.0114234
58456 65897 65579 -0.00543999
60027 64274 64319 0.000749663
57856 63428 63814 0.00667174
57651 64889 64786 -0.00178661
57648 63187 63072 -0.00199487
54792 63382 63382 0
56962 63981 64108 0.00222956
57209 63957 63908 -0.000856509
59370 64928 64576 -0.00592892
55451 62958 62815 -0.00257885
59190 65404 65404 0
58222 65974 65974 0
58498 66087 66131 0.000752162
55139 64526 64526 0
54221 63769 63868 0.00182586
57662 64676 64771 0.00164753
59254 63944 64042 0.0016539
59490 63990 64083 0.00156329
57222 63700 63281 -0.00732236
57786 65112 65112 0
56975 64010 64128 0.00207108
56334 64429 64085 -0.00610644
56912 64125 64446 0.00564029
57815 65213 65271 0.0010032
57365 63255 63225 -0.000522967
57426 64545 64954 0.00712221
56636 63900 63946 0.000812204
57481 64531 64377 -0.00267915
57303 65011 64923 -0.0015357
55991 63685 63940 0.0045543
57186 65203 64809 -0.0068898
55199 63149 63209 0.00108698
55118 63417 63503 0.00156029
58543 64625 64637 0.000204978
56014 62967 62738 -0.00408826
57123 64248 64367 0.00208322
57586 63982 63675 -0.00533116
57294 64637 64706 0.00120431
56084 64171 64166 -8.9152e-05
56950 63467 63146 -0.00563652
59457 63857 64635 0.0130851
58718 64756 64872 0.00197554
56275 63091 63103 0.000213239
57140 63711 63848 0.00239762
57557 64223 64470 0.0042914
57937 65604 65537 -0.00115643
57542 64300 64311 0.000191165
57059 63663 63519 -0.0025237
56417 63577 63612 0.00062038
57370 65155 65155 0
57340 64936 64693 -0.00423788
55626 63420 63163 -0.00462014
58962 63462 63346 -0.00196737
56843 64516 64718 0.00355365
56640 64235 64088 -0.00259534
58662 64976 64928 -0.000818247
54125 62632 62775 0.00264203
54797 63537 62805 -0.0133584
58848 64677 64845 0.00285481
56904 62711 63114 0.0070821
56031 63908 64066 0.00281987
55949 63467 63747 0.00500456
58078 64452 64825 0.0064224
57683 65402 65299 -0.00178562
57769 65659 65151 -0.00879364
58824 65394 64837 -0.00946892
58640 63329 63298 -0.000528649
61609 66007 66041 0.000551867
58284 63922 63882 -0.000686295
54682 63027 62769 -0.00471819
58306 64544 64303 -0.00413337
56361 65512 65492 -0.000354855
56454 62869 62691 -0.00315301
57544 64468 64591 0.00213749
57727 64730 64270 -0.00796854
59536 64991 65122 0.00220035
57107 63084 63160 0.00133084
58041 64468 63935 -0.00918316
59185 64765 64712 -0.000895497
56042 62815 62845 0.000535313
55688 63592 63592 0
56591 63447 63433 -0.000247389
56311 64276 63865 -0.00729875
55774 61748 61347 -0.00718973
57795 66234 66234 0
59349 65619 65461 -0.00266222
60856 66224 66152 -0.00118312
56679 63262 63353 0.00160553
56281 62829 62774 -0.000977239
56995 65150 65305 0.00271954
55560 62831 62163 -0.012023
56428 62764 62715 -0.000868363
58384 64269 63718 -0.00943752
57376 64705 65082 0.00657069
58250 64642 64541 -0.00173391
58848 65601 65387 -0.00363649
58086 65524 64917 -0.01045
57312 64313 64461 0.00258236
55427 63745 63745 0
57121 63202 63357 0.00271354
56966 64962 64985 0.00040375
60411 65452 65610 0.00261542
59483 63532 63532 0
56644 63312 63471 0.00280701
59380 66058 66159 0.00170091
58155 64138 64117 -0.000361104
58762 64749 64846 0.00165073
59573 66971 66868 -0.00172897
59386 65959 65972 0.000218907
57780 64266 63970 -0.00512288
58270 64640 64673 0.000566329
59898 65575 65392 -0.00305519
57438 63580 63482 -0.00170619
58499 64200 64247 0.000803433
57285 63943 63932 -0.000192022
54336 60867 60886 0.000349676
54895 62740 62616 -0.00225886
58525 64366 64288 -0.00133276
57837 63702 64197 0.00855854
58174 65647 65796 0.00256128
57761 64692 64574 -0.0020429
59641 64497 64892 0.00662296
58240 64495 64352 -0.00245536
56184 64284 64040 -0.00434287
57657 65891 65884 -0.000121408
56644 64427 64622 0.00344255
59783 65163 65163 0
57460 63586 63786 0.00348068
59476 66118 66138 0.00033627
58193 64769 65015 0.00422731
56394 63247 62986 -0.00462815
57883 64646 64948 0.00521742
59369 66651 66663 0.000202126
56279 64183 64988 0.0143037
56708 63121 63267 0.00257459
58223 63678 63127 -0.00946361
57313 64100 64146 0.00080261
58992 65286 65356 0.0011866
56864 63706 63706 0
57348 65229 64632 -0.0104101
55722 63379 63413 0.000610172
56845 63899 63640 -0.00455625
58947 63790 63716 -0.00125536
55097 62515 62413 -0.00185128
58809 64391 64164 -0.00385995
58218 62888 63418 0.00910371
57454 64038 63836 -0.00351586
57791 64601 64396 -0.00354727
57183 63404 63123 -0.00491405
57771 64509 64153 -0.00616226
55834 62946 62972 0.000465666
58100 63465 63693 0.00392427
56341 63912 63749 -0.0028931
56233 62878 63159 0.00499707
57530 63175 63269 0.00163393
56811 63740 63497 -0.00427734
57486 63314 63224 -0.0015656
56377 62104 62757 0.0115827
56361 65247 65244 -5.32283e-05
58818 67055 67055 0
58857 64303 64521 0.00370389
56823 63199 63338 0.00244619
60245 64977 64921 -0.000929538
57776 64558 64557 -1.73082e-05
57262 64700 64700 0
59442 65596 65398 -0.00333098
56453 64686 64686 0
56578 63380 63404 0.000424193
58641 65074 65094 0.000341058
56616 66406 66406 0
57707 65642 65466 -0.00304989
55424 64188 64249 0.00110061
55411 63452 63561 0.00196712
56505 63485 63454 -0.000548624
58509 65234 65080 -0.00263207
57806 65222 65222 0
58240 64960 64596 -0.00625
56551 62638 61863 -0.0137044
57556 64099 64079 -0.000347488
56093 64434 64434 0
59409 65144 65006 -0.00232288
58495 63974 63898 -0.00129926
57934 65190 65293 0.00177789
57495 65045 65141 0.00166971
54146 61565 61378 -0.00345363
57402 65520 65328 -0.00334483
55170 62987 63000 0.000235635
58149 64134 63685 -0.00772154
56758 63175 63269 0.00165615
