65461 70978 70805 -0.00264279
63064 69876 69793 -0.00131612
64785 73031 72841 -0.00293278
62956 71744 71829 0.00135015
65833 72163 71077 -0.0164963
62169 71271 71686 0.00667535
65816 73254 73299 0.000683724
63826 72149 72134 -0.000235014
64484 71754 71522 -0.00359779
63670 70058 69639 -0.00658081
63050 72915 72714 -0.00318795
64688 72204 72201 -4.63765e-05
64067 70935 70935 0
63536 71928 71928 0
65453 71550 71888 0.00516401
66145 71894 71852 -0.000634969
64473 72983 72896 -0.0013494
63599 71961 72463 0.00789321
61278 70055 69862 -0.00314958
64862 71224 71035 -0.00291388
63629 72533 72179 -0.0055635
65170 72133 72287 0.00236305
63485 69950 70002 0.000819091
66312 72184 72143 -0.000618289
64646 70732 70535 -0.00304737
65086 72970 72771 -0.00305749
65431 72836 72473 -0.00554783
65848 72987 72715 -0.00413073
66167 72540 72488 -0.00078589
64853 71778 71919 0.00217415
66839 73196 73147 -0.000733105
61910 70742 70682 -0.000969149
65203 71828 72118 0.00444765
63324 70846 70803 -0.000679047
62712 70756 71238 0.00768593
64580 72020 71963 -0.000882626
65465 72440 72442 3.05507e-05
67173 72642 72825 0.00272431
63051 71796 71242 -0.00878654
63588 71957 71957 0
68706 74990 74777 -0.00310017
65367 70790 70635 -0.00237123
65289 72738 72696 -0.000643294
64994 72495 72472 -0.000353879
62001 70680 70370 -0.00499992
67728 75022 75022 0
66116 71227 71679 0.00683647
67322 72825 72866 0.000609013
66070 72834 72933 0.00149841
64405 70700 70015 -0.0106358
66098 71504 71485 -0.000287452
64263 71478 71333 -0.00225635
63096 69861 69993 0.00209205
63850 71639 71639 0
64519 72134 72304 0.00263488
64843 71091 70927 -0.00252919
64083 72180 72385 0.00319898
66514 73680 73510 -0.00255585
65347 71148 70946 -0.00309119
63916 71157 71272 0.00179924
64417 71098 70641 -0.0070944
65480 71066 70853 -0.0032529
65113 71158 71452 0.00451523
66058 72801 72187 -0.00929486
61755 70898 70465 -0.00701158
64418 71853 71854 1.55236e-05
65477 72323 72257 -0.00100799
64247 71767 72143 0.00585241
64580 69532 70063 0.00822236
64375 72379 72399 0.00031068
64248 71823 71750 -0.00113622
62589 71262 71218 -0.000702999
66531 71445 71685 0.00360734
63876 72389 72389 0
62309 71271 71145 -0.00202218
62137 71230 71359 0.00207606
62820 71163 70560 -0.00959885
64910 72785 72649 -0.00209521
63590 73458 74251 0.0124705
64788 72718 72848 0.00200654
62739 70066 70030 -0.000573806
65121 71359 71538 0.00274873
63304 70244 70101 -0.00225894
63521 69677 69574 -0.00162151
61992 73008 72814 -0.00312944
65329 72455 72497 0.0006429
63511 70250 70077 -0.00272394
64481 74389 74528 0.00215567
66592 72139 72001 -0.00207232
65070 73897 73568 -0.00505609
65257 73459 73673 0.00327934
61279 71118 71032 -0.00140342
62819 74090 74039 -0.000811856
63644 72213 71473 -0.0116272
64753 72332 72312 -0.000308866
65510 71736 71736 0
64199 71012 71001 -0.000171342
66011 71811 71770 -0.000621109
64442 72139 71989 -0.00232767
64684 70453 70377 -0.00117494
64549 71686 71319 -0.0056856
65318 72464 72558 0.00143911
66394 73230 73151 -0.00118987
66187 71612 71567 -0.000679892
65316 71882 71044 -0.0128299
63798 72711 74365 0.0259256
64709 72245 72216 -0.00044816
64641 72543 72448 -0.00146966
65646 71607 71563 -0.000670262
64188 71875 71875 0
66510 71597 71962 0.0054879
65465 69812 69448 -0.00556022
66307 73405 73030 -0.00565551
64484 70396 71016 0.00961479
62688 71235 71235 0
64236 71186 71021 -0.00256865
63755 71394 70573 -0.0128774
65051 72723 72041 -0.0104841
64855 72683 72683 0
65056 70074 70650 0.00885391
63840 71249 71211 -0.000595238
63668 72035 71265 -0.012094
64399 72214 72237 0.000357148
62398 70351 70142 -0.00334947
64330 72867 72507 -0.00559614
64572 70984 70792 -0.00297343
63746 71366 71373 0.000109811
66409 72481 72453 -0.00042163
67093 72382 72459 0.00114766
65150 72962 73015 0.000813507
63692 72967 72968 1.57006e-05
63473 71616 70863 -0.0118633
64297 71102 70662 -0.00684324
65900 72160 72311 0.00229135
65459 72471 72626 0.00236789
61644 71497 71605 0.001752
66321 73715 73581 -0.00202048
67118 72715 72766 0.000759856
61985 71717 71337 -0.00613052
63438 72575 72610 0.00055172
66201 71469 71208 -0.00394254
65030 69595 69272 -0.00496694
62774 69398 69332 -0.00105139
63741 71087 70928 -0.00249447
64701 71040 71249 0.00323024
64100 72426 72329 -0.00151326
65580 72556 72798 0.00369015
60900 69410 69327 -0.00136289
65953 73386 72916 -0.00712629
62605 69595 69374 -0.00353007
63895 71296 71681 0.00602551
63203 70974 70895 -0.00124994
66233 70783 70919 0.00205336
62246 70186 70053 -0.00213668
64756 70594 70604 0.000154426
63596 71333 70753 -0.00912007
62375 70689 69899 -0.0126653
64114 70787 71326 0.0084069
66010 72475 72461 -0.000212089
62224 70553 70909 0.00572127
64158 71201 71918 0.0111755
66746 73362 73521 0.00238217
65358 71064 70978 -0.00131583
65214 72577 72491 -0.00131874
62465 72199 72199 0
64016 72680 72120 -0.00874781
66319 72178 72130 -0.000723774
63946 73456 73631 0.00273668
65868 73579 73412 -0.00253537
64751 71509 71452 -0.000880295
62519 71600 71344 -0.00409476
64007 73721 73723 3.12466e-05
65195 71584 71584 0
63783 69922 69818 -0.00163053
67390 72185 72423 0.00353168
63239 71951 71951 0
65207 72142 72088 -0.000828132
63054 71361 71160 -0.00318774
64553 70614 71145 0.0082258
66029 71450 70735 -0.0108286
63999 72465 72454 -0.000171878
65968 72551 72617 0.00100049
66824 72638 72626 -0.000179576
62689 71679 71634 -0.000717829
67025 73184 72938 -0.00367027
66145 73594 73889 0.0044599
64184 71911 71911 0
62632 69396 69351 -0.000718483
63736 71502 71502 0
65092 74274 74004 -0.00414798
63926 71596 71845 0.00389513
63993 71325 71307 -0.000281281
65161 71488 70630 -0.0131674
66264 74209 74199 -0.000150912
64291 73280 73280 0
64827 71381 71619 0.00367131
63648 71706 71728 0.000345651
61763 69446 69143 -0.00490585
63309 70467 70144 -0.00510196
61165 70960 70940 -0.000326984
65541 73243 72878 -0.00556903
64127 72692 72189 -0.00784381
64049 71602 71401 -0.00313822
63098 72472 72402 -0.00110939
65802 72133 71799 -0.00507583
64563 70847 70576 -0.00419745
64022 72390 72490 0.00156196
63709 71661 71600 -0.000957479
64680 69875 69692 -0.00282931
64546 70664 70942 0.00430701
62098 68642 68048 -0.00956553
67584 74116 73964 -0.00224905
66588 71721 71642 -0.0011864
64634 73754 73795 0.000634341
65156 71854 71882 0.000429738
61614 70115 70363 0.00402506
65374 71687 71875 0.00287576
62849 71948 71844 -0.00165476
66088 72585 72585 0
64750 73904 73403 -0.00773745
64704 72230 72055 -0.00270462
64612 70715 71045 0.00510741
65871 75249 75249 0
61144 68596 68275 -0.0052499
62656 73026 73094 0.00108529
63692 72577 72414 -0.00255919
63410 70453 70120 -0.00525154
63966 71000 71171 0.0026733
65412 71886 71886 0
64872 72426 72426 0
63620 72742 72496 -0.00386671
64920 72786 72912 0.00194085
65665 73726 73692 -0.00051778
63391 70113 70310 0.0031077
64368 71181 71131 -0.000776783
62280 70413 70178 -0.00377328
64181 71819 71756 -0.000981599
65800 71199 71380 0.00275076
64586 72635 72866 0.00357663
66206 72881 72583 -0.0045011
63702 70685 70685 0
64617 72930 72767 -0.00252256
63928 70101 70096 -7.8213e-05
64769 71354 71385 0.000478624
66470 73859 73859 0
64459 73331 73085 -0.00381638
64414 71557 71641 0.00130406
63509 69904 70193 0.00455054
64376 71816 71901 0.00132037
65033 71593 71399 -0.0029831
61930 71089 71089 0
65682 72049 72071 0.000334947
63543 70994 71142 0.00232913
61909 69853 69683 -0.00274597
64610 70176 70081 -0.00147036
64473 72163 72072 -0.00141144
63634 73520 73162 -0.00562592
64851 72488 71876 -0.00943702
64364 71495 71625 0.00201976
63667 71465 71578 0.00177486
63989 72018 72267 0.00389129
62570 73210 72962 -0.00396356
65069 71564 71604 0.000614732
63160 71159 71001 -0.00250158
65247 73030 73058 0.000429139
64189 71362 71284 -0.00121516
63722 70561 71353 0.012429
62724 70881 70881 0
62368 70977 71196 0.00351142
62027 69715 69755 0.00064488
64898 72089 72677 0.00906037
63024 70224 70017 -0.00328446
62566 70941 71046 0.00167823
65666 71701 71896 0.00296957
65286 73249 73258 0.000137855
66717 72005 72207 0.00302771
63944 72405 72430 0.000390967
63386 69665 69744 0.00124633
63835 72522 72522 0
64376 71132 71034 -0.00152231
65856 71690 72328 0.0096878
62937 69999 70065 0.00104867
65541 71183 71291 0.00164782
62901 70762 70807 0.00071541
60276 70790 70498 -0.00484438
65840 72255 72347 0.00139733
64128 69771 69674 -0.0015126
64746 73189 73284 0.00146727
66788 71757 71951 0.00290471
65842 71267 71152 -0.00174661
65503 72558 72647 0.00135872
65620 71654 71495 -0.00242304
64362 70113 70043 -0.0010876
64084 71647 71554 -0.00145122
63688 72782 72589 -0.0030304
63851 71951 71898 -0.000830057
66029 73889 73606 -0.004286
63905 71135 71320 0.00289492
66552 73812 73817 7.51292e-05
67413 73954 73769 -0.00274428
62917 69963 70092 0.00205032
64064 72972 73081 0.00170142
63853 71873 71250 -0.00975679
64276 73194 73314 0.00186695
64423 69477 69442 -0.000543284
63298 72341 72161 -0.00284369
65818 71336 71098 -0.00361603
64942 71928 72103 0.00269471
62449 70254 69772 -0.0077183
65514 69069 68996 -0.00111427
63792 72553 72519 -0.000532982
64197 71538 71606 0.00105924
63139 70926 71172 0.00389617
65465 72544 72429 -0.00175666
63487 70742 70869 0.00200041
63030 71478 71305 -0.00274472
64501 71700 71938 0.00368987
62024 70273 70457 0.00296659
61980 71748 71830 0.00132301
63969 69342 69466 0.00193844
61999 69403 69403 0
61098 70001 70139 0.00225867
65671 72891 73020 0.00196434
65224 71921 72036 0.00176315
64864 73094 73080 -0.000215836
63575 70702 70886 0.00289422
63804 71086 70828 -0.00404363
64640 71169 70875 -0.00454827
64156 69714 69673 -0.000639067
62720 71146 71292 0.00232781
64578 71500 71453 -0.000727802
65367 71164 71164 0
62623 72191 72191 0
64047 72597 72613 0.000249817
64917 70280 70260 -0.000308086
65901 71252 71227 -0.000379357
64130 70559 70234 -0.00506783
66738 73441 73873 0.00647307
63657 71483 71409 -0.00116248
65759 73271 73271 0
63539 71869 71726 -0.00225059
65655 71587 71623 0.000548321
64411 72220 72211 -0.000139728
63441 70878 70926 0.000756609
64262 71927 71928 1.55613e-05
65594 72753 72976 0.0033997
64915 73275 72444 -0.0128014
65635 71403 71392 -0.000167594
63710 70298 70276 -0.000345315
64601 71992 72201 0.00323524
62829 72106 72578 0.00751245
64675 71667 70883 -0.0121221
62733 70532 70604 0.00114772
61628 70601 70674 0.00118453
63791 71422 71402 -0.000313524
67105 73480 73523 0.000640787
62963 71564 71027 -0.00852882
66943 72510 72988 0.0071404
62336 69349 69263 -0.00137962
64618 71614 72100 0.00752112
64803 71626 70696 -0.0143512
64291 71893 71437 -0.00709275
63898 72746 72734 -0.000187799
66234 72242 72242 0
65091 72635 72743 0.00165922
64159 72701 72810 0.0016989
64349 71143 71226 0.00128984
64543 72417 72269 -0.00229304
65371 71508 71472 -0.000550703
67523 72094 72630 0.00793804
64980 73283 73156 -0.00195445
64327 70859 70990 0.00203647
64984 72035 72035 0
65327 73842 73747 -0.00145422
66348 73804 74177 0.00562187
64365 72411 72201 -0.00326264
67908 72497 72565 0.00100135
66275 71799 71354 -0.00671445
66243 72117 71507 -0.00920852
66657 72640 72655 0.000225033
63197 71102 71331 0.00362359
63137 71128 71195 0.00106118
64805 71621 71329 -0.00450583
63657 72490 72825 0.00526258
64362 70490 70750 0.00403965
60957 71498 71498 0
64018 71958 72318 0.00562342
62324 72172 72282 0.00176497
65236 71140 71159 0.00029125
67745 74553 74073 -0.00708539
64257 71331 71276 -0.000855938
64525 72844 73088 0.00378148
65288 71935 71874 -0.000934322
67112 73948 74136 0.00280129
66303 73037 72858 -0.00269973
63334 71182 71063 -0.00187893
65008 71333 71165 -0.0025843
62368 71021 70773 -0.0039764
63608 71660 71865 0.00322287
62907 71835 71894 0.000937892
62286 70991 70629 -0.0058119
63807 70906 71130 0.00351059
65097 69690 70676 0.0151466
64718 71543 71495 -0.000741679
66320 71098 70976 -0.00183957
63649 69908 69869 -0.000612735
64511 71070 71296 0.00350328
66245 71989 72566 0.00871009
65716 73465 73116 -0.00531073
64798 70746 70873 0.00195994
63384 71357 71358 1.57769e-05
62117 69563 69478 -0.00136839
63982 70670 70866 0.00306336
63237 71982 72147 0.00260923
64135 71051 71244 0.00300928
64080 71813 72027 0.00333958
66432 73054 72568 -0.00731575
63698 70864 70979 0.00180539
62981 71934 71703 -0.00366777
63314 69139 69143 6.31772e-05
62364 72130 72181 0.000817779
64194 73621 73397 -0.00348942
64670 73256 73201 -0.000850472
63078 70719 70388 -0.00524747
66185 72359 72694 0.00506157
66081 71876 72238 0.00547813
62404 72734 72638 -0.00153836
64292 71542 72074 0.00827475
64260 71683 71477 -0.00320573
64271 72736 72736 0
65931 71097 71568 0.00714383
64476 72847 72748 -0.00153546
66225 72372 71776 -0.00899962
64532 71208 70677 -0.00822848
61944 69850 70094 0.00393904
64097 72411 72420 0.000140412
62528 70163 69866 -0.00474987
64232 72037 72408 0.00577594
65761 70719 70354 -0.0055504
65236 73287 73277 -0.00015329
62169 71110 70852 -0.00414998
63542 70524 70647 0.00193573
64270 71279 71926 0.0100669
63867 71259 71517 0.00403964
62979 71342 71457 0.00182601
65841 72212 72320 0.00164032
64738 71997 71997 0
64361 70690 71096 0.00630817
61692 70239 70395 0.00252869
63124 72867 72141 -0.0115012
66992 73965 73960 -7.46358e-05
64839 71461 71395 -0.00101791
63419 71907 71682 -0.00354783
63439 72705 72684 -0.000331027
65761 73150 73155 7.60329e-05
67300 72626 73050 0.00630015
66370 72572 72553 -0.000286274
65675 70811 71218 0.00619718
64462 71527 71251 -0.00428159
68477 72815 72759 -0.000817793
63942 71702 71412 -0.00453536
65737 72434 72597 0.00247958
62278 72644 72485 -0.00255307
64419 72055 71934 -0.00187833
65524 73291 73109 -0.00277761
65760 72721 73517 0.0121046
67668 73905 74057 0.00224626
63282 71801 71801 0
64200 72065 72071 9.34579e-05
64352 71412 71440 0.000435107
67669 72878 72877 -1.47778e-05
64391 71540 71546 9.31807e-05
63464 70249 69689 -0.0088239
63315 72779 72564 -0.00339572
62768 70244 70374 0.00207112
63556 70942 71563 0.00977091
64057 72167 71787 -0.00593222
64840 71228 71456 0.00351635
64731 72223 72211 -0.000185383
64090 71566 71417 -0.00232486
66614 73260 73260 0
64177 70815 70227 -0.00916216
66738 72500 72554 0.000809134
62478 70548 70344 -0.00326515
66102 72703 72427 -0.00417537
64287 73232 73413 0.0028155
64265 70954 70536 -0.00650432
65726 73168 73168 0
63922 71573 70849 -0.0113263
62946 71833 71851 0.000285959
64907 71852 71983 0.00201827
64777 71440 70806 -0.00978742
64467 70813 71110 0.00460701
65040 73690 73418 -0.00418204
62950 70799 70772 -0.000428912
62629 70287 70170 -0.00186814
65783 71979 72129 0.00228022
66589 71597 71639 0.000630735
65012 71490 71603 0.00173814
65072 72281 72409 0.00196705
64420 71320 71524 0.00316672
64317 72124 72124 0
64460 73076 72705 -0.00575551
64448 69380 69365 -0.000232746
64457 70650 70699 0.000760197
62921 70673 70497 -0.00279716
63815 74565 73873 -0.0108438
62577 71391 71499 0.00172587
63564 73357 73357 0
66087 72247 72503 0.00387368
63156 69759 69584 -0.00277092
64753 71062 71109 0.000725835
65943 72999 72678 -0.00486784
64379 71536 71262 -0.00425605
63382 71528 71704 0.00277681
66297 72595 72352 -0.00366532
66061 71903 71779 -0.00187705
67083 72817 72481 -0.00500872
65148 71876 71571 -0.00468165
64835 73166 72679 -0.00751138
63212 70356 70452 0.0015187
64361 71323 71368 0.000699181
64601 72119 72109 -0.000154796
65500 71244 71436 0.0029313
64032 69307 69531 0.00349825
64873 69876 69836 -0.000616589
63413 71866 71866 0
67071 72114 72266 0.00226626
62540 70548 70041 -0.00810681
63738 72998 73089 0.00142772
65159 70963 71591 0.00963796
65026 72503 72767 0.00405991
65623 72822 72949 0.0019353
64344 70295 70287 -0.000124332
61955 70293 70479 0.00300218
61060 72017 72028 0.000180151
66240 72779 72717 -0.00093599
63289 71142 71142 0
61808 70144 70552 0.00660109
64457 72130 72070 -0.000930853
67580 73801 73855 0.000799053
62395 69634 69744 0.00176296
63740 70479 70205 -0.00429871
63932 70987 70819 -0.00262779
62934 71135 71143 0.000127117
65450 70898 70478 -0.00641711
67517 72432 72395 -0.00054801
64443 71809 71787 -0.000341387
65638 72619 72544 -0.00114263
64358 72912 72835 -0.00119643
63404 71460 71928 0.00738124
64257 72445 72124 -0.00499556
63697 71485 71730 0.00384633
64101 72140 72286 0.00227766
64700 70928 71127 0.00307573
63297 70399 70168 -0.00364946
64890 73407 73813 0.00625674
63947 71385 71460 0.00117285
62031 69991 69681 -0.0049975
64725 72003 71760 -0.00375435
63692 70512 70471 -0.000643723
63194 72199 72280 0.00128177
65503 73265 73610 0.00526693
64298 71622 71854 0.0036082
66624 73754 73974 0.00330211
62824 70079 69633 -0.0070992
63106 71583 71260 -0.00511837
65822 72114 72213 0.00150406
65249 71997 72041 0.00067434
61933 71243 71374 0.00211519
64841 71098 71824 0.0111966
65358 73190 73166 -0.000367208
65012 71740 71517 -0.00343014
64569 73422 73596 0.00269479
62862 71011 71207 0.00311794
65919 73930 74063 0.00201763
65616 72286 72369 0.00126494
61096 70878 70878 0
64342 71267 71210 -0.000885891
63130 71790 71448 -0.00541739
62516 71011 71026 0.000239939
65245 70495 70414 -0.00124147
66925 73769 73984 0.00321255
62514 70213 70152 -0.000975781
66342 73196 73293 0.00146212
63747 71651 71324 -0.00512965
62287 70722 71154 0.00693564
63231 70156 70156 0
66944 72679 72679 0
62785 71692 71806 0.00181572
67944 73965 74123 0.00232544
63526 70626 70672 0.000724113
62980 69543 69479 -0.0010162
63015 70364 70361 -4.76077e-05
67207 75295 75412 0.00174089
62718 70121 69689 -0.00688797
65031 71460 70886 -0.00882656
67412 72882 73299 0.00618584
65708 70360 70054 -0.00465697
66417 73006 72731 -0.00414051
61090 68489 68227 -0.00428875
63289 71131 70830 -0.00475596
64885 71183 71016 -0.00257378
65531 71479 71021 -0.00698906
63269 72633 72633 0
65080 71551 71329 -0.00341119
63731 72376 72619 0.0038129
65100 71969 71557 -0.00632873
64934 70702 70761 0.000908615
64409 73049 73049 0
63424 72166 71552 -0.00968088
64171 71588 71318 -0.00420751
64762 71952 71943 -0.00013897
65572 71916 71240 -0.0103093
62595 71072 71044 -0.00044732
64374 72346 72490 0.00223693
62498 71311 71497 0.0029761
62388 71156 71113 -0.000689235
63286 71185 71185 0
66936 72061 72387 0.00487032
65592 72169 71748 -0.00641847
65205 71182 71197 0.000230044
65823 72236 71949 -0.00436018
61798 71172 70677 -0.00800997
63752 70052 69987 -0.00101958
64240 70395 70368 -0.000420299
63127 71274 70750 -0.00830073
63997 71664 71589 -0.00117193
64375 71911 71724 -0.00290485
65542 73171 73182 0.000167831
63887 71892 72390 0.00779501
64219 72094 72330 0.00367492
64616 72359 72108 -0.00388449
66643 72317 72042 -0.00412646
64936 73998 73994 -6.15991e-05
63627 72339 72311 -0.000440065
64224 71103 70999 -0.00161933
64522 71973 72402 0.00664889
62535 72724 72418 -0.00489326
64820 72365 72459 0.00145017
62833 71740 71578 -0.00257826
65374 70917 71117 0.00305932
62696 70955 70832 -0.00196185
65542 71746 72071 0.00495865
65283 72014 72405 0.00598931
66537 71277 71337 0.000901754
62744 71502 70574 -0.0147903
65568 73971 73753 -0.00332479
66582 74344 74344 0
65248 72123 72163 0.000613046
64185 71810 71876 0.00102828
63892 69960 69827 -0.00208164
66014 71675 71718 0.000651377
66140 71103 70574 -0.00799819
67321 74782 74782 0
63643 71572 71572 0
66031 73310 73496 0.00281686
65139 73263 72856 -0.00624818
65143 73028 72985 -0.000660086
62010 70817 70222 -0.00959523
64139 70866 70837 -0.000452143
65118 72791 72747 -0.000675696
66759 71677 71723 0.000689046
64561 72454 72515 0.000944843
65399 72284 72213 -0.00108564
64750 70914 71082 0.00259459
65200 71316 71126 -0.00291411
65058 70096 70139 0.000660949
63981 70057 69661 -0.00618934
65037 71606 71606 0
64116 72600 71951 -0.0101223
66341 71680 71937 0.00387392
65306 72665 71755 -0.0139344
63942 72882 73019 0.00214257
67196 73346 73245 -0.00150307
63863 72727 72783 0.000876877
65695 71782 71663 -0.0018114
62098 70486 70486 0
64434 71216 71352 0.00211069
62735 72227 72587 0.00573842
64863 72032 71901 -0.00201964
65458 72002 71931 -0.00108466
62912 69607 69219 -0.00616734
65542 71986 71947 -0.000595038
65252 72337 72393 0.000858211
67257 72811 73008 0.00292906
62655 72257 72273 0.000255367
63284 71553 71446 -0.00169079
67045 72116 72126 0.000149154
64831 74343 74165 -0.0027456
63064 71563 71452 -0.00176012
62751 72529 72128 -0.00639034
66426 73435 73341 -0.00141511
66415 71172 71197 0.000376421
66628 73090 73235 0.00217626
67453 74281 74602 0.00475887
64547 74257 74082 -0.0027112
64926 71562 71464 -0.00150941
63516 70908 70558 -0.00551042
62615 69894 69210 -0.0109239
64490 72013 71785 -0.00353543
63317 71310 71345 0.000552774
65317 70162 70346 0.00281703
64624 72559 72279 -0.00433276
65028 71987 71987 0
64431 71135 70648 -0.00755847
66161 72226 72135 -0.00137543
62773 68973 69368 0.00629251
65710 72133 72036 -0.00147618
62110 71735 71441 -0.00473354
64091 70894 71101 0.00322978
64828 73328 72730 -0.00922441
64881 71461 71135 -0.00502458
63187 71394 71421 0.000427303
64547 73110 73209 0.00153377
64792 70946 71048 0.00157427
65245 73550 73550 0
66270 73681 73626 -0.000829938
63615 72389 71923 -0.00732532
63223 71941 72249 0.00487164
64527 72820 72816 -6.19896e-05
64992 70824 71198 0.00575455
65633 72927 73240 0.00476894
67221 73509 73383 -0.00187441
63362 69947 70033 0.00135728
63702 71030 71067 0.000580829
67320 74468 74391 -0.00114379
66035 72286 72384 0.00148406
62972 71537 71620 0.00131805
61913 71835 71880 0.000726826
64604 71912 71733 -0.00277073
66089 72538 72538 0
65484 72996 72889 -0.00163399
65913 70856 70803 -0.00080409
64778 70814 70806 -0.000123499
61727 70980 71226 0.00398529
64136 71124 70881 -0.00378882
65818 71934 72288 0.00537847
63367 70153 69833 -0.00504995
64357 71092 70954 -0.00214429
61524 70587 70348 -0.00388466
63141 71790 71679 -0.00175797
64014 71441 72412 0.0151686
62258 70770 70433 -0.00541296
64866 71593 71435 -0.00243579
66108 71261 71293 0.000484056
64285 69165 69366 0.0031267
66241 73755 73931 0.00265696
63332 69025 68740 -0.00450009
65144 73866 73866 0
64681 72012 72030 0.000278289
63862 74058 74058 0
64380 72003 72007 6.21311e-05
62686 71104 71048 -0.000893341
65550 72116 71773 -0.00523265
62648 69883 69883 0
63173 71193 70957 -0.00373577
64852 71493 71276 -0.00334608
64699 71905 71792 -0.00174655
64984 71579 71116 -0.00712483
64559 70964 70933 -0.000480181
61630 70018 70125 0.00173617
64515 70492 70248 -0.00378207
64401 70416 71004 0.00913029
63730 71095 71110 0.000235368
64088 72069 72069 0
65461 73708 73654 -0.000824919
63295 70376 69677 -0.0110435
65376 71822 71905 0.00126958
66365 73354 73691 0.00507798
66210 73180 73295 0.0017369
64341 72240 72417 0.00275097
65377 71561 71857 0.00452759
63311 70055 70377 0.005086
63174 71992 71581 -0.00650584
63121 71184 71596 0.00652715
64112 71200 70823 -0.00588033
65881 73336 73215 -0.00183664
63585 72001 72068 0.00105371
61381 69677 69051 -0.0101986
62438 69475 69157 -0.00509305
62927 72053 71694 -0.00570502
62472 71523 71417 -0.00169676
66298 72154 71864 -0.00437419
62103 70360 69733 -0.0100961
63678 72055 71823 -0.00364333
62081 70358 70207 -0.00243231
63126 70463 70583 0.00190096
63516 71640 71555 -0.00133825
65831 71716 70986 -0.011089
63066 70421 70390 -0.000491549
63265 70249 70282 0.000521615
66567 72001 71961 -0.000600898
63599 71983 71677 -0.0048114
63764 73199 72637 -0.00881375
62769 71788 71856 0.00108334
64816 70579 70032 -0.00843927
63439 70844 70851 0.000110342
64915 70780 70623 -0.00241855
65734 72060 72162 0.00155171
64078 71363 71363 0
63302 73626 73702 0.00120059
65869 71763 71683 -0.00121453
66450 73433 73828 0.00594432
64381 70987 70682 -0.00473742
66843 73890 74018 0.00191493
64442 71605 71605 0
63603 70827 70908 0.00127352
64465 72078 72099 0.000325758
63315 71619 71559 -0.000947643
63131 70981 70486 -0.00784084
64753 73741 73202 -0.00832394
67339 72232 72120 -0.00166323
64249 70892 71037 0.00225684
65871 73195 73126 -0.0010475
65664 71411 71660 0.00379203
62272 70785 70438 -0.00557233
64096 71927 71825 -0.00159136
63787 71113 71053 -0.000940631
66950 73080 72844 -0.00352502
62935 70346 70345 -1.58894e-05
65853 72129 71411 -0.0109031
65295 72550 72363 -0.00286393
65835 73908 73726 -0.00276449
62184 71802 71642 -0.00257301
61213 70708 70708 0
64707 71748 71652 -0.00148361
66687 71529 72166 0.00955209
66236 71631 71686 0.000830364
64690 71566 71223 -0.00530221
64203 71241 71331 0.0014018
63484 72005 71498 -0.00798626
63279 72648 72815 0.00263911
64399 72279 72322 0.000667712
64428 72951 73288 0.00523065
65311 71283 71179 -0.00159238
64242 72827 72608 -0.00340898
63817 70908 71218 0.00485764
64877 73033 73033 0
64712 72700 72716 0.000247249
63293 70849 70976 0.00200654
64202 72835 72392 -0.0069001
62905 71389 71635 0.00391066
61833 71316 71236 -0.00129381
66580 72896 72743 -0.00229799
63454 69853 70332 0.00754878
63890 71572 71199 -0.00583816
65360 72593 72126 -0.00714504
65032 72744 72289 -0.00699656
63354 71405 71316 -0.0014048
63780 70776 70470 -0.00479774
66027 72390 72003 -0.00586124
65588 72361 72361 0
63858 70532 70597 0.00101788
63523 70704 70717 0.00020465
64779 72252 72107 -0.00223838
64774 73188 72988 -0.00308766
64710 72941 72139 -0.0123938
65010 71517 71589 0.00110752
64006 70944 71239 0.00460894
63883 72080 72057 -0.000360033
64911 72781 72781 0
62666 71476 71093 -0.00611177
66112 71125 71083 -0.000635286
63165 71758 71784 0.00041162
63646 71861 71386 -0.00746316
67027 72458 73232 0.0115476
61639 70342 70346 6.4894e-05
61879 70665 70492 -0.00279578
65762 72672 73044 0.00565676
63560 70277 70423 0.00229704
64183 72134 72416 0.00439369
62245 70584 70577 -0.000112459
64911 72289 72887 0.00921261
64439 72573 72573 0
64362 72616 72486 -0.00201983
66019 72424 72382 -0.00063618
65541 70737 70850 0.00172411
68177 72638 72921 0.00415096
65535 71264 71259 -7.62951e-05
62162 71229 70599 -0.0101348
65501 71665 71386 -0.00425948
63225 72930 72431 -0.00789245
63129 70526 69996 -0.00839551
65740 72340 72500 0.00243383
63955 71529 71763 0.00365882
67176 73154 73154 0
64026 70778 70886 0.00168681
66155 73157 72220 -0.0141637
67495 73857 73755 -0.00151122
62606 69983 69680 -0.00483979
63496 71473 71316 -0.0024726
63992 71349 71237 -0.00175022
62822 70957 71608 0.0103626
62808 69647 69164 -0.0076901
64243 73760 73204 -0.00865464
66280 73341 73217 -0.00187085
67609 73632 73686 0.00079871
63813 70706 70143 -0.00882265
64643 71208 70959 -0.00385193
64275 72485 72478 -0.000108907
62883 70108 69619 -0.00777635
63878 70201 70049 -0.00237954
65849 72067 72183 0.00176161
64661 72192 72161 -0.000479423
65996 72266 72423 0.00237893
65656 72830 72944 0.00173632
64786 72532 71572 -0.014818
64234 72094 72094 0
61716 71718 71674 -0.000712943
63733 69777 70277 0.00784523
64715 72646 72678 0.000494476
68013 72334 72812 0.00702807
66638 71458 71199 -0.00388667
64654 71322 71411 0.00137656
66311 73369 73400 0.000467494
65181 72123 72239 0.00177966
65597 72091 72104 0.00019818
67277 75030 75030 0
66472 73628 73722 0.00141413
63857 72111 71670 -0.00690606
65189 72436 72515 0.00121186
67462 73251 73158 -0.00137855
65424 71756 71548 -0.00317926
66606 72492 72492 0
64381 71070 71056 -0.000217455
61237 67996 67718 -0.00453974
61620 70531 70451 -0.00129828
65672 71518 71482 -0.000548179
64895 71428 71948 0.00801294
65255 72807 72830 0.000352463
64092 72685 72339 -0.00539849
66815 72169 72654 0.00725885
65237 71868 71852 -0.00024526
63755 71795 71279 -0.00809348
64655 73344 73344 0
63951 71987 72206 0.0034245
67430 73470 73282 -0.00278808
64467 71716 71619 -0.00150465
67296 74249 74249 0
65662 72718 72579 -0.0021169
63459 70289 70451 0.00255283
64836 72479 72591 0.00172744
66903 73886 74227 0.00509693
63739 72688 72880 0.00301228
64212 71417 71307 -0.00171308
65033 71299 71291 -0.000123014
65032 71636 72218 0.00894944
65665 71471 71740 0.00409655
64228 70755 70506 -0.00387681
63260 72736 72736 0
63006 71445 71280 -0.0026188
64012 71919 71776 -0.00223396
66878 71934 72129 0.00291576
61711 71200 70740 -0.0074541
65599 71930 72045 0.00175308
65036 70552 70706 0.00236792
63901 70626 70593 -0.000516424
64869 72389 72396 0.00010791
63552 71023 71062 0.000613671
65793 73219 72930 -0.00439256
63021 70626 70984 0.00568065
65472 71537 71310 -0.00346713
63029 71472 71333 -0.00220533
62991 70482 70533 0.000809639
64875 70617 70525 -0.00141811
63675 71051 70673 -0.0059364
66040 71775 71857 0.00124167
63157 70084 70079 -7.91678e-05
63056 72156 71579 -0.0091506
65603 73838 73852 0.000213405
66258 72060 72016 -0.000664071
63833 70429 70270 -0.00249087
67235 72225 72225 0
64967 72681 72361 -0.00492558
64545 72566 72586 0.000309861
67107 73803 73434 -0.00549868
63256 71748 71712 -0.000569116
64397 71941 71667 -0.00425486
66094 73306 73306 0
64203 73590 73944 0.00551376
65279 73674 73396 -0.00425864
62601 71217 70746 -0.00752384
62441 71458 71089 -0.00590958
63342 71664 71664 0
65939 72392 72187 -0.00310893
65642 72470 73125 0.00997837
65531 72233 72120 -0.00172437
64096 70284 69608 -0.0105467
64076 71283 71517 0.00365191
63110 72017 72017 0
66087 72775 72399 -0.00568947
65430 71115 71399 0.00434052
64912 72955 72955 0
63710 72760 72394 -0.00574478
61673 69365 69451 0.00139445
63150 71976 71847 -0.00204276
63204 71773 71507 -0.00420859
66538 72214 72266 0.000781508
63293 69977 70276 0.00472406
