18213 20714 20708 -0.000329435
18134 20489 20562 0.00402559
18570 21154 21110 -0.00236941
17921 21139 21139 0
18465 20784 20739 -0.00243704
17818 20893 20847 -0.00258166
18150 21358 21333 -0.00137741
18289 21309 21336 0.0014763
17783 20750 20649 -0.00567958
17842 20224 20264 0.0022419
17655 20504 20654 0.00849618
18358 20911 20896 -0.000817082
17710 20336 20248 -0.00496894
18219 21452 21328 -0.00680608
18413 21152 21141 -0.000597404
17992 20485 20396 -0.00494664
17992 20888 20844 -0.00244553
17688 20792 20829 0.00209181
17761 20546 20606 0.00337819
18450 20779 20822 0.00233062
18186 21344 21315 -0.00159463
18391 20680 20604 -0.00413246
17707 20262 20468 0.0116338
18041 20408 20404 -0.000221717
18827 20518 20552 0.00180592
17645 21136 21136 0
18540 20743 20861 0.00636462
18881 21333 21333 0
18068 20442 20453 0.000608811
18029 20911 20696 -0.0119252
18065 21131 21161 0.00166067
17691 20688 20700 0.000678311
18005 20903 21027 0.00688698
18069 20353 20351 -0.000110687
17720 20398 20361 -0.00208804
18306 20661 20706 0.00245821
18149 20697 20689 -0.000440796
18897 21366 21312 -0.0028576
17332 21424 21424 0
18251 21082 20680 -0.0220262
18888 21088 21247 0.00841804
18556 20884 20773 -0.00598189
18724 20964 20849 -0.00614185
18444 20902 20886 -0.000867491
17660 20435 20526 0.00515289
19675 21689 21628 -0.00310038
19011 21027 20951 -0.00399769
18491 20882 20903 0.00113569
18026 20454 20496 0.00232997
18086 20781 20781 0
18509 20107 20123 0.000864444
17567 20748 20781 0.00187852
17447 20532 20384 -0.00848283
18490 21128 21102 -0.00140617
18583 21225 21225 0
18535 21023 21023 0
18096 20922 20922 0
18514 21122 21116 -0.000324079
18450 20656 20802 0.00791328
17543 20243 20213 -0.00171008
18440 20784 20781 -0.00016269
17862 20792 20880 0.00492666
18732 21526 21650 0.00661969
18721 22070 22127 0.00304471
16904 19999 19905 -0.00556081
18067 20280 20298 0.000996292
18194 20932 20928 -0.000219853
18219 21224 21145 -0.00433613
17979 20326 20355 0.00161299
17862 20852 20700 -0.00850969
17566 20396 20251 -0.00825458
17167 20250 20263 0.000757267
18697 21022 21045 0.00123014
18186 21151 21077 -0.00406906
17310 20752 20601 -0.00872328
16736 19992 19966 -0.00155354
17273 20524 20423 -0.00584728
18303 20796 20676 -0.0065563
17757 21319 21338 0.00107
18178 21188 21053 -0.00742656
17374 19801 19776 -0.00143893
18296 20805 20805 0
17754 20709 20775 0.00371747
18364 20506 20462 -0.00239599
16973 20622 20572 -0.00294586
18460 21016 21023 0.000379198
18062 20629 20630 5.53649e-05
17863 21514 21433 -0.00453451
18982 21813 21748 -0.0034243
18429 21338 21338 0
18213 21340 21367 0.00148246
17504 20892 20819 -0.00417048
17435 21648 21585 -0.00361342
17744 20646 20698 0.00293057
18286 21332 21236 -0.00524992
18064 20551 20556 0.000276794
17778 20484 20560 0.00427495
18175 20908 20905 -0.000165062
18182 20723 20818 0.00522495
17770 20193 20068 -0.00703433
18315 20950 20986 0.0019656
18124 21269 21236 -0.00182079
18477 21391 21320 -0.00384262
18147 20703 20703 0
18668 20866 20911 0.00241054
18291 21816 21629 -0.0102236
18022 20681 20669 -0.000665853
17550 20573 20554 -0.00108262
18090 20434 20421 -0.000718629
18531 21465 21432 -0.0017808
18564 20823 20680 -0.00770308
18532 20696 20522 -0.00938916
18016 20846 20962 0.00643872
18314 20775 20741 -0.0018565
17259 19856 19700 -0.00903876
17928 20557 20523 -0.00189647
18152 20463 20466 0.000165271
18310 21363 21467 0.00567996
18374 21424 21531 0.00582345
18358 20700 20700 0
18030 20916 20948 0.00177482
17424 21063 21006 -0.00327135
18000 21006 21058 0.00288889
17808 20197 20076 -0.0067947
18276 20897 20930 0.00180565
17887 20357 20327 -0.0016772
17171 19799 19985 0.0108322
18139 20805 20945 0.00771818
18400 20703 20674 -0.00157609
18079 21263 21227 -0.00199126
18322 21317 21234 -0.00453007
18011 21235 21150 -0.00471934
17852 20576 20495 -0.00453731
18839 21063 21081 0.000955465
19123 21297 21385 0.00460179
17695 20828 20808 -0.00113026
19441 21350 21322 -0.00144026
18979 21151 21147 -0.000210759
17381 20389 20377 -0.000690409
17824 20701 20625 -0.00426391
18121 20457 20385 -0.00397329
18886 20564 20616 0.00275336
17423 19938 19932 -0.000344372
17967 20738 20741 0.000166973
17402 20518 20511 -0.000402253
18179 21087 21201 0.00627097
18324 20930 20887 -0.00234665
17445 20720 20712 -0.000458584
18933 21652 21652 0
17742 20234 20371 0.00772179
18755 21156 21109 -0.002506
17253 20695 20695 0
18379 20412 20492 0.00435279
17898 20393 20290 -0.00575483
18390 20639 20696 0.00309951
18010 20609 20532 -0.0042754
17295 20252 20255 0.000173461
18189 20730 20596 -0.00736709
18293 21344 21157 -0.0102225
17992 20683 20725 0.00233437
18516 21174 21235 0.00329445
18896 21325 21280 -0.00238146
18449 20944 21015 0.00384845
18247 21159 21264 0.00575437
17229 20429 20376 -0.00307621
17285 20835 20334 -0.0289847
18358 20872 20930 0.00315939
17790 20931 20981 0.00281057
17720 20822 20877 0.00310384
18674 21179 21179 0
17586 20648 20680 0.00181963
18219 20870 20936 0.00362259
18748 20715 20734 0.00101344
18251 20693 20693 0
19190 21291 21115 -0.00917144
18256 21219 21191 -0.00153374
18902 21514 21514 0
17494 20319 20339 0.00114325
18026 20702 20632 -0.00388328
19298 20889 20836 -0.0027464
18391 21555 21531 -0.00130499
18102 20453 20660 0.0114352
18692 21281 21251 -0.00160496
17491 20491 20414 -0.00440226
18883 21057 21056 -5.29577e-05
18331 21493 21493 0
17779 20230 20127 -0.00579335
17185 20089 20150 0.00354961
18256 20826 20892 0.00361525
18242 20975 21134 0.00871615
18048 20430 20380 -0.00277039
18006 21283 21306 0.00127735
18605 20844 20721 -0.00661113
18561 21220 21168 -0.00280157
17958 20945 20881 -0.00356387
17601 20097 20042 -0.00312482
17349 21312 21312 0
17723 20488 20410 -0.00440106
17705 20533 20431 -0.00576108
16908 20961 20951 -0.000591436
19015 21663 21570 -0.00489088
18138 20864 20663 -0.0110817
17395 20662 20665 0.000172463
17683 21497 21497 0
18675 20830 20826 -0.00021419
17959 20276 20320 0.00245003
18456 20911 20898 -0.000704378
18115 21175 21130 -0.00248413
18681 20759 20768 0.000481773
18204 20822 20677 -0.00796528
17219 19966 19861 -0.00609792
18734 21511 21512 5.33789e-05
18439 20816 20837 0.00113889
18674 20951 21208 0.0137625
18178 20678 20926 0.0136429
17593 20492 20229 -0.0149491
17693 20518 20496 -0.00124343
17686 21084 21068 -0.00090467
18251 20209 20247 0.00208208
17725 21009 21024 0.000846262
18320 21293 21259 -0.0018559
17736 20413 20327 -0.00484889
18711 21303 21374 0.00379456
17360 20215 20168 -0.00270737
18212 21608 21710 0.0056007
18500 21268 21268 0
18594 21189 21199 0.000537808
18466 20188 20205 0.000920611
18384 20662 20830 0.00913838
18645 21275 21215 -0.00321802
18435 21192 20915 -0.0150258
17941 20802 20793 -0.000501644
18236 21421 21341 -0.00438693
17866 20339 20348 0.00050375
17716 20436 20332 -0.0058704
17331 19969 19969 0
18017 20786 20761 -0.00138758
18542 20639 20729 0.00485385
17984 21180 21180 0
18264 20840 20727 -0.00618703
18133 20546 20420 -0.00694866
17778 20588 20448 -0.0078749
17931 20099 20142 0.00239808
18446 20653 20653 0
18507 21311 21311 0
18658 21938 21952 0.000750348
18036 20730 20739 0.000499002
17767 20019 20010 -0.000506557
18085 20601 20678 0.00425767
17905 20787 20797 0.000558503
16528 20136 20109 -0.00163359
18169 20863 20877 0.000770543
17838 20867 20947 0.00448481
17177 19945 19834 -0.00646213
18266 20128 20018 -0.00602212
17902 20287 20358 0.00396604
17858 21256 21258 0.000111995
17914 20594 20591 -0.000167467
18102 20694 20687 -0.000386698
18189 20682 20613 -0.0037935
17426 20652 20654 0.000114771
17431 21105 21105 0
18512 20983 20884 -0.00534788
17799 20863 20765 -0.00550593
18193 20664 20718 0.00296817
17904 20896 20896 0
18231 20454 20629 0.00959903
17911 21495 21537 0.00234493
17355 20947 20949 0.000115241
17547 20165 20338 0.00985924
17930 21137 21197 0.00334635
17716 19946 19993 0.00265297
17346 20181 20058 -0.00709097
18455 21024 20977 -0.00254674
18727 21732 21598 -0.00715544
18957 20808 20618 -0.0100227
18884 21838 21827 -0.000582504
17580 19716 19716 0
18556 20944 20888 -0.00301789
18260 20646 20748 0.00558598
18731 20769 20885 0.00619294
17458 20003 20077 0.00423874
18019 20369 20357 -0.000665964
17488 20721 20751 0.00171546
16552 20479 20537 0.00350411
18324 20980 21094 0.00622135
17761 19952 19607 -0.0194246
18376 21477 21585 0.00587723
18662 20549 20695 0.00782338
18743 20754 20725 -0.00154724
18256 20996 20902 -0.00514899
18480 20619 20635 0.000865801
18705 20707 20799 0.00491847
18435 20705 20790 0.00461079
17806 21132 21117 -0.000842413
17673 20421 20309 -0.00633735
18872 21718 21688 -0.00158966
18532 21230 21143 -0.00469458
18906 21679 21691 0.000634719
18830 21000 20939 -0.00323951
17682 20057 20286 0.012951
18447 21064 21085 0.0011384
17093 20927 20829 -0.00573334
18138 20802 20855 0.00292204
17840 20114 20158 0.00246637
17663 20781 20499 -0.0159656
18446 21062 21041 -0.00113846
18134 20755 20637 -0.00650711
17518 20459 20531 0.00411006
18436 20576 20694 0.00640052
17591 21182 21182 0
18111 20076 19856 -0.0121473
17631 20581 20562 -0.00107765
18052 20952 20962 0.000553955
17646 20814 20842 0.00158676
18143 21278 21367 0.00490547
18190 21593 21563 -0.00164926
17466 20371 20386 0.000858811
17154 20603 20453 -0.00874432
17819 19794 19769 -0.001403
17242 20256 20330 0.00429185
17489 19916 19917 5.71788e-05
17767 20893 20841 -0.00292677
18169 20980 20874 -0.00583411
18333 20874 20883 0.000490918
17833 20760 20673 -0.0048786
18048 21346 21271 -0.00415559
18424 20470 20282 -0.0102041
18030 20345 20175 -0.00942873
18790 20926 21031 0.00558808
18004 20299 20299 0
18325 20422 20334 -0.00480218
17946 21165 21274 0.00607378
18283 21015 20969 -0.002516
18350 20239 20241 0.000108992
18640 20746 20968 0.0119099
17779 20650 20675 0.00140615
19158 21400 21539 0.00725545
17003 20374 20430 0.00329354
18310 21170 21113 -0.00311305
17499 20532 20525 -0.000400023
18527 21106 21106 0
17941 20604 20607 0.000167215
17487 20801 20851 0.00285927
18032 20696 20744 0.00266193
18554 21373 21373 0
18454 21094 21072 -0.00119215
18167 20718 20664 -0.00297242
17883 20124 20354 0.0128614
17735 20216 20089 -0.00716098
17873 21542 21497 -0.00251776
18188 20478 20308 -0.00934682
17435 20806 20678 -0.00734155
17709 20402 20396 -0.000338811
17866 20526 20508 -0.0010075
18388 20683 20683 0
17669 20334 20250 -0.00475409
18503 20805 20698 -0.00578285
17854 20267 20186 -0.0045368
18130 21007 21060 0.00292333
17985 20802 20802 0
17844 21434 21434 0
18232 21331 21411 0.00438789
18908 21279 21373 0.00497144
18762 21727 21766 0.00207867
17833 21020 21020 0
18070 20376 20440 0.00354178
18123 21018 20970 -0.00264857
18618 20817 20685 -0.00708991
18627 21324 21452 0.00687175
18173 21282 21391 0.00599791
18256 20642 20663 0.00115031
17804 20380 20380 0
18706 21589 21563 -0.00138993
18729 21244 21220 -0.00128144
18226 21099 21167 0.00373093
18863 20856 20743 -0.00599056
18571 20690 20710 0.00107695
18318 20600 20480 -0.00655093
18860 21062 21126 0.00339343
17806 20513 20527 0.000786252
18094 20750 20673 -0.00425555
18201 20710 20678 -0.00175815
18076 21376 21395 0.00105112
17549 20072 19918 -0.00877543
17038 20633 20633 0
18107 21231 21226 -0.000276136
17216 20662 20889 0.0131854
18329 20606 20462 -0.0078564
18860 21299 21101 -0.0104984
17759 20519 20480 -0.00219607
18478 20967 21002 0.00189414
17906 20480 20401 -0.00441193
18641 21104 21130 0.00139477
17653 20626 20682 0.00317227
17802 21258 21115 -0.00803281
18030 20676 20756 0.00443705
17764 20651 20674 0.00129475
17748 20726 20671 -0.00309894
17878 20340 20329 -0.000615281
17726 20576 20467 -0.00614916
17975 20336 20316 -0.00111266
18239 20445 20265 -0.00986896
17716 20046 19930 -0.00654775
18444 20467 20609 0.00769898
17379 20113 20004 -0.00627194
18388 20786 20862 0.00413313
18158 20304 20348 0.00242317
18401 21372 21249 -0.00668442
17980 20549 20612 0.00350389
17514 20905 20897 -0.000456777
17804 20570 20562 -0.000449337
18272 20524 20408 -0.00634851
17547 21036 21009 -0.00153872
17650 20809 20837 0.0015864
17607 20661 20659 -0.000113591
18817 21641 21648 0.000372004
17823 20286 20285 -5.61073e-05
17303 21062 21095 0.00190718
18005 19955 19840 -0.00638711
17304 21202 21189 -0.000751271
17448 20746 20746 0
18009 20952 20927 -0.00138819
17844 21048 21048 0
18484 20480 20763 0.0153105
19244 21140 21255 0.00597589
17608 21141 21201 0.00340754
18279 21051 21011 -0.0021883
17830 20707 20712 0.000280426
18803 21059 21025 -0.00180822
18799 20916 20643 -0.014522
18819 21734 21772 0.00201924
18673 21192 21201 0.000481979
17790 20135 20160 0.00140528
17467 19525 19669 0.00824412
17649 20612 20604 -0.000453283
17657 20280 20280 0
17869 21082 21082 0
18631 21025 21052 0.0014492
17944 21156 21151 -0.000278645
17030 20658 20665 0.000411039
17879 20282 20366 0.00469825
18005 20349 20317 -0.00177728
17897 20679 20639 -0.00223501
17589 20662 20675 0.000739098
18494 20603 20391 -0.0114632
18527 21058 20986 -0.00388622
17770 21045 21078 0.00185706
17492 20843 20533 -0.0177224
17573 21312 21385 0.0041541
18606 21110 21110 0
18408 20562 20665 0.00559539
18132 20375 20259 -0.00639753
17502 20647 20571 -0.00434236
18158 21119 21119 0
19031 21468 21739 0.0142399
19099 21352 21407 0.00287973
18045 20593 20410 -0.0101413
18078 20566 20570 0.000221263
19010 20812 20838 0.0013677
18069 20550 20544 -0.00033206
17999 20611 20496 -0.00638924
17636 21408 21451 0.00243819
17646 20467 20491 0.00136008
18460 20862 20854 -0.000433369
18412 21454 21328 -0.00684336
19345 21965 21857 -0.00558284
17577 20651 20636 -0.000853388
17968 21076 21101 0.00139136
18008 20716 20867 0.00838516
19006 21125 21125 0
17697 20659 20640 -0.00107363
18146 20641 20615 -0.00143282
17575 20898 20976 0.00443812
16934 19640 19741 0.00596433
18180 20680 20708 0.00154015
17576 20383 20401 0.00102412
18610 20756 20674 -0.00440623
18186 21081 21070 -0.000604861
17587 20359 20363 0.000227441
19429 21312 21312 0
18186 20466 20294 -0.00945782
18612 20995 20976 -0.00102085
17899 20625 20604 -0.00117325
18144 20886 20955 0.00380291
17887 20583 20863 0.0156538
18743 20893 20931 0.00202742
18263 21006 20850 -0.00854186
17892 20829 20831 0.000111782
17842 20629 20807 0.00997646
18517 21236 21138 -0.00529243
18519 20940 21024 0.00453588
18132 20106 20187 0.00446724
18640 21471 21471 0
17597 20528 20528 0
18155 20877 20898 0.00115671
18550 20701 20836 0.00727763
18777 20804 20806 0.000106513
17961 20806 20779 -0.00150326
18336 20795 20763 -0.0017452
17666 20133 20299 0.00939658
18083 21588 21602 0.000774208
18076 20716 20803 0.00481301
18569 19924 19871 -0.00285422
18238 20477 20462 -0.000822459
17365 20132 20135 0.000172761
18485 21607 21438 -0.00914255
17347 20636 20657 0.00121058
18089 21665 21596 -0.00381447
18606 20646 20505 -0.0075782
17073 19961 19997 0.00210859
18658 20596 20661 0.00348376
18793 21302 21257 -0.00239451
17671 21048 21053 0.000282949
18201 20920 21085 0.00906544
18896 20759 20724 -0.00185224
18454 20619 20636 0.000921209
18953 21235 21262 0.00142458
17797 20381 20296 -0.00477609
18286 21131 21191 0.0032812
17993 20411 20470 0.00327905
17530 19997 19906 -0.0051911
17676 20407 20463 0.00316814
18550 20865 20833 -0.00172507
17494 20327 20287 -0.0022865
18387 20498 20482 -0.00087018
17422 20542 20430 -0.00642865
19039 21137 21207 0.00367666
17757 20379 20341 -0.00214
17972 21224 21209 -0.000834632
18044 20636 20684 0.00266016
18077 20789 20825 0.00199148
18186 21182 21179 -0.000164962
17991 19651 19773 0.00678117
17724 20642 20624 -0.00101557
17100 20970 20808 -0.00947368
18626 21162 21141 -0.00112746
17805 20708 20708 0
17497 19807 19857 0.00285763
17474 21040 21008 -0.00183129
18208 20789 20806 0.000933656
17450 20203 20062 -0.00808023
17697 20255 20339 0.00474657
18300 20737 20786 0.0026776
17770 20686 20712 0.00146314
17686 20522 20603 0.00457989
18875 21021 21021 0
18614 21162 21095 -0.00359944
19312 21760 21752 -0.00041425
18209 20925 20982 0.00313032
17999 20583 20446 -0.00761153
18009 21086 20856 -0.0127714
17090 20854 20852 -0.000117028
18212 20645 20560 -0.00466725
17807 20378 20471 0.00522267
17818 20913 20926 0.000729599
17994 20959 20836 -0.00683561
17685 20502 20447 -0.00310998
17670 20606 20612 0.000339559
17457 20485 20361 -0.00710317
17770 20340 20203 -0.00770962
17436 20633 20552 -0.00464556
18361 21224 21156 -0.0037035
17966 20889 20970 0.00450852
18640 21433 21433 0
17654 20391 20380 -0.000623088
17046 20535 20495 -0.00234659
18576 20816 20769 -0.00253015
18566 21291 21265 -0.00140041
17328 20974 20974 0
18427 20871 20946 0.00407011
18551 21022 21213 0.0102959
18389 20261 20525 0.0143564
17600 21259 21265 0.000340909
17887 21173 21051 -0.0068206
17994 21063 21096 0.00183394
18012 20717 20702 -0.000832778
17466 20047 20068 0.00120234
17582 20352 20258 -0.00534638
16893 20348 20397 0.00290061
17158 20453 20455 0.000116564
17982 20095 20194 0.00550551
18816 21633 21609 -0.00127551
16993 20214 20172 -0.00247161
18514 20876 20855 -0.00113428
17825 21410 21422 0.000673212
17149 20182 20277 0.00553968
18042 20840 20957 0.00648487
18538 20708 20664 -0.0023735
17652 20496 20392 -0.00589168
19088 21525 21643 0.00618189
17406 20444 20363 -0.00465357
17375 20115 20090 -0.00143885
17453 20346 20281 -0.00372429
18458 20981 20988 0.000379239
17781 20160 20120 -0.00224959
18413 20286 20388 0.00553956
18753 21211 21297 0.00458593
17917 20663 20620 -0.00239996
19190 21743 21638 -0.0054716
17354 19758 19762 0.000230494
17432 20206 20154 -0.00298302
17713 20399 20271 -0.00722633
18729 21062 20836 -0.0120668
17065 20852 20821 -0.00181658
17972 20805 20768 -0.00205876
18008 21309 21344 0.00194358
17775 20791 20791 0
18572 20979 21035 0.00301529
18462 21357 21322 -0.00189579
17615 20667 20742 0.00425773
17353 20709 20755 0.00265084
18177 20471 20360 -0.00610662
18034 20804 20887 0.00460242
17560 20350 20229 -0.00689066
17705 20532 20507 -0.00141203
17097 20474 20340 -0.00783763
17148 20361 20468 0.00623979
17714 20333 20293 -0.0022581
18860 20884 20922 0.00201485
18895 20896 20660 -0.0124901
18201 20970 21016 0.00252733
17955 20716 20676 -0.00222779
17461 20572 20712 0.00801787
18139 20800 20827 0.00148851
17810 20375 20366 -0.000505334
17975 20899 20905 0.000333797
17678 20749 20741 -0.00045254
18104 21050 21050 0
18205 21119 21077 -0.00230706
17467 20733 20788 0.00314879
17994 20959 21046 0.00483494
18196 21458 21371 -0.00478127
18370 20603 20451 -0.00827436
18499 21518 21333 -0.0100005
17679 20996 20996 0
18029 20539 20530 -0.000499196
18061 20487 20521 0.00188251
17058 20418 20508 0.00527612
18408 21484 21484 0
16882 20840 20780 -0.00355408
18578 20756 20870 0.00613629
17859 20612 20608 -0.000223977
18333 21194 21109 -0.00463645
18609 20950 20905 -0.00241818
18525 20862 20845 -0.000917679
17603 20523 20608 0.00482872
18557 21800 21684 -0.00625101
19560 21823 21987 0.00838446
18025 20907 20907 0
18374 20710 20756 0.00250354
17428 19720 19825 0.00602479
18403 20433 20496 0.00342335
18913 20671 20697 0.00137472
18190 20955 21022 0.00368334
18629 21195 21224 0.00155671
18340 21653 21690 0.00201745
18289 21307 21429 0.00667068
19161 21391 21399 0.000417515
17449 20361 20081 -0.0160468
17574 20855 20904 0.00278821
18852 20997 20988 -0.000477403
18738 20567 20597 0.00160102
18368 20832 20832 0
18267 20928 20995 0.00366782
18214 20563 20700 0.00752169
18236 20495 20653 0.00866418
17873 20266 20134 -0.00738544
17977 20521 20500 -0.00116816
17915 20454 20305 -0.00831705
18276 21044 21026 -0.000984898
18844 21221 21202 -0.00100828
18453 21185 21316 0.00709912
18102 21012 21012 0
19083 21075 21048 -0.00141487
18034 21285 21285 0
18292 20559 20585 0.00142139
17117 20265 20274 0.000525793
17626 20545 20555 0.000567344
17225 20725 20920 0.0113208
18646 20673 20699 0.0013944
18282 20681 20705 0.00131277
17552 20608 20515 -0.00529854
18711 21068 20851 -0.0115975
18031 20917 20917 0
18841 21233 21212 -0.00111459
18105 21875 21823 -0.00287213
17595 20324 20421 0.00551293
19268 21170 21170 0
18452 21516 21516 0
17641 20629 20562 -0.00379797
17796 21399 21353 -0.00258485
18742 21529 21529 0
18636 21044 20985 -0.00316592
18856 21496 21478 -0.000954603
19438 21981 22008 0.00138903
17815 21218 21212 -0.000336795
17853 20370 20373 0.000168039
18369 20606 20531 -0.00408297
17628 20273 20201 -0.00408441
18669 20980 21004 0.00128555
17366 20328 20205 -0.00708281
18588 20761 20759 -0.000107596
17704 21079 21083 0.000225938
18134 20733 20744 0.000606595
17858 20467 20343 -0.00694367
17910 20589 20314 -0.0153546
17336 20318 20268 -0.00288417
18662 21042 21142 0.00535848
17688 20570 20650 0.00452284
17579 20437 20417 -0.00113772
18224 20848 20491 -0.0195896
18124 20716 20718 0.000110351
17295 20632 20618 -0.000809483
18243 21127 20953 -0.0095379
17987 20553 20386 -0.00928448
17942 21159 21172 0.000724557
18378 21098 21071 -0.00146915
17779 21286 21019 -0.0150177
17540 20528 20541 0.000741163
18046 20969 20985 0.000886623
17585 20206 20160 -0.00261587
18285 21351 21273 -0.00426579
18499 21354 21329 -0.00135142
18153 20135 20042 -0.00512312
17863 20789 20789 0
19137 21307 21238 -0.00360558
17935 20580 20709 0.00719264
17955 20764 20710 -0.00300752
17568 20596 20720 0.00705829
18350 20944 20957 0.000708447
18847 21283 21227 -0.0029713
18618 21280 21189 -0.00488774
18365 20451 20388 -0.00343044
18292 20699 20472 -0.0124098
17252 20292 20212 -0.00463714
17970 20551 20600 0.00272677
19257 21533 21575 0.00218103
17178 19955 20001 0.00267784
18244 21049 20779 -0.0147994
17097 20530 20530 0
17904 20621 20667 0.00256926
17852 20497 20558 0.00341698
17533 20545 20420 -0.00712941
18643 20570 20704 0.00718768
18883 20775 21030 0.0135042
18112 20609 20396 -0.0117602
19190 21119 20977 -0.00739969
17995 20084 20068 -0.000889136
18196 21264 21091 -0.00950758
18768 21417 21497 0.00426257
17905 21518 21208 -0.0173136
17658 20980 20733 -0.013988
18205 20749 20730 -0.00104367
18142 20714 20749 0.00192923
18454 20391 20444 0.00287201
17092 20353 20316 -0.00216476
18484 20403 20321 -0.00443627
18432 21016 20904 -0.00607639
17691 20720 20561 -0.00898762
18457 20725 20725 0
16860 20379 20421 0.0024911
18291 20879 20921 0.00229621
17923 20260 20362 0.00569101
18013 20694 20733 0.0021651
17949 20484 20567 0.00462421
18420 21192 21236 0.00238871
18057 20296 20478 0.0100792
17733 20398 20392 -0.000338352
18108 20913 20894 -0.00104926
18394 21398 21324 -0.00402305
17997 20935 20845 -0.00500083
18671 21169 20980 -0.0101227
17738 20394 20394 0
17358 21134 20941 -0.0111188
17604 20707 20864 0.00891843
18466 20934 20934 0
18414 21651 21686 0.00190073
17676 21031 21031 0
17442 20200 20265 0.00372664
18038 19917 19852 -0.0036035
17070 20449 20427 -0.00128881
17107 20427 20415 -0.000701467
18388 20862 20862 0
17292 19942 19984 0.00242887
17505 20632 20575 -0.00325621
17569 20401 20230 -0.00973305
17181 20501 20501 0
17694 20586 20446 -0.00791229
18269 20783 20745 -0.00208003
17615 20574 20594 0.0011354
18179 21066 20961 -0.0057759
19278 20951 21039 0.00456479
18316 20370 20490 0.00655165
17591 21089 21086 -0.000170542
17503 20783 20976 0.0110267
18303 21007 20891 -0.00633776
17560 20226 20307 0.00461276
18170 20676 20426 -0.0137589
18248 20287 20325 0.00208242
17687 20252 20252 0
17587 21452 21395 -0.00324103
18677 20906 20784 -0.0065321
19223 21659 21659 0
18130 20267 20303 0.00198566
19250 21471 21505 0.00176623
18493 20702 20715 0.000702969
17342 20334 20332 -0.000115327
17922 21324 21060 -0.0147305
17576 20398 20339 -0.00335685
17093 20034 20096 0.00362722
19455 21302 21159 -0.0073503
18818 20590 20685 0.00504836
18258 20420 20410 -0.000547705
18451 21726 21553 -0.00937619
18158 20339 20228 -0.00611301
17349 19918 19900 -0.00103752
17752 20037 20003 -0.00191528
17976 20555 20507 -0.00267023
18447 21305 21319 0.000758931
17707 20298 20240 -0.00327554
18739 21351 21237 -0.00608357
18375 21471 21459 -0.000653061
18541 21004 21206 0.0108948
17384 20371 20324 -0.00270364
16511 20247 20241 -0.000363394
18065 20675 20715 0.00221423
18649 20782 20732 -0.00268111
18966 20847 20841 -0.000316356
17676 20067 20198 0.00741118
18230 21019 21006 -0.00071311
17869 21054 21054 0
18514 21233 21141 -0.00496921
18041 21042 21075 0.00182917
18872 21198 21098 -0.00529886
17723 20203 20093 -0.00620662
17856 20673 20626 -0.00263217
16910 20139 20405 0.0157303
18062 20663 20714 0.00282361
17534 20755 20680 -0.0042774
17533 21084 21067 -0.0009696
17965 20921 20985 0.00356248
16951 20102 20041 -0.00359861
16768 20214 20375 0.00960162
18921 20825 20790 -0.0018498
17436 20187 20214 0.00154852
17871 20818 20818 0
18034 20554 20529 -0.00138627
18001 20621 20445 -0.00977723
18256 20961 20897 -0.0035057
18158 20872 20887 0.000826082
18680 21011 20996 -0.000802998
18648 21202 20960 -0.0129773
17836 20603 20395 -0.0116618
17691 20674 20652 -0.00124357
18737 21030 20872 -0.00843251
18327 21208 21208 0
18311 21422 21447 0.0013653
17476 20286 20211 -0.0042916
17502 20796 20774 -0.001257
17347 20536 20538 0.000115294
17900 20424 20575 0.00843575
17408 20071 20188 0.00672105
18499 20514 20331 -0.00989243
17654 20847 20903 0.00317209
17897 20679 20679 0
18186 20917 21083 0.0091279
16969 20438 20557 0.00701279
17458 20200 20247 0.00269218
18247 20494 20588 0.00515153
17852 19797 19852 0.00308089
17969 20817 20874 0.00317213
18194 20565 20602 0.00203364
18877 20947 20876 -0.00376119
17841 20979 20940 -0.00218598
18190 21057 20904 -0.00841121
18686 20821 21004 0.00979343
19141 21361 21214 -0.00767985
19469 21584 21584 0
18508 21002 21025 0.00124271
17405 20674 20669 -0.000287274
18234 20634 20735 0.0055391
18052 21308 21308 0
17423 20173 20143 -0.00172186
17988 20437 20501 0.00355793
18349 20984 20984 0
18722 20652 20455 -0.0105224
18343 20531 20627 0.0052336
18509 20927 20927 0
19034 21173 21011 -0.00851109
17545 20357 20442 0.00484469
16457 20347 20336 -0.000668409
17316 20403 20435 0.001848
18247 20752 20826 0.00405546
17404 19750 19716 -0.00195357
18006 20864 20898 0.00188826
18559 21182 21028 -0.00829786
19126 21536 21534 -0.00010457
17987 20416 20492 0.00422527
18303 20765 20838 0.00398842
18285 21237 21305 0.0037189
17677 20337 20327 -0.000565707
17578 20345 20528 0.0104107
18747 21606 21669 0.00336054
18047 20759 20820 0.00338006
18005 20297 20275 -0.00122188
18309 21035 21035 0
18568 20856 20662 -0.0104481
18093 20692 20630 -0.00342674
17027 20642 20653 0.000646033
18174 20468 20337 -0.0072081
17894 21037 21061 0.00134123
19182 21515 21527 0.000625586
18735 19995 20093 0.00523085
17355 20342 20242 -0.00576203
18868 21487 21488 5.29998e-05
18863 20641 20550 -0.00482426
18219 20750 20725 -0.00137219
18563 21105 21126 0.00113128
18791 20996 21052 0.00298015
18530 20971 20954 -0.000917431
18126 20724 20770 0.00253779
18996 21288 21126 -0.00852811
18111 20769 20819 0.00276075
18743 21197 21163 -0.00181401
18920 21078 20831 -0.013055
17069 19701 19700 -5.85857e-05
17545 20377 20409 0.00182388
18472 20935 21042 0.00579255
17939 20500 20407 -0.00518424
17705 21357 21163 -0.0109574
18191 20667 20588 -0.00434281
18574 21143 21127 -0.000861419
18646 20640 20704 0.00343237
17638 20017 20125 0.00612314
17581 21236 21211 -0.00142199
17985 21622 21524 -0.00544899
19310 21110 21378 0.0138788
18483 20886 20877 -0.000486934
18811 21365 21379 0.000744245
18501 21177 21177 0
17606 20418 20384 -0.00193116
18538 20799 20833 0.00183407
18375 21418 21440 0.00119728
17328 20608 20341 -0.0154086
18253 20519 20495 -0.00131485
18356 20391 20527 0.00740902
19064 20993 21089 0.00503567
18579 20661 20636 -0.00134561
18148 20940 20913 -0.00148777
18279 21041 21081 0.0021883
18068 20966 21083 0.00647554
18332 21002 20997 -0.000272747
18617 20853 20993 0.00752001
17925 20667 20600 -0.0037378
18817 21018 21192 0.00924696
18644 20670 20662 -0.000429092
17775 20479 20443 -0.00202532
18213 21362 21306 -0.00307473
18485 20776 20980 0.011036
19140 21271 21218 -0.00276907
17791 20038 20182 0.00809398
18779 21054 20953 -0.00537835
17960 20786 20678 -0.00601336
18063 20592 20469 -0.0068095
18284 20022 20162 0.00765697
18212 20927 20965 0.00208654
18091 20194 20409 0.0118844
18105 20253 20173 -0.00441867
18123 21129 21129 0
18782 21637 21689 0.00276861
18346 20848 21013 0.00899379
17833 20470 20443 -0.00151405
19098 21273 21288 0.000785423
18396 20913 20964 0.00277234
18283 20924 20924 0
19132 21623 21682 0.00308384
17687 20866 20794 -0.00407079
17869 20498 20520 0.00123118
19090 21811 21801 -0.000523834
18129 21508 21405 -0.0056815
18694 21630 21680 0.00267465
17130 20449 20204 -0.0143024
17797 20922 20588 -0.0187672
18043 21358 21212 -0.00809178
18304 21289 21344 0.00300481
18465 20906 20954 0.00259951
17838 20790 20688 -0.00571813
18428 20337 20285 -0.00282179
18321 20908 20848 -0.00327493
17310 21032 21045 0.000751011
19000 21325 21343 0.000947368
18156 20117 20167 0.00275391
18225 21004 21002 -0.000109739
18263 20969 20884 -0.00465422
17471 20563 20563 0
18015 21116 20988 -0.00710519
17500 20337 20384 0.00268571
18263 20907 20901 -0.000328533
18127 20875 20867 -0.000441331
