50126 55412 54860 -0.0110122
49393 55609 55615 0.000121475
51001 56963 56713 -0.00490186
49295 56683 56579 -0.00210975
51183 56410 56572 0.00316511
49657 57401 57350 -0.00102705
50610 57502 57940 0.00865442
50028 56573 56698 0.0024986
50187 56075 56028 -0.000936497
50000 55281 55329 0.00096
49707 56549 56107 -0.00889211
50305 56176 55765 -0.00817016
48255 54526 54546 0.000414465
49413 57148 56848 -0.00607128
50083 56440 56391 -0.000978376
50900 56715 56657 -0.00113949
50017 57008 56975 -0.000659776
49372 57487 57353 -0.00271409
48271 54780 55160 0.00787222
50476 56156 56042 -0.0022585
49691 57490 57309 -0.00364251
50293 56330 56381 0.00101406
49365 55141 55001 -0.00283602
50876 55982 56512 0.0104175
51140 55742 55183 -0.0109308
50680 57250 57135 -0.00226914
51398 56811 56811 0
51717 57977 57868 -0.00210762
50165 55780 55773 -0.00013954
50729 56870 56901 0.00061109
50798 57441 57588 0.00289381
47935 56207 56155 -0.0010848
50158 56647 56600 -0.000937039
49777 55511 55318 -0.00387729
48934 55404 55242 -0.00331058
49642 56483 56446 -0.000745337
50376 56401 56416 0.000297761
53119 58135 58170 0.000658898
48973 57051 56975 -0.00155188
49118 56208 55947 -0.00531373
54048 59277 59168 -0.00201673
51700 56390 56315 -0.00145068
50994 56060 56431 0.00727537
50090 56046 55928 -0.00235576
48770 56547 56423 -0.00254255
53801 58437 58245 -0.00356871
51297 55966 56221 0.00497105
52299 57005 57100 0.00181648
51075 57498 57872 0.00732256
50997 56440 55676 -0.0149813
51428 56003 55844 -0.0030917
49601 56487 56217 -0.00544344
48778 55354 55018 -0.00688835
50625 57124 57124 0
50441 56963 56876 -0.00172479
51043 56741 57004 0.00515252
49918 57123 56987 -0.00272447
51742 57320 57598 0.00537281
51037 56277 55659 -0.0121089
50176 56335 55855 -0.00956633
50412 56070 56079 0.000178529
50027 55961 55995 0.000679633
50783 56547 56862 0.00620286
50633 57953 57864 -0.00175775
47052 54138 54369 0.00490946
49707 56076 55625 -0.00907317
50617 56758 56840 0.00162001
49599 56096 56329 0.00469768
50250 54755 55375 0.0123383
50447 56811 56853 0.000832557
49985 57344 57400 0.00112034
49338 55799 56154 0.00719527
51758 56786 56402 -0.00741914
49886 56471 56558 0.00174398
47488 55399 55050 -0.00734923
48077 55494 55280 -0.00445119
48857 55424 55181 -0.0049737
50697 56883 56812 -0.00140048
49839 57903 58560 0.0131824
50351 57655 57537 -0.00234355
48918 55550 55246 -0.00621448
51093 55901 56106 0.00401229
48528 55251 55029 -0.00457468
49858 55647 55930 0.00567612
48052 57184 57347 0.00339216
50077 56699 56510 -0.00377419
49145 55047 54833 -0.00435446
50181 58055 58234 0.00356709
52043 58461 58448 -0.000249793
50739 58313 58088 -0.00443446
51523 58668 58344 -0.00628845
48554 57108 56623 -0.00998888
48292 58409 58603 0.00401723
49937 55564 55359 -0.00410517
50359 57944 58066 0.00242261
50102 56525 56355 -0.00339308
49181 55235 55362 0.0025823
51421 56656 56441 -0.00418117
49994 56450 56502 0.00104012
50061 56173 55982 -0.00381535
50835 56413 56277 -0.00267532
51051 57140 56948 -0.00376094
50590 57385 57707 0.00636489
51892 57016 57016 0
51373 55775 55996 0.00430187
50437 57906 58416 0.0101116
49421 55393 54752 -0.0129702
49736 56629 56629 0
50827 56536 56354 -0.00358077
51448 57878 57525 -0.0068613
51563 56950 57138 0.00364603
50944 55500 54857 -0.0126217
50754 57007 56792 -0.00423612
50069 55596 56049 0.00904751
48210 54290 54176 -0.00236465
49283 54720 54987 0.00541769
49735 55722 55547 -0.00351865
50144 56429 56396 -0.000658105
51011 58268 58069 -0.00390112
50873 55820 55971 0.00296818
49427 56039 55937 -0.00206365
49775 56380 56357 -0.000462079
50748 57927 57995 0.00133995
48789 54941 54908 -0.000676382
50168 57689 57742 0.00105645
50494 56871 57028 0.00310928
48570 55363 55512 0.00306774
51394 58218 57859 -0.00698525
51607 56350 56313 -0.000716957
50536 57756 57757 1.97879e-05
49762 57544 57633 0.00178851
49524 56938 56934 -8.07689e-05
49723 56329 56286 -0.000864791
51646 57524 57528 7.74503e-05
51703 57425 57425 0
48647 56150 56239 0.00182951
53245 58252 58270 0.00033806
52117 57312 56968 -0.00660053
48415 55555 55633 0.00161107
49068 57616 57320 -0.00603244
50320 55271 55351 0.00158983
51120 55448 55683 0.00459703
48291 54122 54161 0.000807604
49459 55593 55494 -0.00200166
49011 55696 55343 -0.00720246
50412 57085 56922 -0.00323336
50884 57489 57337 -0.00298719
46947 54962 54930 -0.00068162
52062 58468 58345 -0.00236257
48467 54964 55456 0.0101512
50649 56388 56370 -0.000355387
49075 55751 55727 -0.000489047
51435 55378 55274 -0.00202197
49957 55161 55161 0
49914 55542 55488 -0.00108186
49861 56616 56490 -0.00252703
48041 55039 55111 0.00149872
49922 56377 56590 0.00426666
50524 56218 56337 0.00235532
48489 55380 54997 -0.0078987
50938 56662 57320 0.0129177
51791 57957 57794 -0.00314726
52047 57161 57161 0
50708 57978 57840 -0.00272146
47764 55523 55501 -0.000460598
49377 56645 56819 0.00352391
51454 56688 56727 0.000757959
49756 57765 57658 -0.00215049
50183 56242 56546 0.00605783
51136 56654 57313 0.0128872
49589 57206 57013 -0.00389199
50155 56969 57886 0.0182833
50777 55852 55433 -0.00825177
50401 55987 55785 -0.00400786
52203 57565 57604 0.000747084
49313 56308 57050 0.0150467
50916 56788 56407 -0.00748291
49394 56121 55972 -0.00301656
49819 55942 55610 -0.00666412
51623 56709 56756 0.000910447
50419 57270 57211 -0.00117019
51267 56606 56433 -0.00337449
52530 57066 57103 0.000704359
48574 55953 56096 0.00294396
52911 58262 58492 0.00434692
51472 58084 58196 0.00217594
50168 55799 55799 0
48252 55059 55059 0
50269 56470 56379 -0.00181026
51036 58136 58340 0.00399718
49902 55700 55856 0.00312613
50286 57059 57434 0.00745734
50777 56523 56545 0.000433267
52042 58672 58147 -0.010088
49458 57460 56806 -0.0132233
50392 55665 55654 -0.000218289
48313 56230 56430 0.00413967
48764 54502 54455 -0.000963826
48973 55680 55712 0.000653421
46965 56247 56119 -0.00272543
52071 58354 58269 -0.00163239
49520 57487 57393 -0.00189822
49538 56645 56756 0.0022407
49141 57642 57642 0
51021 56232 56220 -0.000235197
49453 54394 54123 -0.00547995
50495 57057 56807 -0.00495099
49381 56340 56527 0.00378688
51145 56159 56070 -0.00174015
50494 56303 56321 0.000356478
47600 53742 53428 -0.00659664
53267 58087 58103 0.000300374
51964 57678 57376 -0.00581172
50901 58133 58024 -0.00214141
50350 56952 57167 0.00427011
47950 55179 55792 0.0127842
49829 55058 55507 0.00901082
49688 56742 56791 0.000986154
51469 56646 56646 0
50239 57487 57389 -0.00195068
51193 57413 57162 -0.00490301
50187 55496 55495 -1.99255e-05
51565 58347 58453 0.00205566
46855 53948 53822 -0.00268915
49104 58015 57700 -0.00641496
50848 57107 57107 0
49343 55853 55896 0.000871451
50489 55471 55353 -0.00233714
50291 55974 55896 -0.00155097
51426 57857 57857 0
49970 57087 56980 -0.00214128
51173 56549 56759 0.00410373
50206 57613 57698 0.00169302
49371 55572 55572 0
49891 56218 56128 -0.00180393
48280 55776 55672 -0.0021541
50738 57835 57693 -0.00279869
51234 56342 56216 -0.0024593
49715 56840 56701 -0.00279594
51506 57339 56981 -0.00695065
50350 55872 56057 0.00367428
49824 57187 56913 -0.00549936
49737 55075 54893 -0.00365925
50568 56528 56438 -0.00177978
51337 58125 58012 -0.00220114
50300 58807 58807 0
50212 56984 56629 -0.00707002
49054 55755 55770 0.000305785
48618 55553 55553 0
48703 55285 55170 -0.00236125
47767 55851 55474 -0.00789248
50842 56227 56326 0.00194721
49253 56231 56626 0.00801982
47932 54209 54204 -0.000104314
50289 55693 56351 0.0130844
49955 56643 56272 -0.00742668
49075 57144 56889 -0.00519613
50644 56618 56626 0.000157965
49649 56833 56840 0.00014099
49858 56185 56201 0.000320911
49942 56862 56862 0
48097 57253 57275 0.000457409
50256 56179 56178 -1.98981e-05
48860 55879 55879 0
51386 56771 57329 0.010859
49491 56457 56432 -0.000505142
50235 56298 56300 3.98129e-05
49168 56525 56525 0
48444 56463 56463 0
48174 55783 55783 0
50601 57327 57190 -0.00270746
50178 55475 55693 0.00434453
49000 56762 56060 -0.0143265
51179 56501 56530 0.000566639
51671 58817 58872 0.00106443
51728 57420 57491 0.00137256
51063 57855 57842 -0.000254587
49793 55008 54942 -0.00132549
50599 57276 57286 0.000197632
50587 56135 56174 0.000770949
51697 56941 56922 -0.000367526
48513 55878 55878 0
50257 54818 54634 -0.00366118
48478 55427 55887 0.00948884
45961 55120 55058 -0.00134897
51391 56785 56497 -0.00560409
49428 54767 54776 0.000182083
50383 58498 58347 -0.00299704
51080 56032 55723 -0.00604933
51850 56933 56850 -0.00160077
50665 57440 57273 -0.00329616
51775 57047 57144 0.00187349
50045 55210 55307 0.00193826
50452 55991 55991 0
49735 57247 57342 0.00191012
49047 56697 56429 -0.00546415
51317 58766 58774 0.000155894
50136 56457 56289 -0.00335089
51724 57943 58145 0.00390534
52116 57235 56945 -0.00556451
47988 55158 54723 -0.00906477
50613 57386 57232 -0.0030427
49043 57539 57165 -0.00762596
50928 57644 57414 -0.00451618
49887 55418 55419 2.00453e-05
49651 57290 57215 -0.00151054
51237 56051 55844 -0.00404005
50562 57106 57175 0.00136466
48826 55836 55540 -0.00606234
50970 54502 54073 -0.00841672
49018 57731 57317 -0.00844588
50046 55442 55538 0.00191824
48789 55580 55944 0.0074607
50032 56782 56692 -0.00179885
49132 56917 56723 -0.00394855
49652 57422 57060 -0.00729074
50315 56872 56985 0.00224585
47629 54648 54871 0.00468202
47755 56855 56959 0.00217778
49703 54518 54524 0.000120717
48483 54587 54801 0.00441392
48068 54652 54454 -0.00411916
50710 57127 57097 -0.000591599
49559 56124 55985 -0.00280474
50495 56407 56489 0.00162392
50226 56068 56068 0
49494 56537 56327 -0.00424294
50626 56114 56138 0.000474065
50676 55219 55733 0.0101429
50085 57047 57096 0.000978337
50623 56119 56234 0.00227169
50542 56223 56223 0
48817 56712 56752 0.000819387
50025 56581 56537 -0.00087956
50834 54613 54388 -0.00442617
51154 55705 55567 -0.00269774
49934 55377 55506 0.00258341
52757 58329 58674 0.00653942
48963 56100 55629 -0.00961951
51765 58393 58393 0
50148 57280 57207 -0.00145569
51025 56745 56745 0
49991 55554 55459 -0.00190034
49589 56374 56440 0.00133094
49910 56491 56795 0.00609096
51727 57409 57519 0.00212655
50319 57532 57532 0
50724 56415 56437 0.00043372
49390 55216 55216 0
50253 56267 56590 0.00642748
48748 57322 57341 0.00038976
50166 56068 56087 0.000378743
48885 56217 56311 0.00192288
48478 56095 55989 -0.00218656
50174 56374 56381 0.000139514
51986 57837 57676 -0.00309699
49214 55963 55917 -0.000934693
52421 57316 57232 -0.00160241
49233 54817 54857 0.000812463
49778 55408 55761 0.00709149
50047 56093 56037 -0.00111895
49626 56633 56525 -0.00217628
50110 57412 57230 -0.00363201
51726 57155 57053 -0.00197193
50653 57243 56892 -0.0069295
49780 57193 57229 0.000723182
49691 55802 55892 0.00181119
50247 57556 56637 -0.0182896
51159 55730 55920 0.00371391
52065 56924 56875 -0.000941131
50311 58277 58387 0.0021864
49781 56512 56512 0
50108 56769 56586 -0.00365211
50288 58325 58313 -0.000238626
51247 58213 58317 0.00202939
50124 57306 57450 0.00287288
52626 56889 56879 -0.00019002
52555 56417 56484 0.00127485
50859 55939 56010 0.00139602
51447 56479 56715 0.00458725
49393 55644 55596 -0.000971798
49481 55948 56015 0.00135406
51053 56568 56731 0.00319276
49899 57453 57309 -0.00288583
49452 54640 54429 -0.00426676
47386 56127 56175 0.00101296
49471 56145 56211 0.00133411
48007 56972 57111 0.00289541
50776 55932 55896 -0.000708996
52651 57811 57566 -0.00465328
49810 55541 55367 -0.00349327
50975 57941 57921 -0.000392349
49799 56161 56087 -0.00148597
52754 58742 58894 0.0028813
51040 57204 57171 -0.000646552
49897 57530 57530 0
50960 56827 56858 0.00060832
48765 55882 56249 0.00752589
49978 56402 56035 -0.00734323
48583 56188 55943 -0.00504292
49406 56812 56899 0.00176092
48806 55597 55465 -0.00270459
49439 55231 55550 0.0064524
50633 56768 56753 -0.000296249
51434 56125 56125 0
49476 55684 55668 -0.000323389
50360 56731 56696 -0.000694996
50875 55575 56134 0.0109877
51253 58248 57946 -0.00589234
50802 55675 55828 0.00301169
49267 56964 56928 -0.000730712
48254 54784 54516 -0.00555394
49888 56617 55839 -0.0155949
48515 56499 56166 -0.00686386
49798 55977 56131 0.00309249
48461 56970 56732 -0.00491117
52222 58284 58452 0.00321703
49700 55989 55783 -0.00414487
48954 57300 57558 0.00527025
49459 54021 54029 0.00016175
47907 57348 57251 -0.00202476
49646 57812 57990 0.00358538
50515 57911 57632 -0.00552311
48549 56291 56291 0
51595 56745 56561 -0.00356624
52373 58372 58025 -0.00662555
48759 57090 57343 0.00518879
50674 56152 56133 -0.000374946
50190 57145 57119 -0.000518031
50560 57119 57217 0.00193829
51372 56352 56051 -0.00585922
51549 58245 58139 -0.0020563
51624 57487 57552 0.0012591
49627 55647 55824 0.00356661
48614 55094 54415 -0.0139672
49772 56675 56665 -0.000200916
48793 54692 54869 0.00362757
48871 56679 56679 0
51179 55476 55041 -0.00849958
51121 58251 57888 -0.0071008
47993 56004 55816 -0.00391724
49630 55565 55356 -0.00421116
49215 55709 55449 -0.00528294
49935 55739 55956 0.00434565
48452 55664 55720 0.00115578
51050 56175 56133 -0.000822723
51283 56606 56631 0.000487491
49145 56123 55650 -0.00962458
48560 55838 55671 -0.00343904
48857 57936 57904 -0.000654973
51689 57351 57298 -0.00102536
50909 56564 56423 -0.00276965
49468 57535 57538 6.06453e-05
49024 57611 57725 0.00232539
51376 56787 57414 0.0122041
52400 57853 57901 0.000916031
52431 58298 57975 -0.00616048
50949 55381 55461 0.0015702
51093 57056 57387 0.00647838
52299 56868 56833 -0.000669229
49354 55632 55500 -0.00267456
50919 56671 56606 -0.00127654
49261 57714 57340 -0.00759221
49622 55884 55458 -0.0085849
50832 57499 57499 0
51338 58845 58713 -0.00257119
53391 59327 59354 0.000505703
49405 56555 56496 -0.00119421
49856 57332 57246 -0.00172497
49869 56681 56650 -0.000621629
52597 57397 57247 -0.00285187
49903 55951 55919 -0.000641244
50656 55431 55427 -7.8964e-05
49096 58407 58392 -0.000305524
48332 54133 54625 0.0101796
50643 56482 56259 -0.00440337
48292 55824 55327 -0.0102916
50713 56092 56415 0.00636918
49849 56796 56440 -0.00714157
49105 56008 55822 -0.0037878
53608 58538 58538 0
49934 55885 55996 0.00222293
51811 56868 56920 0.00100365
48742 55548 55598 0.00102581
50952 57631 57491 -0.00274768
50082 57318 57438 0.00239607
50826 56170 56371 0.00395467
51015 58161 58113 -0.0009409
50139 56120 56120 0
49546 56471 56584 0.00228071
50087 56217 56261 0.000878471
50902 56792 57086 0.0057758
49558 55021 54651 -0.007466
50538 58075 58097 0.000435316
48777 55693 55576 -0.00239867
50002 55722 55826 0.00207992
50503 56498 56635 0.00271271
52282 57004 56306 -0.0133507
49853 56325 55750 -0.0115339
50543 56528 56478 -0.000989257
49683 55282 55398 0.0023348
50303 57541 57537 -7.95181e-05
50728 56730 56500 -0.00453399
50350 54216 54153 -0.00125124
49207 55396 55491 0.00193062
48752 55735 55588 -0.00301526
50124 58397 58112 -0.0056859
48344 56126 56041 -0.00175823
49434 57467 56798 -0.0135332
50885 56920 56774 -0.00286921
48259 54581 54552 -0.000600924
51914 56789 56267 -0.0100551
51841 57895 57704 -0.00368434
49497 56765 56711 -0.00109098
50304 56906 56868 -0.000755407
51937 56386 56370 -0.000308066
51521 56808 56577 -0.00448361
52994 58207 57852 -0.00669887
50440 56919 56711 -0.00412371
50640 58227 58382 0.00306082
49020 55938 56286 0.00709914
50354 55388 55573 0.00367399
49115 56080 56050 -0.000610811
51182 55792 56340 0.0107069
49421 55232 55232 0
49883 54254 54088 -0.00332779
49396 56094 56051 -0.000870516
51340 55782 56153 0.00722633
49206 55585 55626 0.000833232
49202 57061 57491 0.00873948
50838 56356 56669 0.00615681
50560 56953 56921 -0.000632911
51553 57317 57444 0.00246348
49361 54673 54618 -0.00111424
48746 56063 55814 -0.00510811
47897 56850 56850 0
51496 57544 57382 -0.00314588
49628 56096 56096 0
48371 55057 55057 0
48725 56812 56549 -0.00539764
51582 57406 57404 -3.87732e-05
47871 54854 54880 0.000543126
49396 55442 55224 -0.00441331
50310 56400 56433 0.000655933
49062 55958 55773 -0.00377074
50418 55943 56004 0.00120989
52143 56406 56404 -3.83561e-05
50227 56670 56556 -0.0022697
51373 57890 57956 0.00128472
50916 57129 57140 0.000216042
50078 56847 56796 -0.00101841
49815 56731 56599 -0.0026498
48347 56592 56592 0
50440 56676 56471 -0.00406423
49343 55535 55905 0.00749853
48492 54980 55269 0.00595975
50982 58603 58482 -0.00237339
49229 54982 54761 -0.00448922
48155 54865 55060 0.00404942
49216 56610 56801 0.00388085
49300 55626 55636 0.00020284
48881 56431 56168 -0.00538041
51010 58026 57959 -0.00131347
49514 56430 56613 0.00369592
51632 57345 57793 0.00867679
49184 55592 55579 -0.000264314
48639 55851 56060 0.00429696
52146 56762 56751 -0.000210946
50775 56710 56490 -0.00433284
48511 56780 56819 0.000803941
50697 56617 56469 -0.0029193
50623 58055 57985 -0.00138277
51525 56689 56569 -0.00232897
50073 57947 57707 -0.004793
49107 56904 56959 0.00112
50917 58088 58133 0.000883791
50586 56387 56427 0.000790733
47567 55533 55591 0.00121933
50152 57182 57265 0.00165497
48352 56217 55897 -0.00661813
48671 55274 55355 0.00166424
51193 56204 55879 -0.00634852
51646 59023 59023 0
47488 54840 54838 -4.21159e-05
52066 58542 57906 -0.0122153
49894 56977 57203 0.0045296
48697 56255 56492 0.00486683
49905 55584 55466 -0.00236449
51430 56966 56846 -0.00233327
48446 55573 55537 -0.000743095
53150 58446 58206 -0.00451552
49175 56210 56052 -0.00321301
48530 54900 54905 0.000103029
48902 55188 55565 0.0077093
51479 58087 57455 -0.0122769
49047 55225 55290 0.00132526
50271 55076 54720 -0.00708162
52195 57662 57696 0.000651403
50541 55674 55423 -0.00496627
51790 57700 57680 -0.000386175
47720 54114 54107 -0.000146689
49541 56084 56100 0.000322965
49516 55442 55539 0.00195896
51597 56377 56319 -0.0011241
48326 56791 56756 -0.000724248
49901 56927 56587 -0.00681349
50126 57835 57734 -0.00201492
50643 56890 56365 -0.0103667
50750 56207 56216 0.00017734
50492 57563 57757 0.00384219
49033 57042 57042 0
49096 56084 55945 -0.00283119
49960 55622 55933 0.00622498
51184 56830 56448 -0.00746327
48920 55741 55614 -0.00259608
49851 55959 55388 -0.0114541
48503 56561 56794 0.00480383
48148 55795 55914 0.00247155
49820 55692 55421 -0.00543958
51686 57190 57250 0.00116086
50921 56442 56198 -0.00479174
49749 56255 56255 0
51026 56484 56990 0.00991651
47718 56503 56614 0.00232617
49888 55362 55364 4.00898e-05
49870 55804 55542 -0.00525366
48845 56155 56156 2.04729e-05
49731 57249 57112 -0.00275482
50539 56481 56498 0.000336374
50967 56997 56901 -0.00188357
49348 56506 56270 -0.00478236
49430 56825 56879 0.00109245
50063 57726 57611 -0.00229711
52128 57065 56874 -0.00366406
50456 58055 58151 0.00190265
49696 56511 56252 -0.00521169
49518 56170 56093 -0.00155499
49880 56444 56695 0.00503208
47095 56024 56253 0.00486251
51172 57579 57420 -0.00310717
47171 55903 55863 -0.000847979
51607 56131 55883 -0.00480555
49940 56579 56378 -0.00402483
50492 56654 56394 -0.00514933
51309 56894 56897 5.84693e-05
51490 56209 56713 0.00978831
48154 55766 55990 0.00465174
50740 59059 58374 -0.0135002
52079 58583 58608 0.00048004
50209 56322 56305 -0.000338585
51116 56611 56823 0.00414743
49043 54360 54411 0.0010399
52208 57137 57081 -0.00107263
51570 56385 56447 0.00120225
51891 58329 58304 -0.000481779
50208 56608 56878 0.00537763
51937 58723 58293 -0.00827926
51264 57756 57671 -0.00165808
51159 56988 57069 0.0015833
48467 54961 54601 -0.00742773
49214 55451 56075 0.0126793
51396 57297 57181 -0.00225698
52014 56655 56438 -0.00417195
50972 57629 57265 -0.00714118
51634 58045 58045 0
50748 56661 56653 -0.000157642
51055 56489 56718 0.00448536
50275 54570 54831 0.00519145
49982 55210 55161 -0.000980353
50842 56066 56324 0.00507454
51024 57292 57287 -9.79931e-05
52344 57080 57504 0.00810026
50930 57726 57726 0
49654 57658 57390 -0.00539735
52974 58351 58158 -0.0036433
49296 57589 57492 -0.00196771
50841 56542 55953 -0.0115851
48224 55369 55369 0
49586 56211 56056 -0.00312588
48182 56521 56599 0.00161886
51101 57448 57448 0
51632 57094 56611 -0.00935466
48934 56111 56078 -0.000674378
51662 56986 56856 -0.00251636
50912 57588 57801 0.00418369
51666 57192 57246 0.00104517
48777 57353 57562 0.00428481
48456 55861 55911 0.00103186
52508 57441 57741 0.00571342
50843 57761 57662 -0.00194717
48806 56066 55927 -0.00284801
48994 57722 57685 -0.000755195
51619 57893 57806 -0.00168543
51733 56482 56376 -0.00204898
51861 57928 58138 0.00404929
52939 58343 58025 -0.00600691
49012 57111 57068 -0.000877336
50604 56390 56394 7.90451e-05
50418 55870 55823 -0.000932207
48950 54786 54875 0.00181818
50913 56258 56522 0.00518532
48430 56022 56397 0.00774313
51090 56029 56231 0.00395381
50099 56749 57032 0.00564882
49960 56379 56278 -0.00202162
49977 55600 55554 -0.000920423
50882 56495 56068 -0.00839197
48843 54938 54423 -0.010544
50834 57315 57428 0.00222292
49057 56201 56212 0.000224229
49394 55475 55521 0.000931287
49801 56994 57191 0.00395574
51623 57107 56898 -0.00404858
48446 55690 55466 -0.0046237
51326 57903 57843 -0.001169
50785 57249 56893 -0.00700994
50630 57999 58030 0.000612285
50916 57442 57330 -0.0021997
50064 58421 57999 -0.00842921
48159 56207 56050 -0.00326003
49776 56613 56275 -0.00679042
49182 55082 55437 0.00721809
51057 58117 58117 0
51876 58103 58103 0
49739 54285 54139 -0.00293532
49591 55572 55572 0
53315 58955 58409 -0.010241
50940 56315 56534 0.00429918
48365 55976 56009 0.000682312
48519 56370 56694 0.0066778
50034 56671 56797 0.00251829
51925 57482 57150 -0.00639384
51554 57378 57757 0.00735151
51561 56073 56062 -0.00021334
50370 55872 55737 -0.00268017
48138 55919 55298 -0.0129004
49684 55023 55024 2.01272e-05
52028 57575 57582 0.000134543
48371 54823 54842 0.000392797
50767 56389 56228 -0.00317135
47819 55842 55872 0.000627366
50340 56191 56015 -0.00349623
49860 56252 56253 2.00562e-05
47947 55137 55283 0.00304503
51310 55998 55998 0
51913 56670 56661 -0.000173367
49777 55700 54952 -0.015027
51530 57694 57694 0
50138 54679 54679 0
51229 57770 57905 0.00263523
51766 58129 58078 -0.000985203
48860 57816 58187 0.00759312
49295 56435 56404 -0.000628867
48896 56495 56193 -0.00617637
51156 56898 56848 -0.000977402
49618 56154 56154 0
48287 55721 55650 -0.00147038
50446 55785 55782 -5.94695e-05
51133 56777 56413 -0.00711869
50168 56314 56426 0.0022325
51399 56750 56760 0.000194556
47286 54739 54739 0
50389 55654 55316 -0.00670781
49331 55453 55429 -0.000486509
50851 56524 56437 -0.00171088
49616 56991 57033 0.000846501
51605 58462 58462 0
49542 55283 55285 4.03698e-05
50048 56041 55920 -0.00241768
50957 58053 57559 -0.00969445
51437 58065 58141 0.00147754
49867 57062 56948 -0.00228608
50946 56822 56860 0.000745888
49353 55275 55372 0.00196543
48713 56394 56422 0.000574795
49380 56314 56278 -0.00072904
51469 57270 57167 -0.0020012
51065 58431 58422 -0.000176246
49218 56904 56907 6.09533e-05
47667 54997 55105 0.00226572
48759 54258 54494 0.00484013
48553 56734 56696 -0.00078265
47764 55696 56211 0.0107822
51520 56956 56731 -0.00436724
48329 55393 55312 -0.00167601
48521 55727 55697 -0.000618289
47745 55356 55288 -0.00142423
47527 54953 54929 -0.000504976
48848 55790 55993 0.00415575
50142 56467 56467 0
48942 55455 55542 0.00177761
48537 55019 54783 -0.00486227
52763 56907 56925 0.000341148
50001 55556 55620 0.00127997
49430 57515 57515 0
48486 56785 56723 -0.00127872
50633 56158 55534 -0.012324
49073 54836 55213 0.00768243
50854 56467 56597 0.00255634
51235 55114 55313 0.00388406
48980 55456 55465 0.000183748
48771 57648 57305 -0.00703287
51945 55974 55795 -0.00344595
52169 58265 58299 0.000651728
50845 56719 56441 -0.0054676
52273 57443 57681 0.00455302
50406 56987 56599 -0.0076975
48475 54577 54358 -0.00451779
50318 56402 56444 0.000834691
48845 56433 56609 0.00360323
49139 55488 55187 -0.00612548
52584 58775 58829 0.00102693
52226 56100 55923 -0.00338912
50600 56370 56391 0.00041502
50618 57884 57833 -0.00100755
51327 56150 56110 -0.000779317
48266 55466 55463 -6.21556e-05
49797 55897 55310 -0.0117879
50195 56236 56563 0.00651459
52057 57728 57460 -0.0051482
48257 55201 55043 -0.00327414
51542 57720 57720 0
51363 58948 58751 -0.00383545
50907 57232 57742 0.0100183
48524 55972 56067 0.00195779
46898 55773 55820 0.00100217
49472 56048 56112 0.00129366
51690 56107 56076 -0.000599729
52162 56860 56860 0
49625 55286 55055 -0.00465491
51362 57978 57978 0
49991 56650 56564 -0.00172031
49794 57363 57251 -0.00224927
49347 56422 57122 0.0141853
51131 57771 57712 -0.0011539
49906 55600 55552 -0.000961808
50584 57851 56963 -0.017555
48830 55813 56056 0.00497645
50370 56866 57443 0.0114552
50003 57538 57424 -0.00227986
48688 56155 56158 6.16168e-05
50713 57837 57672 -0.0032536
47770 55812 55960 0.00309818
48008 55510 55758 0.00516581
51806 56644 56981 0.00650504
49096 55362 55318 -0.000896203
49427 56700 56572 -0.00258968
50202 56091 55909 -0.00362535
50081 57348 57148 -0.00399353
49480 56655 56655 0
50527 55991 56050 0.00116769
51403 56655 56547 -0.00210104
52105 57145 57139 -0.000115152
49701 55620 55655 0.000704211
49809 56141 56085 -0.00112429
50321 56743 56478 -0.00526619
50574 57870 57973 0.00203662
50089 57272 57014 -0.00515083
49616 55603 55389 -0.00431312
49449 55894 55712 -0.00368056
50052 57081 56830 -0.00501478
49882 56901 56901 0
48531 56282 56139 -0.00294657
51801 55938 55234 -0.0135905
49476 57621 57621 0
49821 55388 55339 -0.000983521
51169 57106 56952 -0.00300963
47773 55122 55473 0.00734725
47581 55394 55450 0.00117694
51508 56449 56480 0.000601848
50144 55054 55268 0.00426771
50165 57337 57422 0.00169441
49496 56113 56215 0.00206077
50670 56342 56314 -0.000552595
50058 57524 57705 0.00361581
50793 57706 57485 -0.00435099
51396 56316 57303 0.0192038
51949 57229 57090 -0.0026757
53557 58182 58369 0.00349161
51327 56901 56925 0.00046759
48059 55636 55788 0.00316278
50408 56793 56231 -0.011149
49898 57535 57387 -0.00296605
49106 55477 55374 -0.0020975
50181 56046 56033 -0.000259062
50553 57084 56898 -0.00367931
51825 56754 56679 -0.00144718
50275 56284 56241 -0.000855296
50139 57141 57138 -5.98337e-05
51525 56887 56726 -0.0031247
49282 55715 56014 0.00606712
48323 56296 56140 -0.00322828
49097 55768 55810 0.000855449
49407 56778 56370 -0.00825794
47882 54160 54160 0
50210 58293 58317 0.000477992
52247 57945 57945 0
53525 58395 58403 0.000149463
50114 55885 55757 -0.00255418
48988 55336 55254 -0.00167388
50186 58626 58616 -0.000199259
48471 55237 54494 -0.0153288
49070 55152 55215 0.00128388
51349 56584 56895 0.00605659
49720 56853 56947 0.00189059
50629 56169 56381 0.00418732
51283 57923 57725 -0.00386093
51325 57609 57467 -0.00276668
50389 56646 56529 -0.00232194
48227 56200 55669 -0.0110104
51074 55991 56055 0.00125308
49411 57135 56887 -0.00501913
52199 57154 57184 0.000574724
51775 55536 55536 0
49105 56225 56169 -0.00114041
52078 58178 58082 -0.00184339
51931 56562 56537 -0.000481408
51086 56541 56153 -0.00759504
51776 58424 58604 0.00347651
50774 57770 57690 -0.00157561
50551 56745 56722 -0.000454986
50788 57028 57069 0.000807277
52628 58381 58381 0
50513 56955 56955 0
51265 56940 57086 0.00284795
50554 56415 56509 0.0018594
47191 53677 53850 0.00366595
48030 55258 55705 0.00930668
51131 56806 57191 0.00752968
50469 56311 56295 -0.000317026
50313 58227 58123 -0.00206706
50593 56769 56775 0.000118593
50962 56869 56636 -0.00457203
51018 57030 56904 -0.00246972
49444 56419 56314 -0.00212361
50211 58102 58113 0.000219076
49588 56731 56470 -0.00526337
52365 56768 56863 0.00181419
50593 56296 56649 0.00697725
52160 58391 58341 -0.000958589
50518 57141 57268 0.00251396
49304 55940 55986 0.000932987
51025 57013 56846 -0.00327291
51171 57978 58019 0.000801235
49511 57344 57825 0.00971501
49755 55894 55620 -0.00550698
51140 55893 55959 0.00129057
49990 55861 55760 -0.0020204
51765 57154 56424 -0.0141022
49660 56361 56361 0
50444 56999 56775 -0.00444057
49472 55824 55998 0.00351714
49625 56746 56789 0.000866499
51827 56625 56583 -0.000810388
48351 55723 55956 0.00481893
51101 56488 56119 -0.00722099
50549 55966 55473 -0.00975291
49950 56338 56485 0.00294294
50282 57554 57408 -0.00290362
49712 55726 55698 -0.000563244
50914 57498 57117 -0.00748321
49126 55571 55571 0
50882 56882 56373 -0.0100035
49762 56852 56461 -0.0078574
48785 55283 54956 -0.00670288
50780 55436 55602 0.003269
49811 56557 56496 -0.00122463
50407 56030 56206 0.00349158
48982 55189 55366 0.00361357
49374 56887 56771 -0.00234941
51126 59322 59322 0
51067 56529 56489 -0.000783285
50366 55496 55695 0.00395108
52900 57451 57393 -0.00109641
50549 56985 57022 0.000731963
50852 57081 57081 0
52325 58197 58387 0.00363115
48757 56432 56341 -0.0018664
49273 56389 56250 -0.00282102
50912 57265 57280 0.000294626
50262 58434 58520 0.00171103
50813 58024 57897 -0.00249936
48652 57026 56227 -0.0164228
48454 55862 55905 0.00088744
48898 55961 56311 0.00715776
51236 57246 57210 -0.000702631
50568 57583 57530 -0.00104809
50845 57144 56989 -0.00304848
50145 55061 55237 0.00350982
50935 56386 56543 0.00308236
49945 57439 57434 -0.00010011
52151 57231 57332 0.00193668
50573 55840 55950 0.00217507
51120 56829 57859 0.0201487
50316 57056 57350 0.00584307
47026 54006 54006 0
49607 57289 57148 -0.00284234
48215 54873 55041 0.00348439
51427 57525 57477 -0.000933362
49590 55883 55637 -0.00496068
