29554 32143 31842 -0.0101847
28695 31876 31906 0.00104548
29252 32846 32854 0.000273486
28365 32411 32502 0.00320818
29453 32347 32619 0.00923505
28274 32422 32637 0.00760416
29282 33265 32942 -0.0110307
28628 32473 32493 0.000698617
28753 32358 32297 -0.00212152
28601 31336 31332 -0.000139855
28351 32518 32530 0.000423265
29432 32727 32760 0.00112123
28593 31490 31508 0.000629525
28486 32584 32581 -0.000105315
29143 32621 32596 -0.000857839
29618 32808 32749 -0.00199203
29046 32817 32810 -0.000240997
28399 32624 32738 0.00401423
27883 31697 31670 -0.000968332
29350 32552 32589 0.00126065
28575 33064 32524 -0.0188976
29168 32519 32620 0.0034627
28778 31897 32178 0.0097644
29400 32188 32197 0.000306122
29011 31813 31769 -0.00151667
29206 32964 32985 0.00071903
29550 32748 32708 -0.00135364
29688 32972 32969 -0.000101051
29569 32555 32628 0.0024688
29309 32577 32361 -0.00736975
29634 33043 32984 -0.00199096
27929 32076 32076 0
28966 32253 32110 -0.00493682
28526 31571 31441 -0.00455725
28329 31782 31856 0.00261216
28949 32686 32686 0
29237 32483 32575 0.0031467
30330 33051 33051 0
28237 32522 32098 -0.0150158
28381 32060 32005 -0.00193792
30957 33553 33702 0.00481313
29648 32150 32069 -0.00273206
29168 32557 32379 -0.00610258
29128 32561 32561 0
28265 32244 32184 -0.00212277
30215 33374 33388 0.000463346
29784 32669 32593 -0.00255171
30255 32909 32894 -0.000495786
29596 32778 32780 6.75767e-05
28729 31400 31268 -0.00459466
29953 32480 32459 -0.000701098
28459 32413 32413 0
28230 31427 31306 -0.00428622
28956 32372 32368 -0.000138141
28923 32548 32621 0.00252394
29611 32487 32224 -0.00888183
28799 32616 32616 0
29720 33113 33041 -0.00242261
29405 32055 32185 0.00442102
28702 32090 32067 -0.000801338
29055 32106 32081 -0.000860437
29307 32401 32137 -0.00900809
28913 32006 31996 -0.000345865
29668 33139 33018 -0.00407847
27622 31473 31540 0.0024256
28657 32413 32401 -0.000418746
29459 32711 32664 -0.00159544
28624 32237 32257 0.000698714
29039 31454 31638 0.00633631
29322 33180 33180 0
28938 32493 32468 -0.000863916
28313 32138 32092 -0.0016247
29983 32553 32704 0.00503619
28359 32305 32261 -0.00155154
27667 31963 31868 -0.00343369
27754 32005 31885 -0.0043237
27962 31807 31448 -0.0128389
29250 33176 32792 -0.0131282
28621 33027 33218 0.00667342
29109 32864 32829 -0.00120238
28424 31564 31544 -0.000703631
29420 32569 32491 -0.00265126
28460 31955 31648 -0.0107871
28556 31614 31553 -0.00213615
27825 32983 32947 -0.0012938
28980 32677 32572 -0.00362319
28397 31324 31487 0.00574004
28558 33243 33243 0
29907 33005 32716 -0.00966329
29201 33151 33393 0.00828739
29516 33669 33439 -0.00779238
27968 32692 32692 0
27921 33275 33176 -0.00354572
28743 32369 32409 0.00139164
28957 32525 32394 -0.00452395
29401 32644 32694 0.00170062
28485 31970 31852 -0.00414253
29643 32434 32293 -0.0047566
29267 32592 32529 -0.0021526
28800 32153 32125 -0.000972222
28743 32269 32367 0.00340953
29306 32445 32380 -0.00221798
29172 33102 33030 -0.00246812
29908 32615 32609 -0.000200615
29603 32433 32557 0.00418876
28873 33218 33348 0.00450248
28749 32022 32165 0.00497409
28863 32321 32264 -0.00197485
29392 32437 32260 -0.00602205
29000 32664 32724 0.00206897
29762 32359 32366 0.000235199
29472 31870 31784 -0.00291802
29488 32793 32793 0
29096 32182 32187 0.000171845
27955 31944 31906 -0.00135933
28498 31881 31883 7.01804e-05
28712 32184 31951 -0.00811507
29013 32681 32652 -0.000999552
29240 32934 32921 -0.000444596
29560 32108 32121 0.000439783
28749 32054 31994 -0.00208703
28710 32325 32412 0.0030303
28921 32927 32998 0.00245496
28082 31401 31530 0.00459369
28935 33044 33000 -0.00152065
29290 32285 32343 0.0019802
28258 32052 31791 -0.00923632
29697 32890 32918 0.000942856
29808 32320 32317 -0.000100644
29197 33227 32763 -0.015892
28881 33084 33057 -0.000934871
28730 32363 32267 -0.00334145
28720 32235 32320 0.00295961
29824 33051 32985 -0.00221298
29491 33069 33126 0.00193279
27922 32383 32339 -0.00157582
30247 33537 33481 -0.00185142
30387 32941 32919 -0.000723994
27819 32113 32141 0.00100651
28225 32546 32455 -0.00322409
29502 31827 31774 -0.00179649
29354 31563 31707 0.00490563
28552 31670 31400 -0.00945643
28629 32203 32202 -3.49296e-05
28620 31743 32233 0.0171209
28856 32533 32424 -0.00377738
29570 32760 32807 0.00158945
27165 31400 31403 0.000110436
29770 33289 33141 -0.00497145
28184 31211 31530 0.0113185
29009 32404 32455 0.00175808
28380 31932 31819 -0.00398168
29875 32027 31774 -0.00846862
28311 31611 31482 -0.00455653
28789 31860 31769 -0.00316093
28764 32289 31890 -0.0138715
27781 31685 31630 -0.00197977
28500 32067 32085 0.000631579
29307 32351 32394 0.00146723
28025 31936 31825 -0.00396075
29064 32588 32788 0.00688137
29911 33115 33098 -0.000568353
29569 32041 31960 -0.00273936
29088 32798 32830 0.00110011
27476 31681 31856 0.00636919
28326 32441 32474 0.00116501
30002 32482 32525 0.00143324
28393 32982 32948 -0.00119748
29260 32935 32896 -0.00133288
29088 32358 32343 -0.000515677
28276 32443 32438 -0.000176828
28986 33374 33215 -0.00548541
29324 32227 32261 0.00115946
28816 31556 31648 0.00319267
30234 32604 32640 0.00119071
28349 32482 32403 -0.00278669
29631 32633 32943 0.010462
28093 32037 31969 -0.00242053
28657 32197 32212 0.000523432
30047 32318 32379 0.00203015
28554 32781 32899 0.00413252
29667 32752 32871 0.00401119
30068 32676 32670 -0.000199548
28130 32603 32592 -0.000391042
30389 33439 33199 -0.00789759
29908 33051 33199 0.00494851
29027 32371 32315 -0.00192924
27928 31274 31419 0.00519192
28601 32025 31960 -0.00227265
29484 33211 33211 0
28649 32344 32218 -0.00439806
29016 32768 32761 -0.000241246
29234 32216 32350 0.0045837
29877 33633 33590 -0.00143923
28496 32978 32917 -0.00214065
29071 32422 32183 -0.00822125
28205 31981 32214 0.00826095
27854 31200 31351 0.00542112
28273 31643 31522 -0.0042797
27249 31962 31833 -0.00473412
29499 33266 33251 -0.000508492
28846 32834 32765 -0.00239201
28620 32677 32669 -0.000279525
28119 32662 32600 -0.00220491
29446 32284 32419 0.00458466
28844 31269 31212 -0.00197615
29062 32851 32769 -0.00282155
28890 32488 32544 0.00193839
29259 31855 31983 0.00437472
29248 32164 32152 -0.000410284
27635 30734 30337 -0.0143658
30736 33741 33737 -0.000130141
30127 32971 32903 -0.00225711
28909 33322 33322 0
29360 32426 32557 0.00446185
27983 32133 32286 0.00546761
29045 31761 31643 -0.00406266
28106 31955 31981 0.000925069
29606 32816 32757 -0.00199284
28914 33054 32724 -0.0114132
29391 32640 32661 0.000714504
28873 31824 31820 -0.000138538
30060 33853 33862 0.000299401
27364 30909 30856 -0.00193685
28250 33211 32850 -0.0127788
28556 32480 32231 -0.00871971
28342 31733 31890 0.00553948
28672 31658 31621 -0.00129046
29304 32316 32332 0.000546001
29341 32889 32960 0.00241982
28630 32523 32475 -0.00167656
29583 32697 32621 -0.00256904
29405 33497 33449 -0.00163238
28709 31748 31866 0.00411021
28627 32048 31901 -0.00513501
28104 31806 31815 0.000320239
28988 32660 32630 -0.00103491
29720 32650 32498 -0.0051144
28942 32958 32870 -0.00304056
29837 32774 32820 0.00154171
28909 32140 32114 -0.000899374
28956 33009 32840 -0.00583644
28631 31896 31896 0
29175 32418 32494 0.00260497
29718 33459 33477 0.000605694
28932 33349 33300 -0.00169363
29169 32253 32365 0.00383969
28250 31225 31232 0.000247788
28436 31836 31871 0.00123083
28693 31916 31950 0.00118496
27826 32033 32056 0.000826565
29317 32422 32591 0.00576457
28505 32148 32183 0.00122785
27478 31603 31546 -0.00207439
28835 31721 31766 0.0015606
28923 32425 32398 -0.000933513
28391 32855 32685 -0.00598781
29042 32510 32469 -0.00141175
28401 32175 32210 0.00123235
28354 32028 32098 0.00246879
28917 32600 32159 -0.0152505
27909 32710 32686 -0.000859938
29393 32189 32189 0
28350 32013 31934 -0.0027866
29542 32897 32920 0.000778553
28824 32509 32449 -0.0020816
28660 32041 31955 -0.0030007
28286 32449 32387 -0.0021919
27923 32350 32370 0.000716255
27820 31547 31290 -0.00923796
29008 33014 33102 0.00303365
28747 31932 31761 -0.00594845
27944 32243 31972 -0.00969797
29666 32612 32557 -0.00185397
29636 33481 33560 0.00266568
29742 32487 32487 0
28685 32465 32374 -0.00317239
28529 31707 31739 0.00112167
28997 32874 32868 -0.000206918
28812 31686 32088 0.0139525
29830 32680 32685 0.000167616
28156 31499 31511 0.000426197
29211 31690 31621 -0.00236212
27991 31749 31710 -0.0013933
26747 31814 31902 0.00329009
29512 32760 32728 -0.0010843
28497 31410 31527 0.0041057
29146 33470 33262 -0.00713649
29967 32429 32293 -0.00453833
29948 32361 32343 -0.000601042
29476 32939 33034 0.00322296
29795 32652 32652 0
29364 32125 32200 0.00255415
29013 32385 32385 0
28393 32703 32518 -0.00651569
28371 32413 32468 0.0019386
29528 33513 33513 0
28828 32383 32106 -0.00960871
30167 33135 33402 0.00885073
30534 33231 33179 -0.00170302
28013 31567 31396 -0.00610431
29177 33165 33229 0.00219351
28522 32451 32349 -0.00357619
28755 32607 32354 -0.00879847
29083 31803 31893 0.00309459
28380 32603 32621 0.000634249
29715 32136 32247 0.00373549
28956 32552 32574 0.000759773
28149 32095 32070 -0.000888131
29652 31166 31169 0.000101174
28487 33030 32960 -0.00245726
29182 31858 31776 -0.00280995
28106 32067 32186 0.00423397
29242 32908 32787 -0.00413788
28764 32143 32106 -0.00128633
28305 32362 32197 -0.00582936
29307 32619 32663 0.00150135
27607 31608 31723 0.00416561
27947 32708 32674 -0.00121659
28300 31239 30977 -0.00925795
28009 31036 31273 0.00846157
27498 31318 31218 -0.00363663
29243 32478 32430 -0.00164142
28723 32115 32076 -0.0013578
29170 32570 32570 0
28527 31959 31959 0
28908 32287 32119 -0.00581154
28992 32083 32134 0.00175911
29120 31419 31382 -0.0012706
28463 32393 32358 -0.00122967
28762 32079 32189 0.00382449
29356 32333 32291 -0.00143071
28018 32556 32599 0.00153473
28750 32393 32390 -0.000104348
29230 31680 31696 0.000547383
29578 31949 32196 0.0083508
29077 32222 32165 -0.00196031
30123 33483 33589 0.00351891
28380 32290 32195 -0.00334743
29898 33170 33197 0.00090307
28485 32412 32423 0.000386168
29161 32277 32247 -0.00102877
29183 32519 32481 -0.00130213
28811 32081 32146 0.00225608
28414 32331 32343 0.000422327
29532 32710 32642 -0.00230259
29100 32835 32421 -0.0142268
29738 32623 32623 0
28442 31704 31810 0.00372688
28904 32144 32047 -0.00335594
28319 33021 33030 0.000317808
28913 32230 32137 -0.00321655
28089 31959 32021 0.00220727
27876 32029 31996 -0.00118381
28905 32243 32202 -0.00141844
30269 33225 33217 -0.000264297
28165 32395 32449 0.00191727
29808 32918 32923 0.00016774
28127 31429 31170 -0.00920823
28627 32056 31935 -0.00422678
29013 32116 31716 -0.0137869
28679 32493 32351 -0.00495136
28827 32801 32637 -0.00568911
29951 33071 32791 -0.0093486
29367 32569 33025 0.0155276
29045 32798 32777 -0.000723016
29075 32231 32231 0
28849 32292 32639 0.0120281
29467 32375 32611 0.00800896
30054 32487 32671 0.00612231
29007 33314 33314 0
28697 31969 31866 -0.00358923
29204 32309 32265 -0.00150664
29238 33257 33424 0.00571174
29663 33200 33131 -0.00232613
28897 32622 32211 -0.0142229
30194 32500 32639 0.00460356
30064 32211 32218 0.000232837
29505 32372 32372 0
29666 32754 32532 -0.00748331
28504 32099 32051 -0.00168397
28424 32019 31876 -0.00503096
29206 32250 32278 0.000958707
28643 33299 33299 0
28705 31485 31731 0.00856994
27368 32219 32254 0.00127887
28831 32510 32694 0.00638202
27868 32705 32844 0.0049878
29341 32280 32336 0.00190859
30298 33146 33037 -0.0035976
28915 32076 32033 -0.00148712
29108 32991 33073 0.00281709
29198 32161 32207 0.00157545
30300 33582 33614 0.00105611
29612 32998 32982 -0.000540321
28664 32464 32418 -0.0016048
29411 32451 32451 0
27834 31825 32156 0.0118919
28824 32362 32399 0.00128365
27931 32032 31955 -0.00275679
27982 32144 32139 -0.000178686
28691 32189 32118 -0.00247464
28704 31505 31886 0.0132734
29305 32496 32541 0.00153557
29479 32067 31821 -0.00834492
28499 31815 31822 0.000245623
29139 32470 32470 0
29329 32297 32297 0
29453 32832 33034 0.00685838
29226 31917 32068 0.00516663
28681 32516 32464 -0.00181305
27766 31390 31469 0.00284521
28803 31832 32274 0.0153456
28172 32260 32181 -0.0028042
28658 31917 31922 0.000174471
28292 32539 32669 0.00459494
29862 33110 33062 -0.00160739
28677 31916 31916 0
28145 32624 32624 0
28241 30884 30713 -0.00605503
27704 32559 32422 -0.00494513
28492 33278 33360 0.002878
29083 32857 32983 0.00433243
28079 31975 32122 0.00523523
29736 32526 32547 0.000706215
29750 32972 32695 -0.00931092
27977 32874 32709 -0.0058977
29067 32144 32131 -0.000447243
29122 32446 32467 0.000721104
28915 32971 33088 0.00404634
29534 32051 31944 -0.00362294
29496 33054 32937 -0.00396664
29524 32589 32497 -0.00311611
28869 32111 31966 -0.00502269
27721 31703 31694 -0.000324664
28745 32738 32770 0.00111324
28443 31829 31835 0.000210948
28457 32385 32502 0.00411147
29451 31893 31892 -3.39547e-05
29428 33180 32990 -0.00645644
27751 32025 31944 -0.00291881
28387 31492 31400 -0.00324092
28785 32511 32505 -0.000208442
28770 32343 32229 -0.00396246
28222 32157 32212 0.00194883
29479 32540 32601 0.00206927
29442 32606 32606 0
28744 32345 32363 0.000626218
27850 31960 31797 -0.00585278
28267 32818 32855 0.00130895
29854 33020 33063 0.00144034
29638 32274 32558 0.00958229
28608 32581 32581 0
28399 32964 33063 0.00348604
29623 32874 32407 -0.0157648
30130 32929 32811 -0.00391636
29957 33025 32953 -0.00240344
29406 31741 31693 -0.00163232
29128 32609 32596 -0.000446306
30790 32710 32683 -0.000876908
28819 32363 32339 -0.000832784
29382 32679 32679 0
28092 32931 32893 -0.0013527
29011 32259 32603 0.0118576
29436 32784 32571 -0.00723604
29462 33136 32898 -0.0080782
30638 33747 33728 -0.000620145
28248 32627 32627 0
28491 32408 32305 -0.00361518
28985 32186 32036 -0.00517509
30267 32950 32929 -0.000693825
28826 32184 32076 -0.00374662
28828 31680 31622 -0.00201193
28434 33094 32937 -0.00552156
27851 31373 31400 0.000969445
28531 31953 31930 -0.000806141
28588 32127 32382 0.00891983
29160 32243 32244 3.42936e-05
28912 32812 32810 -6.91754e-05
28770 32324 32313 -0.000382343
30488 33206 33005 -0.00659276
28673 31922 32003 0.00282496
29796 32560 32477 -0.00278561
28113 31623 31714 0.00323694
29626 32977 32750 -0.00766219
29323 33401 33297 -0.0035467
28784 31755 31890 0.00469011
29698 33446 33370 -0.00255909
28528 32270 31975 -0.0103407
28453 32410 32297 -0.00397146
28886 32222 32373 0.00522745
29054 32217 32426 0.0071935
29112 32008 31962 -0.0015801
29070 33266 33102 -0.00564155
28262 32231 32161 -0.00247682
28570 31984 32018 0.00119006
29440 32329 32420 0.00309103
30285 32716 32457 -0.00855209
28919 32032 31998 -0.0011757
29242 32833 32709 -0.00424048
28653 32164 32164 0
28690 32838 32780 -0.00202161
29061 32586 32542 -0.00151406
29100 31322 31400 0.00268041
28540 31748 31814 0.00231254
28425 31753 31668 -0.00299033
28985 33581 33635 0.00186303
27914 32042 32046 0.000143297
28479 33151 33005 -0.00512658
29596 33212 33227 0.000506825
28388 31656 31699 0.00151472
29447 31884 31950 0.00224131
29700 32891 32986 0.00319865
28639 32418 32121 -0.0103705
28985 32643 32606 -0.00127652
29925 32557 32482 -0.00250627
29176 32040 32052 0.000411297
30015 32994 33095 0.00336498
29207 32616 32477 -0.00475913
29175 33361 33254 -0.00366752
28082 31646 31788 0.00505662
28645 32238 32072 -0.00579508
28624 32261 32299 0.00132756
29600 32490 32374 -0.00391892
28560 31201 31200 -3.5014e-05
28971 31402 31397 -0.000172586
28444 32060 32050 -0.000351568
29942 32489 32435 -0.00180349
28202 31623 31748 0.00443231
28684 32753 32804 0.00177799
29421 32640 32888 0.00842935
29176 32524 32397 -0.00435289
29730 32883 33034 0.00507904
28512 31369 31228 -0.00494529
28096 31792 31780 -0.000427107
27402 32816 32816 0
29932 32792 32770 -0.000734999
28369 31874 31705 -0.00595721
28087 31859 31987 0.00455727
28541 32599 32622 0.000805858
30254 33487 33051 -0.0144113
27828 31593 31615 0.000790571
28496 31711 31505 -0.00722908
28874 32114 32114 0
28173 32113 32065 -0.00170376
29291 31931 31967 0.00122905
30227 32464 32485 0.000694743
28879 32502 32322 -0.0062329
29363 32702 32654 -0.00163471
29185 32945 32885 -0.00205585
28601 31983 32389 0.0141953
28560 32527 32618 0.00318627
28461 32124 32316 0.00674607
29036 32662 32748 0.00296184
28834 31846 32015 0.00586114
28136 31440 31590 0.00533125
29142 33345 33327 -0.000617665
28767 31994 31998 0.000139048
27876 31487 31544 0.00204477
28721 32307 32214 -0.00323805
28541 31971 31948 -0.000805858
28337 32475 32568 0.00328193
29535 33130 33178 0.00162519
28604 32267 32151 -0.00405538
30056 33430 33421 -0.000299441
28224 31866 31595 -0.00960176
28040 31870 31846 -0.00085592
29577 32493 32419 -0.00250194
29497 32343 32308 -0.00118656
28027 32549 32549 0
29226 32638 32490 -0.00506398
29058 32879 32740 -0.00478354
29493 32266 32200 -0.00223782
29018 33149 33142 -0.00024123
28328 32037 32087 0.00176504
29377 33584 33565 -0.000646764
29031 32431 32435 0.000137784
27783 32160 32161 3.59932e-05
28734 32184 32374 0.00661238
27940 32094 32027 -0.002398
28065 31619 31729 0.00391947
29106 32008 31954 -0.00185529
29889 33557 33548 -0.000301114
27642 31281 31315 0.00123001
29918 33408 33401 -0.000233973
28851 32685 32644 -0.00142109
27933 32192 32113 -0.0028282
28536 31759 31758 -3.50435e-05
29778 32706 32505 -0.00674995
27919 31969 31873 -0.00343852
30503 33244 33381 0.00449136
28338 32058 32186 0.0045169
27859 31403 31431 0.00100506
28032 31786 31658 -0.00456621
29895 33783 33341 -0.0147851
28225 31782 31887 0.00372011
29255 31943 31921 -0.000752008
30137 32725 32845 0.00398182
29192 31792 32052 0.00890655
29808 32901 32799 -0.0034219
27525 30814 30660 -0.00559491
28340 31678 31744 0.00232886
28736 31944 31941 -0.000104399
29647 32386 32357 -0.000978177
28201 32519 32518 -3.54597e-05
29001 32284 32169 -0.00396538
28595 32662 32627 -0.00122399
29178 32688 32569 -0.00407842
29227 32216 32129 -0.0029767
29080 33383 33298 -0.00292297
28000 32438 32464 0.000928571
28376 32332 32295 -0.00130392
29204 32217 32200 -0.000582112
29868 32491 32423 -0.00227668
28273 32035 32073 0.00134404
29092 32353 32365 0.000412485
27952 32267 32389 0.00436463
27649 31826 31856 0.00108503
28793 32096 32096 0
29852 32541 32527 -0.00046898
29390 32406 32365 -0.00139503
28915 31979 31979 0
29776 32889 32819 -0.00235089
27363 31978 31978 0
28796 31428 31591 0.00566051
28867 31784 31790 0.00020785
28189 32114 32116 7.09497e-05
28461 32626 32375 -0.00881909
29461 32377 32294 -0.00281728
29320 32858 32806 -0.00177353
28586 32231 32234 0.000104946
28760 32592 32424 -0.00584145
28631 32980 32750 -0.00803325
29652 32397 32264 -0.00448536
29105 33240 32625 -0.0211304
28781 32679 32745 0.00229318
28784 32160 32198 0.00132018
28678 32100 32238 0.00481205
27797 32509 32556 0.00169083
29187 32621 32518 -0.00352897
27889 32342 32283 -0.00211553
29421 32220 32079 -0.0047925
28561 32480 32589 0.00381639
29158 32458 32469 0.000377255
29651 32859 32851 -0.000269805
29449 32223 32108 -0.00390506
27892 31647 31807 0.00573641
29185 33068 32894 -0.00596197
30273 33894 33894 0
29258 32626 32536 -0.00307608
29124 32314 32311 -0.000103008
28677 31827 31926 0.00345224
29796 32420 32418 -6.71231e-05
29808 32202 32364 0.00543478
30234 33631 33631 0
28737 32065 32070 0.000173992
29834 33478 33162 -0.0105919
29232 32985 32724 -0.00892857
29532 32816 32865 0.00165922
27923 31335 31271 -0.00229202
28685 31746 31717 -0.00101098
29723 32796 32714 -0.00275881
29953 32440 32276 -0.00547524
29278 32713 32719 0.000204932
29349 32914 32821 -0.00316876
29088 32247 32170 -0.00264714
29332 32041 32093 0.00177281
28634 31415 31428 0.000454006
28858 31656 31554 -0.00353455
29069 32399 32461 0.00213286
28790 32587 32635 0.00166725
29815 32608 32631 0.000771424
29525 32840 32390 -0.0152413
28612 32904 33099 0.00681532
30325 32902 32871 -0.00102226
28376 32499 32502 0.000105723
29417 32792 32792 0
27986 31795 31814 0.000678911
28772 32198 32452 0.00882803
27762 32530 32505 -0.000900511
29133 32725 32536 -0.00648749
29639 32430 32430 0
28437 31640 31980 0.0119563
29517 32367 32436 0.00233764
29369 32821 32716 -0.0035752
30056 32938 33009 0.00236226
28252 32995 33007 0.000424749
28294 31999 32142 0.00505408
30179 32635 32618 -0.000563306
29029 33088 33060 -0.000964553
28072 31995 31877 -0.00420348
28223 32518 32391 -0.00449988
30054 33194 33152 -0.00139748
29914 32020 32110 0.00300862
30387 33388 33319 -0.00227071
30039 33482 33479 -9.98702e-05
28625 32808 32763 -0.00157205
29022 32160 32298 0.00475501
28621 31636 31882 0.00859509
28177 31514 31424 -0.00319409
29360 32492 32683 0.00650545
28229 32087 32121 0.00120444
29270 31876 31828 -0.0016399
29225 32556 32561 0.000171086
29000 32255 32320 0.00224138
28925 32039 32131 0.00318064
29559 32431 32413 -0.000608952
28401 31325 31446 0.00426041
29464 32601 32435 -0.00563399
28046 32035 32035 0
28588 31845 31836 -0.000314817
28938 32912 32988 0.0026263
29351 32539 32527 -0.000408845
28303 32433 32303 -0.00459315
29246 33293 33218 -0.00256445
29385 32383 32561 0.00605751
28859 32905 32918 0.000450466
29491 32946 32967 0.000712082
28879 32456 32991 0.0185256
28081 32312 32282 -0.00106834
29059 32458 32256 -0.00695137
28926 32045 31985 -0.00207426
29255 33165 33298 0.00454623
30162 33101 33190 0.00295073
28494 31607 31360 -0.00866849
28579 31735 31785 0.00174954
30704 33438 33482 0.00143304
29585 32581 32529 -0.00175765
28047 32096 32096 0
27787 32161 32190 0.00104365
29364 32778 32914 0.00463152
29763 32827 32872 0.00151194
29836 33199 33196 -0.00010055
29887 32071 32010 -0.00204102
29129 31919 31830 -0.00305537
27722 32228 32220 -0.000288579
28828 31875 31887 0.000416262
29698 32457 32489 0.00107751
27953 31639 31656 0.000608164
29007 32033 31970 -0.00217189
27329 31799 31619 -0.00658641
28818 32195 31986 -0.00725241
28683 32402 32415 0.00045323
27663 31621 31566 -0.00198822
29176 32206 32231 0.000856869
30087 32258 32292 0.00113006
28650 31307 31405 0.00342059
29765 33260 33099 -0.00540904
28562 31206 31131 -0.00262587
29307 33471 33488 0.000580066
29495 32719 32569 -0.00508561
28322 33292 33324 0.00112986
28929 32422 32463 0.00141726
28154 32223 32033 -0.0067486
29509 32828 32512 -0.0107086
28197 31660 31737 0.00273079
28449 31910 31965 0.00193328
29105 31715 31852 0.0047071
29038 32151 32293 0.00489014
28985 32293 32176 -0.00403657
29307 32196 32094 -0.0034804
27416 31445 31436 -0.000328275
28871 32035 31520 -0.017838
28906 32043 31827 -0.0074725
28754 32074 31867 -0.007199
28943 32629 32525 -0.00359327
29531 33255 33340 0.00287833
28579 31848 31737 -0.00388397
29307 32540 32553 0.00044358
29456 33440 33472 0.00108637
29419 32974 32974 0
28962 32985 33008 0.000794144
29359 32624 32624 0
28501 31328 31259 -0.00242097
28303 32646 32480 -0.0058651
28489 32433 32213 -0.00772228
29313 32469 32294 -0.00597005
29711 33193 33186 -0.000235603
28354 32856 32856 0
27468 31577 31602 0.00091015
28099 31392 31344 -0.00170825
28234 32563 32516 -0.00166466
27731 32114 31839 -0.0099167
29954 32573 32320 -0.00844628
27740 31445 31584 0.00501081
28229 32140 32230 0.00318821
27687 31808 31874 0.00238379
28061 31761 31796 0.00124728
27900 32073 32077 0.000143369
29087 32226 32152 -0.00254409
28356 31906 31913 0.000246861
28250 31287 31598 0.0110088
30204 32380 32346 -0.00112568
28715 32221 32278 0.00198503
28613 32791 32699 -0.00321532
28235 32310 32311 3.5417e-05
29288 31911 32101 0.0064873
28248 31634 31549 -0.00300906
29533 32272 31967 -0.0103274
29642 32243 32243 0
28334 31616 31616 0
28169 33099 33163 0.002272
29823 32585 32390 -0.00653858
30132 33301 33301 0
28930 32170 32111 -0.00203941
30362 33305 33274 -0.00102101
29121 32331 32419 0.00302187
28164 31467 31460 -0.000248544
29157 32863 32863 0
28350 32359 32324 -0.00123457
28603 31866 31771 -0.00332133
29508 33262 33103 -0.00538837
30318 32455 32478 0.000758625
29208 32208 32208 0
29116 32574 32710 0.00467097
29117 31904 31755 -0.00511729
27667 31999 31999 0
28759 32303 32361 0.00201676
28892 32118 32264 0.0050533
29969 32770 32787 0.000567253
28015 31802 31728 -0.00264144
29880 32997 32997 0
29388 33292 33292 0
29525 33236 33354 0.00399661
27840 32574 32574 0
27390 32200 32253 0.00193501
29112 32484 32690 0.00707612
29916 32340 32329 -0.000367696
30044 32307 32356 0.00163094
28895 32149 31938 -0.0073023
29173 32854 32854 0
28770 32305 32349 0.00152937
28439 32525 32345 -0.00632934
28731 32361 32523 0.00563851
29178 32918 32960 0.00143944
28980 31938 31931 -0.000241546
28981 32575 32774 0.00686657
28599 32268 32290 0.000769258
29030 32553 32508 -0.00155012
28936 32816 32760 -0.00193531
28292 32170 32301 0.00463028
28873 32903 32705 -0.00685762
27871 31880 31910 0.00107639
27847 32017 32061 0.00158006
29552 32659 32632 -0.000913644
28280 31781 31664 -0.0041372
28850 32452 32499 0.00162912
29083 32316 32152 -0.00563903
28932 32625 32648 0.000794968
28317 32330 32378 0.00169509
28746 32068 31772 -0.0102971
30033 32242 32635 0.0130856
29652 32703 32759 0.00188857
28413 31853 31850 -0.000105585
28860 32160 32160 0
29068 32433 32556 0.00423146
29247 33105 33046 -0.0020173
29044 32452 32516 0.00220355
28810 32140 32064 -0.00263797
28478 31907 32102 0.00684739
28970 32901 32901 0
28959 32765 32830 0.00224455
28094 32013 31879 -0.0047697
29763 32033 31976 -0.00191513
28701 32487 32332 -0.00540051
28617 32452 32380 -0.00251599
29621 32799 32773 -0.000877756
27345 31541 31321 -0.00804535
27688 32010 31717 -0.0105822
29727 32743 32743 0
28732 31579 31612 0.00114855
28265 32239 32318 0.00279498
28254 32050 32171 0.00428258
29327 32535 32702 0.00569441
29123 33008 32962 -0.00157951
29170 33134 32892 -0.00829619
29695 33060 32729 -0.0111467
29608 31971 31953 -0.000607944
31118 33332 33349 0.000546308
29422 32260 32241 -0.000645775
27615 31821 31695 -0.00456274
29441 32580 32462 -0.00400802
28466 33075 33066 -0.000316167
28509 31740 31648 -0.00322705
29063 32545 32606 0.00209889
29148 32673 32440 -0.00799369
30065 32805 32867 0.0020622
28834 31834 31873 0.00135257
29301 32544 32279 -0.00904406
29880 32699 32671 -0.000937082
28304 31716 31729 0.000459299
28110 32097 32097 0
28562 32009 31938 -0.00248582
28424 32438 32226 -0.00745849
28178 31196 30990 -0.00731067
29168 33410 33410 0
29969 33136 33054 -0.00273616
30731 33434 33402 -0.00104129
28620 31951 32113 0.00566038
28419 31726 31696 -0.00105563
28771 32874 32952 0.00271106
28057 31725 31636 -0.00317211
28502 31702 31676 -0.000912217
29480 32522 32167 -0.0120421
28960 32632 32846 0.0073895
29400 32606 32573 -0.00112245
29711 33116 33012 -0.00350039
29319 33074 32765 -0.0105392
28946 32472 32553 0.00279831
27996 32187 32191 0.000142878
28836 31903 31981 0.00270495
28753 32788 32797 0.000313011
30492 33038 33115 0.00252525
30041 32080 32080 0
28602 31955 32039 0.00293686
29978 33332 33385 0.00176796
29354 32419 32360 -0.00200995
29653 32675 32723 0.00161872
30074 33804 33754 -0.00166257
29973 33292 33296 0.000133453
29179 32532 32302 -0.00788238
29423 32635 32650 0.000509805
30234 33093 33004 -0.00294371
29018 32107 32057 -0.00172307
29546 32413 32436 0.000778447
28921 32275 32267 -0.000276616
27464 30760 30758 -7.28226e-05
27709 31671 31608 -0.00227363
29556 32490 32490 0
29205 32164 32409 0.00838897
29371 33123 33209 0.00292806
29167 32755 32585 -0.0058285
30097 32546 32740 0.00644583
29408 32489 32489 0
28374 32446 32324 -0.00429971
29100 33258 33258 0
28605 32530 32376 -0.00538367
30173 32897 32897 0
29022 32097 32197 0.00344566
30020 33365 33376 0.000366422
29381 32706 32833 0.00432252
28481 31594 31815 0.00775956
29239 32641 32795 0.00526694
29973 33641 33654 0.000433724
28403 32377 32775 0.0140126
28641 31865 31941 0.00265354
29393 32143 32021 -0.00415065
28932 32349 32374 0.000864095
29771 32963 32984 0.000705384
28729 32178 32178 0
28963 32932 32629 -0.0104616
28135 31987 31956 -0.00110183
28702 32261 32125 -0.00473835
29770 32213 32330 0.00393013
27815 31606 31541 -0.00233687
29692 32418 32393 -0.000841978
29395 31749 32009 0.00884504
28998 32314 32218 -0.00331057
29186 32616 32512 -0.00356335
28879 32013 31870 -0.0049517
29167 32574 32384 -0.00651421
28204 31743 31787 0.00156006
29339 31967 32161 0.00661236
28448 32249 32170 -0.002777
28397 31737 31882 0.00510617
29056 31902 31951 0.0016864
28689 32120 32295 0.0060999
29026 31919 31920 3.44519e-05
28471 31372 31697 0.0114151
28456 32923 32590 -0.0117023
29707 33845 33845 0
29728 32501 32575 0.00248924
28690 31905 31949 0.00153364
30403 32778 32762 -0.000526264
29179 32584 32584 0
28920 32664 32664 0
30014 33119 33017 -0.00339841
28495 32608 32608 0
28585 32079 32025 -0.0018891
29600 32838 32846 0.00027027
28591 33508 33508 0
29124 33133 33035 -0.00336492
27974 32389 32421 0.00114392
27988 32047 32093 0.00164356
28525 32047 32033 -0.000490798
29540 32933 32854 -0.00267434
29180 32911 32911 0
29416 32796 32615 -0.00615311
28568 31635 31244 -0.0136866
29050 32347 32334 -0.000447504
28320 32525 32525 0
29992 32875 32918 0.00143372
29529 32300 32248 -0.00176098
29261 32904 32963 0.00201634
29032 32830 32876 0.00158446
27343 31084 30987 -0.00354753
28979 33062 32966 -0.00331274
27860 31796 31801 0.000179469
29365 32372 32152 -0.00749191
28676 31894 31955 0.00212721
