21823 24485 24603 0.00540714
21697 24308 24340 0.00147486
22590 24999 24931 -0.00301018
21504 24719 24870 0.00702195
22142 24478 24660 0.00821967
21681 24884 24834 -0.00230617
21706 24959 24847 -0.00515986
21750 24794 24702 -0.00422989
21423 24574 24315 -0.0120898
21378 23822 23838 0.000748433
21224 24704 24469 -0.0110724
21934 24532 24443 -0.00405763
21208 23988 23922 -0.00311203
21567 25050 25142 0.00426578
21925 24775 24746 -0.00132269
21795 24498 24267 -0.0105988
21595 25012 25027 0.000694605
21225 25043 25015 -0.0013192
20961 24089 24087 -9.54153e-05
22027 24743 24589 -0.00699142
21355 24954 24850 -0.00487005
21770 24149 24059 -0.00413413
21140 24122 24145 0.00108798
21630 24146 24163 0.000785945
22572 24406 24452 0.00203792
21467 24828 24757 -0.0033074
22120 24594 24639 0.00203436
22468 25268 25184 -0.00373865
21913 24451 24523 0.00328572
21927 24906 24906 0
22033 25327 25311 -0.000726183
20837 24576 24578 9.59831e-05
21531 24649 24595 -0.00250801
21544 24210 24257 0.00218158
21202 24155 24264 0.00514102
21343 24302 24224 -0.00365459
21900 24634 24627 -0.000319635
22977 25338 25344 0.000261131
21093 24966 25093 0.00602095
21442 24869 24855 -0.000652924
23093 25696 25750 0.00233837
22355 24887 24746 -0.00630731
22068 24647 24641 -0.000271887
21842 24646 24624 -0.00100723
21093 24195 24286 0.00431423
23445 25612 25596 -0.000682448
22547 24746 24673 -0.00323768
22557 24875 24928 0.0023496
21913 24812 24910 0.00447223
22002 24398 24428 0.00136351
22369 24182 24267 0.0037999
21576 24669 24605 -0.00296626
20965 24300 24291 -0.000429287
21997 25015 25063 0.00218212
22434 25074 25138 0.00285281
21953 24461 24254 -0.00942924
21576 24792 24805 0.000602521
22174 25093 24939 -0.00694507
22292 24439 24515 0.00340929
21411 24129 23953 -0.00822007
21905 24536 24442 -0.00429126
21831 24558 24534 -0.00109935
22184 25134 25382 0.0111792
22177 25736 25912 0.00793615
20250 23653 23522 -0.00646914
21434 24208 23950 -0.012037
21913 24798 24799 4.5635e-05
21653 24686 24695 0.000415647
21482 23960 23871 -0.004143
21369 24207 24392 0.0086574
21611 24750 25004 0.0117533
20973 24533 24389 -0.00686597
22462 25113 24861 -0.0112189
21820 24986 24684 -0.0138405
20534 24247 24090 -0.00764586
20403 24029 24102 0.00357791
20850 24481 24240 -0.0115588
22160 25168 25001 -0.0075361
21188 25249 25157 -0.00434208
21657 25035 25094 0.00272429
20847 23684 23869 0.00887418
22211 24340 24481 0.00634821
21085 24470 24435 -0.00165995
21664 23961 24170 0.00964734
20631 24973 24966 -0.000339295
21762 24764 24764 0
21321 24158 24165 0.000328315
21402 25296 25338 0.00196243
22682 25757 25716 -0.0018076
21902 25482 25423 -0.00269382
22101 25342 25502 0.00723949
21170 25201 25142 -0.00278696
20920 25582 25553 -0.00138623
21385 24637 24706 0.00322656
22137 25610 25616 0.000271039
21719 24516 24541 0.00115107
21328 24279 24196 -0.0038916
22125 24994 24843 -0.00682486
21625 24422 24362 -0.00277457
21663 24358 24493 0.00623182
21787 24804 24821 0.000780282
21890 25272 25289 0.00077661
21830 25104 25100 -0.000183234
22293 24810 24773 -0.00165971
22288 24679 24517 -0.00726849
22107 25826 25684 -0.0064233
21359 24223 24235 0.000561824
21248 24465 24560 0.00447101
21961 24593 24420 -0.0078776
22366 25348 25070 -0.0124296
22408 24987 24840 -0.00656016
21963 24259 24329 0.00318718
21777 24898 24912 0.00064288
21835 24506 24567 0.00279368
21093 23494 23725 0.0109515
21244 24271 24267 -0.000188288
21528 24440 24151 -0.0134244
21779 24697 24723 0.00119381
22152 25479 25419 -0.00270856
22169 24690 24639 -0.00230051
21321 24650 24431 -0.0102716
21054 24747 24894 0.00698205
21890 25158 25277 0.00543627
21443 23960 24008 0.00223849
21688 25117 25155 0.00175212
21753 24497 24386 -0.00510274
21000 24183 24082 -0.00480952
21905 25206 25155 -0.00232824
22489 24361 24171 -0.00844857
22247 25365 25476 0.00498944
21539 25332 25435 0.00478202
21286 24832 24746 -0.00404021
21411 24408 24517 0.00509084
22469 25047 24995 -0.0023143
22536 25098 25212 0.00505857
21143 24692 24730 0.00179729
23042 25188 25188 0
22398 24889 24997 0.00482186
20605 23854 23854 0
21421 24808 24888 0.00373465
21711 24143 24085 -0.00267146
22151 24471 24273 -0.00893865
21054 23608 23522 -0.00408473
21341 24167 24217 0.00234291
21024 24662 24502 -0.00761035
21581 24816 24801 -0.000695056
22087 25053 25154 0.00457283
20716 24212 24228 0.00077235
22735 25434 25443 0.000395865
20914 24055 23873 -0.0087023
22105 24864 24899 0.00158335
21070 24722 24722 0
22175 24211 24353 0.00640361
21532 24119 24223 0.00483002
21765 24633 24529 -0.00477831
21687 24765 24769 0.000184442
20987 24177 24133 -0.00209654
21583 24642 24553 -0.00412362
21661 24858 24775 -0.00383177
21380 24452 24236 -0.0101029
22216 24954 25136 0.00819229
22688 25270 25270 0
22643 25100 24910 -0.00839111
21822 25425 25435 0.000458253
20773 24352 24340 -0.000577673
21359 24505 24683 0.00833372
22351 24945 24726 -0.00979822
21749 25463 25463 0
21918 25181 25075 -0.00483621
22280 25167 24891 -0.0123878
21627 24861 24771 -0.00416146
21704 24953 24896 -0.00262624
22478 24824 24998 0.0077409
21713 24408 24191 -0.00999401
22754 24858 24977 0.00522985
21528 24965 24829 -0.00631735
22041 24785 24864 0.00358423
21186 24321 24323 9.4402e-05
21864 24775 24685 -0.00411636
22348 24387 24511 0.00554859
21696 25237 25373 0.00626844
22016 24628 24770 0.00644985
22385 24936 24936 0
20715 24513 24474 -0.00188269
22682 25367 24784 -0.0257032
21970 25406 25461 0.00250341
21687 24183 24128 -0.00253608
20751 23878 23897 0.000915619
22015 24590 24859 0.0122189
22221 25233 25554 0.0144458
21592 24346 24296 -0.00231567
21869 25118 25150 0.00146326
22400 24747 24649 -0.004375
22617 25526 25525 -4.42145e-05
21374 25198 25032 -0.00776645
21683 24096 24137 0.00189088
20857 25029 25042 0.000623292
21460 24166 24139 -0.00125815
21178 24301 24353 0.00245538
20439 24936 24956 0.000978521
22469 25624 25718 0.00418354
21681 25058 25104 0.00212167
21211 24823 24667 -0.00735467
21496 25606 25606 0
21912 24511 24478 -0.00150602
21308 23598 23473 -0.00586634
22114 24905 24745 -0.00723524
21860 25069 24820 -0.0113907
22251 24226 24187 -0.00175273
21531 24469 24324 -0.00673448
20661 23515 23488 -0.00130681
22598 25432 25432 0
22081 24749 24788 0.00176622
22470 25248 25266 0.000801068
21877 24833 25008 0.00799927
20879 24289 24371 0.00392739
21425 24389 24380 -0.00042007
21421 24792 24883 0.00424817
22060 24572 24572 0
21322 24869 24964 0.00445549
21790 25064 25157 0.00426801
21705 24275 24283 0.000368579
22560 25866 25734 -0.00585106
20441 23654 24063 0.0200088
21529 25227 25226 -4.6449e-05
22034 25327 25295 -0.0014523
21548 24400 24404 0.000185632
21905 24080 24031 -0.00223693
22113 24613 24643 0.00135667
22249 25063 25063 0
21779 25113 25113 0
21901 25076 24988 -0.00401808
21548 25596 25521 -0.0034806
21628 24284 24283 -4.62364e-05
21566 24479 24405 -0.00343133
21038 24311 24318 0.000332731
21651 24945 24928 -0.000785183
22117 24559 24439 -0.00542569
21535 25287 25345 0.00269329
21944 24382 24443 0.0027798
21957 24370 24230 -0.0063761
21585 24987 24917 -0.00324299
21340 23669 23769 0.00468604
21667 24369 24369 0
22236 25317 25346 0.00130419
22003 25632 25576 -0.00254511
21714 24541 24605 0.00294741
21115 24204 24069 -0.00639356
21489 24240 24292 0.00241984
21136 24327 24326 -4.73126e-05
20045 23901 23602 -0.0149164
21839 24797 24878 0.00370896
21253 24687 24515 -0.00809298
20460 23614 23559 -0.00268817
21782 24188 24144 -0.00202002
21480 24636 24696 0.0027933
21479 24702 24683 -0.000884585
21776 24576 24583 0.000321455
21557 24608 24468 -0.00649441
21594 24395 24418 0.00106511
21089 24503 24412 -0.00431505
20725 25076 25141 0.00313631
22076 24929 24940 0.000498279
21196 24718 24676 -0.00198151
22161 25005 25143 0.00622716
21236 24538 24398 -0.00659258
22113 24749 24740 -0.000407
21263 25104 25075 -0.00136387
20998 24565 24477 -0.00419088
21104 24424 24347 -0.0036486
21776 25291 25297 0.000275533
21687 24188 24241 0.00244386
21069 24478 24302 -0.00835351
21934 24610 24506 -0.0047415
22370 25527 25453 -0.003308
22601 24836 24845 0.000398212
22062 25138 25107 -0.00140513
21134 23692 23842 0.00709757
22010 25152 25248 0.00436165
22032 24613 24801 0.00853304
22369 24779 24777 -8.94095e-05
21155 23716 23924 0.00983219
21879 24147 24107 -0.00182824
21085 24790 24746 -0.00208679
19890 24141 24155 0.000703871
22248 25020 25003 -0.000764114
21297 23591 23599 0.00037564
21672 25578 25477 -0.00466039
22300 24450 24413 -0.00165919
22805 24919 24848 -0.00311335
21882 25178 25291 0.00516406
22398 24836 24836 0
21973 24322 24383 0.00277613
21901 24576 24573 -0.00013698
21342 25100 25157 0.00267079
21258 24232 24283 0.0023991
22575 25799 25763 -0.00159468
21790 24664 24651 -0.000596604
22441 25638 25314 -0.0144379
22306 24711 24523 -0.00842823
20864 23797 23817 0.000958589
21899 24897 24847 -0.00228321
21092 24978 24918 -0.00284468
22123 25223 25135 -0.00397776
21495 24005 24072 0.003117
21359 24425 24757 0.0155438
22327 24926 24803 -0.00550902
22003 24977 25040 0.00286325
21164 24217 23945 -0.012852
22325 23942 24068 0.0056439
21214 24938 25019 0.00381823
21936 24281 24154 -0.00578957
21324 24588 24572 -0.000750328
21908 25097 25207 0.005021
21238 24532 24439 -0.00437894
21467 25168 25323 0.00722038
21582 24846 24624 -0.0102863
20886 24036 24073 0.00177152
20771 24701 24701 0
21468 23780 23699 -0.00377306
20725 23990 23994 0.000193004
20880 23762 23762 0
21813 24886 24930 0.00201715
21262 24667 24525 -0.00667858
21829 24724 24696 -0.0012827
21605 24468 24529 0.00282342
21736 25061 24984 -0.00354251
22152 24396 24104 -0.0131817
21649 24027 24095 0.00314102
22090 25231 25148 -0.00375736
21942 24403 24403 0
21923 24437 24484 0.00214387
21316 24743 24630 -0.00530118
21494 24602 24624 0.00102354
21930 23898 23903 0.000227998
22443 24802 24708 -0.00418839
21596 24652 24575 -0.00356548
22893 25720 25699 -0.000917311
20573 23842 23857 0.000729111
22412 25334 25294 -0.00178476
21526 25024 24917 -0.00497073
22205 25140 25127 -0.000585454
21455 24280 24353 0.00340247
21196 24732 24852 0.00566145
21670 24709 24791 0.00378403
22314 25279 25279 0
21889 24924 24998 0.00338069
22057 25085 25085 0
21560 24145 24112 -0.00153061
21593 24546 24419 -0.00588154
21429 25280 25129 -0.00704653
21840 24634 24628 -0.000274725
21115 24469 24548 0.00374142
21117 24267 24275 0.000378842
21535 24602 24589 -0.000603668
22271 24768 24787 0.000853127
21262 24485 24366 -0.00559684
22610 25020 25083 0.00278638
21440 24152 23970 -0.00848881
21571 24518 24522 0.000185434
21571 24733 24529 -0.00945714
21244 24796 24636 -0.00753154
21604 24942 25018 0.00351787
22494 25255 25255 0
22066 24938 25288 0.0158615
21601 25088 25256 0.00777742
21698 24159 24089 -0.0032261
21877 24977 24971 -0.000274261
22107 24562 24546 -0.000723753
22272 25114 25098 -0.000718391
21832 25711 25433 -0.0127336
21580 24514 24477 -0.00171455
21509 24611 24475 -0.00632293
22198 25799 25732 -0.00301829
22004 25113 25106 -0.000318124
21910 25304 25304 0
22352 24611 24620 0.000402649
22402 24613 24749 0.00607089
22299 24612 24571 -0.00183865
22167 25025 25084 0.00266161
21689 24629 24663 0.00156761
21426 24366 24219 -0.00686082
21942 24680 24524 -0.00710965
21271 24912 24915 0.000141037
21428 23798 23774 -0.00112003
20580 24440 24439 -4.85909e-05
21468 24733 24796 0.0029346
20694 24844 24820 -0.00115976
21596 24339 24422 0.0038433
22626 25248 25266 0.000795545
21448 24079 24167 0.00410295
22377 24976 24919 -0.00254726
21592 24633 24548 -0.00393664
22767 25583 25626 0.0018887
21813 24766 24732 -0.0015587
21346 24884 24896 0.000562166
21803 24725 24787 0.00284365
21123 24207 24303 0.00454481
21397 24670 24400 -0.0126186
20978 24433 24481 0.00228811
21136 24530 24310 -0.0104088
21157 24258 24036 -0.010493
21621 24143 23913 -0.0106378
21651 24339 24218 -0.00558866
22122 24285 24335 0.00226019
21140 24168 23901 -0.0126301
21971 24717 24685 -0.00145647
21690 24099 24125 0.00119871
22392 25535 25485 -0.00223294
21520 24214 24345 0.00608736
20853 24551 24481 -0.00335683
21356 24194 24079 -0.0053849
21539 24147 24042 -0.00487488
21254 25043 25172 0.00606945
21356 24778 24646 -0.00618093
21131 24680 24735 0.00260281
22663 25411 25411 0
21345 24330 24256 -0.00346685
20778 24885 24935 0.00240639
21401 23650 23502 -0.00691556
20474 25117 25117 0
21318 25052 25052 0
21756 24937 24937 0
21121 24679 24646 -0.00156243
22191 24505 24537 0.00144203
23047 25049 25184 0.0058576
20944 24972 24892 -0.00381971
21743 24758 24878 0.00551902
21248 24492 24483 -0.000423569
22082 24924 24863 -0.00276243
22493 24854 24758 -0.00426799
22390 25308 25255 -0.00236713
22429 25109 24916 -0.00860493
21680 24260 24235 -0.00115314
21192 23633 23745 0.00528501
21657 24680 24680 0
21297 24046 24092 0.00215993
21270 24859 25071 0.00996709
22435 24730 24767 0.00164921
22103 25315 25307 -0.000361942
20593 24516 24615 0.00480746
21557 24004 24027 0.00106694
21285 24043 23987 -0.00263096
21606 24098 24203 0.00485976
21002 24316 24195 -0.00576136
21965 24230 24230 0
22448 24740 24716 -0.00106914
21127 24073 24124 0.00241397
21025 24625 24546 -0.00375743
21407 25182 25246 0.00298968
22347 24931 24931 0
21937 24517 24592 0.00341888
21122 24510 24581 0.00336142
21131 24719 24802 0.00392788
21995 25172 25068 -0.00472835
22897 25512 25572 0.00262043
22912 25533 25573 0.00174581
22057 24520 24354 -0.00752596
22094 24714 24749 0.00158414
22593 24629 24910 0.0124375
21298 24303 24348 0.00211287
22048 24893 24893 0
21032 25198 25234 0.00171168
21482 24467 24446 -0.000977563
22121 24971 24851 -0.00542471
22202 25445 25727 0.0127016
23138 26067 26056 -0.000475408
21259 24693 24693 0
21559 24961 24961 0
21621 24687 24541 -0.00675269
22588 25178 25151 -0.00119532
21605 24664 24641 -0.00106457
21677 24249 24274 0.0011533
21311 25451 25474 0.00107925
20653 23848 23790 -0.00280831
21755 24510 24572 0.00284992
20913 24124 24184 0.00286903
21927 24418 24385 -0.00150499
21982 24928 24723 -0.00932581
20886 24032 23967 -0.00311213
23119 25323 25365 0.00181669
21616 24150 24144 -0.000277572
22292 24692 24645 -0.00210838
21369 24257 24349 0.0043053
21957 25273 25202 -0.00323359
21681 25074 25052 -0.00101471
22655 25044 25153 0.0048113
21990 25407 25316 -0.00413824
21620 24616 24654 0.00175763
21602 24957 24976 0.000879548
21815 24768 24664 -0.00476736
22130 24712 24747 0.00158156
21737 24308 24164 -0.00662465
22010 25489 25381 -0.00490686
21171 24134 24319 0.00873837
21454 24060 24233 0.00806376
21980 24604 24780 0.00800728
22492 24546 24561 0.000666904
21440 24392 24435 0.0020056
22015 24771 24598 -0.00785828
21056 24149 24145 -0.00018997
21469 25161 25217 0.00260841
21786 24631 24770 0.00638024
22002 23782 23770 -0.000545405
21526 24238 24238 0
20899 23964 23892 -0.00344514
21626 25611 25279 -0.0153519
21073 24651 24651 0
21556 25450 25123 -0.0151698
22362 24912 24781 -0.00585815
20852 23582 23668 0.0041243
22670 24756 24734 -0.000970446
22323 25055 25080 0.00111992
21368 24904 24716 -0.0087982
21849 24723 24842 0.00544647
22512 24688 24672 -0.000710732
22282 24598 24584 -0.00062831
22665 25240 25111 -0.00569159
21585 24294 24372 0.00361362
21730 25388 25361 -0.00124252
21334 24041 24205 0.00768726
21300 24133 23986 -0.00690141
21159 24302 24256 -0.00217402
22439 24808 24808 0
21139 24299 24329 0.00141918
21732 24089 24089 0
20942 24315 24302 -0.000620762
22814 24898 24878 -0.000876655
21352 24209 24150 -0.00276321
21433 25378 25330 -0.00223954
21825 24593 24279 -0.0143872
21732 24727 24663 -0.00294497
22426 25021 25022 4.45911e-05
21385 23646 23782 0.0063596
20944 24288 24384 0.00458365
20541 24816 24585 -0.0112458
22507 25103 24819 -0.0126183
21191 24343 24343 0
21016 23865 24030 0.00785116
21125 24848 24924 0.00359763
22219 24985 25053 0.00306044
20626 23806 23909 0.0049937
21075 24032 24066 0.00161329
21876 24844 24781 -0.00287987
21179 24434 24360 -0.00349403
21657 24588 24579 -0.00041557
22537 24794 24838 0.00195235
21966 24818 24805 -0.000591824
22571 25530 25561 0.00137344
22100 25193 25058 -0.0061086
21865 24567 24486 -0.00370455
21411 24989 24728 -0.01219
20727 24520 24393 -0.00612727
21735 24345 24323 -0.00101219
21246 24177 24282 0.00494211
21129 24315 24336 0.000993895
21461 25265 24978 -0.0133731
21541 24408 24272 -0.00631354
21148 24513 24496 -0.000803859
20917 24481 24463 -0.000860544
21290 24369 24386 0.000798497
21179 24551 24537 -0.000661032
22169 25277 25447 0.00766837
21458 24753 24776 0.00107186
22097 25161 25070 -0.00411821
21311 24297 24265 -0.00150157
20666 24172 24276 0.00503242
22369 24569 24660 0.00406813
22488 25122 25162 0.00177873
20791 24815 24837 0.00105815
22347 25074 25047 -0.00120822
22097 25392 25427 0.00158393
22390 24359 24345 -0.000625279
21572 25339 25339 0
21489 25273 25244 -0.00134953
21848 25234 25210 -0.0010985
21844 24653 24646 -0.000320454
20337 23882 23854 -0.0013768
21611 24620 24558 -0.00286891
20642 24272 24351 0.00382715
20631 24166 24117 -0.00237507
21921 24550 24549 -4.56184e-05
22329 25453 25515 0.00277666
20385 23887 23759 -0.00627913
22040 25158 25148 -0.000453721
21672 25100 25301 0.00927464
20768 24498 24498 0
21771 24705 24542 -0.00748702
22115 24605 24542 -0.00284875
20992 24015 24088 0.00347752
22862 25880 25570 -0.0135596
21149 24536 24622 0.00406639
21077 24000 24099 0.00469706
20983 24202 24220 0.000857837
22179 25020 24792 -0.01028
21382 24341 24376 0.00163689
21640 23718 23862 0.00665434
22156 25032 25060 0.00126377
21511 23976 24156 0.00836781
22359 25262 25000 -0.0117179
20919 23891 23891 0
21199 24401 24475 0.00349073
21447 24115 24149 0.0015853
22399 24487 24319 -0.00750033
20894 24677 24669 -0.000382885
21558 24749 24654 -0.00440672
21907 25217 25245 0.00127813
21808 24737 24737 0
22243 24700 24581 -0.00535
22086 25419 25377 -0.00190166
21156 24828 24821 -0.000330875
21038 24544 24544 0
21809 24265 24415 0.00687789
21874 24968 24871 -0.00443449
20982 24121 24026 -0.00452769
21390 24032 24245 0.00995792
20881 24683 24674 -0.000431014
20780 24245 24217 -0.00134745
21509 24244 24227 -0.000790367
22621 25099 25236 0.00605632
22301 24648 24657 0.000403569
22088 24704 24942 0.0107751
22026 24934 24904 -0.00136203
20753 24837 24844 0.000337301
21565 24380 24496 0.00537909
21370 24174 24275 0.00472625
21290 24748 24536 -0.00995773
21404 24992 24992 0
21986 25045 25025 -0.00090967
21944 24919 24746 -0.0078837
20928 24601 24500 -0.00482607
21540 24826 24814 -0.000557103
21764 25278 24959 -0.0146572
21986 24821 24827 0.000272901
22191 25422 25235 -0.00842684
21519 24568 24792 0.0104094
21764 24629 24264 -0.0167708
21428 24381 24388 0.000326675
20260 24101 24122 0.00103653
22145 25466 25466 0
20477 24546 24546 0
22025 24509 24486 -0.00104427
21497 24773 24717 -0.00260501
21887 24993 24993 0
22412 25003 24724 -0.0124487
22528 25159 25109 -0.00221946
20655 24208 24241 0.00159768
22036 25706 25723 0.000771465
23145 25871 25871 0
21752 24705 24705 0
21980 24784 24781 -0.000136488
21021 23741 23795 0.00256886
22486 24576 24619 0.0019123
22424 24688 24415 -0.0121745
22204 25280 25307 0.001216
21982 24644 24608 -0.0016377
22226 25601 25684 0.00373437
22032 25340 25422 0.00372186
22196 24945 24933 -0.000540638
20562 23857 23891 0.00165354
21438 24545 24770 0.0104954
22450 25156 25034 -0.0054343
22394 24413 24440 0.00120568
21794 24734 24777 0.00197302
21988 25142 25208 0.00300164
22057 24971 24971 0
22031 24579 24569 -0.000453906
21789 24104 24146 0.00192758
21535 24062 24122 0.00278616
21690 24136 24104 -0.00147533
21956 24749 24607 -0.00646748
22804 25123 25297 0.00763024
22008 25027 25061 0.00154489
21477 25032 25116 0.00391116
22972 25487 25487 0
21699 25228 25213 -0.000691276
21720 24476 24471 -0.000230203
20925 24437 24437 0
21295 24356 24261 -0.00446114
20887 24637 24680 0.0020587
22194 25216 25216 0
22154 24729 24694 -0.00157985
21101 24495 24501 0.000284347
22332 25061 25031 -0.00134336
21683 24645 24811 0.00765577
22491 24847 24886 0.00173403
21581 25566 25621 0.00254854
21101 24402 24342 -0.00284347
23001 25170 25238 0.00295639
22360 25731 25741 0.000447227
21235 24650 24484 -0.00781728
21176 25372 25469 0.00458066
22482 25529 25292 -0.0105418
22282 24923 24941 0.000807827
22623 25663 25718 0.00243115
23042 25779 25530 -0.0108064
21423 25318 25318 0
21536 24416 24372 -0.00204309
22224 24602 24524 -0.00350972
21311 24394 24394 0
22315 24746 24732 -0.000627381
20830 24413 24451 0.00182429
22129 24521 24549 0.00126531
21289 25116 24901 -0.0100991
21759 24800 24800 0
21206 23911 23904 -0.000330095
21934 24436 24488 0.00237075
20841 23801 23696 -0.00503815
21979 24927 25157 0.0104645
20995 24754 24815 0.00290545
21422 24189 24150 -0.00182056
21726 25123 24982 -0.00648992
22080 24958 24791 -0.00756341
21395 24580 24495 -0.00397289
22132 25473 25461 -0.000542201
21606 24933 24933 0
21737 25241 25296 0.00253025
21971 24834 24922 0.00400528
21325 25069 25015 -0.00253224
20903 24538 24356 -0.00870688
21657 24933 24880 -0.00244725
21034 23630 23594 -0.00171151
22379 25589 25557 -0.00142991
22373 25495 25566 0.00317347
21669 23904 23800 -0.00479948
21281 24510 24435 -0.00352427
23035 25360 25360 0
21693 24666 24716 0.00230489
21361 24705 24754 0.0022939
21230 24463 24722 0.0121997
21840 25023 25023 0
22797 25169 25180 0.00048252
22241 25240 25241 4.4962e-05
22244 24406 24479 0.00328178
21786 24617 24616 -4.5901e-05
20935 24159 24247 0.00420349
21375 24068 23933 -0.00631579
22790 25498 25482 -0.000702062
21018 23619 23712 0.00442478
21524 24362 24346 -0.000743356
20773 24232 24134 -0.00471766
21749 24633 24617 -0.000735666
21639 24753 24696 -0.00263413
20927 24550 24362 -0.00898361
22150 24403 24357 -0.00207675
22396 24295 24998 0.0313895
21501 24437 24274 -0.00758104
22409 25044 25029 -0.000669374
21745 23900 23769 -0.00602437
22038 25695 25531 -0.00744169
22153 25279 25279 0
21140 24843 24995 0.00719016
21483 24771 24768 -0.000139645
21500 25172 24998 -0.00809302
21991 25012 24965 -0.00213724
21832 24316 24118 -0.00906926
20919 24267 24310 0.00205555
21829 24193 24171 -0.00100783
22115 24811 24543 -0.0121185
21709 24440 24593 0.00704777
21889 24503 24467 -0.00164466
20756 23915 23883 -0.00154172
21804 24083 24062 -0.000963126
21394 23984 24091 0.0050014
21956 24701 24662 -0.00177628
21639 24743 24770 0.00124775
22235 25282 25329 0.00211378
21891 24577 24496 -0.00370015
21579 24315 24274 -0.0019
22007 25054 25176 0.00554369
22006 25176 25289 0.00513496
21812 24593 24729 0.0062351
21951 24617 24643 0.00118446
21665 24388 24372 -0.000738518
20991 24963 24725 -0.0113382
21257 24894 24861 -0.00155243
22169 24802 24731 -0.00320267
22135 25710 25688 -0.000993901
20945 24528 24528 0
20379 23737 23814 0.0037784
21349 23763 23510 -0.0118507
20721 24616 24560 -0.00270257
20514 24288 24126 -0.00789705
22238 24688 24773 0.00382229
20705 24114 24064 -0.00241488
21048 24257 24406 0.00707906
20761 24137 24026 -0.00534656
20520 23990 23914 -0.0037037
21083 24552 24425 -0.00602381
21760 24423 24704 0.0129136
20932 24007 24012 0.000238869
21448 24403 24430 0.00125886
23011 24968 24917 -0.00221633
21757 24270 24267 -0.000137887
21287 24867 24849 -0.000845587
20833 24429 24295 -0.0064321
21808 24742 24777 0.00160492
20969 24299 24199 -0.00476894
21967 24365 24189 -0.00801202
22030 24375 24361 -0.000635497
21042 23967 24044 0.00365935
21140 25225 25033 -0.00908231
22266 24665 24649 -0.000718584
22808 25534 25534 0
22026 24272 24294 0.00099882
22696 25432 25429 -0.000132182
21745 24226 24334 0.00496666
20693 24234 24217 -0.000821534
21593 24998 24975 -0.00106516
21243 24544 24556 0.000564892
20657 23960 23918 -0.00203321
22946 25471 25436 -0.00152532
22646 24897 24585 -0.0137773
21894 24186 24180 -0.000274048
22188 25521 25584 0.00283937
22162 24549 24512 -0.00166952
20706 23728 23632 -0.00463634
20969 23848 23841 -0.000333826
21681 24490 24319 -0.00788709
22372 25001 24737 -0.0118005
21105 24318 24216 -0.00483298
22182 24908 24929 0.000946714
22374 25541 25798 0.0114865
22166 25355 25272 -0.00374447
20911 24599 24507 -0.0043996
20024 24076 24200 0.00619257
21482 24672 24761 0.004143
22266 24358 24395 0.00166173
22821 24774 24711 -0.00276062
21131 23908 23877 -0.00146704
22329 25157 25157 0
21502 24767 24697 -0.00325551
21721 24817 24713 -0.00478799
21531 24739 24818 0.00366913
22344 24961 24750 -0.00944325
21422 24156 24200 0.00205396
21824 24840 24713 -0.00581928
20782 24155 24099 -0.00269464
21819 24629 24673 0.00201659
21083 24831 24752 -0.00374709
21333 25100 25100 0
21616 24721 24784 0.00291451
20681 23962 23871 -0.00440017
20308 24147 24185 0.00187118
22132 24793 24793 0
21116 24180 24228 0.00227316
21256 24578 24588 0.000470455
21693 24708 24790 0.00378002
21800 24585 24381 -0.0093578
21477 24704 24645 -0.00274712
21896 24523 24417 -0.00484107
22245 24876 24813 -0.0028321
22269 25020 24963 -0.00255961
21539 24373 24296 -0.00357491
21644 24472 24456 -0.000739235
21970 24696 24628 -0.00309513
21711 25324 25080 -0.0112385
21594 24988 25109 0.00560341
21284 24276 24202 -0.00347679
21408 24366 24594 0.0106502
20952 24394 24474 0.00381825
21729 24656 24647 -0.000414193
20907 24149 24007 -0.00679198
22166 24077 23844 -0.0105116
21269 24685 24851 0.00780479
21479 24594 24461 -0.00619209
21872 24728 24831 0.00470922
20400 24129 24173 0.00215686
20874 24131 24083 -0.00229951
21880 24430 24489 0.00269653
21642 24265 24258 -0.000323445
21652 24867 24737 -0.00600406
21502 24402 24417 0.00069761
22373 24796 24916 0.00536361
21700 24890 24947 0.00262673
21607 25149 25176 0.0012496
22329 25013 24888 -0.0055981
22768 25206 25285 0.00346978
23110 25629 25635 0.000259628
22293 24975 24874 -0.00453057
21040 24646 24625 -0.000998099
21751 24756 24689 -0.00308032
21428 24785 24645 -0.00653351
21279 23986 23993 0.000328963
21779 24570 24545 -0.00114789
21976 24539 24497 -0.00191118
22518 24795 24803 0.000355271
22019 24626 24530 -0.00435987
21979 24898 24745 -0.00696119
22459 24651 24653 8.90512e-05
21322 24403 24404 4.68999e-05
20272 24368 24252 -0.00572218
20841 24176 24030 -0.00700542
21754 24741 24830 0.0040912
20647 23361 23530 0.00818521
22119 25352 25324 -0.00126588
22217 25147 25117 -0.00135032
23290 25565 25565 0
21502 24378 24445 0.00311599
21538 24207 24322 0.0053394
21876 24984 25221 0.0108338
20971 23812 24018 0.00982309
21239 24191 24158 -0.00155375
22060 25110 25051 -0.00267452
21413 24607 24506 -0.00471676
21918 24518 24468 -0.00228123
22231 25085 25096 0.000494805
22052 25063 24982 -0.00367314
21903 24596 24650 0.00246542
21039 24440 24652 0.0100765
22304 24657 24621 -0.00161406
21609 24840 24831 -0.000416493
22907 25136 25155 0.000829441
22217 24109 24109 0
20974 24285 24290 0.00023839
22450 25069 25189 0.00534521
22540 24445 24423 -0.000976043
21789 24371 24372 4.58947e-05
22379 25204 25301 0.00433442
21905 25479 25266 -0.00972381
22005 24569 24559 -0.000454442
21922 24843 24744 -0.00451601
22673 25226 25010 -0.00952675
22059 24497 24603 0.00480529
22280 24926 24921 -0.000224417
22340 24675 24734 0.002641
20642 23455 23366 -0.0043116
20997 24474 24515 0.00195266
22232 24717 24809 0.00413818
21820 24605 24629 0.00109991
21348 25193 25172 -0.000983699
21904 24693 24783 0.00410884
22053 24794 24872 0.00353693
21944 24443 24353 -0.00410135
21500 24558 24237 -0.0149302
21669 25288 25286 -9.22978e-05
21458 24911 25041 0.00605835
23169 25480 25421 -0.00254651
22187 24875 24681 -0.00874386
22780 25367 25465 0.00430202
22266 25307 25302 -0.000224558
21350 24490 24138 -0.0164871
22044 25026 24927 -0.00449102
22170 25282 25305 0.00103744
21317 24842 24961 0.0055824
21709 24272 24319 0.002165
22121 24274 24218 -0.00253153
22130 24574 24513 -0.00275644
22322 24629 24757 0.00573425
21650 24751 24497 -0.0117321
22180 24693 24852 0.00716862
21474 24572 24474 -0.00456366
21813 24804 24761 -0.0019713
22495 24260 24553 0.0130251
21086 24661 24703 0.00199184
22133 24629 24895 0.0120183
21965 24253 24317 0.00291373
21716 24588 24656 0.00313133
21732 25132 25132 0
21592 24411 24190 -0.0102353
22540 25082 25140 0.0025732
21204 24101 24096 -0.000235805
22140 24419 24785 0.0165312
21548 24820 24820 0
21340 23820 23968 0.00693533
21972 24071 24056 -0.000682687
21619 24827 24896 0.00319164
21794 24455 24416 -0.00178948
21307 24109 23714 -0.0185385
21370 25051 25042 -0.000421151
22187 25843 25771 -0.00324514
21838 24350 24330 -0.000915835
21227 24351 24367 0.000753757
22995 25370 25320 -0.00217439
21836 24412 24631 0.0100293
21927 24902 24789 -0.00515346
22868 25495 25559 0.00279867
21250 24513 24321 -0.00903529
21821 24672 24860 0.00861555
22336 25342 25356 0.000626791
21687 25243 25352 0.00502605
22282 25463 25499 0.00161565
20830 24580 24579 -4.80077e-05
21045 24336 24262 -0.00351627
21749 24946 25091 0.00666697
22030 25139 25127 -0.000544712
22004 24882 24729 -0.00695328
21539 24771 24659 -0.00519987
21830 23864 23966 0.00467247
21917 24799 24799 0
21407 25164 24909 -0.011912
22611 25150 25051 -0.0043784
21589 23966 23959 -0.000324239
22309 25279 25166 -0.00506522
21692 24825 24665 -0.00737599
20449 23832 23815 -0.000831336
21463 24797 24812 0.000698877
20926 24367 24228 -0.00664245
21957 24947 24718 -0.0104295
21844 24669 24648 -0.000961362
