33059 35848 35757 -0.00275265
31837 35276 35236 -0.0012564
32715 36852 36762 -0.00275103
31782 36208 36254 0.00144736
33245 36428 35880 -0.0164837
31417 36228 36207 -0.000668428
33228 36975 37001 0.000782473
32215 36280 36403 0.0038181
32577 36154 36122 -0.000982288
32157 35373 35162 -0.00656156
31834 36780 36700 -0.00251304
32663 36456 36455 -3.06157e-05
32349 35811 35811 0
32076 36399 36294 -0.00327348
33033 36113 36204 0.00275482
33396 36300 36282 -0.000538987
32547 36886 36788 -0.00301103
32126 36466 36496 0.000933823
30959 35374 35282 -0.00297167
32769 35970 35873 -0.00296011
32119 36517 36423 -0.00292662
32907 36413 36585 0.00522685
32064 35315 35339 0.000748503
33491 36448 36430 -0.000537458
32645 35727 35611 -0.00355338
32858 36820 36921 0.00307383
33043 36773 36684 -0.00269346
33239 36834 36733 -0.0030386
33402 36617 36590 -0.000808335
32752 36370 36370 0
33728 36938 36912 -0.000770873
31266 35714 35665 -0.0015672
32928 36267 36409 0.00431244
31970 35762 35738 -0.000750704
31677 35838 35974 0.00429334
32613 36353 36325 -0.000858553
33042 36564 36654 0.00272381
33904 36662 36752 0.00265455
31839 36246 35973 -0.00857439
32145 36349 36349 0
34675 37827 37732 -0.00273973
33005 35750 35647 -0.00312074
32970 36714 36699 -0.000454959
32817 36596 36464 -0.00402231
31313 35687 35538 -0.00475841
34188 37857 37864 0.00020475
33373 35938 36082 0.00431487
33974 36748 36849 0.00297286
33351 36950 36815 -0.00404785
32524 35705 35356 -0.0107305
33380 36096 36172 0.00227681
32467 36095 35964 -0.00403487
31867 35280 35409 0.00404807
32231 36169 36169 0
32584 36425 36500 0.00230174
32746 35967 36063 0.00293166
32363 36469 36550 0.00250286
33585 37183 37108 -0.00223314
33002 36002 35814 -0.00569662
32279 35927 35982 0.00170389
32525 35899 35662 -0.0072867
33067 35878 35772 -0.00320561
32875 35915 36067 0.00462357
33353 36753 36443 -0.00929452
31192 35797 35580 -0.00695691
32515 36308 36265 -0.00132247
33063 36519 36476 -0.00130055
32431 36222 36416 0.00598193
32604 35076 35374 0.00913998
32505 36550 36541 -0.00027688
32430 36271 36205 -0.00203515
31615 35979 35955 -0.000759133
33590 36067 36192 0.00372135
32247 36537 36537 0
31477 35916 35922 0.000190615
31375 35967 36032 0.00207171
31732 35937 35622 -0.00992689
32777 36736 36686 -0.00152546
32108 37078 37480 0.0125202
32708 36704 36767 0.00192613
31697 35384 35367 -0.000536328
32876 36015 36098 0.00252464
31981 35466 35448 -0.000562834
32085 35182 35127 -0.0017142
31310 36857 36697 -0.00511019
32974 36567 36590 0.000697519
32075 35465 35433 -0.000997662
32561 37545 37614 0.0021191
33629 36422 36354 -0.00202206
32859 37285 37134 -0.00459539
32948 37070 37179 0.00330824
30952 35926 35870 -0.00180925
31727 37399 37371 -0.000882529
32133 36370 36322 -0.00149379
32713 36522 36509 -0.000397396
33074 36204 36204 0
32418 35853 35601 -0.00777346
33326 36253 36090 -0.00489108
32536 36418 36342 -0.00233587
32675 35579 35539 -0.00122418
32586 36189 36003 -0.00570797
32987 36591 36641 0.00151575
33524 36964 36932 -0.00095454
33417 36153 36135 -0.000538648
32971 36286 36286 0
32212 36708 37538 0.0257668
32664 36358 36464 0.00324516
32658 36647 36557 -0.00275583
33158 36160 36138 -0.00066349
32425 36295 36295 0
33584 36144 36325 0.00538947
33036 35241 35055 -0.00563022
33473 36916 36864 -0.00155349
32566 35529 35843 0.00964196
31658 35966 35957 -0.000284288
32446 35899 35864 -0.00107872
32203 36058 35782 -0.00857063
32846 36705 36367 -0.0102904
32723 36669 36669 0
32864 35675 35677 6.08569e-05
32247 36108 35953 -0.00480665
32141 36362 35971 -0.0121651
32515 36451 36369 -0.00252191
31507 35512 35419 -0.00295173
32483 36781 36608 -0.00532586
32607 35825 35727 -0.00300549
32178 36020 36019 -3.10771e-05
33508 36445 36549 0.00310374
33882 36533 36572 0.00115105
32909 36994 36856 -0.00419338
32164 36849 36842 -0.000217635
32040 36138 35734 -0.0126092
32463 35896 35675 -0.00680775
33269 36424 36503 0.00237458
33063 36683 36508 -0.00529293
31119 36091 36144 0.00170314
33468 37187 37121 -0.00197203
33885 36706 36731 0.00073779
31305 36215 36019 -0.00626098
32022 36625 36647 0.000687028
33442 36097 35970 -0.00379762
32840 35146 34979 -0.00508526
31729 35064 35033 -0.000977024
32198 35910 35827 -0.0025778
32660 35845 35957 0.00342927
32392 36603 36551 -0.00160533
33108 36624 36748 0.00374532
30770 35065 35018 -0.00152746
33284 37029 36797 -0.00697032
31627 35147 35176 0.000916938
32269 35994 36192 0.00613592
31933 35724 35801 0.0024113
33438 35748 35796 0.00143549
31434 35431 35318 -0.00359483
32691 35636 35641 0.000152947
32126 36040 35738 -0.00940049
31489 35770 35278 -0.0156245
32396 36025 36030 0.00015434
33334 36489 36519 0.000899982
31431 35628 35810 0.00579046
32404 35895 36313 0.0128996
33699 37026 37107 0.00240363
32996 35668 35829 0.00487938
32942 36646 36614 -0.000971404
31549 36446 36446 0
32311 36780 36841 0.0018879
33491 36435 36411 -0.00071661
32295 37087 37176 0.00275584
33248 37139 37004 -0.00406039
32709 36057 36089 0.000978324
31573 36143 36022 -0.00383239
32312 37210 37210 0
32907 36135 36135 0
32221 35313 35263 -0.00155178
34017 36439 36561 0.00358644
31948 36336 36313 -0.00071992
32923 36415 36391 -0.000728974
31843 36032 35717 -0.00989228
32588 35642 35915 0.00837732
33342 36059 35704 -0.0106472
32308 36573 36572 -3.09521e-05
33322 36648 36679 0.000930316
33715 36648 36634 -0.000415245
31664 36190 36162 -0.000884285
33841 36996 36921 -0.00221625
33388 37146 37195 0.00146759
32421 36311 36311 0
31620 35028 35020 -0.000253004
32189 36105 36105 0
32863 37477 37346 -0.00398625
32284 36278 36267 -0.000340726
32290 35991 35980 -0.000340663
32916 36095 35629 -0.0141572
33460 37475 37490 0.000448296
32458 36982 36982 0
32730 36011 36132 0.00369691
32156 35979 35905 -0.00230128
31207 35082 34928 -0.00493479
31970 35581 35537 -0.00137629
30905 35833 35798 -0.0011325
33077 36975 36784 -0.00577441
32378 36675 36445 -0.00710359
32349 36106 36166 0.00185477
31850 36579 36624 0.00141287
33225 36416 36245 -0.00514673
32596 35762 35624 -0.00423365
32323 36546 36584 0.00117563
32184 36187 36187 0
32672 35222 35191 -0.000948825
32585 35799 35822 0.000705846
31366 34579 34568 -0.000350698
34118 37401 37340 -0.00178791
33648 36227 36186 -0.0012185
32633 37226 37249 0.000704808
32902 36386 36282 -0.0031609
31135 35412 35527 0.00369359
33024 36205 36303 0.00296754
31742 36330 36277 -0.00166971
33370 36476 36644 0.00503446
32703 37307 37063 -0.00746109
32671 36467 36380 -0.00266291
32633 35762 35882 0.00367726
33261 37978 37978 0
30885 34579 34480 -0.00320544
31648 36862 36897 0.00110592
32160 36628 36550 -0.00242537
32015 35411 35401 -0.000312354
32279 35837 35913 0.00235447
33021 36183 36183 0
32748 36564 36564 0
32114 36710 36583 -0.00395466
32774 36732 36801 0.00210533
33155 37211 37196 -0.00045242
32011 35408 35509 0.00315517
32494 35900 35901 3.07749e-05
31440 35558 35437 -0.0038486
32424 36276 35970 -0.00943745
33229 35951 36037 0.0025881
32619 36670 36786 0.00355621
33437 36790 36600 -0.00568233
32183 35714 35709 -0.000155362
32630 36816 36737 -0.00242108
32283 35390 35393 9.29282e-05
32703 35990 36039 0.00149833
33544 37272 37272 0
32525 36736 36865 0.00396618
32523 36130 36179 0.00150663
32057 35339 35421 0.00255794
32502 36252 36294 0.00129223
32844 36156 36061 -0.00289246
31284 35904 35904 0
33167 36382 36394 0.000361805
32092 35679 35906 0.00707341
31266 35265 35179 -0.00275059
32603 35408 35369 -0.00119621
32570 36438 36393 -0.00138164
32113 37090 36908 -0.00566749
32752 36589 36293 -0.00903762
32494 36084 36055 -0.000892472
32146 36074 36130 0.00174205
32303 36354 36473 0.00368387
31593 36954 36832 -0.00386161
32861 36127 36146 0.000578193
31908 35941 35856 -0.00266391
32948 36839 36877 0.00115333
32427 36033 35996 -0.00114102
32174 35824 36020 0.00609188
31687 35794 35794 0
31494 35839 35948 0.00346098
31354 35259 35254 -0.000159469
32761 36392 36690 0.00909618
31815 35266 35337 0.00223165
31586 35811 35868 0.0018046
33181 36213 36636 0.0127483
32954 36980 36983 9.1036e-05
33673 36339 36441 0.00302913
32279 36542 36552 0.000309799
32017 35180 35219 0.0012181
32233 36614 36614 0
32497 35913 35797 -0.00356956
33240 36184 36612 0.0128761
31777 35344 35375 0.000975548
33083 35935 35987 0.0015718
31762 35727 35752 0.000787104
30434 35733 35588 -0.00476441
33241 36476 36532 0.00168467
32382 35222 35172 -0.00154407
32689 36941 36988 0.00143779
33726 36230 36327 0.00287612
33259 35823 35944 0.00363811
33074 36724 36675 -0.00148153
33134 36171 36089 -0.0024748
32941 35803 35902 0.00300537
32365 36067 36116 0.00151398
32161 36564 36646 0.00254967
32245 36377 36299 -0.00241898
33343 37312 37162 -0.0044987
32282 35927 36018 0.00281891
33592 37249 37254 0.000148845
34025 37321 37229 -0.00270389
31759 35317 35379 0.0019522
32344 36842 36896 0.00166955
32237 36274 35966 -0.00955424
32446 36952 37004 0.00160266
32531 35078 34886 -0.00590206
31957 36593 36419 -0.00544482
33239 35865 35898 0.00099281
32781 36432 36394 -0.00115921
31530 35459 35223 -0.00748493
33096 34895 34861 -0.00102731
32207 36621 36603 -0.000558885
32435 36134 36174 0.00123324
31881 35812 35934 0.00382673
33035 36609 36550 -0.00178598
32070 35602 35794 0.0059869
31818 36073 35988 -0.00267144
32561 36193 36314 0.0037161
31322 35477 35572 0.00303301
31312 36253 36264 0.000351303
32307 35004 35072 0.00210481
31325 35047 35047 0
30856 35353 35422 0.00223619
33163 36804 36864 0.00180925
32920 36295 36354 0.00179222
32742 36889 36885 -0.000122167
32109 35710 35804 0.00292753
32194 35874 35811 -0.00195689
32632 35921 35774 -0.00450478
32405 35207 35379 0.00530782
31673 35919 36003 0.0026521
32621 36107 36079 -0.000858343
33021 35941 35941 0
31632 36457 36457 0
32339 36636 36653 0.000525681
32783 35488 35480 -0.000244029
33282 36099 35958 -0.00423652
32405 35644 35644 0
33680 37099 37271 0.00510689
32132 36083 36041 -0.00130711
33204 36985 36985 0
32104 36232 36221 -0.000342636
33147 36014 36211 0.00594322
32520 36459 36456 -9.22509e-05
32035 35777 35798 0.000655533
32456 36324 36321 -9.24328e-05
33108 36772 36831 0.00178205
32769 36983 36562 -0.0128475
33140 36045 36036 -0.000271575
32166 35430 35453 0.000715041
32608 36313 36431 0.00361874
31726 36392 36631 0.00753325
32657 36176 36233 0.00174541
31705 35637 35674 0.00116701
31152 35680 35709 0.000930919
32208 36051 36039 -0.000372578
33886 37094 37115 0.000619725
31801 36126 35862 -0.00830163
33794 36602 36842 0.00710185
31498 35031 34989 -0.00133342
32608 36400 36390 -0.000306673
32732 36171 35702 -0.0143285
32447 36281 36271 -0.000308195
32272 36729 36717 -0.000371839
33447 36470 36069 -0.0119891
32865 36626 36720 0.00286019
32406 36791 36771 -0.00061717
32501 35926 36045 0.00366143
32595 36554 36536 -0.000552232
33003 36085 36037 -0.00145441
34086 36377 36647 0.00792114
32796 36972 36904 -0.00207342
32486 35790 35851 0.00187773
32804 36350 36350 0
32981 37265 37218 -0.00142506
33491 37438 37444 0.000179153
32506 36566 36682 0.00356857
34272 36524 36626 0.00297619
33468 36403 36030 -0.011145
33442 36400 36098 -0.00903056
33662 36672 36678 0.000178243
31925 35906 35748 -0.0049491
31892 35916 35952 0.00112881
32701 36080 36002 -0.00238525
32143 36598 36762 0.0051022
32503 35586 35719 0.00409193
30778 36088 36088 0
32313 36320 36335 0.000464209
31466 36428 36486 0.00184326
32952 35917 35927 0.000303472
34203 37633 37445 -0.00549659
32443 35867 35985 0.00363715
32577 36841 36883 0.00128925
32977 36312 36279 -0.0010007
33879 37327 37414 0.00256796
33485 36868 36781 -0.00259818
32005 35941 36032 0.00284331
32807 36013 35912 -0.00307861
31494 35851 35728 -0.00390551
32113 36241 36158 -0.00258462
31742 36307 36270 -0.00116565
31452 35794 35638 -0.00495994
32224 35832 35819 -0.000403426
32872 35122 35676 0.0168532
32676 36111 36086 -0.000765088
33492 35904 35838 -0.00197062
32165 35315 35322 0.000217628
32580 35875 35986 0.003407
33456 36348 36638 0.0086681
33165 37070 36826 -0.00735715
32732 35731 35797 0.00201638
32025 36050 36042 -0.000249805
31388 35144 35098 -0.00146553
32304 35552 35771 0.00677935
31933 36281 36417 0.00425892
32382 35613 35692 0.00243963
32350 36236 36352 0.00358578
33530 36855 36615 -0.00715777
32158 35781 35828 0.00146153
31806 36312 36188 -0.00389864
31965 34910 34910 0
31492 36419 36433 0.000444557
32411 37158 37049 -0.00336306
32668 36991 36952 -0.00119383
31855 35711 35550 -0.00505415
33405 36511 36682 0.00511899
33357 36269 36458 0.00566598
31507 36704 36659 -0.00142825
32469 36113 36382 0.00828483
32453 36076 35902 -0.0053616
32440 36707 36707 0
33304 36192 36147 -0.00135119
32536 36761 36704 -0.00175191
33436 36533 36186 -0.010378
32564 35937 35670 -0.00819924
31270 35170 35258 0.0028142
32370 36531 36577 0.00142107
31578 35423 35277 -0.00462347
32425 36358 36546 0.005798
33194 35630 35516 -0.00343436
32958 37063 37010 -0.00160811
31394 35901 35774 -0.00404536
32104 35678 35693 0.000467231
32467 36003 36320 0.00976376
32238 35964 36099 0.0041876
31797 36017 36072 0.00172972
33235 36543 36509 -0.00102302
32681 36341 36287 -0.00165234
32507 35919 35889 -0.000922878
31152 35458 35528 0.00224705
31862 36758 36318 -0.0138096
33821 37336 37333 -8.87023e-05
32736 36078 36042 -0.00109971
32023 36302 36181 -0.00377853
32022 36693 36679 -0.000437199
33199 36918 36920 6.02428e-05
33968 36641 36868 0.00668276
33513 36638 36617 -0.000626623
33158 35747 35948 0.00606189
32545 36106 35972 -0.00411738
34575 36766 36804 0.00109906
32286 36081 36057 -0.000743356
33192 36571 36652 0.00244035
31453 36665 36586 -0.00251168
32527 36369 36307 -0.00190611
33068 36976 36883 -0.00281239
33185 36697 37074 0.0113606
34164 37300 37363 0.00184405
31965 36262 36241 -0.000656969
32409 36371 36378 0.000215989
32499 36055 36102 0.0014462
34177 36809 36809 0
32515 36112 36110 -6.15101e-05
32039 35452 35174 -0.00867692
31969 36660 36622 -0.00118865
31691 35473 35542 0.00217727
32078 35810 36015 0.00639067
32344 36264 36228 -0.00111303
32760 35982 36085 0.00314408
32678 36384 36390 0.00018361
32366 36133 36058 -0.00231725
33641 36995 36995 0
32398 35736 35444 -0.0090129
33688 36586 36610 0.00071242
31539 35608 35486 -0.00386823
33369 36695 36557 -0.00413557
32471 37012 37065 0.00163223
32477 35859 35642 -0.00668165
33178 36934 36940 0.000180843
32288 36146 35783 -0.0112426
31772 36244 36253 0.000283268
32773 36273 36338 0.00198334
32723 36070 35748 -0.00984017
32566 35765 35911 0.0044832
32852 37206 37071 -0.00410934
31767 35723 35707 -0.000503667
31637 35511 35453 -0.0018333
33216 36335 36413 0.00234827
33645 36170 36043 -0.00377471
32823 36090 36135 0.00137099
32847 36472 36538 0.00200932
32526 35988 36090 0.00313595
32466 36463 36403 -0.00184809
32550 36889 36858 -0.000952381
32543 34902 34899 -9.21857e-05
32560 35734 35695 -0.00119779
31784 35681 35595 -0.00270576
32216 37630 37282 -0.0108021
31609 36069 36110 0.0012971
32094 37034 37034 0
33359 36454 36492 0.00113912
31891 35223 35137 -0.00269669
32696 35875 35894 0.000581111
33306 36858 36922 0.00192158
32498 36104 35962 -0.0043695
32014 36206 36206 0
33480 36641 36519 -0.00364397
33355 36302 36240 -0.00185879
33857 36725 36582 -0.00422365
32868 36325 36110 -0.00654132
32729 36926 36675 -0.00766904
31920 35535 35569 0.00106516
32502 36022 36037 0.00046151
32623 36415 36488 0.00223769
33071 35965 36024 0.00178404
32334 34987 35040 0.00163914
32756 35261 35261 0
32015 36280 36280 0
33877 36412 36493 0.002391
31583 35445 35354 -0.0028813
32188 36840 36880 0.0012427
32903 35815 36216 0.0121873
32828 36604 36730 0.00383819
33137 36749 36748 -3.01777e-05
32508 35509 35501 -0.000246093
31274 35545 35481 -0.00204643
30838 36363 36372 0.000291848
33452 36741 36699 -0.00125553
31973 35929 35929 0
31207 35410 35616 0.00660108
32549 36066 36388 0.00989278
34109 37243 37273 0.000879533
31518 35274 35224 -0.0015864
32189 35570 35437 -0.00413185
32297 35854 35642 -0.00656408
31779 35896 35615 -0.00884232
33033 35806 35569 -0.00717464
34076 36552 36533 -0.000557577
32537 36332 36238 -0.00288902
33135 36696 36609 -0.00262562
32481 36798 36693 -0.00323266
32005 36066 36298 0.00724887
32448 36567 36407 -0.00493097
32164 36089 36207 0.0036687
32362 36358 36483 0.00386255
32670 35813 36015 0.00618304
31964 35538 35426 -0.00350394
32757 37044 37144 0.00305278
32289 36073 36073 0
31324 35332 35236 -0.00306474
32686 36316 36215 -0.00309001
32154 35599 35577 -0.000684207
31902 36438 36477 0.00122249
33049 36957 37131 0.00526491
32472 36154 36276 0.00375708
33637 37232 37338 0.00315129
31733 34902 35166 0.00831942
31871 36159 36072 -0.00272975
33253 36458 36465 0.000210507
32952 36355 36377 0.000667638
31293 35973 36043 0.00223692
32733 35890 36253 0.0110897
32984 36935 36927 -0.000242542
32850 36228 36192 -0.00109589
32601 37059 37148 0.00272998
31748 35843 35748 -0.00299231
33267 37301 37153 -0.00444885
33106 36512 36514 6.0412e-05
30859 35786 35786 0
32511 35911 35968 0.00175325
31870 36237 36061 -0.00552243
31569 35839 35794 -0.00142545
32939 35595 35553 -0.00127508
33807 37245 37352 0.00316502
31561 35435 35400 -0.00110896
33502 36952 36933 -0.00056713
32201 36183 36019 -0.00509301
31436 35712 35997 0.00906604
31946 35416 35416 0
33815 36694 36694 0
31706 36255 36244 -0.000346937
34280 37314 37397 0.00242124
32085 35666 35691 0.00077918
31800 35112 35077 -0.00110063
31822 35533 35534 3.14248e-05
33925 37999 38059 0.00176861
31674 35395 35171 -0.00707205
32842 36089 35795 -0.00895195
34047 36800 36623 -0.0051987
33162 35507 35359 -0.00446294
33538 36855 36710 -0.00432345
30858 34396 34453 0.00184717
31958 35895 35943 0.00150197
32763 35934 35877 -0.00173977
33071 36072 35836 -0.00713616
31936 36659 36591 -0.00212926
32865 36134 36007 -0.00386429
32174 36524 36646 0.00379188
32873 36342 36124 -0.00663158
32790 35794 35727 -0.00204331
32529 36876 36876 0
32029 36431 36120 -0.00970995
32387 35977 35993 0.000494025
32710 36338 36333 -0.000152858
33086 36281 35944 -0.0101856
31616 35895 35906 0.000347925
32501 36523 36593 0.00215378
31565 36019 36112 0.0029463
31494 35929 35907 -0.000698546
31965 35955 35955 0
33801 36390 36544 0.00455608
33126 36441 36223 -0.00658093
32942 35952 35955 9.10692e-05
33238 36480 36336 -0.00433239
31221 35934 35685 -0.0079754
32189 35375 35236 -0.00431825
32432 35471 35509 0.00117168
31876 35980 35715 -0.00831346
32305 36175 36148 -0.000835784
32502 36300 36203 -0.00298443
33091 36944 36947 9.06591e-05
32254 36285 36536 0.00778198
32436 36511 36533 0.000678259
32633 36525 36631 0.00324825
33650 36502 36490 -0.000356612
32801 37357 37357 0
32138 36532 36324 -0.00647209
32427 35909 35852 -0.00175779
32590 36336 36548 0.00650506
31592 36716 36567 -0.00471638
32721 36525 36570 0.00137526
31726 36210 36133 -0.00242703
33010 35799 35901 0.00308997
31670 35821 35759 -0.00195769
33089 36186 36374 0.00568165
32958 36334 36489 0.00470296
33594 35976 36001 0.000744181
31672 36080 35615 -0.0146817
33097 37326 37284 -0.001269
33621 37304 37530 0.00672199
32970 36425 36446 0.000636943
32404 36247 36124 -0.00379583
32278 35335 35265 -0.00216866
33336 36186 36211 0.00074994
33396 35935 35853 -0.00245538
33976 37724 37724 0
32149 36148 36148 0
33355 37026 37114 0.00263829
32891 36962 36769 -0.00586787
32890 36869 36847 -0.000668896
31307 35747 35453 -0.00939087
32392 35791 35764 -0.000833539
32890 36759 36739 -0.000608088
33713 36315 36211 -0.00308486
32595 36573 36604 0.000951066
33033 36493 36463 -0.000908183
32708 35807 35891 0.00256818
32929 35851 35904 0.00160952
32857 35404 35421 0.000517394
32293 35371 35171 -0.00619329
32834 36151 36151 0
32364 36649 36315 -0.0103201
33504 36194 36321 0.00379059
32960 36659 36206 -0.0137439
32292 36794 36867 0.00226062
33913 37013 36964 -0.00144487
32254 36709 36728 0.000589074
33154 36222 36168 -0.00162876
31373 35599 35599 0
32540 35900 36018 0.00362631
31669 36460 36640 0.00568379
32743 36313 36289 -0.000732981
33042 36333 36297 -0.00108952
31769 35061 34921 -0.00440681
33075 36331 36312 -0.000574452
32937 36507 36550 0.00130552
33942 36743 36836 0.00273997
31644 36473 36484 0.000347617
31952 36115 36064 -0.00159614
33844 36398 36402 0.000118189
32732 37519 37556 0.00113039
31862 36129 36075 -0.00169481
31697 36622 36411 -0.00665678
33520 36963 37008 0.00134248
33528 35902 35929 0.000805297
33645 36903 36939 0.00107
34045 37464 37650 0.00546336
32581 37470 37379 -0.00279304
32789 36134 35940 -0.00591662
32064 35782 35602 -0.00561377
31628 35296 35258 -0.00120147
32558 36071 36228 0.00482216
31975 36083 36007 -0.00237686
32980 35429 35519 0.00272893
32629 36630 36487 -0.0043826
32811 36328 36328 0
32547 35883 35682 -0.00617568
33399 36480 36551 0.00212581
31704 34822 35026 0.00643452
33175 36400 36348 -0.00156745
31370 36222 36080 -0.00452662
32372 35884 35888 0.000123564
32716 36999 36696 -0.00926152
32756 36054 35899 -0.00473196
31912 36039 36054 0.000470043
32595 36924 36964 0.00122718
32713 35824 35870 0.00140617
32925 37120 37120 0
33457 37191 37166 -0.000747228
32115 36545 36311 -0.00728631
31924 36306 36459 0.00479263
32580 36754 36756 6.13874e-05
32802 35741 35923 0.00554844
33134 36802 36952 0.00452707
33938 36947 37048 0.00297602
32009 35321 35361 0.00124965
32180 35873 35895 0.000683654
33970 37584 37542 -0.00123639
33349 36505 36455 -0.0014993
31803 36117 36157 0.00125774
31262 36244 36276 0.00102361
32606 36287 36098 -0.00579648
33359 36612 36612 0
33063 36893 36792 -0.00305477
33283 35775 35751 -0.000721089
32713 35756 35756 0
31173 35868 35949 0.0025984
32381 35901 35782 -0.00367499
33238 36318 36505 0.00562609
32005 35420 35255 -0.00515544
32495 35741 35705 -0.00110786
31084 35658 35534 -0.00398919
31889 36264 36201 -0.0019756
32317 36471 36554 0.00256831
31452 35652 35576 -0.00241638
32749 36136 36058 -0.00238175
33383 35978 35991 0.00038942
32472 34930 35035 0.00323356
33435 37218 37300 0.00245252
31986 34866 34717 -0.00465829
32886 37284 37265 -0.000577753
32645 36191 36362 0.00523817
32240 37364 37364 0
32502 36349 36350 3.07673e-05
31645 35888 35859 -0.000916416
33102 36401 36226 -0.00528669
31647 35302 35302 0
31904 35954 35771 -0.00573596
32760 36097 35991 -0.00323565
32657 36309 36239 -0.00214349
32816 36130 36183 0.00161507
32588 35816 35708 -0.0033141
31119 35352 35408 0.00179954
32575 35587 35463 -0.0038066
32516 35540 35840 0.00922623
32168 35885 35438 -0.0138958
32364 36388 36388 0
33042 37203 37112 -0.00275407
31973 35552 35397 -0.00484784
33006 36255 36298 0.00130279
33497 37016 37130 0.00340329
33421 36934 36986 0.00155591
32503 36481 36566 0.00261514
33005 36114 36260 0.00442357
31985 35376 35537 0.00503361
31886 36338 36132 -0.00646052
31889 35946 36158 0.00664806
32375 35937 35748 -0.00583784
33266 37026 36962 -0.00192389
32105 36347 36377 0.000934434
31015 35185 35185 0
31546 35077 34930 -0.00465986
31785 36384 36208 -0.0055372
31546 36108 36065 -0.00136309
33461 36413 36259 -0.00460237
31362 35526 35540 0.0004464
32153 36381 36267 -0.00354555
31352 35532 35458 -0.0023603
31891 35579 35640 0.00191277
32072 36150 36123 -0.000841856
33246 36198 35831 -0.0110389
31858 35790 35539 -0.00787871
31971 35474 35300 -0.00544243
33593 36339 36316 -0.000684666
32126 36341 36185 -0.00485588
32189 36957 36676 -0.00872969
31689 36242 36269 0.000852031
32733 35625 35254 -0.0113341
32033 35774 35774 0
32780 35939 35693 -0.00750458
33178 36366 36372 0.000180843
32354 36032 36032 0
31953 37153 37195 0.00131443
33272 36299 36411 0.00336619
33562 37084 37280 0.00583994
32518 35836 35682 -0.00473584
33737 37291 37353 0.00183774
32541 36156 36156 0
32129 35777 35819 0.00130723
32540 36350 36391 0.00125999
31976 36000 36132 0.0041281
31890 35836 35678 -0.00495453
32684 37218 36951 -0.00816913
34015 36477 36419 -0.00170513
32437 35783 35855 0.00221969
33266 36949 36913 -0.00108219
33166 36057 36183 0.00379907
31448 35736 35562 -0.00553294
32356 36193 36260 0.00207071
32213 35902 35872 -0.000931301
33799 36888 36670 -0.00644989
31796 35528 35375 -0.00481193
33246 36398 36042 -0.0107081
32965 36614 36526 -0.0026695
33237 37310 37224 -0.00258748
31398 36244 36168 -0.00242054
30925 35518 35710 0.00620857
32668 36211 36164 -0.00143872
33670 36106 36421 0.00935551
33455 36160 36188 0.000836945
32667 36161 35917 -0.00746931
32418 35953 35999 0.00141896
32057 36351 36094 -0.00801697
31947 36674 36758 0.00262935
32511 36471 36498 0.000830488
32516 36809 36981 0.0052897
32991 36003 35951 -0.00157619
32421 36754 36642 -0.00345455
32227 35806 35963 0.00487169
32771 36912 36878 -0.0010375
32679 36707 36712 0.000153003
31983 35781 35857 0.00237626
32418 36770 36536 -0.00721821
31762 36035 36167 0.00415591
31234 36002 36002 0
33613 36800 36729 -0.00211228
32035 35353 35496 0.00446387
32271 36156 35985 -0.00529888
33005 36654 36369 -0.00863506
32833 36583 36487 -0.00292389
31982 36036 35984 -0.00162591
32199 36002 35723 -0.00866487
33353 36549 36352 -0.00590652
33123 36540 36540 0
32246 35614 35614 0
32086 35790 35708 -0.00255563
32710 36482 36406 -0.00232345
32699 36932 36831 -0.00308878
32658 36813 36405 -0.0124931
32820 36092 36139 0.00143205
32309 35805 35951 0.00451886
32261 36399 36388 -0.000340969
32779 36757 36757 0
31648 36152 35882 -0.00853134
33377 35904 35882 -0.000659137
31899 36221 36235 0.000438885
32150 36306 36306 0
33843 36671 36963 0.00862808
31134 35511 35513 6.42385e-05
31270 35692 35700 0.000255836
33218 36690 36880 0.00571979
32096 35474 35550 0.0023679
32384 36393 36539 0.0045084
31438 35648 35647 -3.18086e-05
32777 36497 36791 0.0089697
32537 36631 36706 0.00230507
32506 36650 36597 -0.00163047
33324 36554 36562 0.000240067
33093 35669 35772 0.00311244
34436 36678 36737 0.00171332
33086 35964 35963 -3.02243e-05
31390 35883 35641 -0.00770946
33076 36174 36038 -0.00411174
31933 36821 36565 -0.00801679
31883 35608 35468 -0.00439105
33198 36521 36602 0.00243991
32300 36108 36225 0.00362229
33922 36928 36928 0
32327 35713 35767 0.00167043
33397 36931 36462 -0.0140432
34074 37287 37235 -0.00152609
31622 35342 35188 -0.00487003
32052 36100 36045 -0.00171596
32293 35995 35960 -0.00108383
31715 35806 35718 -0.00277471
31727 35145 34939 -0.00649289
32427 37170 37214 0.00135689
33473 37039 36976 -0.00188211
34141 37169 37197 0.000820128
32220 35647 35418 -0.00710739
32643 35952 35826 -0.00385994
32445 36582 36573 -0.000277393
31762 35430 35155 -0.00865814
32264 35456 35376 -0.00247954
33248 36285 36436 0.00454163
32633 36442 36433 -0.000275794
33309 36471 36548 0.00231169
33149 36858 36817 -0.00123684
32704 36608 36121 -0.0148911
32438 36407 35770 -0.0196375
31169 36207 36186 -0.000673746
32176 35383 35477 0.00292143
32663 36665 36680 0.000459235
34324 36510 36745 0.00684652
33656 36084 35958 -0.00374376
32646 35924 36044 0.00367579
33476 37026 37047 0.000627315
32902 36492 36405 -0.00264422
33102 36381 36394 0.000392726
33963 37876 37876 0
33543 37149 37199 0.00149062
32250 36396 36195 -0.00623256
32918 36570 36607 0.00112401
34047 36966 37153 0.00549241
33048 36227 36127 -0.0030259
33640 36604 36604 0
32507 35876 35865 -0.000338389
30948 34356 34443 0.00281117
31104 35604 35591 -0.000417953
33169 36107 36083 -0.000723567
32774 36065 36321 0.00781107
32946 36751 36755 0.000121411
32365 36677 36505 -0.00531438
33715 36403 36659 0.00759306
32941 36285 36274 -0.00033393
32193 36002 36154 0.00472152
32631 37018 37018 0
32293 36356 36464 0.00334438
34031 37082 36992 -0.00264465
32555 36047 36151 0.00319459
33966 37470 37470 0
33153 36701 36648 -0.00159865
32058 35505 35589 0.00262025
32749 36593 36652 0.00180158
33778 37292 37467 0.00518089
32174 36669 36768 0.00307702
32427 36176 35993 -0.00564345
32834 35998 35991 -0.000213194
32824 36286 36446 0.00487448
33140 36206 36206 0
32449 35739 35609 -0.00400629
31956 36725 36725 0
31808 36060 36143 0.00260941
32321 36295 36240 -0.00170168
33775 36323 36229 -0.00278312
31162 35930 35700 -0.00738078
33125 36312 36365 0.0016
32843 35621 35695 0.00225314
32256 35649 35649 0
32754 36697 36549 -0.00451853
32098 35869 35866 -9.34638e-05
33214 36959 36737 -0.00668393
31827 35661 35842 0.005687
33063 36127 36101 -0.000786378
31827 36068 35991 -0.00241933
31812 35556 35463 -0.00292343
32764 35699 35608 -0.00277744
32165 35879 35684 -0.00606249
33343 36243 36276 0.000989713
31894 35574 35394 -0.00564369
31842 36422 36130 -0.00917028
33138 37205 37280 0.00226326
33463 36223 36294 0.00212175
32231 35549 35481 -0.00210977
33937 36363 36390 0.000795592
32803 36684 36523 -0.00490809
32598 36638 36646 0.000245414
33879 37256 37074 -0.00537206
31932 36221 36257 0.0011274
32530 36328 36203 -0.00384261
33360 36990 36990 0
32422 37133 37314 0.00558263
32946 37189 37041 -0.0044922
31601 35945 35708 -0.00749976
31538 36083 36078 -0.000158539
31981 36175 36007 -0.00525312
33293 36547 36445 -0.00306371
33135 36679 36894 0.00648861
33099 36469 36413 -0.00169189
32376 35491 35156 -0.0103472
32342 36105 36092 -0.000401954
31862 36344 36344 0
33363 36732 36543 -0.00566496
33036 35896 36043 0.00444969
32789 36618 36830 0.00646558
32171 36720 36542 -0.00553293
31139 34999 35059 0.00192684
31885 36326 36265 -0.00191313
31913 36226 36097 -0.00404224
33594 36530 36482 -0.00142883
31982 35338 35482 0.00450253
