25309 27979 27780 -0.00786282
24937 28069 28071 8.02021e-05
25758 28742 28620 -0.00473639
24889 28618 28559 -0.00237053
25845 28576 28557 -0.000735152
25090 28985 28961 -0.000956556
25551 29025 29245 0.00861023
25254 28552 28618 0.00261345
25360 28324 28379 0.00216877
25250 27912 27933 0.000831683
25090 28539 28321 -0.00868872
25400 28363 28065 -0.0117323
24370 27533 27543 0.000410341
24953 28845 28694 -0.00605138
25281 28481 28538 0.00225466
25698 28641 28604 -0.0014398
25253 28775 28714 -0.00241555
24936 28924 28961 0.0014838
24392 27671 27860 0.00774844
25502 28372 28308 -0.00250961
25088 28699 28835 0.00542092
25395 28456 28465 0.0003544
24930 27821 27772 -0.0019655
25690 28258 28525 0.0103931
25822 28145 27856 -0.011192
25590 28890 28835 -0.00214928
25962 28691 28691 0
26101 29250 29197 -0.00203057
25327 28192 28157 -0.00138192
25625 28718 28704 -0.000546341
25640 28994 29065 0.00276911
24207 28372 28344 -0.00115669
25332 28601 28574 -0.00106585
25129 27981 27932 -0.00194994
24715 27905 27934 0.00117338
25069 28507 28489 -0.000718018
25423 28471 28293 -0.00700153
26805 29338 29355 0.00063421
24723 28807 28732 -0.00303361
24831 28394 28266 -0.00515485
27272 29895 29844 -0.00187005
26103 28459 28420 -0.00149408
25752 28311 28496 0.00718391
25290 28286 28234 -0.00205615
24625 28546 28483 -0.00255838
27157 29487 29388 -0.00364547
25892 28251 28370 0.00459601
26390 28765 28812 0.00178098
25782 28976 29211 0.00911489
25751 28501 28110 -0.0151839
25968 28248 28194 -0.00207948
25062 28600 28523 -0.00307238
24636 27952 27787 -0.00669752
25553 28840 28840 0
25473 28762 28721 -0.00160955
25774 28647 28777 0.00504384
25205 28841 28770 -0.0028169
26118 28953 29006 0.00202925
25764 28398 28077 -0.0124592
25332 28357 28199 -0.00623717
25454 28304 28260 -0.00172861
25270 28259 28276 0.000672734
25644 28557 28698 0.00549836
25569 29256 29214 -0.00164261
23770 27337 27455 0.00496424
25085 28303 28073 -0.00916883
25561 28653 28699 0.00179962
25040 28325 28441 0.00463259
25364 27659 27959 0.0118278
25479 28677 28696 0.000745712
25229 28938 28961 0.000911649
24923 28263 28350 0.00349075
26136 28670 28482 -0.00719314
25186 28497 28543 0.00182641
24002 27990 27842 -0.00616615
24273 28011 27906 -0.00432579
24681 27987 27865 -0.00494307
25600 28859 28686 -0.00675781
25158 29229 29559 0.0131171
25414 29098 29033 -0.00255765
24716 28052 27900 -0.00614986
25796 28213 28457 0.00945883
24519 27894 27786 -0.00440475
25186 28101 28243 0.00563805
24270 28870 28952 0.00337866
25278 28599 28523 -0.00300657
24822 27783 27671 -0.00451213
25337 29302 29329 0.00106564
26282 29519 29512 -0.000266342
25623 29431 29144 -0.0112009
26021 29616 29449 -0.00641789
24515 28834 28588 -0.0100347
24397 29488 29586 0.00401689
25211 28041 28343 0.0119789
25436 29250 29312 0.00243749
25298 28524 28437 -0.00343901
24832 27886 27922 0.00144974
25959 28605 28694 0.00342848
25243 28498 28521 0.000911144
25287 28369 28273 -0.00379642
25659 28709 28400 -0.0120426
25789 28845 28766 -0.00306332
25542 28898 29133 0.00920053
26207 28791 28791 0
25924 28226 28262 0.00138867
25455 29219 29415 0.00769986
24951 27955 27910 -0.00180353
25130 28608 28608 0
25674 28550 28511 -0.00151905
25980 29209 29038 -0.00658199
26033 28746 28843 0.00372604
25712 28015 27686 -0.0127956
25620 28776 28712 -0.00249805
25288 28067 28299 0.00917431
24354 27354 27261 -0.00381867
24893 27634 27772 0.00554373
25122 28136 27992 -0.00573203
25324 28485 28472 -0.000513347
25736 29397 29298 -0.00384675
25698 28245 28264 0.000739357
24964 28283 28235 -0.00192277
25132 28459 28454 -0.00019895
25626 29246 29242 -0.000156091
24629 27722 27707 -0.000609038
25329 29152 29150 -7.89609e-05
25495 28698 28779 0.00317709
24518 28049 27919 -0.00530223
25933 29367 29184 -0.00705665
26064 28449 28429 -0.000767342
25531 29158 29156 -7.83361e-05
25128 29050 29094 0.00175103
25004 28729 28724 -0.000199968
25107 28434 28468 0.0013542
26066 29032 29033 3.83642e-05
26111 28998 28959 -0.00149362
24556 28340 28382 0.00171038
26870 29393 29400 0.000260514
26316 28927 28769 -0.00600395
24458 28135 28094 -0.00167634
24772 29074 28871 -0.00819474
25417 27913 27952 0.00153441
25814 27998 28112 0.00441621
24412 27282 27367 0.00348189
24985 28094 28031 -0.00252151
24753 28125 27943 -0.00735264
25471 28847 28765 -0.00321935
25687 29010 28932 -0.00303656
23714 27752 27735 -0.000716876
26269 29491 29432 -0.00224599
24486 27757 28007 0.0102099
25578 28472 28463 -0.000351865
24803 28109 28178 0.00278192
25969 27936 27902 -0.00130925
25224 27836 27844 0.000317158
25196 28031 28010 -0.000833466
25185 28665 28520 -0.0057574
24248 27778 27817 0.00160838
25220 28474 28579 0.00416336
25518 28459 28448 -0.000431068
24492 27966 27772 -0.00792095
25725 28607 28942 0.0130224
26159 29260 29175 -0.00324936
26275 28885 28885 0
25611 29277 29208 -0.00269415
24126 28031 28025 -0.000248694
24930 28604 28685 0.0032491
25986 28616 28643 0.00103902
25131 29164 29113 -0.00202937
25333 28395 28551 0.00615798
25832 28613 28942 0.0127361
25040 28884 28782 -0.00407348
25324 28848 29218 0.0146106
25624 28190 27974 -0.0084296
25464 28273 28172 -0.00396638
26349 29041 29081 0.00151808
24910 28586 28805 0.00879165
25711 28666 28474 -0.00746762
24942 28270 28271 4.0093e-05
25151 28237 28166 -0.00282295
26070 28608 28532 -0.00291523
25452 29024 28871 -0.00601132
25905 28614 28515 -0.00382166
26497 28788 28803 0.000566102
24541 28253 28446 0.00786439
26716 29407 29521 0.00426711
25983 29321 29379 0.00223223
25343 28183 28183 0
24368 27802 27802 0
25385 28510 28462 -0.00189088
25772 29338 29332 -0.000232811
25199 28153 28203 0.00198421
25375 28791 28977 0.00733005
25645 28523 28547 0.000935855
26278 29632 29363 -0.0102367
24974 29007 28677 -0.0132137
25441 28089 28089 0
24413 28403 28372 -0.00126982
24644 27535 27521 -0.00056809
24726 28105 28121 0.000647092
23726 28404 28336 -0.00286605
26274 29635 29403 -0.00883002
25008 29026 28979 -0.0018794
25011 28644 28644 0
24804 29097 29097 0
25761 28382 28376 -0.00023291
24971 27463 27328 -0.00540627
25495 28803 28674 -0.00505982
24949 28383 28546 0.00653333
25833 28359 28307 -0.00201293
25491 28422 28433 0.000431525
24047 27140 26986 -0.00640413
26886 29325 29330 0.00018597
26255 29130 28975 -0.00590364
25694 29260 29235 -0.00097299
25419 28820 28852 0.0012589
24224 27854 28159 0.0125908
25179 28071 27899 -0.00683109
25088 28641 28654 0.000518176
25990 28710 28600 -0.0042324
25377 29020 28975 -0.00177326
25848 28982 28856 -0.00487465
25351 28024 28055 0.00122283
26034 29444 29531 0.00334178
23670 27140 27183 0.00181665
24803 29256 29284 0.0011289
25681 28826 28861 0.00136288
24917 28198 28222 0.000963198
25481 28005 27946 -0.00231545
25396 28264 28218 -0.00181131
25957 29211 29211 0
25217 28799 28763 -0.00142761
25831 28544 28650 0.0041036
25354 29074 29127 0.0020904
24932 28063 28063 0
25183 28370 28325 -0.00178692
24369 28166 28114 -0.00213386
25622 29198 29129 -0.002693
25867 28439 28379 -0.00231956
25116 28706 28643 -0.00250836
26012 28948 28770 -0.006843
25441 28216 28351 0.0053064
25158 28849 28842 -0.000278242
25119 27742 27720 -0.000875831
25520 28525 28481 -0.00172414
25911 29340 29209 -0.00505577
25381 29613 29668 0.00216698
25356 28776 28597 -0.00705947
24765 28135 28145 0.000403796
24556 28052 28052 0
24595 27913 27975 0.00252084
24133 28207 28016 -0.00791447
25681 28391 28442 0.0019859
24879 28392 28591 0.00799871
24204 27505 27364 -0.00582548
25374 28105 28430 0.0128084
25241 28608 28428 -0.00713125
24772 28835 28706 -0.00520749
25571 28576 28583 0.000273748
25059 28685 28629 -0.00223473
25172 28371 28262 -0.00433021
25210 28703 28703 0
24288 28905 28856 -0.00201746
25381 28362 28363 3.93996e-05
24678 28218 28218 0
25950 28657 28937 0.01079
25002 28506 28495 -0.000439965
25361 28415 28413 -7.88612e-05
24838 28547 28547 0
24464 28230 28519 0.0118133
24359 28191 28191 0
25542 28933 28867 -0.00258398
25328 28000 28107 0.00422457
24738 28652 28298 -0.01431
25865 28543 28560 0.000657259
26078 29686 29712 0.000997009
26108 28980 29015 0.00134059
25774 29213 29192 -0.000814775
25151 27712 27746 0.00135183
25548 28906 28916 0.00039142
25535 28332 28308 -0.000939886
26089 28731 28727 -0.000153321
24490 28202 28202 0
25372 27675 27578 -0.00382311
24483 27985 28217 0.00947596
23216 27826 27793 -0.00142143
25939 28673 28514 -0.00612977
24958 27639 27647 0.000320539
25434 29525 29459 -0.00259495
25795 28291 28136 -0.00600892
26187 28747 28545 -0.00771375
25584 28996 28911 -0.00332239
26149 28806 28849 0.00164442
25348 28132 28132 0
25480 28262 28262 0
25108 28891 28936 0.00179226
24767 28613 28478 -0.0054508
25911 29673 29673 0
25325 28493 28431 -0.00244817
26105 29340 29340 0
26304 28864 28895 0.00117853
24219 27838 27617 -0.00912507
25556 28974 28904 -0.00273908
24758 29030 28843 -0.00755311
25710 29099 28981 -0.00458965
25187 27823 27975 0.00603486
25073 28922 28881 -0.00163523
25869 28302 28198 -0.00402026
25516 28822 28859 0.00145007
24651 28181 28056 -0.00507079
25753 27538 27319 -0.00850386
24751 29137 28933 -0.00824209
25288 27986 28056 0.00276811
24638 28065 28248 0.00742755
25252 28660 28613 -0.00186124
24820 28745 28647 -0.00394843
25063 29086 28800 -0.0114112
25404 28707 28766 0.00232247
24052 27542 27713 0.0071096
24125 28699 28750 0.00211399
25103 27522 27531 0.000358523
24495 27566 27671 0.00428659
24269 27588 27489 -0.00407928
25615 28843 28830 -0.000507515
25022 28326 28260 -0.00263768
25476 28455 28499 0.00172712
25371 28323 28323 0
24975 28527 28287 -0.00960961
25555 28314 28328 0.000547838
25604 28151 28151 0
25287 28803 28823 0.00079092
25576 28350 28409 0.00230685
25534 28403 28403 0
24661 28641 28643 8.10997e-05
25258 28559 28534 -0.000989785
25672 27575 27461 -0.00444064
25841 28128 28060 -0.00263148
25232 27975 28038 0.00249683
26619 29431 29642 0.00792667
24717 28312 28078 -0.00946717
26138 29476 29476 0
25336 28921 28882 -0.00153931
25768 28658 28643 -0.000582117
25245 28047 28004 -0.00170331
25038 28388 28480 0.00367441
25205 28528 28427 -0.00400714
26111 28977 29031 0.00206809
25401 29029 29029 0
25616 28474 28490 0.00062461
24937 27869 27869 0
25364 28538 28552 0.000551963
24605 28927 28928 4.06421e-05
25328 28301 28313 0.000473784
24704 28400 28487 0.0035217
24511 28353 28299 -0.00220309
25337 28456 28456 0
26248 29196 29114 -0.00312405
24859 28255 28266 0.000442496
26469 28941 28894 -0.00177566
24874 27690 27711 0.000844255
25128 27971 28153 0.00724292
25278 28321 28294 -0.00106812
25048 28586 28528 -0.00231555
25305 28985 28892 -0.00367516
26131 28786 28809 0.000880181
25577 28859 28699 -0.00625562
25144 28881 28901 0.000795418
25104 28183 28217 0.00135437
25375 28999 29060 0.00240394
25829 28136 28228 0.00356189
26277 28707 28694 -0.000494729
25386 29283 29453 0.0066966
25146 28544 28544 0
25293 28653 28558 -0.00375598
25389 29452 29431 -0.00082713
25872 29380 29435 0.00212585
25317 29101 29022 -0.00312043
26557 28704 28700 -0.000150619
26538 28483 28512 0.00109277
25673 28234 28270 0.00140225
25986 28514 28636 0.00469484
24951 28100 28007 -0.00372731
24995 28249 28275 0.00104021
25758 28537 28629 0.00357171
25191 29004 28928 -0.00301695
24976 27535 27482 -0.00212204
23920 28324 28349 0.00104515
24974 28350 28381 0.00124129
24243 28646 28825 0.00738357
25645 28237 28220 -0.000662897
26586 29336 29262 -0.00278342
25155 28046 27962 -0.0033393
25739 29249 29237 -0.000466219
25153 28191 28318 0.0050491
26628 29645 29725 0.00300436
25778 28887 28856 -0.00120258
25205 29042 29042 0
25715 28686 28687 3.88878e-05
24619 28197 28389 0.00779885
25231 28478 28294 -0.00729262
24525 28353 28233 -0.00489297
24942 28681 28729 0.00192446
24649 27957 27740 -0.0088036
24966 27878 28265 0.0155011
25562 28652 28647 -0.000195603
25974 28333 28333 0
25001 28126 28118 -0.000319987
25434 28640 28621 -0.000747032
25702 28125 28349 0.00871528
25870 29390 29243 -0.00568226
25662 28112 28187 0.00292261
24892 28768 28720 -0.00192833
24386 27670 27536 -0.00549496
25187 28578 28187 -0.0155239
24504 28528 28359 -0.00689683
25146 28194 28335 0.00560725
24465 28773 28627 -0.00596771
26354 29263 29482 0.00830993
25087 28263 28160 -0.00410571
24723 28907 29047 0.00566274
24976 27251 27279 0.00112108
24193 28942 28892 -0.00206671
25067 29172 29264 0.00367016
25517 29229 29074 -0.00607438
24525 28436 28436 0
26038 28586 28546 -0.00153622
26438 29455 29280 -0.00661926
24621 28826 28947 0.0049145
25592 28437 28335 -0.00398562
25344 28852 28839 -0.000512942
25516 28830 28876 0.00180279
25954 28454 28310 -0.00554828
26013 29333 29333 0
26062 29018 29050 0.00122784
25045 28244 28177 -0.00267518
24545 27814 27467 -0.0141373
25140 28618 28610 -0.000318218
24640 27614 27703 0.00361201
24674 28608 28608 0
25837 28015 27792 -0.00863103
25823 29422 29231 -0.00739651
24239 28276 28269 -0.000288791
25076 28074 27969 -0.00418727
24867 28135 28003 -0.00530824
25201 28124 28238 0.00452363
24475 28106 28133 0.00110317
25772 28350 28333 -0.000659631
25891 28573 28406 -0.00645012
24831 28340 28097 -0.00978615
24521 28180 28098 -0.00334407
24656 29241 29261 0.000811162
26093 28951 28921 -0.00114973
25703 28556 28485 -0.00276232
24978 29044 29045 4.00352e-05
24737 29073 29128 0.00222339
25935 29071 28973 -0.00377868
26450 29143 29225 0.00310019
26474 29418 29260 -0.00596812
25726 28004 28006 7.77424e-05
25797 28798 28974 0.0068225
26409 28710 28692 -0.000681586
24927 28084 28021 -0.00252738
25702 28606 28571 -0.00136176
24888 29141 29109 -0.00128576
25054 28204 27984 -0.00878103
25655 29009 29009 0
25909 29690 29623 -0.00258597
26947 29936 29952 0.000593758
24950 28557 28528 -0.00116232
25171 28940 28943 0.000119185
25182 28423 28651 0.00905409
26560 28989 28911 -0.00293675
25205 28072 28232 0.00634795
25561 27970 27965 -0.000195611
24784 29472 29465 -0.00028244
24404 27506 27590 0.00344206
25560 28505 28304 -0.00786385
24390 28178 27928 -0.0102501
25619 28396 28528 0.00515243
25170 28675 28656 -0.000754867
24804 28277 28277 0
27061 29548 29548 0
25211 28263 28263 0
26154 28706 28736 0.00114705
24608 28035 28057 0.000894018
25719 29082 29006 -0.00295501
25299 28947 29006 0.00233211
25682 28380 28481 0.00393272
25757 29364 29339 -0.00097061
25317 28014 28337 0.0127582
25009 28490 28547 0.00227918
25295 28612 28403 -0.0082625
25711 28786 28816 0.00116682
25035 27789 27598 -0.00762932
25531 29323 29292 -0.00121421
24615 27754 28046 0.0118627
25267 28159 28212 0.0020976
25500 28519 28586 0.00262745
26415 28791 28548 -0.00919932
25169 28428 28139 -0.0114824
25521 28537 28513 -0.000940402
25087 27897 27998 0.00402599
25387 29040 29037 -0.000118171
25613 28612 28525 -0.00339671
25431 27375 27340 -0.00137627
24854 28017 28017 0
24629 28106 28063 -0.00174591
25303 29465 29323 -0.00561198
24411 28339 28298 -0.00167957
24954 29001 28846 -0.00621143
25686 28727 28650 -0.00299774
24368 27567 27546 -0.000861786
26205 28663 28398 -0.0101126
26187 29238 29147 -0.00347501
24987 28645 28618 -0.00108056
25408 28735 28712 -0.000905227
26235 28589 28473 -0.00442157
26012 28678 28560 -0.00453637
26747 29376 29195 -0.00676711
25445 28595 28604 0.000353704
25559 29384 29469 0.00332564
24756 28245 28421 0.00710939
25422 28332 28046 -0.0112501
24803 28315 28299 -0.000645083
25843 28439 28439 0
24951 27878 27878 0
25186 27392 27307 -0.00337489
24942 28322 28301 -0.000841953
25937 28176 28365 0.00728689
24856 28060 28074 0.000563244
24851 28800 29018 0.00877228
25669 28542 28607 0.00253224
25529 28619 28726 0.00419131
26028 28927 28988 0.00234363
24942 27620 27595 -0.00100233
24600 28299 28174 -0.0050813
24188 28705 28705 0
26008 29054 29051 -0.000115349
25070 28328 28328 0
24428 27579 27797 0.00892419
24609 28688 28666 -0.000893982
26037 28968 29093 0.00480086
24170 27690 27703 0.000537857
24943 27977 27873 -0.00416951
25413 28476 28497 0.000826349
24778 28145 28149 0.000161434
25448 28231 28388 0.00616944
26319 28466 28465 -3.79954e-05
25366 28609 28559 -0.00197114
25932 29208 29250 0.00161962
25696 28838 28843 0.000194583
25276 28684 28334 -0.0138471
25154 28639 28573 -0.00262384
24418 28564 28564 0
25462 28604 28502 -0.00400597
24925 28051 28235 0.00738215
24491 27749 27896 0.0060022
25735 29581 29502 -0.00306975
24868 27764 27652 -0.00450378
24319 27713 27796 0.00341297
24856 28560 28657 0.00390248
24882 28083 28085 8.03794e-05
24681 28490 28357 -0.00538876
25742 29279 29249 -0.00116541
25003 28482 28572 0.00359957
26069 28940 29170 0.00882274
24844 28079 28071 -0.000322009
24568 28247 28316 0.00280853
26344 28515 28661 0.00554206
25639 28555 28515 -0.00156012
24508 28666 28688 0.000897666
25599 28399 28507 0.00421891
25546 29292 29292 0
26032 28625 28569 -0.0021512
25280 29213 29110 -0.00407437
24799 28720 28742 0.000887133
25689 29301 29413 0.00435984
25519 28467 28466 -3.91865e-05
24020 28034 28064 0.00124896
25338 28878 28924 0.00181546
24411 28311 28209 -0.00417844
24582 27901 27883 -0.000732243
25846 28378 28212 -0.00642266
26094 29802 29802 0
23982 27681 27677 -0.000166792
26288 29543 29228 -0.0119827
25202 28766 28884 0.00468217
24570 28383 28519 0.00553521
25210 28065 27999 -0.00261801
25980 28750 28694 -0.0021555
24464 28058 28039 -0.000776651
26812 29476 29364 -0.00417723
24835 28377 28298 -0.00318099
24502 27719 27719 0
24690 27861 28017 0.00631835
25983 29314 28882 -0.0166263
24772 27874 27906 0.00129178
25392 27636 27641 0.000196912
26363 29119 29141 0.000834503
25505 28104 27980 -0.00486179
26158 29126 29117 -0.000344063
24099 27405 27318 -0.00361011
25017 28296 28305 0.000359755
25003 27974 27908 -0.00263968
26040 28451 28386 -0.00249616
24396 28662 28643 -0.000778816
25198 28728 28487 -0.00956425
25304 29171 29138 -0.00130414
25571 28712 28452 -0.0101678
25630 28376 28376 0
25499 29052 29158 0.00415703
24760 28796 28698 -0.003958
24781 28309 28242 -0.00270368
25237 28082 27997 -0.00336807
25819 28663 28479 -0.00712653
24706 27767 27904 0.00554521
25178 28253 27965 -0.0114386
24496 28564 28699 0.0055111
24313 28181 28238 0.00234442
25167 28132 28060 -0.00286089
26097 28876 28908 0.00122619
25720 28502 28379 -0.00478227
25139 28415 28415 0
25768 28523 28778 0.009896
24099 28518 28440 -0.00323665
25190 27902 27959 0.0022628
25178 28182 28095 -0.0034554
24663 28338 28342 0.000162186
25100 28894 28828 -0.00262948
25513 28440 28526 0.00337083
25736 28777 28726 -0.00198166
24917 28521 28400 -0.00485612
24964 28686 28575 -0.0044464
25285 29138 29188 0.00197746
26322 28794 28705 -0.0033812
25484 29312 29361 0.00192278
25098 28519 28406 -0.00450235
25003 28443 28457 0.000559933
25195 28499 28620 0.00480254
23799 28327 28405 0.00327745
25836 29065 28986 -0.00305775
23825 28183 28204 0.000881427
26051 28226 28193 -0.00126675
25222 28554 28450 -0.00412338
25492 28587 28456 -0.00513887
25904 28715 28718 0.000115812
26001 28376 28626 0.00961501
24308 28142 28255 0.00464868
25607 29791 29786 -0.000195259
26298 29573 29586 0.000494334
25374 28390 28439 0.00193111
25808 28574 28680 0.00410725
24783 27497 27599 0.00411572
26358 28842 28820 -0.000834661
26034 28460 28460 0
26186 29427 29416 -0.000420072
25365 28590 28720 0.00512517
26231 29646 29433 -0.00812016
25890 29154 29111 -0.00166087
25825 28764 28765 3.87222e-05
24471 27752 27783 0.00126681
24851 27988 28303 0.0126755
25960 28935 28878 -0.00219569
26272 28609 28480 -0.00491017
25726 28973 29111 0.00536422
26079 29304 29304 0
25629 28596 28594 -7.80366e-05
25777 28510 28621 0.00430616
25397 27562 27694 0.00519746
25228 27870 27851 -0.000753131
25670 28308 28439 0.00510323
25754 28911 28905 -0.000232974
26432 28822 29031 0.00790708
25703 29118 29118 0
25071 29067 28970 -0.00386901
26724 29429 29334 -0.00355486
24900 29069 29017 -0.00208835
25655 28521 28235 -0.0111479
24364 27961 27961 0
25040 28570 28295 -0.0109824
24327 28534 28574 0.00164426
25785 29080 28981 -0.00383944
26054 28802 28558 -0.00936516
24705 28315 28299 -0.000647642
26070 28764 28698 -0.00253165
25702 29056 29163 0.0041631
26083 28865 28893 0.0010735
24639 28950 29052 0.00413978
24466 28193 28267 0.00302461
26499 28986 29138 0.00573607
25666 29144 29096 -0.00187018
24655 28301 28236 -0.00263638
24738 29130 29133 0.000121271
26043 29208 29162 -0.00176631
26119 28511 28457 -0.00206746
26196 29250 29387 0.00522981
26720 29448 29284 -0.00613772
24743 28779 28788 0.000363739
25554 28470 28593 0.00481334
25453 28117 28121 0.000157152
24727 27664 27714 0.00202208
25697 28396 28525 0.00502004
24459 28279 28464 0.00756368
25795 28284 28387 0.00399302
25303 28658 28794 0.00537486
25212 28455 28402 -0.00210217
25259 28084 27968 -0.00459242
25686 28518 28328 -0.00739703
24669 27737 27474 -0.0106612
25670 28969 28946 -0.000895988
24777 28378 28110 -0.0108165
24952 28009 28030 0.000841616
25129 28762 28883 0.00481515
26051 28802 28704 -0.00376185
24463 28130 27843 -0.011732
25919 29247 29213 -0.00131178
25643 28745 28739 -0.000233982
25545 29263 29278 0.000587199
25705 28990 28917 -0.00283991
25272 29470 29278 -0.00759734
24325 28371 28290 -0.00332991
25135 28584 28416 -0.00668391
24828 27802 27978 0.00708877
25775 29324 29324 0
26189 29042 29353 0.0118752
25132 27421 27353 -0.00270571
25056 28017 28077 0.00239464
26903 29746 29474 -0.0101104
25731 28442 28374 -0.00264273
24431 28264 28280 0.000654906
24494 28440 28607 0.006818
25246 28586 28653 0.00265389
26210 29015 28847 -0.00640977
26032 28964 29155 0.00733712
26034 28313 28150 -0.00626104
25430 28225 28139 -0.00338183
24313 28233 27913 -0.0131617
25087 27778 27782 0.000159445
26271 29065 29067 7.61296e-05
24429 27678 27685 0.000286545
25633 28558 28381 -0.00690516
24161 28200 28214 0.000579446
25418 28364 28272 -0.00361948
25170 28394 28421 0.00107271
24231 27843 27900 0.00235236
25899 28266 28266 0
26209 28604 28600 -0.000152619
25143 28121 27749 -0.0147954
26010 29024 29114 0.00346021
25322 27613 27613 0
25866 29164 29245 0.00313152
26118 29331 29306 -0.000957194
24667 29174 29359 0.0074999
24886 28488 28395 -0.00373704
24680 28512 28367 -0.0058752
25832 28722 28621 -0.00390988
25071 28365 28365 0
24388 28137 28108 -0.00118911
25490 28172 28202 0.00117693
25816 28662 28392 -0.0104586
25336 28422 28475 0.00209189
25941 28637 28643 0.000231294
23877 27633 27633 0
25447 28106 27935 -0.00671985
24909 27988 27980 -0.000321169
25662 28531 28489 -0.00163666
25055 28767 28806 0.00155658
26038 29501 29501 0
25032 27773 27932 0.00635187
25275 28297 28174 -0.00486647
25717 29294 29046 -0.00964343
25965 29370 29345 -0.000962835
25193 28768 28757 -0.000436629
25719 28673 28696 0.00089428
24934 27913 27960 0.00188498
24592 28475 28482 0.000284645
24952 28211 28435 0.00897724
25992 28907 28855 -0.00200062
25785 29501 29495 -0.000232693
24850 28728 28721 -0.00028169
24090 27779 27826 0.00195102
24637 27411 27527 0.00470837
24525 28650 28630 -0.000815494
24121 28109 28380 0.011235
26001 28743 28627 -0.00446137
24407 27968 27927 -0.00167985
24500 28042 28131 0.00363265
24114 27959 27920 -0.00161732
24013 27753 27740 -0.000541373
24662 28280 28278 -8.10964e-05
25329 28503 28503 0
24722 27992 27913 -0.00319553
24526 27785 27913 0.00521895
26622 28717 28723 0.000225378
25246 28046 28070 0.000950646
24944 29031 29031 0
24472 28658 28628 -0.00122589
25568 28350 28035 -0.0123201
24781 27694 27880 0.00750575
25677 28505 28576 0.00276512
25858 27828 27922 0.00363524
24731 28007 28007 0
24624 29088 28915 -0.00702567
26240 28313 28185 -0.00487805
26347 29424 29439 0.000569325
25678 28634 28487 -0.00572474
26381 28976 29101 0.00473826
25456 28774 28583 -0.00750314
24494 27543 27570 0.00110231
25393 28517 28671 0.00606466
24674 28487 28575 0.00356651
24815 27944 27860 -0.00338505
26542 29710 29663 -0.00177078
26378 28330 28520 0.00720297
25546 28456 28489 0.00129179
25564 29222 29195 -0.00105617
25921 28330 28323 -0.000270051
24376 28011 28008 -0.000123072
25143 28216 27917 -0.011892
25347 28390 28553 0.00643074
26272 29139 29003 -0.00517661
24380 27885 27807 -0.00319934
26025 29123 28964 -0.00610951
25923 29742 29643 -0.003819
25695 28888 29133 0.00953493
24503 28206 28308 0.00416276
23695 28182 28206 0.00101287
24977 28285 28320 0.00140129
26100 28271 28310 0.00149425
26338 28703 28534 -0.00641658
25062 27941 27798 -0.00570585
25923 29246 29246 0
25242 28589 28546 -0.00170351
25133 28952 28891 -0.00242709
24917 28630 28831 0.00806678
25810 29152 29123 -0.0011236
25220 28090 28063 -0.00107058
25526 29188 28745 -0.0173549
24656 28187 28309 0.00494809
25440 28713 29005 0.011478
25249 29053 28995 -0.00229712
24600 28374 28368 -0.000243902
25608 29195 29108 -0.00339738
24119 28175 28254 0.00327543
24257 28031 28156 0.00515315
26149 28599 28590 -0.000344181
24785 27938 27839 -0.00399435
24964 28634 28567 -0.00268386
25353 28318 28230 -0.00347099
25287 28944 28846 -0.00387551
24985 28593 28593 0
25507 28264 28294 0.00117615
25966 28439 28448 0.000346607
26313 28852 28805 -0.00178619
25092 28080 28089 0.00035868
25153 28344 28317 -0.00107343
25414 28725 28518 -0.00814512
25525 29172 29250 0.00305583
25282 28907 28783 -0.00490468
25054 28068 27963 -0.00419095
24959 28210 28113 -0.00388637
25274 28824 28700 -0.00490623
25191 28732 28732 0
24511 28406 28334 -0.00293746
26151 28242 27861 -0.0145692
24984 29083 29083 0
25169 28130 27955 -0.006953
25833 28829 28745 -0.00325165
24135 28073 28002 -0.00294179
24044 27978 28006 0.00116453
26021 28481 28527 0.0017678
25323 27814 27896 0.00323816
25302 28849 28967 0.00466366
24991 28334 28490 0.00624225
25590 28439 28423 -0.000625244
25277 29036 29126 0.00356055
25650 29125 29014 -0.00432749
25945 28422 28922 0.0192715
26223 28885 28813 -0.00274568
27054 29385 29484 0.00365935
25911 28714 28728 0.000540311
24272 28094 28172 0.00321358
25453 28668 28374 -0.0115507
25205 29022 28976 -0.00182503
24802 28002 27953 -0.00197565
25347 28306 28288 -0.000710143
25526 28806 28715 -0.00356499
26172 28649 28609 -0.00152835
25385 28399 28378 -0.00082726
25311 28843 28749 -0.0037138
26015 28490 28636 0.00561215
24887 28113 28280 0.00671033
24395 28417 28327 -0.00368928
24775 28136 28173 0.00149344
24941 28648 28415 -0.00934205
24197 27367 27367 0
25334 29402 29416 0.000552617
26384 29262 29262 0
27028 29486 29490 0.000147995
25307 28224 28157 -0.00264749
24730 27941 27949 0.000323494
25328 29588 29567 -0.000829122
24478 27840 27517 -0.0131955
24789 27853 27890 0.0014926
25927 28565 28725 0.00617117
25096 28690 28739 0.0019525
25558 28349 28412 0.00246498
25895 29198 29143 -0.00212396
25901 29083 28997 -0.00332034
25445 28607 28548 -0.00231873
24359 28377 28108 -0.0110431
25784 28257 28291 0.00131865
24939 28839 28652 -0.0074983
26349 28847 28864 0.000645186
26153 28107 28047 -0.00229419
24799 28383 28353 -0.00120973
26293 29383 29311 -0.00273837
26209 28553 28600 0.00179328
25785 28539 28344 -0.00756254
26141 29484 29555 0.00271604
25622 29155 29112 -0.00167825
25526 28685 28641 -0.00172373
25645 28749 28805 0.00218366
26560 29457 29457 0
25516 28759 28759 0
25888 28754 28826 0.00278121
25523 28471 28540 0.00270344
23852 27119 27204 0.00356364
24239 27889 28117 0.00940633
25822 28674 28864 0.00735807
25484 28431 28426 -0.000196202
25402 29413 29326 -0.00342493
25551 28644 28653 0.000352237
25723 28390 28585 0.00758076
25761 28789 28725 -0.00248438
24972 28480 28369 -0.00444498
25340 29399 29334 -0.00256511
25042 28571 28516 -0.00219631
26430 28658 28679 0.000794552
25554 28501 28498 -0.000117398
26327 29469 29483 0.000531773
25510 28857 28922 0.00254802
24893 28247 28268 0.000843611
25769 28779 28701 -0.00302689
25834 29265 29284 0.000735465
24989 28922 29169 0.00988435
25129 28217 28108 -0.00433762
25817 28211 28244 0.00127823
25235 28109 28320 0.0083614
26116 28739 28465 -0.0104917
25092 28454 28466 0.00047824
25480 28787 28672 -0.00451334
24977 28171 28255 0.00336309
25055 28608 28668 0.00239473
26175 28590 28572 -0.000687679
24410 28121 28279 0.00647276
25805 28520 28334 -0.00720791
25523 28243 27998 -0.00959919
25212 28435 28510 0.00297477
25392 29053 28981 -0.00283554
25107 28136 27968 -0.00669136
25705 29031 28849 -0.00708033
24814 28063 28063 0
25690 28668 28460 -0.00809654
25126 28587 28606 0.000756189
24640 27915 27746 -0.00685877
25647 28002 28152 0.00584864
25157 28558 28528 -0.00119251
25450 28332 28367 0.00137525
24737 27874 27965 0.0036787
24928 28708 28687 -0.000842426
25826 29946 29946 0
25798 28552 28527 -0.000969067
25432 28022 28125 0.00405002
26698 29028 28964 -0.00239718
25531 28765 28771 0.000235008
25678 28816 28816 0
26417 29375 29472 0.00367188
24614 28492 28466 -0.00105631
24892 28474 28409 -0.00261128
25699 28908 28904 -0.000155648
25380 29486 29473 -0.000512214
25648 29290 29225 -0.00253431
24553 28572 28369 -0.00826783
24474 28285 28232 -0.00216556
24685 28251 28423 0.00696779
25871 28899 28882 -0.000657106
25523 29051 29083 0.00125377
25686 28851 28772 -0.00307561
25330 27806 27899 0.00367154
25704 28447 28530 0.00322907
25214 28985 28986 3.96605e-05
26323 28876 28928 0.00197546
25533 28189 28239 0.00195825
25818 28670 29220 0.021303
25411 28922 28948 0.00102318
23754 27272 27272 0
25048 28912 28847 -0.00259502
24353 27707 27786 0.00324395
25968 29032 29007 -0.000962723
25056 28224 28099 -0.00498883
