36077 41030 41018 -0.000332622
35917 40591 40735 0.00400924
36773 41924 41835 -0.00242025
35499 41781 41892 0.00312685
36562 41170 41079 -0.00248892
35262 41375 41380 0.000141796
35952 42323 42276 -0.0013073
36232 42225 42277 0.0014352
35189 41093 40996 -0.00275654
35312 40050 40117 0.00189737
34993 40647 41032 0.0110022
36360 41434 41403 -0.000852585
35061 40274 40099 -0.0049913
36090 42519 42519 0
36480 41912 41974 0.00169956
35620 40393 40275 -0.00331275
35622 41378 41289 -0.00249846
35011 41173 41242 0.00197081
35163 40805 40811 0.000170634
36517 41130 41237 0.00293014
36010 42295 42238 -0.00158289
36429 40953 40824 -0.00354113
35055 40281 40534 0.00721723
35719 40426 40418 -0.00022397
37287 40780 40716 -0.00171642
34948 41884 41884 0
36719 41316 41316 0
37398 42482 42355 -0.0033959
35778 40481 40508 0.000754654
35685 41397 40982 -0.0116295
35788 41882 41942 0.00167654
35036 40994 41038 0.00125585
35646 41338 41656 0.00892106
35792 40312 40313 2.79392e-05
35079 40401 40318 -0.00236609
36246 40931 41024 0.0025658
35953 40997 40984 -0.000361583
37445 42330 42226 -0.00277741
34349 42460 42460 0
36105 41735 40928 -0.0223515
37416 41799 42120 0.00857922
36744 41435 41036 -0.0108589
37062 41506 41276 -0.00620582
36529 41404 41377 -0.000739139
34969 40460 40635 0.00500443
38976 42983 42856 -0.00325842
37675 41685 41523 -0.00429993
36651 41394 41439 0.0012278
35705 40526 40602 0.00212855
35814 41155 41155 0
36663 39837 39855 0.000490958
34764 41096 41155 0.00169716
34550 40684 40504 -0.00520984
36626 41860 41806 -0.00147436
36804 42041 42041 0
36707 41642 41309 -0.00907184
35829 41466 41456 -0.000279104
36676 41835 41858 0.000627113
36544 40934 41232 0.00815455
34747 40102 40038 -0.00184189
36519 41162 41153 -0.000246447
35353 41173 41347 0.00492179
37094 42654 42900 0.0066318
37094 43663 43893 0.00620046
33475 39635 39760 0.00373413
35801 40180 40219 0.00108936
36022 41449 41442 -0.000194326
36094 42052 41900 -0.00421123
35625 40262 40324 0.00174035
35375 41336 41032 -0.00859364
34799 40426 39792 -0.0182189
33971 40089 40122 0.000971417
37028 41638 41682 0.00118829
36029 41710 41776 0.00183186
34255 41091 40783 -0.00899139
33153 39618 39559 -0.00177963
34186 40629 40444 -0.00541157
36250 41179 40954 -0.0062069
35171 42234 42274 0.0011373
36014 41994 41722 -0.00755262
34379 39127 38953 -0.00506123
36233 41207 41207 0
35139 41016 41138 0.00347193
36345 40590 40507 -0.00228367
33611 40845 40932 0.00258844
36576 41628 41645 0.000464786
35781 40890 40903 0.000363321
35387 42649 42483 -0.00469099
37589 43480 43070 -0.0109074
36483 42272 42272 0
36060 42277 42329 0.00144204
34677 41395 41355 -0.0011535
34497 42863 42745 -0.00342059
35144 40913 41016 0.0029308
36214 42084 42084 0
35771 40717 40730 0.000363423
35212 40585 40733 0.00420311
35987 41401 41397 -0.000111151
36019 41050 41222 0.00477526
35179 39988 39732 -0.00727707
36276 41508 41544 0.000992392
35881 42167 41825 -0.00953151
36597 42373 42236 -0.00374348
35932 41010 41010 0
36989 41350 41440 0.00243316
36254 43250 42871 -0.010454
35700 40983 40948 -0.000980392
34732 40715 40675 -0.00115168
35808 40452 40434 -0.000502681
36694 42518 42461 -0.00155339
36773 41267 40978 -0.00785903
36733 41029 40680 -0.00950099
35686 41484 41534 0.00140111
36257 41153 41075 -0.00215131
34161 39243 39011 -0.00679137
35492 40693 40861 0.00473346
35938 40501 40536 0.000973899
36259 42328 42514 0.00512976
36439 42855 42699 -0.00428113
36350 41002 40723 -0.00767538
35703 41453 41514 0.00170854
34499 41476 41610 0.00388417
35657 41621 41723 0.00286059
35277 40014 39766 -0.00703008
36194 41475 41468 -0.000193402
35419 40299 40326 0.000762303
34011 39388 39598 0.00617447
35945 41252 41530 0.00773404
36431 40901 40953 0.00142736
35792 42132 42058 -0.0020675
36297 42241 42250 0.000247954
35681 42095 41927 -0.00470839
35347 40759 40598 -0.00455484
37337 41750 41788 0.00101776
37884 42370 42372 5.27927e-05
35070 41065 41233 0.00479042
38522 42322 42268 -0.0014018
37580 41890 41863 -0.000718467
34402 40361 40338 -0.000668566
35299 40871 40865 -0.000169976
35860 40498 40354 -0.00401562
37404 40741 40726 -0.000401027
34472 39455 39408 -0.00136343
35567 41043 41067 0.000674783
34455 40624 40618 -0.00017414
35987 41726 41952 0.00628005
36301 41132 41376 0.00672158
34553 41043 41027 -0.000463057
37529 42907 42907 0
35124 40071 40326 0.00725999
37143 41902 41383 -0.013973
34136 40971 40755 -0.00632763
36404 40444 40607 0.00447753
35442 40551 39777 -0.0218385
36420 40915 40995 0.0021966
35660 40803 40661 -0.00398205
34255 40119 40129 0.000291928
36011 41036 40777 -0.00719225
36222 42279 41912 -0.010132
35621 40959 41040 0.00227394
36648 41932 42052 0.00327439
37400 42238 42151 -0.0023262
36538 41494 41637 0.00391373
36139 41851 42134 0.00783088
34107 40449 40269 -0.00527751
34235 41222 41044 -0.00519936
36341 41335 41345 0.000275171
35221 41468 41560 0.00261208
35093 41236 41348 0.00319152
36986 41959 41959 0
34822 40903 40963 0.00172305
36073 41348 41471 0.00340975
37153 41082 41082 0
36127 40969 40969 0
38026 42201 41841 -0.00946721
36141 42036 41983 -0.00146648
37443 42484 42629 0.00387255
34649 40371 40298 -0.00210684
35707 40865 40872 0.00019604
38217 41366 41257 -0.00285213
36439 42715 42670 -0.00123494
35822 40703 40884 0.00505276
37060 42204 42148 -0.00151106
34614 40575 40503 -0.00208008
37388 41709 41759 0.00133733
36318 42592 42592 0
35190 40154 39851 -0.0086104
34032 39797 39901 0.00305595
36164 41263 41394 0.00362239
36137 41578 41885 0.00849545
35741 40441 40368 -0.00204247
35684 42179 42232 0.00148526
36826 41287 41047 -0.00651713
36736 41950 41898 -0.00141551
35562 41489 41361 -0.00359935
34858 39812 39710 -0.00292616
34348 42205 42222 0.000494934
35076 40457 40406 -0.00145399
35067 40681 40486 -0.00556078
33471 41501 41477 -0.000717039
37683 42918 42918 0
35914 41435 40932 -0.0140057
34454 40956 40958 5.80484e-05
35035 42600 42600 0
36977 41264 41259 -0.000135219
35564 40198 40237 0.00109661
36557 41391 41399 0.000218836
35856 41940 41974 0.000948237
36989 41111 41128 0.000459596
36057 41244 40959 -0.00790415
34082 39534 39330 -0.00598556
37117 42616 42553 -0.00169734
36495 41261 41251 -0.00027401
37004 41525 42043 0.0139985
35998 40952 41450 0.0138341
34826 40596 40068 -0.0151611
35023 40630 40590 -0.00114211
35035 41775 41744 -0.000884829
36138 40025 40098 0.00202003
35085 41609 41637 0.000798062
36284 42182 42117 -0.00179142
35113 40318 40248 -0.00199356
37060 42216 42352 0.00366972
34373 39922 40066 0.00418933
36067 42866 43019 0.0042421
36641 42155 42155 0
36826 41916 41991 0.0020366
36605 40004 40038 0.000928835
36416 40925 41261 0.00922671
36940 42148 42031 -0.0031673
36535 42015 41459 -0.0152183
35538 41225 41201 -0.000675333
36110 42437 42268 -0.00468014
35373 40252 40288 0.00101773
35090 40500 40289 -0.00601311
34346 39574 39574 0
35672 41139 41120 -0.000532631
36722 40886 41069 0.00498339
35600 41932 41899 -0.000926966
36160 41283 41054 -0.00633296
35883 40868 40487 -0.0106178
35199 40846 40503 -0.0097446
35490 39833 39885 0.0014652
36558 40832 40930 0.00268067
36668 42188 42236 0.00130904
36992 43493 43520 0.000729888
35695 40852 41056 0.00571509
35191 39683 39646 -0.00105141
35827 40822 40976 0.00429843
35458 41173 41196 0.000648655
32704 39862 39814 -0.00146771
35969 41318 41346 0.000778448
35324 41348 41554 0.00583173
33997 39486 39265 -0.00650057
36201 39887 39667 -0.00607718
35430 40158 40302 0.00406435
35387 42137 42144 0.000197813
35481 40809 40800 -0.000253657
35871 41017 40974 -0.00119874
36019 40967 40832 -0.00374802
34499 40893 40890 -8.6959e-05
34526 41817 41817 0
36651 41560 41515 -0.0012278
35241 41321 41128 -0.00547658
36021 41239 40956 -0.00785653
35444 41387 41350 -0.0010439
36111 40528 40873 0.00955388
35464 42663 42644 -0.000535755
34377 41490 41670 0.00523606
34703 39833 40244 0.0118434
35516 41914 42000 0.00242144
35081 39516 39612 0.00273652
34356 39969 39517 -0.0131564
36542 41648 41471 -0.00484374
37105 43064 42795 -0.0072497
37557 41262 40841 -0.0112096
37414 43261 43261 0
34797 39030 39030 0
36742 41484 41407 -0.00209569
36173 41140 41096 -0.00121638
37119 41389 41389 0
34583 39612 39778 0.00480005
35685 40345 40129 -0.00605296
34642 41039 41102 0.0018186
32781 40578 40690 0.00341661
36287 41552 41778 0.00622813
35159 39530 38836 -0.0197389
36403 42551 42779 0.00626322
36965 40712 40995 0.00765589
37109 41114 41198 0.0022636
36156 41587 41478 -0.00301471
36581 40884 40867 -0.000464722
37058 41042 41148 0.00286038
36525 41041 41203 0.00443532
35268 41867 41835 -0.000907338
35007 40472 40243 -0.00654155
37376 43084 43105 0.000561858
36692 42057 41884 -0.00471492
37466 42973 42999 0.000693963
37308 41614 41542 -0.00192988
35039 39745 39707 -0.00108451
36530 41715 41763 0.00131399
33848 41467 41267 -0.00590877
35941 41214 41415 0.0055925
35319 39829 39972 0.00404881
34978 41168 40612 -0.0158957
36538 41724 41681 -0.00117686
35931 41237 41152 -0.00236565
34691 40528 40666 0.00397798
36485 40720 40968 0.00679731
34840 41963 41963 0
35841 39731 39311 -0.0117184
34924 40779 40739 -0.00114534
35756 41492 41516 0.000671216
34942 41221 41288 0.00191746
35950 42167 42340 0.00481224
36036 42690 42720 0.000832501
34596 40349 40374 0.000722627
33964 40806 40515 -0.0085679
35266 39262 39148 -0.00323258
34112 40106 40252 0.00428002
34642 39456 39458 5.77334e-05
35169 41300 41265 -0.000995195
35985 41571 41354 -0.00603029
36339 41384 41403 0.000522854
35298 40977 41096 0.0033713
35767 42311 42164 -0.00410993
36497 40575 40183 -0.0107406
35686 40282 39937 -0.00966766
37218 41456 41670 0.00574991
35610 40161 40161 0
36275 40427 40262 -0.00454859
35522 41913 42134 0.0062215
36221 41633 41551 -0.00226388
36332 40071 40078 0.000192668
36893 41083 41433 0.00948689
35185 40884 40931 0.0013358
37963 42414 42682 0.00705951
33673 40368 40473 0.00311823
36261 41936 41826 -0.00303356
34633 40659 40644 -0.000433113
36678 41805 41805 0
35516 40728 40812 0.00236513
34624 41209 41313 0.0030037
35711 40985 41085 0.00280026
36761 42360 42336 -0.000652866
36555 41795 41750 -0.00123102
35970 41038 40938 -0.00278009
35422 39878 40294 0.0117441
35131 40062 39907 -0.00441206
35427 42712 42621 -0.00256866
36021 40574 40231 -0.00952222
34496 41179 41046 -0.00385552
35040 40347 40368 0.000599315
35367 40654 40622 -0.000904798
36396 40962 40926 -0.00098912
34982 40279 40203 -0.00217255
36639 41211 41211 0
35352 40248 39967 -0.00794863
35917 41641 41728 0.00242225
35610 40526 41201 0.0189553
35359 42465 42465 0
36097 42256 42405 0.00412777
37438 42145 42412 0.00713179
37176 43060 43127 0.00180224
35293 41580 41591 0.000311677
35765 40344 40474 0.00363484
35882 41620 41546 -0.00206232
36884 41244 41007 -0.00642555
36927 42282 42535 0.00685136
36021 42191 42407 0.0059965
36128 40804 40915 0.00307241
35281 40384 40384 0
37058 42786 42734 -0.00140321
37091 41887 42035 0.00399019
36095 41879 41917 0.00105278
37383 41319 41097 -0.00593853
36775 40989 41035 0.00125085
36291 40822 40581 -0.00664076
37346 41718 41523 -0.00522144
35249 40627 40653 0.00073761
35820 41086 40934 -0.00424344
36081 41049 40981 -0.00188465
35807 42385 42388 8.37825e-05
34740 39733 39325 -0.0117444
33751 40881 40881 0
35873 42060 42046 -0.000390266
34091 40936 41383 0.013112
36299 40833 40553 -0.00771371
37365 42214 41822 -0.0104911
35157 40627 40552 -0.00213329
36597 41551 41616 0.0017761
35472 40591 40440 -0.00425688
36925 41812 41870 0.00157075
34951 40875 40983 0.00309004
35253 42124 41843 -0.00797095
35721 40969 41132 0.00456314
35180 40917 40956 0.00110858
35156 41045 40932 -0.00321425
35414 40307 40335 0.000790648
35125 40772 40558 -0.00609253
35590 40273 40051 -0.00623771
36119 40338 40351 0.000359921
35095 39701 39481 -0.0062687
36521 40537 40817 0.00766682
34386 39833 39612 -0.00642703
36404 41178 41325 0.00403802
35935 40202 40288 0.00239321
36451 42355 42103 -0.00691339
35592 40689 40818 0.00362441
34661 41389 41507 0.0034044
35237 40740 40728 -0.000340551
36192 40660 40437 -0.00616158
34749 41678 41623 -0.00158278
34964 41357 41278 -0.00225947
34879 40971 40944 -0.000774105
37284 42917 42929 0.000321854
35310 40191 40418 0.00642877
34259 41726 41802 0.0022184
35656 39525 39301 -0.00628225
34259 41999 41855 -0.00420328
34564 41123 41123 0
35644 41501 41463 -0.0010661
35329 41671 41671 0
36625 40640 41157 0.014116
38124 41888 42120 0.00608541
34895 42025 42025 0
36180 41703 41580 -0.00339967
35294 41012 41325 0.00886836
37274 41654 41419 -0.00630466
37222 41427 40878 -0.0147493
37307 43092 43168 0.00203715
36996 42001 42158 0.0042437
35248 39924 40454 0.0150363
34599 38669 38958 0.00835284
34934 40809 40798 -0.000314879
34969 40168 40168 0
35386 41767 41767 0
36912 41653 41697 0.00119202
35524 41956 41879 -0.00216755
33716 40976 40933 -0.00127536
35375 40147 40308 0.00455124
35645 40293 40230 -0.00176743
35463 40979 40900 -0.00222767
34826 40927 40793 -0.0038477
36631 40671 40793 0.00333051
36698 41731 41596 -0.00367867
35167 41686 41754 0.00193363
34652 40781 40692 -0.00256839
34827 42387 42390 8.61401e-05
36870 41829 41829 0
36472 40736 40942 0.00564817
35915 40349 40124 -0.00626479
34691 40927 40871 -0.00161425
35975 41857 41857 0
37705 42536 43074 0.0142687
37821 42298 42410 0.00296132
35721 40787 40415 -0.010414
35797 40683 40725 0.00117328
37653 41232 41289 0.00151382
35787 40712 40707 -0.000139716
35656 40841 40607 -0.00656271
34913 42398 42486 0.00252055
34948 40549 40600 0.00145931
36576 41349 41331 -0.000492126
36485 42510 42268 -0.00663286
38331 43536 43332 -0.00532206
34807 40898 41024 0.00361996
35575 41745 41794 0.00137737
35658 41032 41326 0.00824499
37630 41821 41821 0
35039 40996 40894 -0.00291104
35961 40823 40850 0.000750813
34803 41404 41560 0.00448237
33529 38888 39087 0.00593516
36017 41056 41033 -0.000638587
34793 40401 40420 0.000546087
36834 41089 40939 -0.00407232
36011 41747 41502 -0.00680348
34822 40266 40328 0.00178048
38492 42231 42231 0
36031 40566 40216 -0.00971386
36875 41619 41569 -0.00135593
35458 40728 40837 0.00307406
35941 41527 41518 -0.00025041
35413 40751 41319 0.0160393
37096 41355 41432 0.0020757
36157 41591 41285 -0.00846309
35426 41238 41242 0.000112911
35337 40885 41230 0.00976314
36663 42058 41869 -0.00515506
36671 41498 41667 0.00460855
35897 39806 39975 0.00470791
36911 42530 42530 0
34868 40625 40676 0.00146266
35929 41329 41366 0.00102981
36736 41053 41273 0.00598868
37153 41195 41195 0
35570 41218 41172 -0.00129322
36310 41187 41118 -0.0019003
35001 39918 40248 0.0094283
35836 42794 42821 0.000753432
35795 41036 41213 0.00494482
36763 39514 39350 -0.00446101
36113 40541 40512 -0.000803035
34370 39851 39884 0.00096014
36629 42826 42366 -0.0125584
34347 40876 40921 0.00131016
35839 42940 42796 -0.00401797
36857 40912 40632 -0.00759693
33809 39524 39596 0.00212961
36958 40813 40921 0.00292224
37211 42196 42113 -0.00223052
35008 41714 41725 0.000314214
36033 41434 41760 0.00904726
37408 41116 41054 -0.0016574
36553 40839 40877 0.00103959
37542 42068 42122 0.00143839
35259 40381 40216 -0.00467966
36231 41919 41999 0.00220805
35636 40422 40542 0.00336738
34701 39610 39421 -0.00544653
35007 40435 40543 0.0030851
36738 41336 41280 -0.00152431
34648 40285 40181 -0.00300162
36430 40618 40584 -0.000933297
34501 40687 40462 -0.00652155
37696 41877 42008 0.00347517
35149 40370 40292 -0.00221912
35586 42059 42034 -0.000702523
35738 40877 40973 0.00268622
35801 41422 41384 -0.00106142
36028 41985 41976 -0.000249806
35600 38883 39135 0.00707865
35112 40881 40850 -0.000882889
33857 41525 41490 -0.00103376
36875 41919 41874 -0.00122034
35238 41009 41009 0
34633 39222 39318 0.00277192
34604 41682 41605 -0.00222518
36063 41190 41160 -0.000831878
34572 40033 39750 -0.00818582
35048 40132 40303 0.00487902
36234 41068 41166 0.00270464
35184 40975 41027 0.00147794
35037 40389 40816 0.0121871
37397 41650 41551 -0.00264727
36855 41905 41779 -0.0034188
38254 43116 43095 -0.000548962
36080 41607 41563 -0.00121951
35651 40791 40505 -0.00802222
35683 41792 41330 -0.0129473
33832 41402 41314 -0.00260109
36082 40907 40737 -0.00471149
35251 40352 40529 0.00502113
35283 41451 41463 0.000340107
35639 41523 41430 -0.0026095
35020 40618 40514 -0.00296973
34978 40822 40839 0.00048602
34554 40580 40336 -0.00706141
35210 40501 40017 -0.0137461
34518 40799 40649 -0.00434556
36389 42067 41931 -0.00373739
35578 41377 41541 0.00460959
36915 42471 42471 0
34935 40362 40340 -0.000629741
33739 40655 40564 -0.00269718
36775 41249 41136 -0.00307274
36774 42183 42183 0
34302 41390 41549 0.0046353
36481 41395 41489 0.00257668
36761 41670 41879 0.00568537
36409 40617 40644 0.000741575
34863 42133 42149 0.000458939
35418 41951 41700 -0.00708679
35649 41893 41806 -0.00244046
35704 41062 41042 -0.000560161
34590 39707 39581 -0.00364267
34781 40286 40092 -0.00557776
33458 40303 40417 0.00340726
33967 40507 40556 0.00144258
35611 39812 39878 0.00185336
37245 42854 42799 -0.00147671
33653 40040 39955 -0.00252578
36666 41367 41318 -0.00133639
35297 42549 42426 -0.00348472
33992 39991 40175 0.00541304
35721 41302 41527 0.00629882
36700 41023 40935 -0.00239782
34966 40613 40730 0.00334611
37836 42907 42900 -0.000185009
34453 40475 40227 -0.00719821
34411 39845 39793 -0.00151114
34571 40303 40170 -0.00384716
36566 41573 41586 0.000355522
35195 39939 39855 -0.0023867
36446 40171 40366 0.00535038
37125 41992 42051 0.00158923
35490 40920 40843 -0.00216963
37998 43073 42861 -0.00557924
34370 39126 39140 0.000407332
34526 40050 39855 -0.00564792
35076 40418 40141 -0.00789714
37105 41730 41299 -0.0116157
33805 41329 41265 -0.00189321
35588 41235 41163 -0.00202315
35680 42244 42311 0.0018778
35193 41190 41192 5.68295e-05
36774 41548 41676 0.00348072
36555 42196 42240 0.00120367
34873 40935 41084 0.00427265
34383 41042 41125 0.00241398
35974 40543 40306 -0.00658809
35735 41225 41383 0.00442144
34781 40306 40070 -0.00678531
35054 40450 40610 0.00456439
33854 40478 40282 -0.00578957
33953 40322 40530 0.00612612
35061 40286 40168 -0.00336556
37359 41369 41434 0.00173988
37413 41372 40900 -0.0126159
36020 41512 41617 0.00291505
35548 41018 40943 -0.00210982
34585 40772 41048 0.00798034
35919 41173 41230 0.0015869
35268 40361 40351 -0.000283543
35603 41401 41414 0.000365138
35029 41112 41098 -0.000399669
35857 41705 41705 0
36038 41812 41752 -0.00166491
34602 41092 41202 0.00317901
35636 41532 41706 0.0048827
36028 42505 42465 -0.00111025
36361 40804 40503 -0.0082781
36625 42625 42526 -0.00270307
35011 41575 41575 0
35703 40467 40658 0.00534969
35751 40573 40636 0.00176219
33756 40433 40605 0.00509539
36464 42564 42564 0
33418 41283 41159 -0.00371058
36788 41133 41352 0.00595303
35344 40820 40497 -0.00913875
36316 42010 41828 -0.00501157
36863 41505 41418 -0.00236009
36682 41331 41297 -0.000926885
34868 40658 40740 0.00235173
36781 43176 43152 -0.000652511
38751 43256 43572 0.00815463
35659 41375 41348 -0.000757172
36402 41011 41144 0.00365365
34494 39041 39247 0.00597205
36449 40471 40598 0.00348432
37466 40946 41007 0.00162814
36023 41523 41652 0.00358105
36884 41959 42013 0.00146405
36312 42897 43022 0.00344239
36216 42213 42454 0.00665452
37964 42376 42396 0.000526815
34562 40326 39815 -0.014785
34801 41325 41420 0.00272981
37315 41581 41561 -0.000535977
37094 40832 40810 -0.000593088
36393 41287 41287 0
36161 41687 41578 -0.0030143
36074 40746 41020 0.0075955
36104 40800 40970 0.00470862
35391 40129 39910 -0.00618801
35625 40664 40665 2.80702e-05
35482 40512 40226 -0.00806043
36222 41687 41683 -0.00011043
37316 42005 41988 -0.000455569
36570 42002 42273 0.00741045
35846 41615 41615 0
37829 41799 41729 -0.00185043
35703 42162 42162 0
36256 40751 40825 0.00204104
33878 40123 40149 0.00076746
34902 40703 40725 0.000630336
34106 41051 41429 0.0110831
36942 40958 41011 0.00143468
36226 40992 40723 -0.00742561
34759 40834 40641 -0.00555252
37084 41751 41326 -0.0114605
35715 41737 41461 -0.00772785
37321 42038 42030 -0.000214357
35864 43366 43366 0
34844 40495 40450 -0.00129147
38193 41970 41970 0
36555 42703 42648 -0.00150458
34923 40865 40730 -0.00386565
35240 42392 42423 0.000879682
37142 42666 42666 0
36916 41695 41578 -0.00316936
37338 42576 42547 -0.000776689
38517 43549 43604 0.00142794
35281 42090 42037 -0.00150222
35357 40345 40311 -0.00096162
36403 40847 40700 -0.00403813
34900 39871 39850 -0.000601719
36990 41593 41636 0.00116248
34387 39938 40036 0.00284991
36809 41120 41120 0
35051 41901 41971 0.00199709
35931 41084 41105 0.000584454
35331 40512 40274 -0.00673629
35472 40778 40241 -0.0151387
34318 40242 40153 -0.00259339
36975 41628 41907 0.00754564
35026 40752 40911 0.00453948
34785 40459 40418 -0.00117867
36123 41327 40747 -0.0160563
35892 41062 41046 -0.000445782
34258 40886 40851 -0.00102166
36124 41828 41483 -0.00955044
35605 40688 40359 -0.00924028
35560 41951 41979 0.000787402
36388 41921 41739 -0.00500165
35229 42189 41658 -0.0150728
34729 40661 40688 0.000777448
35749 41550 41572 0.000615402
34821 40009 39929 -0.00229746
36219 42306 42157 -0.00411386
36646 42296 42245 -0.00139169
35918 39945 39668 -0.00771201
35360 41154 41154 0
37908 42211 42076 -0.00356125
35507 40752 41013 0.00735066
35538 41121 41018 -0.00289831
34792 40815 41058 0.00698436
36373 41528 41685 0.00431639
37345 42173 42058 -0.00307939
36861 42147 41955 -0.00520876
36372 40635 40389 -0.00676344
36229 41002 40546 -0.0125866
34152 40192 40097 -0.00278168
35590 40714 40810 0.00269739
38146 42667 42751 0.00220207
34014 39527 39614 0.00255777
36129 41695 41149 -0.0151125
33829 40638 40319 -0.00942978
35444 40849 40938 0.002511
35357 40592 40710 0.00333739
34693 40664 40674 0.000288243
36945 40758 41027 0.00728109
37412 41173 41687 0.0137389
35860 40820 40392 -0.0119353
38019 41856 41907 0.00134143
35638 39844 39743 -0.00283405
36042 42116 41782 -0.00926697
37189 42442 42602 0.00430235
35472 42653 42033 -0.0174786
34984 41568 41080 -0.0139492
36073 41118 41077 -0.00113658
35928 41039 41098 0.00164217
36525 39883 40474 0.0161807
33847 40321 40237 -0.00248176
36582 40473 40314 -0.0043464
36507 41213 41405 0.00525927
35031 41029 40719 -0.0088493
36569 41065 41065 0
33405 40373 40322 -0.00152672
36234 41360 41440 0.00220787
35494 40127 40331 0.00574745
35695 41052 41078 0.000728393
35544 40572 40738 0.00467027
36496 42006 42087 0.00221942
35732 40162 40567 0.0113344
35111 40397 40380 -0.000484179
35883 41442 41396 -0.00128194
36431 42175 42251 0.00208614
35629 41474 41299 -0.00491173
36985 41935 41568 -0.00992294
35103 40394 40394 0
34390 41874 41484 -0.0113405
34841 41288 41318 0.000861055
36555 41448 41448 0
36466 42896 42962 0.00180991
35006 41676 41676 0
34513 40011 39774 -0.00686698
35698 39420 39294 -0.00352961
33786 40486 40439 -0.00139111
33886 40486 40418 -0.00200673
36446 41351 41351 0
34226 39495 39573 0.00227897
34669 40853 40738 -0.00331708
34771 40407 40076 -0.00951943
34001 40613 40613 0
35046 40776 40588 -0.00536438
36166 40979 41093 0.00315213
34864 40764 40800 0.00103258
35987 41723 41524 -0.00552977
38195 41500 41677 0.00463411
36276 40356 40587 0.00636785
34853 41781 41775 -0.000172152
34676 41185 41563 0.0109009
36252 41620 41389 -0.00637206
34771 40056 40217 0.0046303
35984 40964 40926 -0.00105602
36160 40206 40280 0.00204646
35020 40100 40100 0
34833 42526 42409 -0.00335888
36982 41388 41149 -0.0064626
38065 42887 42689 -0.00520163
35888 40137 40209 0.00200624
38156 42563 42628 0.00170353
36628 41026 41044 0.000491427
34327 40257 40254 -8.73948e-05
35523 42267 41740 -0.0148355
34782 40141 40282 0.00405382
33844 39248 39794 0.0161328
38536 42191 41950 -0.00625389
37244 40774 40728 -0.0012351
36163 40149 40439 0.00801925
36542 43042 42702 -0.00930436
35954 40291 40065 -0.00628581
34352 39445 39408 -0.00107708
35149 39680 39607 -0.00207687
35595 40722 40624 -0.0027532
36540 42209 42234 0.000684182
35061 40190 40075 -0.00328
37116 42319 42086 -0.00627762
36414 42558 42535 -0.000631625
36745 41620 42017 0.0108042
34418 40345 40345 0
32666 40080 40068 -0.000367354
35788 40980 41360 0.0106181
36935 41164 41067 -0.00262624
37572 41313 41296 -0.000452465
34992 40074 40000 -0.00211477
36104 41654 41625 -0.000803235
35389 41719 41719 0
36678 41959 41965 0.000163586
35749 41704 41766 0.00173431
37379 42002 41899 -0.00275556
35051 39771 39627 -0.0041083
35395 40984 40893 -0.00257098
33480 39847 40422 0.0171744
35753 40923 41029 0.00296479
34722 41109 40964 -0.00417603
34695 41748 41715 -0.000951146
35581 41615 41548 -0.00188303
33562 39804 39675 -0.00384363
33181 40077 40352 0.00828788
37480 41260 41184 -0.00202775
34545 39998 40064 0.00191055
35374 41212 41212 0
35708 40704 40647 -0.00159628
35641 40839 40495 -0.00965181
36153 41602 41408 -0.00536608
35957 41335 41366 0.000862141
36982 41609 41578 -0.000838246
36930 41748 41519 -0.00620092
35338 40806 40207 -0.0169506
35022 40942 40902 -0.00114214
37112 41657 41343 -0.00846088
36318 42040 42040 0
36264 42442 42496 0.00148908
34604 40194 40037 -0.00453705
34667 41213 41176 -0.0010673
34353 40641 40652 0.000320205
35436 40445 40742 0.00838131
34464 39752 39987 0.00681871
36632 40628 40267 -0.00985477
34958 41295 41415 0.00343269
35417 40933 40933 0
36015 41434 41766 0.00921838
33580 40484 40726 0.00720667
34549 39986 40068 0.00237344
36113 40378 40891 0.0142054
35336 39198 39304 0.00299977
35627 41276 41382 0.00297527
36030 40727 40808 0.00224813
37386 41489 41353 -0.00363773
35321 41562 41476 -0.00243481
36019 41710 41414 -0.00821789
37014 41713 41619 -0.00253958
37928 42330 42035 -0.00777789
38540 42729 42729 0
36674 41593 41672 0.00215411
34464 41022 40932 -0.00261142
36105 40872 41073 0.0055671
35732 42193 42193 0
34484 39673 39893 0.00637977
35619 40479 40615 0.00381819
36333 41565 41563 -5.50464e-05
37062 40901 40522 -0.0102261
36327 40675 40778 0.00283536
36667 41463 41438 -0.000681812
37704 41954 41628 -0.0086463
34740 40304 40476 0.00495107
32601 40318 40291 -0.000828195
34301 40439 40400 -0.00113699
36141 41124 41284 0.0044271
34430 39084 39008 -0.00220738
35674 41369 41431 0.00173796
36760 41953 41953 0
37889 42676 42672 -0.000105572
35612 40443 40588 0.00407166
36266 41126 41211 0.00234379
36232 42103 42233 0.00358799
35013 40279 40324 0.00128524
34788 40286 40655 0.0106071
37139 42465 42922 0.0123051
35760 41144 41017 -0.00355145
35666 40053 40168 0.00322436
36254 41697 41654 -0.00118608
36795 41336 40836 -0.0135888
35808 40962 40839 -0.00343499
33702 40885 40838 -0.00139458
35997 40548 40295 -0.00702836
35461 41673 41723 0.00141
38000 42604 42647 0.00113158
37084 39632 39780 0.00399094
34364 40305 40096 -0.00608195
37386 42596 42599 8.02439e-05
37377 40895 40711 -0.00492281
36096 41114 41063 -0.0014129
36752 41795 41839 0.00119721
37242 41609 41724 0.00308791
36693 41540 41536 -0.000109013
35883 41053 41140 0.00242455
37640 42189 41867 -0.00855473
35840 41135 41234 0.00276228
37110 41975 41911 -0.0017246
37496 41790 41291 -0.0133081
33764 38979 38977 -5.92347e-05
34761 40369 40351 -0.000517822
36569 41469 41563 0.00257048
35521 40592 40228 -0.0102475
35068 42320 41934 -0.0110072
36027 40954 40794 -0.00444111
36799 41764 41860 0.00260877
36931 40893 41025 0.00357423
34916 39646 39766 0.00343682
34836 42068 42019 -0.00140659
35626 42493 42645 0.00426655
38250 41814 42357 0.0141961
36610 41397 41370 -0.000737503
37271 42336 42321 -0.000402458
36648 41948 41952 0.000109146
34878 40447 40379 -0.00194965
36709 41192 41261 0.00187965
36396 42443 42488 0.0012364
34318 40841 40300 -0.0157643
36129 40605 40587 -0.000498215
36344 40382 40662 0.00770416
37771 41596 41805 0.00553335
36825 40951 40871 -0.00217244
35930 41489 41216 -0.00759811
36196 41756 41702 -0.00149188
35789 41548 41461 -0.00243091
36318 41608 41601 -0.000192742
36866 41306 41578 0.00737807
35502 40958 41122 0.00461946
37274 41618 41984 0.00981918
36918 40946 40928 -0.000487567
35218 40590 40516 -0.0021012
36067 42356 42216 -0.00388166
36607 41155 41560 0.0110635
37913 42136 42034 -0.00269037
35216 39683 39964 0.00797933
37202 41728 41514 -0.00575238
35572 41202 40986 -0.00607219
35761 40967 40548 -0.0117167
36201 39654 39993 0.00936438
36052 41443 41512 0.0019139
35845 40015 40450 0.0121356
35858 40110 39948 -0.00451782
35904 42002 41888 -0.00317513
37186 42886 42980 0.00252783
36320 41279 41614 0.00922357
35322 40559 40489 -0.00198177
37840 42169 42199 0.000792812
36433 41416 41546 0.00356819
36202 41433 41445 0.000331473
37888 42834 42956 0.00322002
35042 41335 41199 -0.00388106
35376 40600 40648 0.00135685
37822 43223 43201 -0.000581672
35888 42626 42390 -0.00657601
37044 42859 42958 0.0026725
33937 40526 40236 -0.00854525
35243 41452 40795 -0.018642
35753 42323 42032 -0.00813918
36239 42162 42276 0.00314578
36581 41432 41532 0.00273366
35295 41170 40528 -0.0181895
36493 40275 40170 -0.00287726
36298 41438 41330 -0.00297537
34285 41667 41696 0.000845851
37646 42276 42308 0.000850024
35964 39853 39959 0.00294739
36088 41611 41599 -0.000332521
36153 41520 41355 -0.00456394
34597 40723 40723 0
35686 41857 41673 -0.00515608
34650 40282 40372 0.0025974
36177 41432 41422 -0.000276419
35877 41330 41318 -0.000334476
