43223 48503 48590 0.00201282
42972 48076 48221 0.00337429
44742 49544 49397 -0.0032855
42589 48984 49280 0.00695015
43851 48492 48776 0.00647648
42915 49257 49176 -0.00188745
42994 49451 49225 -0.00525655
43090 49139 49139 0
42395 48653 48138 -0.0121477
42322 47171 47209 0.000897878
42057 48966 48472 -0.011746
43431 48594 48421 -0.00398333
41994 47510 47382 -0.00304805
42719 49641 49820 0.00419017
43442 49229 49082 -0.00338382
43158 48532 48062 -0.0108902
42772 49562 49585 0.000537735
42025 49588 49537 -0.00121356
41484 47493 47692 0.00479703
43593 48983 48698 -0.00653775
42289 49430 49257 -0.0040909
43113 47841 47652 -0.00438383
41859 47790 47823 0.000788361
42824 47880 47686 -0.00453017
44708 48547 48453 -0.00210253
42510 49194 49045 -0.00350506
43796 48703 48793 0.00205498
44521 50098 49939 -0.00357135
43396 48416 48568 0.00350263
43403 49040 48818 -0.00511485
43653 50185 50153 -0.000733054
41264 48690 48692 4.84684e-05
42632 48837 48723 -0.00267405
42682 47959 48053 0.00220233
41973 47843 48051 0.00495557
42259 48149 47988 -0.00380984
43387 48793 48788 -0.000115242
45528 50208 50230 0.000483219
41798 49472 49715 0.00581368
42413 49221 49201 -0.000471554
45754 50933 51054 0.00264458
44275 49306 49141 -0.00372671
43686 48809 48800 -0.000206016
43261 48797 48778 -0.000439195
41768 47688 48086 0.00952883
46451 50637 50719 0.0017653
44674 49203 48891 -0.00698393
44701 49365 49413 0.0010738
43404 49154 49355 0.00463091
43580 48914 48385 -0.0121386
44304 47906 47967 0.00137685
42707 48865 48746 -0.00278643
41508 48134 48107 -0.000650477
43577 49552 49654 0.00234068
44431 49664 49788 0.00279084
43470 48452 48032 -0.00966184
42714 49092 48919 -0.00405019
43924 49720 49430 -0.00660231
44166 48366 48595 0.00518498
42401 47794 47699 -0.00224051
43383 48600 48508 -0.00212065
43214 48629 48579 -0.00115703
43927 49806 50291 0.011041
43924 50982 51339 0.00812768
40086 46781 46586 -0.00486454
42471 47966 47457 -0.0119846
43391 49195 49114 -0.00186675
42887 48895 48921 0.000606244
42556 47255 47277 0.000516966
42313 48301 48330 0.000685369
42814 49042 49559 0.0120755
41516 48584 48485 -0.00238462
44481 49739 49245 -0.0111059
43225 49522 48921 -0.013904
40631 48004 47683 -0.00790037
40418 47611 47759 0.00366173
41268 48481 48000 -0.0116555
43896 49653 49523 -0.00296155
41967 50016 49837 -0.00426526
42906 49610 49724 0.00265697
41250 46879 47254 0.00909091
43995 48226 48501 0.00625071
41733 48453 48331 -0.00292335
42881 47527 47864 0.00785896
40856 49469 49456 -0.000318191
43114 49058 49058 0
42221 48092 47887 -0.0048554
42395 50127 50250 0.00290129
44918 51015 50930 -0.00189234
43362 50477 50213 -0.00608828
43759 50425 50518 0.00212528
41943 49936 49820 -0.00276566
41402 50665 50525 -0.00338148
42361 48822 48961 0.00328132
43843 50752 50764 0.000273704
43009 48575 48625 0.00116255
42241 48094 47983 -0.00262778
43823 49500 49197 -0.00691418
42829 48373 48259 -0.00266175
42884 48237 48507 0.00629605
43153 49211 49164 -0.00108915
43337 50046 50077 0.000715324
43241 49762 49722 -0.000925048
44143 49138 49058 -0.00181229
44169 48905 48729 -0.0039847
43802 51177 50897 -0.0063924
42308 47996 48017 0.00049636
42047 48184 48615 0.0102504
43474 48702 48388 -0.00722271
44294 50133 49668 -0.010498
44393 49614 49232 -0.00860496
43514 48068 48202 0.00307947
43130 49332 49359 0.000626014
43239 48551 48672 0.0027984
41755 46820 46974 0.00368818
42056 48048 48045 -7.13335e-05
42617 48396 47810 -0.0137504
43128 48934 48978 0.00102022
43915 50507 50382 -0.00284641
43900 48915 48801 -0.00259681
42219 48840 48399 -0.0104455
41690 49020 49319 0.00717198
43348 49822 50071 0.00574421
42481 47501 47579 0.00183611
42960 49786 49846 0.00139665
43077 48539 48920 0.00884463
41601 48025 47738 -0.00689887
43412 49884 49826 -0.00133604
44531 47834 47886 0.00116773
44044 50256 50471 0.00488148
42670 50395 50395 0
42167 49215 49042 -0.00410273
42406 48359 48575 0.00509362
44531 49629 49468 -0.00361546
44635 50223 49939 -0.00636272
41896 48944 49010 0.00157533
45654 49921 49921 0
44354 49303 49513 0.00473463
40779 47623 47214 -0.0100297
42427 49161 49328 0.00393617
42983 47692 47690 -4.653e-05
43865 48314 48086 -0.00519777
41646 46717 46554 -0.00391394
42246 47843 47955 0.00265114
41635 48844 48530 -0.00754173
42714 49112 49071 -0.000959873
43762 49647 49842 0.00445592
41024 47996 47996 0
45060 50417 50437 0.000443853
41400 47545 47276 -0.00649758
43780 49251 49322 0.00162175
41692 48758 48943 0.0044373
43922 47956 48245 0.00657985
42643 47797 47998 0.00471355
43109 48866 48593 -0.00633278
42943 49036 49045 0.00020958
41581 47909 47818 -0.0021885
42725 48785 48609 -0.00411937
42876 49226 49185 -0.000956246
42334 48434 48007 -0.0100865
43977 49414 49772 0.00814062
44913 50052 50052 0
44855 49737 49362 -0.00836027
43216 50311 50383 0.00166605
41127 48221 48215 -0.00014589
42311 48531 48897 0.00865023
44247 49407 48975 -0.00976337
43065 50430 50430 0
43420 49888 49666 -0.00511285
44123 49850 49308 -0.0122838
42832 49233 49077 -0.00364214
42988 49449 49293 -0.00362892
44546 49270 49529 0.00581421
42972 48326 47923 -0.0093782
45075 49254 49490 0.00523572
42619 49441 49176 -0.00621788
43647 49094 49253 0.00364286
41959 48172 48181 0.000214495
43307 49090 48905 -0.00427183
44249 48403 48540 0.00309612
42982 50013 50278 0.00616537
43562 48724 49010 0.00656536
44374 49420 49356 -0.00144229
40997 48525 48397 -0.00312218
44921 50254 49100 -0.0256895
43522 50341 50213 -0.00294104
42930 47886 47763 -0.00286513
41093 47268 47332 0.00155744
43605 48717 49249 0.0122004
44014 50101 50646 0.0123824
42756 48221 48121 -0.00233885
43341 49778 49842 0.00147666
44347 49016 48826 -0.00428439
44777 50535 50530 -0.000111664
42330 49922 49592 -0.00779589
42943 47866 47828 -0.000884894
41273 49559 49587 0.00067841
42471 47839 47789 -0.00117727
41941 48141 48116 -0.000596075
40457 49378 49412 0.000840398
44533 50754 50961 0.00464824
42929 49631 49718 0.0020266
42012 49189 48878 -0.00740265
42587 50738 50738 0
43396 48276 48487 0.0048622
42189 46722 46480 -0.00573609
43803 49329 49115 -0.00488551
43268 49620 49649 0.000670241
44050 47974 47577 -0.00901249
42642 48629 48561 -0.00159467
40897 46565 46512 -0.00129594
44771 50388 50388 0
43706 49008 49091 0.00189905
44514 50034 50067 0.00074134
43327 49194 49552 0.00826275
41323 48117 48285 0.00406553
42407 48292 48278 -0.000330134
42429 49117 49299 0.00428952
43679 48668 48668 0
42206 49295 49444 0.0035303
43161 49645 49833 0.00435578
42967 48063 48083 0.000465474
44688 51260 51000 -0.00581812
40461 47437 47646 0.00516547
42628 49979 49980 2.34588e-05
43640 50187 50129 -0.00132906
42668 48337 48332 -0.000117184
43415 47710 47607 -0.00237245
43801 49014 49173 0.00363005
44084 49642 49642 0
43167 49795 49795 0
43382 49686 49509 -0.00408003
42676 50709 50551 -0.00370232
42833 47896 48091 0.00455256
42724 48512 48368 -0.00337047
41689 48174 48174 0
42867 49395 49366 -0.000676511
43800 48687 48411 -0.00630137
42635 50078 50189 0.00260349
43448 48303 48422 0.00273891
43459 48064 47990 -0.00170275
42741 49502 49368 -0.00313516
42247 46877 47075 0.00468672
42934 48284 48240 -0.00102483
44057 50183 50226 0.000976008
43612 50810 50695 -0.00263689
42990 48593 48716 0.00286113
41821 48039 47693 -0.00827336
42566 47906 48122 0.00507447
41852 48175 48180 0.000119469
39669 47312 46717 -0.0149991
43239 49126 49259 0.00307593
42081 48906 48560 -0.00822224
40508 46763 46755 -0.000197492
43173 47933 47849 -0.00194566
42513 48793 48687 -0.00249335
42552 49094 48920 -0.00408911
43127 48676 48768 0.00213323
42711 48748 48487 -0.00611084
42771 48338 48385 0.00109888
41763 48522 48336 -0.0044537
41043 49687 49809 0.00297249
43716 49375 49405 0.000686248
41967 48955 48872 -0.00197774
43886 49551 49820 0.00612952
42036 48593 48324 -0.00639928
43800 49039 49011 -0.000639269
42090 49707 49639 -0.00161559
41582 48664 48489 -0.00420855
41744 48325 48174 -0.00361729
43144 50111 50134 0.000533098
42957 47933 48033 0.00232791
41732 48479 48131 -0.00833892
43411 48738 48526 -0.00488355
44325 50579 50433 -0.00329385
44780 49206 49227 0.000468959
43704 49805 49740 -0.00148728
41833 46910 47216 0.0073148
43582 49830 50022 0.00440549
43650 48759 49133 0.00856816
44317 49101 49095 -0.000135388
41901 47303 47396 0.00221952
43337 47844 47846 4.61499e-05
41765 49104 49020 -0.00201125
39375 47816 47833 0.000431746
44072 49538 49526 -0.000272282
42171 46733 46552 -0.00429205
42923 50676 50485 -0.00444983
44159 48428 48351 -0.0017437
45154 48684 49216 0.0117819
43336 49870 50091 0.00509969
44339 49195 49195 0
43520 48189 48296 0.00245864
43384 48693 48694 2.305e-05
42273 49735 49401 -0.00790102
42106 48026 48118 0.00218496
44715 51088 51021 -0.00149838
43137 48845 48809 -0.00083455
44469 50813 50175 -0.0143471
44191 48629 48943 0.00710552
41339 47145 47190 0.00108856
43375 49157 49212 0.00126801
41786 49504 49580 0.00181879
43824 50003 49791 -0.00483753
42565 47549 47680 0.00307765
42302 48393 49039 0.0152711
44220 48967 49122 0.0035052
43598 49492 49624 0.00302766
41916 47971 48026 0.00131215
44184 47467 47242 -0.00509234
42018 49414 49570 0.00371269
43410 48073 47824 -0.00573601
42239 48711 48827 0.00274628
43406 49725 49944 0.00504539
42039 48683 48389 -0.00699351
42534 49875 50173 0.00700616
42745 49225 48777 -0.0104808
41354 47565 47670 0.00253905
41128 48944 48944 0
42499 47110 46935 -0.00411774
41013 47501 47502 2.43825e-05
41365 47076 47076 0
43181 49385 49371 -0.000324217
42109 48855 48583 -0.00645943
43271 49023 48967 -0.00129417
42771 48433 48550 0.0027355
43083 49681 49519 -0.00376018
43886 48336 47751 -0.01333
42843 47572 47703 0.00305768
43757 49880 49827 -0.00121123
43409 48433 48298 -0.00310995
43392 48377 48508 0.00301899
42195 48999 49077 0.00184856
42580 48763 48779 0.000375763
43416 47159 47332 0.00398471
44434 49087 48940 -0.00330828
42747 48815 48860 0.00105271
45372 50981 50933 -0.00105792
40747 47228 47602 0.00917859
44388 50188 50119 -0.00155447
42611 49560 49361 -0.00467016
43961 49773 49773 0
42483 48089 48236 0.00346021
41966 49000 49074 0.00176333
42915 48938 49100 0.0037749
44210 50089 50089 0
43358 49389 49537 0.00341344
43678 49696 49696 0
42707 47838 47790 -0.00112394
42778 48650 48493 -0.00367011
42461 49984 49805 -0.00421563
43259 48809 48795 -0.000323632
41781 48430 48589 0.00380556
41779 47992 48044 0.00124464
42638 48743 48713 -0.000703598
44094 49055 48735 -0.00725722
42092 48505 48264 -0.00572555
44774 49554 49682 0.0028588
42446 47823 47456 -0.00864628
42733 48574 48574 0
42708 48989 48893 -0.00224782
42087 49130 48812 -0.00755578
42773 49562 49550 -0.000280551
44529 50011 50011 0
43716 49420 50104 0.0156464
42759 49675 50005 0.00771767
42947 47827 47694 -0.00309684
43324 49478 49468 -0.000230819
43790 48657 48734 0.00175839
44142 49786 49761 -0.000566354
43269 50964 50422 -0.0125263
42723 48534 48464 -0.00163846
42613 48747 48491 -0.00600756
43966 51116 50985 -0.00297958
43576 49741 49722 -0.00043602
43386 50113 50113 0
44288 48763 48776 0.000293533
44360 48762 49030 0.00604148
44182 48700 48692 -0.000181069
43889 49552 49689 0.00312151
42944 48787 48853 0.00153689
42421 48256 47965 -0.00685981
43497 49002 48614 -0.00892016
42129 49344 49351 0.000166156
42430 47126 47077 -0.00115484
40768 48428 48431 7.35871e-05
42530 48997 49120 0.00289208
40974 49215 49167 -0.00117147
42757 48198 47968 -0.00537924
44814 50064 50059 -0.000111572
42461 47664 47950 0.00673559
44321 49479 49375 -0.00234652
42756 48848 48635 -0.00498176
45106 50702 50645 -0.00126369
43184 49063 49246 0.00423768
42265 49300 49316 0.000378564
43211 49019 49140 0.00280021
41836 47959 48152 0.00461325
42373 48860 48318 -0.0127912
41558 48413 48509 0.00231002
41870 48592 48158 -0.0103654
41892 48051 47997 -0.00128903
42816 47365 47365 0
42892 48213 47978 -0.00547888
43802 48098 48197 0.00226017
41834 47854 47808 -0.00109958
43503 48955 48955 0
42926 47716 47751 0.000815357
44358 50599 50500 -0.00223184
42595 48202 48078 -0.00291114
41264 48673 48461 -0.00513765
42260 47900 47688 -0.00501656
42653 47833 47622 -0.0049469
42093 49613 49875 0.00622431
42299 49095 48825 -0.00638313
41849 48853 49002 0.00356042
44908 50397 50397 0
42286 48193 48049 -0.00340538
41136 49310 49402 0.00223648
42387 46845 46881 0.000849317
40534 49756 49756 0
42231 49648 49648 0
43058 49332 49396 0.00148637
41810 48847 48779 -0.00162641
43976 48548 48645 0.00220575
45644 49617 49782 0.00361493
41487 49462 49307 -0.00373611
43046 49040 49280 0.00557543
42067 48502 48485 -0.000404117
43770 49111 48865 -0.00562029
44527 49210 49022 -0.00422216
44374 50161 50053 -0.00243386
44435 49509 49417 -0.00207044
42961 48063 48135 0.00167594
41983 46822 47034 0.00504966
42879 48876 48895 0.000443107
42178 47626 47722 0.00227607
42131 49240 49680 0.0104436
44442 49049 49053 9.0005e-05
43760 50124 50115 -0.000205667
40766 48560 48756 0.00480793
42664 47511 47559 0.00112507
42127 47601 47494 -0.00253994
42812 47760 47812 0.00121461
41579 48158 47917 -0.0057962
43501 47999 47999 0
44458 49017 48972 -0.00101219
41812 47655 47122 -0.0127475
41639 48788 48643 -0.00348231
42425 49911 50040 0.00304066
44266 49387 49387 0
43450 48557 48710 0.00352129
41820 48538 48677 0.00332377
41880 48988 49159 0.00408309
43576 49890 49694 -0.00449789
45361 50553 50668 0.00253522
45381 50582 50680 0.00215949
43671 48547 47706 -0.0192576
43759 48950 49024 0.00169108
44749 48787 48826 0.000871528
42163 48136 48222 0.0020397
43679 49317 48759 -0.012775
41635 49913 49979 0.0015852
42542 48472 48430 -0.00098726
43827 49493 49259 -0.00533917
43987 50414 50977 0.0127992
45851 51668 51646 -0.000479815
42096 48894 48927 0.000783922
42687 49439 49439 0
42818 48880 48931 0.00119109
44725 49853 49805 -0.00107323
42778 48863 48824 -0.000911684
42953 48061 48097 0.000838125
42212 50549 50480 -0.00163461
40900 47230 47112 -0.00288509
43102 48560 48692 0.0030625
41397 47724 47913 0.00456555
43401 48354 48286 -0.00156678
43536 49389 48959 -0.00987688
41353 47603 47467 -0.00328876
45801 50173 50256 0.00181219
42818 47861 47848 -0.000303611
44163 48950 48827 -0.00278514
42337 48077 48264 0.00441694
43497 49891 50137 0.00565556
42922 49662 49623 -0.000908625
44847 49586 49795 0.00466029
43538 50311 50134 -0.00406541
42817 48753 48827 0.00172829
42796 49176 49502 0.00761753
43192 49051 48852 -0.00460733
43818 48960 49040 0.00182573
43037 47675 47846 0.00397333
43577 50489 50280 -0.00479611
41953 47820 47793 -0.000643577
42452 47654 47963 0.00727881
43534 49227 49227 0
44506 48768 48612 -0.00350515
42462 48450 48411 -0.000918468
43595 48903 48718 -0.00424361
41707 47865 47861 -9.59072e-05
42534 49865 49960 0.00223351
43150 48738 49075 0.00780997
43559 47101 47003 -0.00224982
42627 47992 47992 0
41364 47450 47317 -0.00321536
42851 50507 50039 -0.0109216
41729 48824 48819 -0.000119821
42704 50433 50433 0
44306 49320 49099 -0.00498804
41291 46679 46816 0.00331791
44907 49036 48995 -0.000912998
44186 49607 49659 0.00117684
42335 49452 48990 -0.010913
43258 48951 49189 0.00550187
44565 48895 48874 -0.000471222
44131 48734 48692 -0.000951712
44905 50012 49764 -0.00552277
42775 48157 48310 0.00357686
43044 50287 50234 -0.0012313
42241 47568 47934 0.00866457
42170 47793 47503 -0.00687693
41895 48140 48042 -0.00233918
44438 49151 49151 0
41874 48133 48194 0.00145675
43043 47718 47718 0
41470 48152 48136 -0.000385821
45163 49345 49257 -0.0019485
42269 47954 47838 -0.00274433
42442 50280 50186 -0.00221479
43230 48793 48865 0.00166551
43037 48993 48867 -0.00292771
44419 49651 49579 -0.00162093
42319 46797 47082 0.00673456
41499 48106 48300 0.00467481
40669 49330 48678 -0.0160319
44565 49725 49166 -0.0125435
41946 48212 48212 0
41618 47266 47603 0.00809746
41838 49220 49369 0.00356136
44012 49510 49642 0.00299918
40852 47155 47463 0.00753941
41738 47521 47688 0.00400115
43313 49212 49082 -0.00300141
41933 48407 48258 -0.00355329
42907 48718 48709 -0.000209756
44649 49127 49394 0.00597998
43489 49161 49132 -0.000666835
44712 50577 50637 0.00134192
43794 49921 49669 -0.00575421
43319 48679 48488 -0.00440915
42409 49514 48989 -0.0123794
41036 48508 48319 -0.00460571
43060 48237 48191 -0.00106828
42057 47857 48073 0.00513589
41838 48186 48220 0.000812658
42513 50131 49515 -0.0144897
42653 48347 48224 -0.00288374
41875 48564 48527 -0.000883582
41408 48518 48492 -0.000627898
42180 48303 48303 0
41942 48641 48604 -0.000882171
43932 50091 50434 0.00780752
42487 49040 49082 0.000988538
43771 49853 49748 -0.00239885
42184 48103 48115 0.000284468
40910 47849 47934 0.00207773
44278 48485 48776 0.00657211
44548 49776 49855 0.00177337
41153 49154 49203 0.00119068
44255 49659 49616 -0.000971642
43783 50395 50395 0
44321 48310 48200 -0.00248189
42726 50208 50208 0
42555 50078 50016 -0.00145694
43295 50019 49968 -0.00117797
43306 48875 48864 -0.000254006
40271 47291 47256 -0.000869112
42767 48746 48622 -0.00289943
40881 48071 48241 0.00415841
40845 47868 47609 -0.00634105
43415 48623 48618 -0.000115168
44199 50415 50537 0.00276024
40364 47312 47058 -0.00629274
43650 49842 49819 -0.000526919
42913 49719 50081 0.00843567
41162 48545 48545 0
43106 48946 48624 -0.00746996
43785 48823 48614 -0.00477332
41573 47571 47714 0.00343973
45320 50830 50685 -0.00319947
41876 48598 48769 0.00408348
41744 47535 47738 0.00486297
41556 47934 47971 0.000890365
43937 49291 49128 -0.00370986
42331 48225 48293 0.00160639
42831 46955 46696 -0.00604702
43860 49562 49615 0.00120839
42617 47499 47847 0.00816576
44269 50044 49520 -0.0118367
41430 47328 47328 0
41988 48360 48518 0.00376298
42473 47771 47826 0.00129494
44381 48529 48199 -0.00743561
41385 48895 48883 -0.00028996
42686 49031 48843 -0.00440425
43402 49974 50027 0.00122114
43187 49011 49006 -0.000115776
44046 48945 48707 -0.00540344
43735 50366 50278 -0.00201212
41895 49186 49178 -0.000190954
41670 48615 48615 0
43168 48070 48361 0.0067411
43355 49495 49294 -0.00463614
41550 47756 47585 -0.00411552
42338 47772 48010 0.00562143
41345 48882 48866 -0.000386988
41145 48009 47947 -0.00150687
42584 48005 47972 -0.000774939
44808 49708 49994 0.00638279
44154 48809 48831 0.000498256
43715 49387 49387 0
43613 49373 49026 -0.00795634
41107 49233 49194 -0.000948744
42700 48262 48507 0.0057377
42328 47878 48083 0.00484313
42158 49032 48614 -0.00991508
42402 49510 49510 0
43555 49608 49566 -0.000964298
43448 49350 49011 -0.00780243
41460 48757 48652 -0.00253256
42660 49179 49158 -0.000492264
43090 50067 49436 -0.0146438
43526 49155 49166 0.000252723
43945 50433 49985 -0.0101946
42612 48647 49093 0.0104665
43110 48498 48065 -0.0100441
42418 48284 48300 0.000377198
40091 47724 47767 0.00107256
43863 50453 50453 0
40546 48613 48571 -0.00103586
43621 48558 48518 -0.00091699
42555 49084 48969 -0.00270239
43351 49532 49532 0
44389 49530 48983 -0.0123229
44613 49657 49746 0.00199493
40915 47959 48023 0.00156422
43672 50969 51006 0.000847225
45841 51253 51220 -0.00071988
43042 48898 48771 -0.00295061
43541 49121 49107 -0.000321536
41596 47003 46118 -0.0212761
44538 48644 48770 0.00282904
44416 48904 48373 -0.0119552
43990 50101 50155 0.00122755
43522 48803 48730 -0.00167731
44012 50717 50880 0.00370354
43626 50192 50368 0.00403429
43971 49422 49399 -0.000523072
40720 47257 47325 0.00166994
42456 48644 49089 0.0104814
44447 49830 49590 -0.00539969
44334 48363 48419 0.00126314
43177 49009 49102 0.00215392
43518 49781 49915 0.00307919
43684 49487 49487 0
43633 48687 48672 -0.000343776
43141 47741 47823 0.00190074
42665 47742 47405 -0.00789875
42954 47802 47744 -0.00135028
43508 49241 48760 -0.0110554
45161 49754 50108 0.00783862
43613 49810 49684 -0.00288905
42533 49588 49761 0.00406743
45542 50598 50540 -0.00127355
42957 49977 50031 0.00125707
43043 48522 48502 -0.000464652
41416 48391 48391 0
42172 48264 48069 -0.00462392
41357 48804 48588 -0.00522282
43978 49970 49970 0
43906 48635 48954 0.00726552
41787 48539 48546 0.000167516
44255 49659 49608 -0.00115241
42940 49211 49164 -0.00109455
44551 49227 49302 0.00168346
42736 50665 50776 0.00259734
41790 48266 48439 0.00413975
45582 49924 50023 0.00217191
44297 50995 51019 0.000541797
42035 48946 48499 -0.010634
41940 50269 50468 0.00474487
44562 50603 50138 -0.0104349
44129 49366 49408 0.000951755
44797 50927 50945 0.000401813
45657 51085 50588 -0.0108855
42436 50186 50186 0
42647 48358 48277 -0.00189931
44030 48657 48797 0.00317965
42193 48303 48303 0
44216 49045 49013 -0.00072372
41246 48372 48461 0.00215778
43821 48496 48631 0.00308071
42144 49730 49318 -0.00977601
43111 49137 49137 0
41953 47323 47317 -0.000143017
43448 48401 48502 0.00232462
41259 47143 46937 -0.00499285
43535 49398 49850 0.0103825
41569 49033 49154 0.00291082
42403 47905 47826 -0.00186308
43061 49747 49509 -0.00552704
43746 49463 49144 -0.0072921
42375 48703 48534 -0.0039882
43826 50433 50411 -0.000501985
42781 49369 49357 -0.000280498
43082 50029 49970 -0.00136948
43510 49197 49367 0.00390715
42247 49676 49566 -0.00260374
41389 48644 48247 -0.00959192
42904 49404 49295 -0.00254056
41647 47047 46697 -0.00840397
44333 50719 50653 -0.00148873
44318 50501 50635 0.0030236
42885 47322 47115 -0.00482686
42124 48516 48374 -0.003371
45635 50253 49973 -0.00613564
42945 48952 48949 -6.98568e-05
42285 48924 48884 -0.000945962
42053 48475 48995 0.0123653
43282 49609 49609 0
45184 49883 49899 0.000354108
44032 49982 49996 0.000317951
44058 48331 48452 0.00274638
43155 48768 48767 -2.31723e-05
41447 47834 48014 0.0043429
42335 47787 47413 -0.0088343
45136 50512 50480 -0.000708968
41613 46641 46843 0.00485425
42620 48245 48463 0.00511497
41109 47974 47783 -0.00464618
43059 48784 48752 -0.000743166
42867 49039 48920 -0.00277603
41419 48599 48311 -0.00695333
43876 48334 48247 -0.00198286
44371 48155 49551 0.031462
42568 48318 48225 -0.00218474
44394 49625 49592 -0.000743344
43059 47332 47065 -0.00620079
43644 50894 50573 -0.00735496
43896 50092 50092 0
41876 49230 49611 0.00909829
42553 49070 49059 -0.000258501
42605 49889 49538 -0.00823847
43553 49554 49455 -0.00227309
43205 47737 47728 -0.000208309
41431 48062 47995 -0.00161715
43206 47888 47862 -0.000601768
43804 49136 48604 -0.012145
42990 48425 48723 0.00693184
43367 48542 48476 -0.00152189
41122 47380 47327 -0.00128885
43181 47688 47649 -0.000903175
42368 47504 47720 0.00509819
43517 48948 49011 0.00144771
42850 49013 49068 0.00128355
44062 50105 50199 0.00213336
43331 48653 48485 -0.00387713
42730 48164 48079 -0.00198923
43608 49644 49892 0.00568703
43591 49919 50093 0.00399165
43182 49004 48987 -0.000393683
43478 48721 48820 0.00227701
42883 48271 48266 -0.000116596
41587 49458 49434 -0.000577103
42070 49130 49233 0.0024483
43891 49114 49174 0.00136702
43838 50918 50887 -0.000707149
41480 48596 48596 0
40325 47001 47163 0.00401736
42253 46913 46534 -0.00896978
41025 48634 48628 -0.000146252
40627 48154 47793 -0.00888572
44063 49020 48950 -0.00158863
40987 47389 47643 0.00619709
41691 48208 48320 0.00268643
41097 47804 47581 -0.00542619
40610 47441 47346 -0.00233933
41763 48629 48381 -0.00593827
43075 48368 48929 0.0130238
41430 47554 47564 0.000241371
42448 48320 48380 0.00141349
45599 49472 49374 -0.00214917
43091 48091 47979 -0.00259915
42186 49266 49239 -0.000640023
41284 48411 48371 -0.000968898
43190 49010 49083 0.00169021
41519 48123 47922 -0.00484116
43505 48238 47909 -0.00756235
43656 48309 48278 -0.000710097
41672 47465 47537 0.00172778
41866 49993 49617 -0.00898103
44087 48857 48807 -0.00113412
45166 50571 50571 0
43605 48068 48116 0.00110079
44975 50411 50405 -0.000133407
43063 47982 48194 0.00492302
40950 47964 47934 -0.000732601
42786 49543 49493 -0.00116861
42051 48615 48645 0.000713419
40903 47083 47364 0.00686991
45448 50453 50389 -0.0014082
44826 49291 48678 -0.0136751
43364 47925 47912 -0.000299788
43942 50625 50600 -0.000568932
43883 48616 48552 -0.00145842
41000 46995 46768 -0.00553659
41522 47243 47220 -0.000553923
42936 48520 48170 -0.00815167
44320 49527 49278 -0.00561823
41777 47933 47933 0
43934 49409 49411 4.55228e-05
44344 50629 51137 0.0114559
43921 50252 50091 -0.00366567
41406 48729 48542 -0.00451625
39623 47768 47914 0.00368473
42559 48515 48771 0.00601518
44094 48240 48322 0.00185966
45202 49082 48953 -0.00285386
41833 47359 47334 -0.000597614
44245 49872 49872 0
42582 48988 48930 -0.00136208
43033 49177 48971 -0.00478702
42651 48917 49172 0.00597876
44264 49468 49044 -0.00957889
42389 47861 47899 0.000896459
43253 49263 49340 0.00178022
41157 47809 47736 -0.0017737
43200 48781 48861 0.00185185
41748 49183 49029 -0.0036888
42232 49709 49709 0
42806 49215 48831 -0.00897071
40954 47451 47281 -0.004151
40186 47812 47892 0.00199074
43839 49106 49106 0
41830 47918 47999 0.00193641
42066 48646 48670 0.000570532
42959 48941 49096 0.00360809
43172 48702 48289 -0.00956639
42533 48956 48834 -0.00286836
43372 48618 48377 -0.00555658
44039 49264 49135 -0.00292922
44097 49543 49831 0.00653106
42666 48274 48129 -0.00339849
42859 48472 48440 -0.000746634
43509 48912 48779 -0.00305684
43027 50195 50327 0.00306784
42777 49507 49749 0.00565725
42145 48088 47646 -0.0104876
42413 48290 48742 0.0106571
41491 48316 48469 0.00368755
43028 48826 48810 -0.000371851
41396 47837 47550 -0.00693304
43891 47677 47218 -0.0104577
42123 48902 49251 0.00828526
42512 48689 48427 -0.00616297
43321 48995 49220 0.00519379
40369 47790 47894 0.00257623
41311 47766 47672 -0.00227542
43303 48379 48491 0.00258643
42846 48056 48040 -0.00037343
42925 49299 49037 -0.00610367
42585 48391 48462 0.00166725
44309 49133 49361 0.00514568
42971 49313 49426 0.00262968
42787 49828 49649 -0.00418351
44235 49337 49322 -0.000339098
45102 49939 49921 -0.000399095
45745 50489 50750 0.00570554
44165 49498 49292 -0.00466433
41663 48814 48763 -0.00122411
43074 49044 48910 -0.00311093
42415 49086 48804 -0.00664859
42134 47514 47528 0.000332273
43117 48664 48619 -0.00104367
43525 48614 48533 -0.001861
44586 49242 49134 -0.00242229
43611 48800 48608 -0.00440256
43536 49329 48864 -0.0106808
44479 48822 48822 0
42224 48334 48335 2.36832e-05
40160 48285 48052 -0.00580179
41292 47914 47906 -0.000193742
43090 49037 49218 0.00420051
40844 46226 46566 0.00832436
43838 50272 50256 -0.00036498
44001 49801 49294 -0.0115225
46128 50538 50599 0.00132241
42576 48279 48409 0.00305336
42673 47955 48175 0.00515548
43339 49846 49952 0.00244583
41528 47155 47572 0.0100414
42036 47897 47522 -0.00892092
43695 49754 49468 -0.00654537
42425 48765 48517 -0.00584561
43416 48569 48471 -0.00225723
44028 49677 49709 0.00072681
43700 49668 49497 -0.00391304
43363 48711 48814 0.0023753
41650 48932 48828 -0.002497
44183 48859 48787 -0.00162959
42817 49208 49189 -0.000443749
45381 49806 49839 0.000727177
43980 47740 47740 0
41527 48092 48115 0.000553857
44476 49689 49980 0.00654285
44662 48422 48377 -0.00100757
43166 48280 48280 0
44306 49916 50115 0.00449149
43405 50485 50073 -0.00949199
43570 48628 48647 0.00043608
43414 49025 49009 -0.000368545
44919 49986 49558 -0.00952826
43657 48615 48714 0.00226768
44115 49355 49344 -0.000249348
44261 48903 49057 0.00347936
40841 46425 46253 -0.00421145
41615 48498 48580 0.00197044
44011 48955 49028 0.00165868
43208 48734 48781 0.00108776
42278 49914 49936 0.000520365
43375 49319 49098 -0.0050951
43682 49115 49271 0.00357127
43452 48408 48205 -0.00467182
42564 48643 48004 -0.0150127
42940 50099 50096 -6.98649e-05
42500 49703 49598 -0.00247059
45897 50483 50367 -0.0025274
43937 49283 48942 -0.00776111
45142 50401 50284 -0.00259182
44098 50119 50106 -0.000294798
42286 48506 47810 -0.0164593
43654 49579 49380 -0.00455857
43906 50086 50135 0.00111602
42229 48987 49467 0.0113666
42973 48078 48165 0.00202453
43814 48086 47966 -0.00273885
43840 48698 48573 -0.00285128
44239 48799 49050 0.00567373
42853 49017 48505 -0.0119478
43910 49166 49214 0.00109315
42530 48741 48490 -0.00590172
43204 49131 49050 -0.00187483
44541 48126 48623 0.0111583
41767 48872 48959 0.00208298
43835 48791 49332 0.0123417
43494 48037 48166 0.00296593
43029 48731 48860 0.00299798
43031 49787 49787 0
42749 48336 47907 -0.0100353
44654 49687 49808 0.00270972
41978 47731 47756 0.00059555
43856 48388 48510 0.00278183
42675 49190 49190 0
42248 47171 47516 0.00816607
43507 47661 47631 -0.000689544
42801 49296 49300 9.34558e-05
43177 48474 48382 -0.00213076
42196 47448 46949 -0.0118258
42330 49654 49633 -0.000496102
43931 51209 51058 -0.00343721
43225 48219 48165 -0.00124928
42044 48443 48280 -0.00387689
45560 50273 50207 -0.00144864
43234 48706 48801 0.00219734
43421 49330 49105 -0.00518182
45290 50510 50632 0.00269375
42102 48554 48174 -0.0090257
43208 48870 49246 0.00870209
44251 50224 50250 0.000587557
42945 50017 50381 0.00847596
44158 50439 50451 0.000271751
41277 48727 48723 -9.69063e-05
41665 48311 48371 0.00144006
43088 49783 49752 -0.000719458
43616 49787 49763 -0.000550257
43604 49315 49013 -0.00692597
42630 49068 48846 -0.0052076
43227 47252 47455 0.00469614
43428 49156 49156 0
42402 49857 49510 -0.00818358
44808 49860 49752 -0.00241028
42764 47481 47576 0.00222149
44173 50074 49846 -0.00516152
42945 49163 48849 -0.00731168
40495 47199 47170 -0.000716138
42502 48945 49156 0.00496447
41432 48309 48000 -0.007458
43482 49287 49343 0.00128789
43240 48866 48818 -0.00111008
