72495 78837 78595 -0.00333816
69996 77680 77460 -0.00314304
72347 80669 80701 0.000442313
69793 79630 79332 -0.00426977
73003 79841 79676 -0.00226018
68881 78984 78385 -0.00869616
72486 79793 80493 0.00965704
71592 79626 79726 0.0013968
72256 79406 79315 -0.00125941
71515 77609 77605 -5.59323e-05
71250 80186 80509 0.00453333
71520 80085 79728 -0.00499161
72199 78786 78786 0
70235 78958 78878 -0.00113903
71952 79570 79512 -0.000806093
74063 80460 80505 0.000607591
71791 80585 80632 0.000654678
71175 79351 79464 0.00158764
68475 77810 77262 -0.00800292
72277 79499 79479 -0.000276713
71046 80346 80077 -0.00378628
72856 80641 80645 5.49028e-05
71043 78123 77893 -0.00323748
72741 79674 79776 0.00140224
71990 78265 78136 -0.00179192
72216 80127 80194 0.000927772
73295 80439 80453 0.000191009
72314 79843 79720 -0.00170092
74296 80969 80899 -0.000942177
72205 79915 79073 -0.0116612
73835 81017 80834 -0.0024785
69073 78015 78086 0.0010279
72269 79267 79454 0.00258755
70346 78635 78354 -0.00399454
70106 78993 78528 -0.00663281
71664 78855 78799 -0.000781424
71708 79373 79553 0.00251018
74477 80690 80777 0.00116815
70095 79459 79423 -0.000513589
70216 78429 78748 0.00454312
75455 81764 81675 -0.00117951
72500 78211 78269 0.0008
72152 80818 80216 -0.0083435
72137 79982 80168 0.00257843
68334 77682 77713 0.000453654
75019 82397 82397 0
72871 78304 78128 -0.00241523
74761 80716 80750 0.000454783
72658 79915 80166 0.00345454
70909 77586 77359 -0.00320129
72557 79107 78765 -0.00471354
71280 78778 77905 -0.0122475
70847 78132 78143 0.000155264
69988 78677 78677 0
72079 80224 80504 0.00388463
72220 78940 79148 0.00288009
70969 80303 80303 0
73437 80561 80496 -0.000885112
72881 78705 78793 0.00120745
69892 78345 78001 -0.00492188
71723 78787 78379 -0.00568855
73042 79170 79243 0.000999425
72054 78962 79130 0.00233158
73889 80323 80615 0.00395187
69097 78577 78589 0.000173669
70937 79358 79232 -0.00177622
72594 80006 80006 0
71969 79827 79827 0
72063 77680 77713 0.000457933
71443 79825 79825 0
70830 78915 79240 0.00458845
69243 78980 79051 0.00102537
74350 79850 79694 -0.00209818
70713 79793 79744 -0.000692942
69710 79423 79315 -0.00154928
69468 79017 79151 0.00192895
70330 78766 78893 0.00180577
71486 79725 79966 0.00337129
71281 82358 82595 0.00332487
72294 80223 80160 -0.000871442
70031 77734 77795 0.000871043
72438 78845 78963 0.00162898
69907 77365 77301 -0.000915502
70347 76541 76698 0.00223179
69173 79737 79763 0.000375869
73144 80582 80455 -0.0017363
70186 77587 77481 -0.00151027
72201 80944 81680 0.0101938
73875 78954 78895 -0.000798646
72311 82154 81804 -0.0048402
72064 80948 81289 0.0047319
69146 78241 78989 0.0108177
69515 80680 81129 0.00645904
70526 78278 78059 -0.00310524
71872 80119 80004 -0.00160007
72257 78525 78769 0.00337684
71153 77660 78017 0.00501736
73671 79222 79137 -0.00115378
70752 78213 78368 0.00219075
71677 77297 77052 -0.00341811
72711 79597 79521 -0.00104523
72119 80150 80240 0.00124794
73722 80566 80577 0.000149209
73083 79354 79354 0
72404 79266 79494 0.003149
70884 81635 82235 0.00846453
72546 79601 79508 -0.00128195
71787 80146 80216 0.000975107
72357 79895 79857 -0.000525174
71115 80200 79989 -0.00296703
73956 79019 78966 -0.000716642
72158 75916 76377 0.00638876
73262 81336 81367 0.000423139
72190 78744 79313 0.00788198
70608 78775 78549 -0.00320077
71376 78436 77898 -0.00753755
70872 78981 78771 -0.00296309
72532 81276 81228 -0.000661777
72757 80665 80441 -0.00307874
71461 78501 78000 -0.00701082
71492 79934 79185 -0.0104767
70309 78678 78259 -0.00595941
71757 80520 80001 -0.00723274
69905 77862 77240 -0.00889779
71877 80947 80514 -0.00602418
70995 78022 77817 -0.00288753
71196 78544 77986 -0.00783752
72863 79127 79341 0.00293702
74168 79349 79387 0.00051235
71681 80802 80641 -0.00224606
70519 80245 80041 -0.00289284
70962 79857 78648 -0.0170373
72748 79352 78981 -0.0050998
72705 78771 78230 -0.00744103
71635 79520 79421 -0.00138201
67846 78599 78284 -0.00464287
73079 81201 80977 -0.00306518
74631 80974 81011 0.000495773
69706 80000 79675 -0.00466244
69775 79796 78789 -0.0144321
72617 77952 77793 -0.00218957
72833 78452 78256 -0.00269109
70372 77082 76936 -0.00207469
70317 78974 79152 0.00253139
71368 78709 78492 -0.00304058
71438 79317 78844 -0.00662113
72392 80358 80279 -0.00109128
67903 76522 76731 0.00307792
72392 80479 80265 -0.00295613
70196 77528 77497 -0.000441621
70595 79060 79060 0
70790 78569 78131 -0.00618731
73889 78336 78407 0.000960901
69925 78490 78461 -0.00041473
71688 78390 78198 -0.00267827
71120 78526 78396 -0.0018279
69109 77922 77346 -0.00833466
71424 78742 79026 0.00397625
72663 79300 79285 -0.000206432
69310 78354 78623 0.00388111
71884 79532 79713 0.00251795
73604 81112 81151 0.000529863
72520 78767 78675 -0.00126862
72906 79771 80269 0.00683071
69786 78983 78785 -0.00283725
69804 79125 78980 -0.00207724
73818 79890 79766 -0.00167981
71064 80463 80463 0
72216 80345 80345 0
71103 79024 79008 -0.000225026
68771 78836 78833 -4.3623e-05
71272 81158 81210 0.000729599
72475 78706 78680 -0.000358744
70862 77364 78115 0.0105981
74528 80348 80444 0.00128811
71106 80800 80108 -0.00973195
71294 79798 79798 0
70785 78949 78831 -0.00166702
71673 78690 78790 0.00139523
72945 78774 78888 0.00156282
71410 80832 80617 -0.00301078
72822 80509 80474 -0.000480624
73559 79757 79757 0
69466 79278 79687 0.00588777
72985 79992 79844 -0.00202781
73761 82209 82363 0.00208782
71193 79086 79062 -0.000337112
70198 76839 76683 -0.00222229
70790 78829 78970 0.00199181
72658 81944 81996 0.000715682
72036 78974 79196 0.00308179
70927 78798 78907 0.00153679
72372 78968 78780 -0.00259769
72975 80472 80731 0.00354916
72156 80838 80961 0.00170464
71656 78994 79045 0.000711734
70865 79830 79619 -0.00297749
68684 76164 76551 0.0056345
70654 78197 77369 -0.0117191
67801 77989 77828 -0.0023746
72991 80736 81261 0.00719267
70813 80024 79531 -0.006962
71596 79361 79464 0.00143863
70269 79838 80187 0.00496663
73233 79391 79035 -0.0048612
72218 79387 79399 0.000166164
71669 79889 79889 0
71156 79262 79272 0.000140536
72393 77591 77452 -0.00192008
71048 77644 77957 0.00440547
69528 76075 75826 -0.00358129
74441 80881 80881 0
73086 78578 78550 -0.00038311
71845 81056 81082 0.00036189
72702 79653 79869 0.00297103
69154 77289 77761 0.00682535
72730 79099 78696 -0.00554104
69908 78683 78432 -0.00359043
73530 80106 79945 -0.00218958
71004 80986 80637 -0.00491522
71518 79431 79355 -0.00106267
72204 78699 78312 -0.00535981
73422 82380 82380 0
67414 76477 76489 0.000178005
69703 80850 80757 -0.00133423
70999 79443 79480 0.000521134
70056 77512 77512 0
71137 78934 78784 -0.00210861
72229 79209 79535 0.00451342
72747 79898 80050 0.00208943
70193 78952 78854 -0.00139615
71715 80223 80214 -0.000125497
73056 81005 81303 0.00407906
70773 77876 77828 -0.000678225
71926 78722 78627 -0.0013208
68838 77694 77674 -0.000290537
71425 79774 79180 -0.00831642
73538 79752 79195 -0.00757432
71966 79780 79354 -0.00591946
73613 80302 80284 -0.000244522
71457 79258 79251 -9.7961e-05
72384 80929 81061 0.00182361
70651 78473 78610 0.00193911
72071 79368 79236 -0.00183153
73271 80225 80335 0.00150128
71743 81391 81414 0.000320589
72586 79348 79478 0.00179098
71320 78274 78204 -0.000981492
72239 79526 79645 0.00164731
72419 78554 78013 -0.00747042
67719 78401 77610 -0.0116806
73004 79404 79591 0.0025615
71339 79002 79149 0.00206058
68951 77468 77660 0.00278459
71597 77989 78222 0.00325433
71670 80326 79712 -0.00856704
71080 80512 80357 -0.00218064
72495 79728 79904 0.00242775
70878 78349 78284 -0.000917069
71482 78515 78372 -0.0020005
71096 78730 78849 0.00167379
69858 80200 80463 0.00376478
72470 79298 79013 -0.00393266
69795 78178 78148 -0.00042983
72202 80378 79581 -0.0110385
70769 78918 78900 -0.000254349
70812 79098 79080 -0.000254194
70375 78720 78751 0.000440497
69696 78981 78963 -0.000258264
69609 77145 77230 0.00122111
72238 79370 80791 0.0196711
69862 77747 76398 -0.0193095
69983 78320 78360 0.000571567
72588 79271 79833 0.00774233
73217 81356 81323 -0.000450715
74465 80687 80687 0
71221 80056 80186 0.0018253
70388 77510 77510 0
71402 80383 80383 0
71291 78488 78886 0.00558275
72953 79825 79877 0.000712788
69682 77336 77060 -0.00396085
72793 79292 79211 -0.00111274
69747 77507 77495 -0.00017205
66856 79188 79493 0.00456204
73187 80106 79900 -0.00281471
71165 77607 77659 0.000730696
71899 81417 81411 -8.34504e-05
72972 79155 79032 -0.00168558
73047 78375 78435 0.000821389
73295 80535 80616 0.00110512
72769 79193 79083 -0.00151163
71803 78517 78349 -0.00233974
70913 79121 79343 0.0031306
70562 80491 80528 0.000524362
71316 79878 79838 -0.000560884
73486 82003 81585 -0.00568816
71324 79176 79453 0.00388369
74064 80217 80780 0.00760153
75068 82271 82033 -0.00317046
69926 77281 77509 0.00326059
71300 80783 80895 0.00157083
71157 79348 79338 -0.000140534
71985 81355 81391 0.000500104
71667 76888 76715 -0.00241394
70873 80120 80168 0.000677268
72739 79055 78433 -0.00855112
73030 79913 79961 0.000657264
69818 77643 77684 0.000587241
72107 77369 77043 -0.00452106
71438 80455 80496 0.000573924
72930 79659 79578 -0.00111065
71102 78553 78718 0.00232061
73569 80305 80560 0.00346613
70530 77922 77961 0.000552956
70117 79088 79307 0.00312335
71082 79303 79389 0.00120987
69217 77696 77352 -0.00496988
68831 77895 78488 0.0086153
71804 77416 77152 -0.00367668
69101 75931 76356 0.00615042
68529 78041 78029 -0.000175108
72933 80840 80610 -0.00315358
72505 79536 79697 0.00222054
72984 80321 79912 -0.00560397
70360 78287 78216 -0.0010091
70622 78566 78415 -0.00213814
71919 78159 78136 -0.000319804
70179 76618 76491 -0.00180966
69470 78800 78820 0.000287894
71884 79165 79160 -6.95565e-05
72691 78953 78898 -0.000756627
69619 79020 78989 -0.000445281
72060 80878 80896 0.000249792
71905 77377 77458 0.00112649
73192 78846 78982 0.00185813
71231 77998 78402 0.00567169
74382 81614 81744 0.00174773
70438 78312 78374 0.000880207
73072 81476 81393 -0.00113587
70465 78778 78391 -0.00549209
72600 78327 78240 -0.00119835
71998 79782 79720 -0.000861135
70391 78945 78897 -0.000681905
71734 79610 79583 -0.000376391
72622 80925 80451 -0.00652695
71666 79887 79808 -0.00110234
72305 79552 79552 0
70911 77571 77379 -0.00270762
71617 79586 79980 0.00550149
69899 80147 80219 0.00103006
71926 79423 79255 -0.00233573
69723 78038 78442 0.00579436
69612 78880 79009 0.00185313
70373 78794 78794 0
73388 80829 81397 0.00773968
70575 79349 79015 -0.00473255
73581 79741 79897 0.00212011
68943 76571 76408 -0.00236427
72095 78611 77723 -0.0123171
71713 78795 78307 -0.0068049
71295 79470 78935 -0.00750403
70675 80298 80303 7.07464e-05
74261 80346 79497 -0.0114326
72494 80618 80496 -0.0016829
70811 80695 80683 -0.000169465
71434 78961 78961 0
71642 80703 80402 -0.00420145
73176 78618 78098 -0.00710616
75088 80711 80953 0.00322289
72170 81190 81374 0.00254954
72078 78366 77924 -0.00613225
72015 79307 78915 -0.00544331
72023 81417 81478 0.000846952
73546 81772 81963 0.00259701
71759 79429 80151 0.0100615
75217 80197 80294 0.0012896
73312 78821 78848 0.000368289
73255 79790 79360 -0.00586991
73697 80730 80399 -0.00449136
70071 78883 79246 0.00518046
70981 79435 79150 -0.00401516
72035 79263 78824 -0.00609426
70458 80627 80678 0.000723835
70841 77873 77852 -0.000296439
68031 77428 77606 0.00261645
70854 78499 78890 0.00551839
69415 79683 79683 0
71997 78454 78329 -0.00173618
75598 82805 82805 0
71385 78086 78213 0.00177909
70705 80981 81036 0.00077788
72311 79357 79244 -0.00156269
74006 82412 82155 -0.00347269
72598 80115 80067 -0.000661175
69549 78438 78505 0.00096335
71866 78165 78076 -0.00123842
69509 78683 78683 0
69771 78879 78995 0.00166258
69590 78757 79104 0.00498635
69417 78959 78960 1.44057e-05
71424 79445 79163 -0.00394825
72583 77620 78000 0.00523539
72647 78949 79040 0.00125263
73491 78343 78331 -0.000163285
71148 77596 77423 -0.00243155
71883 79028 78895 -0.00185023
73372 78934 79105 0.00233059
72923 80734 80538 -0.00268777
71737 77639 77639 0
70532 79378 79000 -0.00535927
69492 77010 77110 0.00143901
71164 78558 78195 -0.00510089
69168 78324 78878 0.00800948
71841 79409 79724 0.00438468
70897 79223 79376 0.00215806
73594 80945 80963 0.000244585
69698 77646 77759 0.00162128
70503 80619 80569 -0.00070919
70234 76547 75879 -0.00951106
69240 79380 78993 -0.00558925
71342 80593 80821 0.00319587
71792 80601 80007 -0.0082739
70751 78678 78637 -0.000579497
73760 80928 80928 0
73982 80977 80884 -0.00125706
69882 80365 80445 0.00114479
70883 78553 79210 0.0092688
71746 78855 78755 -0.00139381
72404 80033 79999 -0.000469587
72924 78755 78755 0
71568 79852 79887 0.000489045
73539 79626 79565 -0.000829492
71665 77853 77853 0
69134 77271 77373 0.0014754
70355 79131 78932 -0.00282851
70120 78435 78435 0
71116 79813 79813 0
72750 78509 78135 -0.00514089
72425 81577 81577 0
69319 78991 78987 -5.77042e-05
69869 77919 77855 -0.000916
71409 79419 79468 0.000686188
71086 78956 78841 -0.00161776
70266 79939 79909 -0.000426949
73434 80009 79976 -0.000449383
71113 79082 79072 -0.000140621
72073 79348 79497 0.00206735
68645 77876 77837 -0.00056814
70306 80981 80811 -0.002418
73603 81323 81323 0
71731 79466 79626 0.00223056
70648 79515 79509 -8.49281e-05
70002 79479 79570 0.00129996
72513 80764 80793 0.000399928
73867 80316 79758 -0.00755412
72911 79888 79836 -0.000713198
72709 78443 78443 0
71822 78977 78866 -0.00154549
75434 81025 80880 -0.00192221
70548 77883 78324 0.00625106
72451 79924 79602 -0.00444438
68934 80198 80198 0
71402 79403 79818 0.00581216
72987 81711 81216 -0.00678203
72609 80917 80965 0.000661075
74362 81296 81286 -0.000134477
70932 79131 79120 -0.000155078
72270 80062 80268 0.00285042
71332 79466 79639 0.00242528
75267 81480 81480 0
71230 78640 78620 -0.000280781
71213 78068 78072 5.61695e-05
70454 80482 80028 -0.00644392
70760 77814 77833 0.000268513
70426 78409 78383 -0.000369182
71382 79237 79265 0.000392256
72149 78837 78493 -0.00476791
71560 79730 79877 0.00205422
71662 78858 78603 -0.00355837
73588 80078 80078 0
71123 77976 78161 0.00260113
73692 80455 80337 -0.00160126
69903 77899 77627 -0.00389111
73316 80658 80885 0.00309619
71758 80723 80723 0
71058 77184 77980 0.0112021
73342 80553 80903 0.00477216
71339 79460 79265 -0.00273343
69064 78874 78930 0.000810842
72554 79694 79616 -0.00107506
72666 79269 78771 -0.00685327
70805 77491 77293 -0.00279641
71960 80365 80407 0.000583658
70375 79349 78276 -0.0152469
69569 77434 77454 0.000287484
72934 79023 78943 -0.00109688
74347 79322 79355 0.000443865
73262 79574 79615 0.000559635
72559 80322 80247 -0.00103364
71342 79268 78987 -0.00393877
71395 78887 79369 0.00675117
71172 80402 80126 -0.00387793
71329 77424 76518 -0.0127017
71086 78952 78484 -0.00658357
69889 78288 78411 0.00175993
71713 81802 81685 -0.0016315
69297 78455 78210 -0.00353551
70341 80410 80350 -0.000852988
73285 80111 79327 -0.010698
70134 78107 78117 0.000142584
72359 78735 78995 0.0035932
72726 80540 80160 -0.00522509
70894 79394 79265 -0.00181962
70577 78323 78797 0.00671607
73676 80180 79936 -0.0033118
72813 79593 79593 0
74179 80705 80682 -0.000310061
72481 79419 79422 4.13902e-05
71978 81372 81345 -0.000375115
69939 77996 78037 0.000586225
71453 78909 78909 0
71604 78915 78972 0.000796045
72692 79103 79287 0.00253123
72149 77223 76933 -0.00401946
71083 77166 77166 0
71369 78407 78562 0.00217181
74838 80576 80499 -0.00102889
70005 77673 77104 -0.00812799
71145 80331 80549 0.00306416
72761 79255 79556 0.00413683
71579 79772 79702 -0.00097794
72179 79507 79984 0.00660857
71702 78195 78036 -0.00221751
69138 77844 77883 0.000564089
68271 80080 79781 -0.0043796
73231 80351 79852 -0.00681405
70636 78345 78323 -0.000311456
69616 78145 78148 4.30935e-05
71781 80134 80169 0.000487594
74513 81667 81467 -0.0026841
70300 77812 78302 0.00697013
70886 78214 78168 -0.000648929
70941 78317 77787 -0.007471
70117 78324 77857 -0.0066603
72697 78682 78822 0.0019258
74394 79527 79481 -0.000618329
71251 79777 79836 0.000828059
72480 80085 80042 -0.000593267
71314 80447 80393 -0.000757215
70440 78775 79069 0.00417376
70787 79989 79985 -5.65076e-05
70379 78994 79158 0.00233024
71263 80077 80060 -0.000238553
71220 77922 77586 -0.00471778
70353 77490 77343 -0.00208946
72010 81782 81314 -0.0064991
70540 78871 78821 -0.000708818
68232 77330 77334 5.86235e-05
72846 79286 79289 4.11828e-05
71180 78557 78557 0
70068 80160 79473 -0.00980476
72291 80717 80755 0.000525653
71324 80260 80214 -0.000644944
73584 80751 81392 0.00871113
69784 77238 77185 -0.000759486
70089 78950 78818 -0.00188332
73017 80097 79800 -0.00406755
72676 79830 79880 0.000687985
68904 77883 78422 0.00782248
73209 79819 79488 -0.0045213
72405 79900 80090 0.00262413
72602 79391 79650 0.00356739
71546 80850 80560 -0.00405334
70450 79482 79583 0.00143364
72522 81217 81217 0
73554 80644 80418 -0.00307257
68358 78644 78708 0.000936247
71100 79174 79008 -0.00233474
70153 78959 79254 0.00420509
69826 79090 79090 0
72246 78268 77754 -0.00711458
73637 81163 81163 0
69821 77620 77789 0.00242048
73050 80633 80655 0.000301164
70597 78650 78185 -0.00658668
69143 78100 78890 0.0114256
69971 77330 77116 -0.00305841
74006 80488 80140 -0.00470232
70179 79198 79095 -0.00146768
74865 82308 82279 -0.000387364
69873 77678 76973 -0.0100897
69281 76798 76713 -0.00122689
69829 77825 77797 -0.00040098
73929 83157 83157 0
70472 77122 77992 0.0123453
72479 78535 78182 -0.00487038
74674 80356 80757 0.00537001
72284 77363 76799 -0.00780256
73650 80250 80124 -0.00171079
68068 76878 76684 -0.00285009
70457 78512 78538 0.000369019
73257 79521 79466 -0.000750781
72866 78995 78995 0
70955 80750 80229 -0.00734268
72328 78803 79095 0.00403716
70762 79968 80220 0.00356123
72398 79289 78879 -0.00566314
71419 77943 78124 0.00253434
71986 80844 80892 0.000666796
69168 79348 79265 -0.00119998
71435 79577 79370 -0.00289774
71559 79450 79143 -0.00429017
72194 79563 79025 -0.00745214
69234 78165 78460 0.00426091
71357 79857 79472 -0.00539541
69561 80118 79956 -0.00232889
68733 78283 78283 0
69918 78314 78106 -0.00297491
74555 80248 80420 0.00230702
72548 79585 79296 -0.00398357
72081 79107 79715 0.00843496
72896 79786 79753 -0.0004527
69355 79589 79905 0.00455627
70741 77355 76802 -0.00781725
72035 78211 78234 0.000319289
69492 79106 79222 0.00166926
71930 80071 80118 0.000653413
72040 80150 80161 0.000152693
73054 81049 81121 0.000985572
70209 79228 79332 0.00148129
71464 79837 79544 -0.00409997
72097 79660 79908 0.00343981
74266 80113 80052 -0.000821372
72631 81438 81962 0.00721455
70753 79210 79332 0.00172431
72168 79542 79802 0.0036027
72031 80276 79772 -0.00699699
69725 79439 78960 -0.00686985
71590 79733 79733 0
70090 79142 78982 -0.00228278
72825 78024 77848 -0.00241675
69601 77801 77390 -0.00590509
72771 79135 78831 -0.00417749
72438 79831 79557 -0.00378255
74203 79262 79539 0.003733
69584 79050 78773 -0.0039808
73087 82662 82635 -0.000369423
73766 82405 81861 -0.00737467
72992 80257 80170 -0.00119191
71198 78920 79361 0.00619399
71312 77259 78137 0.0123121
73366 79468 79468 0
73425 78071 78451 0.00517535
74450 82040 82040 0
70855 78816 78770 -0.000649213
72284 80258 80500 0.00334791
71516 80409 80439 0.000419487
72538 81390 81542 0.00209545
69578 78990 79030 0.000574894
71409 78388 78091 -0.00415914
72659 80524 80458 -0.000908353
74351 80081 79811 -0.00363142
71227 79340 79478 0.00193747
73105 80043 80117 0.00101224
71829 78698 78698 0
72319 78891 78944 0.000732864
71611 76463 76690 0.0031699
70627 77997 77886 -0.00157164
72153 79419 79494 0.00103946
71700 80279 79990 -0.00403068
73876 79871 80008 0.00185446
72028 80401 80171 -0.0031932
71805 81138 80675 -0.00644802
74328 80856 80856 0
70824 79564 79752 0.00265447
72115 78401 78409 0.000110934
69740 77795 77812 0.000243763
71536 78851 78449 -0.00561955
70124 80667 80246 -0.00600365
71529 79970 80094 0.00173356
72439 79432 79432 0
69428 76884 76621 -0.0037881
73520 80108 80108 0
72636 80307 80128 -0.00246434
74314 80545 80455 -0.00121108
69660 80771 80471 -0.00430663
71144 79275 79147 -0.00179917
74719 79167 78851 -0.00422918
72293 82377 82045 -0.00459242
70529 79045 78959 -0.00121936
69724 79936 79957 0.000301188
72432 80717 80566 -0.00208471
73054 77823 77925 0.00139623
74234 81190 81190 0
74926 83007 82891 -0.00154819
71584 81343 81169 -0.00243071
72031 79655 79136 -0.00720523
70156 78047 78347 0.00427618
69570 77907 77283 -0.00896938
71883 79519 79543 0.000333876
70572 79005 78976 -0.000410928
72786 77859 78313 0.00623746
72030 80726 80542 -0.00255449
72700 80664 80052 -0.00841816
71666 78983 78914 -0.0009628
73952 80713 80928 0.00290729
70173 76879 77080 0.00286435
72505 78567 78572 6.89608e-05
68490 78719 78719 0
70874 79027 79027 0
71527 80973 80710 -0.00367693
71885 79059 78584 -0.00660778
70550 79127 78761 -0.00518781
70912 80601 80487 -0.00160763
72085 79074 78403 -0.00930846
71788 80315 80241 -0.00103081
73640 80863 80725 -0.00187398
71413 80584 80269 -0.00441096
69186 78762 78804 0.000607059
71735 80535 80745 0.00292744
71948 78333 78647 0.00436426
73272 80647 80669 0.000300251
74495 81654 81769 0.00154373
69930 77812 77354 -0.00654941
71800 79360 79452 0.00128134
74896 81378 81420 0.000560778
72287 80213 80096 -0.00161855
69955 78804 78764 -0.000571796
68948 80147 80147 0
70849 78955 78832 -0.00173609
73340 79737 79574 -0.00222253
72553 80970 80705 -0.0036525
73887 79038 79033 -6.76709e-05
72034 78248 78289 0.000569176
68682 79103 79168 0.000946391
70787 78052 77962 -0.00127142
72429 79607 79653 0.000635105
70843 77652 77590 -0.000875175
72687 79248 79203 -0.000619093
69215 78571 78354 -0.00313516
69945 78441 79131 0.00986489
71155 79159 79489 0.00463776
69926 78596 78621 0.000357521
71588 78892 78847 -0.000628597
73453 78754 79002 0.00337631
71828 77137 76626 -0.00711422
73548 80579 80286 -0.00398379
70736 76862 76095 -0.0108431
71688 81255 81255 0
71689 78928 79192 0.00368257
71213 81137 81144 9.82967e-05
71325 79037 78852 -0.00259376
70160 79125 78846 -0.00397662
73020 80327 80327 0
69553 77272 77208 -0.000920162
70105 79060 78836 -0.00319521
71933 78847 78656 -0.00265525
71959 79740 79781 0.000569769
72350 79762 80121 0.00496199
71545 79411 78809 -0.00841428
69288 78829 78806 -0.000331948
70960 77719 77223 -0.00698985
71507 78275 77889 -0.00539807
71115 78935 78601 -0.00469662
72151 80310 80073 -0.00328478
72813 81774 81408 -0.00502657
70850 77847 77533 -0.0044319
71558 79290 78995 -0.00412253
74096 81729 82344 0.00830004
74102 81518 81198 -0.00431837
71459 79862 79560 -0.0042262
72539 79582 79742 0.00220571
71351 78685 78549 -0.00190607
69612 79338 79178 -0.00229845
69995 78726 78834 0.00154297
70955 78465 78465 0
73436 80912 80809 -0.00140258
70303 79851 79851 0
68679 76610 75882 -0.0106
69250 76979 76530 -0.00648375
70899 79775 79531 -0.00344152
69773 79082 78773 -0.00442865
73429 79295 79295 0
69691 78289 77885 -0.00579702
70413 78323 78957 0.00900402
69943 78443 78368 -0.0010723
69869 78219 78219 0
71395 79597 79638 0.00057427
72843 78647 78678 0.000425573
70593 79397 78941 -0.00645956
69876 78143 77848 -0.00422176
73956 79801 79801 0
70461 78430 77620 -0.0114957
70657 80064 80057 -9.90702e-05
69250 79181 79174 -0.000101083
71538 77682 77239 -0.00619251
69792 77601 77777 0.00252178
71672 77795 77930 0.00188358
72703 79152 79152 0
71997 78731 78794 0.000875036
70231 80410 80780 0.00526833
72679 79959 79687 -0.00374248
74039 81438 81004 -0.00586178
71386 78149 78394 0.00343205
73901 81069 81069 0
71302 79035 78875 -0.00224398
70840 77943 78223 0.00395257
71238 79104 79093 -0.000154412
71071 79679 79814 0.00189951
70030 78394 78186 -0.00297016
71293 80445 80688 0.00340847
74670 80377 80300 -0.0010312
72092 79542 79786 0.00338456
73346 80948 80346 -0.00820767
73043 79106 79301 0.00266966
68944 78008 78107 0.00143595
70953 79880 79942 0.000873818
70814 78322 77956 -0.00516847
73749 80552 80545 -9.49165e-05
69774 77850 78073 0.00319603
72740 79628 80373 0.010242
73270 80672 80672 0
72522 81123 80729 -0.00543283
70160 79729 79909 0.00256556
67812 78127 78009 -0.0017401
71582 79048 79252 0.00284988
73814 79068 79300 0.00314304
72734 79174 78896 -0.00382215
72090 79138 78093 -0.0144958
71041 78232 78265 0.00046452
71192 79088 78712 -0.00528149
70354 80407 80265 -0.00201836
72014 80787 80674 -0.00156914
71951 81151 81114 -0.000514239
71865 79004 78961 -0.000598344
72103 79345 80425 0.0149786
70962 78166 78176 0.00014092
72810 80530 80721 0.00262327
71612 80567 80524 -0.000600458
71102 78755 78658 -0.00136424
71266 79612 79634 0.000308703
68911 78855 78782 -0.00105934
68483 79246 79120 -0.00183987
73530 79515 79333 -0.00247518
70080 77638 77345 -0.00418094
70482 78796 78854 0.000822905
71987 79829 79642 -0.00259769
72569 81185 80766 -0.00577382
71378 79400 79745 0.00483342
71082 77706 78083 0.00530373
73042 79666 78962 -0.00963829
72723 79383 79181 -0.00277766
70561 77644 77609 -0.000496025
70372 78723 78355 -0.00522935
72237 80207 80297 0.0012459
72424 80897 80670 -0.00313432
72285 79687 79658 -0.00040119
71952 78693 78288 -0.00562875
71423 78655 78773 0.00165213
70602 78781 78669 -0.00158636
71721 80343 80343 0
69535 79361 78932 -0.00616955
73053 78697 78702 6.84435e-05
70211 78586 78759 0.002464
70855 78825 78617 -0.00293557
74828 81345 81345 0
68258 77213 77532 0.00467344
69215 78844 78602 -0.00349635
73548 80785 80846 0.00082939
70364 76767 77112 0.00490308
71098 79813 79415 -0.00559791
69806 78784 78255 -0.00757815
72209 79788 79893 0.00145411
70431 79112 78921 -0.00271187
71890 80784 80789 6.95507e-05
73242 79624 79868 0.00333142
72603 78740 78472 -0.00369131
74865 80468 80848 0.0050758
72966 78751 78816 0.000890826
69017 78523 78641 0.00170972
72849 80211 80193 -0.000247086
70749 80314 80307 -9.89413e-05
70528 78318 78007 -0.0044096
73097 79957 79746 -0.00288658
70813 79875 79785 -0.00127095
73366 79462 79376 -0.00117221
71942 79286 79582 0.00411443
73752 81043 80233 -0.0109828
74082 80701 80255 -0.00602036
69054 77536 77550 0.00020274
70874 78205 78219 0.000197534
71750 79051 79141 0.00125436
69807 78755 79155 0.00573008
70728 77489 76983 -0.00715417
72292 81252 81252 0
73759 80856 80829 -0.000366057
74234 80795 80795 0
71186 78232 78128 -0.00146096
71452 78174 78138 -0.000503835
71068 80499 80608 0.00153374
69663 77192 77495 0.00434951
71690 77549 77743 0.0027061
72811 79551 79387 -0.00225241
72421 79984 79378 -0.00836774
73983 80195 80426 0.00312234
73232 81353 81124 -0.00312705
72257 81183 81183 0
71207 79573 78469 -0.0155041
68167 79394 79394 0
70597 78334 78334 0
71707 79444 79736 0.00407213
75147 80680 80725 0.000598826
74663 79978 79703 -0.00368322
72668 79800 79639 -0.00221556
73820 81842 81724 -0.00159848
71969 79220 79291 0.000986536
72565 79858 79459 -0.00549852
74494 82377 82313 -0.00085913
73030 80890 80668 -0.00303985
70899 78342 78316 -0.000366719
71728 79523 79636 0.0015754
74864 80932 80539 -0.00524952
72984 79676 79731 0.00075359
74485 80457 80457 0
71397 77718 77395 -0.004524
68659 75415 76392 0.0142297
68878 78036 77943 -0.00135021
73200 79201 79251 0.00068306
72240 79670 79788 0.00163344
72371 80887 80948 0.000842879
71703 80272 80183 -0.00124123
73492 79924 79371 -0.00752463
72277 78288 77859 -0.0059355
70755 79680 79107 -0.00809837
71978 80874 80119 -0.0104893
70547 80218 80139 -0.00111982
74655 80822 80670 -0.00203603
71039 79173 79415 0.00340658
73987 80683 80669 -0.000189222
73021 79882 79766 -0.00158858
71425 78456 78723 0.00373819
71646 79974 79997 0.000321023
74095 81809 81991 0.00245631
71968 80867 80978 0.00154235
70803 77970 77557 -0.00583309
72172 79103 79316 0.00295128
72408 78950 79363 0.00570379
73513 79710 79710 0
71140 78138 78138 0
70855 80613 80638 0.000352833
69740 78773 79102 0.00471752
71865 79251 79488 0.00329785
74034 79520 79517 -4.05219e-05
69598 79001 78799 -0.00290238
72102 78619 78776 0.00217747
72185 78238 77651 -0.00813188
71447 78095 78118 0.000321917
71451 79363 79574 0.00295307
70721 78591 78252 -0.00479348
72810 80227 80267 0.000549375
69820 78261 78165 -0.00137496
73006 79246 78491 -0.0103416
70716 79458 79669 0.00298377
70468 78177 78208 0.000439916
71837 78016 78082 0.000918747
71098 78154 78000 -0.00216602
73132 79151 78800 -0.00479954
70355 78326 78139 -0.00265795
70141 79483 79483 0
72841 81765 81765 0
72826 79484 79220 -0.00362508
70500 77684 78059 0.00531915
73644 79355 79355 0
72038 80510 80898 0.00538605
71303 80022 80079 0.000799405
74533 81648 81244 -0.00542042
70244 79103 79130 0.000384374
70564 78359 78214 -0.00205487
72383 80158 80119 -0.000538801
71001 81645 81645 0
72454 81459 81498 0.000538273
70636 78863 78148 -0.0101223
69335 78691 78437 -0.00366337
70315 79395 79074 -0.00456517
73292 79854 79995 0.00192381
72631 80151 80138 -0.000178987
71649 79506 79574 0.000949071
72556 78727 78574 -0.00210872
71056 78722 78956 0.00329318
69649 79791 79810 0.000272796
73570 80837 80340 -0.00675547
72443 78263 77875 -0.00535594
71688 79558 80157 0.00835565
70772 79281 79224 -0.000805403
69095 77326 77282 -0.000636804
70794 79245 79145 -0.00141255
70443 79849 79762 -0.00123504
73989 80208 80283 0.00101366
69910 78392 78182 -0.00300386
