36611 39808 39682 -0.00344159
35338 39217 39102 -0.00325429
36534 40730 40730 0
35234 40195 40041 -0.00437078
36867 40306 40222 -0.00227846
34807 39896 40043 0.00422329
36593 40676 40631 -0.00122974
36130 40088 40231 0.00395793
36496 40096 40027 -0.00189062
36122 39184 39181 -8.30519e-05
35977 40487 40387 -0.00277955
36121 40442 40259 -0.0050663
36451 39732 39768 0.000987627
35458 40028 39803 -0.00634554
36323 40164 40152 -0.000330369
37388 40621 40643 0.000588424
36246 40668 40689 0.000579374
35954 40073 39701 -0.0103466
34595 39283 39012 -0.0078335
36516 40164 40131 -0.000903713
35858 40553 40407 -0.00407162
36786 40701 40701 0
35879 39440 39326 -0.00317735
36737 40235 40283 0.00130658
36354 39551 39450 -0.00277824
36465 40456 40481 0.000685589
37009 40604 40612 0.000216164
36501 40294 40231 -0.00172598
37503 40863 40827 -0.000959923
36466 40375 40346 -0.000795261
37262 40878 40804 -0.00198594
34882 39388 39437 0.00140474
36496 40024 40117 0.00254822
35519 39697 39593 -0.00292801
35408 39891 39661 -0.00649571
36194 39810 39782 -0.000773609
36200 40073 40163 0.00248619
37598 40723 40765 0.00111708
35395 40119 40246 0.00358808
35494 39624 39782 0.00445146
38085 41254 41208 -0.00120782
36608 39482 39252 -0.00628278
36438 40799 40495 -0.00834294
36426 40383 40372 -0.000301982
34522 39233 39250 0.00049244
37871 41590 41590 0
36787 39525 39431 -0.00255525
37729 40728 40743 0.000397572
36676 40469 40467 -5.45316e-05
35811 39181 39064 -0.00326715
36643 39757 39757 0
36010 39775 39341 -0.0120522
35782 39462 39388 -0.00206808
35327 39674 39718 0.00124551
36401 40498 40644 0.00401088
36467 39852 39961 0.002989
35842 40472 40548 0.00212042
37083 40661 40631 -0.000808996
36809 39691 39778 0.00236355
35297 39549 39377 -0.00487294
36212 39776 39571 -0.00566111
36888 39982 40011 0.000786164
36383 39855 39944 0.0024462
37302 40543 40689 0.003914
34898 39686 39686 0
35804 40023 40105 0.00229025
36656 40399 40389 -0.000272807
36326 40292 40292 0
36385 39215 39240 0.000687096
36074 40184 40305 0.00335422
35750 39819 39988 0.00472727
34975 39911 39911 0
37534 40311 40103 -0.00554164
35702 40275 40248 -0.00075626
35208 40103 40044 -0.00167576
35079 39977 39964 -0.000370592
35523 39771 39834 0.0017735
36104 40264 40389 0.00346222
35987 41691 41691 0
36497 40496 40455 -0.00112338
35378 39257 39283 0.00073492
36573 39925 39846 -0.00216006
35320 39061 39027 -0.000962627
35533 38649 38729 0.00225143
34935 40245 40262 0.000486618
36923 40610 40573 -0.00100209
35444 39165 39075 -0.00253922
36465 40866 41033 0.00457973
37317 39877 39817 -0.00160785
36515 41453 41284 -0.00462823
36388 40856 41023 0.00458943
34925 39517 39886 0.0105655
35111 40952 40663 -0.00823104
35609 39507 39616 0.00306102
36310 40455 40398 -0.00156982
36481 39630 39755 0.00342644
35930 39219 39278 0.00164208
37191 39996 39950 -0.00123686
35724 39491 39572 0.00226738
36209 39038 38918 -0.00331409
36709 40187 40148 -0.00106241
36420 40470 40505 0.00096101
37224 40668 40570 -0.00263271
36899 40063 40063 0
36546 40009 40122 0.00309199
35784 41211 41508 0.0082998
36619 40173 40121 -0.00142003
36268 40485 40517 0.000882321
36550 40336 40331 -0.000136799
35929 40499 40391 -0.00300593
37345 39899 39791 -0.00289195
36414 38316 38550 0.0064261
36983 40947 40929 -0.00048671
36450 39767 40028 0.00716049
35651 39772 39656 -0.00325377
36051 39606 39341 -0.0073507
35796 39854 39785 -0.00192759
36616 41011 40989 -0.00060083
36712 40701 40590 -0.00302353
36099 39592 39419 -0.00479238
36102 40350 39967 -0.0106088
35497 39720 39548 -0.00484548
36230 40653 40511 -0.0039194
35296 39309 39040 -0.00762126
36291 40857 40644 -0.00586922
35851 39380 39272 -0.00301247
35944 39648 39367 -0.00781772
36767 39923 39636 -0.00780591
37449 40057 40067 0.00026703
36205 40784 40709 -0.00207154
35613 40517 40417 -0.00280796
35816 40282 39751 -0.0148258
36728 40188 39874 -0.00854934
36705 39776 39483 -0.00798256
36186 40137 40117 -0.0005527
34253 39682 39528 -0.00449596
36883 40971 40859 -0.00303663
37682 40882 40901 0.00050422
35201 40397 40224 -0.00491463
35225 40278 39765 -0.0145635
36683 39375 39295 -0.00218085
36780 39612 39516 -0.00261011
35561 38944 38870 -0.00208093
35521 39889 39979 0.00253371
36032 39725 39616 -0.00302509
36102 40082 39845 -0.00656473
36547 40563 40524 -0.00106712
34302 38650 38751 0.00294443
36539 40616 40512 -0.00284627
35456 39141 39018 -0.00346909
35652 39910 39910 0
35763 39751 39459 -0.00816486
37305 39555 39584 0.000777376
35314 39631 39612 -0.00053803
36192 39572 39478 -0.00259726
35925 39667 39595 -0.00200418
34893 39290 39290 0
36087 39780 39927 0.00407349
36694 40014 40028 0.000381534
35006 39563 39700 0.00391361
36308 40153 40252 0.00272667
37158 40971 40917 -0.00145325
36607 39757 39869 0.00305952
36821 40495 40533 0.00103202
35251 39631 39901 0.00765936
35237 39942 40056 0.00323524
37280 40330 40265 -0.00174356
35890 40628 40628 0
36456 40486 40563 0.00211214
35916 39904 39892 -0.000334113
34734 39804 39548 -0.0073703
35983 40964 40991 0.000750354
36586 39722 39711 -0.000300661
35795 39069 39453 0.0107278
37622 40445 40610 0.00438573
35917 40800 40726 -0.00206031
35998 40285 40285 0
35748 39858 39795 -0.00176234
36181 39736 39769 0.000912081
36837 39763 39818 0.00149306
36048 40795 40795 0
36785 40306 40642 0.00913416
37120 40248 40012 -0.00635776
35083 40291 40232 -0.00168173
36860 40384 40410 0.000705372
37235 41488 41570 0.00220223
35958 39949 39920 -0.000806496
35433 38787 38717 -0.00197556
35747 39797 39865 0.00190226
36689 41359 41384 0.000681403
36373 39869 39981 0.00307921
35796 39767 39808 0.00114538
36556 39877 39780 -0.00265346
36846 40640 40771 0.00355534
36431 40655 40867 0.00581922
36183 39860 39844 -0.000442197
35795 40309 40207 -0.00284956
34696 38437 38661 0.00645608
35675 39478 39062 -0.0116608
34253 39391 39310 -0.00236476
36831 40749 40999 0.00678776
35754 40395 40149 -0.00688035
36155 40057 40117 0.00165952
35475 40297 40475 0.00501762
36976 40077 39894 -0.00494916
36457 40064 40067 8.22887e-05
36181 40332 40332 0
35943 40010 40024 0.000389506
36566 39351 39113 -0.00650878
35874 39367 39367 0
35120 38420 38292 -0.00364465
37581 40833 40833 0
36928 39682 39667 -0.000406196
36272 40960 40855 -0.00289479
36710 40203 40314 0.0030237
34936 39022 39261 0.00684108
36735 39946 39748 -0.00538996
35313 39731 39605 -0.00356809
37125 40441 40359 -0.00220875
35866 40892 40721 -0.00476775
36116 40212 40075 -0.00379333
36470 39729 39551 -0.00488072
37074 41577 41577 0
34050 38621 38622 2.93686e-05
35210 40837 40770 -0.00190287
35855 40101 40121 0.000557802
35376 39142 39142 0
35902 39837 39311 -0.014651
36468 39977 40152 0.00479873
36726 40334 40423 0.00242335
35432 39844 39828 -0.000451569
36212 40496 40491 -0.000138076
36887 40807 40972 0.00447312
35735 39324 39303 -0.000587659
36315 39739 39694 -0.00123916
34750 39211 39211 0
36083 40294 39999 -0.0081756
37134 40270 39991 -0.00751333
36348 40278 40066 -0.00583251
37180 40539 40533 -0.000161377
36096 40025 40020 -0.00013852
36552 40853 40601 -0.00689429
35676 39613 39645 0.000896962
36389 39999 39999 0
36980 40603 40539 -0.00173067
36200 41053 41053 0
36652 40068 40137 0.00188257
35998 39494 39499 0.000138897
36469 40236 40204 -0.000877458
36574 39674 39404 -0.00738229
34212 39600 39200 -0.0116918
36860 40084 40184 0.00271297
36024 39880 39954 0.00205419
34826 39107 39209 0.00292885
36126 39362 39474 0.00310026
36201 40551 40246 -0.00842518
35873 40633 40571 -0.00172832
36612 40246 40330 0.00229433
35786 39544 39511 -0.000922148
36089 39558 39560 5.54185e-05
35891 39744 39802 0.001616
35274 40579 40612 0.000935533
36598 40031 39891 -0.00382535
35260 39480 39470 -0.000283607
36459 40569 40170 -0.0109438
35750 39780 39844 0.00179021
35749 39930 39910 -0.000559456
35547 39756 39770 0.000393845
35194 39887 39868 -0.000539865
35184 38987 39030 0.00122215
36465 40068 40580 0.0140409
35275 39147 38571 -0.0163288
35328 39616 39530 -0.00243433
36678 40035 40316 0.00766127
36957 41073 41052 -0.000568228
37582 40720 40720 0
35950 40388 39972 -0.0115716
35556 39140 39140 0
36053 40590 40590 0
35986 39480 39864 0.0106708
36824 40288 40314 0.000706061
35183 39051 38906 -0.00412131
36748 40024 39992 -0.000870796
35218 39134 39090 -0.00124936
33756 39967 40125 0.00468065
36948 40210 40201 -0.000243586
35939 39178 39204 0.000723448
36307 41087 41095 0.000220343
36845 39959 39959 0
36902 39603 39612 0.000243889
37008 40651 40694 0.00116191
36738 39977 39920 -0.00155153
36401 40122 40151 0.000796681
35812 39932 40050 0.00329498
35634 40639 40658 0.000533199
36018 40331 40309 -0.000610806
37116 41408 41198 -0.00565794
36025 39980 40119 0.00385843
37382 40485 40771 0.00765074
37890 41475 41478 7.91766e-05
35304 39021 39134 0.00320077
35995 40779 40835 0.00155577
35932 40049 40040 -0.000250473
36333 41032 41073 0.00112845
36189 38849 38728 -0.00334356
35780 40433 40456 0.000642817
36730 40205 39607 -0.016281
36866 40336 40355 0.00051538
35250 39191 39214 0.000652482
36430 39090 38922 -0.00461158
36068 40659 40629 -0.000831762
36839 40232 40268 0.000977225
35900 39743 39743 0
37132 40538 40664 0.0033933
35628 39356 39375 0.000533288
35401 39919 40029 0.00310726
35882 39969 40076 0.002982
34947 39214 39044 -0.00486451
34776 39333 39631 0.00856913
36259 39078 38944 -0.00369563
34911 38575 38562 -0.000372375
34611 39414 39406 -0.00023114
36829 40737 40700 -0.00100464
36594 40135 40222 0.00237744
36842 40542 40334 -0.00564573
35537 39544 39513 -0.00087233
35633 39650 39572 -0.00218898
36307 39454 39443 -0.000302972
35456 38757 38636 -0.00341268
35083 39798 39808 0.000285038
36313 39978 39975 -8.2615e-05
36721 39871 39863 -0.000217859
35166 39890 39890 0
36385 40831 40841 0.000274839
36315 39077 39180 0.00283629
36958 39709 39767 0.00156935
35989 39391 39607 0.00600183
37539 41184 41248 0.00170489
35563 39511 39561 0.00140596
36897 41135 41097 -0.00102989
35599 39776 39586 -0.00533723
36662 39541 39492 -0.00133653
36353 40281 40245 -0.00099029
35541 39847 39821 -0.000731549
36227 40200 40193 -0.000193226
36657 40847 40939 0.00250975
36177 40319 40558 0.00660641
36509 40157 40157 0
35805 39316 39365 0.00136852
36154 40167 40363 0.00542125
35294 40653 40487 -0.00470335
36315 40090 40005 -0.00234063
35233 39423 39616 0.00547782
35182 39854 39920 0.00187596
35537 39774 39774 0
37066 40805 41090 0.00768899
35648 40067 39889 -0.00499327
37150 40301 40330 0.000780619
34838 38678 38594 -0.00241116
36381 39675 39230 -0.0122317
36221 39792 39545 -0.00681925
35980 40100 39834 -0.007393
35693 40560 40541 -0.000532317
37497 40563 40137 -0.0113609
36605 40698 40702 0.000109275
35769 40757 40752 -0.000139786
36076 39864 39864 0
36177 40734 40586 -0.004091
36945 39679 39419 -0.00703749
37904 40723 40849 0.00332419
36422 40956 41050 0.00258086
36399 39581 39351 -0.00631885
36358 40062 39825 -0.00651851
36366 41147 41086 -0.00167739
37120 41275 41369 0.00253233
36238 40108 40286 0.00491197
37963 40479 40530 0.00134341
37022 39791 39597 -0.00524013
36986 40279 40062 -0.00586708
37217 40607 40633 0.000698605
35395 39950 40012 0.00175166
35850 40108 39967 -0.00393305
36354 39885 39781 -0.00286076
35580 40706 40729 0.000646431
35779 39317 39305 -0.000335392
34351 39086 39175 0.0025909
35762 39622 39812 0.0053129
35050 40227 40227 0
36364 39602 39547 -0.00151248
38164 41799 41777 -0.000576459
36048 39215 39501 0.00793387
35701 40874 40900 0.000728271
36521 40055 39963 -0.0025191
37356 41591 41520 -0.00190063
36666 40592 40733 0.00384552
35148 39606 39656 0.00142256
36269 39542 39403 -0.00383247
35096 39719 39621 -0.00279234
35228 39832 39885 0.00150449
35117 39745 39911 0.00472706
35047 39864 39857 -0.000199732
36064 40113 40118 0.000138642
36651 39182 39368 0.0050749
36676 39850 39891 0.0011179
37119 39562 39558 -0.000107762
35950 39201 39020 -0.00503477
36302 39895 39826 -0.00190072
37055 39856 39942 0.00232087
36806 40775 40603 -0.00467315
36235 39206 39206 0
35632 40088 39906 -0.00510777
35115 38902 38956 0.0015378
35927 39653 39467 -0.00517716
34936 39538 39819 0.00804328
36271 40162 40236 0.0020402
35793 39978 40063 0.00237477
37150 40845 40845 0
35192 39204 39254 0.00142078
35598 40690 40661 -0.000814653
35456 38642 38305 -0.00950474
34969 40063 39874 -0.00540479
36015 40788 40790 5.55324e-05
36264 40595 40386 -0.00576329
35729 39726 39708 -0.000503792
37225 40840 40704 -0.00365346
37346 40867 40818 -0.00131205
35281 40555 40600 0.00127547
35796 39648 39980 0.00927478
36230 39810 39758 -0.00143527
36546 40399 40382 -0.000465167
36837 39692 39765 0.0019817
36116 40292 40307 0.000415328
37125 40200 40008 -0.00517172
36167 39295 39377 0.00226726
34908 39014 39063 0.00140369
35531 39953 39899 -0.0015198
35412 39606 39606 0
35902 40289 40289 0
36722 39633 39556 -0.00209684
36589 41198 41137 -0.00166717
35003 39877 39872 -0.000142845
35296 39243 39327 0.00237987
36076 40101 40128 0.00074842
35882 39853 39793 -0.00167215
35475 40349 40333 -0.000451022
37072 40393 40374 -0.000512516
35900 39915 39910 -0.000139276
36394 40061 40134 0.00200583
34665 39292 39294 5.76951e-05
35483 40947 40783 -0.00462193
37157 41048 41048 0
36214 40114 40195 0.0022367
35669 40131 40129 -5.60711e-05
35333 40151 40151 0
36606 40760 40779 0.000519041
37291 40543 40255 -0.00772304
36819 40330 40298 -0.000869116
36709 39604 39593 -0.000299654
36262 39872 39814 -0.00159947
38089 40911 40785 -0.00330804
35616 39317 39540 0.00626123
36585 40354 40238 -0.0031707
34812 40480 40480 0
36059 40083 40290 0.00574059
36837 41227 40971 -0.00694953
36642 40829 40846 0.000463948
37541 41017 41019 5.32751e-05
35831 39962 39961 -2.79088e-05
36483 40414 40516 0.00279582
36019 40264 40217 -0.00130487
38013 41144 41144 0
35970 39702 39697 -0.000139005
35945 39403 39407 0.000111281
35570 40613 40471 -0.00399213
35719 39286 39289 8.39889e-05
35544 39546 39570 0.000675219
36039 39989 40156 0.00463387
36454 39805 39641 -0.00449882
36127 40239 40316 0.00213137
36194 39816 39804 -0.000331547
37164 40436 40436 0
35906 39362 39455 0.0025901
37197 40602 40538 -0.00172057
35290 39320 39242 -0.00221026
37013 40495 40830 0.00905087
36251 40760 40760 0
35912 39012 39023 0.000306304
37018 40655 40834 0.00483549
36031 40125 40083 -0.00116566
34864 39802 39831 0.000831804
36635 40227 40193 -0.000928074
36701 40026 39769 -0.00700253
35771 39131 39034 -0.00271169
36348 40583 40700 0.00321888
35514 40043 39617 -0.0119953
35140 39128 39138 0.000284576
36831 39898 39856 -0.00114034
37561 40066 39982 -0.00223636
36988 40186 40188 5.40716e-05
36622 40530 40493 -0.00101032
36020 39999 39858 -0.00391449
36041 39804 40060 0.00710302
35946 40742 40650 -0.00255939
36017 39097 38630 -0.0129661
35906 39856 39353 -0.0140088
35312 39499 39599 0.0028319
36201 41281 41243 -0.00104969
35002 39620 39499 -0.00345695
35513 40590 40561 -0.000816602
36994 40430 40021 -0.0110558
35412 39436 39443 0.000197673
36531 39737 39870 0.00364074
36732 40667 40473 -0.0052815
35787 40065 40006 -0.00164864
35649 39555 39787 0.0065079
37211 40478 40347 -0.00352046
36760 40201 40176 -0.000680087
37441 40734 40723 -0.000293796
36563 40067 40470 0.0110221
36339 41074 41061 -0.000357742
35318 39391 39410 0.000537969
36080 39834 39834 0
36160 39843 39837 -0.000165929
36702 39929 39938 0.000245218
36430 38987 38750 -0.00650563
35896 38970 38970 0
36033 39587 39583 -0.000111009
37794 40678 40635 -0.00113775
35349 39202 38912 -0.00820391
35925 40522 40646 0.00345164
36740 40027 40184 0.00427327
36135 40272 40232 -0.00110696
36449 40456 40369 -0.0023869
36228 39489 39413 -0.00209782
34906 39291 39314 0.000658913
34482 40443 40290 -0.0044371
36981 40558 40317 -0.00651686
35682 39533 39556 0.000644583
35148 39440 39440 0
36245 40460 40475 0.00041385
37608 41215 41228 0.000345671
35508 39301 39548 0.00695618
35794 39296 39448 0.00424652
35839 39555 39289 -0.00742208
35404 39536 39302 -0.00660942
36692 39714 39785 0.00193503
37551 40145 39836 -0.00822881
35976 40269 40296 0.0007505
36594 40420 40262 -0.00431765
35992 40605 40579 -0.000722383
35554 39931 39911 -0.000562525
35747 40377 40381 0.000111898
35539 39876 39957 0.00227919
35972 40394 40411 0.00047259
35969 39354 39182 -0.0047819
35522 39002 39047 0.00126682
36356 41167 41030 -0.00376829
35619 39812 39789 -0.000645723
34454 39040 39015 -0.000725605
36788 39930 40025 0.00258236
35932 39654 39654 0
35369 40448 40106 -0.00966948
36473 40717 40801 0.00230307
36019 40510 40489 -0.000583026
37155 40787 41082 0.00793971
35248 38861 38979 0.00334771
35394 39864 39797 -0.00189298
36883 40447 40290 -0.0042567
36699 40206 40335 0.00351508
34819 39331 39609 0.00798415
36957 40291 40120 -0.004627
36543 40440 40420 -0.0005473
36683 40091 40221 0.00354388
36119 40801 40657 -0.00398682
35577 40119 40172 0.00148973
36607 40993 40993 0
37111 40697 40578 -0.0032066
34524 39743 39728 -0.00043448
35923 39984 39896 -0.00244968
35423 39864 40008 0.00406516
35256 39914 39914 0
36475 39467 39259 -0.00570254
37199 40978 40978 0
35252 39164 39038 -0.00357427
36892 40705 40721 0.000433698
35666 39719 39489 -0.00644872
34895 39418 39811 0.0112624
35349 38886 38905 0.000537498
37384 40640 40462 -0.0047614
35440 39981 39930 -0.00143905
37777 41525 41518 -0.000185298
35296 39225 38872 -0.0100011
34988 38773 38734 -0.00111467
35264 39307 39246 -0.00172981
37321 41966 41966 0
35584 38925 39361 0.0122527
36604 39774 39691 -0.00226751
37714 40729 40785 0.00148486
36486 39061 38641 -0.0115113
37193 40511 40237 -0.00736698
34378 38822 38722 -0.00290884
35579 39636 39636 0
36986 40192 40110 -0.00221706
36775 39867 39867 0
35811 40750 40705 -0.0012566
36529 39771 39922 0.0041337
35722 40354 40483 0.00361122
36560 39827 39823 -0.000109409
36066 39347 39437 0.00249543
36351 40807 40836 0.000797777
34935 40057 40017 -0.00114498
36053 40155 40056 -0.00274596
36144 40115 39962 -0.00423307
36425 40137 39870 -0.00733013
34972 39442 39626 0.00526135
36031 40319 40128 -0.00530099
35131 40458 40384 -0.0021064
34704 39504 39538 0.000979714
35317 39557 39455 -0.00288813
37647 40517 40598 0.00215157
36633 40187 40036 -0.00412197
36415 39952 40255 0.00832075
36809 40286 40278 -0.000217338
35037 40177 40345 0.00479493
35719 38941 38776 -0.00461939
36372 39477 39488 0.00030243
35091 39936 39997 0.00173834
36306 40324 40442 0.00325015
36370 40461 40422 -0.00107231
36882 40936 40952 0.000433816
35451 39994 40060 0.00186172
36096 40324 40169 -0.0042941
36411 40208 40343 0.00370767
37499 40441 40418 -0.00061335
36689 41126 41385 0.00705934
35743 40006 40071 0.00181854
36437 40229 40290 0.00167412
36382 40528 40276 -0.0069265
35224 40110 39667 -0.0125767
36138 40242 40214 -0.000774808
35390 39953 39896 -0.00161062
36780 39518 39304 -0.00581838
35158 39284 39071 -0.00605837
36738 39936 39781 -0.00421906
36570 40299 40147 -0.00415641
37463 40011 40142 0.00349678
35126 39895 39755 -0.00398565
36894 41711 41696 -0.00040657
37245 41595 41322 -0.00732984
36876 40531 40491 -0.00108472
35941 39835 40054 0.00609332
36015 39425 39456 0.000860752
37048 40116 40119 8.0976e-05
37077 39420 39615 0.00525933
37579 41391 41391 0
35788 39805 39779 -0.000726501
36512 40527 40765 0.0065184
36112 40693 40596 -0.00268609
36624 41097 41171 0.00202053
35124 39883 39902 0.000540941
36060 39564 39420 -0.00399334
36694 40656 40627 -0.00079032
37547 40436 40300 -0.00362213
35960 40048 40123 0.00208565
36925 40414 40454 0.00108328
36279 39735 39735 0
36523 39799 39855 0.00153328
36166 38612 38729 0.00323508
35649 39381 39377 -0.000112205
36423 40092 40128 0.000988386
36195 40523 40372 -0.00417185
37312 40327 40401 0.00198328
36352 40523 40446 -0.00211818
36263 41058 40741 -0.00874169
37521 40808 40808 0
35773 40170 40267 0.00271154
36400 39565 39570 0.000137363
35231 39295 39303 0.000227073
36132 39806 39598 -0.00575667
35397 40719 40542 -0.00500042
36115 40406 40435 0.00080299
36567 40082 40082 0
35056 38808 38749 -0.00168302
37106 40435 40435 0
36665 40529 40440 -0.00242738
37504 40643 40598 -0.00119987
35180 40776 40620 -0.00443434
35918 40011 39865 -0.00406481
37715 39965 39790 -0.00464006
36500 41571 41403 -0.00460274
35631 39828 39866 0.00106649
35219 40355 40366 0.000312331
36558 40732 40693 -0.0010668
36879 39289 39328 0.00105751
37485 40997 40999 5.33547e-05
37815 41890 41836 -0.001428
36131 40927 40963 0.000996374
36370 40212 39956 -0.00703877
35416 39389 39537 0.0041789
35141 39335 39057 -0.00791099
36282 40140 40143 8.26856e-05
35644 39928 39866 -0.00173942
36750 39313 39313 0
36371 40746 40649 -0.00266696
36684 40710 40399 -0.00847781
36201 39889 39847 -0.00116019
37337 40755 40851 0.00257118
35442 38820 38919 0.0027933
36607 39651 39657 0.000163903
34595 39748 39748 0
35804 39906 39906 0
36100 40863 40731 -0.00365651
36292 39896 39653 -0.00669569
35626 39935 39754 -0.00508056
35812 40705 40644 -0.00170334
36394 39928 39583 -0.00947958
36229 40529 40495 -0.000938475
37181 40824 40754 -0.00188268
36049 40677 40555 -0.00338428
34942 39756 39780 0.000686852
36217 40660 40707 0.00129773
36311 39695 39680 -0.000413098
36992 40699 40705 0.000162197
37616 41375 41375 0
35325 39294 39064 -0.00651097
36264 40078 40124 0.00126848
37799 41072 41092 0.000529115
36505 40500 40438 -0.0016984
35331 39786 39766 -0.000566075
34813 40447 40447 0
35766 39846 39777 -0.00192921
37019 40239 40169 -0.00189092
36632 40925 40746 -0.00488644
37306 39997 39901 -0.00257331
36373 39507 39529 0.000604844
34681 39901 39957 0.00161472
35751 39417 39365 -0.0014545
36581 40200 40225 0.000683415
35777 39214 39176 -0.00106213
36702 40011 39990 -0.000572176
34962 39678 39570 -0.00308907
35323 39607 39946 0.00959715
35926 39798 40132 0.00929689
35326 39692 39825 0.00376493
36149 39830 39812 -0.000497939
37086 39758 39837 0.00213018
36276 38948 38699 -0.00686404
37125 40670 40471 -0.00536027
35722 38486 38429 -0.00159566
36186 41017 41017 0
36180 39813 39975 0.00447761
35950 40945 40945 0
36010 39901 39809 -0.00255485
35422 39947 39805 -0.00400881
36874 40545 40545 0
35136 39032 39000 -0.000910747
35400 40022 39803 -0.00618644
36332 39740 39604 -0.00374326
36319 40248 40270 0.000605744
36537 40257 40440 0.00500862
36111 40079 40079 0
34985 39794 39787 -0.000200086
35824 39235 38986 -0.00695065
36104 39429 39312 -0.00324064
35892 39838 39674 -0.00456926
36427 40545 40426 -0.00326681
36752 41268 41082 -0.00506095
35788 39317 39157 -0.00447077
36135 40035 39885 -0.0041511
37394 41579 41546 -0.000882495
37403 41139 40977 -0.0043312
36094 40278 40172 -0.00293678
36620 40148 40244 0.00262152
36039 39666 39599 -0.0018591
35140 40047 39922 -0.0035572
35360 39739 39408 -0.00936086
35834 39605 39605 0
37083 40852 40796 -0.00151013
35500 40310 40255 -0.0015493
34699 38686 38330 -0.0102597
34982 38887 38657 -0.00657481
35812 40286 40169 -0.00326706
35232 39918 39766 -0.00431426
37060 40012 40012 0
35196 39529 39326 -0.0057677
35560 39554 39782 0.0064117
35312 39600 39567 -0.000934527
35296 39486 39486 0
36052 40192 40219 0.000748918
36792 39699 39790 0.00247336
35656 40070 39855 -0.00602984
35318 39477 39319 -0.00447364
37327 40285 40285 0
35591 39599 39191 -0.0114636
35675 40434 40427 -0.000196216
34969 39972 39968 -0.000114387
36127 39203 38990 -0.00589587
35250 39193 39321 0.00363121
36194 39511 39345 -0.0045864
36686 39986 39936 -0.00136292
36352 39746 39668 -0.00214569
35459 40580 40746 0.00468146
36710 40385 40255 -0.00354127
37394 41122 40932 -0.00508103
36059 39455 39585 0.0036052
37304 40910 40910 0
36006 39912 39829 -0.00230517
35784 39535 39471 -0.00178851
35956 39847 39916 0.00191901
35890 40219 40283 0.00178323
35376 39582 39479 -0.00291158
35988 40650 40727 0.0021396
37714 40586 40509 -0.00204168
36396 40146 40267 0.00332454
37035 40864 40864 0
36889 40040 40040 0
34820 39387 39434 0.0013498
35819 40322 40352 0.000837544
35762 39547 39360 -0.00522901
37235 40654 40654 0
35255 39321 39493 0.00487874
36720 40181 40549 0.0100218
36985 40721 40721 0
36620 40958 40759 -0.00543419
35424 40250 40343 0.00262534
34264 39457 39472 0.000437777
36140 39989 40009 0.000553403
37271 39919 40033 0.00305868
36736 39958 39716 -0.00658754
36405 39845 39423 -0.0115918
35875 39504 39504 0
35947 39791 39733 -0.00161349
35524 40583 40513 -0.0019705
36357 40772 40714 -0.00159529
36305 40942 40926 -0.000440711
36302 39906 39858 -0.00132224
36391 40044 40590 0.0150037
35830 39490 39455 -0.000976835
36773 40659 40753 0.00255622
36163 40681 40658 -0.000636009
35924 39782 39796 0.000389712
35983 40192 40357 0.0045855
34796 39809 39771 -0.00109208
34594 40002 40002 0
37124 40188 40058 -0.00350178
35380 39183 39030 -0.00432448
35602 39806 39830 0.000674119
36352 40306 40177 -0.00354864
36644 40979 40767 -0.00578539
36039 40077 40186 0.0030245
35888 39230 39417 0.00521066
36901 40213 39879 -0.00905125
36722 40080 39989 -0.00247808
35624 39204 39218 0.000392993
35543 39740 39551 -0.0053175
36474 40492 40540 0.00131601
36560 40824 40711 -0.00309081
36484 40222 40202 -0.000548186
36329 39729 39519 -0.00578051
36053 39695 39757 0.00171969
35650 39781 39599 -0.00510519
36214 40564 40564 0
35117 40049 39835 -0.00609391
36878 39785 39723 -0.00168122
35459 39602 39763 0.00454046
35790 39819 39785 -0.000949986
37777 41054 41054 0
34474 38974 39141 0.00484423
34967 39749 39689 -0.0017159
37150 40598 40821 0.00600269
35533 38898 38921 0.000647286
35879 40275 40192 -0.00231333
35254 39780 39260 -0.0147501
36457 40275 40324 0.00134405
35566 39934 39844 -0.00253051
36309 40658 40782 0.00341513
36974 40245 40366 0.00327257
36654 39729 39610 -0.00324658
37813 40630 40823 0.00510406
36841 39747 39781 0.000922885
34855 39647 39492 -0.00444699
36784 40489 40481 -0.000217486
35734 40548 40542 -0.000167907
35618 39511 39255 -0.00718738
36906 40362 40260 -0.00276378
35760 40316 40277 -0.0010906
37052 40115 40068 -0.00126849
36324 40007 40159 0.00418456
37236 40866 40499 -0.00985605
37399 40767 40638 -0.00344929
34883 39192 39161 -0.000888685
35773 39471 39474 8.38621e-05
36208 39798 39924 0.00347989
35246 39750 39955 0.00581626
35724 39141 38884 -0.00719404
36486 40852 40985 0.00364523
37246 40831 40812 -0.000510122
37489 40793 40793 0
35947 39504 39457 -0.00130748
36081 39482 39420 -0.00171836
35879 40634 40689 0.00153293
35185 38983 39132 0.00423476
36204 39163 39258 0.00262402
36761 40166 40069 -0.00263867
36551 40377 40072 -0.0083445
37342 40479 40595 0.00310642
36973 41065 40950 -0.00311038
36478 40980 40979 -2.74138e-05
35963 40190 39641 -0.0152657
34432 40084 40084 0
35643 39537 39537 0
36191 40095 40246 0.00417231
37921 40715 40735 0.000527412
37709 40388 40247 -0.00373916
36691 40257 40204 -0.0014445
37266 41304 41241 -0.00169055
36324 39983 39657 -0.00897478
36623 40302 40109 -0.00526991
37606 41583 41550 -0.00087752
36861 40899 40710 -0.00512737
35805 39641 39546 -0.00265326
36222 40147 40206 0.00162884
37778 40839 40635 -0.00539997
36865 40227 40252 0.00067815
37614 40618 40618 0
36047 39227 39063 -0.00454962
34693 38157 38593 0.0125674
34767 39386 39346 -0.00115052
36965 40159 40002 -0.00424726
36480 40225 40282 0.0015625
36537 40825 40857 0.000875825
36204 40507 40473 -0.000939123
37086 40432 40054 -0.0101925
36497 39391 39300 -0.00249336
35729 40217 39930 -0.00803269
36322 40647 40430 -0.00597434
35620 40350 40460 0.00308815
37678 40786 40717 -0.00183131
35873 39965 40082 0.00326151
37345 40711 40713 5.35547e-05
36869 39924 40278 0.00960156
36075 39623 39505 -0.00327096
36189 40376 40385 0.000248694
37409 41298 41391 0.00248603
36321 40755 40827 0.00198232
35762 39362 38943 -0.0117163
36441 39937 40045 0.00296369
36555 40061 40053 -0.000218848
37100 40232 40232 0
35938 39505 39465 -0.00111303
35786 40701 40712 0.000307383
35202 39749 39926 0.00502812
36277 40145 40121 -0.000661576
37385 40147 39960 -0.00500201
35143 39865 39766 -0.00281706
36408 39689 39770 0.00222479
36454 39510 39203 -0.00842157
36069 39417 39327 -0.00249522
36087 40309 40176 -0.00368554
35715 39681 39507 -0.0048719
36760 40501 40519 0.000489663
35262 39514 39464 -0.00141796
36864 40021 39634 -0.010498
35705 40209 40209 0
35588 39464 39483 0.000533888
36281 39474 39435 -0.00107494
35912 39469 39390 -0.00219982
36926 39971 39779 -0.00519959
35529 39428 39472 0.00123842
35420 40052 40120 0.00191982
36788 41268 41268 0
36782 40143 40008 -0.00367027
35601 39318 39415 0.00272464
37177 39996 39996 0
36381 40671 40839 0.0046178
36012 40406 40435 0.000805287
37629 41216 41004 -0.00563395
35465 39938 39865 -0.00205837
35650 39573 39498 -0.00210379
36537 40451 40432 -0.000520021
35858 41199 41247 0.00133861
36570 41117 41134 0.000464862
35659 39810 39545 -0.0074315
35015 39739 39593 -0.00416964
35501 40080 39920 -0.00450692
37006 40319 40390 0.00191861
36665 40448 40437 -0.000300014
36189 40186 40178 -0.000221062
36639 39707 39676 -0.000846093
35870 39728 39789 0.00170059
35165 40266 40278 0.000341248
37141 40800 40552 -0.00667726
36577 39548 39322 -0.00617875
36212 40462 40403 -0.00162929
35741 40016 39994 -0.00061554
34880 39031 39008 -0.000659404
35741 39998 39952 -0.00128704
35569 40307 40261 -0.00129326
37351 40487 40519 0.000856737
35323 39593 39472 -0.00342553
