28915 32405 32223 -0.00629431
28591 31804 31769 -0.00122416
29621 32950 32777 -0.00584045
27725 32732 32643 -0.0032101
29152 32799 32709 -0.00308727
28401 32633 32499 -0.00471814
29868 33927 33844 -0.00277889
28479 33234 33136 -0.00344113
28924 32519 32393 -0.00435624
28142 31775 31433 -0.0121527
29361 32375 32335 -0.00136235
28735 32625 32605 -0.000696015
28122 31798 31908 0.00391153
29160 32745 33235 0.0168038
29008 32723 32575 -0.00510204
28736 32796 32775 -0.000730791
29846 33752 33752 0
28818 33229 33564 0.0116247
28606 32092 32287 0.00681675
28721 33125 33124 -3.48177e-05
29848 33377 33317 -0.00201018
29265 32796 32533 -0.00898684
29115 32242 32186 -0.00192341
29414 32847 32746 -0.00343374
29198 32378 32372 -0.000205494
29130 32588 32851 0.00902849
29527 33056 33056 0
29712 33026 33030 0.000134626
28739 32582 32549 -0.00114827
28697 32563 32768 0.0071436
29233 32931 32785 -0.00499436
28581 32107 31750 -0.0124908
29499 32625 32770 0.00491542
28332 31443 31648 0.00723563
28790 32189 32044 -0.00503647
28709 32560 32523 -0.00128879
28355 32736 32750 0.00049374
29865 33420 33420 0
28743 32728 32524 -0.00709738
28500 32157 32227 0.00245614
30050 34176 34071 -0.00349418
29705 32520 32513 -0.000235651
30235 32611 32569 -0.00138912
29310 32545 32605 0.00204708
28246 32352 32457 0.00371734
30404 33590 33476 -0.00374951
29130 33190 33185 -0.000171644
29683 32914 32958 0.00148233
30274 33132 32976 -0.00515294
28556 31588 31765 0.00619835
28808 32565 32517 -0.0016662
28758 32879 32466 -0.0143612
27827 31835 31920 0.00305459
29502 32597 32528 -0.00233882
29143 32703 33073 0.012696
30040 32835 32975 0.00466045
29019 32551 32545 -0.000206761
30178 33374 33349 -0.000828418
28641 32603 32384 -0.00764638
28903 32666 32641 -0.000864962
29061 32458 32463 0.000172052
29050 32202 32209 0.000240964
29265 32576 32589 0.000444217
29687 32806 32975 0.00569273
28554 32254 32226 -0.000980598
29958 32729 32900 0.00570799
28524 33085 32853 -0.0081335
28676 32500 32443 -0.00198772
28014 32020 32025 0.000178482
29154 33119 33250 0.00449338
28325 32518 32463 -0.00194175
28325 32260 32323 0.00222418
29068 32926 32926 0
28583 32640 32590 -0.00174929
28053 32281 32195 -0.00306563
28480 32357 32221 -0.00477528
27824 31978 31667 -0.0111774
28877 32788 32788 0
30519 33282 33185 -0.00317835
29298 33005 32995 -0.00034132
28124 31725 31773 0.00170673
29715 32463 32404 -0.00198553
30051 32063 32063 0
28476 32311 32325 0.000491642
28937 32805 32916 0.00383592
28424 32611 32506 -0.00369406
27913 31910 31842 -0.00243614
29199 33450 33580 0.00445221
29496 33612 33556 -0.00189856
29354 33336 33037 -0.010186
29553 34001 34066 0.00219944
29414 32658 32770 0.00380771
28379 32772 32716 -0.00197329
29669 32207 32336 0.00434797
28638 32583 32661 0.00272365
28887 32292 32406 0.00394641
28738 32245 32262 0.000591551
29423 33105 33031 -0.00251504
29269 33149 32892 -0.00878062
29351 32039 31877 -0.0055194
29149 32661 32699 0.00130365
29522 32636 32682 0.00155816
30268 33215 33159 -0.00185014
29482 32849 32793 -0.00189946
28652 32452 32575 0.00429289
30436 33507 33450 -0.00187278
28833 32044 31987 -0.0019769
29343 32506 32468 -0.00129503
28319 32404 32415 0.000388432
29446 33163 33256 0.00315832
30056 32980 32973 -0.000232899
28056 31845 31911 0.00235244
29090 33333 33548 0.00739086
27687 32199 32224 0.000902951
27855 32199 32030 -0.00606713
27474 31591 31731 0.00509573
29399 31962 31997 0.00119052
28821 32833 32886 0.00183894
29929 33429 33429 0
29681 32449 32413 -0.0012129
29408 32612 32412 -0.00680087
28572 32440 32329 -0.00388492
29483 33119 33123 0.000135671
28618 32182 32123 -0.00206164
28327 33164 33178 0.000494228
30159 32958 32847 -0.00368049
27882 32312 32316 0.000143462
28836 32868 32701 -0.00579137
29300 32584 32585 3.41297e-05
29490 33334 33421 0.00295015
30262 33357 33368 0.000363492
30231 32696 32672 -0.000793887
29287 32625 32717 0.00314133
29495 33221 33282 0.00206815
29082 33346 33149 -0.00677395
29108 32735 32808 0.0025079
29783 33570 33489 -0.00271967
29051 33416 33447 0.00106709
28245 32267 32256 -0.000389449
29698 32719 32700 -0.000639774
28448 32014 31914 -0.00351519
28498 32122 31809 -0.0109832
27078 31621 31381 -0.00886328
29038 32324 32347 0.000792066
28163 32444 32432 -0.000426091
28429 33210 33190 -0.000703507
29104 32853 32805 -0.00164926
27262 31420 31475 0.00201746
28626 33563 33524 -0.0013624
28793 31790 31704 -0.00298684
28259 32379 32266 -0.00399873
28458 31914 31995 0.0028463
28795 32493 32404 -0.00309081
28621 31800 31645 -0.0054156
28379 32367 32261 -0.00373516
29669 32502 32530 0.000943746
28512 31753 31812 0.0020693
29060 32335 32274 -0.00209911
29382 32463 32447 -0.000544551
28814 31730 31651 -0.00274172
29202 32662 32456 -0.00705431
29715 33070 33141 0.00238937
28717 32558 32630 0.00250723
29043 33324 33307 -0.000585339
27543 32247 32249 7.26137e-05
29794 32963 33052 0.00298718
27984 32687 32816 0.00460978
28780 33069 33133 0.00222377
29158 32782 32845 0.00216064
28423 33024 32475 -0.0193153
28329 32137 32219 0.00289456
29661 33428 33351 -0.002596
28164 32490 32422 -0.00241443
28621 32023 31869 -0.00538066
29720 33108 33097 -0.000370121
29653 32754 32949 0.00657606
30122 32963 32992 0.000962751
29854 32053 32077 0.000803912
28337 32293 32216 -0.0027173
28937 32913 32847 -0.00228082
29318 33457 33586 0.00440003
29171 32988 32882 -0.00363375
29569 32597 32581 -0.000541107
28967 32722 32647 -0.00258915
29974 34127 33638 -0.0163141
28620 33332 33684 0.0122991
28153 32148 32158 0.000355202
27876 31687 31616 -0.00254699
28661 31932 31970 0.00132584
30043 33400 33417 0.000565856
28973 32856 32926 0.00241604
30285 33050 32905 -0.00478785
29292 32239 31770 -0.0160112
29674 33881 33738 -0.00481903
28610 32962 33013 0.00178259
29058 32661 32670 0.000309725
28762 32439 32458 0.000660594
28058 31462 31627 0.00588068
28638 31767 31692 -0.0026189
28343 32293 32190 -0.00363405
29231 33350 33200 -0.00513154
29109 32831 32816 -0.000515305
29402 32598 32580 -0.000612203
28414 32600 32728 0.00450482
29331 32615 32969 0.0120691
28196 31621 31545 -0.00269542
29402 32979 32765 -0.00727842
28893 32716 32650 -0.00228429
27937 31881 31932 0.00182554
29275 32468 32447 -0.000717336
28224 30942 30829 -0.00400368
29342 34225 34079 -0.0049758
28754 32805 32810 0.000173889
29593 33352 33469 0.00395364
29267 32936 32751 -0.00632111
28035 32466 32530 0.00228286
28113 32528 32521 -0.000248995
28650 31778 32090 0.0108901
29748 32671 32694 0.000773161
29234 32680 32654 -0.000889375
29691 32834 32804 -0.00101041
28175 32055 31952 -0.00365572
29451 34062 33963 -0.00336152
27345 31048 31109 0.00223076
28756 33193 33007 -0.00646822
28644 32460 32638 0.00621422
27676 32217 32186 -0.0011201
28586 31810 31809 -3.49822e-05
28590 32527 32439 -0.003078
28861 32922 32958 0.00124736
28678 33028 32925 -0.0035916
28922 32815 32792 -0.000795242
29786 33705 33316 -0.0130598
29054 32188 32178 -0.000344187
29216 32779 32747 -0.00109529
27665 31966 31952 -0.000506055
29261 32832 32794 -0.00129866
29097 32968 32871 -0.00333368
28930 32922 33006 0.00290356
29845 33011 33010 -3.35064e-05
29478 32598 32598 0
29279 32855 32892 0.0012637
28689 32159 32192 0.00115027
29188 32463 32366 -0.00332328
29632 33414 33250 -0.00553456
29173 33620 33318 -0.010352
28685 32288 32293 0.000174307
27872 31858 31307 -0.0197689
28115 32433 32433 0
28132 32099 32092 -0.000248827
29012 32595 32537 -0.00199917
28846 32666 32743 0.00266935
29009 32656 32641 -0.000517081
27526 31840 31829 -0.000399622
28854 31745 31794 0.0016982
30317 33223 33139 -0.00277072
28581 33467 33429 -0.00132955
29192 32973 32889 -0.0028775
28198 32538 32556 0.000638343
28414 32191 32310 0.00418808
29139 32657 32604 -0.00181887
28478 32857 32756 -0.0035466
29392 32643 32755 0.00381056
28559 31640 31681 0.00143562
29132 33381 33265 -0.00398188
27414 32306 32168 -0.00503392
28069 32248 32106 -0.00505896
28612 32321 32096 -0.00786383
28600 32560 32180 -0.0132867
28398 31635 31580 -0.00193676
29938 32909 32884 -0.000835059
28488 31828 32273 0.0156206
28666 32094 31726 -0.0128375
28510 33015 33015 0
30284 33719 33719 0
29265 32890 32793 -0.00331454
29358 32346 32580 0.00797057
27526 31990 31978 -0.000435951
29193 32835 32976 0.00482992
28574 32420 32340 -0.00279975
29540 32856 32699 -0.00531483
27915 31823 31806 -0.000608992
28838 31757 31804 0.00162979
29398 32186 32137 -0.00166678
28241 32053 31977 -0.00269112
28366 32877 32826 -0.00179793
28497 31776 31752 -0.000842194
30114 33424 33437 0.000431693
29494 32848 32689 -0.00539093
28973 32647 32712 0.00224347
29202 33212 33005 -0.00708856
28998 33109 33109 0
28270 32386 32421 0.00123806
28914 32476 32404 -0.00249014
28408 32848 32653 -0.00686426
28952 32887 32845 -0.00145068
29843 33589 33609 0.000670174
27876 32354 32361 0.000251112
28828 33315 33363 0.00166505
30469 33516 33618 0.00334766
28227 31995 31646 -0.012364
30166 33301 33269 -0.0010608
29439 32582 32746 0.00557084
28612 32718 32668 -0.00174752
28297 32203 31796 -0.0143832
28204 32728 32841 0.00400652
29769 33030 32985 -0.00151164
29018 32232 32193 -0.00134399
29584 32303 32359 0.00189292
28103 31886 31870 -0.000569334
29166 33184 33042 -0.00486868
28915 32268 32450 0.00629431
28891 32156 32143 -0.000449967
28866 32617 32711 0.00325643
29327 32099 32242 0.00487605
29133 32803 32678 -0.00429067
29189 33000 32942 -0.00198705
28548 31837 31843 0.000210172
28221 32748 32760 0.000425215
28428 31997 31838 -0.00559308
28707 31609 31292 -0.0110426
27863 31529 31448 -0.00290708
28768 32994 32951 -0.00149472
28248 32062 32107 0.00159303
29115 32688 32726 0.00130517
29295 31849 31850 3.41355e-05
28864 32524 32326 -0.00685976
27588 32326 32344 0.000652458
29027 32214 31966 -0.00854377
29141 32704 32560 -0.00494149
28533 32369 32175 -0.00679914
28707 32423 32404 -0.000661859
27649 32457 32457 0
29208 32610 32783 0.00592303
28119 31988 31974 -0.000497884
29349 32815 32856 0.00139698
28310 32460 31992 -0.0165313
28872 33695 33440 -0.00883209
28587 32606 32586 -0.000699619
30067 33635 33565 -0.00232813
28300 32450 32301 -0.00526502
28869 32188 32250 0.00214763
28825 32751 32814 0.0021856
28368 32545 32555 0.00035251
28346 32256 32077 -0.00631482
29693 32862 32933 0.00239114
29520 32712 32695 -0.000575881
29836 32936 32936 0
28271 32069 32061 -0.000282975
28976 32337 32231 -0.0036582
28823 32967 32956 -0.00038164
29145 32340 32633 0.0100532
28478 31962 31828 -0.00470539
28894 32148 32054 -0.00325327
29079 32718 32806 0.00302624
29607 33231 33107 -0.0041882
28703 32771 32508 -0.00916281
29121 33259 33259 0
27828 32168 32180 0.00043122
28741 32613 32637 0.000835044
28221 32071 32233 0.00574041
29194 32584 32306 -0.0095225
29016 32879 32728 -0.00520403
29025 32887 32881 -0.000206718
30061 33078 33212 0.0044576
29509 32728 32753 0.000847199
28313 32639 32193 -0.0157525
28995 32603 32645 0.00144853
28926 32875 32867 -0.000276568
29934 33246 33161 -0.00283958
29966 33108 32963 -0.00483882
27990 31925 32053 0.00457306
28908 32742 32742 0
30394 33783 33386 -0.0130618
30046 33317 33323 0.000199694
28784 32749 32768 0.000660089
29723 32786 32745 -0.0013794
30447 32842 32842 0
29108 32768 32710 -0.00199258
29073 32877 32787 -0.00309566
29086 32644 32616 -0.000962662
28992 32284 32284 0
29345 32494 32513 0.00064747
29232 32938 33026 0.0030104
28587 32093 32345 0.0088152
28640 32233 32073 -0.00558659
28371 32904 32584 -0.0112791
28817 33098 33016 -0.00284554
28679 32821 32987 0.00578821
29913 33796 33722 -0.00247384
28466 32255 32286 0.00108902
30169 33240 33200 -0.00132586
29178 32497 32463 -0.00116526
29976 33792 33800 0.00026688
29720 33630 33682 0.00174966
29529 32169 32421 0.00853398
29690 32735 32691 -0.00148198
28698 31943 31992 0.00170744
29375 32704 32704 0
28151 32330 32305 -0.000888068
28544 32368 32469 0.0035384
28109 32288 32638 0.0124515
28447 31789 31742 -0.0016522
28597 32709 32709 0
29502 32413 32574 0.00545726
27571 31546 31692 0.00529542
29974 32396 32396 0
28429 32648 32526 -0.00429139
29669 33698 33669 -0.000977451
28819 32514 32534 0.000693987
28898 32033 32111 0.00269915
28679 32170 32043 -0.00442833
29167 32281 32426 0.00497137
27848 32401 32426 0.000897731
28950 32213 32249 0.00124352
28531 32527 32631 0.00364516
29891 33571 33632 0.00204075
28536 32392 32392 0
28374 32969 32883 -0.00303094
28972 31657 31605 -0.00179484
29244 32553 32296 -0.00878813
28913 33239 33494 0.00881956
29611 32966 32865 -0.00341089
29106 32360 32322 -0.00130557
28958 32958 33041 0.00286622
29681 33012 32897 -0.00387453
29267 33106 33006 -0.00341682
28409 32880 32721 -0.00559682
29941 32925 32812 -0.00377409
28719 32728 32754 0.000905324
29384 32315 32062 -0.00861013
30491 33789 33789 0
28794 33205 33216 0.000382024
28594 32104 32090 -0.000489613
28817 31809 31830 0.000728737
28494 32946 32808 -0.00484312
27617 32189 32193 0.000144838
27549 32147 32216 0.00250463
29403 32022 31974 -0.00163249
28557 33409 33462 0.00185594
28253 32132 32025 -0.00378721
29094 31487 31577 0.00309342
28808 32612 32621 0.000312413
29147 32573 32492 -0.00277902
27921 32106 32175 0.00247126
29142 32664 32665 3.43147e-05
28343 32719 33065 0.0122076
28683 32172 32491 0.0111216
28065 32076 31573 -0.0179227
29757 33310 33294 -0.000537689
29526 33602 33501 -0.00342071
29093 32894 32410 -0.0166363
29099 32661 32720 0.00202756
28109 33133 33148 0.000533637
28640 32969 32934 -0.00122207
29417 32981 32895 -0.00292348
29857 33695 33629 -0.00221054
28751 32715 32706 -0.000313033
29080 32852 33080 0.00784044
29679 33053 33060 0.000235857
28284 32383 32641 0.00912176
29223 32424 32523 0.00338774
29237 33039 33074 0.00119711
29216 32658 32670 0.000410734
30044 33126 33227 0.00336174
29597 33262 33388 0.00425719
29828 33713 33545 -0.00563229
28418 32570 32712 0.00499683
28372 32643 32646 0.000105738
29276 32757 32934 0.00604591
29327 32850 33215 0.0124459
28424 31951 32082 0.00460878
28121 32003 31990 -0.000462288
29229 33100 33066 -0.00116323
27761 31456 31543 0.00313389
28736 32633 32693 0.00208797
28741 32436 32329 -0.0037229
28916 32402 32183 -0.00757366
29570 32771 32877 0.00358471
29451 32645 32419 -0.00767376
29556 33661 33754 0.00314657
28119 32390 32390 0
29702 32924 33006 0.00276076
28697 31872 31664 -0.00724814
29054 33229 33146 -0.00285675
29639 33796 33740 -0.0018894
29043 31876 32063 0.00643873
29567 33665 33657 -0.000270572
27319 32018 32062 0.0016106
29464 32564 32672 0.00366549
27819 32609 32416 -0.0069377
27808 32811 32810 -3.59609e-05
28356 32312 32303 -0.000317393
29296 33155 33161 0.000204806
28464 32292 32221 -0.00249438
28298 31886 31905 0.000671426
28880 32853 32719 -0.00463989
29478 33215 33152 -0.00213719
29643 32256 32248 -0.000269878
29736 32857 32909 0.00174872
28673 32489 32527 0.00132529
28681 32934 32753 -0.0063108
29094 32612 32694 0.00281845
27708 31700 31651 -0.00176844
26788 31584 31790 0.00769001
28084 32133 31897 -0.00840336
30676 33785 33785 0
28198 32106 32034 -0.00255337
30190 32876 33093 0.00718781
29079 33518 33518 0
29541 32418 32409 -0.000304661
29309 31826 31875 0.00167184
29482 32802 32914 0.00379893
29840 32571 32210 -0.0120979
29183 32426 32577 0.00517425
29387 33263 33263 0
29498 32467 32455 -0.000406807
29341 33009 33040 0.00105654
28663 33047 33051 0.000139553
30732 33237 33105 -0.0042952
28625 31712 31607 -0.00366812
29476 32539 32565 0.000882074
29062 32241 32122 -0.00409469
29300 32995 33000 0.000170648
27741 31628 31608 -0.000720955
27863 31178 31178 0
29380 31746 31966 0.00748809
29409 32857 32761 -0.00326431
27442 32059 32088 0.00105677
30125 33136 33135 -3.3195e-05
29752 33159 33159 0
28927 32851 32609 -0.00836589
28738 33312 33118 -0.00675064
27646 31522 31452 -0.00253201
28381 31834 31702 -0.004651
29179 32963 32878 -0.00291305
29307 33312 33232 -0.00272972
28546 31824 32085 0.00914314
28002 31958 31766 -0.00685665
29137 32883 32866 -0.000583451
30650 33656 33620 -0.00117455
27982 31679 31910 0.00825531
28535 31860 31882 0.000770983
28830 32101 31998 -0.00357267
28293 32322 32470 0.00523098
29493 32478 32426 -0.00176313
28630 33332 33174 -0.00551869
29305 32621 32687 0.00225218
29388 33357 33466 0.003709
29468 33209 33337 0.00434369
28935 32675 32739 0.00221185
28391 32379 32505 0.00443803
27634 32349 32235 -0.00412535
28306 32953 32953 0
28257 32538 32491 -0.0016633
28190 32201 31674 -0.0186946
30043 33397 33381 -0.00053257
29246 32394 32323 -0.00242768
28991 31751 31753 6.89869e-05
28268 32475 32232 -0.00859629
27456 31771 31708 -0.00229458
28415 33037 33081 0.00154848
29002 33444 33572 0.00441349
28249 32833 32722 -0.00392934
28462 33586 33524 -0.00217834
27662 32046 31839 -0.00748319
28110 31826 31680 -0.00519388
30435 32563 32758 0.0064071
28607 32440 32361 -0.00276156
28728 32781 32588 -0.00671818
29051 33444 33307 -0.00471584
29956 33310 33403 0.00310455
29052 32458 32458 0
29486 33254 33177 -0.00261141
28915 32248 32319 0.00245547
29744 33304 33399 0.00319392
28360 32582 32296 -0.0100846
27820 31922 31734 -0.00675773
29046 32596 32608 0.000413138
28850 32407 32591 0.00637782
28009 32033 32115 0.00292763
28854 31938 32167 0.00793651
28496 33437 33592 0.00543936
28595 31300 31122 -0.00622486
29400 33482 33386 -0.00326531
29477 32691 32649 -0.00142484
27247 32874 32699 -0.00642273
27601 31995 31889 -0.00384044
28035 33247 33150 -0.00345996
27486 32201 32194 -0.000254675
30217 33581 33355 -0.00747923
29024 32513 32440 -0.00251516
27521 31557 31636 0.00287054
27534 31597 31731 0.00486671
29482 34004 34111 0.00362933
27799 32131 32062 -0.0024821
28585 32255 32260 0.000174917
28973 33087 33083 -0.00013806
28822 32036 32014 -0.000763306
29782 32787 32723 -0.00214895
27494 31190 31291 0.00367353
28942 32505 32500 -0.000172759
28593 32317 32197 -0.00419683
29247 32379 32342 -0.00126509
28391 32109 32166 0.00200768
28675 32783 32669 -0.00397559
28722 32943 32943 0
29613 33054 32855 -0.00672002
28687 32363 32358 -0.000174295
29635 33455 33351 -0.00350936
27904 31801 32006 0.00734662
28647 32638 32392 -0.00858729
28128 31942 32000 0.002062
30235 32872 32695 -0.00585414
29279 32312 32477 0.00563544
29635 32253 32453 0.00674878
28580 32757 32801 0.00153954
28286 31821 31813 -0.000282825
28425 32067 32063 -0.000140721
29785 32740 32629 -0.00372671
29076 32463 32518 0.00189159
28618 32044 32145 0.00352925
29868 33168 33150 -0.000602652
29140 32034 32048 0.000480439
28454 31625 31517 -0.0037956
28918 31764 31841 0.0026627
28801 32583 32552 -0.00107635
28970 32492 32485 -0.000241629
29122 32714 32753 0.00133919
28979 32842 32828 -0.000483108
28057 32634 32746 0.00399187
29337 32856 32822 -0.00115895
28607 33438 33366 -0.00251687
28932 32576 32466 -0.00380202
30126 33409 33362 -0.00156011
28654 32523 32420 -0.00359461
28395 31920 32131 0.00743089
28715 32174 32129 -0.00156713
28434 32320 32387 0.00235633
28885 32410 32432 0.000761641
28337 32435 32474 0.00137629
27875 32280 32386 0.00380269
28731 32657 32601 -0.00194911
28990 32685 32566 -0.00410486
29576 32692 32677 -0.000507168
28857 32359 32290 -0.0023911
28487 32184 32092 -0.00322954
28741 33732 33848 0.00403605
29874 33713 33671 -0.0014059
29568 33056 33082 0.000879329
29270 32880 32821 -0.00201572
29083 32155 32148 -0.00024069
28469 32959 33056 0.00340721
29942 32826 32811 -0.000500969
29788 33932 34016 0.00281993
28794 32378 32316 -0.00215323
29947 34243 34293 0.00166962
29493 33205 33158 -0.0015936
29649 32990 32990 0
28265 31597 31645 0.00169821
28395 32551 32162 -0.0136996
28732 32694 32826 0.00459418
28519 32545 32695 0.00525965
29778 32536 32652 0.00389549
29870 33006 32956 -0.00167392
28618 32529 32571 0.00146761
28875 32392 32449 0.00197403
28649 31426 31341 -0.00296694
28151 32023 32077 0.00191823
28348 32420 32381 -0.00137576
28296 32629 32634 0.000176703
29497 33220 32980 -0.00813642
28881 32882 33039 0.0054361
30420 33155 33133 -0.000723208
29452 33584 33517 -0.00227489
29569 32911 32810 -0.00341574
28579 33038 33025 -0.000454879
27863 31880 31919 0.00139971
29005 32453 32408 -0.00155146
29967 32862 32875 0.000433811
29088 33127 33092 -0.00120325
28318 32093 32048 -0.0015891
28194 31574 31510 -0.00226999
29676 32993 32894 -0.00333603
29074 32641 32646 0.000171975
28770 32900 33141 0.00837678
29226 33500 33381 -0.00407172
28390 32453 32416 -0.00130328
29659 32487 32220 -0.00900233
28701 33119 33190 0.00247378
28296 32232 32265 0.00116624
29091 32367 32483 0.00398749
29645 33336 33004 -0.0111992
28952 32461 32520 0.00203786
29736 33569 33335 -0.00786925
29313 33623 33721 0.00334323
29320 32923 32931 0.000272851
28609 32845 32911 0.00230697
28991 32099 32099 0
27739 31588 31510 -0.00281193
29219 33304 33280 -0.000821383
29099 32229 32455 0.00776659
29041 32267 32226 -0.0014118
28759 32650 32753 0.00358149
28557 32820 32842 0.000770389
29541 32460 32300 -0.0054162
29988 32819 33144 0.0108377
28742 31656 31656 0
29239 32666 32228 -0.01498
28985 32045 32203 0.0054511
27997 32084 32067 -0.000607208
29446 33086 33196 0.00373565
29551 32514 32525 0.000372238
28643 32583 32362 -0.00771567
28223 33091 33124 0.00116926
29521 32842 32883 0.00138884
28743 32844 32656 -0.00654072
29052 33310 33173 -0.00471568
29839 32870 32730 -0.00469185
28312 32401 32643 0.00854761
29243 33159 33246 0.00297507
28845 32180 32219 0.00135205
29122 33113 33152 0.00133919
30150 33257 33359 0.00338308
28660 31678 31651 -0.00094208
28332 31966 32004 0.00134124
29660 33930 34006 0.00256237
28963 32917 32840 -0.00265856
28458 32618 32618 0
29848 32481 32553 0.00241222
29882 33408 33285 -0.00411619
28970 33009 32988 -0.000724888
29536 33883 33760 -0.00416441
29716 32308 32077 -0.00777359
28446 32279 32311 0.00112494
28428 32312 32070 -0.00851273
27745 32187 31998 -0.00681204
28615 32714 32576 -0.00482265
28154 31296 31427 0.00465298
28952 32246 32289 0.00148522
29003 32151 32144 -0.000241354
29199 32395 32726 0.011336
29270 32821 32817 -0.000136659
28928 32021 32152 0.00452848
27787 32515 32522 0.000251916
29474 32542 32566 0.000814277
28402 31655 31308 -0.0122174
29982 32960 32939 -0.00070042
28173 31362 31355 -0.000248465
29999 33285 33285 0
29612 32723 32547 -0.00594354
29263 33411 33458 0.00160612
29329 32620 32622 6.81919e-05
29452 32484 32549 0.00220698
29327 32979 32795 -0.00627408
28458 31871 31835 -0.00126502
28535 32457 32508 0.00178728
28317 32310 32245 -0.00229544
29819 32546 32785 0.00801502
28164 32403 32522 0.00422525
28735 32419 32086 -0.0115887
27507 31538 31584 0.0016723
29029 31815 31949 0.00461607
28595 32257 32493 0.00825319
28693 32720 32698 -0.000766738
29008 32729 32544 -0.00637755
28018 33915 33914 -3.56913e-05
29165 32320 32353 0.00113149
29314 32860 32860 0
30582 33741 33737 -0.000130796
28276 33410 33436 0.000919508
28901 32943 32917 -0.000899623
29282 32769 32764 -0.000170753
28156 31516 31591 0.00266373
29696 32749 32651 -0.00330011
29481 32604 32718 0.0038669
28691 32390 32253 -0.00477502
30359 33400 33400 0
28930 33070 33070 0
28579 31678 31653 -0.000874768
28204 31727 31712 -0.000531839
29443 32681 32691 0.000339639
29312 32107 32059 -0.00163755
28901 32448 32416 -0.00110723
27360 31956 31990 0.00124269
28616 32257 32295 0.00132793
28351 32037 31942 -0.00335085
27698 31913 31833 -0.0028883
28448 32582 32651 0.00242548
29173 32571 32562 -0.000308504
28647 32078 32270 0.00670227
28551 31958 31958 0
28546 32754 32711 -0.00150634
29650 32465 32561 0.00323777
29040 32897 32944 0.00161846
29370 32470 32470 0
28855 32179 32163 -0.000554497
28641 32203 32193 -0.00034915
29008 32089 32156 0.00230971
28438 32386 32392 0.000210985
28460 31987 32009 0.000773015
29343 33583 33595 0.000408956
29006 32470 32570 0.00344756
29777 33404 33205 -0.00668301
28877 32493 32338 -0.00536759
28803 33555 33626 0.00246502
29597 32281 32264 -0.000574383
28447 31803 31724 -0.00277709
28965 32992 32884 -0.00372864
29299 31971 31960 -0.000375439
28468 31879 31769 -0.00386399
30507 33442 33425 -0.000557249
29590 33047 32911 -0.00459615
29165 31873 31910 0.00126864
28664 32770 32846 0.00265141
28187 32226 31838 -0.0137652
28894 32137 32318 0.00626428
28353 32590 32581 -0.000317427
27837 32632 32598 -0.0012214
30201 32989 32989 0
27659 32223 31937 -0.0103402
28009 33459 33456 -0.000107108
28963 33373 33321 -0.00179539
30291 33995 34042 0.00155162
29239 32337 32349 0.000410411
28999 32221 31981 -0.00827615
30195 33094 33094 0
29087 32787 32805 0.000618833
28957 32826 32786 -0.00138136
28936 32698 32499 -0.00687725
28789 32341 32222 -0.00413352
29816 32264 32383 0.00399115
29039 33107 33107 0
29757 32388 32266 -0.00409988
29505 32792 32608 -0.00623623
28370 32243 32242 -3.52485e-05
29164 32971 32949 -0.000754355
29158 32395 32449 0.00185198
28115 32746 32771 0.000889205
29101 32983 32964 -0.000652899
29195 32154 32397 0.00832334
29544 33262 33210 -0.00176009
27763 32317 32203 -0.00410618
28426 32269 32250 -0.000668402
28865 32846 32750 -0.00332583
28833 31814 32083 0.00932959
28971 32528 32546 0.000621311
28810 32501 32424 -0.00267268
29044 32842 32603 -0.00822889
29030 32411 32386 -0.000861178
28245 32412 32333 -0.00279696
28883 33032 32973 -0.00204272
29017 33181 32946 -0.0080987
27839 31739 31709 -0.00107762
29759 32474 32535 0.0020498
28446 32526 32470 -0.00196864
28632 33119 32949 -0.00593741
29188 32529 32238 -0.00996985
28886 32034 32116 0.00283875
28417 32615 32590 -0.000879755
29067 32772 32746 -0.000894485
29090 33180 33244 0.00220007
28114 32364 32364 0
29330 32001 31843 -0.00538698
29759 32798 32664 -0.00450284
29238 32320 32391 0.00242835
28895 32905 32934 0.00100363
28069 31828 31943 0.00409705
27540 32021 32191 0.00617284
28700 32805 32805 0
28255 32479 32379 -0.0035392
28145 32333 32212 -0.00429917
28442 32243 32564 0.0112861
29375 33173 33030 -0.00486809
29670 33419 33442 0.000775194
28925 33099 33213 0.00394123
29580 32853 32958 0.0035497
28801 32437 32478 0.00142356
29856 33806 33771 -0.00117229
29560 32588 32528 -0.00202977
28439 32245 31896 -0.0122719
28504 33016 32893 -0.00431518
28385 33001 32912 -0.00313546
28707 31844 31638 -0.00717595
28460 32541 32484 -0.00200281
29230 32904 32789 -0.00393431
29361 33148 33100 -0.00163482
28331 32015 31955 -0.00211782
29327 32621 32706 0.00289835
29240 32947 33293 0.0118331
28440 32254 31940 -0.0110408
27878 32674 32585 -0.00319248
29411 32722 32536 -0.00632416
29019 32666 32684 0.000620283
27832 31600 31613 0.000467088
29316 33633 33498 -0.00460499
30032 32924 32960 0.00119872
29698 33801 33568 -0.00784565
27673 32100 32192 0.00332454
28707 31994 32115 0.004215
29623 33531 33489 -0.00141782
28144 32193 32172 -0.000746163
29041 31980 31980 0
28334 33280 33193 -0.00307052
29256 32919 32879 -0.00136724
27750 32869 32775 -0.00338739
30263 33398 33304 -0.0031061
28871 32843 32991 0.00512625
28822 32904 32824 -0.00277566
28643 31546 31450 -0.0033516
29110 32526 32546 0.000687049
28259 32850 32844 -0.000212322
29954 33080 33174 0.00313815
29606 32499 32356 -0.0048301
29048 31835 31852 0.000585238
29470 33357 33499 0.00481846
28519 32353 32353 0
28927 32348 32372 0.000829675
29957 33828 33744 -0.00280402
29527 33570 33664 0.00318353
29231 32741 32730 -0.000376313
29165 32593 32454 -0.00476599
29568 32857 32602 -0.00862419
28796 32129 32228 0.00343798
29462 32138 32248 0.00373362
29120 32379 32078 -0.0103365
27917 31310 31264 -0.00164774
27995 32088 32049 -0.00139311
29557 32934 32817 -0.00395845
28816 32788 32641 -0.00510133
29713 33275 33119 -0.00525023
28840 33064 32586 -0.0165742
30473 33382 33025 -0.0117153
27808 32939 32907 -0.00115075
28614 32870 32937 0.00234151
30160 32723 33075 0.0116711
28804 33074 33067 -0.000243022
30252 33260 33187 -0.00241306
28558 32616 32365 -0.00878913
29484 33156 33207 0.00172975
29534 32711 32734 0.000778763
29221 32230 32152 -0.00266931
29339 33301 33287 -0.000477181
30266 33509 33600 0.00300667
28338 32637 32626 -0.000388171
28992 32375 32355 -0.000689845
28343 32787 32809 0.000776206
28535 32354 32083 -0.00949711
30115 33479 33410 -0.00229122
28193 32001 32003 7.09396e-05
29097 33159 32953 -0.00707977
28901 32582 32752 0.00588215
28298 32337 32328 -0.000318044
28007 32658 32771 0.00403471
29036 31970 31970 0
28902 32586 32526 -0.00207598
28623 32330 32269 -0.00213115
28282 32480 32355 -0.00441977
28833 32837 32749 -0.00305206
28359 32241 32049 -0.00677034
29041 32761 32681 -0.00275473
27767 32237 32237 0
28641 32967 32854 -0.00394539
29097 32351 32489 0.00474276
28864 32326 32371 0.00155904
29420 32156 32125 -0.0010537
28410 32606 32583 -0.000809574
28344 32475 32443 -0.00112899
28884 32080 31985 -0.00328902
28490 32921 32940 0.000666901
29667 33793 33743 -0.00168537
29465 33058 33101 0.00145936
28516 32563 32422 -0.00494459
29383 33252 33182 -0.00238233
28643 32993 33097 0.0036309
27606 32544 32528 -0.000579584
29777 33112 33187 0.00251872
28728 32906 32863 -0.0014968
28728 32001 31941 -0.00208855
28888 33033 33033 0
29527 32806 33158 0.0119213
28841 32981 33059 0.00270448
29275 32839 32851 0.000409906
29910 32179 32466 0.00959545
29231 32769 32744 -0.000855256
29503 32969 32764 -0.00694845
28619 32346 32345 -3.49418e-05
29466 33041 33144 0.00349555
28255 31847 31832 -0.000530879
28968 32264 32299 0.00120823
28572 32499 32475 -0.000839983
29853 33296 33110 -0.00623053
29521 32347 32388 0.00138884
30091 33601 33469 -0.00438669
28055 32938 32940 7.12885e-05
27971 31418 31492 0.0026456
29833 33091 33190 0.00331847
28273 31804 31876 0.0025466
28257 32370 32540 0.00601621
28614 32042 31857 -0.00646537
