64095 72113 71196 -0.0143069
63359 69805 69892 0.00137313
66381 73036 73347 0.00468508
62108 72343 71794 -0.00883944
64594 72133 72850 0.0111001
62924 72061 72018 -0.000683364
66324 74907 74842 -0.000980037
62665 73736 73702 -0.000542568
64388 71630 71929 0.00464372
63023 70464 69883 -0.00921886
64915 72693 72488 -0.00315798
63451 72083 72083 0
63724 71548 71499 -0.000768941
64656 73556 73242 -0.00485647
64764 72171 72885 0.0110246
63694 72679 72628 -0.000800703
66872 74734 74548 -0.00278143
64318 73811 72693 -0.0173824
63120 70427 70585 0.00250317
63712 72266 72100 -0.00260547
66164 72482 72266 -0.00326462
64995 73065 73070 7.6929e-05
63689 70391 70389 -3.14026e-05
65656 73202 73056 -0.00222371
64902 71617 72032 0.00639426
65603 73618 73486 -0.0020121
65496 72761 72755 -9.16086e-05
66011 72784 72978 0.0029389
64896 72854 72951 0.0014947
63937 71941 71404 -0.00839889
65586 73832 73579 -0.00385753
63271 70646 70826 0.00284491
66033 72909 73210 0.00455833
64190 70067 69830 -0.00369216
63502 71792 71706 -0.00135429
63530 71342 71635 0.00461199
63036 71858 71821 -0.000586966
66415 72897 73572 0.0101634
63275 72026 71821 -0.00323983
64275 71921 72036 0.00178919
67496 75029 75191 0.00240014
65620 71879 71584 -0.00449558
67610 73114 73125 0.000162698
64914 73387 73387 0
63097 71058 71598 0.00855825
67734 74900 74779 -0.0017864
65099 72593 72504 -0.00136715
66101 73166 73598 0.00653545
67874 73370 73343 -0.000397796
63982 70853 71286 0.00676753
63535 71710 71531 -0.00281734
64316 72238 72023 -0.00334287
62897 70843 70971 0.00203507
65101 72097 72077 -0.000307215
64830 72749 72959 0.00323924
66589 72351 72336 -0.000225262
64565 72314 72322 0.000123906
67761 74544 74256 -0.00425023
63634 72153 72300 0.00231009
64676 72414 72261 -0.00236564
64517 71461 71653 0.00297596
64024 70876 70825 -0.000796576
65129 72642 72642 0
65790 72384 71789 -0.00904393
63864 72033 72179 0.00228611
66058 72962 73218 0.00387538
63406 73190 73164 -0.000410056
64189 71906 72087 0.0028198
62563 70165 70646 0.00768825
64698 72913 72779 -0.00207116
63317 72047 72289 0.00382204
63769 71296 71343 0.000737035
63562 72032 72662 0.00991158
64064 72916 72880 -0.000561938
63109 71670 71435 -0.00372372
63800 71508 71529 0.000329154
61837 72015 72015 0
64369 73142 73142 0
67620 74268 74020 -0.00366755
64893 73569 73832 0.00405283
62589 70027 70158 0.00209302
65087 71381 72028 0.00994054
66690 71045 71045 0
63303 70957 71138 0.00285926
64305 73016 73028 0.000186611
64308 72579 72827 0.00385644
62416 70915 71008 0.00149
66205 74609 74791 0.00274904
65290 73974 73974 0
65101 73001 73461 0.00706594
65478 75241 75257 0.000244357
64200 71562 71470 -0.00143302
63595 73392 73288 -0.00163535
65722 71870 71814 -0.000852074
64435 72750 72846 0.00148987
63913 71367 71400 0.000516327
64865 71233 71784 0.00849457
66091 73280 73122 -0.00239064
64593 72692 72965 0.00422646
64315 70207 70064 -0.00222343
64915 72382 72046 -0.005176
65585 72860 72625 -0.00358314
67268 73236 72973 -0.00390973
65312 72308 72424 0.00177609
63523 72009 71932 -0.00121216
67451 74480 74227 -0.00375087
64295 71389 71301 -0.00136869
66056 72584 72638 0.000817488
62834 71688 71811 0.00195754
65084 72276 71908 -0.00565423
66969 72772 72678 -0.00140363
62434 70133 70150 0.000272288
65151 74712 74731 0.00029163
62604 71520 71902 0.00610185
62657 71750 71755 7.97995e-05
61341 70534 70341 -0.00314635
65349 71568 71068 -0.00765123
64435 73135 72648 -0.007558
66802 73099 73550 0.00675129
65682 71108 71256 0.00225328
65382 72726 72645 -0.00123887
63307 72058 71398 -0.0104254
65772 72933 73125 0.00291918
63498 70923 71048 0.00196857
62943 72852 72597 -0.00405128
66382 71702 71707 7.53216e-05
62127 71006 70716 -0.00466786
63630 72541 72387 -0.00242024
66357 72592 72586 -9.042e-05
66286 73716 73526 -0.00286637
66457 73036 73150 0.00171539
67172 72484 73043 0.00832192
65260 71287 71674 0.00593013
64516 72341 72449 0.001674
64040 73530 73533 4.68457e-05
64649 71758 71887 0.00199539
65812 73897 73817 -0.00121558
64441 73064 73527 0.00718487
63131 71884 71819 -0.00102961
66349 72946 72375 -0.00860601
63859 71494 71721 0.00355471
63068 70825 70006 -0.012986
59769 69565 69565 0
64489 71434 71215 -0.00339593
63198 71503 71024 -0.00757935
63720 73615 73765 0.00235405
64568 73125 73109 -0.000247801
59939 69745 69803 0.00096765
63092 73623 73121 -0.00795663
63976 70086 70243 0.00245405
62970 71495 71536 0.000651104
63062 71400 71622 0.00352035
64219 71994 71869 -0.00194646
64000 69894 69854 -0.000625
63346 71560 71656 0.00151549
65925 72076 71999 -0.00116799
63873 70196 70496 0.00469682
64531 71940 71892 -0.000743829
65344 72890 72386 -0.00771303
64344 70350 70561 0.00327925
64145 71973 71962 -0.000171486
65568 73455 73455 0
63366 72727 72674 -0.000836411
64911 72893 73249 0.00548443
62905 72888 72914 0.000413322
66892 73332 73694 0.00541171
62248 72501 72412 -0.00142976
64526 73833 73495 -0.0052382
65161 72615 72511 -0.00159605
63432 72679 72504 -0.00275886
62388 71425 71171 -0.0040713
66206 73525 73523 -3.02087e-05
62558 71302 71355 0.000847214
63647 70408 70423 0.000235675
66057 73126 72875 -0.00379975
65922 72920 72453 -0.00708413
66032 72557 72551 -9.0865e-05
65756 71243 70896 -0.00527708
64137 71820 71574 -0.00383554
64793 72463 72463 0
65515 74356 74386 0.00045791
65436 72117 72341 0.00342319
65753 72370 72225 -0.00220522
64222 72353 72476 0.00191523
65669 74800 74507 -0.00446177
64538 74652 74001 -0.0100871
62877 71093 71151 0.000922436
62237 69589 68827 -0.0122435
63919 71361 71398 0.000578858
66857 73822 73769 -0.000792737
64617 73180 73184 6.19032e-05
66148 72003 72003 0
65228 71695 71384 -0.00476789
66039 74441 74477 0.000545132
64286 73273 72645 -0.00976885
64562 71810 71587 -0.00345404
64239 72160 72113 -0.000731643
62731 69614 69585 -0.000462291
63625 70346 70375 0.000455796
63318 71405 70848 -0.00879687
64891 73787 73467 -0.00493135
64807 72680 72696 0.000246887
65097 72586 72651 0.00099851
63439 72454 72462 0.000126105
65190 73154 73243 0.00136524
63613 71375 71597 0.00348985
65285 72527 72289 -0.00364555
64013 72592 71753 -0.0131067
61857 70133 70111 -0.000355659
64577 71092 70666 -0.00659678
63943 69189 69136 -0.000828863
65248 74577 74623 0.000705002
64048 71595 72128 0.00832188
65778 74186 74530 0.00522971
65156 73473 73483 0.000153478
62332 71319 70493 -0.0132516
63287 72951 72476 -0.00750549
63907 71399 70887 -0.00801164
66221 72525 72510 -0.000226514
65614 72794 72553 -0.003673
65978 72698 72900 0.00306163
63018 70734 70917 0.00290393
64994 75202 75192 -0.00015386
60800 69152 68656 -0.00815789
63753 73143 73248 0.00164698
63678 73018 72806 -0.00332925
62365 71317 71277 -0.000641385
64419 71051 70830 -0.00343066
64031 72429 71977 -0.00705908
63949 72531 72497 -0.000531674
64464 72909 72551 -0.00555349
65099 73177 73006 -0.00262677
65882 74331 73977 -0.00537324
64055 70466 70585 0.00185778
64546 72208 72002 -0.00319152
61712 70832 70832 0
64413 71907 72044 0.0021269
65119 72859 72803 -0.000859964
64508 72312 72292 -0.000310039
66070 73357 73488 0.00198275
64785 71308 70862 -0.00688431
65544 73506 73397 -0.00166301
63588 71113 71199 0.00135246
64132 71337 71397 0.00093557
65811 74476 74476 0
64738 73604 73510 -0.00145201
62951 70292 70912 0.00984893
62101 70505 70121 -0.00618348
63401 72377 72377 0
63720 71900 71918 0.000282486
63713 71538 71488 -0.000784769
64742 72984 72925 -0.00091131
64689 72399 71990 -0.00632256
62150 70682 70985 0.0048753
63990 70150 70247 0.00151586
67789 73398 73398 0
64651 74366 74308 -0.000897125
65045 73111 72485 -0.00962411
63028 72254 72120 -0.00212604
64185 72028 71994 -0.000529719
64846 73311 73304 -0.000107948
63753 73117 73399 0.00442332
65915 72199 72199 0
63668 70282 70246 -0.000565433
65295 74442 74230 -0.0032468
60816 71170 71176 9.86582e-05
63458 71480 71483 4.72754e-05
62746 70254 70505 0.00400025
63655 71142 71509 0.00576545
63535 69381 69471 0.00141654
66224 72525 72264 -0.00394117
63597 70667 70865 0.00311335
64258 70273 70381 0.00168072
64164 72737 72957 0.00342871
66982 74227 74393 0.00247828
65109 73168 72370 -0.0122564
65538 72684 72720 0.0005493
61114 70580 70031 -0.00898321
64569 73124 73226 0.00157971
63789 71634 71834 0.00313534
65959 72185 71871 -0.00476053
62402 70792 70853 0.000977533
65007 71977 71551 -0.00655314
65418 71385 71795 0.00626739
63478 70932 70733 -0.00313494
63751 72750 72773 0.000360779
63343 70464 70505 0.00064727
66611 73510 73974 0.00696582
66059 72288 72485 0.00298218
64252 70864 71144 0.00435784
65284 73255 73177 -0.00119478
64365 72372 72372 0
62824 70623 70623 0
64391 72028 72199 0.00265565
63850 72623 72639 0.000250587
64584 72899 73293 0.00610058
65842 74568 74425 -0.00217187
61734 71138 71221 0.00134448
63673 73630 73537 -0.00146059
68206 74816 75088 0.00398792
62848 70218 70218 0
66468 73509 73458 -0.000767287
65431 72294 72380 0.00131436
64086 73274 73135 -0.00216896
62023 70159 70104 -0.000886768
63134 72882 72882 0
66757 73533 73533 0
64864 71579 71801 0.00342255
64833 71334 70773 -0.008653
62474 70451 70301 -0.002401
65078 73545 73535 -0.000153662
64782 71832 71852 0.000308728
64535 71271 70693 -0.00895638
64077 72402 72549 0.00229411
64283 71576 71191 -0.00598914
64743 72218 72095 -0.00189982
65074 72243 72122 -0.00185942
63712 70945 70765 -0.00282521
62195 72112 72112 0
64466 70697 70653 -0.00068253
63540 69762 69072 -0.0108593
62171 69977 69776 -0.00323302
64791 74019 73605 -0.00638978
63988 72603 72297 -0.00478215
64705 72798 72798 0
65432 70765 70509 -0.00391246
64642 71319 71114 -0.00317131
61572 71149 70809 -0.00552199
64333 70359 70649 0.0045078
64658 71483 71638 0.00239723
63696 72062 71657 -0.00635833
63567 71639 71659 0.000314629
62230 72046 72013 -0.000530291
65550 73558 73230 -0.00500381
62053 71275 71153 -0.00196606
65574 72972 72787 -0.00282124
62943 71189 71329 0.00222423
63945 74580 74580 0
63098 72147 72248 0.00160068
66253 74071 74087 0.000241498
63542 71661 71344 -0.00498883
64869 71078 71059 -0.000292898
64547 72224 72256 0.000495763
62476 72025 71742 -0.00452974
63858 71493 71318 -0.00274046
66598 73650 73632 -0.000270278
66652 73343 73163 -0.00270059
66177 72435 72008 -0.00645239
63192 70835 70716 -0.00188315
65277 72494 72047 -0.00684774
64489 72332 72239 -0.00144211
65044 72446 72137 -0.00475063
63537 71364 70963 -0.00631128
64177 71688 71369 -0.00497063
64489 72373 72234 -0.00215541
66390 73996 74015 0.000286188
63691 72014 72014 0
65725 73481 73705 0.00340814
61630 70093 70261 0.00272595
64814 72636 72587 -0.00075601
63685 71628 72253 0.00981393
65278 72409 71926 -0.00739912
65019 72910 73173 0.00404497
64589 72309 72109 -0.0030965
65952 73260 73296 0.000545852
65306 72510 72481 -0.000444063
62837 72265 71301 -0.0153413
64789 73005 72901 -0.00160521
63821 72222 72310 0.00137886
66690 73980 74054 0.00110961
66960 73748 73483 -0.00395759
62610 70984 71076 0.00146941
64646 71165 72462 0.0200631
67551 74531 73525 -0.0148925
66748 74881 75019 0.00206748
64733 72628 72766 0.00213183
67049 72868 72884 0.000238631
67337 72696 72627 -0.0010247
65447 72693 72752 0.000901493
63964 72981 72624 -0.00558126
65032 72036 72133 0.00149157
64970 71661 72056 0.00607973
65454 72410 72350 -0.000916674
65372 72053 72368 0.00481858
63209 71920 72027 0.0016928
62875 71137 71137 0
63102 72566 71967 -0.00949257
64009 72921 72388 -0.00832695
64240 72817 72624 -0.00300436
66755 75217 75449 0.0034754
63470 71106 71159 0.00083504
66511 72742 73600 0.0129001
64889 71811 71985 0.0026815
66581 74107 74090 -0.000255328
65788 74585 74598 0.000197604
64999 71392 71220 -0.00264619
65845 71906 71930 0.000364492
63675 71368 71121 -0.00387907
65325 72384 72388 6.12323e-05
63305 72072 72082 0.000157965
63390 70879 70953 0.00116738
62583 71460 71046 -0.00661521
63639 71029 70878 -0.00237276
64036 71712 71738 0.000406022
65567 72255 71943 -0.00475849
61874 69929 69862 -0.00108285
66094 71297 71321 0.000363119
64354 73642 73616 -0.000404015
66495 75020 74535 -0.00729378
63907 71889 71573 -0.00494469
64463 71156 71046 -0.00170641
63638 70781 70485 -0.00465131
64104 71402 71133 -0.00419631
62876 72055 71969 -0.00136777
65201 71528 70877 -0.00998451
63538 72443 72587 0.00226636
66305 74335 74378 0.000648518
64087 71210 71168 -0.000655359
63352 72667 72662 -7.89241e-05
64709 70508 70481 -0.000417253
64607 71799 71462 -0.00521615
64894 74461 74447 -0.000215736
66061 73019 73124 0.00158944
64378 71390 71408 0.000279599
64790 73546 73346 -0.0030869
64961 72112 72376 0.00406398
65188 73087 72993 -0.00144198
63663 72703 72897 0.0030473
66945 71873 72013 0.00209127
63699 71911 71755 -0.00244902
65379 71579 71121 -0.00700531
67217 73937 73472 -0.00691789
64285 73743 73694 -0.000762231
63343 69912 70370 0.00723048
64425 70648 70645 -4.65658e-05
63573 73187 72953 -0.00368081
61255 69720 70159 0.00716676
62140 71894 71948 0.000869005
65011 71139 70928 -0.0032456
63608 73135 73947 0.0127657
62917 71089 71014 -0.00119205
65749 70874 70224 -0.00988608
64157 71773 72213 0.00685818
64257 71729 71466 -0.00409294
62651 71202 71317 0.00183557
64626 72484 72369 -0.00177947
62768 72501 72606 0.00167283
64230 71904 71904 0
61797 70834 70376 -0.00741136
65570 73156 73234 0.00118957
65442 74569 74311 -0.00394242
64840 72496 72414 -0.00126465
64816 72110 71831 -0.00430449
62589 72736 72775 0.000623113
64445 72956 73475 0.00805338
65474 73869 73795 -0.00113022
66860 74069 73625 -0.00664074
64299 72811 72811 0
64265 72309 72428 0.00185171
65942 73660 73638 -0.000333627
63257 71266 71763 0.00785684
65397 72312 72340 0.000428154
64505 72680 72508 -0.00266646
64980 72702 72849 0.00226223
66618 74404 74404 0
66271 72970 74085 0.0168249
65809 73809 73657 -0.00230971
63498 71533 72087 0.00872468
63605 72555 72445 -0.00172942
66061 72855 72863 0.0001211
64702 73225 73325 0.00154555
63559 71423 71464 0.00064507
62473 70897 70538 -0.00574648
64502 72885 72604 -0.00435645
61730 70777 70472 -0.00494087
64152 72993 73294 0.00469198
64958 73033 72600 -0.00666585
64203 72005 71830 -0.00272573
65946 72657 72636 -0.000318442
65470 72416 72522 0.00161906
65073 73928 74126 0.00304274
62580 71608 71681 0.00116651
66807 73808 73812 5.9874e-05
63936 71525 71422 -0.00161099
64714 73196 72811 -0.00594925
65417 73981 74101 0.00183439
65030 71128 71105 -0.000353683
65981 74002 74002 0
61683 71147 71211 0.00103756
65075 72211 72127 -0.00129082
62192 71927 71985 0.000932596
62225 72728 72615 -0.00181599
63475 71544 71620 0.00119732
64848 73485 73408 -0.00118739
63428 71771 70995 -0.0122343
63011 70291 70423 0.00209487
64475 72773 72259 -0.00797208
64814 72394 72667 0.00421205
65299 71914 71994 0.00122513
65851 72642 72472 -0.00258159
64434 71389 71805 0.00645622
63755 72381 72382 1.5685e-05
65248 72736 72409 -0.00501165
61800 69956 70015 0.000954693
60988 70205 71091 0.0145274
63109 71302 71699 0.0062907
68028 74493 74458 -0.000514494
63228 72119 72060 -0.000933131
66661 73311 73204 -0.00160514
65821 74028 73852 -0.00267392
64873 70550 70576 0.000400783
65627 70405 70587 0.00277325
65896 72738 72152 -0.0088928
65901 71931 72084 0.00232166
64235 72000 72389 0.00605589
65589 73103 73091 -0.000182958
66511 72632 72777 0.00218009
65929 72418 72971 0.00838781
64373 73158 72854 -0.00472248
67704 72804 72881 0.0011373
63760 70301 70370 0.00108218
65189 72169 72075 -0.00144196
65317 72043 71746 -0.00454706
65492 72668 72314 -0.00540524
61602 69916 69939 0.000373365
62770 69283 69495 0.00337741
65247 71520 71249 -0.00415345
65630 72966 72957 -0.000137132
61000 71763 71938 0.00286885
67344 74160 74148 -0.00017819
65070 72296 72340 0.000676195
64776 73227 72765 -0.00713227
64314 73214 72975 -0.00371614
62338 70637 70308 -0.00527768
63281 70466 70416 -0.000790127
64640 73057 73093 0.000556931
65576 73308 73373 0.000991216
63819 71594 71594 0
62943 70839 70779 -0.000953243
64959 72797 72826 0.000446435
67806 74579 74605 0.000383447
62495 70281 70500 0.00350428
63754 70730 70512 -0.00341939
63939 71138 71028 -0.00172039
63155 70991 71670 0.0107513
65551 72321 71986 -0.00511052
64317 74147 74140 -0.000108836
65021 72129 72237 0.001661
65702 73736 73782 0.000700131
65142 73507 73409 -0.00150441
64603 72583 72139 -0.00687275
64386 72210 72045 -0.00256267
61588 72040 72142 0.00165617
63165 72449 72073 -0.00595266
62716 72438 72363 -0.00119587
63308 71842 72019 0.00279586
67003 74073 73923 -0.00223871
64725 72111 71821 -0.00448049
64663 70021 69845 -0.0027218
63952 72048 71944 -0.00162622
61651 70148 69864 -0.00460658
63937 72381 72273 -0.00168916
64908 74339 73792 -0.00842731
63616 72759 72410 -0.00548604
63842 74367 74424 0.000892829
62084 70703 69889 -0.0131113
62952 71379 71610 0.00366946
67582 73185 72649 -0.00793111
63981 72110 72181 0.0011097
63653 71793 71384 -0.00642546
64817 73775 73775 0
66512 73851 73699 -0.0022853
64562 71545 71560 0.000232335
65757 73423 73069 -0.00538346
63907 71014 71461 0.00699454
66715 74237 73952 -0.0042719
63059 72281 72366 0.00134794
61604 70777 70901 0.00201286
65589 72381 72415 0.00051838
64902 72984 72885 -0.00152538
62413 71143 71141 -3.20446e-05
64501 71295 70745 -0.008527
64054 74220 74251 0.000483967
64285 70335 70629 0.00457338
65149 73299 72766 -0.00818125
64762 71644 72155 0.00789043
60479 72665 72513 -0.00251327
61649 70482 70444 -0.000616393
62993 73367 73139 -0.00361945
61437 71963 71792 -0.00278334
67404 74604 74300 -0.00451012
64230 71139 71391 0.0039234
62147 70036 70046 0.000160909
62011 70130 70649 0.00836948
66826 75633 75255 -0.00565648
61497 70663 70472 -0.00310584
63306 71901 71518 -0.00604998
64680 73006 72948 -0.000896722
64752 71027 70816 -0.00325859
65936 72533 72518 -0.000227493
61026 69023 68969 -0.000884869
65111 71810 71937 0.00195052
63881 71875 71705 -0.0026612
64410 71837 71459 -0.00586865
63157 71675 71681 9.50013e-05
63781 72856 72313 -0.00851351
63563 73035 72982 -0.000833818
66455 72459 72233 -0.0034008
63014 71037 71108 0.00112673
65942 73502 73502 0
63420 71879 71839 -0.000630716
63939 72359 71861 -0.00778867
62814 71695 71225 -0.00748241
66383 71927 71867 -0.000903846
63847 72538 72538 0
66764 72703 72703 0
64012 72326 71998 -0.00512404
63817 71269 71201 -0.00106555
62660 70702 70961 0.00413342
66140 72355 72423 0.00102812
64228 72376 72335 -0.000638351
64157 71827 71621 -0.00321087
66171 72723 72350 -0.00563691
65478 71173 71406 0.00355845
63761 70080 70281 0.0031524
64276 70486 70878 0.0060987
63593 72197 72197 0
64631 71802 71917 0.00177933
64822 72716 72737 0.000323964
65416 73226 73037 -0.0028892
63470 73392 73176 -0.00340318
65493 73103 72509 -0.00906967
64347 73928 73775 -0.00237773
64773 73439 73296 -0.00220771
66708 73825 74088 0.00394256
64238 71923 72104 0.00281765
63320 71173 71177 6.31712e-05
64150 72319 72145 -0.00271239
64316 71513 72055 0.00842714
64616 71608 71746 0.00213569
62721 72280 72097 -0.00291768
62991 71668 71683 0.000238129
63177 70807 71012 0.00324485
65023 72648 72385 -0.00404472
65036 72368 71841 -0.0081032
65254 72036 72299 0.0040304
63153 71645 71595 -0.000791728
64090 74705 74677 -0.000436886
65756 74220 74265 0.000684348
65981 72587 72811 0.00339492
64810 72946 72718 -0.00351798
64132 71302 71060 -0.00377347
63287 72890 72727 -0.00257557
65893 72175 72087 -0.0013355
67319 74920 75760 0.0124779
63797 71296 71523 0.00355816
66335 74864 74608 -0.0038592
66535 73747 73791 0.000661306
65589 73167 73267 0.00152465
63710 70879 69654 -0.0192278
63253 72168 72152 -0.000252952
64048 72587 73034 0.00697914
63488 71647 71899 0.00396925
65776 72116 72035 -0.00123145
65472 72797 72207 -0.00901149
64124 71878 71878 0
63652 71779 71847 0.00106831
64352 70438 70109 -0.00511251
62651 70909 71144 0.00375094
63049 71872 71623 -0.00394931
63433 72288 72014 -0.00431952
64958 72896 72583 -0.0048185
63909 72855 72626 -0.00358322
67858 72356 73418 0.0156503
65748 74237 74665 0.0065097
66106 73276 73388 0.00169425
63981 73388 73470 0.00128163
62362 69883 69960 0.00123473
64939 71316 72073 0.0116571
67446 72906 72906 0
65035 73340 73110 -0.00353656
63255 72176 71106 -0.0169157
62340 69217 69336 0.00190889
65899 72354 72605 0.00380886
65207 71948 72558 0.00935482
64056 73803 73242 -0.00875796
65064 73869 73629 -0.00368868
62881 72009 72091 0.00130405
66095 72333 71907 -0.00644527
64923 74397 73985 -0.00634598
63402 71313 71340 0.000425854
65239 72570 72208 -0.00554883
65882 73650 73591 -0.000895541
64307 71889 71856 -0.000513163
64917 73349 73462 0.00174068
65725 74988 74671 -0.00482313
66149 73584 74018 0.00656095
63883 72740 72649 -0.00142448
64973 71080 70728 -0.00541764
62617 70085 69992 -0.00148522
64962 72342 73017 0.0103907
64675 72151 72222 0.0010978
64880 71915 72068 0.0023582
64421 72557 72210 -0.00538644
63714 72585 73096 0.00802022
65529 72193 72104 -0.00135818
66394 73309 73172 -0.00206344
63630 69681 69801 0.0018859
65204 71892 72614 0.0110729
64766 72054 71895 -0.00245499
63884 71330 71215 -0.00180014
66136 73845 73506 -0.0051258
65397 71560 71682 0.00186553
63848 72120 72150 0.000469866
62822 72644 72687 0.000684474
65617 72035 71876 -0.00242315
64421 73482 73382 -0.00155229
65650 74398 74337 -0.00092917
65756 72239 71979 -0.00395401
63441 72434 71768 -0.0104979
64093 74064 74025 -0.000608491
65034 71988 71659 -0.00505889
65216 73254 73410 0.00239205
66743 73840 73939 0.0014833
63560 69929 70274 0.00542794
63804 71528 71528 0
65909 75240 75186 -0.000819311
64673 72839 72740 -0.00153078
63965 72879 72689 -0.00297037
66394 72403 72403 0
65766 73056 73270 0.00325396
64186 72556 73036 0.00747827
65484 74400 74117 -0.00432167
65272 71038 71413 0.00574519
62743 71567 71416 -0.00240664
63669 71492 71310 -0.00285853
61739 71557 71476 -0.00131197
63558 72801 72745 -0.000881085
63067 70510 70772 0.00415431
63474 70838 71115 0.00436399
64820 71477 71477 0
64562 72214 72427 0.00329915
65065 72920 72673 -0.0037962
64588 71851 71857 9.28965e-05
61936 72028 71398 -0.0101718
64442 71939 71955 0.000248285
62860 70279 69945 -0.00531339
66910 73128 73216 0.0013152
62014 69779 69767 -0.000193505
66512 73054 73239 0.00278145
65578 71187 71153 -0.000518467
66184 73779 73773 -9.06564e-05
65048 72278 72174 -0.00159882
64827 71607 71723 0.00178938
64741 71983 71945 -0.000586954
62803 70569 70155 -0.00659204
62974 71497 71688 0.003033
63846 72476 71995 -0.00753375
66264 71788 72748 0.0144875
62791 72583 72256 -0.00520775
64354 71746 72028 0.00438201
61617 70675 70745 0.00113605
64444 70099 70182 0.00128794
63768 71727 71727 0
63742 72758 72730 -0.000439271
63943 72079 72009 -0.00109472
62583 74557 74460 -0.00154994
64664 70719 70641 -0.00120624
65186 72419 72044 -0.00575277
68168 74650 74220 -0.00630795
64171 74116 74330 0.00333484
63504 72788 72602 -0.00292895
65047 72938 72635 -0.00465817
63123 70427 70475 0.00076042
66179 72489 72635 0.00220614
65710 72368 72285 -0.00126313
63944 70910 70882 -0.000437883
66560 73120 73318 0.00297476
64552 72222 72004 -0.00337712
63150 69405 69493 0.00139351
62986 70056 70513 0.00725558
64573 71827 70850 -0.0151302
65016 72040 72217 0.00272241
64560 71720 71312 -0.0063197
61668 70750 71002 0.0040864
64328 72405 72534 0.00200535
62971 71297 71326 0.000460529
61459 71134 71121 -0.000211523
64534 72574 72245 -0.00509809
65390 71835 71386 -0.00686649
63828 71165 71428 0.00412045
62850 70593 70736 0.00227526
63324 72786 72757 -0.000457962
65944 72318 72202 -0.00175907
64350 73041 72952 -0.00138306
65274 72191 72266 0.001149
64396 71199 70998 -0.00312131
63693 71214 71379 0.00259055
64487 70921 70851 -0.00108549
63330 72070 71067 -0.0158377
64489 71667 71639 -0.000434183
65929 74705 74699 -9.1007e-05
64485 72627 72692 0.00100799
65284 73731 73799 0.0010416
64133 71499 71266 -0.00363308
63895 73725 73723 -3.13014e-05
65287 71962 71556 -0.0062187
64153 71414 71444 0.000467632
64350 72579 72354 -0.0034965
65649 70803 71522 0.0109522
63045 70619 70912 0.00464747
67689 73810 73810 0
66539 73295 72671 -0.00937796
64366 70996 71136 0.00217506
64133 73082 72982 -0.00155926
63160 71880 71920 0.000633312
64562 71718 71208 -0.00789938
63487 72236 72060 -0.00277222
61831 71991 71706 -0.00460934
67295 73254 73069 -0.00274909
61502 70980 70272 -0.0115118
62414 73958 73734 -0.00358894
63989 73206 73283 0.00120333
66720 74989 75007 0.000269784
65337 71920 71938 0.000275495
64275 70847 70470 -0.00586542
66542 72754 72832 0.00117219
64931 71962 71790 -0.00264897
64688 72567 72625 0.000896611
64617 72791 72706 -0.00131544
64005 70923 70496 -0.00667135
66562 72064 72028 -0.000540849
64261 73756 73728 -0.000435723
66461 71948 72010 0.000932878
65536 73156 73222 0.00100708
63808 71919 71643 -0.00432548
64774 72759 72800 0.00063297
64699 71610 71611 1.54562e-05
63453 72943 72864 -0.00124502
64805 73189 73308 0.00183628
65145 71475 71491 0.000245606
66047 73651 73380 -0.00410314
63171 72215 72277 0.000981463
62637 71687 71689 3.193e-05
65262 73269 73548 0.00427508
64868 71387 71310 -0.00118703
64109 71289 71020 -0.00419598
64625 72521 72220 -0.00465764
65688 73172 73052 -0.00182682
64946 72006 71864 -0.00218643
62589 71878 70852 -0.0163927
64600 72636 72636 0
64623 72622 72500 -0.00188787
61713 70974 70619 -0.00575243
65781 71506 71506 0
62718 72619 72619 0
63737 72989 72984 -7.84474e-05
65033 72615 72615 0
65087 71394 71517 0.00188978
63178 72387 72345 -0.000664788
64001 72102 71628 -0.00740613
64314 73368 72898 -0.0073079
62826 71445 71282 -0.00259447
66357 71542 71503 -0.00058773
64823 71219 71511 0.00450457
65549 71694 71516 -0.00271553
65611 72891 72861 -0.00045724
62799 70558 70806 0.00394911
61644 71318 71334 0.000259555
64196 73240 72827 -0.00643342
62185 71481 71175 -0.0049208
63078 73280 73280 0
63119 71129 71081 -0.000760468
65471 73077 73266 0.00288677
65856 73488 73557 0.00104774
64192 72863 72738 -0.00194728
65650 72470 72178 -0.00444783
64798 71504 71716 0.00327171
65441 73409 73598 0.0028881
65387 71994 72088 0.00143759
63174 71729 71650 -0.00125051
64155 73204 73261 0.000888473
63091 72512 72591 0.00125216
63793 70723 70407 -0.00495352
63731 72297 72007 -0.00455038
63974 72050 72036 -0.000218839
64409 73340 73307 -0.000512351
63165 70929 71174 0.00387873
66636 73547 73690 0.00214599
66222 74416 74450 0.000513425
63754 71105 70805 -0.00470559
62841 72713 71967 -0.0118712
65481 72969 72851 -0.00180205
64321 71280 71462 0.00282956
62118 70084 70198 0.00183522
65559 73735 74016 0.00428622
66508 72579 72178 -0.00602935
66077 74669 74605 -0.000968567
62091 71160 71302 0.00228697
64915 71942 71929 -0.000200262
65667 73926 73271 -0.00997457
62833 70935 71440 0.00803718
63915 70653 70871 0.00341078
63508 73816 73746 -0.00110222
65130 73091 72958 -0.00204207
62362 72935 72930 -8.0177e-05
66826 73773 73051 -0.0108042
63905 72586 73372 0.0122995
63626 72893 72726 -0.00262471
63463 69852 70330 0.00753195
65365 71601 70947 -0.0100054
63398 73144 72816 -0.00517366
66561 72744 72662 -0.00123195
66603 71965 72065 0.00150143
64664 71449 71185 -0.00408264
65147 73963 74008 0.000690746
63380 72051 71864 -0.00295046
64969 71575 71422 -0.00235497
66707 75476 75385 -0.00136417
65760 75059 74442 -0.0093826
63943 71321 71208 -0.0017672
65019 72018 72083 0.000999708
65931 72935 72952 0.000257845
64297 71225 71373 0.00230182
65221 71700 71401 -0.00458441
64536 71091 70912 -0.00277365
61823 69051 69131 0.00129402
63378 71498 71582 0.00132538
65140 71603 72654 0.0161345
64507 72605 72629 0.000372053
65368 73534 73526 -0.000122384
63735 73406 72940 -0.00731152
67398 73406 73367 -0.000578652
62052 72496 72337 -0.00256237
63367 72658 72963 0.00481323
66476 73374 73418 0.000661893
64692 73429 73069 -0.00556483
67403 74025 73941 -0.00124624
63591 72469 72073 -0.0062273
66767 74011 74022 0.000164752
65572 72435 72441 9.15025e-05
65211 70552 70730 0.0027296
65555 73563 73549 -0.000213561
67343 74403 74470 0.000994907
63797 73422 73068 -0.00554885
64941 72399 72180 -0.00337229
63017 72558 72429 -0.00204707
64179 71807 71705 -0.0015893
66749 73916 74000 0.00125845
62872 70505 70566 0.000970225
64029 72570 72436 -0.0020928
64690 72661 72935 0.00423559
63265 71048 71506 0.00723939
63061 72041 71494 -0.00867414
65315 71581 71504 -0.0011789
64231 71833 71868 0.000544908
64388 71554 71545 -0.000139778
62286 71373 71200 -0.00277751
64308 72670 72537 -0.00206817
62725 70890 70600 -0.00462336
65333 73250 73276 0.000397961
61252 71353 71311 -0.000685692
64056 73542 72904 -0.00996003
64217 71767 71754 -0.000202439
64154 71159 71004 -0.00241606
65682 71085 70929 -0.00237508
63033 71933 71583 -0.00555265
64409 72823 72715 -0.00167678
64414 71158 70979 -0.0027789
63576 72225 72045 -0.00283126
66019 74056 74082 0.000393826
65545 73470 73233 -0.00361584
63539 71600 71255 -0.00542974
66326 73353 73101 -0.00379942
64698 73561 73332 -0.00353952
61668 72431 72366 -0.00105403
66183 73552 73473 -0.00119366
64108 72772 72619 -0.0023866
64103 71460 71208 -0.00393117
64562 73624 72944 -0.0105325
66140 73411 73411 0
64426 73714 73955 0.00374073
65185 72453 72205 -0.00380456
65363 71855 71857 3.05984e-05
64777 72566 72507 -0.000910817
65364 72856 72592 -0.00403892
63774 72387 72352 -0.000548813
65439 72915 72794 -0.00184905
63713 71380 71504 0.00194623
64879 71453 71100 -0.0054409
63649 71668 71758 0.001414
66379 73244 73305 0.000918965
65188 71015 70968 -0.000720992
66464 74442 74442 0
62340 72993 73159 0.00266282
62534 69371 69522 0.00241469
65672 72274 72151 -0.00187294
63685 71845 71665 -0.00282641
63729 72179 72410 0.00362472
63827 70990 71099 0.00170774
