50264 56083 56136 0.00105443
49386 55438 55622 0.00372575
51306 57331 57165 -0.00323549
47932 57657 57614 -0.000897104
51110 57088 57091 5.86969e-05
49372 57371 57498 0.00257231
51704 58988 58681 -0.00593765
49688 57910 57880 -0.000603768
50326 56518 56518 0
49436 55964 56026 0.00125415
50813 55710 55661 -0.00096432
49344 56211 55929 -0.00571498
48130 55040 55115 0.00155828
50400 57398 57518 0.00238095
50257 57063 57220 0.00312394
48999 57012 57011 -2.04086e-05
50971 58427 58396 -0.000608189
49769 59260 59135 -0.0025116
49262 56135 56016 -0.00241566
49744 56975 56509 -0.00936796
51921 58415 58509 0.00181044
50405 56807 56772 -0.000694376
49828 55476 56148 0.0134864
50988 57048 57080 0.000627599
51151 56794 56873 0.00154445
49995 57565 57487 -0.00156016
51720 57567 57689 0.00235886
51913 58430 58203 -0.0043727
49053 55966 55851 -0.0023444
49694 56955 57298 0.00690224
50347 57985 57937 -0.000953384
49129 56091 55943 -0.00301248
51085 56949 57357 0.00798669
48762 55378 55361 -0.000348632
49762 56285 56249 -0.000723444
48725 56574 56556 -0.00036942
48907 56736 56805 0.00141084
52363 59107 58933 -0.00332296
50101 57509 57524 0.000299395
48598 56149 56000 -0.00306597
52242 59349 59077 -0.00520654
52111 57071 56728 -0.0065821
52735 57192 57167 -0.000474068
50872 56749 57087 0.00664413
48466 57167 57164 -6.18991e-05
53234 58450 58513 0.00118345
50845 57343 57129 -0.00420887
50940 57301 57183 -0.00231645
52318 57628 57453 -0.00334493
50203 56531 56734 0.00404358
49894 56162 56134 -0.00056119
49932 57512 57594 0.00164223
48355 56154 55809 -0.00713473
51167 57328 57168 -0.00312702
50453 57267 58001 0.0145482
51558 57495 57673 0.00345242
50197 56868 56544 -0.00645457
52523 57816 58155 0.00645432
49427 56461 56053 -0.0082546
49512 57291 56772 -0.0104823
50846 56327 56379 0.0010227
49631 55681 55916 0.00473494
51591 57959 57684 -0.00533039
51187 58065 57994 -0.00138707
48539 55490 55522 0.000659264
51055 56480 56435 -0.000881402
49504 57177 57258 0.00163623
49155 56653 56725 0.00146475
48397 56492 56492 0
49542 56716 56746 0.000605547
49762 57259 56851 -0.00819903
49435 56555 56347 -0.00420755
50176 57452 57445 -0.000139509
49569 56894 56516 -0.00762573
47970 55496 55760 0.00550344
48489 55939 55533 -0.00837303
47583 56462 56148 -0.006599
50584 56831 56941 0.0021746
53324 58857 58902 0.000843898
51133 57848 57969 0.00236638
48760 54972 54957 -0.000307629
51674 56883 56889 0.000116113
51358 55643 55281 -0.00704856
49892 56654 56561 -0.00186403
49964 57194 57319 0.0025018
49787 56824 56770 -0.00108462
48039 55644 55427 -0.00451716
50571 59015 59013 -3.95484e-05
51875 59369 59434 0.00125301
50932 58382 57879 -0.00987591
51013 59192 59566 0.00733146
51057 57099 57410 0.00609123
49351 57561 57497 -0.00129683
50755 56124 56513 0.00766427
49707 58003 57503 -0.0100589
49300 56288 56003 -0.00578093
50248 55700 55905 0.00407976
50800 57328 57056 -0.00535433
50719 56952 57022 0.00138015
51343 55798 55924 0.00245408
51189 57425 57419 -0.000117213
50934 57525 57116 -0.00803
52251 57761 57753 -0.000153107
50973 57717 57916 0.00390403
49614 56882 56982 0.00201556
52369 58817 58817 0
49302 55710 55546 -0.00332644
51303 56637 56459 -0.00346958
48788 56635 56623 -0.000245962
51273 58806 58621 -0.00360814
52404 57715 57794 0.00150752
48604 56380 56320 -0.00123447
49541 58355 58347 -0.000161482
47932 56744 56744 0
48013 55328 55137 -0.00397809
47895 55475 55414 -0.00127362
50520 55773 55660 -0.00223674
49895 57066 57148 0.00164345
52339 58383 58181 -0.00385945
50835 56085 56344 0.00509491
51335 57000 57400 0.00779195
50097 56517 56700 0.00365291
51384 58104 57988 -0.00225751
49596 55989 55926 -0.00127026
49859 57853 57826 -0.000541527
52732 57582 58035 0.00859061
48171 56004 56216 0.00440099
50389 57737 57853 0.00230209
50528 57193 57052 -0.00279053
50972 57540 57703 0.00319783
52274 57918 57884 -0.000650419
53003 56470 56450 -0.000377337
51109 56704 57020 0.00618286
51489 57835 57835 0
50354 58375 58375 0
50341 57395 57413 0.000357561
51922 58534 58418 -0.00223412
49703 57833 57574 -0.00521095
49610 56172 56084 -0.00177384
51163 58418 58330 -0.00171999
49444 55699 55397 -0.00610792
49885 56152 55520 -0.0126691
46389 54478 54478 0
50190 56078 56101 0.000458259
48697 56816 56759 -0.0011705
49423 57987 57855 -0.00267082
50289 57295 57412 0.00232655
48076 54685 54832 0.00305766
49610 59026 58906 -0.00241887
49861 55694 55348 -0.00693929
49269 55923 56094 0.00347074
49262 56148 55935 -0.00432382
50112 56465 56833 0.00734355
49469 55300 55458 0.00319392
49561 56108 56263 0.00312746
51709 56917 57128 0.00408053
49065 54741 55292 0.01123
50733 56712 56290 -0.00831806
50642 56671 56447 -0.00442321
49227 55103 55192 0.00180795
50993 57448 57516 0.00133352
51630 57953 57907 -0.000890955
50463 57449 57485 0.000713394
50614 57834 58175 0.00673727
47360 56249 56174 -0.00158361
51129 57697 57972 0.00537855
48330 56711 56712 2.06911e-05
49351 57817 57855 0.000769995
50223 56261 56191 -0.00139378
49444 57321 57087 -0.00473263
49078 56434 56402 -0.000652023
50668 57443 57355 -0.0017368
47943 56443 56289 -0.00321215
49713 56548 56348 -0.00402309
51543 58516 58657 0.00273558
52080 57882 57527 -0.00681644
51517 57321 57253 -0.00131995
51710 56198 56318 0.00232063
49440 56551 56714 0.00329693
50188 57822 57870 0.000956404
51589 58792 58709 -0.00160887
50501 57202 56870 -0.00657413
51676 57104 57640 0.0103723
49941 56965 57110 0.00290343
51730 59258 59021 -0.00458148
49782 58072 58117 0.000903941
48112 55574 55478 -0.00199534
48174 55279 55067 -0.00440071
49986 56428 56382 -0.000920258
51637 58153 58233 0.00154928
50396 56905 56750 -0.00307564
52372 57706 57758 0.000992897
51084 56269 56080 -0.00369979
51793 58781 58942 0.00310853
49850 57023 56981 -0.000842528
49931 56427 56102 -0.00650898
49112 56613 56449 -0.00333931
48685 54889 55009 0.00246482
48961 55595 55589 -0.000122547
49719 56617 56955 0.00679821
51008 59297 58723 -0.0112531
50278 56946 57249 0.00602649
50787 57172 56933 -0.00470593
49413 57108 57241 0.0026916
50992 57259 56464 -0.0155907
48041 54328 54240 -0.00183177
50710 57142 57259 0.00230724
49703 56469 56308 -0.00323924
48231 56239 55701 -0.0111547
51440 56752 56881 0.00250778
48592 53731 53620 -0.00228433
50761 59317 59635 0.00626465
49943 57489 57547 0.00116132
51726 58216 58518 0.00583846
50585 57385 57342 -0.000850054
48224 56026 56233 0.00429247
48385 56267 56262 -0.000103338
50660 56880 57319 0.00866561
51209 56776 56938 0.00316351
50632 57616 57744 0.00252805
52178 57831 58154 0.00619035
49034 56000 56157 0.00320186
50779 59666 59190 -0.00937395
47000 53903 53920 0.000361702
50191 58184 57851 -0.00663466
50217 57164 57124 -0.000796543
48231 56148 56319 0.00354544
49975 56156 56022 -0.00268134
48919 56316 56249 -0.00136961
50711 57749 57612 -0.00270158
49923 57258 57696 0.00877351
49932 57207 56802 -0.00811103
52172 58437 58455 0.000345013
49765 56395 56487 0.00184869
50932 57225 57065 -0.00314144
47991 55945 56008 0.00131275
52063 58061 58051 -0.000192075
50181 57005 56852 -0.00304896
49916 57351 57305 -0.000921548
51292 57392 57567 0.00341184
50767 56852 56567 -0.00561388
51043 57443 57246 -0.00385949
49350 55348 55629 0.00569402
50795 56935 56935 0
50952 58277 57901 -0.00737949
51287 58681 58140 -0.0105485
50130 56195 56075 -0.00239378
48552 55950 55479 -0.00970094
48087 56064 55925 -0.00289059
47943 55112 55175 0.00131406
50347 56354 56686 0.00659424
48854 56423 56702 0.00571089
50308 57533 56942 -0.0117476
47906 55524 55277 -0.00515593
50383 55586 55638 0.00103209
52216 56759 56924 0.00315995
50065 57800 57496 -0.00607211
50829 57237 57238 1.96738e-05
48929 56596 56686 0.0018394
49516 56568 56366 -0.00407949
50647 57064 57151 0.00171777
49144 56747 56567 -0.00366271
51256 57336 57336 0
49133 55219 55225 0.000122118
50086 58188 58156 -0.000638901
46535 56104 55827 -0.00595251
48644 56165 56522 0.00733903
49888 56284 56312 0.000561257
49619 57255 56827 -0.00862573
49949 55198 55409 0.00422431
51191 57695 57333 -0.00707156
49379 56452 56748 0.00599445
49769 55644 55798 0.0030943
49738 57578 57578 0
52812 59115 59039 -0.00143907
50558 57601 57799 0.00391629
51541 57948 57981 0.000640267
47661 55417 55643 0.00474182
50851 58138 58025 -0.00222218
49718 56966 56985 0.000382155
50903 56922 56846 -0.00149304
48340 55939 55446 -0.0101986
49293 54724 54471 -0.00513257
50957 56680 56665 -0.000294366
48735 55880 55786 -0.0019288
49458 56953 56800 -0.00309353
48982 55595 55494 -0.00206198
51865 58740 58497 -0.00468524
50865 56669 56996 0.00642878
50428 57268 57131 -0.00271674
49857 57490 57348 -0.00284815
50426 57208 57284 0.00150716
48475 55450 55337 -0.0023311
50379 56560 56529 -0.000615336
49468 57324 57401 0.00155656
49653 57440 57482 0.00084587
51807 58866 58989 0.0023742
48108 56786 56661 -0.00259832
49518 58194 57963 -0.00466497
51975 57800 58065 0.00509861
48704 55435 55347 -0.00180683
51701 57562 57514 -0.000928415
51313 57613 57540 -0.00142264
50139 58087 58053 -0.000678115
48375 55551 55856 0.00630491
49532 57098 57228 0.00262457
51734 57441 57241 -0.00386593
50667 56329 56433 0.00205262
51035 56582 56453 -0.00252768
49143 55940 55943 6.10463e-05
50572 57849 57890 0.000810725
50033 56127 56106 -0.000419723
49850 56230 56374 0.00288867
50237 56597 56300 -0.00591198
50795 56685 56682 -5.90609e-05
51578 58148 58008 -0.00271434
49837 57112 57232 0.00240785
49606 55574 55463 -0.00223763
48782 56513 56702 0.00387438
49075 56062 55973 -0.00181355
49603 55036 55166 0.00262081
48713 54454 53964 -0.0100589
49813 57692 57630 -0.00124466
49164 55956 55725 -0.00469856
49716 56913 57006 0.00187063
51518 56408 56257 -0.00293101
50217 56317 56260 -0.00113507
48558 56352 56513 0.00331562
50634 56738 56738 0
51164 57298 57416 0.00230631
49305 56582 56618 0.000730149
49998 56541 56448 -0.00186007
47439 56432 56525 0.00196041
50294 57697 57388 -0.00614387
48826 55682 55450 -0.00475157
51029 56906 56544 -0.00709401
48760 56117 56409 0.00598852
50392 59196 58998 -0.0039292
49742 56746 56614 -0.00265369
51412 59064 59064 0
49204 56979 56872 -0.00217462
49991 56634 56646 0.000240043
49165 56347 56112 -0.00477982
48877 56605 56609 8.18381e-05
49636 56333 56492 0.00320332
51021 57674 57854 0.00352796
51258 57391 57213 -0.00347263
51351 57323 57288 -0.000681584
48561 55887 55911 0.000494224
50577 56867 56612 -0.00504182
49834 57522 57325 -0.00395312
50412 56983 57007 0.000476077
49900 56653 56583 -0.00140281
49938 56275 56179 -0.00192238
50239 57425 56942 -0.00961404
50495 57627 57417 -0.00415883
50112 57182 56483 -0.0139488
50113 58346 58183 -0.00325265
49349 55932 55932 0
49550 56314 56314 0
49231 56662 56653 -0.000182812
51111 56780 56651 -0.00252392
50446 57290 57327 0.000733458
49877 57754 57888 0.00268661
51520 57663 57690 0.000524068
50347 57562 57217 -0.00685244
48160 55935 55321 -0.0127492
50081 57333 57496 0.00325473
49992 56746 56772 0.000520083
51381 58074 58074 0
52060 57823 58133 0.00595467
48548 56837 56889 0.0010711
49774 56553 56814 0.0052437
52401 59268 58764 -0.00961814
51831 58221 58130 -0.00175571
50813 57378 57697 0.00627792
51130 57046 57109 0.00123215
53265 57269 56781 -0.00916174
50613 56775 56421 -0.00699425
50396 57563 57162 -0.00795698
49883 56576 56409 -0.00334783
50213 56132 56634 0.00999741
51183 56656 56414 -0.00472813
50472 57095 57291 0.00388334
48877 55995 55730 -0.00542177
49129 55954 55649 -0.00620815
48694 57191 56739 -0.00928246
49352 57639 57571 -0.00137786
49792 57036 57038 4.01671e-05
51892 58575 58417 -0.00304479
49021 55590 55794 0.00416148
53287 58275 58297 0.000412859
49591 56427 56779 0.00709806
52259 59211 59411 0.00382709
51459 58129 57664 -0.00903632
51982 57325 57083 -0.00465546
51742 57705 57768 0.00121758
50351 56151 56105 -0.000913587
50039 56850 56850 0
48755 56736 56491 -0.00502513
50190 56661 56259 -0.00800956
49026 56550 56604 0.00110146
49067 55615 55557 -0.00118206
49480 56796 56757 -0.000788197
50996 56567 56663 0.0018825
48000 55233 55145 -0.00183333
52068 57037 56631 -0.0077975
48776 56770 56506 -0.0054125
51602 59712 59478 -0.00453471
49704 56785 56785 0
49472 55984 55836 -0.00299159
49702 55795 55650 -0.00291739
50695 56585 56620 0.000690403
48470 56634 56235 -0.0082319
50426 56415 56318 -0.00192361
48730 56872 56736 -0.00279089
52893 59195 59170 -0.000472652
50004 57022 56942 -0.00159987
49456 58177 58364 0.00378114
49704 54651 54380 -0.00545228
50827 57061 57020 -0.000806658
50027 57626 57982 0.00711616
51337 58025 57970 -0.00107135
50425 56531 56391 -0.0027764
50455 57067 56996 -0.00140719
51215 58240 58363 0.00240164
51450 57182 57825 0.0124976
49235 57752 57934 0.00369656
52089 57273 57569 0.00568258
50150 56722 56826 0.00207378
51593 56359 56512 0.00296552
53193 59367 59098 -0.00505706
49760 58502 58241 -0.00524518
49409 56017 55750 -0.00540387
50938 55735 55072 -0.0130158
48957 57351 57307 -0.000898748
47390 56349 56349 0
48026 55981 56208 0.00472661
51424 55897 55811 -0.00167237
50189 58328 58511 0.00364622
48157 55822 56130 0.00639575
51106 55471 55754 0.00553751
49191 55968 55815 -0.00311033
51002 56501 56922 0.00825458
48131 55763 55799 0.000747959
50238 56735 56771 0.000716589
48534 57145 57337 0.00395599
49341 56047 56157 0.00222938
49092 56247 55353 -0.0182107
51697 57716 57990 0.00530011
51457 58730 58616 -0.00221544
50483 56584 56749 0.00326843
50746 56871 56999 0.00252237
48385 58241 58241 0
49511 57894 57980 0.00173699
51483 57612 57671 0.00114601
52701 59059 58542 -0.00981006
49717 57159 57194 0.000703985
50514 58098 58001 -0.00192026
51477 57322 57082 -0.00466228
48857 56351 56601 0.00511697
50328 56106 56182 0.00151009
51466 57759 57744 -0.000291455
50378 56540 56504 -0.000714598
51875 58015 58003 -0.000231325
51817 59451 59319 -0.00254743
52353 59316 59445 0.00246404
48967 56892 56892 0
49692 57463 57110 -0.00710376
50647 57844 58088 0.00481766
51227 58096 58131 0.000683233
49010 55695 55736 0.000836564
48736 56706 56556 -0.00307781
51002 58217 58310 0.00182346
47584 55124 55055 -0.00145007
50426 57707 57761 0.00107088
49311 56422 56388 -0.000689501
50294 56299 56083 -0.00429475
51605 56864 56824 -0.000775119
50613 56459 56354 -0.00207457
51742 59329 59176 -0.00295698
48609 56019 56040 0.000432019
51238 57609 57678 0.00134666
49653 55299 55303 8.05591e-05
49966 57425 56993 -0.00864588
51145 58001 57944 -0.00111448
51117 56582 56378 -0.00399084
50867 59301 59339 0.000747046
47407 56005 56068 0.00132892
50199 57150 56910 -0.00478097
49019 57177 56769 -0.0083233
48418 57444 57456 0.000247842
48981 55870 56038 0.0034299
50399 58007 57863 -0.0028572
48612 56188 56111 -0.00158397
49030 55822 55802 -0.000407914
49699 56615 56788 0.00348096
51269 57581 57503 -0.00152139
51261 56110 56198 0.0017167
51130 57428 56651 -0.0151966
49604 56035 56364 0.00663253
50888 57872 57821 -0.0010022
50547 57320 57362 0.00083091
47903 54389 54563 0.00363234
45960 55477 55455 -0.000478677
48511 56371 56169 -0.004164
53050 58330 58009 -0.0060509
48988 55912 56414 0.0102474
52382 57571 57792 0.00421901
49295 57119 57140 0.000426007
50440 55686 55783 0.00192308
51820 56525 56584 0.00113856
51548 57706 57473 -0.00452006
51513 57129 56923 -0.00399899
50779 57034 57075 0.00080742
50575 57536 57551 0.000296589
52053 57733 57300 -0.00831844
51666 57961 57970 0.000174196
50047 57861 58082 0.00441585
53789 58307 58225 -0.00152448
50796 55763 55940 0.00348453
51241 56785 56871 0.00167834
49889 56385 55584 -0.0160556
50746 57245 57281 0.000709416
48051 55300 55348 0.000998939
48251 54377 54245 -0.00273569
50785 55354 55282 -0.00141774
50520 57384 57209 -0.00346397
48219 56256 56163 -0.0019287
52542 57362 57520 0.00300712
51333 57186 57253 0.0013052
50498 57140 56884 -0.00506951
49505 58461 58631 0.003434
47551 55327 55175 -0.00319657
49398 55402 55457 0.00111341
50053 56912 56865 -0.000939005
51147 58757 58757 0
49824 56345 56430 0.00170601
48372 55369 55375 0.000124039
50254 56633 56372 -0.00519362
52688 57586 58026 0.00835105
47807 54895 55248 0.00738386
49602 55966 55761 -0.0041329
49885 56281 56254 -0.000541245
49477 56277 56517 0.00485074
51325 56352 56328 -0.000467608
48818 57585 57526 -0.00120857
50900 56771 56901 0.00255403
51781 59266 59197 -0.00133254
50523 57395 57540 0.00286998
50290 56996 57243 0.00491151
49337 56639 56320 -0.00646574
47802 56742 57052 0.00648508
48349 57332 57361 0.000599806
48811 56337 56663 0.00667882
49147 56294 55957 -0.00685698
52737 58696 58862 0.0031477
49708 55977 55855 -0.00245433
50451 54966 54761 -0.00406335
49052 56834 56860 0.00053005
47499 55326 55299 -0.000568433
49201 57226 57488 0.0053251
50509 58855 58762 -0.00184126
48704 57234 57234 0
49380 58394 58474 0.00162009
47956 56210 56235 0.000521311
49415 56666 56591 -0.00151776
53519 57878 57509 -0.00689475
49377 56403 56119 -0.00575167
50090 57402 57496 0.00187662
50106 58442 58438 -7.98308e-05
52456 58685 58546 -0.00264984
50240 57097 57062 -0.000696656
51177 57784 57336 -0.00875393
50460 56814 56843 0.000574713
51524 58140 58304 0.00318298
49346 56297 56361 0.00129696
47794 55654 55768 0.00238524
50212 57389 57285 -0.00207122
49858 56796 56957 0.00322917
48766 55906 55639 -0.00547513
50214 56165 56342 0.00352491
50448 59101 58966 -0.00267602
49164 54765 54233 -0.0108209
51672 58460 58137 -0.00625097
50423 57172 57250 0.00154691
47472 57715 57534 -0.00381277
48227 55801 55801 0
48269 57993 57994 2.07172e-05
47387 56274 55965 -0.00652078
52439 59320 59261 -0.00112512
50298 57195 56796 -0.00793272
47699 55301 55374 0.00153043
47684 55796 55622 -0.00364902
51141 58915 58795 -0.00234645
47925 55827 55778 -0.00102243
49350 55400 55631 0.00468085
50515 57799 57812 0.000257349
49558 56071 56129 0.00117035
51027 58364 57913 -0.00883846
48046 55072 55072 0
50518 56776 57094 0.00629479
49566 56355 56196 -0.00320784
50756 56542 56512 -0.000591063
49109 55942 56052 0.00223992
49845 57427 56671 -0.015167
50168 57844 57878 0.000677723
50787 57543 56971 -0.0112627
49715 56515 56853 0.00679875
50944 57794 57745 -0.00096184
48254 56030 56520 0.0101546
49151 56307 56642 0.00681573
48741 56541 56299 -0.00496502
52152 57391 57391 0
50087 56598 56598 0
51260 56270 56335 0.00126805
49401 57429 57429 0
48773 55733 55686 -0.000963648
49560 56059 56150 0.00183616
52073 57749 57719 -0.000576114
50476 56746 56976 0.00455662
49970 55914 56159 0.00490294
51608 56965 56597 -0.00713068
51267 56971 56623 -0.00678799
49566 55360 55363 6.05254e-05
51037 55913 55923 0.000195936
49941 57384 57046 -0.00676799
50421 57189 56944 -0.00485909
50214 57138 57291 0.00304696
50451 57093 57299 0.00408317
48850 56906 56879 -0.000552712
50877 57313 57337 0.000471726
49626 58847 58768 -0.00159191
50736 57450 57306 -0.00283822
52426 58224 58120 -0.00198375
49631 56522 56733 0.00425138
49593 55950 55911 -0.000786401
49945 57213 57068 -0.00290319
48520 55531 55635 0.00214345
50983 56769 57244 0.00931683
49012 56691 56404 -0.00585571
49410 56822 56865 0.000870269
49838 56797 56317 -0.00963121
50174 56508 55358 -0.0229202
51479 56980 56978 -3.88508e-05
50429 56672 56284 -0.00769399
49368 56306 56254 -0.00105331
49970 60254 60254 0
51394 58321 58660 0.0065961
50757 55759 55556 -0.00399945
51045 57451 57374 -0.00150847
49711 55638 55373 -0.00533081
50228 57772 57735 -0.000736641
51723 56997 56908 -0.0017207
50853 59400 59529 0.00253672
49828 56527 56582 0.0011038
52558 59418 59352 -0.00125576
51572 58403 58229 -0.00337392
50809 57165 57050 -0.00226338
48801 55124 54838 -0.00586054
49068 56521 56216 -0.00621586
49925 57805 57805 0
49300 57137 56950 -0.0037931
52098 57793 57793 0
52226 58130 57958 -0.00329338
50074 57316 57450 0.00267604
50491 57150 57202 0.00102989
49700 55084 54778 -0.00615694
48807 55904 55947 0.000881021
48777 56576 56690 0.00233717
49638 57088 57349 0.00525807
51762 58195 57910 -0.00550597
49687 57898 57861 -0.000744662
52460 57527 57247 -0.0053374
51630 59492 59455 -0.000716638
51904 57922 57837 -0.00163764
49402 57667 57482 -0.00374479
48294 55410 55511 0.00209136
49981 56411 56626 0.00430163
52077 56941 57132 0.00366765
51232 57640 58115 0.00927155
49371 57049 56691 -0.00725122
49017 55496 55793 0.00605912
51242 57315 57584 0.0052496
50804 57057 57242 0.00364145
49843 57697 57818 0.00242762
50561 58216 58273 0.00112735
48648 56570 56570 0
51245 57398 56966 -0.00843009
49772 58177 57819 -0.0071928
49081 56143 56236 0.00189483
51021 57448 57570 0.00239117
51258 58384 58301 -0.00161926
50748 57091 57085 -0.000118231
51151 58709 58298 -0.00803503
51392 59348 59105 -0.00472836
51031 57215 57120 -0.00186161
49692 57491 57601 0.00221364
50766 56354 56114 -0.00472757
47958 55143 55352 0.00435798
50837 57463 57647 0.00361941
50214 55946 56081 0.00268849
50521 56861 56858 -5.93812e-05
49792 57659 57745 0.00172719
48930 56692 56583 -0.00222767
50808 56379 56299 -0.00157456
51837 57485 57706 0.00426336
49320 55316 55258 -0.00117599
50603 58055 57615 -0.00869514
50639 56913 56684 -0.00452221
48745 55328 55777 0.0092112
50982 57758 57961 0.0039818
51209 56752 56449 -0.00591693
49298 56615 56803 0.00381354
49741 57477 57691 0.00430229
51501 57405 57511 0.00205821
49675 58250 58255 0.000100654
50345 58017 58112 0.00188698
52537 58392 58435 0.000818471
49358 57142 57235 0.00188419
50335 57759 57641 -0.00234429
49602 55577 55175 -0.00810451
50487 57840 57939 0.0019609
52451 58132 58296 0.00312673
49559 55075 55160 0.00171513
48825 56415 56327 -0.00180236
51445 59435 59645 0.00408203
49635 56606 56942 0.00676942
49352 56714 56714 0
51400 56871 56870 -1.94553e-05
51333 57385 57385 0
50176 57079 57728 0.0129345
51385 58697 58197 -0.00973047
51501 56412 56451 0.000757267
49363 56708 56749 0.000830582
49004 56475 56172 -0.00618317
47745 55590 55405 -0.00387475
50246 58183 58176 -0.000139315
48749 54708 55000 0.00598987
50766 57029 57330 0.00592917
50649 57079 56648 -0.00850955
51331 57097 57417 0.00623405
50613 57094 56993 -0.00199553
50165 56185 56289 0.00207316
48745 56835 56924 0.00182583
50907 57102 56934 -0.00330014
49163 55667 55446 -0.00449525
51644 57730 57626 -0.00201379
48601 54885 54774 -0.0022839
51939 57833 57923 0.0017328
52055 58419 58118 -0.00578235
50796 58304 58418 0.00224427
50514 56133 56468 0.00663182
51083 57457 57457 0
50813 56903 56919 0.00031488
49430 56087 55933 -0.00311552
49416 56116 55994 -0.00246884
48862 55896 56021 0.00255823
52083 57097 56647 -0.00864006
48670 56038 56054 0.000328745
49987 57077 56899 -0.00356093
47418 55540 55540 0
50878 56066 56043 -0.000452062
49115 55849 55993 0.00293189
49347 57405 57177 -0.00462034
50365 57265 57266 1.98551e-05
48288 59548 59587 0.000807654
50564 55868 56067 0.00393561
50256 56241 55448 -0.0157792
52500 58729 58712 -0.00032381
49157 58656 58670 0.000284802
49709 57464 56875 -0.011849
50559 57130 57202 0.00142408
49232 55697 55523 -0.00353429
51644 56419 57014 0.0115212
51452 57189 56792 -0.00771593
50640 56799 56844 0.000888626
52704 58505 58505 0
50264 57110 57110 0
49331 55462 55625 0.00330421
48662 55398 55175 -0.00458263
50752 56660 56697 0.000729035
51189 56828 56864 0.000703276
49932 56620 56575 -0.000901226
47904 56126 56219 0.00194138
49214 55636 55783 0.00298695
48556 55871 55871 0
48421 55765 55339 -0.00879784
49520 56808 57050 0.00488691
51083 56691 56666 -0.0004894
49404 55523 55774 0.00508056
49449 55609 55751 0.00287165
49567 56685 56722 0.000746464
51070 56757 56780 0.000450362
50545 57453 57281 -0.00340291
51311 56943 57084 0.00274795
50551 56858 56807 -0.00100888
49581 56438 56290 -0.00298501
50127 55897 55877 -0.000398987
49239 55773 55439 -0.00678324
48715 55730 55629 -0.00207328
50538 58586 58749 0.0032253
50643 56450 56725 0.00543017
51551 58402 58565 0.00316192
50133 57143 57398 0.00508647
50134 58566 58484 -0.00163562
51020 56359 56529 0.00333203
48676 54755 54252 -0.0103336
50455 57667 57728 0.001209
50620 56655 56198 -0.00902805
49459 55513 55163 -0.00707657
53793 59137 59392 0.00474039
50851 57671 57761 0.00176988
50526 56312 55992 -0.00633337
50713 58263 57986 -0.00546211
49289 56390 55999 -0.0079328
49580 56066 56007 -0.00119
49171 56353 56311 -0.000854162
48342 57342 56859 -0.00999131
52432 57695 57736 0.000781965
47949 56112 55980 -0.00275292
48325 58213 58143 -0.00144853
49988 58192 58272 0.00160038
52430 58818 58944 0.0024032
50858 55945 55276 -0.0131543
50116 55804 55937 0.00265384
51136 56990 56950 -0.000782228
50252 56371 56379 0.000159198
50556 57715 57655 -0.0011868
49467 56175 56077 -0.00198112
50354 57369 57114 -0.00506415
51942 56565 56767 0.00388895
50758 57960 57556 -0.00795934
51891 56331 56357 0.00050105
51465 58118 57781 -0.00654814
48965 56184 56302 0.00240988
50945 58298 58408 0.00215919
50670 56666 56331 -0.00661141
48874 57576 57625 0.00100258
50284 57590 57723 0.00264498
50096 56134 56309 0.00349329
51058 58349 58091 -0.00505308
48826 56206 55890 -0.00647196
49005 55448 55305 -0.00291807
50763 57277 57142 -0.00265942
50255 55368 55495 0.00252711
50440 56693 56724 0.000614592
49732 56138 56151 0.000261401
50704 57026 57076 0.000986115
50088 56340 56347 0.000139754
49319 56853 56856 6.08285e-05
49476 56655 56850 0.0039413
50995 57743 57815 0.0014119
49044 56287 55986 -0.00613735
51367 56693 56730 0.000720307
49693 56894 56904 0.000201236
49861 58231 58241 0.000200558
50104 57228 57049 -0.00357257
50154 56092 56001 -0.00181441
49420 56789 56752 -0.000748685
49921 57370 57250 -0.0024038
49938 57403 57197 -0.00412512
48768 57172 56793 -0.00777149
51119 55771 55959 0.00367769
51335 57271 57291 0.000389598
50556 55785 55744 -0.000810982
50386 57744 57815 0.00140912
48411 56188 56188 0
47737 55697 55737 0.000837924
49774 56802 56653 -0.00299353
48475 56217 55654 -0.0116142
49739 57005 57247 0.0048654
49285 56855 56867 0.000243482
50061 57368 56967 -0.00801023
50622 58116 58055 -0.00120501
50130 58265 58199 -0.00131658
51669 57067 57395 0.0063481
50493 57478 57234 -0.00483235
51349 58895 58823 -0.00140217
51713 56989 56946 -0.000831512
49188 55892 55569 -0.00656664
48973 57165 57190 0.000510485
48875 57419 57432 0.000265985
50122 55235 55136 -0.00197518
49332 56288 55804 -0.00981108
50551 57758 57589 -0.00334316
50381 57567 57693 0.00250094
49503 56019 56663 0.0130093
51119 56945 57025 0.00156498
50146 57867 58041 0.00346987
49824 56766 56664 -0.00204721
48539 56837 57098 0.00537712
50499 57048 57215 0.003307
50346 57200 57101 -0.00196639
47952 53945 54001 0.00116783
50632 58642 58642 0
51785 57650 57584 -0.0012745
51484 59267 59017 -0.00485588
47758 56522 56508 -0.000293145
49722 56239 56233 -0.000120671
51994 58533 58435 -0.00188483
49007 56448 56191 -0.00524415
49416 55557 55580 0.000465436
49561 58199 58531 0.00669882
50944 56929 56942 0.000255182
48529 57165 56801 -0.00750067
52715 58216 57922 -0.00557716
50188 57885 57908 0.000458277
48946 57113 57241 0.00261513
49878 54927 55002 0.00150367
51139 57315 57089 -0.00441933
48279 56897 56963 0.00136705
51281 57235 57617 0.00744915
50328 56187 56122 -0.00129153
50322 56140 56202 0.00123207
51191 58088 58568 0.00937665
50038 56598 56910 0.00623526
49733 55599 55795 0.00394105
52138 58764 58861 0.00186045
51023 58262 58509 0.00484095
50218 56193 57100 0.0180613
50494 56994 56734 -0.00514913
51518 57950 58052 0.00197989
50268 56127 56293 0.0033023
50674 56855 56931 0.00149978
50421 56706 55898 -0.0160251
48392 54510 54264 -0.00508348
48051 56305 56460 0.00322574
50864 57837 57738 -0.00194637
49624 57143 56866 -0.00558198
51314 58334 57300 -0.0201504
50437 57607 56982 -0.0123917
52226 56913 56913 0
47984 56735 56655 -0.00166722
49430 57478 57402 -0.00153753
52073 58149 57913 -0.0045321
49671 57679 57634 -0.000905961
52406 57401 57432 0.000591535
49316 57083 57178 0.00192635
51242 58393 57952 -0.00860622
51116 57059 57016 -0.000841224
50851 56109 56397 0.00566361
50230 58572 58582 0.000199084
51981 57559 57499 -0.00115427
50226 58024 57472 -0.0109903
50593 56843 56760 -0.00164054
48563 56591 56959 0.00757779
48842 55315 55332 0.000348061
52131 58567 58572 9.59122e-05
48933 56045 55723 -0.00658043
50431 57166 57301 0.00267692
49781 57012 57107 0.00190836
48434 56979 56361 -0.0127596
49332 56769 55727 -0.0211222
51172 56436 56239 -0.00384976
50290 57470 57056 -0.00823225
50114 56354 56320 -0.000678453
48736 56704 56531 -0.00354974
49568 58074 57969 -0.0021183
48723 56601 56149 -0.00927693
50471 57776 57110 -0.0131957
48139 55831 55496 -0.00695901
49071 58193 58146 -0.000957796
50951 57284 57082 -0.00396459
49679 55560 55236 -0.00652187
51161 56052 55875 -0.00345967
48946 56543 56441 -0.00208393
49088 56954 56985 0.000631519
49610 56035 55751 -0.00572465
49112 57142 57164 0.000447956
51493 59221 59183 -0.000737964
50531 57285 57406 0.00239457
49220 56987 57093 0.0021536
51427 57686 57976 0.00563906
49779 57565 57738 0.00347536
47699 56730 56229 -0.0105034
52448 58942 58944 3.8133e-05
48682 56799 56839 0.000821659
49645 56127 56057 -0.00141001
49877 58090 58162 0.00144355
51639 58072 57915 -0.00304034
50031 57370 57612 0.004837
51304 57216 57522 0.00596445
51470 56429 56545 0.00225374
51074 57153 57164 0.000215374
50794 57806 56948 -0.0168918
50064 57037 56860 -0.00353547
50985 57666 57687 0.000411886
48856 55118 55141 0.000470771
50331 56377 56612 0.00466909
49618 57620 57306 -0.00632835
52150 57639 58062 0.00811122
51184 56537 56387 -0.0029306
52294 58666 58900 0.0044747
49266 57757 57111 -0.0131125
48156 54280 54296 0.000332254
52131 57249 57571 0.00617675
48818 55861 55384 -0.00977099
48715 57642 57705 0.00129324
49482 55698 55635 -0.00127319
