57250 64172 63890 -0.00492576
56624 62986 62921 -0.00114792
58681 65306 64957 -0.00594741
54889 64843 64670 -0.00315182
57734 64974 64802 -0.00297918
56203 64612 64342 -0.00480401
59157 67221 67062 -0.00268776
56416 65858 65659 -0.00352737
57255 64375 64133 -0.00422671
55705 62930 62253 -0.0121533
58160 63859 64063 0.00350757
56917 64621 64587 -0.000597361
55702 63167 63199 0.000574486
57743 64878 65844 0.0167293
57464 64594 64555 -0.000678686
56917 64981 64933 -0.000843333
59115 66875 66875 0
57062 65883 66467 0.0102345
56632 63640 63807 0.00294886
56853 65576 65755 0.00314847
59133 66113 66024 -0.00150508
57969 64998 64477 -0.00898756
57648 63852 63740 -0.00194283
58244 65054 64856 -0.00339949
57801 64219 64041 -0.00307953
57684 65065 65098 0.000572082
58460 65466 65466 0
58897 65443 65471 0.000475406
56904 64807 64468 -0.0059574
56822 64481 64890 0.00719792
57925 65256 64979 -0.00478205
56618 63611 62890 -0.0127345
58420 64626 64912 0.00489558
56115 62271 62683 0.00734207
56995 63791 63454 -0.0059128
56872 64511 64431 -0.00140667
56168 64866 64894 0.000498504
59170 66099 66224 0.00211256
56907 64833 64426 -0.00715202
56384 63661 63788 0.00225241
59556 67753 67540 -0.00357647
58836 64431 64463 0.000543885
59868 64592 64509 -0.00138638
58048 64475 64942 0.00804507
55945 64065 64285 0.00393243
60230 66559 66333 -0.00375228
57735 65773 65663 -0.00190526
58821 65222 65340 0.00200609
59971 65558 65329 -0.00381851
56543 62363 62912 0.00970942
57046 64506 64411 -0.00166532
56903 65116 64292 -0.0144808
55094 63007 63206 0.00361201
58440 64579 64447 -0.00225873
57715 64766 65539 0.0133934
59493 65019 65312 0.00492495
57452 64469 64457 -0.00020887
59784 66101 66077 -0.000401445
56727 64593 64582 -0.000193911
57250 64722 64667 -0.000960699
57553 64292 64381 0.0015464
57517 63779 63979 0.00347723
57968 64556 64580 0.000414022
58806 64987 65329 0.00581573
56523 63873 63822 -0.000902288
59347 64869 65202 0.00561107
56475 65534 65512 -0.000389553
56794 64390 64261 -0.00227137
55475 63444 63443 -1.80261e-05
57754 65638 65894 0.00443259
56126 64451 64337 -0.00203114
56081 63911 64038 0.00226458
57562 65268 65194 -0.00128557
56618 64662 64550 -0.00197817
55550 63935 63757 -0.00320432
56423 64087 63825 -0.0046435
55075 63328 62713 -0.0111666
57175 64976 64939 -0.000647136
60441 65929 65744 -0.00306084
58029 65398 65376 -0.000379121
55670 62998 62831 -0.00299982
58867 64251 64203 -0.000815397
59512 63502 63510 0.000134427
56386 63985 64021 0.000638456
57297 65019 65202 0.00319388
56310 64281 64406 0.00221985
55274 63154 63087 -0.00121214
57832 66272 66535 0.00454766
58400 66559 66454 -0.00179795
58139 66041 65452 -0.0101309
58524 67402 67503 0.00172579
58257 64674 64902 0.00391369
56201 64931 64816 -0.00204623
58765 63828 64074 0.00418617
56690 64530 64682 0.00268125
57213 63989 64188 0.00347823
56915 63866 64001 0.00237196
58267 65569 65413 -0.00267733
57953 65662 65465 -0.00339931
58091 63448 63122 -0.00561188
57744 64705 64769 0.00110834
58426 64630 65021 0.00669223
59950 65803 65687 -0.00193495
58392 65247 65131 -0.00198657
56758 64222 64536 0.00553226
60291 66380 66260 -0.00199035
57113 63427 63397 -0.000525274
58070 64106 64257 0.00260031
56063 64173 64190 0.00030323
58306 65873 65873 0
59519 65083 65327 0.00409953
55572 63097 63350 0.00455265
57604 66042 66462 0.00729116
54830 63783 63833 0.00091191
55157 63786 63476 -0.00562032
54385 62538 62825 0.00527719
58184 63279 63359 0.00137495
57051 65047 65147 0.00175282
59323 66267 66267 0
58777 64252 64185 -0.0011399
58252 64576 64197 -0.00650621
56588 64274 64042 -0.00409981
58387 65614 65624 0.000171271
56677 63693 63700 0.000123507
56110 65706 65737 0.000552486
59745 65310 65074 -0.00395012
55239 64046 64044 -3.62063e-05
57148 65157 64824 -0.00582698
58028 64541 64552 0.000189564
58410 66025 66243 0.00373224
59909 66055 66083 0.000467376
59909 64799 64764 -0.000584219
57984 64769 64801 0.000551876
58425 65790 65932 0.00243047
57561 66020 65634 -0.00670593
57650 64817 65037 0.00381613
59019 66537 66183 -0.00599807
57538 66202 66264 0.00107755
55917 63891 63865 -0.000464975
58855 64847 64798 -0.000832555
56328 63613 63202 -0.00729655
56437 63626 63008 -0.0109503
53603 62587 62110 -0.00889876
57490 63996 64041 0.000782745
55760 64267 64238 -0.000520086
56248 65429 65677 0.00440905
57657 65050 64994 -0.000971261
53953 62219 62206 -0.00024095
56716 66524 66436 -0.00155159
56997 63022 62791 -0.00405284
55962 64133 63913 -0.00393124
56328 63763 63338 -0.00754509
57011 64381 64208 -0.0030345
56691 62983 62681 -0.00532712
56218 64122 63836 -0.00508734
58731 64354 64439 0.00144728
56477 62930 62837 -0.00164669
57512 64007 63888 -0.00206913
58187 64315 64555 0.00412463
57026 62830 62671 -0.0027882
57815 64669 64275 -0.00681484
58861 65524 65669 0.00246343
56885 64499 64402 -0.00170519
57491 65990 65952 -0.000660973
54512 63875 63974 0.00181611
59024 64933 65593 0.0111819
55410 64747 65002 0.00460206
56975 65488 65611 0.00215884
57757 64933 65068 0.00233738
56286 65391 64302 -0.0193476
56090 63203 63823 0.0110537
58766 65920 66088 0.0028588
55782 64368 64396 0.000501954
56669 63406 63115 -0.00513508
58866 65603 65318 -0.0048415
58718 65417 65258 -0.00270786
59648 65424 65349 -0.00125738
59132 63485 63342 -0.00241832
56134 63857 63820 -0.000659137
57287 65187 65051 -0.00237401
58073 66551 66551 0
57730 65288 65227 -0.00105664
58599 64600 64590 -0.000170651
57362 64822 64677 -0.00252781
59378 67647 66669 -0.0164707
56669 66043 66743 0.0123524
55748 63673 63703 0.000538136
55200 62761 62613 -0.00268116
56769 63280 63333 0.000933608
59521 66181 66218 0.000621629
57370 65077 65217 0.0024403
60038 65524 65227 -0.00494687
57996 63853 62931 -0.0158976
58751 67172 66813 -0.00611053
56655 65304 65468 0.00289471
57559 64718 64739 0.000364843
56918 64231 64161 -0.00122984
55527 62282 62614 0.00597907
56708 62922 62754 -0.00296254
56113 63957 64048 0.00162173
57884 66068 65779 -0.00499274
57645 65026 64999 -0.000468384
58225 64570 64537 -0.000566767
56278 64589 64846 0.00456662
58097 64600 65336 0.0126685
55828 62634 62483 -0.00270474
58245 65343 64897 -0.00765731
57211 64811 64485 -0.0056982
55340 63124 63237 0.00204192
57965 64107 64505 0.00686621
55864 61265 61045 -0.00393814
58132 67814 67517 -0.00510906
56921 64960 64965 8.7841e-05
58622 66129 66302 0.00295111
57953 65136 64897 -0.00412403
55500 64304 64431 0.00228829
55629 64442 64388 -0.000970717
56733 62927 63552 0.0110165
58920 64724 64779 0.000933469
57892 64908 64687 -0.00381745
58820 65436 64993 -0.00753145
55789 63479 63272 -0.00371041
58347 67497 67303 -0.00332494
54131 61495 61601 0.00195821
56949 65751 65379 -0.00653216
56734 64310 64648 0.00595763
54792 63822 63740 -0.00149657
56633 63091 62861 -0.00406124
56641 64450 64277 -0.00305432
57151 65210 65279 0.00120733
56794 64860 65248 0.00683171
57301 64894 64987 0.00162301
59008 66800 66029 -0.013066
57525 63726 63645 -0.00140808
57853 64932 64870 -0.00107168
54789 63262 63308 0.000839585
57928 65019 64944 -0.00129471
57626 65327 65110 -0.00376566
57270 65199 65352 0.00267156
59095 65414 65410 -6.76876e-05
58376 64585 64585 0
57981 65079 65154 0.00129353
56815 63701 63774 0.00128487
57815 64307 64120 -0.00323445
58717 66197 65883 -0.00534768
57800 66640 66318 -0.00557093
56810 63950 63961 0.000193628
55209 63118 62049 -0.0193628
55685 64227 64227 0
55699 63548 63548 0
57426 64547 64523 -0.000417929
57114 64665 64832 0.00292398
57446 64690 64664 -0.000452599
54503 63074 63053 -0.0003853
57172 62912 63012 0.00174911
60022 65469 65632 0.00271567
56620 66334 66250 -0.00148357
57808 65310 65144 -0.00287157
55873 64485 64519 0.000608523
56275 63778 64009 0.00410484
57707 64940 64974 0.000589183
56384 65095 64877 -0.00386635
58222 64689 64893 0.00350383
56552 62724 62729 8.84142e-05
57702 66129 65906 -0.00386468
54260 63973 63707 -0.00490232
55588 63884 63770 -0.0020508
56646 63987 63551 -0.00769692
56649 64315 63750 -0.0099737
56185 62500 62509 0.000160185
59293 65197 65279 0.00138296
56435 63060 63968 0.0160893
56775 63586 62854 -0.012893
56464 65381 65381 0
59992 66807 66807 0
57972 65171 64975 -0.00338094
58161 64084 64984 0.0154743
54478 63353 63333 -0.000367121
57820 65059 65320 0.00451401
56597 64219 64065 -0.00272099
58514 65121 64799 -0.00550296
55286 63036 62999 -0.000669247
57101 62917 63024 0.00187387
58197 63721 63782 0.00104816
55909 63368 63270 -0.00175285
56165 65115 65027 -0.00156681
56442 62949 62908 -0.000726409
59658 66230 66249 0.000318482
58406 64618 64756 0.00236277
57379 64662 64794 0.00230049
57833 65659 65395 -0.00456487
57437 65602 65602 0
55630 63048 62611 -0.00785547
57265 64337 64215 -0.00213045
56243 64990 64907 -0.00147574
57337 65139 65066 -0.00127317
59096 66547 66560 0.000219981
55200 64006 64090 0.00152174
57127 66013 66109 0.00168047
60363 66659 66603 -0.000927721
55925 63388 62692 -0.0124452
59751 65972 65915 -0.000953959
58311 64547 64868 0.00550496
56691 64824 64734 -0.00158755
56046 63789 62987 -0.0143097
55862 64853 65064 0.00377717
58901 65390 65303 -0.00147705
57481 63859 63777 -0.00142656
58594 64005 64226 0.00377172
55633 63135 63205 0.00125825
57769 65275 65453 0.00308124
57237 63886 64238 0.00614987
57218 63679 63649 -0.000524311
57193 64626 64824 0.00346196
58048 63549 63840 0.00501309
57702 64991 64744 -0.00428061
57802 65372 65261 -0.00192035
56518 63059 63223 0.00290173
55911 64934 64899 -0.000625995
56296 63375 63067 -0.00547108
56840 62199 61966 -0.00409923
55190 62460 62293 -0.00302591
56971 65334 65252 -0.00143933
55951 63517 63606 0.00159068
57682 64774 64856 0.00142159
57973 63208 63078 -0.00224242
57202 64460 64074 -0.00674802
54640 64164 63807 -0.00653367
57455 63043 63296 0.00440345
57697 64530 64485 -0.000779937
56466 64083 63699 -0.00680055
56836 64188 64149 -0.000686185
54724 64261 64261 0
57826 64600 64860 0.00449625
55668 63357 63315 -0.000754473
58127 65088 65088 0
56023 64270 63335 -0.0166896
57223 66792 66286 -0.0088426
56624 64596 64562 -0.000600452
59520 66692 66492 -0.00336022
56003 64264 63920 -0.00614253
57206 63773 63909 0.00237737
57089 64871 64995 0.00217205
56184 64473 64498 0.000444967
56115 63889 63516 -0.00664706
58827 65116 65226 0.00186989
58487 64806 64780 -0.000444543
59104 65249 65249 0
56007 63547 63533 -0.000249969
57409 64078 63563 -0.00897072
57096 65321 65296 -0.000437859
57742 64078 64646 0.00983686
56346 63326 63271 -0.000976112
57152 63613 63453 -0.00279955
57599 64838 65107 0.00467022
58639 65966 65607 -0.00612221
56846 64916 64836 -0.00140731
57662 65869 65631 -0.0041275
55083 63700 63725 0.000453861
56937 64618 64664 0.00080791
55872 63519 63815 0.00529782
57832 64553 63999 -0.00957947
57451 65116 64831 -0.00496075
57477 65193 65124 -0.00120048
59550 65530 65842 0.00523929
58411 64799 64799 0
56050 64655 63759 -0.0159857
57393 64581 64677 0.00167268
57291 65149 65134 -0.000261821
59296 65880 65643 -0.0039969
59383 65472 65330 -0.00239126
55421 63477 63668 0.00344635
57268 64871 64871 0
60210 66928 66138 -0.0131207
59526 66081 66024 -0.000957565
56957 64834 64881 0.000825184
58881 64962 64884 -0.00132471
60300 65071 65071 0
57661 64916 64810 -0.00183833
57578 64846 64944 0.00170204
57574 64641 64579 -0.00107687
57392 63925 63925 0
58147 64406 64437 0.000533132
57894 65223 65438 0.00371368
56606 63561 64069 0.00897431
56738 63871 63228 -0.0113328
56205 65255 64586 -0.0119029
57086 65596 65430 -0.00290789
56769 64987 65332 0.00607726
59245 66963 66811 -0.00256562
56360 63896 63953 0.00101136
59769 65860 65800 -0.00100386
57788 64355 64327 -0.00048453
59392 66974 66767 -0.00348532
58873 66629 66727 0.0016646
58490 64357 63570 -0.0134553
58845 64880 64752 -0.00217521
56858 63175 63393 0.00383411
58174 64769 64769 0
55774 64075 64022 -0.000950264
56523 64120 63746 -0.00661678
55641 63946 63961 0.000269585
56337 62961 62715 -0.00436658
56652 64806 64806 0
58397 64332 64497 0.00282549
54584 62571 62738 0.0030595
59390 64186 64186 0
56298 64217 64670 0.00804647
58794 66594 66718 0.00210906
57081 64390 64434 0.000770834
57205 63421 63576 0.00270955
56782 63709 63444 -0.00466697
57759 64237 64237 0
55149 64175 64204 0.000525848
57342 64024 63881 -0.00249381
56527 64441 64651 0.00371504
59232 66551 66668 0.00197528
56523 64169 64169 0
56213 65326 65148 -0.00316653
57381 62694 62582 -0.00195187
57934 64490 63996 -0.00852694
57270 66200 66355 0.00270648
58671 65315 65113 -0.00344293
57643 64101 64013 -0.00152664
57357 65314 65467 0.0026675
58796 65519 65174 -0.00586775
57968 65381 65309 -0.00124206
56240 65134 65106 -0.000497866
59306 65225 64929 -0.00499106
56872 64673 64830 0.00276059
58190 64074 63499 -0.00988142
60451 66986 66986 0
57032 65770 65803 0.000578623
56624 63360 63572 0.003744
57048 62996 63037 0.000718693
56425 65260 64993 -0.00473195
54680 63752 63752 0
54545 63455 63835 0.00696672
58240 63419 63329 -0.00154533
56523 66139 66251 0.00198149
55936 63647 63432 -0.00384368
57591 62337 62507 0.00295185
57024 64722 64623 -0.00173611
57749 64531 64385 -0.00252818
55271 63832 63722 -0.00199019
57724 64715 64709 -0.000103943
56133 64802 65500 0.0124348
56795 63724 64364 0.0112686
55592 63541 62546 -0.0178983
58940 66009 65975 -0.000576858
58485 66565 66366 -0.00340258
57629 65154 64194 -0.0166583
57656 64707 64829 0.002116
55659 65638 65677 0.000700695
56741 65244 65263 0.000334855
58270 65356 65196 -0.00274584
59126 66742 66616 -0.00213104
56942 64798 64778 -0.000351235
57597 65071 65519 0.00777818
58769 65473 65489 0.000272252
56012 64155 64658 0.00898022
57884 64218 64412 0.00335153
57887 65435 65504 0.00119198
57867 64727 64750 0.000397463
59549 65659 65852 0.00324103
58644 65914 66168 0.00433122
59092 66804 66475 -0.00556759
56258 64801 64807 0.000106651
56213 64375 64688 0.00556811
57969 64752 65224 0.00814228
58053 65053 65785 0.0126092
56274 63284 63420 0.00241675
55715 63411 63394 -0.000305124
57904 65588 65528 -0.0010362
54959 62281 62458 0.00322058
56904 64854 64750 -0.00182764
56930 64256 64056 -0.00351309
57229 64148 63695 -0.00791557
58566 64917 65128 0.00360277
58327 64626 64206 -0.00720078
58525 66672 66863 0.00326356
55704 64176 64176 0
58826 65227 65399 0.00292388
56845 63167 62752 -0.00730055
57533 65829 65668 -0.00279839
58678 66947 66827 -0.00204506
57468 63082 63453 0.00645577
58559 66696 66679 -0.000290306
54073 63407 63494 0.00160894
58376 64788 64760 -0.000479649
55104 64242 64215 -0.000489983
55056 64976 64967 -0.00016347
56141 63509 63981 0.0084074
57993 65656 65669 0.000224165
56395 64009 63871 -0.00244703
55971 63107 62832 -0.00491326
57179 65074 64577 -0.008692
58343 65751 65283 -0.00802153
58728 63519 63891 0.00633429
58893 65094 65202 0.00183383
56799 64393 64467 0.00130284
56821 65247 64918 -0.00579011
57607 65000 64666 -0.00579791
54864 62788 62690 -0.00178624
53026 62537 63056 0.00978765
55613 63831 63151 -0.0122274
60792 66948 66948 0
55828 63558 63373 -0.00331375
59817 65540 65560 0.000334353
57613 66407 66304 -0.00178779
58500 64204 64182 -0.000376068
58038 63049 63072 0.000396292
58368 65352 65179 -0.00296395
59105 64598 63827 -0.0130446
57777 64104 64511 0.00704433
58196 65607 65891 0.00488006
58404 64302 64280 -0.000376687
58109 64977 65464 0.0083808
56801 65508 65516 0.000140843
60888 65857 65608 -0.00408948
56680 62798 62585 -0.00375794
58369 64478 64519 0.000702428
57558 63769 63659 -0.00191112
58040 65369 65400 0.000534114
54919 62647 62522 -0.00227608
55154 61766 61746 -0.000362621
58175 62886 63309 0.00727116
58225 65067 64751 -0.00542722
54329 63548 63576 0.000515379
59667 65667 65657 -0.000167597
58931 65690 65690 0
57301 65099 65075 -0.000418841
56897 65997 65597 -0.00703025
54714 62397 62262 -0.00246738
56228 63073 63192 0.00211638
57768 65068 65110 0.000727046
58050 65811 65811 0
56511 63008 63540 0.0094141
55449 63313 62929 -0.00692528
57710 65140 65095 -0.000779761
60735 66698 66635 -0.00103729
55395 62731 63191 0.008304
56502 63108 63161 0.00093802
57081 63562 63357 -0.00359139
56065 64042 64328 0.00510122
58426 64344 63615 -0.0124773
56717 66058 65841 -0.00382601
58039 64612 64746 0.00230879
58200 66090 66317 0.00390034
58381 65783 66038 0.00436786
57318 65012 64920 -0.00160508
56202 64149 63947 -0.00359418
54720 63722 64362 0.0116959
56062 65306 65056 -0.00445935
55955 64059 64347 0.00514699
55829 63818 62755 -0.0190403
59523 66186 66152 -0.000571208
57931 64147 64045 -0.00176072
57393 62892 62889 -5.22712e-05
55993 64353 63962 -0.00698302
54359 63168 62805 -0.00667783
56288 65450 65520 0.0012436
57477 66544 66544 0
55938 65031 64826 -0.00366477
56377 66551 66433 -0.00209305
54783 63455 63049 -0.00741106
55669 63169 62971 -0.00355674
60249 64481 64874 0.00652293
56642 64236 64086 -0.00264821
56884 64914 64987 0.00128331
57532 66265 65977 -0.00500591
59356 66004 66190 0.00313363
57510 64263 64263 0
58421 65912 65740 -0.00294415
57254 63887 64028 0.00246271
58942 65999 66195 0.0033253
56190 64303 64008 -0.00525004
55081 63230 62854 -0.00682631
57512 64555 64587 0.000556406
57139 64204 64568 0.00637043
55470 63457 63362 -0.00171264
57140 63649 63310 -0.0059328
56425 66526 65851 -0.0119628
56634 62089 61965 -0.0021895
58219 66251 66127 -0.00212989
58351 64741 64429 -0.00534695
53964 65175 64810 -0.00676377
54643 63360 63149 -0.00386143
55530 65865 65671 -0.00349361
54433 63806 63768 -0.000698106
59882 66566 66112 -0.00758158
57480 64300 64584 0.00494085
54485 62189 62658 0.00860787
54511 63003 62835 -0.00308195
58393 67382 67595 0.0036477
55056 63731 63534 -0.00357817
56596 63881 62956 -0.0163439
57342 65523 65510 -0.00022671
57079 63451 63084 -0.00642969
58960 64957 64807 -0.0025441
54434 61973 61973 0
57349 64395 64459 0.00111597
56618 64027 63786 -0.0042566
57962 64175 64101 -0.0012767
56250 63507 63704 0.00350222
56822 64943 64701 -0.00425891
56908 65278 65278 0
58630 65441 65108 -0.00567969
56821 64121 64112 -0.000158392
58698 66280 66280 0
55262 62982 63397 0.00750968
56755 64674 64187 -0.00858074
55699 63252 63585 0.00597856
59919 65051 64803 -0.00413892
57975 63998 64324 0.00562311
58698 63884 64283 0.00679751
56590 65092 64951 -0.00249161
55999 62992 62588 -0.00721441
56255 63489 63481 -0.00014221
58987 64853 64618 -0.00398393
57569 64279 64389 0.00191075
56656 63453 63650 0.00347713
59125 65677 65650 -0.00045666
57692 63446 63526 0.00138667
56354 62636 62405 -0.00409909
57259 62912 63067 0.002707
57034 64560 64488 -0.0012624
57384 64373 64368 -8.71323e-05
57666 64803 64880 0.00133528
57383 65017 65015 -3.48535e-05
55581 64650 64894 0.00438999
58085 65071 65016 -0.000946888
56638 66246 66112 -0.0023659
57308 64830 64355 -0.00828855
59666 66116 66083 -0.000553079
56738 64425 64425 0
56216 63217 63548 0.005888
56861 63993 63644 -0.00613777
56285 63993 64130 0.00243404
57211 64212 64346 0.00234221
56110 64250 64336 0.0015327
55222 63966 64089 0.00222737
56897 64696 64581 -0.0020212
57445 64768 64525 -0.00423013
58590 64764 64743 -0.000358423
57179 64108 63972 -0.0023785
56411 63760 63585 -0.00310223
56951 66850 67081 0.00405612
59191 66788 66706 -0.00138535
58540 65459 65508 0.000837035
57996 65265 65034 -0.00398303
57562 63665 63471 -0.00337028
56379 65254 65470 0.00383121
59302 65017 64977 -0.000674514
59036 67250 67429 0.00303205
56993 63930 63970 0.000701841
59294 67819 67917 0.00165278
58393 65788 65693 -0.00162691
58706 65339 65339 0
55969 62572 62663 0.0016259
56244 63959 63719 -0.00426712
56892 64748 65012 0.00464037
56462 64454 64820 0.00648224
59000 64629 64689 0.00101695
59134 65377 65268 -0.00184327
56672 64434 64517 0.00146457
57181 64171 64286 0.00201116
56717 62239 62060 -0.00315602
55743 63564 63551 -0.000233213
56142 64221 64143 -0.00138933
56048 64657 64672 0.000267628
58415 65801 65322 -0.00819995
57213 65360 65473 0.00197508
60253 65661 65711 0.000829834
58366 66578 66436 -0.00243292
58558 65203 65001 -0.00344957
56627 65462 65439 -0.000406167
55144 63126 63126 0
57438 64298 64268 -0.000522302
59346 65123 65123 0
57620 65659 65586 -0.00126692
56118 63613 63404 -0.0037243
55867 62606 62441 -0.00295344
58797 65364 65176 -0.00319744
57577 64655 64687 0.000555777
56980 65187 65669 0.00845911
57878 66363 66125 -0.0041121
56238 64588 64225 -0.00645471
58753 64377 64202 -0.00297857
56864 65628 65982 0.00622538
56029 63845 63915 0.00124935
57612 64099 64328 0.00397487
58722 66068 65913 -0.00263956
57351 64302 64437 0.00235393
58880 66478 66029 -0.00762568
58066 66644 66682 0.000654428
58062 65234 65250 0.000275567
56660 65050 65190 0.00247088
57426 63590 63590 0
54900 62554 62400 -0.0028051
57879 65967 65898 -0.00119214
57630 63859 64298 0.00761756
57495 63992 63812 -0.00313071
56944 64671 64870 0.00349466
56570 65021 65065 0.000777797
58451 64152 63943 -0.00357564
59412 65002 65664 0.0111425
56917 62700 62515 -0.00325035
57922 64712 64021 -0.0119298
57386 63462 63778 0.00550657
55420 63541 63516 -0.000451101
58338 65774 65774 0
58540 64498 63961 -0.00917321
56730 64699 64589 -0.00193901
55876 65521 65579 0.00103801
58466 65053 65146 0.00159067
56958 65105 65093 -0.000210682
57548 66014 65722 -0.00507403
59107 65129 64839 -0.00490636
56061 64210 64699 0.00872264
57925 65678 65855 0.00305568
57149 63774 63851 0.00134736
57718 65608 65688 0.00138605
59725 65827 66092 0.004437
56725 62724 62766 0.000740414
56078 63284 63362 0.00139092
58756 67268 67399 0.00222956
57325 65178 65034 -0.00251199
56351 64590 64603 0.000230697
59135 64368 64506 0.00233364
59201 66213 65963 -0.0042229
57392 65406 65454 0.000836353
58487 67128 66872 -0.00437704
58849 63737 63536 -0.00341552
56320 63942 64016 0.00131392
56306 63999 63529 -0.00834725
54937 63754 63391 -0.00660757
56658 64784 64516 -0.00473014
55759 61985 62219 0.00419663
57335 64158 63975 -0.00319177
57397 63659 63659 0
57834 64164 64817 0.0112909
57985 65259 65029 -0.00396654
57260 63415 63658 0.0042438
55030 64403 64408 9.08595e-05
58366 64482 64489 0.000119933
56236 62604 62005 -0.0106515
59401 65311 65336 0.000420868
55779 62100 62091 -0.000161351
59418 65943 65943 0
58635 64825 64443 -0.00651488
57955 66206 66299 0.00160469
58087 64639 64610 -0.000499251
58337 64364 64335 -0.000497112
58074 65333 64965 -0.00633674
56318 63112 63028 -0.00149153
56490 64280 64372 0.00162861
56070 63717 63686 -0.00055288
59055 64467 64780 0.00530014
55770 64142 64423 0.00503855
56905 64221 63563 -0.0115631
54462 62459 62490 0.000569204
57474 63002 63395 0.00683787
56645 63920 64390 0.00829729
56802 64835 64761 -0.00130277
57426 64833 64461 -0.0064779
55496 67201 67197 -7.20773e-05
57710 63980 64039 0.00102235
58050 65090 65090 0
60615 66869 66861 -0.000131981
56004 66256 66256 0
57219 65257 65251 -0.00010486
57997 64923 64905 -0.000310361
55728 62396 62550 0.00276342
58828 64874 64681 -0.00328075
58346 64540 64767 0.00389058
56844 64160 63888 -0.00478503
60131 66152 66152 0
57301 65313 65510 0.00343799
56586 62737 62688 -0.000865939
55831 63060 62780 -0.00501513
58298 64733 64756 0.000394525
58056 63711 63515 -0.00337605
57277 64289 64235 -0.000942787
54168 63218 62503 -0.0131997
56670 63882 63818 -0.00112935
56122 63428 63407 -0.000374185
54831 63205 63440 0.0042859
56315 64531 64657 0.00223741
57786 64520 64670 0.00259578
56725 63549 63914 0.00643455
56509 63408 63408 0
56560 64899 64820 -0.00139675
58707 64313 64505 0.00327048
57531 65170 65297 0.00220751
58175 64285 64315 0.000515685
57144 63742 63427 -0.00551239
56718 63784 63610 -0.00306781
57449 63566 63701 0.00234991
56339 64175 64183 0.000141998
56339 63344 63535 0.00339019
58137 66534 66569 0.000602026
57420 64289 64476 0.0032567
58950 66156 65751 -0.00687023
57178 64344 64043 -0.00526426
57051 66485 66648 0.00285709
58599 63989 63897 -0.00156999
56304 62946 62802 -0.00255754
57391 65376 65162 -0.00372881
58018 63359 63319 -0.000689441
56384 63028 62932 -0.00170261
60413 66258 66216 -0.000695215
58588 65433 65473 0.000682734
57774 63147 63215 0.001177
56772 64900 65054 0.0027126
55809 63828 63048 -0.0139762
57221 63576 63569 -0.000122333
56146 64601 64552 -0.000872725
55124 64634 64577 -0.00103403
59833 65354 65354 0
54751 63783 63223 -0.0102281
55480 66310 66294 -0.000288392
57358 65970 66022 0.000906587
59998 67339 67494 0.00258342
57920 64047 64073 0.000448895
57416 63744 63341 -0.00701895
59815 65572 65630 0.000969656
57615 64966 64984 0.000312419
57340 64773 64944 0.00298221
57300 64821 64388 -0.00755672
57028 64099 63876 -0.00391036
59064 64175 64155 -0.000338616
57525 65485 65591 0.00184268
58953 64177 63944 -0.0039523
58445 64988 64608 -0.00650184
56159 63841 63879 0.00067665
57759 65304 65360 0.000969546
57746 64162 64274 0.00193953
55674 64852 64908 0.00100586
57632 65329 65288 -0.00071141
57788 63662 64132 0.00813318
58527 65921 65806 -0.00196491
54982 64012 63968 -0.000800262
56275 63741 63857 0.00206131
57170 65001 65080 0.00138184
57099 63027 63347 0.0056043
57363 64411 64469 0.0010111
57048 64366 64221 -0.00254172
57544 65079 64602 -0.00828931
57516 64212 64172 -0.000695459
55960 64220 63642 -0.0103288
57198 65419 65300 -0.00208049
57465 65708 65240 -0.00814409
55120 62868 62803 -0.00117925
58930 64326 64438 0.00190056
56315 64414 64257 -0.00278789
56726 65648 65312 -0.00592321
57815 64452 63878 -0.00992822
57206 63458 63621 0.00284935
56292 64644 64593 -0.00090599
57562 64906 64869 -0.000642785
57599 65704 65831 0.0022049
55674 64113 64113 0
58093 63323 62810 -0.00883067
58943 64998 64727 -0.00459766
57880 63975 64120 0.00250518
57229 65190 65723 0.00931346
55547 63039 63269 0.00414064
54499 63400 63736 0.00616525
56812 64853 64965 0.00197141
55959 64344 64157 -0.00334173
55781 64099 63880 -0.00392607
56320 63860 64486 0.0111151
58177 65704 65424 -0.0048129
58794 66248 66260 0.000204102
57328 65599 65819 0.00383757
58576 65086 65303 0.00370459
57046 64252 64332 0.00140238
59107 66941 66867 -0.00125197
58545 64576 64597 0.000358698
56328 63871 63180 -0.0122674
56449 65413 65161 -0.00446421
56211 65281 65193 -0.00156553
56847 63077 62677 -0.00703643
56360 64447 64344 -0.00182754
57913 65188 64967 -0.00381607
58155 65612 65600 -0.000206345
56107 63412 63271 -0.00251306
58089 64678 64783 0.00180757
57897 65952 65964 0.000207265
56337 63880 63259 -0.011023
55214 64744 64567 -0.00320571
58279 64846 64900 0.000926577
57480 64902 64785 -0.00203549
55071 62551 62567 0.000290534
58091 66671 66406 -0.00456181
59457 64956 65072 0.00195099
58818 66964 66511 -0.00770172
54785 63581 63763 0.00332208
56839 63371 63602 0.00406411
58689 66446 66377 -0.00117569
55723 63655 63708 0.000951133
57505 63340 63340 0
56103 65922 65754 -0.00299449
57962 65221 65052 -0.0029157
54958 65126 64462 -0.012082
59913 66156 66037 -0.00198621
57197 65080 65369 0.00505271
57032 65163 64989 -0.00305092
56712 62452 62730 0.00490196
57672 64469 64480 0.000190734
55958 65090 65078 -0.000214447
59331 65530 65718 0.00316866
58618 64369 64075 -0.00501552
57516 63126 63101 -0.000434662
58383 66086 66970 0.0151414
56460 63987 64085 0.00173574
57310 64104 64151 0.000820101
59351 67026 66865 -0.00271268
58481 66390 66703 0.00535217
57895 64849 64696 -0.00264272
57763 64565 64293 -0.0047089
58575 65112 64609 -0.00858728
57003 63630 63828 0.0034735
58327 63628 63860 0.00397757
57686 64157 63559 -0.0103665
55233 61961 61874 -0.00157515
55450 63568 63579 0.000198377
58538 65225 64995 -0.00392907
57066 64950 64657 -0.00513441
58851 66406 65516 -0.0151229
57131 65783 64566 -0.0213019
60357 66149 65445 -0.0116639
55058 65250 65189 -0.00110792
56677 65339 65251 -0.00155266
59733 64823 65522 0.0117021
57026 65474 65493 0.000333181
59924 65904 65780 -0.00206929
56557 64613 64121 -0.00869919
58411 65706 65810 0.00178049
58474 64754 64817 0.0010774
57842 63808 63658 -0.00259327
58094 65957 65940 -0.000292629
59948 66383 66568 0.00308601
56145 64692 64661 -0.000552142
57400 64119 64079 -0.000696864
56148 64948 64985 0.000658973
56514 64240 63628 -0.0108292
59666 66214 66214 0
55815 63352 63362 0.000179163
57620 65687 65390 -0.00515446
57237 64551 64885 0.00583539
56027 64035 64021 -0.00024988
55458 64662 64717 0.000991741
57524 63352 63352 0
57249 64556 64872 0.00551975
56693 63920 63932 0.000211666
56030 64355 64108 -0.00440835
57095 65037 65039 3.50293e-05
56141 63907 63585 -0.00573556
57536 64886 64728 -0.00274611
54973 63843 63843 0
56684 65443 65063 -0.00670383
57632 64105 64399 0.00510133
57156 63899 63747 -0.00265939
58238 63672 63607 -0.00111611
56254 64573 64530 -0.00076439
56120 64334 64272 -0.00110478
57171 63241 63325 0.00146928
56435 65222 65266 0.000779658
58769 66954 66858 -0.00163351
58321 65490 65639 0.00255483
56473 64500 64255 -0.00433836
58227 65901 65764 -0.00235286
56719 65584 65584 0
54654 64456 64426 -0.000548908
58961 65829 65729 -0.00169604
56901 65116 65137 0.000369062
56848 63327 63238 -0.00156558
57251 65474 65474 0
58494 65000 65703 0.0120183
57131 65356 65513 0.00274807
57998 65081 65112 0.000534501
59233 63735 64295 0.00945419
57908 64942 64892 -0.000863439
58427 65456 64585 -0.0149075
56682 64094 64089 -8.82114e-05
58355 65455 65646 0.00327307
55926 62951 62933 -0.000321854
57393 63935 64002 0.00116739
56595 64347 64335 -0.000212033
59143 65839 65605 -0.00395651
58493 64091 64169 0.00133349
59590 66563 66301 -0.00439671
55547 65270 65269 -1.80028e-05
55391 62258 62383 0.00225668
59102 65503 65771 0.00453453
55984 62818 63135 0.00566233
55984 64607 64459 -0.00264361
56649 63448 63073 -0.00661971
