43527 49350 49230 -0.00275691
42525 47611 47691 0.00188125
44601 49668 49911 0.00544831
41076 50196 50040 -0.00379784
44019 48482 48610 0.00290784
42020 49866 49513 -0.00840076
43489 50432 50563 0.00301226
42805 49884 49922 0.000887747
43206 48826 48822 -9.25797e-05
42796 47847 48057 0.004907
43438 48891 49018 0.00292371
42755 48509 48653 0.00336803
41669 48070 47740 -0.00791956
43360 50238 50255 0.000392066
43008 49928 49957 0.000674293
41668 49183 49193 0.000239992
43511 50808 50808 0
42378 50901 50801 -0.00235971
42452 48605 48480 -0.0029445
43269 50043 49795 -0.00573159
44912 49641 49776 0.00300588
43204 48900 48787 -0.0026155
41972 48218 48158 -0.00142952
43735 48649 48727 0.00178347
44460 49676 49597 -0.00177688
42754 49301 49214 -0.0020349
43872 49735 49611 -0.0028264
44309 50801 50535 -0.0060033
42235 48274 48025 -0.00589558
42754 49280 49596 0.00739112
43051 50316 50456 0.00325196
41869 48618 48647 0.000692637
43888 49003 49088 0.00193675
41614 47960 48241 0.00675254
42384 48316 48232 -0.00198188
41409 48257 48118 -0.00335676
41983 48654 49262 0.0144821
44139 50952 51191 0.00541471
43235 50077 49826 -0.00580548
41651 49265 49250 -0.000360135
44676 50854 50617 -0.00530486
45342 49945 49547 -0.00877773
45632 49500 49822 0.00705645
44346 49850 49439 -0.00926803
40813 48513 48593 0.00196016
45794 50894 50894 0
44193 49884 49840 -0.000995633
43337 49879 49289 -0.0136142
44366 49227 49227 0
42693 49401 49197 -0.0047783
42277 48209 47803 -0.00960333
43234 49671 49801 0.00300689
41639 48636 48835 0.00477917
44532 49890 49968 0.00175155
43969 50039 50603 0.0128272
43155 49073 48877 -0.00454177
42792 48893 48833 -0.00140213
44897 50363 50327 -0.000801835
42309 49769 49759 -0.000236356
41377 48401 48204 -0.0047611
43698 48836 48947 0.00254016
42404 48731 48267 -0.0109424
44590 50938 50729 -0.00468715
44010 50429 50741 0.0070893
41694 47573 47450 -0.00295006
43209 48268 48019 -0.00576269
42556 48847 48957 0.00258483
42854 49089 49379 0.00676716
41900 48263 48263 0
41784 48892 48760 -0.0031591
42074 49671 49821 0.00356515
42015 49098 48866 -0.00552184
43438 50095 50252 0.00361435
42234 49093 49363 0.00639295
40277 48189 48063 -0.00312834
41117 47893 47985 0.00223752
41144 48831 48552 -0.00678106
43876 49627 49840 0.00485459
45374 50331 50395 0.0014105
43929 49793 49638 -0.00352842
41332 47349 47538 0.00457273
44187 48335 48629 0.00665354
44639 48398 48549 0.00338269
42923 48862 48854 -0.00018638
43492 49095 49172 0.00177044
42470 49586 49430 -0.00367318
41705 48525 48419 -0.00254166
43199 50653 50434 -0.00506956
44808 51444 51378 -0.00147295
43513 50308 49283 -0.0235562
43160 51212 51268 0.0012975
43681 50096 50203 0.00244958
42330 49764 49528 -0.00557524
43747 49148 49280 0.00301735
42808 50977 50874 -0.00240609
42689 48152 47901 -0.00587973
43382 48451 48754 0.00698446
43917 49793 49887 0.0021404
43322 48842 48900 0.00133881
43721 48179 47577 -0.0137691
44031 50132 50007 -0.00283891
43324 49364 49560 0.00452405
44404 50109 49929 -0.00405369
43143 49950 50022 0.00166887
43656 49296 49623 0.00749038
44966 51018 51655 0.0141663
43144 48122 47955 -0.00387076
44041 48510 48586 0.00172566
41051 48714 48478 -0.00574895
43775 50657 50675 0.000411194
45175 50509 50361 -0.00327615
41106 49091 49091 0
41679 49531 49561 0.000719787
40754 49287 49242 -0.00110419
41392 47814 47814 0
41137 48082 48147 0.00158009
43319 47784 47747 -0.000854129
42849 49273 49351 0.00182035
44985 50799 50791 -0.000177837
43681 48833 49403 0.0130492
44302 49645 49833 0.0042436
43375 49183 49359 0.00405764
43749 49846 49777 -0.00157718
42618 48810 48985 0.00410625
42446 49502 49571 0.00162559
45121 49869 49869 0
41668 49017 49017 0
42288 49746 49839 0.00219921
43581 49024 49181 0.00360249
44232 50628 50789 0.0036399
44703 50639 50776 0.00306467
45468 49377 49282 -0.00208938
43027 49353 49566 0.00495038
44043 49856 50070 0.00485889
43976 50532 50753 0.00502547
43295 49249 49428 0.00413443
44395 50042 49798 -0.00549611
43305 50122 49947 -0.0040411
41844 48047 47993 -0.00129051
43484 49421 49611 0.00436942
42225 48072 47765 -0.00727057
42665 49078 48536 -0.0127036
39952 46742 46953 0.00528134
43419 48115 48299 0.00423778
42255 49150 49173 0.000544314
42488 50692 50672 -0.000470721
43210 49767 49777 0.000231428
41028 47790 47611 -0.00436287
43141 50781 50758 -0.000533136
42477 48083 47952 -0.00308402
42744 48890 48927 0.000865619
42238 49059 48699 -0.00852313
43304 48927 48631 -0.0068354
42183 48507 48473 -0.000806012
42465 49447 49381 -0.00155422
44206 49339 49399 0.00135728
42212 47804 47778 -0.000615939
43436 48799 48533 -0.00612395
43025 48910 48737 -0.00402092
43192 48569 48604 0.000810335
44368 50076 49976 -0.00225388
43322 49994 49735 -0.00597849
43363 49847 49677 -0.00392039
42632 50093 50141 0.00112591
40232 48465 48439 -0.000646252
43515 49615 49556 -0.00135585
41508 49515 49425 -0.00216826
42219 50388 50128 -0.00615836
44050 49242 49264 0.000499432
42383 50071 49335 -0.0173655
42085 48295 48879 0.0138767
43422 49543 49399 -0.00331629
41549 49661 49803 0.00341765
42625 48683 48862 0.00419941
43745 50527 50328 -0.00454909
45150 50005 49397 -0.0134662
44400 50009 49907 -0.0022973
43324 48689 48659 -0.000692457
42706 49415 49685 0.0063223
42809 49106 49182 0.00177533
44093 50815 50650 -0.00374209
43912 48964 48812 -0.00346147
44044 48834 49024 0.00431387
41920 48864 48648 -0.00515267
43764 50603 50618 0.000342747
42250 50489 50774 0.00674556
41347 48082 48230 0.00357946
41304 47671 47556 -0.00278423
42624 49440 49212 -0.0053491
44424 50652 50820 0.00378174
43819 49241 49160 -0.00184851
44949 50108 50108 0
44120 49071 48983 -0.00199456
43989 51087 50856 -0.00525131
43017 49078 49194 0.00269661
42594 48785 48640 -0.00340424
42519 49638 49541 -0.00228133
42308 48507 48403 -0.00245816
42113 48230 48391 0.00382305
42648 49565 49565 0
43876 52003 51763 -0.00546996
42845 49779 49678 -0.00235733
44077 49651 49672 0.000476439
43075 50541 50302 -0.00554846
43738 49368 49299 -0.00157758
40711 46634 46396 -0.00584609
43002 49452 49489 0.000860425
43068 49338 49138 -0.00464382
40586 47993 48422 0.0105701
43825 48925 48998 0.00166572
41334 46744 46631 -0.00273383
43057 50853 50853 0
42726 48963 48990 0.000631934
44984 50883 50864 -0.000422372
42808 49323 49477 0.00359746
41380 48789 48602 -0.00451909
41982 48631 48470 -0.00383498
42730 49328 49023 -0.00713784
43548 48388 48283 -0.00241113
42900 49504 49640 0.00317016
44421 50319 50345 0.000585309
42491 47854 48169 0.00741333
44154 51080 51150 0.00158536
40712 47352 47355 7.36883e-05
42848 49615 49651 0.000840179
43411 49659 49545 -0.00262606
41725 48767 49053 0.0068544
42346 48235 48275 0.000944599
42347 49132 49291 0.00375469
43030 49808 49226 -0.0135254
42689 49790 50010 0.00515355
42846 49609 49682 0.00170378
44687 50388 50462 0.00165596
42593 48599 48490 -0.00255911
43741 48971 49135 0.00374934
41254 48674 48577 -0.00235129
44201 49540 49856 0.00714916
42895 49154 49186 0.000746008
42675 50097 49917 -0.00421793
43360 49336 49400 0.00147601
43261 48520 48632 0.00258894
43656 49467 49523 0.00128276
41720 47227 47205 -0.000527325
43007 48579 48623 0.00102309
43138 50914 50894 -0.000463628
44525 51372 50426 -0.0212465
42919 48321 48323 4.65994e-05
40726 48475 48399 -0.00186613
41131 48587 48748 0.00391432
41481 47972 47493 -0.0115475
42239 48321 48302 -0.000449821
41844 49983 49981 -4.77966e-05
43107 49350 49532 0.00422205
41198 47353 47315 -0.000922375
42725 47505 48019 0.0120304
44655 49391 49095 -0.0066286
43079 49261 49224 -0.000858887
43074 49293 49066 -0.00527
42161 49551 49377 -0.00412704
42074 48724 48726 4.75353e-05
42747 48685 48774 0.00208202
41995 49504 49365 -0.00330992
44348 50302 50245 -0.00128529
42422 48251 48261 0.000235727
42527 50318 50454 0.00319797
39591 47972 47747 -0.00568311
41665 48600 49230 0.0151206
43477 49250 49331 0.00186305
42551 49704 49638 -0.00155108
43136 48071 48219 0.00343101
44082 50037 49905 -0.00299442
41308 49059 49260 0.00486589
42871 47863 48019 0.00363882
42504 49887 49880 -0.00016469
45902 50910 50987 0.00167749
43494 49866 49866 0
43852 49832 49986 0.00351181
40193 47453 47329 -0.00308511
43338 50225 50225 0
42889 49664 49618 -0.00107254
43887 49196 49066 -0.00296215
41233 47550 47348 -0.00489899
42332 47467 47371 -0.00226779
43619 49490 49973 0.0110732
41689 47583 47688 0.00251865
42643 49428 49301 -0.00297821
42439 47589 47645 0.00131954
45025 50690 50953 0.0058412
43134 49246 49366 0.00278203
43638 49080 49172 0.00210825
42185 49391 49112 -0.00661373
42492 49092 49173 0.00190624
41979 48673 48659 -0.0003335
44155 49065 49206 0.0031933
42833 49370 49256 -0.0026615
42087 48837 49076 0.00567871
45057 51597 51550 -0.00104312
41090 49024 49032 0.000194695
42207 50060 50306 0.00582842
43775 49884 49796 -0.00201028
41240 46968 47299 0.00802619
43955 49811 50357 0.0124218
43752 49729 49735 0.000137137
43251 50351 50266 -0.00196527
40810 47738 47812 0.00181328
42240 48505 48452 -0.00125473
44259 49220 49864 0.0145507
43664 49640 49683 0.000984793
43613 49382 49196 -0.00426478
42587 48651 48751 0.00234813
43053 49559 48985 -0.0133324
43089 48814 48814 0
43256 49390 49278 -0.00258924
42642 49792 49928 0.00318934
43286 49077 48827 -0.00577554
44818 50747 50567 -0.00401624
42750 49731 49648 -0.00194152
42116 47806 48061 0.00605471
42155 48806 48528 -0.00659471
41542 47752 48165 0.00994175
42118 47563 47671 0.00256422
41870 47154 47256 0.00243611
42510 49558 49398 -0.00376382
42589 48152 48335 0.00429688
42550 49237 49324 0.00204465
43868 48850 48791 -0.00134494
43628 49972 49816 -0.00357569
41922 48731 48990 0.00617814
43371 48702 48702 0
44145 50249 50262 0.000294484
42054 48534 48454 -0.00190232
43123 48281 48168 -0.00262041
40727 48753 48708 -0.00110492
43100 49694 49069 -0.0145012
42109 47643 47411 -0.00550951
44142 49688 49688 0
42389 49309 49246 -0.00148623
43424 51066 51049 -0.000391489
42287 48324 48396 0.00170265
44347 50306 51173 0.0195504
42263 49376 49470 0.00222417
42973 49701 49499 -0.00470063
41806 49046 48998 -0.00114816
42042 49272 49187 -0.00202179
43063 49605 49621 0.000371549
44451 50201 50094 -0.00240714
43958 49535 49316 -0.00498203
44171 49654 49572 -0.00185642
42244 48161 48267 0.00250923
43080 48004 47747 -0.00596565
43323 50275 50138 -0.00316229
43138 49497 49383 -0.00264268
42999 48891 48837 -0.00125584
42441 48098 47655 -0.010438
42872 49235 49111 -0.00289233
42978 49459 49509 0.00116339
42450 48883 48686 -0.00464075
42956 49817 49214 -0.0140376
42921 48675 48698 0.000535868
42927 49046 49128 0.00191022
41593 49045 49207 0.00389489
43877 49569 48988 -0.0132416
42745 49367 49268 -0.00231606
42476 50470 50417 -0.00124776
45027 50570 50357 -0.0047305
42966 50372 50264 -0.00251362
41281 47743 47348 -0.00956857
42998 49371 49593 0.00516303
42414 49316 49308 -0.000188617
44708 50426 50397 -0.000648653
44791 50421 50731 0.00692103
41497 49271 49254 -0.000409668
41844 48348 48314 -0.000812542
45522 51345 51345 0
43540 49921 49702 -0.00502986
44221 49958 49925 -0.000746252
42705 48983 49010 0.000632244
45397 49385 49450 0.00143181
44407 49470 49169 -0.00677821
43201 49890 49832 -0.00134256
43170 49169 48974 -0.00451703
42866 49275 49173 -0.00237951
43533 49222 48982 -0.00551306
43221 49178 49350 0.00397955
41736 48246 48361 0.00275541
42467 48601 48608 0.000164834
41477 49314 49372 0.00139837
42555 50034 50033 -2.3499e-05
42587 49344 49344 0
44553 50682 50682 0
41874 48767 48691 -0.00181497
45413 49890 49914 0.000528483
42919 49082 48956 -0.00293576
44926 50924 50705 -0.00487468
44069 49892 49880 -0.0002723
44201 49013 49014 2.26239e-05
44236 49680 49590 -0.00203454
42837 48340 48471 0.0030581
42704 48908 49086 0.00416823
42641 48958 49188 0.00539387
42525 48766 48810 0.00103469
41878 48788 48574 -0.00511008
41608 47861 47103 -0.0182177
42220 48349 48115 -0.0055424
43405 48489 48599 0.00253427
40160 47883 47585 -0.00742032
45047 49498 49511 0.000288587
40850 48484 48392 -0.00225214
44221 51797 51670 -0.00287194
42205 48671 48709 0.000900367
41765 47839 47812 -0.000646474
43152 49033 48673 -0.0083426
42811 48885 48871 -0.000327019
42108 50415 50153 -0.0062221
44026 49204 48900 -0.00690501
41643 48795 48923 0.00307375
45088 51088 51040 -0.00106458
43053 48707 48926 0.00508675
41711 49982 50017 0.000839107
43578 47665 47557 -0.00247831
43199 49428 49523 0.00219912
42373 49871 49565 -0.00722158
43534 48931 49300 0.00847613
43348 49009 49103 0.0021685
42957 49609 49651 0.000977722
43758 50406 50135 -0.00619315
45007 50191 50257 0.00146644
41804 50073 49709 -0.0087073
44490 48972 48858 -0.00256237
43066 48896 48791 -0.00243812
44417 49093 48950 -0.00321949
45786 50908 51055 0.00321059
42217 49654 49788 0.00317408
42477 48385 48950 0.0133013
43513 47124 47363 0.00549261
42327 49312 49411 0.00233893
40091 48130 48217 0.00217006
41428 49467 49543 0.00183451
44666 49021 49085 0.00143286
43400 50473 50772 0.0068894
41270 48568 48644 0.00184153
43589 47808 47889 0.00185827
41816 47464 47759 0.00705472
43778 49062 49136 0.00169035
40948 48087 48149 0.00151412
41914 48458 48693 0.00560672
41746 49618 49576 -0.00100608
42236 47726 47806 0.00189412
42254 48949 48903 -0.00108865
44827 50178 50256 0.00174002
44613 50265 50175 -0.00201735
43083 49340 49242 -0.00227468
42887 48710 48555 -0.00361415
40956 49550 49645 0.00231956
42403 49512 49539 0.000636747
43971 50101 50174 0.00166019
45507 51301 51347 0.00101083
42258 49697 49739 0.000993895
43151 50425 50440 0.000347617
43863 49897 49665 -0.0052892
42203 49098 48986 -0.00265384
43698 48571 48325 -0.00562955
43686 49764 49764 0
42731 49002 49160 0.00369755
44958 50437 50439 4.4486e-05
44028 51466 51468 4.54256e-05
44700 51459 51594 0.00302013
41136 49065 49097 0.000777907
41819 49396 49596 0.00478252
42564 49608 49473 -0.00317169
43282 49964 49824 -0.0032346
41788 48357 48346 -0.000263233
41267 48782 48910 0.00310175
43611 50668 50506 -0.00371466
40387 47531 47525 -0.000148563
43221 49496 49327 -0.00391014
42008 49100 49062 -0.00090459
42645 48744 48744 0
44936 49441 49482 0.000912409
42267 48697 48697 0
43803 50426 50644 0.00497683
41494 48710 48780 0.00168699
44226 49817 49885 0.00153756
42484 48359 47763 -0.0140288
43321 49367 49846 0.011057
43783 50336 49810 -0.0120138
44768 50335 50191 -0.00321658
42786 50601 50738 0.00320198
40499 48776 48847 0.00175313
42715 49735 49735 0
41749 49473 49459 -0.000335337
42056 49711 49602 -0.00259178
42729 48424 48731 0.00718482
44091 50536 50212 -0.00734844
41731 48464 48488 0.000575112
42100 48423 48223 -0.00475059
42583 50230 50180 -0.00117418
42996 49531 49537 0.000139548
43079 48561 48517 -0.00102138
44124 49440 49440 0
41406 48506 48158 -0.00840458
43831 49331 49490 0.00362757
44090 49190 49384 0.00440009
40980 47205 47288 0.00202538
39077 47980 47754 -0.00578345
41352 48397 48717 0.00773844
45431 50622 50285 -0.00741784
42347 48892 49037 0.00342409
45728 50789 51036 0.0054015
42434 49304 49479 0.00412405
42779 48002 48262 0.00607775
44812 49428 49425 -6.69464e-05
43988 49469 48730 -0.0168
44508 49657 49899 0.00543722
43261 49589 49353 -0.00545526
43214 49247 48871 -0.00870088
44925 49587 49576 -0.000244853
43633 50139 49974 -0.00378154
41990 49280 49525 0.00583472
45917 49990 49935 -0.00119781
43020 47937 48455 0.0120409
43661 48559 48595 0.000824534
42164 48144 47929 -0.00509914
44185 49832 49924 0.00208215
41689 48588 48613 0.000599679
42306 46870 46677 -0.004562
42698 46992 46768 -0.00524615
43498 50022 50020 -4.59791e-05
41290 48520 48332 -0.00455316
45630 50644 50788 0.00315582
43438 48866 48877 0.000253234
43365 49278 48971 -0.00707944
42815 50641 50778 0.00319981
40500 47811 47814 7.40741e-05
42191 47791 48040 0.00590173
42955 49681 49649 -0.000744966
43497 50179 50702 0.0120238
42808 48199 48467 0.00626051
41159 47266 47575 0.00750747
42575 49079 49045 -0.000798591
44715 50126 50590 0.0103768
41049 47661 47583 -0.00190017
42224 47826 47831 0.000118416
42979 49469 49299 -0.00395542
42098 48214 48384 0.0040382
44195 49148 48623 -0.0118792
42251 49834 49962 0.00302951
44258 49420 49499 0.00178499
44705 51302 51054 -0.00554748
43436 50563 50535 -0.000644627
42665 49392 49238 -0.00360952
42387 49580 49467 -0.00266591
41127 48781 49044 0.00639483
41271 48932 48623 -0.0074871
41792 48439 48274 -0.00394812
42599 49272 49219 -0.00124416
44700 49827 49981 0.00344519
42839 48476 48387 -0.00207755
43569 48270 48478 0.00477404
41824 48709 48591 -0.00282135
40376 48181 48164 -0.000421042
42823 49309 49514 0.00478715
44031 50950 51004 0.00122641
41752 49974 49973 -2.39509e-05
42310 50365 50513 0.00349799
41179 48695 48725 0.000728527
41752 48292 48131 -0.0038561
45363 49979 49926 -0.00116835
42667 49047 48915 -0.00309373
43260 49436 48707 -0.0168516
43361 50786 50535 -0.00578861
44960 51308 51294 -0.000311388
43118 49008 49120 0.00259752
43436 49686 49734 0.00110507
43900 49876 49620 -0.00583144
43268 50191 50216 0.000577794
42337 49347 49478 0.00309422
40680 47414 47602 0.00462144
42868 49147 48976 -0.00398899
42099 48919 48927 0.000190028
41518 48210 48269 0.00142107
42902 49219 48971 -0.00578062
43501 50596 49629 -0.0222294
41968 46823 46710 -0.00269253
43105 50060 49632 -0.00992924
43105 49943 49900 -0.000997564
39574 49137 49176 0.000985496
42017 48729 48795 0.00157079
41571 50006 49834 -0.0041375
40615 48343 48238 -0.00258525
45760 51354 51110 -0.00533217
43303 49250 49587 0.00778237
41143 48273 48270 -7.29164e-05
40548 48236 47890 -0.0085331
43705 50391 50235 -0.00356939
40574 48582 48722 0.00345049
42039 47546 47478 -0.00161755
42770 49763 49763 0
41672 48392 48155 -0.00568727
43672 50320 50141 -0.00409874
41383 47636 47631 -0.000120823
43036 49288 49177 -0.00257924
42267 49007 48974 -0.000780751
43258 48898 48720 -0.00411485
41367 48548 48509 -0.00094278
42253 49547 49663 0.00274537
42887 50351 50052 -0.00697181
43420 48852 49303 0.0103869
42904 49543 49681 0.00321648
43589 50723 50357 -0.00839661
41406 48483 48659 0.00425059
41966 48575 48824 0.00593337
41867 48390 48297 -0.00222132
44448 50111 50170 0.00132739
41933 48624 48475 -0.00355329
44403 48229 48242 0.000292773
42428 49180 49180 0
42139 48008 48125 0.00277653
42418 47822 47999 0.00417276
44840 50236 50302 0.0014719
43616 49768 49578 -0.0043562
44200 48785 48597 -0.00425339
43928 49235 49375 0.00318703
44528 49503 49417 -0.00193137
42744 48136 48285 0.00348587
43603 48212 48208 -9.17368e-05
42870 49337 49406 0.00160952
43203 49303 49333 0.000694396
43358 50288 50148 -0.00322893
43543 49481 49490 0.000206692
42015 48731 49087 0.00847316
43893 49531 49214 -0.00722211
42986 51291 51390 0.00230308
42867 48918 49175 0.00599529
45117 50404 50631 0.00503136
42364 48555 48746 0.00450854
42867 49027 49115 0.00205286
42219 48205 48265 0.00142116
41252 47799 47694 -0.00254533
44008 50350 50374 0.000545355
42209 49245 49124 -0.00286669
41975 49101 49120 0.00045265
42641 48374 48779 0.0094979
43711 49428 49059 -0.00844181
44079 49384 49346 -0.000862089
43647 49727 49651 -0.00174124
42353 48285 48566 0.00663471
43121 51674 51674 0
44555 51064 51265 0.00451128
43426 47908 48035 0.00292452
43573 49869 49698 -0.00392445
42232 47463 47229 -0.00554082
42997 49357 49190 -0.00388399
44269 49259 49037 -0.0050148
43419 50947 51314 0.00845252
42352 49027 49084 0.00134586
45528 51806 51792 -0.000307503
44196 50818 50568 -0.00565662
43219 49098 48758 -0.00786691
41343 47438 47473 0.000846576
42641 49519 49583 0.0015009
42652 50572 50472 -0.00234456
41905 49248 49185 -0.0015034
44176 48862 48922 0.0013582
44920 49972 50016 0.000979519
43204 49910 49951 0.000948986
43454 49898 49833 -0.00149583
43210 47690 47496 -0.0044897
41783 48612 48480 -0.00315918
41380 48558 48263 -0.00712905
42441 49482 49301 -0.00426474
44755 51245 51137 -0.00241314
42739 49837 49634 -0.00474976
44917 49818 49938 0.00267159
44422 50727 50989 0.00589798
44317 51006 51088 0.00185031
42043 49813 49967 0.00366292
41834 48410 48384 -0.000621504
42503 48747 48844 0.00228219
44386 49416 49248 -0.00378498
43472 50566 50526 -0.000920132
42746 49414 49499 0.00198849
42091 48576 48252 -0.00769761
44156 49679 49757 0.00176646
43406 49208 49442 0.00539096
42753 49878 50006 0.00299394
43967 51049 50858 -0.00434417
41650 48077 47907 -0.00408163
43962 49978 49476 -0.011419
43976 50938 51004 0.00150082
42777 49095 49069 -0.000607803
43711 49996 49833 -0.00372904
44427 51187 51462 0.00618993
43715 49711 49613 -0.00224179
44254 51073 50729 -0.00777331
44298 51324 51501 0.00399567
43565 49818 50017 0.00456789
41202 49281 49370 0.00216009
43826 48993 48931 -0.00141469
41841 47886 47577 -0.0073851
43852 50099 49992 -0.00244003
42747 49014 48592 -0.00987204
43341 49520 49612 0.0021227
42350 49870 49702 -0.00396694
42167 49590 49495 -0.00225295
42449 47854 47468 -0.00909326
44030 49513 49354 -0.00361117
41964 47410 47410 0
42658 49764 49724 -0.00093769
43273 49505 49331 -0.00402098
41680 48128 48374 0.00590211
44054 50620 50715 0.00215644
43637 48765 48858 0.00213122
42418 48546 48572 0.000612947
42736 49784 49483 -0.00704324
43935 49668 49421 -0.00562194
42958 50158 50495 0.00784487
43186 50129 49623 -0.0117168
44209 50674 50440 -0.00529304
42635 48780 49038 0.00605137
43764 50657 50665 0.000182799
41844 47158 47266 0.00258102
44386 50646 50524 -0.00274861
44838 50652 50229 -0.00943396
42310 47856 47596 -0.00614512
41623 49200 49376 0.00422843
43515 50636 50378 -0.00592899
41650 49570 49632 0.0014886
42791 49560 49554 -0.000140216
44329 49099 49098 -2.25586e-05
43999 50366 50356 -0.000227278
42975 49743 49939 0.00456079
43400 50902 50654 -0.00571429
43810 48723 48701 -0.000502168
42830 49135 49131 -9.33925e-05
42596 48415 48255 -0.00375622
40747 48199 48293 0.00230692
43662 50296 50433 0.00313774
41616 47773 47491 -0.00677624
43026 48927 48873 -0.00125506
43358 49094 49134 0.000922552
43612 49351 49688 0.00772723
43411 49601 49555 -0.00105964
43930 49233 49201 -0.000728432
42181 48675 48113 -0.0133235
43034 49558 49309 -0.00578612
42281 48689 48744 0.00130082
44329 49789 50053 0.00595547
42014 47337 47635 0.00709287
44297 50344 50472 0.00288959
43011 49582 49796 0.00497547
43061 49735 49772 0.000859246
43373 49263 49011 -0.00581007
43721 50091 50055 -0.000823403
44236 49216 49358 0.00321006
42208 48340 48444 0.00246399
43185 48657 48937 0.00648373
42561 48547 47831 -0.0168229
44571 49200 48933 -0.00599044
40923 48373 47930 -0.0108252
42466 49180 48681 -0.0117506
40571 48234 48275 0.00101057
43709 48105 48178 0.00167014
41762 47548 47951 0.00964992
42472 50063 49992 -0.00167169
43526 49243 48983 -0.00597344
41612 50873 50941 0.00163414
43637 49547 49425 -0.00279579
43016 48042 48297 0.00592803
45201 50167 50101 -0.00146014
41250 50329 50076 -0.00613333
41748 49785 49785 0
42837 49587 49497 -0.00210099
42250 48175 48132 -0.00101775
44618 49144 49181 0.000829262
43930 49466 49433 -0.000751195
43121 48967 49048 0.00187844
45706 50821 50733 -0.00192535
42553 49465 49454 -0.000258501
42183 47595 47563 -0.000758599
42116 47600 47668 0.00161459
43232 48726 48439 -0.0066386
43201 48497 48481 -0.000370362
42631 49140 48867 -0.00640379
41620 47666 47503 -0.00391639
42805 48189 48184 -0.000116809
41803 48318 47863 -0.0108844
42078 47708 48076 0.00874566
42152 49125 49292 0.00396185
43822 49408 49460 0.00118662
42007 47653 47457 -0.00466589
43140 48815 48598 -0.00503013
43000 49414 49395 -0.00044186
43754 49181 49089 -0.00210266
43564 49308 49648 0.00780461
44076 48930 49109 0.00406117
43259 49322 49310 -0.000277399
42395 49002 48873 -0.00304281
43260 48389 48196 -0.0044614
42061 47615 47906 0.00691852
41419 48572 48035 -0.0129651
43815 50980 50755 -0.00513523
44001 49220 49169 -0.00115906
44077 50568 50745 0.0040157
42626 48839 48839 0
43339 50798 50878 0.00184591
43769 48303 47952 -0.00801937
41064 48290 47538 -0.0183129
43037 50358 50292 -0.00153356
43671 48537 48585 0.00109913
42105 47730 47269 -0.0109488
46318 51365 50884 -0.0103847
43892 49751 50008 0.00585528
42416 48494 48539 0.00106092
44167 50775 50852 0.00174338
42131 48879 48721 -0.00375021
41630 47803 47973 0.00408359
41023 48009 48120 0.0027058
41061 49853 49765 -0.00214315
45144 49516 49666 0.0033227
40971 48697 48648 -0.00119597
40747 50146 50117 -0.000711709
43352 50806 50691 -0.0026527
45186 50960 50905 -0.00121719
43486 48395 47876 -0.0119349
42311 47701 47496 -0.00484508
43286 49491 49436 -0.00127062
43036 48455 48455 0
42794 49733 49654 -0.00184605
42643 48211 48371 0.00375208
42665 50407 50322 -0.00199227
44461 49411 49503 0.00206923
43340 49266 49642 0.00867559
44877 49332 49041 -0.00648439
43635 49744 49855 0.00254383
41707 48469 48436 -0.000791234
42605 50103 50058 -0.00105621
42831 48686 48340 -0.00807826
41931 49982 49973 -0.000214638
43560 49630 49541 -0.00204316
44199 49028 49450 0.00954773
43019 49640 49978 0.00785699
41347 47820 47839 0.000459525
41276 48375 48109 -0.00644442
43613 48975 49329 0.00811685
43005 47680 47539 -0.00327869
43255 48654 48767 0.00261241
42805 48948 48527 -0.0098353
43426 48932 49393 0.0106158
42516 48688 48737 0.00115251
42465 48777 48959 0.00428588
42810 49208 49226 0.000420463
43225 50021 49717 -0.00703297
42785 49114 49176 0.00144911
43530 49195 49551 0.00817827
43153 49346 49283 -0.00145992
42231 50822 50662 -0.00378869
42653 49913 49949 0.00084402
42244 48487 48103 -0.00909005
42502 48978 49002 0.000564679
42023 48306 48601 0.00701997
43897 49183 49156 -0.000615076
41437 48841 48719 -0.00294423
43349 48062 47668 -0.00908902
44367 49606 49693 0.00196092
43686 48360 48429 0.00157945
42956 49977 49999 0.000512152
41526 47925 47407 -0.0124741
40967 48290 48389 0.00241658
42444 48575 48652 0.00181416
41328 47944 47888 -0.00135501
42473 49704 49533 -0.00402609
41948 49639 49639 0
43063 49962 49809 -0.00355293
42801 49813 49723 -0.00210275
42698 50209 49809 -0.00936812
44453 49671 49887 0.00485906
44106 50709 50297 -0.00934113
43576 51414 51342 -0.00165229
45109 49456 49542 0.00190649
43051 49003 48500 -0.0116838
41752 49663 49674 0.00026346
41307 49288 49140 -0.00358293
42863 47751 47860 0.00254299
42099 48666 48717 0.00121143
43904 48996 49282 0.00651421
43924 49985 49950 -0.000796831
41992 48361 48534 0.00411983
43605 49483 49707 0.00513703
42310 49517 49597 0.00189081
43381 49376 49294 -0.00189023
41564 49391 48945 -0.0107304
42896 48456 48733 0.00645748
43271 49193 49193 0
41583 47064 46539 -0.0126254
43454 50545 50443 -0.00234731
44214 49998 49704 -0.00664948
45485 51263 51116 -0.00323183
41454 49237 49237 0
43113 48559 48721 0.00375757
44293 49755 50084 0.00742781
41617 48192 48152 -0.000961146
41966 48434 48146 -0.0068627
42464 50088 50489 0.00944329
43025 48903 48809 -0.00218478
42002 48944 48917 -0.000642827
44546 49747 49567 -0.00404077
43287 49870 49954 0.00194054
41642 49178 49306 0.00307382
44007 48004 48209 0.00465835
43443 49714 49716 4.60373e-05
41143 49655 49749 0.00228471
44380 49746 49812 0.00148716
43225 48510 48510 0
43167 48193 47943 -0.00579146
44094 50194 50080 -0.00258539
43055 48563 48266 -0.00689815
42869 48194 48727 0.0124332
44571 50239 49841 -0.00892957
43605 50555 50619 0.00146772
43015 49034 49298 0.00613739
42316 49259 49064 -0.00460819
43997 49819 49603 -0.00490943
43143 48485 48569 0.00194701
43283 49022 48893 -0.00298038
43510 48715 48608 -0.0024592
41298 47254 47330 0.00184028
41275 49369 49293 -0.00184131
43124 50084 49956 -0.00296818
42519 48846 48901 0.00129354
43818 49805 49826 0.000479255
43267 49860 49850 -0.000231123
43962 49241 49762 0.0118511
40798 48706 48828 0.00299034
42197 49154 49341 0.00443159
45236 50511 50595 0.00185693
42887 50552 50502 -0.00116585
46238 51230 51125 -0.00227086
43529 49760 49900 0.00321625
44487 49877 50039 0.00364151
44187 49787 49787 0
43294 48954 49061 0.00247147
42906 50846 50830 -0.000372908
44661 49568 49492 -0.00170171
42831 49708 49752 0.00102729
43439 49513 49315 -0.00455812
41460 48567 48746 0.00431741
42895 48639 49165 0.0122625
44613 49884 50240 0.00797974
41732 48693 48366 -0.00783571
43348 49902 49931 0.000669004
43149 49668 49667 -2.31755e-05
42185 49054 48935 -0.00282091
42156 48806 48283 -0.0124063
44436 49451 49625 0.00391574
42967 49339 49404 0.00151279
42942 48584 48258 -0.00759164
41530 48914 48864 -0.00120395
42339 50165 50222 0.00134628
41940 48890 48890 0
43489 50518 50496 -0.000505875
41420 47927 47610 -0.00765331
42110 50438 50406 -0.000759915
44134 49295 49326 0.000702406
42631 47991 47859 -0.00309634
43911 47931 47831 -0.00227733
42386 49345 49099 -0.0058038
41863 48860 48912 0.00124215
42740 48196 48385 0.00442209
42347 49894 49838 -0.00132241
43779 51170 51014 -0.00356335
42958 49155 49032 -0.00286326
41956 48812 49122 0.00738869
44023 50223 50326 0.00233969
42660 49528 49284 -0.00571964
40847 49755 49755 0
44648 51019 51239 0.00492743
41764 48775 48835 0.00143664
43008 49199 49199 0
43693 51069 51517 0.0102534
44360 50176 50064 -0.0025248
43230 49800 49900 0.00231321
43675 48612 48863 0.00574699
43396 48634 48644 0.000230436
44808 50362 50184 -0.0039725
43912 50185 49981 -0.00464565
43004 48984 49176 0.0044647
43547 49053 49000 -0.00121708
41368 47203 47630 0.010322
42856 48662 48701 0.000910024
42244 49337 49407 0.00165704
44911 50173 50073 -0.00222663
43750 48489 48281 -0.00475429
44900 51095 51124 0.00064588
41429 48590 48139 -0.0108861
41688 46969 47343 0.00897141
44700 49801 49947 0.00326622
41969 47823 48117 0.00700517
41860 49520 49205 -0.00752508
43002 48789 48704 -0.00197665
