25384 28315 28341 0.00102427
24938 27993 28085 0.00368915
25902 28881 28879 -7.72141e-05
24208 29098 29078 -0.000826173
25806 28811 28813 7.75014e-05
24945 28851 28515 -0.0134696
26104 29767 29613 -0.00589948
25084 29224 29209 -0.000597991
25424 28545 28465 -0.00314663
24977 28253 28287 0.00136125
25649 28024 28090 0.0025732
24912 28380 28392 0.000481696
24300 27794 27818 0.000987654
25451 28975 28989 0.000550077
25372 28799 28879 0.00315308
24743 28781 28778 -0.000121246
25737 29489 29477 -0.000466255
25130 29555 29855 0.0119379
24890 28260 28289 0.00116513
25132 28772 28531 -0.00958937
26207 29476 29497 0.000801313
25449 28663 28648 -0.000589414
25166 28134 28345 0.00838433
25747 28820 28726 -0.00365091
25833 28672 28710 0.00147099
25245 29051 29012 -0.00154486
26127 29074 29074 0
26185 29479 29366 -0.00431545
24777 28255 28199 -0.00226016
25099 29011 28943 -0.00270927
25413 29259 29336 0.00302995
24797 28310 28238 -0.00290358
25791 28813 28953 0.00542825
24618 27961 27952 -0.000365586
25133 28415 28415 0
24597 28560 28547 -0.00052852
24690 28633 28666 0.00133657
26429 29826 29737 -0.00336751
25298 29027 29038 0.000434817
24568 28366 28325 -0.00166884
26358 29930 29797 -0.00504591
26311 28803 28633 -0.00646118
26633 28880 28865 -0.000563211
25682 28643 28810 0.00650261
24470 28863 28667 -0.00800981
26869 29492 29524 0.00119096
25651 28936 28825 -0.00432732
25701 28915 28847 -0.00264581
26412 29149 29001 -0.00560351
25354 28625 28647 0.000867713
25197 28353 28340 -0.000515934
25236 29035 29078 0.00170392
24420 28206 28185 -0.000859951
25830 28942 28858 -0.00325203
25475 28971 29284 0.0122866
26035 29027 29169 0.0054542
25354 28715 28500 -0.00847992
26510 29173 29349 0.006639
24950 28491 28275 -0.00865731
24993 28939 28652 -0.0114832
25673 28441 28459 0.000701126
25070 28100 28235 0.00538492
26045 29241 29105 -0.00522173
25844 29315 29282 -0.00127689
24525 28025 28016 -0.000366972
25772 28418 28505 0.00337576
25001 28867 28909 0.00167993
24821 28599 28639 0.00161154
24442 28521 28294 -0.00928729
25013 28621 28638 0.000679647
25112 28888 28684 -0.00812361
24970 28550 28445 -0.00420505
25340 29011 29011 0
25021 28716 28712 -0.000159866
24236 28031 28167 0.00561149
24471 28238 28030 -0.00849986
24040 28487 28348 -0.00578203
25549 28700 28751 0.00199616
26926 29705 29730 0.000928471
25813 29191 29249 0.00224693
24633 27605 27753 0.0060082
26087 28613 28713 0.00383333
25935 28095 27914 -0.00697899
25197 28607 28564 -0.00170655
25233 28939 28826 -0.00447826
25130 28706 28657 -0.00194986
24262 28080 27969 -0.00457506
25528 29778 29777 -3.91727e-05
26195 29974 30005 0.00118343
25713 29467 29213 -0.00987827
25766 29921 30066 0.00562757
25776 28830 28980 0.00581937
24924 29060 29027 -0.00132403
25621 28434 28521 0.00339565
25105 29278 29028 -0.00995818
24896 28246 28262 0.000642674
25369 28115 28186 0.00279869
25652 28950 28923 -0.00105255
25618 28754 28791 0.0014443
25944 28178 28241 0.00242831
25835 28978 28978 0
25736 29047 28843 -0.00792664
26379 29157 29152 -0.000189545
25739 29148 29242 0.00365205
25040 28704 28750 0.00183706
26432 29678 29678 0
24892 28119 28033 -0.00345493
25926 28620 28530 -0.00347142
24644 28597 28479 -0.00478818
25890 29675 29610 -0.00251062
26461 29131 29183 0.00196516
24539 28456 28428 -0.00114104
25014 29447 29446 -3.99776e-05
24208 28650 28650 0
24255 27940 27844 -0.00395795
24190 28015 27951 -0.00264572
25530 28164 28108 -0.0021935
25208 28813 28852 0.00154713
26407 29453 29408 -0.00170409
25672 28324 28451 0.00494702
25911 28781 28977 0.00756435
25293 28512 28616 0.00411181
25954 29338 29283 -0.00211913
25032 28249 28176 -0.00291627
25169 29207 29210 0.000119194
26619 29141 29287 0.0054848
24312 28370 28370 0
25423 29117 29181 0.00251741
25518 28876 28802 -0.00289991
25736 29045 29130 0.00330277
26401 29242 29221 -0.000795424
26742 28488 28675 0.00699275
25815 28628 28784 0.006043
25990 29191 29191 0
25442 29486 29486 0
25416 28963 28903 -0.00236072
26204 29531 29472 -0.00225156
25096 29205 29062 -0.00569812
25062 28370 28319 -0.00203495
25817 29473 29430 -0.00166557
24967 27971 27974 0.000120159
25187 28352 28036 -0.0125462
23440 27539 27396 -0.00610068
25352 28322 28342 0.000788892
24605 28694 28675 -0.000772201
24981 29292 29237 -0.00220167
25382 28915 28977 0.00244268
24289 27616 27694 0.00321133
25037 29827 29717 -0.0043935
25192 28123 27952 -0.00678787
24882 28233 28211 -0.000884173
24893 28277 28253 -0.000964126
25310 28471 28546 0.00296326
24971 27914 27990 0.00304353
25015 28321 28399 0.00311813
26120 28743 28851 0.00413476
24767 27922 27872 -0.00201882
25629 28594 28428 -0.00647704
25574 28465 28496 0.00121217
24876 27834 27878 0.00176877
25755 29014 29006 -0.000310619
26066 29253 29227 -0.000997468
25472 28998 29016 0.000706658
25566 29350 29382 0.00125166
23933 28327 28385 0.00242343
25816 29129 29269 0.00542299
24407 28630 28673 0.00176179
24931 29196 29287 0.00365007
25357 28399 28365 -0.00134085
24971 28952 28828 -0.00496576
24787 28532 28480 -0.00209787
25580 28989 28949 -0.00156372
24202 28485 28406 -0.00326419
25110 28532 28447 -0.00338511
26025 29528 29490 -0.00146013
26300 29205 29044 -0.00612167
26016 28943 28910 -0.00126845
26103 28368 28430 0.00237521
24956 28541 28625 0.00336592
25352 29193 29215 0.000867782
26039 29670 29625 -0.00172818
25521 28903 28738 -0.00646526
26073 28813 29129 0.0121198
25222 28755 28832 0.00305289
26118 29909 29786 -0.0047094
25146 29335 29334 -3.97678e-05
24305 28063 28011 -0.00213948
24328 27910 27805 -0.00431601
25237 28620 28456 -0.0064984
26067 29309 29385 0.00291556
25447 28728 28647 -0.00318309
26421 29110 29136 0.000984066
25799 28455 28314 -0.00546533
26160 29685 29763 0.00298165
25177 28742 28754 0.000476625
25210 28088 28098 0.000396668
24811 28596 28509 -0.00350651
24602 27729 27859 0.00528412
24721 27983 28062 0.00319566
25113 28582 28750 0.00668976
25757 29925 29635 -0.0112591
25395 28754 28909 0.00610356
25644 28856 28738 -0.00460147
24949 28824 28896 0.00288589
25742 28912 28501 -0.0159661
24263 27432 27391 -0.00168982
25599 28840 28902 0.00242197
25106 28516 28493 -0.000916116
24350 28401 28135 -0.010924
25977 28654 28691 0.00142434
24552 27138 27085 -0.00215868
25621 29937 30095 0.00616682
25229 29032 29064 0.00126838
26110 29378 29536 0.00605132
25547 28960 28939 -0.000822014
24355 28282 28385 0.00422911
24451 28421 28259 -0.0066255
25574 28758 28934 0.00688199
25856 28553 28743 0.00734839
25568 29101 29153 0.00203379
26338 29210 29265 0.00208824
24765 28284 28363 0.00318999
25629 30107 29861 -0.0095985
23744 27227 27235 0.000336927
25339 29362 29202 -0.00631438
25355 28721 28957 0.00930783
24360 28347 28426 0.00324302
25226 28346 28277 -0.00273527
24700 28421 28397 -0.00097166
25605 29161 28930 -0.00902168
25205 29004 29027 0.000912517
25203 28868 28528 -0.0134905
26338 29490 29500 0.00037968
25138 28479 28423 -0.0022277
25718 28858 28859 3.88833e-05
24237 28276 28276 0
26292 29308 29305 -0.000114103
25338 28774 28694 -0.00315731
25219 28965 28942 -0.000912011
25902 29059 29056 -0.000115821
25640 28708 28568 -0.00546022
25772 28994 28895 -0.00384138
24923 27949 28083 0.00537656
25639 28725 28725 0
25715 28904 29225 0.012483
25886 29608 29307 -0.0116279
25315 28373 28357 -0.000632036
24511 28236 27990 -0.0100363
24280 28310 28240 -0.00288303
24213 27829 27856 0.0011151
25439 28457 28626 0.00664334
24675 28483 28626 0.00579534
25411 29045 28916 -0.00507654
24194 28033 27907 -0.0052079
25426 28050 28067 0.000668607
26378 28666 28753 0.0032982
25276 29103 29011 -0.00363982
25666 28887 28889 7.79241e-05
24693 28555 28600 0.00182238
24997 28540 28445 -0.00380046
25572 28799 28612 -0.00731269
24828 28651 28577 -0.00298051
25872 28936 28936 0
24813 27883 27887 0.000161206
25291 29378 29356 -0.000869875
23511 28352 28167 -0.00786866
24563 28347 28527 0.0073281
25199 28423 28440 0.00067463
25055 28902 28902 0
25244 27890 28002 0.0044367
25850 29120 28937 -0.0070793
24930 28610 28634 0.000962696
25129 28091 28168 0.00306419
25117 29076 29076 0
26658 29838 29811 -0.00101283
25518 29073 29170 0.00380124
26014 29257 29257 0
24084 27987 28096 0.00452583
25676 29347 29281 -0.00257049
25103 28760 28769 0.000358523
25702 28725 28691 -0.00132285
24407 28086 27985 -0.00413816
24894 27619 27494 -0.00502129
25739 28619 28616 -0.000116555
24622 28218 28168 -0.0020307
24975 28687 28672 -0.000600601
24726 28048 28005 -0.00173906
26180 29652 29525 -0.00485103
25686 28615 28777 0.00630694
25466 28916 28888 -0.00109951
25181 28842 28952 0.00436837
25461 28783 28913 0.00510585
24691 28222 28219 -0.000121502
25434 28610 28538 -0.00283086
24982 28935 28975 0.00160115
25071 28988 29014 0.00103705
26160 29722 29785 0.00240826
24293 28671 28606 -0.00267567
24983 29365 29248 -0.00468318
26239 29153 29307 0.00586913
24583 27974 27931 -0.00174918
26105 29058 29041 -0.000651216
25898 28856 29032 0.00679589
25308 29324 29348 0.000948317
24423 28041 28197 0.00638742
25012 28795 28886 0.00363825
26140 28928 28926 -7.65111e-05
25572 28423 28478 0.00215079
25767 28560 28542 -0.000698568
24829 28259 28257 -8.0551e-05
25533 29197 29296 0.00387734
25275 28356 28343 -0.000514342
25169 28389 28461 0.00286066
25358 28569 28424 -0.00571812
25665 28520 28627 0.0041691
26039 29347 29263 -0.00322593
25167 28893 28883 -0.000397346
25059 28058 28004 -0.00215491
24620 28526 28622 0.00389927
24782 28391 28293 -0.00395448
25047 27792 27875 0.00331377
24586 27358 27241 -0.00475881
25152 29171 29178 0.000278308
24823 28342 28127 -0.00866132
25088 28709 28757 0.00191327
26034 28500 28416 -0.00322655
25342 28414 28382 -0.00126273
24514 28437 28500 0.00256996
25587 28654 28654 0
25833 28838 28984 0.00565169
24917 28584 28600 0.000642132
25254 28555 28510 -0.0017819
23970 28503 28265 -0.00992908
25401 29095 28963 -0.00519665
24661 28110 27995 -0.00466323
25766 28731 28731 0
24640 28344 28545 0.00815747
25427 29863 29763 -0.00393283
25112 28641 28575 -0.00262823
25970 29812 29812 0
24862 28769 28678 -0.0036602
25234 28587 28591 0.000158516
24824 28442 28324 -0.00475346
24676 28567 28568 4.05252e-05
25076 28442 28529 0.00346945
25756 29107 29198 0.00353316
25873 28962 28869 -0.00359448
25923 28938 28714 -0.00864098
24517 28209 28223 0.000571032
25525 28700 28318 -0.0149657
25152 29025 28929 -0.00381679
25442 28779 28773 -0.000235831
25220 28622 28588 -0.00134814
25251 28440 28418 -0.000871253
25368 28981 28740 -0.00950016
25495 29075 28974 -0.00396156
25301 28701 28557 -0.00569147
25312 29455 29379 -0.00300253
24929 28248 28248 0
25016 28426 28426 0
24862 28604 28598 -0.000241332
25798 28661 28600 -0.00236452
25479 28925 28946 0.000824208
25190 29259 29229 -0.00119095
26010 29172 29118 -0.00207612
25434 29070 28894 -0.00691987
24332 28367 28366 -4.10981e-05
25300 28945 29115 0.00671937
25246 28644 28655 0.000435713
25935 29300 29300 0
26267 29242 29328 0.00327407
24521 28700 28727 0.0011011
25123 28545 28677 0.00525415
26453 29917 29663 -0.00960194
26166 29392 29341 -0.00194909
25682 28968 28959 -0.00035044
25806 28757 28821 0.00248004
26896 28904 28662 -0.00899762
25549 28656 28474 -0.00712357
25449 29065 28862 -0.00797674
25202 28574 28490 -0.00333307
25364 28344 28598 0.0100142
25827 28578 28464 -0.00441399
25483 28940 28921 -0.000745595
24681 28271 28271 0
24802 28240 28081 -0.00641077
24582 28875 28645 -0.00935644
24917 29045 29088 0.00172573
25155 28801 28796 -0.000198768
26204 29567 29487 -0.00305297
24765 28070 27994 -0.00306885
26899 29415 29423 0.000297409
25037 28490 28658 0.00671007
26377 29875 29979 0.00394283
25978 29344 29415 0.00273308
26235 28929 28756 -0.00659424
26107 29113 29145 0.00122572
25412 28338 28318 -0.00078703
25271 28708 28708 0
24610 28632 28510 -0.00495733
25342 28607 28393 -0.00844448
24769 28335 28583 0.0100125
24775 28076 28049 -0.00108981
24975 28667 28648 -0.000760761
25758 28560 28614 0.00209644
24240 27890 27858 -0.00132013
26282 28790 28586 -0.00776197
24631 28573 28529 -0.00178637
26039 30137 30011 -0.0048389
25096 28669 28669 0
24992 28275 28205 -0.0028009
25102 28116 28108 -0.0003187
25596 28573 28576 0.000117206
24476 28600 28391 -0.00853898
25456 28479 28429 -0.00196417
24596 28699 28634 -0.00264271
26691 29861 29850 -0.000412124
25238 28784 28741 -0.00170378
24964 29360 29458 0.00392565
25098 27603 27464 -0.00553829
25655 28790 28779 -0.000428766
25253 29085 29262 0.00700907
25908 29287 29259 -0.00108075
25466 28482 28479 -0.000117804
25474 28793 28759 -0.00133469
25853 29396 29459 0.00243685
25977 28872 29127 0.00981638
24871 29155 29248 0.00373929
26297 28909 29034 0.00475339
25328 28636 28685 0.00193462
26054 28478 28539 0.00234129
26833 29950 29997 0.00175157
25121 29535 29395 -0.00557303
24947 28271 28140 -0.00525113
25726 28272 27806 -0.018114
24728 28959 28936 -0.00093012
23935 28446 28446 0
24258 28258 28254 -0.000164894
25964 28223 28181 -0.00161762
25354 29474 29547 0.00287923
24326 28186 28340 0.00633067
25817 28020 28162 0.00550025
24853 28266 28369 0.00414437
25733 28760 28699 -0.0023705
24318 28129 28104 -0.00102805
25367 28639 28647 0.00031537
24508 28857 28960 0.00420271
24921 28357 28200 -0.00629991
24784 28394 27939 -0.0183586
26102 29292 29264 -0.00107271
25978 29650 29255 -0.0152052
25489 28638 28653 0.000588489
25610 28705 28646 -0.00230379
24434 29385 29385 0
24989 29270 29245 -0.00100044
25988 29076 29104 0.00107742
26610 29812 29551 -0.00980834
25103 28856 28841 -0.000597538
25505 29327 29284 -0.00168594
25997 28936 28974 0.00146171
24673 28447 28578 0.00530945
25404 28321 28363 0.00165328
26001 29178 29157 -0.000807661
25438 28542 28505 -0.00145452
26176 29176 29262 0.00328545
26152 29995 29930 -0.00248547
26424 29947 29995 0.00181653
24739 28720 28720 0
25082 29001 28823 -0.00709672
25578 29207 29328 0.00473063
25879 29337 29401 0.00247305
24755 28120 28139 0.000767522
24598 28611 28537 -0.00300837
25746 29378 29428 0.00194205
24033 27842 27805 -0.00153955
25458 29132 29159 0.00106057
24896 28475 28479 0.000160668
25409 28429 28318 -0.00436853
26056 28711 28778 0.00257138
25561 28507 28413 -0.00367748
26130 29948 29872 -0.00290853
24536 28273 28285 0.000489077
25870 29075 29109 0.00131426
25066 27935 27907 -0.00111705
25227 28986 28745 -0.00955326
25838 29284 29260 -0.000928864
25833 28581 28479 -0.00394844
25682 29935 29838 -0.00377696
23945 28271 28311 0.00167049
25343 28761 28717 -0.00173618
24746 28866 28632 -0.00945607
24456 29000 28986 -0.000572457
24743 28210 28295 0.00343532
25458 29123 29214 0.00357451
24544 28123 28302 0.00729302
24790 28201 28201 0
25100 28580 28667 0.00346614
25904 29089 29044 -0.00173718
25868 28326 28381 0.00212618
25823 28823 28598 -0.00871316
25041 28273 28436 0.00650932
25682 29209 29183 -0.00101238
25524 28938 28959 0.000822755
24193 27462 27554 0.00380275
23217 28014 28002 -0.000516863
24497 28461 28393 -0.00277585
26769 29436 29276 -0.00597706
24740 28381 28486 0.00424414
26433 29054 29167 0.00427496
24880 28829 28837 0.000321543
25469 28114 28165 0.00200243
26166 28533 28564 0.00118474
26035 29144 28996 -0.00568466
26007 28820 28755 -0.00249933
25646 28883 28822 -0.00237854
25540 29048 29056 0.000313234
26284 29140 28929 -0.0080277
26082 29248 29251 0.000115022
25253 29185 29294 0.00431632
27146 29425 29388 -0.001363
25651 28154 28245 0.00354762
25871 28657 28700 0.00166209
25188 28464 28067 -0.0157615
25620 28897 28915 0.000702576
24269 27914 27943 0.00119494
24380 27447 27439 -0.000328138
25648 27948 27911 -0.00144261
25521 28980 28890 -0.00352651
24361 28397 28354 -0.00176512
26527 28952 28935 -0.000640856
25916 28860 28898 0.00146628
25491 28836 28705 -0.00513907
25000 29503 29594 0.00364
24025 27947 27873 -0.00308012
24935 27964 27992 0.00112292
25282 28766 28714 -0.0020568
25820 29657 29657 0
25163 28450 28500 0.00198704
24430 27954 27951 -0.0001228
25378 28753 28465 -0.0113484
26590 29161 29276 0.00432493
24144 27713 27890 0.00733101
25046 28249 28243 -0.000239559
25194 28422 28544 0.00484242
24970 28460 28524 0.00256308
25907 28579 28530 -0.00189138
24647 29064 29042 -0.000892604
25704 28664 28732 0.0026455
26146 29906 29996 0.00344221
25502 28974 29045 0.0027841
25385 28761 28889 0.00504235
24926 28592 28431 -0.00645912
24144 28641 28801 0.00662691
24414 28933 28980 0.00192512
24651 28450 28607 0.00636891
24817 28426 28479 0.00213563
26613 29613 29694 0.00304363
25105 28268 28202 -0.00262896
25478 27751 27646 -0.0041212
24761 28678 28693 0.000605791
23990 27929 27916 -0.000541892
24841 28774 29019 0.00986273
25490 29695 29722 0.00105924
24592 28882 28882 0
24932 29513 29513 0
24217 28386 28250 -0.00561589
24952 28619 28582 -0.00148285
27037 29224 29036 -0.00695343
24939 28472 28335 -0.0054934
25295 28985 29034 0.00193714
25304 29506 29507 3.95194e-05
26471 29609 29598 -0.000415549
25377 28830 28816 -0.000551681
25832 29159 28935 -0.00867142
25483 28639 28695 0.00219754
25998 29314 29413 0.00380799
24902 28404 28429 0.00100394
24134 28096 28077 -0.000787271
25359 28980 28929 -0.00201112
25173 28638 28744 0.00421086
24623 28222 28088 -0.00544207
25357 28415 28453 0.0014986
25476 29839 29770 -0.00270843
24826 27638 27387 -0.0101104
26091 29512 29346 -0.00636235
25478 28865 28910 0.00176623
23969 29114 29025 -0.00371313
24361 28260 28282 0.000903083
24368 29274 29275 4.10374e-05
23928 28415 28261 -0.00643597
26455 29912 29889 -0.000869401
25398 28831 28684 -0.00578786
24095 28003 27956 -0.00195061
24083 28169 28084 -0.00352946
25820 29731 29670 -0.00236251
24200 28005 28149 0.00595041
24928 27963 28093 0.00521502
25523 29186 29195 0.000352623
25021 28304 28394 0.00359698
25777 29172 29238 0.00256042
24266 27808 27808 0
25491 28651 28742 0.00356989
25031 28403 28323 -0.00319604
25614 28494 28513 0.000741782
24785 28235 28295 0.00242082
25153 28984 28598 -0.0153461
25318 29188 29210 0.000868947
25653 29038 28755 -0.0110318
25101 28529 28701 0.00685232
25723 28903 29142 0.0092913
24368 28250 28529 0.0114494
24811 28423 28595 0.00693241
24613 28550 28428 -0.00495673
26312 28955 28955 0
25298 28585 28585 0
25886 28412 28450 0.00146797
24949 29000 28899 -0.00404826
24638 28146 28125 -0.000852342
25046 28315 28359 0.00175677
26294 29155 29137 -0.000684567
25494 28659 28775 0.00455009
25244 28181 28359 0.00705118
26071 28699 28910 0.00809328
25886 28755 28585 -0.00656726
25032 27961 27960 -3.99489e-05
25776 28229 28232 0.000116387
25213 28960 28789 -0.00678222
25452 28377 28737 0.0141443
25362 28845 28922 0.00303604
25475 28822 28773 -0.00192345
24660 28720 28707 -0.00052717
25693 28932 28943 0.000428132
25059 29696 29657 -0.00155633
25611 29001 28908 -0.00363125
26473 29398 29302 -0.00362634
25065 28543 28645 0.00406942
25050 28224 28222 -7.98403e-05
25216 28875 28899 0.000951777
24513 28084 27833 -0.0102395
25739 28874 28899 0.000971289
24756 28623 28478 -0.00585717
24937 28673 28692 0.00076192
25163 28667 28414 -0.0100544
25321 28517 27941 -0.0227479
25987 28763 28762 -3.84808e-05
25452 28603 28408 -0.00766148
24929 28428 28393 -0.00140399
25211 30399 30399 0
25941 29432 29608 0.00678463
25641 28087 28069 -0.000702001
25763 28994 28951 -0.00166906
25119 28073 27967 -0.00421991
25358 29162 29149 -0.000512659
26112 28776 28726 -0.00191483
25663 29966 30031 0.00253283
25176 28550 28575 0.000993009
26542 29993 29871 -0.00459649
26047 29486 29416 -0.00268745
25659 28861 28808 -0.00206555
24645 27835 27687 -0.00600527
24770 28525 28790 0.0106984
25217 29189 29189 0
24900 28852 28815 -0.00148594
26291 29164 29127 -0.00140733
26380 29253 29197 -0.00212282
25281 28930 28995 0.0025711
25488 28905 28985 0.00313873
25106 27820 27663 -0.00625349
24650 28225 28260 0.00141988
24633 28566 28619 0.00215159
25058 28801 28933 0.00526778
26140 29384 29239 -0.00554705
25082 29236 29192 -0.00175425
26485 28952 28902 -0.00188786
26048 30004 29997 -0.000268735
26208 29239 29200 -0.0014881
24931 28931 29009 0.00312864
24402 27982 28033 0.00208999
25231 28412 28581 0.00669811
26296 28744 28839 0.00361272
25860 29078 29315 0.00916473
24910 28735 28598 -0.0054998
24733 28013 28146 0.00537743
25869 28927 29063 0.00525726
25657 28794 28889 0.00370269
25173 29123 29187 0.00254241
25527 29398 29413 0.000587613
24559 28552 28552 0
25869 28964 28785 -0.00691948
25122 29353 29171 -0.00724465
24787 28344 28392 0.0019365
25754 28995 29060 0.00252388
25874 29457 29414 -0.0016619
25622 28822 28818 -0.000156116
25834 29666 29438 -0.00882558
25941 29927 29833 -0.00362361
25769 28875 28827 -0.0018627
25091 29030 29086 0.00223188
25632 28444 28325 -0.00464263
24236 27847 27948 0.00416735
25661 29009 29098 0.0034683
25355 28241 28236 -0.0001972
25513 28744 28701 -0.00168542
25149 29101 29156 0.00218697
24702 28617 28558 -0.00238847
25685 28479 28414 -0.00253066
26165 29018 29038 0.00076438
24904 27872 27901 0.00116447
25546 29043 29077 0.00133093
25577 28736 28626 -0.00430074
24629 28062 28167 0.00426327
25731 29147 29109 -0.00147682
25843 28750 28472 -0.0107573
24894 28575 28677 0.00409737
25126 28997 28858 -0.00553212
26005 28987 29036 0.00188425
25067 29382 29422 0.00159572
25412 29277 29327 0.00196757
26522 29441 29499 0.00218686
24929 28573 28881 0.0123551
25412 29163 29105 -0.00228239
25041 27951 27846 -0.00419312
25472 29247 29233 -0.000549623
26476 29338 29418 0.0030216
25042 27827 27864 0.00147752
24671 28495 28449 -0.00186454
25967 29991 30094 0.00396657
25082 28583 28761 0.00709672
24928 28574 28636 0.00248716
25943 28694 28687 -0.000269822
25908 28956 28956 0
25328 28814 29136 0.0127132
25951 29638 29380 -0.00994181
26007 28405 28520 0.00442189
24925 28620 28612 -0.000320963
24744 28515 28360 -0.00626414
24115 28066 28059 -0.000290276
25379 29375 29370 -0.000197013
24611 27648 27735 0.003535
25638 28782 28914 0.00514861
25592 28826 28607 -0.00855736
25906 28818 28837 0.000733421
25549 28814 28763 -0.00199616
25343 28370 28426 0.00220968
24609 28765 28738 -0.00109716
25705 28759 28735 -0.00093367
24832 28103 27991 -0.00451031
26068 29130 28933 -0.00755716
24547 27714 27659 -0.0022406
26227 29368 29241 -0.00484234
26287 29485 29366 -0.00452695
25646 29421 29304 -0.00456211
25509 28330 28480 0.00588028
25785 29004 29004 0
25657 28726 28732 0.000233854
24981 28329 28250 -0.0031624
24964 28335 28271 -0.00256369
24682 28226 28291 0.0026335
26304 28831 28633 -0.00752737
24579 28289 28296 0.000284796
25242 28699 28713 0.000554631
23945 27894 28047 0.00638964
25696 28316 28306 -0.000389166
24795 28186 28261 0.0030248
24926 28976 28856 -0.00481425
25438 28905 28903 -7.86225e-05
24376 30041 30019 -0.000902527
25556 28396 28327 -0.00269995
25384 28397 27993 -0.0159155
26490 29634 29631 -0.00011325
24817 29662 29611 -0.00205504
25111 29014 29105 0.00362391
25527 28779 28874 0.00372155
24871 28125 28041 -0.00337743
26072 28787 28779 -0.000306843
25997 28893 28687 -0.00792399
25558 28721 28697 -0.000939041
26608 29538 29538 0
25378 28826 29006 0.00709276
24919 28067 28087 0.0008026
24584 27981 27865 -0.00471852
25636 28656 28632 -0.000936183
25845 28675 28701 0.001006
25195 28572 28552 -0.000793808
24195 28341 28041 -0.0123993
24853 28090 28249 0.00639762
24531 28192 28214 0.000896824
24463 28157 27946 -0.00862527
25010 28677 28860 0.00731707
25787 28622 28608 -0.000542909
24949 28029 28153 0.00497014
24977 28089 28156 0.00268247
25013 28598 28627 0.0011594
25786 28645 28662 0.000659272
25512 28996 28914 -0.00321417
25900 28734 28796 0.00239382
25525 28702 28676 -0.00101861
25040 28501 28426 -0.00299521
25312 28216 28211 -0.000197535
24856 28151 27983 -0.00675893
24606 28139 28087 -0.00211331
25508 29563 29572 0.00035283
25583 28522 28640 0.00461244
26037 29487 29574 0.0033414
25315 28942 28975 0.00130357
25310 29515 29506 -0.000355591
25769 28461 28542 0.00314331
24597 27668 27414 -0.0103265
25463 29104 29132 0.00109963
25563 28595 28365 -0.00899738
24970 27989 27785 -0.0081698
27162 29848 29976 0.00471247
25683 29139 29060 -0.00307596
25507 28425 28320 -0.00411652
25601 29415 29275 -0.00546854
24893 28273 28272 -4.01719e-05
25040 28310 28284 -0.00103834
24834 28449 28502 0.00213417
24408 28947 28902 -0.00184366
26464 29132 29109 -0.000869105
24223 28338 28285 -0.002188
24401 29373 29337 -0.00147535
25239 29370 29408 0.00150561
26473 29687 29751 0.00241756
25677 28246 28093 -0.00595864
25316 28184 28252 0.00268605
25817 28762 28725 -0.00143316
25369 28458 28465 0.000275927
25526 29132 29100 -0.00125362
24985 28344 28306 -0.00152091
25412 28868 28813 -0.00216433
26219 28544 28621 0.0029368
25617 29251 29052 -0.00776828
26194 28434 28446 0.00045812
25985 29329 29161 -0.00646527
24738 28297 28445 0.0059827
25717 29449 29484 0.00136097
25587 28611 28441 -0.006644
24684 29074 29099 0.0010128
25390 29070 29139 0.00271761
25308 28352 28441 0.00351667
25778 29454 29324 -0.00504306
24654 28375 28224 -0.00612477
24755 28194 27932 -0.0105837
25628 28913 28847 -0.00257531
25374 27940 28009 0.00271932
25473 28622 28613 -0.000353315
25114 28345 28350 0.000199092
25590 28783 28806 0.000898789
25285 28413 28446 0.00130512
24896 28695 28700 0.000200835
24988 28608 28678 0.00280134
25752 29219 29196 -0.000893135
24769 28418 28247 -0.00690379
25938 28621 28640 0.000732516
25100 28725 28658 -0.00266932
25164 29377 29384 0.000278175
25300 28801 28798 -0.000118577
25326 28316 28310 -0.000236911
24947 28653 28640 -0.000521105
25206 28965 28903 -0.00245973
25217 28989 28885 -0.0041242
24628 28820 28672 -0.00600942
25812 28153 28254 0.00391291
25921 28905 28913 0.00030863
25540 28178 28159 -0.000743931
25438 29152 29186 0.00133658
24460 28367 28367 0
24127 28310 28154 -0.00646579
25145 28689 28609 -0.00318155
24483 28386 28098 -0.0117633
25094 28799 28876 0.00306846
24891 28705 28709 0.000160701
25281 28961 28763 -0.00783197
25550 29330 28996 -0.0130724
25296 29400 29365 -0.00138362
26087 28912 28962 0.00191666
25489 29011 28887 -0.00486484
25941 29703 29712 0.000346941
26106 28756 28733 -0.000881024
24835 28222 28064 -0.00636199
24729 29002 28868 -0.00541874
24684 28979 28988 0.000364609
25311 27890 27683 -0.00817826
24909 28422 27934 -0.0195913
25514 29152 29063 -0.00348828
25435 29054 29120 0.00259485
25000 28274 28529 0.0102
25805 28744 28786 0.00162759
25329 29274 29296 0.00086857
25152 28654 28654 0
24508 28727 28819 0.00375388
25480 28730 28866 0.00533752
25417 28864 28814 -0.00196719
24242 27253 27256 0.000123752
25548 29545 29576 0.0012134
26157 29109 29075 -0.00129984
25996 29920 29792 -0.00492383
24124 28535 28527 -0.00033162
25111 28395 28391 -0.000159293
26238 29509 29482 -0.00102904
24754 28508 28359 -0.00601923
24961 28233 28064 -0.00677056
25026 29381 29546 0.00659314
25711 28730 28732 7.77877e-05
24510 28845 28666 -0.00730314
26631 29387 29152 -0.0088243
25330 29212 29221 0.00035531
24734 28842 28909 0.00270882
25192 27735 27749 0.000555732
25809 28918 28802 -0.00449456
24380 29045 28804 -0.00988515
25892 28896 29090 0.00749266
25426 28377 28343 -0.00133721
25416 28344 28366 0.000865596
25840 29314 29559 0.00948142
25271 28574 28727 0.00605437
25107 28360 28262 -0.00390329
26318 29666 29717 0.00193784
25758 29259 29528 0.0104434
25355 28368 28802 0.0171169
25496 28690 28658 -0.0012551
26002 29239 29222 -0.000653796
25391 28340 28427 0.00342641
25594 28712 28748 0.00140658
25453 28620 28216 -0.0158724
24457 27538 27416 -0.00498835
24258 28423 28500 0.00317421
25681 29195 29147 -0.00186909
25059 28627 28704 0.00307275
25906 29442 29206 -0.00910986
25463 29073 28763 -0.0121745
26373 28724 28724 0
24236 28849 28886 0.00152665
24955 29015 28979 -0.0014426
26291 29356 29233 -0.00467841
25093 29119 29103 -0.000637628
26457 28970 28987 0.000642552
24901 28815 28761 -0.00216859
25866 29470 29248 -0.0085827
25818 28819 28795 -0.000929584
25684 28331 28479 0.00576234
25365 29567 29574 0.000275971
26239 29054 29025 -0.00110523
25350 29171 29187 0.000631164
25550 28705 28657 -0.00187867
24515 28565 28726 0.00656741
24661 27909 27920 0.000446048
26307 29550 29548 -7.60254e-05
24722 28308 28217 -0.00368093
25469 28866 28936 0.00274844
25134 28791 28824 0.00131296
24464 28775 28808 0.00134892
24917 28668 28137 -0.0213108
25829 28476 28406 -0.00271013
25393 29009 28792 -0.00854566
25300 28440 28427 -0.000513834
24602 28620 28536 -0.00341436
25029 29325 29269 -0.0022374
24611 28578 28354 -0.00910162
25475 29174 28834 -0.0133464
24315 28196 27819 -0.0155048
24793 29313 29355 0.00169403
25723 28924 28811 -0.00439296
25089 28044 27886 -0.00629758
25842 28307 28223 -0.00325052
24723 28546 28504 -0.00169882
24790 28744 28683 -0.00246067
25067 28305 28258 -0.00187498
24790 28851 28851 0
25997 29891 29871 -0.00076932
25535 28872 28996 0.00485608
24858 28722 28853 0.00526993
25954 29107 29256 0.00574093
25138 29048 29137 0.00354046
24092 28637 28386 -0.0104184
26483 29748 29749 3.77601e-05
24585 28680 28668 -0.000488103
25086 28344 28309 -0.0013952
25166 29314 29348 0.00135103
26065 29303 29225 -0.00299252
25260 29149 29074 -0.00296912
25891 28868 29019 0.00583214
25992 28496 28553 0.00219298
25780 28845 28845 0
25648 29185 28757 -0.0166875
25273 28777 28687 -0.00356111
25748 29112 29122 0.00038838
24681 27836 27932 0.00388963
25401 28445 28562 0.00460612
25047 29077 28926 -0.00602867
26321 29074 29293 0.00832035
25835 28537 28462 -0.00290304
26408 29615 29722 0.0040518
24886 29159 28834 -0.0130596
24324 27409 27418 0.000370005
26314 28898 29054 0.0059284
24662 28201 28186 -0.000608223
24585 29093 29105 0.000488103
24997 28130 28099 -0.00124015
