32372 36408 36257 -0.00466452
31991 35219 35291 0.00225063
33509 36852 37007 0.00462562
31368 36513 36454 -0.0018809
32617 36619 36769 0.00459883
31795 36395 36372 -0.000723384
33489 37787 37770 -0.000507629
31631 37145 37191 0.00145427
32523 36183 36330 0.00451988
31837 35610 35280 -0.0103653
32773 36695 36624 -0.00216642
32035 36391 36391 0
32164 36121 36095 -0.000808357
32645 36951 36965 0.000428856
32690 36421 36786 0.0111655
32162 36690 36666 -0.000746222
33757 37743 37625 -0.00349557
32484 37282 36709 -0.0176395
31885 35562 35639 0.00241493
32193 36530 36410 -0.00372752
33398 36576 36475 -0.00302413
32815 36879 36877 -6.09477e-05
32166 35534 35534 0
33158 36956 36887 -0.00208095
32781 36160 36345 0.00564351
33127 37125 37092 -0.000996166
33074 36732 36732 0
33306 36728 36824 0.00288236
32771 36777 36828 0.00155625
32287 36327 36049 -0.00861028
33101 37237 37180 -0.001722
31944 35662 35827 0.00516529
33343 36806 36876 0.00209939
32402 35366 35248 -0.00364175
32079 36253 36208 -0.00140279
32072 36014 36168 0.0048017
31826 36262 36257 -0.000157104
33524 36761 37120 0.0107087
31960 36372 36266 -0.00331665
32489 36331 36306 -0.000769491
34058 38048 37936 -0.00328851
33132 36276 36137 -0.00419534
34142 36910 36914 0.000117158
32775 37039 37039 0
31860 35871 36152 0.00881984
34190 37802 37738 -0.00187189
32843 36640 36571 -0.0021009
33357 37281 37138 -0.00428696
34261 37037 37024 -0.00037944
32310 35775 35988 0.00659239
32082 36202 36111 -0.00283648
32502 36475 36373 -0.00313827
31765 35740 35838 0.00308516
32872 36379 36390 0.000334631
32731 36731 36839 0.00329962
33624 36526 36258 -0.0079705
32613 36514 36515 3.06626e-05
34209 37636 37485 -0.00441404
32131 36481 36412 -0.00214746
32654 36588 36486 -0.00312366
32578 36082 36179 0.00297747
32337 35789 35767 -0.000680335
32876 36655 36655 0
33218 36540 36237 -0.00912156
32258 36373 36448 0.002325
33350 36951 36951 0
32026 36948 36908 -0.00124899
32406 36364 36387 0.000709745
31596 35421 35672 0.00794404
32663 36661 36725 0.0019594
31957 36354 36464 0.00344213
32211 35993 36015 0.000682996
32093 36369 36722 0.0109993
32341 36807 36790 -0.000525649
31866 36192 36067 -0.00392268
32205 36104 36114 0.000310511
31238 36363 36363 0
32512 36921 36921 0
34145 37497 37482 -0.000439303
32762 37126 37255 0.00393749
31623 35373 35429 0.00177086
32857 36024 36353 0.0100131
33677 35845 35873 0.000831428
31968 35825 35920 0.00297172
32477 36861 36871 0.00030791
32460 36635 36489 -0.00449784
31520 35790 35839 0.00155457
33425 37662 37742 0.00239342
32974 37355 37355 0
32867 36844 37077 0.00708918
33064 37875 37979 0.00314541
32429 36128 36095 -0.00101761
32112 37045 36994 -0.00158819
33181 36281 36243 -0.00114523
32548 36785 36435 -0.0107533
32265 35985 35847 -0.00427708
32753 35960 36237 0.00845724
33371 37141 36922 -0.00656258
32618 36840 36837 -9.19738e-05
32500 35490 35381 -0.00335385
32774 36545 36376 -0.00515653
33129 36710 36659 -0.00153944
33965 36967 37022 0.00161931
32976 36509 36421 -0.00266861
32074 36387 36311 -0.00236952
34054 37490 37474 -0.000469842
32455 36030 35983 -0.00144816
33373 36586 36692 0.00317622
31738 36198 36258 0.00189048
32872 36501 36313 -0.00571915
33820 36737 36693 -0.00130101
31522 35400 35235 -0.00523444
32895 37707 37705 -6.07995e-05
31607 36105 36113 0.000253108
31640 36239 36194 -0.00142225
30988 35466 35424 -0.00135536
33021 36135 35897 -0.00720753
32546 36916 36665 -0.00771216
33704 36878 37108 0.00682412
33171 35907 35985 0.00235145
33007 36727 36685 -0.00127246
31962 36368 36041 -0.0102309
33210 36822 36911 0.00267992
32067 35755 35869 0.00355506
31782 36781 36652 -0.0040589
33512 36189 36195 0.00017904
31356 35804 35813 0.000287026
32107 36601 36570 -0.000965522
33506 36647 36643 -0.000119382
33467 37205 37120 -0.00253982
33571 36877 36942 0.00193619
33895 36856 36862 0.000177017
32961 35984 36183 0.00603744
32577 36524 36577 0.00162691
32352 37141 37144 9.273e-05
32642 36263 36264 3.06354e-05
33216 37287 37210 -0.00231816
32539 37118 36735 -0.0117705
31887 36296 36332 0.00112899
33476 36812 36524 -0.00860318
32253 36177 36220 0.00133321
31848 35767 35350 -0.0130934
30198 35151 35151 0
32574 36073 35968 -0.00322343
31914 36258 35846 -0.0129097
32207 37161 37279 0.0036638
32590 36833 36714 -0.00365143
30291 35234 35258 0.000792315
31849 37153 37066 -0.00273164
32317 35392 35472 0.00247548
31801 36096 36114 0.00056602
31857 36061 36172 0.00348432
32438 36338 36278 -0.00184968
32312 35299 35365 0.00204258
31978 36126 36171 0.00140722
33306 36411 36411 0
32246 35429 35602 0.00536501
32608 36343 36314 -0.000889352
32994 36706 36540 -0.00503122
32507 35524 35633 0.00335312
32401 36343 36340 -9.25897e-05
33101 37070 37070 0
31988 36713 36645 -0.0021258
32788 36991 36991 0
31779 36793 36804 0.000346141
33759 37014 37197 0.00542078
31437 36662 36557 -0.00334001
32590 37289 37110 -0.00549248
32894 36659 36757 0.00297927
32035 36712 36676 -0.00112377
31513 36063 35940 -0.00390315
33415 37109 37111 5.98534e-05
31583 35995 36001 0.000189976
32147 35547 35555 0.000248857
33354 36912 36787 -0.00374768
33296 36802 36589 -0.00639716
33343 36611 36442 -0.00506853
33199 35976 35798 -0.00536161
32378 36253 36132 -0.00373711
32720 36579 36579 0
33074 37227 37539 0.00943339
33057 36439 36526 0.00263182
33182 36519 36374 -0.00436984
32431 36524 36585 0.00188092
33158 37745 37594 -0.00455395
32592 37181 37349 0.00515464
31756 35904 35929 0.000787253
31426 35137 34833 -0.00967352
32274 36029 36044 0.00046477
33743 37244 37219 -0.000740894
32630 36946 36947 3.06466e-05
33372 36327 36327 0
32950 36203 36045 -0.00479514
33358 37596 37614 0.000539601
32459 36984 36666 -0.00979697
32594 36232 36119 -0.0034669
32455 36448 36423 -0.000770297
31696 35168 35152 -0.000504796
32133 35518 35535 0.000529051
31983 36059 35923 -0.00425226
32766 37241 37079 -0.00494415
32725 36695 36847 0.00464477
32873 36644 36599 -0.0013689
32030 36613 36579 -0.0010615
32915 36964 36985 0.000638007
32122 36030 36074 0.00136978
32957 36606 36490 -0.00351974
32331 36651 36237 -0.012805
31230 35192 35461 0.00861351
32619 35892 35688 -0.00625402
32301 34959 34911 -0.00148602
32942 37646 37667 0.000637484
32356 36164 36328 0.00506861
33204 37442 37619 0.00533068
32906 37078 37082 0.000121558
31488 36012 35593 -0.0133067
31979 36839 36743 -0.00300197
32275 36031 35869 -0.00501936
33435 36611 36602 -0.000269179
33133 36651 36635 -0.000482902
33307 36698 36816 0.0035428
31831 35722 35795 0.00229336
32809 37966 37943 -0.000701027
30714 34916 34671 -0.00797682
32192 36990 36940 -0.00155318
32147 36847 36540 -0.00954988
31499 36003 35986 -0.0005397
32511 35775 35699 -0.00233767
32318 36556 36565 0.000278483
32292 36627 36594 -0.00102192
32551 36793 36789 -0.000122884
32861 36934 36738 -0.00596452
33261 37517 37337 -0.00541174
32350 35786 35775 -0.000340031
32594 36453 36344 -0.00334417
31166 35763 35763 0
32547 36380 36386 0.000184349
32886 36788 36754 -0.00103387
32584 36511 36508 -9.20697e-05
33366 37030 37102 0.00215789
32717 35999 35777 -0.00678546
33096 37104 37052 -0.00157119
32112 35898 35883 -0.000467115
32383 36045 36045 0
33207 37602 37580 -0.000662511
32674 37135 37082 -0.00162208
31788 35501 35753 0.00792752
31349 35547 35376 -0.00545472
32006 36538 36538 0
32181 36312 36321 0.000279668
32191 36129 36101 -0.000869808
32694 36841 36811 -0.0009176
32667 36430 36343 -0.00266324
31387 35708 35835 0.00404626
32301 35401 35448 0.00145506
34236 37057 37057 0
32629 37531 37488 -0.00131785
32848 36906 36592 -0.00955918
31811 36471 36392 -0.00248342
32403 36351 36355 0.000123445
32744 37002 36998 -0.00012216
32201 36916 37057 0.00437875
33274 36438 36438 0
32155 35509 35477 -0.00099518
32969 37580 37474 -0.00321514
30727 35929 35940 0.000357991
32050 36084 36077 -0.000218409
31695 35480 35599 0.00375454
32145 35920 36103 0.00569295
32110 35060 35104 0.00137029
33439 36611 36632 0.000628009
32105 35665 35757 0.0028656
32443 35507 35529 0.000678112
32398 36783 36842 0.0018211
33813 37469 37548 0.00233638
32865 36920 36518 -0.0122319
33078 36310 36626 0.00955318
30876 35632 35364 -0.00867988
32603 36971 36971 0
32205 36268 36333 0.00201832
33304 36431 36276 -0.0046541
31513 35739 35746 0.000222131
32825 36332 36260 -0.00219345
33040 36235 36269 0.00102906
32058 35805 35714 -0.00283861
32198 36735 36676 -0.00183241
31979 35580 35588 0.000250164
33629 37108 37340 0.00689881
33360 36506 36590 0.00251799
32449 35851 35930 0.00243459
32966 36979 36936 -0.00130437
32496 36533 36524 -0.000276957
31894 36019 36102 0.00260237
32519 36366 36447 0.00249085
32249 36671 36662 -0.000279078
32616 36803 36998 0.00597866
33247 37657 37583 -0.00222576
31177 35861 35958 0.00311127
32131 37161 37141 -0.000622452
34425 37753 37896 0.00415396
31726 35444 35444 0
33557 37104 37079 -0.000745001
33029 36495 36538 0.00130189
32347 36983 36907 -0.00234952
31319 35423 35402 -0.000670519
31872 36738 36789 0.00160015
33735 37140 37140 0
32744 36129 36244 0.00351209
32736 36006 35723 -0.00864492
31562 35588 35515 -0.00231291
32857 37103 37116 0.000395654
32726 36280 36291 0.000336124
32583 35950 35982 0.000982107
32342 36544 36619 0.00231897
32480 36153 35955 -0.00609606
32686 36464 36391 -0.00223337
32858 36463 36403 -0.00182604
32179 35795 35780 -0.000466143
31401 36400 36400 0
32552 35746 35673 -0.00224257
32088 35226 34874 -0.0109698
31391 35299 35208 -0.00289892
32712 37381 37192 -0.0057777
32298 36641 36532 -0.00337482
32664 36736 36736 0
33059 35740 35614 -0.00381137
32622 35983 35878 -0.00321869
31088 35711 35740 0.000932836
32497 35523 35588 0.00200018
32656 36085 36174 0.00272538
32180 36392 36192 -0.00621504
32107 36184 36194 0.000311459
31442 36385 36368 -0.000540678
33103 37126 36964 -0.00489382
31341 35986 35927 -0.00188252
33109 36802 36748 -0.00163098
31806 36108 36031 -0.00242093
32269 37599 37628 0.000898695
31858 36454 36469 0.000470839
33464 37388 37395 0.00020918
32109 36187 36027 -0.00498303
32736 35867 35857 -0.000305474
32588 36336 36480 0.0044188
31545 36357 36214 -0.00453321
32259 36109 36022 -0.00269692
33614 37174 37163 -0.000327245
33638 37009 36922 -0.00258636
33408 36558 36317 -0.00721384
31902 35758 35693 -0.00203749
32948 36587 36358 -0.00695035
32559 36505 36460 -0.00138211
32829 36597 36416 -0.00551342
32109 36047 35847 -0.00622878
32439 36222 36055 -0.00514812
32561 36529 36454 -0.00230337
33523 37344 37356 0.000357963
32162 36350 36037 -0.00973198
33187 37094 37209 0.00346521
31142 35407 35489 0.0026331
32712 36662 36635 -0.000825385
32164 36169 36483 0.00976247
32946 36542 36301 -0.007315
32839 36947 36947 0
32613 36510 36456 -0.00165578
33295 36976 36995 0.000570656
32990 36619 36309 -0.00939679
31738 36474 35999 -0.0149663
32729 36854 36806 -0.00146659
32225 36449 36341 -0.00335144
33664 37333 36889 -0.0131892
33788 37212 37076 -0.0040251
31620 35842 35883 0.00129665
32632 35923 36569 0.0197965
34100 37605 37172 -0.0126979
33694 37794 37864 0.00207752
32708 36680 36749 0.00210958
33843 36776 36788 0.000354578
34004 36693 36660 -0.000970474
33037 36692 36718 0.000786996
32298 36851 36666 -0.00572791
32857 36373 36412 0.00118696
32817 36290 36386 0.00292531
33033 36537 36526 -0.000333
33007 36375 36536 0.00487775
31911 36292 36349 0.00178622
31747 35898 35911 0.000409488
31853 36628 36322 -0.00960663
32315 36801 36544 -0.00795296
32451 36776 36677 -0.00305075
33703 37962 38074 0.00332315
32058 35896 35920 0.000748643
33573 36715 37145 0.0128079
32762 36255 36337 0.0025029
33608 37398 37396 -5.95096e-05
33214 37652 37658 0.000180647
32822 36045 35978 -0.00204131
33228 36281 36283 6.01902e-05
32150 35674 35906 0.00721617
32989 36546 36556 0.000303131
31948 36357 36369 0.00037561
32014 35793 35818 0.000780908
31615 36082 35871 -0.00667405
32131 35858 35778 -0.00248981
32321 36184 36206 0.000680672
33120 36279 36232 -0.00141908
31257 35436 35292 -0.00460697
33362 35925 35978 0.00158863
32493 37171 37168 -9.23276e-05
33549 37856 37605 -0.00748159
32271 36306 36141 -0.00511295
32567 35822 35886 0.00196518
32144 35741 35602 -0.00432429
32372 36041 35913 -0.00395403
31742 36375 36326 -0.0015437
32917 36103 35932 -0.00519488
32068 36294 36626 0.010353
33467 37502 37528 0.000776885
32355 35947 35932 -0.000463607
31976 36755 36674 -0.00253315
32676 35601 35590 -0.000336639
32614 36244 36073 -0.00524315
32762 37264 37581 0.00967584
33343 36840 36914 0.00221936
32511 36199 36053 -0.00449079
32713 37123 37016 -0.00327087
32798 36218 36530 0.00951278
32910 36889 36851 -0.00115466
32156 36702 36800 0.00304764
33802 36278 36351 0.00215964
32168 36301 36221 -0.00248694
33014 36261 35910 -0.0106319
33909 37304 37067 -0.00698929
32458 37227 37249 0.000677799
31984 35284 35513 0.00715983
32531 35672 35650 -0.000676278
32105 36950 36831 -0.00370659
30940 35222 35426 0.00659341
31384 36284 36347 0.00200739
32823 35926 35811 -0.00350364
32136 36942 37268 0.0101444
31779 35889 35772 -0.00368168
33212 35731 35465 -0.00800915
32406 36246 36464 0.00672715
32435 36209 36119 -0.00277478
31644 35945 36011 0.0020857
32628 36591 36534 -0.00174697
31692 36595 36652 0.00179856
32437 36350 36346 -0.000123316
31201 35758 35530 -0.00730746
33108 36924 36879 -0.00135919
33043 37644 37517 -0.00384348
32735 36596 36562 -0.00103864
32717 36309 36255 -0.00165052
31609 36713 36729 0.000506185
32533 36822 37082 0.00799189
33047 37275 37237 -0.00114988
33757 37388 37163 -0.00666528
32464 36760 36760 0
32446 36503 36560 0.00175677
33297 37186 37155 -0.000931015
31940 35976 36229 0.0079211
33023 36651 36680 0.000878176
32580 36590 36603 0.000399018
32808 36692 36766 0.00225555
33610 37539 37539 0
33444 36821 37467 0.0193159
33223 37257 37181 -0.00228757
32079 36122 36399 0.00863493
32099 36616 36561 -0.00171345
33362 36781 36869 0.00263773
32689 36979 37049 0.00214139
32096 36055 36073 0.000560818
31537 35715 35601 -0.0036148
32568 36795 36648 -0.00451363
31177 35716 35584 -0.00423389
32390 36989 36998 0.000277864
32792 36855 36638 -0.00661747
32435 36111 36279 0.00517959
33293 36678 36672 -0.000180218
33059 36565 36583 0.000544481
32870 37329 37429 0.00304229
31588 36007 36175 0.00531848
33722 37243 37244 2.96542e-05
32279 36094 36043 -0.00157997
32683 36950 36735 -0.00657834
33043 37353 37296 -0.00172502
32865 35935 35844 -0.0027689
33311 37350 37350 0
31165 35934 35964 0.000962618
32849 36433 36392 -0.00124814
31396 36312 36335 0.000732577
31430 36705 36656 -0.00155902
32065 36085 36163 0.00243256
32753 37103 37064 -0.00119073
32012 36216 35823 -0.0122766
31850 35533 35551 0.000565149
32564 36791 36671 -0.00368505
32750 36565 36708 0.00436641
32962 36302 36333 0.000940477
33248 36641 36577 -0.00192493
32523 36142 36234 0.00282877
32181 36538 36536 -6.21485e-05
32948 36715 36551 -0.00497754
31209 35315 35249 -0.00211477
30807 35446 35905 0.0148992
31865 36176 36101 -0.00235368
34330 37594 37578 -0.000466065
31936 36414 36384 -0.000939379
33647 37012 36955 -0.00169406
33221 37364 37266 -0.00294994
32763 35614 35638 0.000732534
33143 35538 35632 0.00283619
33277 36726 36428 -0.00895513
33269 36296 36374 0.00234452
32445 36552 36554 6.16428e-05
33117 36653 36897 0.00736782
33584 36757 36742 -0.000446641
33282 36554 36829 0.00826272
32483 36911 36756 -0.00477173
34174 36733 36779 0.00134605
32195 35496 35531 0.00108713
32921 36430 36378 -0.00157954
32978 36303 36189 -0.00345685
33062 36682 36503 -0.00541407
31113 35293 35306 0.000417832
31713 34986 35095 0.00343708
32949 36094 35969 -0.00379374
33150 36834 36839 0.00015083
30812 36217 36303 0.00279112
34003 37424 37393 -0.000911684
32852 36483 36512 0.000882747
32703 36959 36727 -0.00709415
32480 37065 36834 -0.00711207
31490 35678 35509 -0.00536678
31944 35575 35529 -0.00144002
32654 36825 36851 0.000796227
33102 37009 37043 0.00102713
32239 36146 36153 0.000217128
31779 35745 35714 -0.000975487
32795 36750 36844 0.00286629
34218 37631 37649 0.000526039
31572 35496 35605 0.00345243
32196 35728 35678 -0.00155299
32299 35936 35881 -0.00170284
31874 35839 36173 0.0104788
33088 36499 36326 -0.00522848
32464 37422 37419 -9.24101e-05
32832 36419 36469 0.0015229
33173 37212 37236 0.00072348
32879 37098 37054 -0.00133824
32612 36634 36413 -0.00677665
32523 36451 36354 -0.0029825
31100 36367 36418 0.00163987
31893 36567 36622 0.00172452
31667 36577 36539 -0.00119999
31971 36262 36351 0.00278377
33815 37400 37071 -0.00972941
32673 36399 36252 -0.00449913
32662 35355 35264 -0.00278611
32287 36364 36307 -0.00176542
31142 35410 35276 -0.00430287
32277 36538 36480 -0.00179695
32752 37498 37501 9.15975e-05
32123 36735 36545 -0.00591477
32235 37534 37559 0.000775555
31352 35710 35293 -0.0133006
31788 36044 36155 0.00349188
34133 36992 36680 -0.00914071
32317 36406 36444 0.00117585
32145 36253 36042 -0.00656401
32728 37238 37189 -0.00149719
33569 37274 37193 -0.00241294
32613 36133 36146 0.000398614
33192 37056 36875 -0.00545312
32275 35842 36073 0.00715724
33671 37464 37320 -0.00427668
31831 36486 36515 0.000911062
31116 35735 35798 0.00202468
33125 36548 36567 0.000573585
32767 36828 36779 -0.00149541
31515 35911 35904 -0.000222116
32570 35992 35720 -0.00835124
32344 37475 37492 0.0005256
32454 35496 35645 0.00459111
32904 37009 36972 -0.00112448
32716 36186 36439 0.00773322
30542 36670 36598 -0.00235741
31144 35590 35575 -0.000481634
31806 37041 36897 -0.00452745
31024 36330 36245 -0.00273981
34012 37631 37477 -0.00452781
32435 35916 36044 0.00394635
31391 35434 35368 -0.00210251
31321 35409 35680 0.00865234
33737 38172 38000 -0.00509826
31051 35661 35416 -0.00789025
31973 36302 36111 -0.00597379
32676 36863 36835 -0.000856898
32695 35855 35746 -0.00333384
33304 36620 36615 -0.000150132
30826 34865 34865 0
32858 36242 36307 0.00197821
32263 36284 36237 -0.00145678
32505 36255 36068 -0.00575296
31878 36242 36174 -0.00213313
32189 36779 36389 -0.0121159
32076 36860 36833 -0.000841751
33569 36584 36471 -0.0033662
31816 35862 35897 0.00110008
33296 37100 37100 0
32018 36382 36250 -0.00412268
32273 36511 36263 -0.00768444
31722 35740 35892 0.00479163
33504 36292 36325 0.000984957
32244 36625 36602 -0.000713311
33705 36698 36698 0
32327 36534 36363 -0.0052897
32225 35986 35951 -0.00108611
31660 35707 35840 0.00420088
33399 36530 36567 0.00110782
32445 36547 36529 -0.000554785
32405 36278 36238 -0.00123438
33423 36724 36534 -0.00568471
33074 35938 36121 0.00553305
32194 35390 35465 0.00232963
32459 35576 35773 0.00606919
32110 36441 36441 0
32625 36295 36295 0
32735 36711 36722 0.000336032
33030 36967 36878 -0.00269452
32033 37041 36930 -0.00346518
33081 36911 36612 -0.00903842
32495 37317 37237 -0.00246192
32699 37065 36994 -0.00217132
33686 37347 37411 0.0018999
32446 36304 36406 0.00314368
31978 35914 35932 0.000562887
32391 36505 36418 -0.00268593
32485 36384 36380 -0.000123134
32620 36104 36217 0.00346413
31673 36486 36265 -0.00697755
31801 36176 36183 0.000220119
31903 35740 35844 0.00325988
32815 36665 36535 -0.0039616
32830 36519 36259 -0.00791959
32934 36356 36493 0.00415983
31887 36119 36137 0.000564493
32344 37698 37700 6.18353e-05
33189 37500 37491 -0.000271174
33328 36761 36778 0.000510082
32710 36816 36700 -0.00354632
32401 36011 35875 -0.0041974
31952 36804 36863 0.00184652
33271 36441 36402 -0.00117219
33967 37797 38218 0.0123944
32231 36085 36118 0.00102386
33505 37802 37670 -0.00393971
33601 37219 37242 0.000684503
33125 36942 36993 0.00153962
32168 35788 35343 -0.0138336
31937 36590 36425 -0.00516642
32344 36843 36875 0.000989364
32060 36175 36302 0.00396132
33205 36402 36359 -0.00129499
33070 36579 36462 -0.00353795
32386 36294 36294 0
32146 36238 36266 0.000871026
32504 35602 35400 -0.00621462
31639 35798 35905 0.0033819
31833 36276 36280 0.000125656
32026 36488 36379 -0.00340348
32804 36765 36654 -0.00338373
32266 36765 36651 -0.00353313
34261 36532 37074 0.0158197
33186 37759 37670 -0.00268185
33381 36985 37045 0.00179743
32292 37038 37081 0.0013316
31510 35300 35331 0.000983815
32791 36382 36382 0
34056 36805 36805 0
32837 37014 36901 -0.00344124
31924 36420 36617 0.00617091
31467 34940 35007 0.00212921
33262 36606 36638 0.000962059
32928 36303 36583 0.0085034
32341 37249 36901 -0.0107603
32857 37293 37170 -0.00374349
31747 36350 36390 0.00125996
33368 36506 36293 -0.00638336
32770 37548 37310 -0.00726274
32022 36008 36025 0.000530885
32946 36565 36561 -0.000121411
33258 37168 37138 -0.000902039
32464 36282 36341 0.0018174
32787 37145 37090 -0.00167749
33178 37947 37687 -0.00783652
33401 37309 37355 0.0013772
32260 36730 36684 -0.00142591
32800 35872 35693 -0.00545732
31630 35348 35339 -0.00028454
32792 36836 36860 0.000731886
32655 36413 36467 0.00165365
32771 36310 36389 0.00241067
32531 36630 36516 -0.00350435
32159 36640 36900 0.00808483
33111 36454 36414 -0.00120806
33516 37007 36929 -0.00232725
32133 35056 35243 0.00581956
32914 36322 36651 0.00999575
32716 36382 36301 -0.00247585
32271 36018 35930 -0.00272691
33382 37267 37098 -0.00506261
33016 36120 36178 0.00175672
32244 36402 36419 0.00052723
31731 36709 36710 3.15149e-05
33131 36514 36112 -0.0121337
32512 36974 37022 0.00147638
33139 37437 37519 0.00247443
33198 36473 36473 0
32039 36645 36220 -0.0132651
32355 37388 37369 -0.000587235
32826 36336 36169 -0.00508743
32905 36969 37048 0.00240085
33698 37245 37326 0.0024037
32106 35484 35484 0
32232 36037 36128 0.00282328
33273 37973 37946 -0.000811469
32674 36811 36728 -0.00254025
32300 36795 36698 -0.0030031
33518 36551 36551 0
33202 36866 36973 0.0032227
32403 36620 36863 0.00749931
33070 37555 37421 -0.00405201
32961 35862 36051 0.00573405
31693 36129 36053 -0.00239801
32148 36092 36002 -0.00279955
31174 36117 36075 -0.00134728
32103 36789 36739 -0.00155749
31842 35708 35729 0.000659506
32053 35762 35893 0.00408698
32753 36104 36104 0
32595 36551 36567 0.000490873
32843 36801 36681 -0.00365375
32628 36304 36284 -0.00061297
31274 36369 36045 -0.01036
32544 36323 36319 -0.000122911
31752 35478 35311 -0.00525951
33774 36903 36952 0.00145082
31323 35243 35238 -0.000159627
33581 36963 36975 0.000357345
33121 35936 35908 -0.000845385
33414 37235 37228 -0.000209493
32849 36481 36440 -0.00124814
32731 36142 36205 0.00192478
32697 36337 36397 0.00183503
31735 35633 35437 -0.00617615
31811 36098 36199 0.003175
32239 36516 36403 -0.00350507
33457 36250 36680 0.0128523
31705 36635 36477 -0.00498344
32495 36206 36352 0.004493
31121 35684 35716 0.00102824
32548 35399 35437 0.00116751
32193 36117 36199 0.00254714
32196 36729 36718 -0.000341657
32302 36396 36360 -0.00111448
31603 37631 37708 0.00243648
32679 35843 35894 0.00156064
32919 36553 36367 -0.00565023
34397 37671 37457 -0.00622147
32396 37403 37436 0.00101864
32077 36748 36656 -0.0028681
32839 36761 36665 -0.00292335
31887 35566 35578 0.000376329
33405 36595 36667 0.00215537
33195 36553 36553 0
32272 35887 35778 -0.00337754
33608 36912 37016 0.0030945
32589 36459 36349 -0.00337537
31898 35046 34971 -0.00235124
31819 35560 35615 0.00172853
32615 35734 35784 0.00153304
32828 36189 36449 0.00792007
32576 36199 35991 -0.00638507
31145 35717 35849 0.00423824
32485 36559 36624 0.00200092
31811 36002 36018 0.000502971
31047 35919 35908 -0.000354302
32593 36621 36410 -0.00647378
33007 36262 36025 -0.0071803
32234 35925 36064 0.00431222
31753 35649 35717 0.00214153
31964 36738 36725 -0.000406708
33307 36518 36452 -0.00198157
32488 36883 36831 -0.00160059
32956 36449 36482 0.00100134
32518 35945 35858 -0.00267544
32161 35951 36038 0.00270514
32559 35793 35768 -0.000767837
31967 36191 35866 -0.0101667
32571 36185 36169 -0.000491235
33275 37703 37702 -3.00526e-05
32574 36751 36719 -0.000982379
32978 37231 37302 0.00215295
32390 36100 35977 -0.00379747
32258 37202 37203 3.10001e-05
32973 36335 36161 -0.00527704
32405 36070 36089 0.000586329
32485 36684 36517 -0.00514083
33147 36174 36099 -0.00226265
31835 35669 35675 0.000188472
34180 37253 37201 -0.00152136
33609 36950 36707 -0.00723021
32496 35836 35875 0.00120015
32381 36914 36858 -0.00172941
31902 36354 36381 0.000846342
32605 36214 35957 -0.00788223
32058 36464 36368 -0.00299457
31224 36346 36202 -0.00461184
33968 36860 36875 0.000441592
31069 35850 35494 -0.0114584
31512 37324 37324 0
32319 36954 36991 0.00114484
33689 37817 37752 -0.00192941
32987 36311 36321 0.00030315
32469 35780 35430 -0.0107795
33593 36722 36760 0.00113119
32782 36319 36236 -0.00253188
32670 36630 36658 0.000857055
32632 36744 36695 -0.00150159
32315 35792 35571 -0.00683893
33603 36378 36363 -0.000446389
32439 37216 37216 0
33547 36315 36339 0.000715414
33084 36917 36872 -0.00136017
32227 36328 36183 -0.00449933
32706 36617 36749 0.00403596
32669 36158 36160 6.12201e-05
32047 36832 36794 -0.00118576
32728 36988 36945 -0.00131386
32909 36100 36111 0.000334255
33343 37176 37223 0.00140959
31899 36463 36493 0.000940468
31637 36188 36197 0.000284477
32951 36997 37137 0.00424873
32757 36034 35994 -0.00122111
32383 36017 36025 0.000247043
32635 36616 36461 -0.0047495
33151 36877 36861 -0.00048264
32775 36309 36260 -0.00149504
31595 36280 35769 -0.0161734
32620 36679 36679 0
32636 36678 36614 -0.00196102
31170 35756 35659 -0.00311197
33222 36107 36107 0
31671 36600 36667 0.0021155
32175 36822 36817 -0.0001554
32832 36647 36647 0
32860 36073 36092 0.000578211
31892 36524 36506 -0.000564405
32319 36412 36167 -0.00758068
32482 37050 36814 -0.00726556
31724 36088 35981 -0.00337284
33501 36118 36093 -0.000746246
32732 35953 36098 0.00442992
33109 36213 36124 -0.00268809
33126 36867 36771 -0.00289803
31728 35626 35743 0.00368759
31152 36021 36027 0.000192604
32426 36982 36838 -0.00444088
31403 36139 36049 -0.00286597
31832 36968 36968 0
31880 35829 35898 0.00216437
33058 36947 36860 -0.00263174
33238 37090 37130 0.00120344
32400 36777 36777 0
33148 36576 36427 -0.00449499
32713 36090 36382 0.00892612
33057 37074 37169 0.00287382
33017 36337 36337 0
31892 36209 36169 -0.00125423
32398 36952 36982 0.000925983
31859 36604 36645 0.00128692
32214 35705 35536 -0.00524617
32181 36499 36353 -0.00453684
32296 36341 36311 -0.000928908
32518 37020 37005 -0.000461283
31894 35808 35927 0.00373111
33637 37125 37193 0.00202158
33442 37563 37574 0.000328928
32190 35904 35748 -0.00484623
31731 36732 36315 -0.0131417
33045 36871 36763 -0.00326827
32474 36009 36003 -0.000184763
31392 35471 35448 -0.000732671
33089 37162 37316 0.00465411
33595 36661 36452 -0.00622116
33364 37695 37661 -0.00101906
31360 35929 35885 -0.00140306
32785 36326 36320 -0.000183011
33142 37304 36980 -0.00977611
31738 36250 36065 -0.00582897
32279 35725 35792 0.00207565
32070 37228 37227 -3.11818e-05
32872 37027 36825 -0.00614505
31490 36806 36632 -0.00552556
33752 37239 36879 -0.010666
32257 36637 37031 0.0122144
32150 36810 36730 -0.00248834
32049 35258 35512 0.00792536
32997 36130 35806 -0.00981907
32016 36905 36962 0.00178036
33601 36719 36677 -0.00124996
33641 36340 36387 0.0013971
32659 36067 35917 -0.00459291
32884 37327 37355 0.000851478
32013 36276 36276 0
32794 36114 36032 -0.00250046
33670 38096 38052 -0.0013068
33194 37879 37491 -0.0116889
32291 36003 35952 -0.00157939
32830 36357 36388 0.000944258
33277 36673 36811 0.00414701
32479 35961 36074 0.00347917
32944 36212 36056 -0.00473531
32582 35876 35792 -0.00257811
31245 34888 34930 0.00134422
31995 36044 36128 0.00262541
32897 36146 36680 0.0162325
32576 36659 36670 0.000337672
33007 37114 37118 0.000121186
32170 37041 36806 -0.00730494
34024 37043 37022 -0.000617211
31340 36600 36515 -0.00271219
31993 36675 36823 0.00462601
33562 37041 37061 0.000595912
32678 37105 36894 -0.00645694
34026 37360 37315 -0.00132252
32105 36583 36382 -0.00626071
33702 37344 37354 0.000296718
33116 36580 36581 3.01969e-05
32953 35640 35727 0.00264012
33105 37136 37136 0
34002 37557 37593 0.00105876
32202 37041 36872 -0.00524812
32799 36547 36443 -0.00317083
31812 36633 36572 -0.00191752
32403 36237 36185 -0.00160479
33694 37307 37349 0.00124651
31757 35610 35641 0.000976163
32339 36645 36577 -0.00210272
32657 36671 36814 0.00437885
31955 35883 36108 0.00704115
31847 36384 36589 0.00643703
32973 36123 36084 -0.00118279
32428 36326 36286 -0.0012335
32512 36121 36116 -0.000153789
31442 36023 35934 -0.00283061
32470 36682 36613 -0.00212504
31690 35803 35658 -0.00457558
32970 36828 36898 0.00212314
30936 36021 36000 -0.000678821
32365 37140 36815 -0.0100417
32428 36285 36196 -0.00274454
32400 35914 35844 -0.00216049
33176 35907 35864 -0.00129612
31839 36157 36155 -6.2816e-05
32528 36763 36708 -0.00169085
32538 35935 35846 -0.00273526
32095 36480 36365 -0.00358311
33330 37385 37396 0.000330033
33112 37097 36919 -0.00537569
32086 36143 35938 -0.00638908
33474 37019 36892 -0.00379399
32664 37114 36927 -0.00572496
31147 36568 36536 -0.00102739
33425 37080 37090 0.000299177
32368 36735 36487 -0.00766189
32393 36092 36195 0.0031797
32577 37150 37089 -0.00187249
33387 37055 37049 -0.000179711
32525 37199 37319 0.00368947
32908 36570 36442 -0.00388963
33006 36369 36284 -0.00257529
32700 36622 36592 -0.000917431
33008 36785 36654 -0.00396873
32198 36524 36509 -0.000465867
33044 36817 36708 -0.00329863
32186 36044 36108 0.00198844
32748 36059 35948 -0.00338952
32134 36172 36166 -0.000186718
33507 36958 37002 0.00131316
32906 35948 35821 -0.00385948
33565 37476 37579 0.00306867
31486 36840 36840 0
31574 35024 35089 0.00205866
33154 36463 36571 0.00325753
32160 36126 36175 0.00152363
32161 36439 36550 0.00345139
32243 35851 35908 0.00176783
