21981 24913 24920 0.000318457
21475 24081 24199 0.00549476
22515 25094 25185 0.00404175
20748 25335 25260 -0.00361481
22228 24471 24536 0.00292424
21231 25150 24998 -0.00715934
21954 25452 25517 0.00296074
21605 25201 25189 -0.000555427
21826 24655 24657 9.16338e-05
21629 24169 24278 0.00503953
21921 24663 24729 0.00301081
21587 24489 24565 0.00352064
21035 24270 24105 -0.00784407
21894 25353 25362 0.000411072
21709 25012 25210 0.00912064
21044 24822 24836 0.000665273
21970 25642 25480 -0.00737369
21400 25702 25652 -0.00233645
21451 24547 24486 -0.00284369
21863 25254 25085 -0.00772995
22674 25054 25119 0.00286672
21815 24601 24620 0.00087096
21200 24339 24308 -0.00146226
22087 24567 24536 -0.00140354
22451 25073 25033 -0.00178166
21588 24883 24838 -0.00208449
22163 25112 25052 -0.00270721
22347 25624 25627 0.000134246
21335 24372 24238 -0.00628076
21592 24871 25047 0.00815117
21727 25354 25456 0.00469462
21131 24541 24552 0.000520562
22157 24729 24774 0.00203096
21003 24212 24129 -0.00395182
21404 24394 24348 -0.00214913
20904 24366 24292 -0.00353999
21193 24549 24864 0.0148634
22280 25712 25834 0.00547576
21825 25266 25142 -0.00568156
21058 24809 24877 0.00322918
22547 25665 25540 -0.00554397
22894 25209 25009 -0.00873591
23052 24996 25161 0.00715773
22389 25159 24946 -0.0095136
20612 24497 24593 0.00465748
23112 25679 25679 0
22295 25170 25136 -0.00152501
21868 25169 24871 -0.0136272
22401 24918 24854 -0.00285702
21557 24940 24837 -0.00477803
21350 24342 24273 -0.00323185
21847 25072 25144 0.00329565
21027 24617 24668 0.00242545
22480 25188 25225 0.00164591
22198 25259 25545 0.012884
21797 24696 24680 -0.000734046
21620 24689 24659 -0.0013876
22662 25418 25526 0.00476569
21355 25109 24948 -0.00753922
20892 24430 24326 -0.00497798
22063 24656 24710 0.00244754
21422 24613 24379 -0.0109233
22512 25715 25593 -0.00541933
22220 25453 25611 0.00711071
21063 24021 23961 -0.0028486
21811 24355 24233 -0.00559351
21494 24668 24723 0.00255885
21639 24775 24927 0.00702435
21161 24364 24364 0
21095 24674 24607 -0.00317611
21233 25066 25137 0.00334385
21223 24786 24669 -0.00551289
21938 25301 25394 0.00423922
21318 24891 24914 0.0010789
20349 24344 24278 -0.0032434
20749 24219 24219 0
20789 24659 24513 -0.00702294
22155 25124 25167 0.00194087
22918 25405 25437 0.00139628
22177 25126 25051 -0.00338188
20886 23919 24002 0.00397395
22309 24597 24547 -0.00224125
22544 24441 24468 0.00119766
21678 24674 24668 -0.000276778
21960 24785 24824 0.00177596
21438 25040 24943 -0.00452468
21059 24485 24431 -0.00256422
21803 25448 25448 0
22622 25969 25937 -0.00141455
21975 25281 24873 -0.0185666
21796 25849 25874 0.001147
22042 25284 25335 0.00231376
21382 25133 24954 -0.00837153
22081 24797 24870 0.00330601
21612 25724 25673 -0.0023598
21559 24304 24179 -0.00579804
21902 24457 24743 0.0130582
22178 25139 25191 0.00234467
21882 24661 24669 0.000365597
22093 24328 24027 -0.0136242
22228 25305 25244 -0.00274429
21887 24965 25028 0.00287842
22417 25294 25241 -0.00236428
21784 25133 25252 0.00546272
22032 24868 25024 0.00708061
22693 25743 26062 0.0140572
21783 24284 24204 -0.00367259
22259 24516 24552 0.00161732
20738 24555 24481 -0.00356833
22103 25568 25581 0.000588155
22807 25435 25416 -0.000833078
20755 24668 24777 0.00525175
21050 24907 24962 0.00261283
20581 24882 24861 -0.00102036
20911 24142 24142 0
20777 24284 24317 0.00158829
21889 24130 24110 -0.000913701
21646 24867 24914 0.0021713
22694 25622 25621 -4.40645e-05
22056 24875 24938 0.00285637
22356 25062 25156 0.00420469
21897 24820 24913 0.00424716
22094 25171 25135 -0.0016294
21509 24705 24717 0.000557906
21424 24983 25120 0.0063947
22777 25171 25171 0
21030 24731 24731 0
21333 25091 25135 0.00206253
22012 24751 24827 0.00345266
22332 25555 25637 0.00367186
22575 25558 25633 0.00332226
22939 24913 24862 -0.00222329
21732 24915 25023 0.00496963
22230 25198 25271 0.00328385
22213 25513 25629 0.00522217
21852 24849 24936 0.00398133
22408 25249 25127 -0.00544448
21866 25301 25215 -0.00393305
21144 24176 24238 0.00293227
21943 24938 25030 0.00419268
21322 24276 24119 -0.00736329
21541 24778 24504 -0.0127199
20187 23617 23724 0.00530044
21932 24304 24397 0.00424038
21342 24815 24828 0.000609128
21473 25612 25605 -0.000325991
21808 25114 25117 0.000137564
20725 24131 24032 -0.00477684
21773 25622 25612 -0.000459284
21456 24276 24212 -0.00298285
21584 24680 24788 0.00500371
21342 24779 24597 -0.00852779
21872 24573 24546 -0.00123446
21292 24481 24464 -0.000798422
21439 24962 24926 -0.00167918
22327 24915 25023 0.00483719
21303 24087 24112 0.00117354
21946 24650 24515 -0.00615146
21734 24699 24608 -0.00418699
21822 24525 24540 0.00068738
22412 25287 25235 -0.00232019
21876 25237 25124 -0.00516548
21888 25157 25071 -0.00392909
21528 25361 25370 0.00041806
20329 24469 24477 0.000393526
21969 25049 25018 -0.00141108
20965 24997 24951 -0.00219413
21325 25379 25459 0.00375147
22241 24857 24868 0.000494582
21398 25284 24821 -0.0216375
21254 24379 24610 0.0108685
21919 25001 24929 -0.00328482
20971 25061 25136 0.00357637
21532 24427 24676 0.0115642
22090 25504 25404 -0.00452694
22797 25283 25160 -0.00539545
22424 25248 25199 -0.00218516
21869 24582 24565 -0.000777356
21556 24935 25076 0.0065411
21626 24799 24832 0.00152594
22254 25641 25559 -0.00368473
22196 24750 24667 -0.00373941
22221 24640 24738 0.00441024
21176 24670 24560 -0.00519456
22098 25534 25551 0.0007693
21340 25623 25623 0
20889 24281 24354 0.00349466
20859 24070 24016 -0.00258881
21517 24954 24835 -0.00553051
22424 25666 25646 -0.000891902
22126 24735 24816 0.00366085
22678 25276 25276 0
22282 24772 24724 -0.00215421
22227 25807 25687 -0.00539884
21728 24681 24838 0.0072257
21510 24623 24549 -0.00344026
21479 25068 25018 -0.00232786
21373 24484 24447 -0.00173116
21261 24348 24430 0.00385683
21543 25023 25023 0
22156 26246 26126 -0.00541614
21641 25132 25221 0.00411256
22254 25056 25069 0.000584165
21747 25455 25387 -0.00312687
22080 24920 24889 -0.00140399
20569 23631 23438 -0.00938305
21709 24961 24985 0.00110553
21750 24911 24811 -0.0045977
20493 24242 24451 0.0101986
22134 24703 24740 0.00167164
20887 23483 23548 0.00311198
21734 25661 25661 0
21580 24697 24742 0.00208526
22706 25672 25740 0.0029948
21622 24830 24978 0.00684488
20899 24583 24539 -0.00210536
21211 24483 24483 0
21569 24897 24745 -0.00704715
21990 24432 24377 -0.00250114
21667 24991 25058 0.00309226
22420 25398 25413 0.000669045
21462 24173 24328 0.00722207
22286 25768 25645 -0.00551916
20570 23890 23922 0.00155566
21629 25044 25014 -0.00138703
21914 25169 25004 -0.00752943
21077 24621 24771 0.00711676
21370 24343 24280 -0.00294806
21379 24855 24886 0.00145002
21723 25138 24853 -0.0131197
21547 25115 25252 0.00635819
21626 25037 25073 0.00166466
22560 25430 25468 0.0016844
21514 24542 24483 -0.0027424
22085 24791 24794 0.000135839
20832 24571 24517 -0.00259217
22325 25072 25166 0.00421053
21659 24814 24830 0.000738723
21559 25299 25186 -0.00524143
21895 24916 24937 0.000959123
21846 24497 24551 0.00247185
22042 24972 24993 0.000952727
21072 23843 23833 -0.000474563
21707 24498 24540 0.00193486
21770 25694 25418 -0.012678
22471 25921 25449 -0.0210049
21676 24400 24401 4.6134e-05
20561 24462 24411 -0.00248042
20762 24528 24549 0.00101146
20949 24222 23981 -0.0115041
21348 24411 24401 -0.000468428
21133 25235 25234 -4.73194e-05
21774 24910 24847 -0.00289336
20810 23919 23889 -0.00144161
21561 23963 24222 0.0120124
22554 24941 24791 -0.0066507
21749 24856 24786 -0.00321854
21752 24902 24782 -0.00551673
21277 24999 24909 -0.00422992
21243 24592 24596 0.000188297
21595 24583 24538 -0.00208382
21212 24983 24911 -0.00339431
22387 25384 25353 -0.00138473
21422 24323 24344 0.000980301
21471 25401 25209 -0.00894229
20004 24221 24106 -0.00574885
21038 24530 24842 0.0148303
21960 24862 24913 0.0023224
21488 25089 25024 -0.00302494
21799 24252 24364 0.00513785
22256 25249 25187 -0.00278577
20857 24767 24865 0.00469866
21648 24163 24247 0.00388027
21461 25188 25183 -0.000232981
23170 25696 25734 0.00164005
21952 25164 25164 0
22138 25149 24859 -0.0130996
20312 23962 23895 -0.00329854
21884 25352 25279 -0.00333577
21653 24980 25047 0.00309426
22159 24826 24766 -0.0027077
20822 24006 23907 -0.00475459
21379 23960 23914 -0.00215164
22026 24987 25233 0.0111686
21060 24026 24080 0.0025641
21534 24952 24894 -0.00269342
21424 24020 23957 -0.00294063
22728 25585 25714 0.00567582
21781 24854 24939 0.00390248
22034 24739 24787 0.00217845
21308 24933 24795 -0.00647644
21458 24787 24829 0.00195731
21185 24572 24561 -0.000519235
22284 24760 24828 0.00305152
21630 24982 24872 -0.00508553
21249 24648 24767 0.00560026
22750 26024 26026 8.79121e-05
20752 24755 24754 -4.81881e-05
21291 25255 25377 0.00573012
22104 25127 25131 0.000180963
20817 23711 23996 0.0136907
22197 25161 25424 0.0118484
22079 25096 24946 -0.00679379
21828 25407 25426 0.000870442
20603 24399 24141 -0.0125224
21331 24467 24426 -0.00192209
22362 24851 25175 0.0144889
22037 25053 25070 0.00077143
22023 24630 24870 0.0108977
21519 24678 24624 -0.00250941
21737 25013 24726 -0.0132033
21766 24642 24596 -0.00211339
21836 24942 24875 -0.00306833
21524 25130 24729 -0.0186304
21872 24767 24630 -0.00626372
22623 25604 25568 -0.0015913
21590 25099 25014 -0.00393701
21279 24141 24266 0.00587434
21273 24633 24561 -0.00338457
20981 24179 24316 0.00652972
21273 24024 24088 0.00300851
21129 23798 23854 0.00265039
21465 25031 24950 -0.00377358
21501 24354 24403 0.00227896
21468 24827 24876 0.00228247
22167 24673 24646 -0.00121803
22011 25261 25120 -0.00640589
21165 24879 24726 -0.00722892
21919 24603 24603 0
22286 25388 25371 -0.000762811
21259 24529 24488 -0.00192859
21783 24391 24334 -0.00261672
20580 24662 24603 -0.00286686
21768 25064 24770 -0.0135061
21274 24060 23945 -0.00540566
22286 25085 25078 -0.000314099
21415 24904 24907 0.000140089
21909 25714 25752 0.00173445
21353 24392 24429 0.00173278
22400 25392 25830 0.0195536
21354 24935 24829 -0.00496394
21695 25103 25077 -0.00119843
21109 24843 24738 -0.00497418
21229 24872 24831 -0.00193132
21755 25026 25052 0.00119513
22434 25332 25275 -0.00254079
22189 25000 24886 -0.00513768
22293 25061 25048 -0.000583143
21325 24362 24217 -0.00679953
21742 24225 24102 -0.00565725
21862 25365 25297 -0.00311042
21767 24893 24923 0.00137823
21735 24656 24671 0.000690131
21456 24314 24214 -0.0046607
21651 24853 24790 -0.0029098
21702 24896 25010 0.00525297
21434 24682 24581 -0.00471214
21701 25154 24907 -0.011382
21673 24588 24588 0
21673 24759 24830 0.00327597
21005 24761 24840 0.00376101
22146 25020 24726 -0.0132755
21594 24927 24874 -0.00245439
21452 25491 25455 -0.00167817
22727 25480 25410 -0.00308004
21706 25387 25389 9.21404e-05
20860 24094 24163 0.00330777
21722 24973 24787 -0.00856275
21420 24889 24887 -9.33707e-05
22562 25395 25418 0.00101941
22600 25437 25592 0.00685841
20959 24878 24899 0.00100196
21120 24557 24385 -0.00814394
22980 25839 25916 0.00335074
21989 25203 25178 -0.00113693
22347 25230 25207 -0.00102922
21556 24722 24734 0.00055669
22922 24927 24959 0.00139604
22413 24968 24813 -0.00691563
21815 25187 25153 -0.00155856
21807 24826 24793 -0.00151328
21649 24847 24829 -0.000831447
21965 24914 24707 -0.00942408
21822 24817 24915 0.00449088
21077 24357 24418 0.00289415
21440 24531 24530 -4.66418e-05
20937 24892 24925 0.00157616
21490 25251 25252 4.65333e-05
21513 24890 24912 0.00102264
22494 25454 25581 0.00564595
21154 24620 24585 -0.00165453
22920 25181 25135 -0.00200698
21664 24729 24705 -0.00110783
22673 25673 25590 -0.00366074
22248 25183 25177 -0.000269687
22306 24676 24737 0.00273469
22318 25067 25016 -0.00228515
21622 24400 24462 0.00286745
21571 24697 24757 0.00278151
21520 24704 24834 0.00604089
21467 24640 24644 0.000186333
21159 24631 24524 -0.00505695
21012 24158 23782 -0.0178945
21309 24402 24286 -0.00544371
21927 24491 24543 0.00237151
20277 24181 24107 -0.00364946
22738 24987 24990 0.000131938
20629 24487 24437 -0.00242377
22316 26134 26073 -0.00273346
21313 24578 24593 0.000703796
21102 24161 23954 -0.0098095
21794 24690 24574 -0.00532257
21621 24672 24674 9.25027e-05
21259 25449 25317 -0.00620913
22224 24838 24809 -0.0013049
21025 24629 24691 0.00294887
22752 25771 25751 -0.000879044
21728 24564 24696 0.00607511
21060 25226 25247 0.000997151
22001 24069 24013 -0.00254534
21810 24952 24904 -0.00220083
21383 25165 25011 -0.00720198
21972 24703 24888 0.00841981
21892 24745 24957 0.0096839
21687 25036 25058 0.00101443
22096 25450 25309 -0.00638125
22718 25333 25351 0.000792323
21120 25286 25100 -0.00880682
22462 24799 24666 -0.00592111
21748 24675 24346 -0.0151278
22427 24781 24710 -0.00316583
23094 25681 25745 0.00277128
21310 25063 25127 0.00300328
21446 24417 24703 0.0133358
21975 23788 23933 0.00659841
21378 24902 24866 -0.00168397
20247 24306 24360 0.00266706
20925 24965 24997 0.00152927
22550 24747 24780 0.00146341
21924 25489 25640 0.00688743
20850 24596 24579 -0.000815348
22021 24170 24194 0.00108987
21126 23974 24124 0.00710026
22090 24756 24794 0.00172024
20686 24286 24315 0.00140191
21170 24463 24586 0.00581011
21079 25048 25029 -0.000901371
21332 24097 24136 0.00182824
21330 24847 24635 -0.00993905
22632 25321 25224 -0.00428597
22525 25377 25338 -0.00173141
21751 24700 24696 -0.0001839
21650 24590 24512 -0.00360277
20682 24969 25048 0.00381975
21398 24985 25001 0.000747733
22196 25293 25324 0.00139665
22974 25857 25915 0.00252459
21341 25114 25114 0
21788 25457 25464 0.000321278
22147 25195 25076 -0.00537319
21316 24794 24737 -0.00267405
22056 24502 24394 -0.00489663
22066 25132 25079 -0.00240189
21579 24737 24821 0.00389267
22685 25447 25448 4.4082e-05
22227 25970 25914 -0.00251946
22555 25956 26024 0.00301485
20783 24775 24790 0.000721744
21113 24938 25037 0.00468905
21496 25043 24978 -0.00302382
21869 25231 25165 -0.00301797
21108 24416 24404 -0.000568505
20831 24604 24681 0.00369641
22017 25568 25483 -0.00386065
20400 23999 23986 -0.000637255
21821 24987 24797 -0.00870721
21214 24799 24765 -0.00160272
21548 24621 24621 0
22687 24963 24978 0.000661172
21343 24585 24585 0
22120 25457 25563 0.00479204
20941 24578 24614 0.00171912
22324 25137 25190 0.00237413
21442 24404 24098 -0.0142711
21876 24921 25158 0.0108338
22118 25414 25149 -0.0119812
22620 25421 25351 -0.00309461
21607 25544 25615 0.00328597
20452 24626 24704 0.00381381
21566 25095 25097 9.27386e-05
21083 24984 24972 -0.000569179
21237 25116 25116 0
21582 24421 24602 0.00838662
22269 25507 25344 -0.00731959
21069 24460 24476 0.00075941
21285 24463 24362 -0.00474513
21506 25356 25297 -0.00274342
21730 25021 25025 0.000184077
21740 24509 24488 -0.000965961
22288 24965 24965 0
20902 24469 24469 0
22119 24898 24996 0.00443058
22258 24775 24925 0.00673915
20700 23880 23879 -4.83092e-05
19739 24143 24113 -0.00151983
20884 24435 24600 0.00790079
22922 25515 25372 -0.00623855
21390 24502 24761 0.0121085
23074 25627 25751 0.00537401
21416 24876 24970 0.00438924
21602 24238 24374 0.00629571
22630 24951 24950 -4.41891e-05
22221 24983 24612 -0.0166959
22466 25048 25169 0.00538592
21849 25045 24930 -0.0052634
21822 24703 24676 -0.00123728
22683 25031 25027 -0.000176344
22029 25304 25220 -0.00381316
21196 24865 24987 0.0057558
23177 25239 25257 0.000776632
21729 24205 24445 0.0110451
22051 24516 24534 0.00081629
21290 24000 24195 0.00915923
22307 25151 25197 0.00206213
21057 24527 24543 0.000759842
21375 23684 23571 -0.00528655
21569 23884 23675 -0.00968983
21974 25256 25286 0.00136525
20861 24487 24402 -0.00407459
23034 25510 25633 0.00533993
21932 24662 24319 -0.0156392
21893 24874 24715 -0.0072626
21620 25631 25631 0
20463 24157 24157 0
21298 24126 24153 0.00126772
21701 25091 25074 -0.000783374
21958 25329 25598 0.0122507
21620 24341 24476 0.00624422
20786 23858 23998 0.0067353
21495 24777 24759 -0.000837404
22570 25294 25522 0.0101019
20733 24057 24018 -0.00188106
21320 24142 24145 0.000140713
21704 24984 24894 -0.0041467
21245 24492 24426 -0.00310661
22306 24829 24537 -0.0130906
21333 25173 25238 0.00304692
22353 24955 24997 0.00187894
22574 25893 25771 -0.00540445
21924 25515 25498 -0.000775406
21538 24924 24847 -0.00357508
21409 25028 24967 -0.00284927
20774 24624 24760 0.00654664
20837 24640 24602 -0.00182368
21108 24457 24356 -0.00478492
21510 24865 24838 -0.00125523
22555 25142 25214 0.0031922
21631 24452 24432 -0.000924599
22000 24366 24509 0.0065
21112 24580 24520 -0.00284199
20392 24330 24316 -0.000686544
21619 24887 24993 0.00490309
22220 25704 25645 -0.00265527
21085 25222 25219 -0.000142281
21358 25416 25440 0.0011237
20795 24595 24611 0.000769416
21084 24392 24404 0.000569152
22920 25235 25209 -0.00113438
21546 24853 24692 -0.00747238
21845 24960 24590 -0.0169375
21900 25641 25520 -0.00552511
22689 25895 25881 -0.000617039
21780 24703 24805 0.0046832
21925 25074 25100 0.00118586
22168 25172 25165 -0.00031577
21836 25322 25334 0.000549551
21366 24889 24953 0.00299541
20541 23933 24036 0.00501436
21648 24818 24732 -0.00397265
21259 24692 24697 0.000235195
20965 24399 24369 -0.00143096
21662 24851 24734 -0.00540116
21968 25542 25058 -0.022032
21192 23782 23580 -0.0095319
21766 25254 25050 -0.00937242
21780 25219 25201 -0.000826446
19986 24812 24817 0.000250175
21221 24663 24633 -0.00141369
20989 25242 25155 -0.00414503
20510 24411 24340 -0.00346173
23086 25901 25779 -0.00528459
21866 24852 25024 0.00786609
20783 24426 24376 -0.00240581
20479 24324 24334 0.000488305
22064 25429 25353 -0.00344453
20488 24519 24586 0.00327021
21241 24017 23987 -0.00141236
21612 25135 25135 0
21044 24339 24307 -0.00152062
22057 25408 25316 -0.00417101
20898 24052 24049 -0.000143554
21711 24867 24762 -0.00483626
21344 24739 24776 0.00173351
21831 24547 24581 0.00155742
20882 24501 24483 -0.000861986
21324 25008 25067 0.00276684
21642 25405 25255 -0.00693097
21934 24660 24794 0.00610924
21661 25004 25074 0.00323161
22011 25599 25418 -0.00822316
20906 24507 24576 0.00330049
21186 24604 24650 0.00217125
21141 24436 24386 -0.00236507
22429 25275 25315 0.00178341
21181 24555 24479 -0.00358812
22428 24358 24364 0.000267523
21426 24834 24834 0
21290 24246 24308 0.00291217
21436 24201 24250 0.00228587
22642 25360 25392 0.0014133
22025 25131 25035 -0.00435868
22326 24636 24539 -0.00434471
22191 24866 24853 -0.000585823
22476 24981 24938 -0.00191315
21590 24321 24359 0.00176007
22018 24336 24336 0
21648 24906 24939 0.00152439
21809 24888 24903 0.000687789
21900 25387 25315 -0.00328767
21988 24889 24988 0.00450246
21205 24590 24683 0.00438576
22160 25004 24837 -0.0075361
21703 25888 25966 0.00359397
21645 24701 24825 0.00572881
22780 25447 25561 0.00500439
21394 24518 24614 0.00448724
21651 24747 24791 0.00203224
21320 24395 24372 -0.0010788
20844 24137 24083 -0.00259067
22216 25418 25427 0.000405113
21318 24836 24800 -0.00168871
21189 24898 24789 -0.00514418
21532 24414 24621 0.0096136
22060 24944 24918 -0.0011786
22253 24934 24913 -0.000943693
22028 25178 25075 -0.00467587
21390 24373 24505 0.00617111
21751 26064 26064 0
22486 25775 25872 0.0043138
21942 24590 24268 -0.0146751
21988 25075 25080 0.000227397
21344 23978 23864 -0.00534108
21711 24963 24834 -0.00594169
22350 24946 24756 -0.00850112
21915 25900 25889 -0.000501939
21396 24776 24786 0.000467377
22988 26140 26173 0.00143553
22322 25653 25524 -0.00577905
21827 24788 24830 0.00192422
20881 23952 23869 -0.00397491
21523 24988 25034 0.00213725
21542 25510 25481 -0.00134621
21170 24867 24836 -0.00146434
22291 24659 24687 0.00125611
22695 25235 25256 0.000925314
21809 25179 25202 0.00105461
21938 25177 25145 -0.00145866
21825 23962 23981 0.000870561
21106 24540 24472 -0.00322183
20900 24519 24368 -0.00722488
21420 24935 24876 -0.00275444
22600 25871 25816 -0.00243363
21571 25144 25044 -0.00463585
22679 25155 25155 0
22406 25587 25709 0.00544497
22382 25752 25796 0.00196587
21218 25132 25206 0.0034876
21140 24473 24433 -0.00189215
21453 24603 24652 0.00228406
22421 24948 24864 -0.00374649
21949 25515 25494 -0.000956763
21563 24911 24973 0.0028753
21241 24517 24356 -0.00757968
22293 25070 25112 0.001884
21922 24830 24949 0.00542834
21598 25185 25248 0.00291694
22192 25761 25667 -0.00423576
21028 24346 24174 -0.00817957
22191 25237 24961 -0.0124375
22194 25699 25730 0.00139677
21605 24785 24776 -0.00041657
22064 25235 25203 -0.00145033
22427 25826 25599 -0.0101217
22071 25101 25046 -0.00249196
22347 25784 25613 -0.00765203
22360 25897 26020 0.00550089
21997 25138 25241 0.00468246
20802 24884 24889 0.000240362
22123 24723 24695 -0.00126565
21143 24179 24018 -0.00761481
22133 25306 25230 -0.00343379
21585 24719 24506 -0.00986796
21888 25001 25047 0.00210161
21396 25189 25101 -0.00411292
21289 25035 24984 -0.0023956
21461 23874 24270 0.0184521
22228 24996 24917 -0.00355408
21190 23931 23973 0.00198207
21534 25112 25092 -0.000928764
21856 25025 24904 -0.00553624
21064 24405 24430 0.00118686
22231 25611 25591 -0.000899645
22026 24724 24654 -0.00317806
21416 24506 24516 0.000466941
21584 25140 24982 -0.00732024
22184 25181 24969 -0.00955644
21676 25298 25470 0.00793504
21800 25295 25017 -0.0127523
22315 25575 25459 -0.0051983
21536 24767 24759 -0.000371471
22088 25571 25575 0.000181094
21132 23810 23864 0.00255537
22393 25555 25494 -0.00272407
22632 25568 25350 -0.00963238
21380 24179 24043 -0.00636109
21030 24854 24960 0.00504042
21971 25557 25424 -0.00605343
21049 25033 25068 0.00166279
21615 25026 25021 -0.000231321
22376 24814 24779 -0.00156418
22206 25407 25270 -0.0061695
21688 25105 25201 0.00442641
21924 25730 25580 -0.00684182
22120 24591 24581 -0.00045208
21627 24799 24866 0.00309798
21511 24445 24366 -0.00367254
20582 24368 24215 -0.00743368
22054 25388 25454 0.00299265
21012 24117 23976 -0.00671045
21735 24698 24745 0.00216241
21905 24795 24816 0.000958685
22017 24919 25127 0.00944725
21916 25036 25025 -0.000501916
22187 24864 24844 -0.000901429
21298 24577 24293 -0.0133346
21723 24998 24964 -0.00156516
21352 24578 24605 0.00126452
22378 25131 25263 0.00589865
21219 23902 24054 0.00716339
22370 25416 25480 0.00286097
21729 25024 25075 0.00234709
21738 25162 25113 -0.00225412
21904 24865 24778 -0.00397188
22065 25277 25258 -0.000861092
22335 24840 24912 0.00322364
21334 24422 24473 0.00239055
21810 24564 24703 0.00637322
21501 24519 24155 -0.0169294
22513 24841 24752 -0.00395327
20665 24421 24197 -0.0108396
21447 24827 24575 -0.0117499
20485 24351 24376 0.00122041
22076 24291 24331 0.00181192
21083 24003 24199 0.00929659
21448 25265 25230 -0.00163185
21985 24856 24728 -0.00582215
21007 25647 25705 0.00276098
22056 25035 24971 -0.0029017
21725 24255 24378 0.00566168
22808 25311 25276 -0.00153455
20824 25400 25252 -0.00710718
21087 25130 25130 0
21632 25051 24982 -0.00318972
21345 24328 24308 -0.000936988
22521 24808 24822 0.000621642
22194 24983 24966 -0.000765973
21769 24729 24771 0.00192935
23076 25653 25608 -0.00195008
21485 24741 24958 0.0101001
21307 24035 24020 -0.000703994
21280 24091 24086 -0.000234962
21838 24602 24537 -0.00297646
21812 24475 24344 -0.00600587
21512 24801 24812 0.000511343
21026 24071 23986 -0.00404261
21615 24326 24324 -9.25283e-05
21117 24375 24166 -0.00989724
21257 24296 24275 -0.00098791
21292 24802 24887 0.00399211
22124 24946 24994 0.00216959
21214 24000 23957 -0.00202696
21790 24650 24506 -0.00660854
21701 24940 24930 -0.000460808
22092 24818 24773 -0.00203694
21988 24880 25056 0.00800437
22246 24666 24781 0.00516947
21840 24895 24889 -0.000274725
21411 24744 24679 -0.00303582
21846 24432 24330 -0.00466905
21230 24028 24176 0.00697127
20924 24525 24495 -0.00143376
22115 25721 25607 -0.00515487
22226 24862 24837 -0.00112481
22259 25529 25619 0.00404331
21527 24571 24660 0.00413434
21877 25624 25663 0.00178269
22108 24358 24348 -0.000452325
20753 24398 24127 -0.0130584
21720 25415 25378 -0.0017035
22053 24496 24524 0.00126967
21259 24097 23865 -0.010913
23393 25928 25690 -0.010174
22169 25149 25073 -0.00342821
21414 24465 24505 0.00186794
22292 25629 25672 0.00192894
21277 24634 24596 -0.00178597
21028 24134 24226 0.00437512
20725 24258 24292 0.00164053
20734 25164 24867 -0.0143243
22789 24991 25066 0.00329106
20698 24603 24687 0.00405836
20573 25315 25289 -0.00126379
21882 25629 25575 -0.00246778
22809 25718 25688 -0.00131527
21957 24436 24170 -0.0121146
21374 24091 23988 -0.00481894
21852 24973 24978 0.000228812
21728 24463 24463 0
21607 25101 25062 -0.00180497
21544 24308 24421 0.00524508
21532 25422 25379 -0.00199703
22444 24927 24982 0.00245054
21871 24868 25046 0.00813863
22650 24898 24745 -0.00675497
22032 25105 25113 0.000363108
21074 24485 24468 -0.000806681
21510 25287 25164 -0.00571827
21631 24580 24387 -0.00892238
21175 25239 25233 -0.000283353
21993 24981 25009 0.00127313
22322 24993 24967 -0.00116477
21717 25053 25223 0.00782797
20882 24155 24160 0.000239441
20852 24345 24484 0.00666603
22019 24965 24904 -0.00277033
21711 24222 23990 -0.0106858
21852 24652 24631 -0.00096101
21611 24724 24492 -0.0107353
21918 24771 24930 0.00725431
21462 24578 24599 0.000978474
21435 24624 24714 0.00419874
21617 24845 24763 -0.00379331
21830 25260 25109 -0.00691709
21609 24792 24822 0.00138831
21981 24837 25009 0.00782494
21796 24907 24878 -0.00133052
21313 25635 25553 -0.00384742
21538 25192 25210 0.000835732
21336 24420 24285 -0.00632733
21455 24570 24724 0.00717781
21222 24388 24538 0.00706814
22165 24838 24820 -0.000812091
20928 24652 24192 -0.0219801
21895 24080 24069 -0.000502398
22401 25035 25080 0.00200884
22070 24465 24465 0
21690 25230 25242 0.00055325
20986 24173 23937 -0.0112456
20705 24399 24449 0.00241488
21441 24647 24564 -0.00387109
20875 24207 24178 -0.00138922
21429 25069 24983 -0.00401325
21184 24946 25054 0.00509819
21745 25222 25179 -0.00197747
21602 25140 25095 -0.00208314
21545 25335 25132 -0.00942214
22442 25065 25173 0.00481241
22266 25595 25392 -0.00911704
22014 25865 25931 0.00299809
22773 24942 24997 0.00241514
21733 24744 24490 -0.0116873
21083 25072 25072 0
20866 24885 24812 -0.00349851
21642 24103 24164 0.00281859
21257 24563 24594 0.00145834
22160 24731 24876 0.00654332
22174 25283 25200 -0.00374312
21209 24449 24467 0.000848696
22011 24979 25094 0.00522466
21371 24999 25012 0.000608301
21897 24921 24882 -0.00178107
20987 24930 24609 -0.0152952
21646 24449 24590 0.00651391
21845 24824 24824 0
21025 23786 23517 -0.0127943
21925 25495 25444 -0.00232611
22334 25240 25095 -0.00649234
22966 25878 25804 -0.00322215
20937 24862 24862 0
21769 24515 24597 0.00376682
22354 25101 25266 0.00738123
21025 24338 24355 0.000808561
21199 24494 24103 -0.0184443
21439 25280 25454 0.00811605
21712 24680 24630 -0.00230287
21212 24697 24773 0.00358288
22507 25241 25026 -0.00955258
21850 25170 25212 0.0019222
21048 24839 24901 0.00294565
22223 24236 24339 0.00463484
21928 25080 25083 0.000136811
20775 25054 25099 0.00216606
22409 25117 25148 0.00138337
21838 24499 24499 0
21802 24326 24201 -0.00573342
22250 25327 25273 -0.00242697
21745 24514 24366 -0.00680616
21645 24438 24588 0.00693001
22505 25145 25164 0.000844257
22015 25455 25542 0.00395185
21722 24755 24691 -0.00294632
21371 24867 24769 -0.00458565
22213 25137 25031 -0.00477198
21798 24485 24539 0.00247729
21862 24752 24693 -0.00269875
21961 24584 24524 -0.00273212
20874 23871 23911 0.00191626
20833 24915 24875 -0.00192003
21779 25285 25220 -0.00298453
21471 24761 24686 -0.00349308
22124 25129 25140 0.000497198
21840 25161 25154 -0.000320513
22204 24855 25119 0.0118897
20610 24589 24649 0.00291121
21308 24814 24909 0.00445842
22838 25478 25540 0.00271477
21666 25518 25497 -0.000969261
23342 25915 25805 -0.00471254
21975 25117 25082 -0.00159272
22451 25164 25246 0.0036524
22315 25142 25142 0
21867 24722 24773 0.00233228
21663 25664 25657 -0.000323132
22544 25018 24982 -0.00159688
21620 25085 25112 0.00124884
21941 25010 25029 0.000865959
20932 24520 24608 0.00420409
21656 24815 24743 -0.00332471
22519 25281 25355 0.00328611
21081 24550 24422 -0.00607182
21893 25197 25213 0.000730827
21785 25069 25072 0.000137709
21308 24741 24714 -0.00126713
21293 24643 24379 -0.0123984
22422 24960 24957 -0.000133797
21694 24903 24936 0.00152116
21683 24525 24365 -0.00737905
20963 24685 24660 -0.00119258
21379 25321 25351 0.00140325
21187 24622 24812 0.00896776
21947 25500 25529 0.00132137
20925 24201 24257 0.00267622
21273 25456 25442 -0.000658111
22282 24877 24895 0.000807827
21535 24225 24162 -0.00292547
22177 24209 24150 -0.00266041
21413 24922 24794 -0.00597768
21137 24652 24685 0.00156124
21595 24250 24438 0.00870572
21374 25181 25151 -0.00140357
22101 25823 25744 -0.0035745
21711 24827 24765 -0.0028557
21190 24639 24794 0.00731477
22216 25337 25368 0.00139539
21540 24992 24871 -0.00561746
20633 25090 25117 0.00130858
22546 25682 25735 0.00235075
21092 24624 24657 0.00156457
21725 24787 24840 0.00243959
22045 25762 25984 0.0100703
22390 25323 25269 -0.00241179
21823 25129 25175 0.00210787
22039 24524 24689 0.00748673
21914 24551 24562 0.000501962
22614 25411 25319 -0.00406828
22179 25335 25334 -4.50877e-05
21706 24713 24810 0.00446881
21996 24770 24741 -0.00131842
20897 23838 24054 0.0103364
21631 24546 24566 0.000924599
21326 24903 24944 0.00192254
22660 25303 25145 -0.00697264
22079 24471 24163 -0.0139499
22676 25548 25810 0.0115541
20936 24554 24419 -0.00644822
21053 23716 23900 0.00873985
22565 25139 25124 -0.000664746
21203 24144 24277 0.0062727
21125 25004 24838 -0.00785799
21722 24640 24570 -0.00322254
