18279 20856 20870 0.000765906
17698 20379 20291 -0.00497231
18799 21043 21049 0.000319166
17260 21502 21602 0.00579374
18665 20836 20760 -0.00407179
17589 21153 20984 -0.00960828
18152 21498 21216 -0.0155355
18026 21527 21501 -0.00144236
18035 20762 20806 0.0024397
17817 20475 20447 -0.00157153
18487 20678 20836 0.00854655
17968 21082 20962 -0.00667854
17425 20551 20444 -0.0061406
18432 21720 21416 -0.0164931
18186 21222 21280 0.00318927
17398 20717 20713 -0.000229911
17906 21263 21260 -0.000167542
17879 21305 21205 -0.00559315
18353 21171 21241 0.00381409
18531 21125 21085 -0.00215855
19211 21452 21551 0.0051533
18311 20666 20626 -0.00218448
17399 20526 20461 -0.00373585
18340 20686 20631 -0.00299891
18551 20856 20810 -0.00247965
17962 21151 20984 -0.00929741
18623 21089 21222 0.00714171
18760 21432 21468 0.00191898
17860 20487 20462 -0.00139978
18095 21069 20978 -0.00502901
17925 21248 21129 -0.00663877
17861 20876 20983 0.00599071
18523 21187 21149 -0.0020515
17501 20310 20424 0.00651391
17960 20604 20632 0.00155902
17734 20636 20681 0.0025375
17545 20866 20697 -0.00963237
18385 21613 21510 -0.00560239
17935 21310 21212 -0.00546418
17932 21088 21248 0.0089226
18634 21236 21239 0.000160996
18793 21006 21007 5.32113e-05
19292 21052 21062 0.00051835
18534 21278 21285 0.000377684
17251 20674 20771 0.00562286
19462 21685 21685 0
18887 21064 21213 0.00788902
17909 21045 20952 -0.00519292
18222 20614 20677 0.00345736
17639 20829 20787 -0.00238109
17440 20428 20338 -0.00516055
18047 21048 21064 0.000886574
17583 20758 20803 0.00255929
18593 21107 21241 0.00720701
18558 21023 21319 0.01595
18533 20775 20965 0.010252
18353 21067 20938 -0.00702882
19003 21367 21377 0.000526233
17655 21432 21366 -0.00373832
17062 20378 20461 0.00486461
18346 21059 21029 -0.00163523
17918 20943 21039 0.00535774
19108 21862 21802 -0.00314005
18716 21696 21721 0.00133576
17550 20154 20189 0.0019943
17984 20417 20345 -0.00400356
17884 20642 20558 -0.00469694
18183 21064 20975 -0.00489468
17668 20492 20596 0.00588635
17474 20826 20764 -0.00354813
17225 20403 20468 0.00377358
17547 20720 20617 -0.00586995
18287 21429 21429 0
18289 21188 21212 0.00131226
17058 20627 20554 -0.00427952
16976 20139 20101 -0.00223845
17460 20716 20482 -0.0134021
18459 20950 20925 -0.00135435
18907 21214 21348 0.00708732
18781 21307 21359 0.00276876
17219 20015 19984 -0.00180034
18335 20765 20859 0.00512681
19023 20793 20817 0.00126163
18283 20860 20837 -0.001258
18100 20868 20900 0.00176796
17716 21179 21189 0.000564462
17764 20798 20751 -0.0026458
18505 21786 21747 -0.00210754
19312 22093 21960 -0.00688691
18272 21361 21459 0.0053634
18368 21779 21618 -0.00876524
18090 21178 21309 0.00724157
18086 20904 21034 0.00718788
18545 20927 20923 -0.000215692
17682 21474 21496 0.0012442
18276 20681 20659 -0.00120376
18280 21048 21030 -0.000984683
18317 21013 21078 0.00354862
18174 20768 20689 -0.00434687
17968 20224 19943 -0.0156389
18380 21381 21381 0
17880 21337 21364 0.00151007
19050 21133 21132 -5.24934e-05
18107 20645 20678 0.0018225
18223 21025 21120 0.00521319
19023 21942 22094 0.00799033
18034 20436 20453 0.000942664
18380 20726 20647 -0.00429815
17147 20458 20498 0.00233277
18537 21712 21636 -0.00409991
18933 21472 21426 -0.00242962
17577 20828 20793 -0.00199124
17630 21059 21022 -0.0020987
17070 20913 20838 -0.00439367
17129 20225 20300 0.00437854
17316 20655 20620 -0.00202125
18569 20411 20454 0.00231569
18378 21259 21164 -0.00516922
18898 21490 21751 0.013811
18309 20635 20659 0.00131083
18656 21138 21265 0.00680746
18179 20881 20866 -0.000825128
18179 21022 21037 0.000825128
17638 20364 20438 0.00419549
17834 21023 21030 0.000392509
18542 20772 20653 -0.00641786
17397 20347 20413 0.00379376
17799 20990 20926 -0.00359571
18173 20762 20870 0.00594288
18660 21356 21335 -0.0011254
19021 21666 21697 0.00162978
19300 21336 21392 0.00290155
17714 21045 21026 -0.0010726
18299 21128 21136 0.000437182
18545 21685 21736 0.00275007
18319 21052 21103 0.00278399
18806 21470 21435 -0.00186111
18276 21387 21429 0.0022981
17655 20366 20441 0.00424809
18152 20927 20949 0.00121199
17602 20613 20541 -0.00409044
18196 21045 21019 -0.00142889
16733 20017 19998 -0.00113548
18450 21002 21010 0.000433604
17540 20687 20588 -0.00564424
17996 21541 21396 -0.00805735
17962 20860 20880 0.00111346
17510 20702 20464 -0.0135922
18333 21484 21332 -0.00829106
18184 20531 20440 -0.0050044
18058 21099 20899 -0.0110754
17734 20746 20784 0.00214278
18388 20886 20838 -0.0026104
17878 20610 20751 0.00788679
17887 20971 20927 -0.00245989
18549 20701 20691 -0.000539113
17584 20031 20194 0.00926979
18243 20770 20746 -0.00131557
18413 21175 20923 -0.013686
18166 20820 20871 0.00280744
18505 21194 21110 -0.00453931
18249 21407 21451 0.00241109
18018 20786 20931 0.00804751
18108 21265 21437 0.00949856
16660 20529 20482 -0.00282113
18351 21190 21192 0.000108986
17432 21002 20993 -0.000516292
17633 21350 21170 -0.0102081
18297 20596 20462 -0.0073236
17920 21093 20792 -0.0167969
17473 20558 20558 0
18232 21251 21244 -0.00038394
17237 20922 20916 -0.000348088
17978 21033 20884 -0.00828791
18692 21385 21405 0.00106998
19024 21218 21277 0.00310135
19058 21589 21561 -0.0014692
18175 20707 20701 -0.000330124
17807 21031 20997 -0.00190936
18593 21249 21279 0.00161351
18759 21867 21710 -0.00836932
18425 20875 20861 -0.000759837
18490 20856 21063 0.0111952
17742 20833 20833 0
18467 21730 21568 -0.0087724
17871 21739 21617 -0.0068267
17453 20460 20299 -0.00922478
17248 20226 20365 0.00805891
18031 20859 20896 0.00205202
18442 21278 21011 -0.0144778
18339 20737 20700 -0.00201756
19143 21281 21219 -0.00323878
18457 20921 20927 0.00032508
18115 21582 21540 -0.00231852
18164 21214 21094 -0.00660647
17570 20490 20500 0.000569152
18057 21268 21216 -0.00287977
17485 20686 20639 -0.00268802
17746 20510 20485 -0.00140877
17668 21148 21175 0.00152819
18551 22134 21936 -0.0106733
18356 21274 21291 0.000926128
18516 20937 20834 -0.00556276
18117 21608 21622 0.000772755
18549 21092 20935 -0.00846407
17667 20268 20253 -0.000849041
17928 21258 21271 0.000725123
17862 20920 21021 0.00565446
16997 20885 20898 0.000764841
18356 20932 20815 -0.00637394
17662 20144 20128 -0.0009059
18221 21567 21563 -0.000219527
17738 20856 20865 0.000507385
18718 21506 21477 -0.00154931
18109 20954 20918 -0.00198796
17509 20673 20650 -0.00131361
17703 20691 20786 0.00536632
18062 21126 21056 -0.00387554
18328 20541 20559 0.000982104
18168 21140 21142 0.000110084
18821 21438 21519 0.0043037
17883 20167 20253 0.00480904
18623 21636 21636 0
17471 20661 20427 -0.0133936
18213 21593 21712 0.00653379
18300 21049 20862 -0.0102186
18055 21547 21518 -0.0016062
17746 20581 20581 0
17705 20959 20999 0.00225925
18342 21214 21063 -0.00823247
18177 21331 21359 0.00154041
17986 20700 20753 0.00294674
18776 21450 21530 0.00426076
17834 20568 20657 0.00499047
18400 20676 20633 -0.00233696
17163 20308 20309 5.82649e-05
18791 21272 21144 -0.00681177
17916 20897 20879 -0.00100469
18171 21275 21255 -0.00110065
18300 20894 20907 0.000710383
18363 20658 20846 0.010238
17987 20735 20759 0.0013343
17751 20350 20342 -0.000450679
18480 20808 20730 -0.00422078
18126 21562 21595 0.00182059
19144 21960 21962 0.000104471
17989 20643 20562 -0.00450275
17018 20506 20533 0.00158656
17477 20868 20881 0.000743835
17788 20632 20527 -0.00590286
17911 20368 20293 -0.00418737
17526 21003 21074 0.00405112
18320 21249 21227 -0.00120087
17356 20014 19963 -0.00293847
17614 20421 20426 0.000283865
18888 20523 20520 -0.000158831
18205 21255 21239 -0.000878879
18051 20838 20855 0.000941776
17519 20966 20998 0.00182659
17835 20788 20740 -0.00269134
18057 20778 20574 -0.0112976
17611 20973 21088 0.00653001
18448 21339 21328 -0.000596271
17987 20616 20629 0.000722744
17989 21252 21105 -0.00817166
16893 20671 20558 -0.00668916
17221 20585 20625 0.00232275
18599 21268 21287 0.00102156
17962 21320 21255 -0.00361875
18038 20281 20525 0.013527
18203 21421 21328 -0.00510905
17264 20335 20256 -0.004576
17860 20044 20224 0.0100784
18102 21117 21092 -0.00138106
19443 21656 21664 0.000411459
18050 20868 21047 0.0099169
19014 21543 21581 0.00199853
16627 19752 19850 0.00589403
18150 21156 21143 -0.000716253
18124 21035 21016 -0.00104833
18288 20983 20975 -0.000437445
17025 20047 20082 0.0020558
17824 20436 20414 -0.00123429
18669 21501 21416 -0.004553
17508 20276 20239 -0.00211332
17900 20800 20806 0.000335196
17662 20185 20143 -0.00237799
19225 21767 21852 0.00442133
18006 20977 20958 -0.0010552
18203 21017 20954 -0.00346097
17585 20950 20885 -0.00369633
17692 20763 20643 -0.00678273
17676 21014 20921 -0.00526137
18478 20915 20948 0.00178591
18145 21200 21084 -0.00639295
17656 20874 20910 0.00203897
19020 21820 21787 -0.00173502
17981 21147 21032 -0.00639564
18025 21486 21536 0.00277393
18534 21251 21288 0.00199633
17629 20006 20082 0.00431108
18772 21423 21556 0.00708502
18325 20837 20697 -0.00763984
17911 21290 21265 -0.00139579
17264 20221 20236 0.00086886
17866 20817 20737 -0.00447778
18582 21276 21323 0.00252933
18038 20871 20792 -0.00437964
18523 21174 21058 -0.00626248
18401 20959 21003 0.00239117
18153 21163 21090 -0.00402137
17910 20383 20383 0
18045 20710 20723 0.000720421
17623 20862 20935 0.00414231
18265 20990 20757 -0.0127566
18776 21539 21490 -0.00260971
18249 21503 21517 0.000767165
17902 20387 20497 0.00614456
17431 20565 20595 0.00172107
17351 20129 20196 0.00386145
17638 20310 20409 0.00561288
17412 19939 20046 0.00614519
18528 21152 21152 0
17958 21041 20861 -0.0100234
17966 20950 20886 -0.00356228
18639 21082 20910 -0.00922796
18228 21265 21002 -0.0144284
17645 20766 20603 -0.00923774
18303 20615 20430 -0.0101076
18818 21486 21486 0
17546 20600 20598 -0.000113986
18083 20491 20523 0.00176962
17569 21102 21205 0.0058626
18601 21265 21235 -0.00161282
17903 20366 20341 -0.00139641
18736 20817 20964 0.00784586
17870 20853 20791 -0.0034695
18451 21644 21615 -0.00157173
17887 20601 20727 0.00704422
18393 21712 21768 0.00304464
17457 20555 20550 -0.000286418
18106 20982 21043 0.00336905
17750 20963 20809 -0.00867606
17300 20923 20862 -0.00352601
17885 20702 20763 0.00341068
18775 21198 21269 0.00378162
18754 21375 21289 -0.00458569
18351 20829 20831 0.000108986
17869 20502 20489 -0.000727517
17729 20263 20072 -0.0107733
18385 21705 21635 -0.00380745
18042 21283 21292 0.000498836
17970 20768 20769 5.56483e-05
17962 20424 20264 -0.00890769
17539 20775 20867 0.00524545
17989 20868 20750 -0.00655956
17854 20533 20475 -0.00324857
17799 20833 20739 -0.0052812
18143 20609 20617 0.000440941
18129 20946 20923 -0.00126869
17497 20869 20869 0
18471 21415 21361 -0.0029235
18097 21234 21197 -0.00204454
17961 21626 21577 -0.00272813
19594 22165 22115 -0.0025518
17936 21132 21132 0
17378 20227 20187 -0.00230176
18523 21165 20938 -0.012255
17845 21078 21209 0.00734099
19060 21478 21596 0.00619098
18739 21842 21854 0.000640376
17555 20885 20938 0.00301908
17512 20625 20683 0.00331201
19206 21843 21738 -0.00546704
18251 21096 21096 0
18512 21145 21076 -0.00372731
18054 21125 21087 -0.0021048
18994 21108 21108 0
18548 20498 20524 0.00140177
18427 21291 21354 0.0034189
17818 20432 20677 0.0137501
18031 20978 20915 -0.00349398
18173 20688 20680 -0.000440214
18345 21328 21358 0.00163532
17084 20449 20587 0.00807773
17683 20594 20570 -0.00135724
17799 21405 21405 0
17796 21221 21192 -0.00162958
18000 20952 20986 0.00188889
18516 21616 21639 0.00124217
17611 20864 20876 0.000681392
18883 21293 21387 0.00497802
18385 20588 20639 0.002774
18714 21374 21381 0.000374052
18251 20902 20758 -0.00788998
18835 20925 20889 -0.00191134
18686 20864 20910 0.00246174
17912 20650 20679 0.00161903
17967 20867 20932 0.00361774
18211 20793 20727 -0.00362418
17959 20650 20629 -0.00116933
17912 21016 20980 -0.00200983
17569 20494 20338 -0.00887928
17373 20124 20100 -0.00138145
18449 20491 20579 0.00476991
16846 20364 20210 -0.00914164
19285 21211 21205 -0.000311123
17198 20422 20385 -0.00215141
18662 22050 22013 -0.00198264
17834 20881 20892 0.000616799
17641 20599 20564 -0.00198401
18340 20809 20779 -0.00163577
18097 20989 20952 -0.00204454
17506 21376 21328 -0.00274192
18556 20808 20821 0.000700582
17545 21035 21048 0.000740952
19229 22027 21887 -0.00728067
18087 20664 20415 -0.0137668
17414 21047 21060 0.000746526
18448 20288 20406 0.00639636
18383 21193 21129 -0.00348148
17733 20888 20920 0.00180455
18107 20900 20813 -0.00480477
18357 21204 21149 -0.00299613
17888 20865 20777 -0.0049195
18581 21139 21168 0.00156073
19080 21498 21498 0
17904 21310 21302 -0.000446828
18708 20881 20997 0.00620056
18603 21157 21104 -0.002849
18844 20914 20884 -0.00159202
19502 22006 22006 0
17696 21182 21238 0.00316456
17729 20200 20443 0.0137064
17831 19897 19992 0.0053278
17470 20773 20895 0.0069834
16786 20713 20668 -0.00268081
17359 21226 21215 -0.000633677
18660 20808 21050 0.0129689
18241 21550 21532 -0.000986788
17311 20723 20414 -0.0178499
18264 20340 20504 0.00897941
17591 20409 20526 0.00665113
18631 21191 21192 5.3674e-05
17079 20961 20982 0.00122958
17583 20556 20626 0.00398112
17662 21243 21230 -0.000736043
18172 21147 21031 -0.00638345
17924 20736 20660 -0.00424012
18991 21391 21262 -0.00679269
18948 21121 21425 0.0160439
18373 21132 21021 -0.00604147
17855 20633 20633 0
16945 20956 20928 -0.0016524
17608 21045 21017 -0.00159019
18527 21375 21353 -0.00118746
18884 21845 21657 -0.00995552
17584 21086 21072 -0.000796178
17738 20979 20938 -0.00231142
18369 21056 20788 -0.0145898
18038 21072 21064 -0.000443508
18068 20383 20132 -0.013892
18292 21149 21080 -0.00377214
17597 20726 20796 0.00397795
18687 21327 21327 0
18722 21718 21755 0.00197628
18961 21925 21918 -0.000369179
17350 20910 20910 0
17770 20996 21191 0.0109736
18327 20881 20986 0.00572925
18005 21236 21164 -0.00399889
17274 20558 20661 0.00596272
17349 20864 20669 -0.0112398
18017 21086 20933 -0.00849198
16658 19808 19881 0.00438228
18209 20977 20980 0.000164754
17438 20778 20661 -0.00670949
18068 20871 20769 -0.00564534
18704 21041 21107 0.00352866
17986 20773 20839 0.00366952
18348 21423 21451 0.00152605
17412 20548 20738 0.010912
18636 21100 21120 0.00107319
17830 20620 20705 0.00476725
17775 20949 20949 0
18150 21049 20855 -0.0106887
18968 21419 21491 0.00379587
17770 21233 21212 -0.00118177
17231 20769 20609 -0.00928559
17903 20865 20684 -0.01011
17543 21285 21244 -0.00233711
18133 21480 21488 0.000441185
17683 20611 20525 -0.00486343
18508 21453 21230 -0.0120488
17300 20395 20442 0.00271676
17920 20948 20944 -0.000223214
17875 21340 21340 0
18095 21392 21397 0.000276319
18061 20987 20704 -0.0156691
18597 21214 20981 -0.0125289
17492 20486 20690 0.0116625
18749 21650 21423 -0.0121073
18295 20786 20838 0.00284231
17218 20044 20005 -0.00226507
16460 20612 20522 -0.0054678
17084 20697 20697 0
19125 21707 21644 -0.00329412
17504 20894 20894 0
19202 21910 21910 0
17871 20813 20715 -0.00548374
17657 20235 20228 -0.000396443
18905 20919 20918 -5.28961e-05
18623 21321 21258 -0.00338291
18815 21374 21369 -0.000265745
18322 21255 21350 0.00518502
18203 20996 20869 -0.00697687
18825 21023 20959 -0.00339973
18294 21484 21483 -5.46627e-05
17362 20741 20754 0.000748762
19401 21208 21182 -0.00134014
18091 20553 20633 0.00442209
18320 20363 20410 0.0025655
17825 20211 20178 -0.00185133
18358 21010 21038 0.00152522
17351 20643 20643 0
18127 20217 20515 0.0164396
17855 20318 20206 -0.00627275
18466 21399 21398 -5.41536e-05
17310 20667 20621 -0.00265742
18991 21406 21432 0.00136907
18514 20602 20743 0.00761586
17967 20881 20881 0
17868 21669 21694 0.00139915
17073 20125 20248 0.00720436
17904 20575 20584 0.000502681
18062 21263 21268 0.000276824
18285 21354 21253 -0.00552365
17990 20844 20970 0.00700389
17182 19843 19860 0.000989408
18029 20819 20904 0.00471463
18650 21158 21225 0.00359249
17453 20158 20120 -0.00217728
17812 20429 20580 0.00847743
17936 20828 20821 -0.000390277
17781 20874 20896 0.00123728
18642 20525 20762 0.0127132
17805 21115 21363 0.0139287
18779 21366 21366 0
18943 21964 22042 0.00411762
17954 21340 21427 0.00484572
17935 20862 20803 -0.00328966
17834 21098 21097 -5.60727e-05
17508 20772 20812 0.00228467
17091 20762 20843 0.00473934
17930 20480 20708 0.0127161
18370 21313 21167 -0.00794774
18459 21036 21112 0.00411723
17957 20551 20612 0.003397
18224 20572 20661 0.00488367
17369 20450 20456 0.000345443
16995 20581 20281 -0.0176523
17900 21138 21130 -0.000446927
18640 21545 21508 -0.00198498
17727 21150 21158 0.000451289
17759 21315 21453 0.00777071
17342 20636 20255 -0.0219698
17407 20473 20555 0.00471075
19125 20937 20801 -0.00711111
17786 21064 21181 0.00657821
18843 20966 21028 0.00329035
18065 21226 21297 0.00393025
18774 21706 21745 0.00207734
18411 20843 20981 0.00749552
18312 21278 21100 -0.0097204
18397 21127 20995 -0.00717508
17840 21061 21197 0.00762332
17814 20959 21022 0.00353654
17166 20199 20029 -0.0099033
17768 20604 20554 -0.00281405
17325 20715 20835 0.00692641
17519 20893 20868 -0.00142702
17489 20712 20560 -0.00869118
18062 21783 21724 -0.00326653
17894 20016 19932 -0.00469431
18100 21041 21179 0.00762431
18208 21388 21361 -0.00148286
16671 20854 20854 0
17691 20639 20627 -0.000678311
17632 21291 21323 0.00181488
17375 20585 20563 -0.00126619
19278 22089 21902 -0.00970018
18013 20696 20593 -0.00571809
17163 20298 20325 0.00157315
16761 20650 20559 -0.00542927
18157 21384 21381 -0.000165226
17051 20324 20277 -0.00275644
17969 20908 20908 0
18507 21319 21299 -0.00108067
18015 20581 20618 0.00205384
18829 21871 21713 -0.00839131
17502 19966 19966 0
17889 20520 20545 0.00139751
17817 20943 20824 -0.00667901
18423 21143 21052 -0.00493948
17472 20699 20762 0.00360577
17713 21239 21318 0.00446
18214 21473 21344 -0.00708246
18097 20991 21012 0.00116041
17962 20914 20936 0.00122481
18006 21374 21407 0.00183272
17193 20572 20627 0.00319898
17600 20759 20779 0.00113636
17506 20617 20571 -0.00262767
18819 21240 21240 0
17774 20581 20598 0.000956453
18503 20647 20643 -0.000216181
17426 20670 20708 0.00218065
17593 20279 20148 -0.00744614
18054 20402 20360 -0.00232635
18748 20888 21118 0.012268
18419 21068 20982 -0.00466909
18722 20719 20949 0.012285
18431 20579 20583 0.000217026
18704 21056 21005 -0.00272669
18183 20956 20969 0.000714954
18262 20299 20496 0.0107874
18109 21019 21122 0.00568778
18045 20697 20713 0.000886672
18247 21248 21251 0.000164411
17993 21165 21198 0.00183405
17787 21098 21098 0
18500 21111 21156 0.00243243
18420 21957 21937 -0.00108578
18102 20665 20660 -0.000276213
18925 21555 21549 -0.000317041
17590 20746 20759 0.000739056
17814 20739 20712 -0.00151566
17612 20556 20606 0.00283897
17432 20628 20677 0.00281092
18378 21399 21398 -5.44129e-05
17954 21027 20978 -0.0027292
17655 21262 21262 0
17742 20537 20674 0.00772179
18566 21492 21455 -0.00199289
18449 20999 20978 -0.00113827
18267 20896 20863 -0.00180654
17878 20545 20545 0
18204 22011 21884 -0.00697649
18712 22077 21974 -0.00550449
18149 20786 20834 0.00264477
18448 21113 21261 0.00802255
17516 20060 20047 -0.000742179
17817 20554 20434 -0.00673514
18903 21002 21006 0.000211607
17883 21283 21283 0
17711 21375 21397 0.00124217
19197 22243 22243 0
18439 21680 21540 -0.0075926
18202 21182 21381 0.0109329
17540 20305 20399 0.00535918
18034 20771 20669 -0.00565598
18244 21309 21353 0.00241175
17666 20993 21098 0.00594362
18461 21026 20900 -0.0068252
18452 21135 21064 -0.00384782
18017 21053 20983 -0.00388522
18310 21336 21336 0
18193 20419 20484 0.0035728
17738 20692 20681 -0.000620138
17393 20643 20429 -0.0123038
17765 21100 20822 -0.0156487
18830 21572 21479 -0.00493893
17778 21191 21279 0.00494994
18774 21140 21157 0.000905508
18434 21828 21828 0
18735 21473 21514 0.00218842
17659 20946 20901 -0.00254828
17592 20433 20386 -0.00267167
17980 20774 20852 0.00433815
18677 20713 20688 -0.00133854
18013 21114 21174 0.00333093
17719 20886 20817 -0.00389412
17722 20600 20771 0.00964902
18496 21075 20921 -0.00832612
18308 21105 21116 0.00060083
18215 21537 21589 0.00285479
18571 21914 21961 0.00253083
17531 20522 20468 -0.00308026
18519 21128 21209 0.00437389
18484 21503 21523 0.00108202
18104 20707 20680 -0.00149138
18493 21271 21279 0.000432596
18369 21765 21803 0.0020687
18588 21044 21039 -0.000268991
18243 21574 21483 -0.00498821
19147 22058 22022 -0.00188019
18292 21244 21286 0.00229609
17341 20969 20945 -0.001384
18222 20675 20705 0.00164636
17528 20134 20089 -0.00256732
18238 21032 21201 0.00926637
17526 20555 20618 0.00359466
18254 20820 20859 0.00213652
17788 21158 20995 -0.00916348
17377 20921 20897 -0.00138114
18114 20635 20603 -0.00176659
18476 21093 20930 -0.00882226
17865 20418 20445 0.00151134
18046 21107 21096 -0.000609553
17920 20622 20739 0.00652902
17224 21023 21037 0.000812819
18607 21392 21384 -0.000429946
18143 20678 20622 -0.00308659
17852 20738 20732 -0.000336097
17600 20996 21058 0.00352273
18065 20729 20739 0.000553557
18076 21154 21206 0.00287674
18187 21255 21272 0.000934734
18623 21550 21562 0.000644364
17827 20853 20828 -0.00140237
18329 21337 21340 0.000163675
17627 20349 20119 -0.0130482
18681 21323 21392 0.00369359
18849 21395 21411 0.000848851
17844 20355 20390 0.00196144
17708 21028 20920 -0.00609894
18099 21676 21606 -0.00386762
17744 21057 21085 0.001578
18015 21145 21145 0
18418 20821 20794 -0.00146596
18292 21363 21436 0.00399082
17914 21636 21518 -0.00658703
18137 21705 21670 -0.00192976
18331 20928 20775 -0.00834652
18040 20799 20707 -0.00509978
17858 20440 20360 -0.00447978
17049 20593 20617 0.00140771
18619 21573 21563 -0.000537086
17628 20302 20304 0.000113456
18371 20770 20810 0.00217734
18231 20809 20776 -0.0018101
18473 21025 21020 -0.000270665
18326 20748 20712 -0.00196442
18283 20701 20759 0.00317235
17633 20870 20830 -0.00226847
18336 21084 21202 0.00643543
17840 20511 20494 -0.000952915
18621 21367 21347 -0.00107406
17397 20240 20257 0.00097718
18668 21180 21277 0.00519606
18043 21500 21499 -5.54232e-05
18323 21790 21727 -0.0034383
18043 20762 20698 -0.00354708
18180 21178 21031 -0.00808581
18511 20824 20762 -0.00334936
17868 20565 20573 0.000447728
17778 20476 20335 -0.00793115
17880 20549 20624 0.00419463
18876 20923 20964 0.00217207
17010 20356 20393 0.00217519
18264 20953 21060 0.00585852
17133 20637 20614 -0.00134244
18611 20820 20797 -0.00123583
17186 20373 20274 -0.0057605
17625 21138 21089 -0.00278014
17864 20735 20824 0.00498209
17105 21756 21756 0
18310 20967 20977 0.00054615
17969 20546 20534 -0.000667817
19097 21187 21218 0.00162329
17390 21430 21504 0.00425532
17248 21133 21133 0
18397 21435 21469 0.00184813
17418 20367 20328 -0.00223906
18905 20766 20928 0.00856916
18479 20635 20683 0.00259754
18601 20818 20940 0.00655879
19508 21449 21565 0.00594628
18266 21154 21177 0.00125917
17958 20417 20455 0.00211605
18156 20201 20162 -0.00214805
18257 20814 20814 0
18253 20618 20635 0.000931354
17815 20906 20970 0.00359248
17609 20418 20267 -0.00857516
18237 20682 20584 -0.00537369
17590 20719 20658 -0.00346788
17787 20462 20676 0.0120313
18013 20945 20912 -0.00183201
18436 21114 21327 0.0115535
18013 20432 20463 0.00172098
18618 21377 21246 -0.0070362
18163 20861 20887 0.00143148
18783 20975 20889 -0.00457861
18567 20907 21061 0.00829429
18743 21327 21081 -0.0131249
18054 21112 20884 -0.0126288
17556 20752 20684 -0.00387332
18127 20601 20533 -0.00375131
17500 20391 20300 -0.0052
17424 20567 20604 0.00212351
18621 21595 21395 -0.0107406
18791 21232 21126 -0.005641
18653 21671 21533 -0.00739827
17694 20650 20479 -0.00966429
18755 21750 21635 -0.0061317
18838 20984 20752 -0.0123155
17153 20694 20394 -0.0174897
18209 21360 21332 -0.0015377
18175 20641 20628 -0.000715268
17896 20171 20186 0.000838176
19660 21757 21729 -0.00142421
18474 21049 21098 0.00265238
18040 20528 20567 0.00216186
19109 21639 21750 0.00580878
17648 20448 20229 -0.0124093
17392 20148 20183 0.00201242
17587 20389 20396 0.000398021
17282 20923 20775 -0.00856382
18912 21075 21114 0.00206218
17327 20524 20524 0
17321 21335 21398 0.0036372
17967 21536 21529 -0.000389603
18873 21519 21494 -0.00132464
18241 20339 20302 -0.0020284
17548 20362 20328 -0.00193754
18510 21133 21095 -0.00205294
18426 20962 20842 -0.00651254
17975 21472 21472 0
17937 20682 20683 5.57507e-05
17621 21159 21201 0.00238352
19109 21190 21238 0.00251191
18753 21357 21477 0.00639898
18752 21229 21160 -0.00367961
18656 21240 21085 -0.00830832
17219 20301 20347 0.00267147
17902 21235 21294 0.00329572
17480 20411 20239 -0.00983982
18006 21048 20905 -0.0079418
18184 20804 21008 0.0112187
18484 20802 20929 0.00687081
18299 21415 21391 -0.00131155
17296 20289 20263 -0.00150324
17184 20597 20483 -0.00663408
18405 20808 21049 0.0130943
18024 20368 20165 -0.0112628
18257 20739 20789 0.00273868
17827 20187 20305 0.00661917
17776 20826 20823 -0.000168767
17866 20956 20904 -0.00291056
17716 21167 21152 -0.000846692
18068 20927 20890 -0.00204782
18518 21300 21483 0.00988228
18092 20715 20560 -0.00856732
18289 20944 20751 -0.0105528
18328 21260 21183 -0.00420122
17687 21405 21458 0.00299655
18208 21300 21398 0.00538225
17659 20269 20313 0.00249165
17539 20563 20544 -0.0010833
17307 20487 20441 -0.00265788
18204 21028 21028 0
17340 20453 20548 0.00547866
18592 20601 20627 0.00139845
18599 21052 21140 0.00473144
18639 20765 20635 -0.00697462
18140 21386 21380 -0.000330761
17522 20656 20666 0.000570711
17132 20264 20258 -0.000350222
17815 20527 20622 0.00533258
17487 19864 20035 0.00977869
17466 20728 20696 -0.00183213
17719 21022 21076 0.00304758
18004 21252 21431 0.00994224
17843 21097 21189 0.00515608
17786 21270 21199 -0.0039919
18502 20874 21121 0.0133499
18789 21270 21221 -0.00260791
18300 21909 21775 -0.0073224
19016 21045 20946 -0.00520614
17792 20748 20603 -0.00814973
17422 20861 20900 0.00223855
17477 21323 21323 0
17946 20161 20362 0.0112003
17310 20434 20447 0.000751011
18738 21179 21098 -0.00432277
18576 20906 21019 0.00608312
17656 20374 20311 -0.00356819
18319 21022 21035 0.000709646
18057 21240 21395 0.00858393
18327 20927 20849 -0.00425602
17225 20625 20604 -0.00121916
17926 20477 20508 0.00172933
18322 20844 20912 0.00371139
17469 19859 20141 0.0161429
17884 20813 20893 0.00447327
18964 21295 21308 0.000685509
19250 21667 21436 -0.012
17423 20618 20818 0.0114791
18551 20888 20807 -0.00436634
18851 21384 21400 0.000848761
17621 20523 20415 -0.00612905
17644 20961 20713 -0.0140558
18036 21866 21940 0.00410291
18328 21001 21073 0.00392842
17392 20533 20475 -0.00333487
18456 21008 21045 0.00200477
18210 21150 21107 -0.00236134
17315 20934 20944 0.000577534
18421 20857 20837 -0.00108572
17854 20542 20616 0.00414473
17385 21299 21324 0.00143802
18553 21185 21296 0.00598286
18178 20938 20933 -0.000275058
18175 20620 20566 -0.00297111
18652 21681 21458 -0.0119558
17837 20511 20661 0.00840949
17811 20643 20637 -0.00033687
18638 20913 20906 -0.000375577
18657 21354 21287 -0.00359115
18359 21085 21100 0.000817038
17813 20503 20532 0.00162802
18205 21389 21255 -0.00736062
18363 20646 20650 0.000217829
18369 20930 20967 0.00201426
18624 20984 20983 -5.36942e-05
17660 19760 19738 -0.00124575
17045 20496 20583 0.00510414
17945 21506 21464 -0.00234048
17656 20489 20332 -0.00889216
18308 21225 21033 -0.0104872
17858 20899 20867 -0.00179191
18350 21051 21129 0.00425068
17463 20955 21046 0.00521102
17609 20315 20421 0.00601965
18454 21380 21199 -0.00980817
17953 21838 21640 -0.0110288
19420 21867 21836 -0.00159629
18236 21156 21104 -0.0028515
18523 21311 21292 -0.00102575
18815 21285 21297 0.000637789
18183 20912 20792 -0.00659957
18182 21431 21487 0.00307997
18915 21272 21234 -0.00200899
17816 20590 20542 -0.00269421
18402 21113 20762 -0.019074
17631 20776 20669 -0.00606886
18527 21459 21524 0.00350839
18317 21127 21084 -0.00234755
17498 20876 20887 0.000628643
18266 20988 21229 0.0131939
18246 21373 21380 0.000383646
17774 20761 20646 -0.00647012
17888 20858 21064 0.0115161
18380 20900 20983 0.00451578
18204 21290 21174 -0.00637223
18115 20927 20902 -0.00138007
17645 20570 20507 -0.00357042
17840 21656 21713 0.00319507
17858 20917 20889 -0.00156792
18199 21483 21538 0.00302214
17327 20438 20445 0.000403994
18120 21736 21685 -0.00281457
18214 20745 20801 0.00307456
18325 20649 20697 0.00261937
18536 20715 20723 0.000431593
18084 21198 21223 0.00138244
17667 20780 20520 -0.0147167
18070 20487 20467 -0.00110681
17935 21151 21003 -0.00825202
18500 21643 21598 -0.00243243
18342 21108 21136 0.00152655
17700 20714 20807 0.00525424
18658 21167 21152 -0.000803945
18258 21238 21135 -0.00564136
17298 21012 21170 0.009134
18731 21832 21881 0.00261598
17817 21191 21191 0
18232 20721 20651 -0.0038394
18742 22280 22365 0.00453527
18922 21293 21270 -0.00121552
17836 21483 21399 -0.00470958
18032 20570 20599 0.00160825
18592 20851 20965 0.00613167
19049 21772 21718 -0.00283479
18828 21299 21528 0.0121627
17996 21145 21145 0
18172 20886 20886 0
17594 20549 20409 -0.00795726
18285 20863 20852 -0.000601586
18021 20992 21106 0.00632595
18963 21417 21430 0.000685546
18229 20577 20541 -0.00197488
18894 21423 21623 0.0105854
17874 20775 20700 -0.00419604
17674 20520 20540 0.00113161
19097 21054 21163 0.0057077
17862 20456 20382 -0.00414287
17526 21078 21078 0
17929 20758 21007 0.0138881
