36199 41317 41368 0.00140888
35045 40360 40185 -0.00499358
37234 41688 41711 0.000617715
34168 42600 42806 0.00602903
36955 41282 41188 -0.00254363
34808 41892 41561 -0.00950931
35963 42607 42050 -0.0154881
35719 42610 42608 -5.59926e-05
35700 41088 41192 0.00291317
35245 40492 40475 -0.000482338
36642 40989 41301 0.00851482
35600 41676 41528 -0.0041573
34517 40708 40487 -0.00640264
36510 43042 42439 -0.016516
36026 42056 42173 0.00324765
34446 41015 41017 5.80619e-05
35446 42119 42117 -5.64239e-05
35397 42186 41991 -0.00550894
36332 41939 42077 0.0037983
36688 41842 41757 -0.00231683
38051 42514 42705 0.00501958
36279 40949 40876 -0.00201218
34438 40605 40518 -0.00252628
36316 40976 40877 -0.00272607
36735 41322 41230 -0.00250442
35576 41919 41894 -0.000702721
36877 41776 42053 0.00751146
37190 42482 42551 0.00185534
35350 40573 40522 -0.00144272
35834 41727 41641 -0.00239996
35526 42123 41879 -0.00686821
35392 41354 41568 0.00604656
36684 41967 41530 -0.0119126
34670 40219 40458 0.00689357
35560 40813 40785 -0.000787402
35134 40890 40971 0.00230546
34754 41345 41010 -0.00963918
36426 42815 42621 -0.00532587
35530 42240 42291 0.00143541
35469 42125 42070 -0.00155065
36920 42059 41560 -0.0135157
37210 41426 41537 0.00298307
38184 41680 41701 0.000549969
36701 42162 42177 0.000408708
34153 40935 41077 0.00415776
38561 42974 42974 0
37434 41745 42043 0.00796068
35500 41707 41517 -0.00535211
36092 40836 40957 0.00335254
34930 41130 41177 0.00134555
34534 40458 40290 -0.00486477
35705 41515 41715 0.00560146
34823 41111 41188 0.00221118
36831 41810 41581 -0.00621759
36762 41639 42225 0.0159404
36702 41152 41545 0.0107079
36329 41726 41469 -0.00707424
37648 42351 42373 0.00058436
34969 42473 42306 -0.00477566
33787 40342 40546 0.00603783
36329 41706 41648 -0.00159652
35468 41454 41645 0.00538514
37851 43484 43216 -0.00708039
37079 43002 43048 0.00124059
34757 39933 40001 0.00195644
35632 40519 40324 -0.00547261
35406 40873 40755 -0.00333277
36016 41713 41549 -0.00455353
34992 40600 40799 0.00568701
34622 41276 41160 -0.00335047
34126 40421 40614 0.00565551
34722 41024 40829 -0.00561604
36211 42432 42432 0
36238 42054 42041 -0.000358739
33763 40834 40693 -0.00417617
33637 39896 39820 -0.00225942
34558 40962 40562 -0.0115747
36553 41492 41442 -0.00136788
37434 42031 42295 0.00705241
37206 42399 42333 -0.00177391
34078 39630 39592 -0.00111509
36310 41132 41324 0.0052878
37669 41177 41227 0.00132735
36203 41305 41264 -0.0011325
35843 41488 41409 -0.00220406
35096 41985 41994 0.000256439
35195 41225 41135 -0.00255718
36668 43178 43109 -0.00188175
38254 43757 43493 -0.00690124
36178 42306 42495 0.00522417
36376 43149 42838 -0.00854959
35849 41966 42222 0.00714106
35797 41390 41641 0.00701176
36746 41512 41461 -0.00138791
35027 42544 42593 0.00139892
36187 40975 40929 -0.00127117
36210 41700 41670 -0.0008285
36259 41614 41741 0.00350258
35986 41132 40981 -0.00419608
35555 40046 39477 -0.0160034
36406 42357 42357 0
35391 42263 42312 0.00138453
37736 41891 41865 -0.000688997
35860 41150 40959 -0.00532627
36107 41673 41859 0.00515136
37704 43662 43890 0.0060471
35711 40497 40625 0.00358433
36366 41021 40862 -0.00437222
33938 40476 40579 0.00303495
36710 43007 42866 -0.00384092
37507 42555 42461 -0.0025062
34828 41279 41291 0.00034455
34909 42010 41881 -0.00369532
33787 41362 41260 -0.00301891
33900 40089 40203 0.00336283
34282 40903 40838 -0.00189604
36754 40428 40548 0.00326495
36379 42092 42037 -0.00151186
37472 42618 43142 0.0139838
36263 40872 40928 0.00154427
36973 41889 42143 0.00686988
36009 41372 41347 -0.000694271
36006 41654 41668 0.000388824
34942 40416 40505 0.00254708
35328 41661 41677 0.000452899
36718 41152 40908 -0.00664524
34460 40319 40448 0.00374347
35283 41660 41497 -0.00461979
35971 41852 41479 -0.0103695
36966 42311 42269 -0.00113618
37673 42921 42987 0.00175192
38266 42296 42395 0.00258715
35063 41680 41420 -0.00741522
36261 41868 41877 0.000248201
36719 42951 43065 0.00310466
36292 41931 41605 -0.0089827
37266 42558 41952 -0.0162615
36194 42363 42442 0.00218268
34940 40323 40458 0.00386377
35969 41289 41508 0.00608858
34852 40789 40082 -0.0202858
36039 41684 41529 -0.0043009
33119 39617 39577 -0.00120777
36523 41588 41601 0.00035594
34715 40969 40755 -0.00616448
35609 42638 42343 -0.00828442
35587 41326 41362 0.00101161
34672 41004 40533 -0.0135844
36332 42577 42785 0.00572498
35997 40657 40470 -0.00519488
35756 41790 41397 -0.0109912
35090 41078 41138 0.00170989
36408 41396 41293 -0.00282905
35426 40835 41119 0.00801671
35423 41535 41535 0
36729 40778 40986 0.0056631
34836 39685 40000 0.00904237
36106 41124 41074 -0.00138481
36460 41945 41450 -0.0135765
35946 41224 41328 0.00289323
36636 41966 41806 -0.00436729
36132 42391 42480 0.00246319
35686 41169 41446 0.00776215
35862 42132 42479 0.00967598
32973 40666 40659 -0.000212295
36350 41965 41968 8.25309e-05
34513 41598 41578 -0.000579492
34913 42293 42281 -0.000343712
36229 40792 40851 0.00162853
35497 41783 41196 -0.0165366
34588 40720 40720 0
36113 42070 42092 0.000609199
34153 41452 41451 -2.928e-05
35591 41592 41353 -0.00671518
37024 42374 42410 0.000972342
37678 41982 42141 0.00421997
37744 42771 42807 0.000953794
36015 41025 40925 -0.00277662
35280 41687 41615 -0.00204082
36810 42083 42146 0.00171149
37160 43336 43026 -0.0083423
36450 41316 41287 -0.00079561
36654 41525 41771 0.00671141
35124 41269 41269 0
36566 43044 42815 -0.00626265
35386 43073 42836 -0.00669756
34538 40510 40188 -0.00932306
34153 40060 40330 0.0079056
35717 41420 41345 -0.00209984
36544 42094 41785 -0.00845556
36322 41088 41008 -0.00220252
37945 42184 42064 -0.00316247
36538 41438 41455 0.000465269
35841 42717 42647 -0.00195307
35964 42023 42161 0.00383717
34789 40497 40136 -0.0103768
35758 42166 42019 -0.00411097
34609 40956 40863 -0.00268716
35153 40633 40582 -0.0014508
34981 41883 41941 0.00165804
36732 43832 43614 -0.00593488
36347 42214 42171 -0.00118304
36670 41483 41286 -0.00537224
35889 42819 42819 0
36736 41774 41827 0.00144273
34976 40014 40112 0.00280192
35511 42119 42054 -0.00183042
35370 41354 41644 0.00819904
33672 41367 41337 -0.000890948
36347 41459 41240 -0.00602526
34950 39705 39853 0.00423462
36108 42744 42737 -0.000193863
35111 41286 41307 0.000598103
37093 42623 42565 -0.00156364
35845 41509 41433 -0.00212024
34672 41014 40901 -0.00325911
35040 41165 41165 0
35784 41858 41727 -0.00366085
36300 40685 40719 0.000936639
35969 41870 41868 -5.56034e-05
37286 42470 42632 0.00434479
35407 39926 40107 0.00511198
36898 42885 42885 0
34587 40857 40448 -0.0118253
36081 42814 43237 0.0117236
36253 41722 41330 -0.0108129
35742 42675 42615 -0.0016787
35175 40796 40798 5.68586e-05
35066 41566 41591 0.000712941
36335 42031 41723 -0.00847668
36004 42285 42208 -0.00213865
35644 41019 41076 0.00159915
37189 42491 42652 0.00432924
35300 40881 40897 0.000453258
36435 40964 40883 -0.00222314
33989 40224 40233 0.000264792
37202 42141 41896 -0.00658567
35487 41389 41368 -0.000591766
35962 42122 42088 -0.000945442
36238 41383 41432 0.00135217
36357 40912 41283 0.0102044
35624 41079 41130 0.00143162
35146 40312 40297 -0.000426791
36618 41231 41229 -5.46179e-05
35912 42732 42793 0.0016986
37935 43529 43643 0.00300514
35612 40867 40710 -0.00440863
33709 40711 40707 -0.000118663
34626 41351 41365 0.00040432
35230 40862 40642 -0.00624468
35434 40464 40173 -0.00821245
34692 41591 41729 0.00397786
36280 42110 41946 -0.0045204
34358 39487 39518 0.000902264
34899 40160 40483 0.00925528
37387 40628 40623 -0.000133736
36065 42126 42093 -0.000915015
35746 41288 41324 0.00100711
34720 41566 41625 0.00169931
35321 41181 40974 -0.00586054
35744 41149 40968 -0.00506379
34872 41559 41792 0.00668158
36536 42273 42296 0.000629516
35622 40829 40851 0.000617596
35627 42102 41949 -0.0042945
33441 40939 40911 -0.000837296
34100 40778 40872 0.0027566
36834 42266 42162 -0.00282348
35570 42233 42097 -0.00382345
35701 40140 40624 0.013557
36048 42443 42423 -0.000554816
34188 40341 40124 -0.00634726
35366 39700 40059 0.010151
35863 41717 41793 0.00211918
38525 42906 42928 0.000571058
35755 41342 41696 0.00990071
37672 42701 42774 0.00193778
32889 39104 39297 0.00586822
35933 41796 41870 0.00205939
35889 41708 41623 -0.00236841
36230 41612 41562 -0.00138007
33712 39708 39784 0.00225439
35283 40480 40480 0
36972 42584 42419 -0.00446284
34671 40179 40027 -0.00438407
35440 41184 41311 0.00358352
34978 39981 40050 0.00197267
38088 43135 43300 0.00433207
35663 41608 41521 -0.0024395
36041 41625 41506 -0.0033018
34813 41509 41503 -0.000172349
35029 41108 40986 -0.00348283
35036 41592 41466 -0.0035963
36623 41457 41524 0.00182945
35924 41967 41761 -0.00573433
34971 41368 41438 0.00200166
37665 43219 43161 -0.00153989
35612 41883 41653 -0.0064585
35737 42586 42689 0.00288217
36710 42116 42386 0.00735494
34925 39755 39780 0.00071582
37171 42551 42690 0.00373947
36304 41285 41006 -0.0076851
35496 42194 42143 -0.00143678
34188 40103 40065 -0.0011115
35379 41249 41085 -0.00463552
36780 42145 42133 -0.000326264
35735 41360 41201 -0.00444942
36678 41945 41719 -0.00616173
36414 41492 41581 0.00244411
35952 41844 41782 -0.00172452
35452 40343 40343 0
35742 41030 41056 0.000727436
34904 41311 41501 0.0054435
36154 41573 41195 -0.0104553
37196 42682 42581 -0.00271535
36141 42615 42640 0.000691735
35445 40382 40602 0.0062068
34537 40737 40870 0.00385094
34345 39855 39942 0.00253312
34918 40201 40400 0.00569907
34500 39510 39721 0.00611594
36699 41889 41889 0
35573 41683 41332 -0.00986703
35612 41534 41653 0.00334157
36886 41741 41399 -0.00927181
36131 42163 42117 -0.00127314
34949 41152 40872 -0.00801167
36214 40811 40858 0.00129784
37268 42279 42561 0.00756681
34702 40754 40750 -0.000115267
35806 40738 40633 -0.00293247
34776 41782 41966 0.00529101
36834 42126 42072 -0.00146604
35442 40339 40289 -0.00141076
37100 41276 41520 0.00657682
35362 41290 41183 -0.00302585
36569 42899 42851 -0.00131259
35425 40813 40666 -0.00414961
36403 43007 43118 0.0030492
34541 40710 40701 -0.00026056
35861 41563 41694 0.00365299
35148 41524 41215 -0.0087914
34256 41447 41329 -0.00344465
35403 41005 41128 0.00347428
37204 42014 42155 0.00378992
37152 42354 42180 -0.00468346
36355 41255 41325 0.00192546
35400 40595 40600 0.000141243
35132 40073 39776 -0.00845383
36447 43032 42888 -0.00395094
35753 42165 42015 -0.00419545
35551 41118 40923 -0.00548508
35534 40429 40171 -0.00726065
34725 41385 41342 -0.0012383
35622 41335 41108 -0.00637247
35359 40675 40553 -0.00345032
35233 41271 41080 -0.00542105
35931 40822 40836 0.000389636
35904 41502 41453 -0.00136475
34653 41346 41346 0
36598 42424 42330 -0.00256845
35825 42059 42104 0.00125611
35567 42843 42747 -0.00269913
38830 43925 43822 -0.00265259
35504 41841 41841 0
34387 40040 39945 -0.00276267
36663 41928 41459 -0.0127922
35334 41772 42026 0.00718854
37773 42565 42819 0.00672438
37144 43294 43326 0.000861512
34747 41354 41409 0.00158287
34696 40880 40989 0.00314157
38057 43282 43080 -0.00530783
36133 42102 41783 -0.00882849
36629 41875 41728 -0.00401321
35768 41863 41786 -0.00215276
37615 41827 41827 0
36748 40609 40661 0.00141504
36497 42177 42302 0.00342494
35268 40465 40948 0.0136951
35699 41542 41517 -0.0007003
36009 41006 40984 -0.000610958
36339 42444 42312 -0.00363246
33821 40490 40763 0.00807191
35024 40744 40760 0.00045683
35254 42397 42397 0
35239 42045 41987 -0.0016459
35645 41513 41583 0.00196381
36679 42840 42887 0.00128139
34864 41325 41351 0.000745755
37414 42207 42391 0.00491795
36435 40794 40903 0.00299163
37074 42473 42504 0.000836166
36149 41405 41348 -0.00157681
37327 41971 41390 -0.0155651
37024 41409 41427 0.000486171
35492 40915 40973 0.00163417
35575 41394 41458 0.00179902
36081 41204 41069 -0.00374158
35585 40920 40811 -0.00306309
35453 41634 41558 -0.00214368
34792 40592 40276 -0.00908255
34415 39868 39819 -0.0014238
36524 40563 40753 0.00520206
33365 40316 40014 -0.0090514
38211 42020 41948 -0.00188427
34054 40447 40359 -0.00258413
36981 43415 43631 0.00584084
35312 41360 41380 0.00056638
34918 40668 40711 0.00123146
36323 41217 41156 -0.00167938
35840 41600 41517 -0.00231585
34673 42338 42433 0.00273988
36765 41222 41252 0.000815993
34757 41696 41716 0.000575424
38106 43677 43392 -0.00747914
35846 40934 40456 -0.0133348
34489 41756 41561 -0.00565398
36539 39978 40408 0.0117682
36414 41983 41855 -0.00351513
35146 41278 41451 0.00492232
35875 41399 41225 -0.00485017
36350 42079 41884 -0.00536451
35433 41350 41183 -0.00471312
36808 41874 41845 -0.000787872
37819 42619 42619 0
35435 42201 42185 -0.000451531
37050 41351 41586 0.00634278
36845 41929 41836 -0.00252409
37327 41548 41373 -0.0046883
38676 43643 43643 0
35061 42071 42084 0.000370782
35109 40317 40500 0.00521234
35303 39413 39598 0.00524035
34579 41113 41366 0.00731658
33234 41023 40941 -0.00246735
34360 42049 42030 -0.000552969
36966 41218 41697 0.0129579
36102 42678 42643 -0.000969475
34269 41035 40413 -0.0181505
36147 40302 40578 0.00763549
34820 40405 40644 0.00686387
36930 42000 41998 -5.41565e-05
33813 41508 41558 0.00147872
34815 40718 40859 0.00404998
34976 42084 42061 -0.000657594
35980 41885 41714 -0.00475264
35510 41086 40844 -0.00681498
37620 42393 42144 -0.00661882
37546 41930 42452 0.0139029
36403 41866 41651 -0.00590611
35379 40880 40880 0
33555 41532 41480 -0.00154969
34902 41714 41788 0.00212022
36697 42373 42340 -0.000899256
37398 43268 42905 -0.0097064
34817 41764 41727 -0.0010627
35119 41550 41460 -0.00256272
36382 41498 41645 0.00404046
35724 41739 41739 0
35793 40376 39909 -0.0130472
36211 41890 41751 -0.00383861
34849 41061 41198 0.00393125
37034 42271 42271 0
37097 43028 42761 -0.00719735
37576 43463 43452 -0.00029274
34347 41410 41410 0
35196 41978 41978 0
36292 41648 41571 -0.00212168
35630 42054 41988 -0.00185237
34186 40722 40929 0.00605511
34376 41351 40965 -0.0112288
35684 41778 41463 -0.00882749
32969 39560 39372 -0.00570233
36069 41504 41633 0.00357648
34525 41160 40883 -0.00802317
35756 41312 41119 -0.0053977
37040 41677 41798 0.00326674
35614 41150 41284 0.00376257
36331 42443 42500 0.00156891
34507 40718 41087 0.0106935
36925 41825 41861 0.000974949
35326 40937 41037 0.00283078
35192 41498 41498 0
35923 41980 42137 0.00437046
37535 42505 42560 0.0014653
35186 42098 42005 -0.0026431
34125 41123 40819 -0.00890842
35455 41342 40983 -0.0101255
34738 42115 42078 -0.00106512
35912 42563 42580 0.000473379
35006 40824 40663 -0.00459921
36654 42500 42051 -0.0122497
34264 40409 40517 0.003152
35452 41477 41472 -0.000141036
35386 42265 42265 0
35802 42355 42365 0.000279314
35789 41586 41003 -0.0162899
36815 42015 41555 -0.0124949
34657 40617 41036 0.0120899
37160 42469 42463 -0.000161464
36233 41167 41143 -0.00066238
34086 39694 39611 -0.00243502
32576 40822 40628 -0.0059553
33831 40985 40985 0
37902 43018 42896 -0.00321883
34652 41390 41390 0
38061 43429 43429 0
35406 41255 41057 -0.00559227
34970 40071 40059 -0.000343151
37431 41439 41434 -0.000133579
36879 42220 42191 -0.000786355
37270 42285 42361 0.00203917
36281 42100 42286 0.00512665
36052 41589 41341 -0.00687895
37289 41641 41522 -0.00319129
36230 42565 42560 -0.000138007
34385 41098 41115 0.000494402
38449 42030 41980 -0.00130042
35817 40667 40864 0.00550018
36271 40325 40426 0.00278459
35317 39801 39982 0.00512501
36364 41630 41683 0.00145749
34350 40891 40891 0
35890 40059 40636 0.0160769
35338 40239 39875 -0.0103005
36559 42386 42378 -0.000218824
34263 40935 40839 -0.00280186
37620 42423 42471 0.00127592
36672 40839 41102 0.00717168
35591 41270 41373 0.00289399
35395 42939 42990 0.00144088
33789 39962 40076 0.00337388
35459 40752 40974 0.00626075
35751 42108 42116 0.00022377
36218 42407 42110 -0.00820034
35623 41273 41529 0.00718637
34007 39300 39332 0.000940983
35706 41242 41405 0.00456506
36945 41934 42066 0.00357288
34564 39946 39871 -0.00216989
35280 40476 40771 0.00836168
35514 41154 41231 0.00216816
35224 41351 41401 0.00141949
36936 40677 41134 0.0123728
35274 41852 42338 0.0137779
37182 42276 42315 0.00104889
37519 43673 43673 0
35568 42279 42448 0.00475146
35524 41339 41219 -0.003378
35313 41811 41825 0.000396455
34665 41147 41220 0.00210587
33848 41123 41302 0.00528835
35507 40594 41016 0.011885
36382 42059 41959 -0.00274861
36574 41696 41847 0.00412862
35565 40703 40837 0.00376775
36087 40744 40925 0.00501566
34408 40514 40531 0.000494071
33650 40766 40172 -0.0176523
35448 41898 41898 0
36942 42713 42631 -0.0022197
35100 41910 41925 0.00042735
35170 42234 42499 0.00753483
34335 40852 40099 -0.021931
34469 40528 40691 0.00472889
37855 41471 41100 -0.00980055
35217 41842 41963 0.00343584
37324 41537 41657 0.00321509
35765 42037 42172 0.00377464
37201 43014 43097 0.00223112
36458 41285 41557 0.00746064
36284 42167 41817 -0.00964613
36427 41853 41593 -0.00713756
35348 42045 42012 -0.000933575
35289 41548 41325 -0.00631925
33998 40007 39668 -0.00997117
35181 40900 40900 0
34309 41046 41282 0.00687866
34694 41386 41050 -0.00968467
34638 41015 40711 -0.00877649
35761 43142 43034 -0.00302005
35446 39657 39658 2.82119e-05
35844 41687 41963 0.00770003
36040 42361 42300 -0.00169256
33006 41320 41320 0
35031 40923 40865 -0.00165568
34922 42183 42247 0.00183266
34410 40790 40730 -0.00174368
38208 43783 43388 -0.0103381
35666 40986 41052 0.0018505
33974 40193 40258 0.00191323
33193 40806 40731 -0.00225951
35964 42532 42365 -0.00464353
33761 40194 40179 -0.0004443
35566 41398 41398 0
36632 42328 42171 -0.00428587
35669 40763 40830 0.00187838
37296 43318 43010 -0.00825826
34654 39042 39482 0.0126969
35457 40668 40720 0.00146657
35279 41489 41254 -0.00666119
36508 41637 41726 0.00243782
34622 41018 41151 0.00384149
35105 42093 42243 0.0042729
36100 42651 42314 -0.00933518
35822 41579 41631 0.00145162
35579 41438 41488 0.00140532
35645 42315 42310 -0.000140272
34038 40708 40839 0.00384864
34867 41129 41173 0.00126194
34658 40821 40803 -0.000519361
37291 42089 42089 0
35194 40769 40796 0.000767176
36640 40889 40880 -0.000245633
34492 40927 41003 0.00220341
34823 40156 39909 -0.00709301
35719 40383 40293 -0.00251967
37127 41384 41831 0.0120398
36467 41721 41551 -0.00466175
37066 41027 41578 0.0148654
36484 40749 40751 5.48186e-05
37057 41728 41633 -0.00256362
35998 41485 41510 0.000694483
36161 40207 40599 0.0108404
35869 41649 41848 0.00554797
35752 41012 41048 0.00100694
36123 42093 42097 0.000110733
35620 41906 41980 0.00207748
35240 41819 41819 0
36642 41837 41662 -0.00477594
36484 43506 43526 0.000548186
35845 40964 40917 -0.0013112
37474 42693 42679 -0.000373592
34828 41081 41226 0.00416332
35260 40907 41019 0.0031764
34866 40722 40800 0.00223714
34497 40845 40935 0.00260892
36409 42384 42269 -0.00315856
35548 41646 41554 -0.00258805
34974 42132 42132 0
35125 40725 41020 0.00839858
36793 42591 42080 -0.0138885
36549 41448 41609 0.00440505
36198 41408 41341 -0.00185093
35396 40700 40800 0.00282518
36094 43492 43395 -0.00268743
37084 43668 43551 -0.003155
35905 41271 41227 -0.00122546
36564 41849 42152 0.00828684
34659 39723 39688 -0.00100984
35277 40708 40490 -0.00617966
37445 41602 41578 -0.00064094
35419 42170 42170 0
35056 42421 42366 -0.00156892
38015 44077 44077 0
36510 42952 42676 -0.00755957
36041 41951 42286 0.00929497
34731 40217 40415 0.00570096
35727 41157 40960 -0.00551404
36110 42194 42274 0.00221545
34966 41594 41776 0.00520506
36585 41657 41410 -0.0067514
36524 41910 42049 0.00380572
35690 41614 41631 0.000476324
36267 42274 42274 0
36026 40440 40605 0.00458003
35128 40901 40805 -0.00273286
34441 40894 40475 -0.0121657
35208 41797 41278 -0.014741
37291 42728 42619 -0.00292296
35227 42012 42190 0.00505294
37176 41863 41901 0.00102216
36544 43296 43296 0
37095 42535 42619 0.00226446
34993 41521 41464 -0.0016289
34812 40456 40358 -0.00281512
35623 41163 41314 0.00423883
36968 41037 40971 -0.00178533
35679 41832 41949 0.00327924
35119 41396 41158 -0.00677696
35118 40820 41157 0.00959622
36640 41773 41706 -0.0018286
36249 41608 41826 0.00601396
36059 42760 42760 0
36804 43435 43531 0.00260841
34721 40654 40548 -0.00305291
36700 41719 41961 0.00659401
36629 42620 42670 0.00136504
35849 41016 40962 -0.00150632
36631 42152 42318 0.00453168
36388 42837 42815 -0.000604595
36817 41704 41684 -0.000543227
36130 42734 42528 -0.00570163
37936 43718 43645 -0.00192429
36212 42089 42170 0.00223683
34353 41535 41489 -0.00133904
36104 40984 41040 0.00155107
34692 39872 39788 -0.00242131
36133 41674 42016 0.00946503
34702 40731 40847 0.00334275
36145 41337 41313 -0.000663992
35214 42013 41585 -0.0121543
34418 41421 41402 -0.000552037
35834 40730 40782 0.00145114
36600 41782 41458 -0.00885246
35379 40430 40488 0.00163939
35757 41840 41775 -0.00181783
35486 40780 41080 0.00845404
34072 41613 41638 0.00073374
36870 42392 42377 -0.000406835
35933 40966 40917 -0.00136365
35359 41086 41081 -0.000141407
34844 41572 41695 0.00353002
35761 41094 41061 -0.000922793
35832 41960 42055 0.00265126
36023 42117 42140 0.000638481
36901 42709 42727 0.000487792
35293 41313 41263 -0.00141671
36318 42272 42281 0.000247811
34902 40093 39856 -0.00679044
37030 42260 42544 0.00766946
37342 42392 42429 0.000990841
35307 40286 40360 0.0020959
35048 41628 41418 -0.00599178
35844 42941 42791 -0.0041848
35113 41722 41747 0.000711987
35663 41877 41877 0
36481 41252 41204 -0.00131575
36252 42369 42509 0.00386186
35490 42869 42645 -0.00631164
35902 42983 42944 -0.00108629
36302 41465 41159 -0.00842929
35725 41207 41027 -0.00503849
35363 40483 40320 -0.00460934
33759 40798 40844 0.0013626
36867 42743 42728 -0.000406868
34918 40183 40221 0.00108826
36371 41131 41233 0.00280443
36085 41193 41125 -0.00188444
36593 41644 41631 -0.000355259
36289 41098 41024 -0.00203919
36193 40985 41108 0.00339845
34930 41344 41258 -0.00246207
36327 42031 42021 -0.000275277
35326 40622 40591 -0.000877541
36885 42330 42288 -0.00113867
34451 40090 40109 0.000551508
36971 41954 42156 0.00546374
35716 42593 42595 5.59973e-05
36297 43205 43073 -0.00363666
35728 41140 41014 -0.00352665
36019 41977 41683 -0.00816236
36661 41253 41080 -0.00471891
35358 40696 40818 0.00345042
35199 40554 40270 -0.00806841
35391 40676 40869 0.00545336
37373 41440 41515 0.0020068
33687 40322 40219 -0.00305756
36164 41546 41715 0.00467316
33935 40971 40832 -0.00409607
36860 41093 41034 -0.00160065
34037 39900 40171 0.00796192
34894 41880 41562 -0.00911331
35364 41073 41250 0.00500509
33879 43111 43111 0
36219 41497 41515 0.000496977
35573 40696 40696 0
37848 42052 42049 -7.92644e-05
34445 42466 42603 0.00397736
34146 41873 41873 0
36435 42462 42530 0.00186634
34469 40336 40265 -0.00205982
37457 41146 41462 0.00843634
36575 40857 40952 0.0025974
36843 41213 41456 0.00659555
38640 42489 42719 0.00595238
36171 41913 41964 0.00140997
35548 40430 40510 0.00225048
35935 39974 40018 0.00122443
36141 41206 41206 0
36158 40766 40897 0.00362299
35313 41428 41562 0.00379464
34860 39991 40127 0.00390132
36115 40954 40743 -0.00584245
34820 41031 40913 -0.00338886
35216 40517 40955 0.0124375
35659 41493 41429 -0.00179478
36529 41818 42239 0.0115251
35666 40481 40540 0.00165424
36875 42340 42356 0.000433898
35990 41403 41382 -0.000583495
37198 41569 41387 -0.00489274
36779 41424 41736 0.0084831
37134 42162 41778 -0.0103409
35765 41825 41382 -0.0123864
34758 41099 40958 -0.00405662
35899 40816 40679 -0.00381626
34669 40407 40227 -0.00519196
34485 40727 40803 0.00220386
36894 42805 42494 -0.00842955
37200 42030 41794 -0.00634409
36931 42914 42647 -0.0072297
35032 40892 40765 -0.00362526
37157 43116 42890 -0.0060823
37304 41468 41105 -0.00973086
33945 40974 40370 -0.0177935
36084 42502 42278 -0.00620774
35983 40886 40871 -0.000416864
35439 39973 39985 0.00033861
38929 43099 43039 -0.00154127
36572 41668 41552 -0.00317183
35737 40671 40721 0.00139911
37859 42880 43136 0.00676193
34944 40509 40075 -0.0124199
34431 39899 39966 0.00194592
34809 40374 40388 0.000402195
34217 41421 41152 -0.00786159
37464 41747 41826 0.00210869
34304 40632 40641 0.00026236
34301 42324 42403 0.00230314
35593 42679 42666 -0.00036524
37391 42635 42526 -0.00291514
36124 40535 40202 -0.00921825
34733 40317 40248 -0.00198658
36670 41884 41808 -0.00207254
36500 41528 41399 -0.00353425
35606 42535 42535 0
35496 40609 40977 0.0103674
34898 41944 42020 0.00217778
37862 41906 42089 0.00483334
37160 42407 42557 0.0040366
37156 42124 41930 -0.00522123
36949 42083 41864 -0.00592709
34059 40148 40251 0.00302416
35467 42086 42207 0.00341162
34604 40502 40081 -0.0121662
35650 41683 41905 0.00622721
36012 41203 41613 0.0113851
36588 41197 41306 0.00297912
36252 42426 42380 -0.0012689
34247 40171 40122 -0.00143078
34019 40780 40555 -0.00661395
36459 41216 41702 0.01333
35708 40366 40265 -0.0028285
36144 41073 41173 0.00276671
35301 40012 40211 0.00563723
35208 41255 41247 -0.000227221
35391 41521 41332 -0.00534034
35086 41908 41846 -0.00176709
35780 41437 41370 -0.00187255
36672 42193 42540 0.00946226
35825 41039 40738 -0.00840195
36212 41486 41096 -0.0107699
36294 42125 41967 -0.00435334
35039 42435 42539 0.00296812
36060 42105 42398 0.00812535
34970 40164 40238 0.0021161
34742 40744 40714 -0.000863508
34265 40592 40492 -0.00291843
36043 41640 41640 0
34327 40713 40700 -0.000378711
36802 40799 40845 0.00124993
36832 41715 41888 0.004697
36887 41101 40845 -0.00694011
35928 42372 42359 -0.000361835
34674 40917 40935 0.000519121
33893 40216 40367 0.0044552
35272 40654 40840 0.0052733
34611 39326 39666 0.00982347
34618 41103 40723 -0.0109769
35089 41645 41749 0.00296389
35652 42101 42442 0.00956468
35350 41795 41980 0.00523338
35243 42153 42008 -0.00411429
36642 41358 41840 0.0131543
37233 42206 42048 -0.00424355
36226 43393 43124 -0.00742561
37674 41716 41517 -0.00528216
35243 41090 41029 -0.00173084
34504 41331 41400 0.00199977
34597 42231 42231 0
35531 39713 40328 0.0173088
34282 40479 40501 0.000641736
37108 41951 41787 -0.00441953
36794 41785 41627 -0.00429418
34959 40355 40345 -0.000286049
36291 41650 41678 0.000771541
35761 42068 42391 0.00903219
36296 41398 41302 -0.00264492
34115 40867 40830 -0.00108457
35516 40573 40599 0.000732064
36295 41310 41444 0.00369197
34549 39301 40006 0.0204058
35434 41438 41338 -0.00282215
37549 42223 42202 -0.000559269
38133 42935 42794 -0.00369758
34493 41044 41237 0.00559534
36736 41280 41213 -0.00182382
37356 42388 42418 0.000803084
34884 40637 40430 -0.00593395
34928 41499 41011 -0.0139716
35719 43326 43471 0.00405946
36328 41619 41762 0.00393636
34433 40681 40565 -0.00336886
36524 41612 41379 -0.00637937
36077 41916 41947 0.000859273
34242 41461 41458 -8.76117e-05
36470 41307 41270 -0.00101453
35362 40708 40856 0.00418528
34429 42201 42253 0.00151035
36742 42099 42187 0.00239508
35976 41452 41452 0
35988 40849 40737 -0.00311215
36968 42979 42974 -0.000135252
35309 40634 40937 0.00858138
35275 41050 40891 -0.00450744
36908 41422 41415 -0.000189661
36960 42316 42186 -0.00351732
36364 41762 41797 0.00096249
35261 40543 40658 0.00326139
36059 42311 42123 -0.00521368
36344 40888 40905 0.000467753
36366 41443 41204 -0.00657207
36908 41600 41596 -0.000108378
34926 39093 39052 -0.00117391
33756 40854 40777 -0.00228108
35535 42611 42520 -0.00256086
34955 40774 40915 0.00403376
36264 42075 41680 -0.0108923
35377 41410 41345 -0.00183735
36343 41507 41903 0.0108962
34575 41518 41698 0.00520607
34868 40273 40439 0.00476081
36549 42349 42001 -0.00952146
35543 43265 42877 -0.0109164
38464 43322 43260 -0.0016119
36128 41501 41827 0.00902347
36693 42233 41851 -0.0104107
37268 42162 42188 0.000697649
36004 41420 41182 -0.00661038
36009 42510 42564 0.00149963
37481 42150 42075 -0.00200101
35287 40799 40695 -0.00294726
36431 41814 41208 -0.0166342
34916 41141 40929 -0.00607171
36700 42513 42641 0.00348774
36292 41878 41784 -0.0025901
34648 41268 41383 0.00331909
36176 41568 42045 0.0131855
36147 42354 42368 0.000387307
35204 41121 41120 -2.84059e-05
35422 41310 41727 0.0117723
36417 41429 41579 0.00411896
36058 42184 41891 -0.0081258
35878 41455 41406 -0.00136574
34957 40764 40634 -0.00371885
35332 42909 43021 0.00316993
35359 41431 41380 -0.00144235
36053 42560 42671 0.0030788
34296 40484 40495 0.000320737
35874 43072 42968 -0.00289904
36081 41170 41210 0.00110862
36281 40906 41003 0.00267358
36700 41019 41037 0.000490463
35799 41977 42029 0.00145255
34999 41191 40668 -0.0149433
35767 40563 40522 -0.00114631
35537 41922 41626 -0.00832935
36651 42884 42794 -0.00245559
36297 41802 41853 0.00140507
35048 41058 41225 0.00476489
36976 41970 41934 -0.000973605
36170 41837 41878 0.00113354
34245 41360 41939 0.0169076
37088 43248 43268 0.000539258
35281 41983 41912 -0.00201241
36092 41049 40899 -0.00415605
37146 44157 44362 0.00551876
37485 42193 42146 -0.00125383
35328 42573 42618 0.00127378
35722 40770 40834 0.00179161
36826 41307 41530 0.0060555
37751 43163 43051 -0.00296681
37280 42172 42630 0.0122854
35643 41914 41914 0
35957 41357 41357 0
34830 40692 40419 -0.00783807
36225 41348 41335 -0.000358868
35689 41581 41805 0.00627644
37578 42453 42485 0.000851562
36120 40769 40705 -0.00177187
37418 42438 42833 0.0105564
35362 41139 40992 -0.004157
34999 40651 40691 0.00114289
37837 41721 41941 0.00581441
35357 40496 40105 -0.0110586
34733 41775 41775 0
35492 41109 41601 0.0138623
