70589 79785 79685 -0.00141665
70521 78291 78144 -0.00208449
73538 80969 81163 0.00263809
68919 79924 79987 0.000914117
71676 80552 80256 -0.00412969
70161 79291 78785 -0.00721198
73437 82511 82049 -0.00629111
69973 81979 82041 0.000886056
72402 79695 79791 0.00132593
70700 77626 77302 -0.00458274
72765 80683 80645 -0.000522229
70187 80168 80057 -0.00158149
71476 78524 79552 0.0143825
71205 80972 80972 0
71907 80486 80234 -0.00350453
71624 81282 81229 -0.000739975
74222 81858 82216 0.00482337
71472 80996 79556 -0.0201478
70286 78533 78258 -0.00391259
70944 81069 80831 -0.00335476
73563 80629 80679 0.00067969
73210 81269 81357 0.00120202
71067 78270 78712 0.00621948
72081 80108 80131 0.000319085
72150 79642 79843 0.00278586
72675 80361 80461 0.00137599
73188 81392 81098 -0.00401705
72646 80217 80197 -0.000275308
72148 80943 80904 -0.000540556
70829 79711 79680 -0.000437674
72442 81060 81152 0.00126998
70549 78456 78013 -0.00627932
73740 79676 79949 0.0037022
71339 77936 77921 -0.000210264
70136 79329 79195 -0.00191057
70885 78685 79134 0.0063342
69890 79569 79233 -0.00480755
73387 81764 81775 0.00014989
70426 80907 80228 -0.00964133
70691 78548 78772 0.00316872
74339 82195 82306 0.00149316
73321 79538 79562 0.000327328
74838 81144 81240 0.00128277
71651 80740 81003 0.00367057
69956 77989 78104 0.00164389
75483 82211 81960 -0.00332525
71686 79963 79799 -0.00228775
73193 81770 81740 -0.000409875
74669 80165 80744 0.00775422
70272 78597 78597 0
71088 79083 79083 0
71633 79250 78724 -0.00734298
70941 78473 78533 0.000845773
71653 79090 79125 0.000488465
72642 80496 80570 0.00101869
73621 80534 80305 -0.00311053
71026 79821 79472 -0.00491369
75004 81253 81084 -0.00225321
70619 80371 79817 -0.00784491
71179 79223 78855 -0.00517006
71761 79204 79401 0.00274522
71573 79389 79480 0.00127143
71969 79579 79113 -0.00647501
72519 80397 80581 0.00253727
70841 79755 79483 -0.00383958
73138 80491 80020 -0.00643988
70468 80925 80908 -0.000241244
71639 79986 79623 -0.00506707
69705 78399 78026 -0.00535112
72175 80250 80392 0.00196744
70319 79024 78941 -0.00118034
70916 78813 78319 -0.00696599
70950 80921 80974 0.000747005
70438 80026 80233 0.00293875
71300 79970 79919 -0.000715288
71158 78905 79224 0.00448298
69868 79349 79529 0.00257629
71886 80033 80100 0.000932031
75444 82808 82883 0.000994115
71588 80962 81445 0.00674694
69690 78070 78136 0.000947051
71248 79114 79589 0.00666685
73806 77821 77875 0.000731648
69537 77354 77230 -0.00178322
71517 80405 80432 0.000377533
71759 80537 80427 -0.00153291
69229 78214 77818 -0.00572015
73586 82534 82546 0.000163074
72311 81414 81473 0.00081592
72132 81238 81003 -0.00325792
72532 82416 82356 -0.000827221
71702 79349 79373 0.000334719
70846 80037 80728 0.00975355
72746 79185 78806 -0.00520991
71880 79718 80117 0.00555092
70718 78313 78313 0
72304 78242 78273 0.000428745
73551 81258 81353 0.00129162
71307 79082 79031 -0.000715217
70926 76798 76593 -0.00289034
72803 80475 80278 -0.00270593
72774 80041 80248 0.00284442
74881 81090 81076 -0.000186963
71431 80207 80204 -4.19986e-05
70710 80770 80734 -0.000509122
75043 82080 81824 -0.00341138
71546 79467 79597 0.00181701
72677 79953 80166 0.00293078
70320 79617 79805 0.00267349
72218 80476 80476 0
74534 80123 80216 0.00124775
68813 77770 77200 -0.00828332
72852 82385 82317 -0.000933399
69030 79703 80076 0.00540345
70530 79292 79427 0.00191408
68026 78230 78339 0.00160233
72508 78974 78389 -0.00806808
71956 81146 80364 -0.0108678
74400 81364 81093 -0.00364247
72679 78980 78879 -0.00138967
72961 80399 80776 0.00516714
70568 79260 79703 0.00627763
73354 80996 80993 -4.08976e-05
70409 78805 78848 0.000610717
70886 80494 80161 -0.00469768
72950 79230 78946 -0.00389308
68851 78786 78838 0.000755254
70914 78819 79223 0.00569704
73073 79545 79686 0.00192958
72500 80981 81032 0.000703448
72836 79945 80506 0.00770224
74755 80651 80514 -0.00183265
73443 80252 80453 0.00273682
71837 79815 79869 0.000751702
70351 80829 80788 -0.000582792
71572 79663 79840 0.00247303
72838 81738 81640 -0.00134545
72679 81463 81830 0.0050496
70523 79880 79902 0.000311955
73194 80257 79359 -0.0122688
70371 78302 77887 -0.00589732
69970 79025 78821 -0.00291554
67488 77219 77266 0.00069642
70898 79477 78713 -0.010776
69742 79076 79466 0.00559204
70320 80239 80848 0.00866041
71618 80156 80950 0.0110866
66732 77948 77952 5.99413e-05
70049 80525 80430 -0.00135619
71646 78256 78309 0.000739748
70405 78736 78613 -0.00174704
70743 78763 78901 0.00195072
70489 79543 79568 0.000354665
71536 78267 78377 0.00153769
70564 79147 79150 4.25146e-05
72818 79059 79326 0.00366668
70724 77391 77318 -0.00103218
71997 79479 79532 0.000736142
72396 79905 79909 5.52517e-05
72378 78218 77945 -0.00377186
71916 79825 79525 -0.00417153
73185 80295 80355 0.00081984
71191 80074 80001 -0.00102541
72339 80182 79499 -0.00944166
70008 79873 79873 0
73501 80368 80573 0.00278908
69645 80443 80550 0.00153636
71615 80889 80889 0
71547 79591 79640 0.000684864
70563 80151 79539 -0.0086731
68922 78615 78304 -0.00451235
73897 80960 81166 0.00278766
69972 79556 79504 -0.000743154
70860 77907 77971 0.000903189
72252 80005 80525 0.00719703
74025 81367 82115 0.0101047
72542 79013 79530 0.00712691
73139 78895 78929 0.000464868
71031 79512 79132 -0.00534978
71645 79587 79369 -0.00304278
72535 82539 82199 -0.00468739
73357 80051 80195 0.001963
72728 80196 79836 -0.00494995
71321 79959 79739 -0.00308465
71603 81404 81189 -0.00300267
72591 82310 82482 0.00236944
69614 78869 78814 -0.000790071
69077 76505 76430 -0.00108574
70147 78890 78840 -0.000712789
74016 81642 81539 -0.00139159
72259 80582 80650 0.000941059
73253 79293 79293 0
72399 78978 79341 0.00501388
72697 81339 81359 0.000275115
71978 81158 81386 0.00316763
71506 79427 79052 -0.00524432
71392 80472 79892 -0.00812416
69813 77027 77287 0.00372423
70494 77634 77656 0.000312083
70297 78509 78855 0.00492197
72757 81690 81424 -0.00365601
71071 80683 80662 -0.000295479
72594 80170 80243 0.00100559
69792 79985 79953 -0.000458505
72213 81562 81562 0
72005 79583 79113 -0.00652732
72064 79893 80161 0.00371892
71764 80278 80177 -0.00140739
69208 77535 77690 0.00223963
71126 78034 77887 -0.00206675
71256 76998 76943 -0.000771865
71906 81798 81295 -0.00699524
71341 79301 79317 0.000224275
73233 81735 81752 0.000232136
72795 81010 81055 0.000618174
70445 78921 78766 -0.0022003
70072 80489 80165 -0.00462382
70416 78911 78565 -0.00491366
74152 79246 79284 0.000512461
73018 80020 80188 0.0023008
72365 79856 79933 0.00106405
70334 79472 79417 -0.000781983
71961 82289 82245 -0.000611442
68043 76903 76578 -0.00477639
71099 80953 80953 0
70194 79388 79635 0.00351882
69034 78591 78281 -0.00449054
70965 79471 79283 -0.00264919
71157 79692 79470 -0.00311986
71669 79558 80523 0.0134647
71346 79450 79377 -0.00102318
72392 81354 81104 -0.00345342
72993 81762 81884 0.00167139
70853 78376 78621 0.00345786
71209 80354 80395 0.00057577
69328 77767 78042 0.00396665
71490 80552 80552 0
72043 80601 80573 -0.000388657
71656 79924 79962 0.000530311
74228 80899 80885 -0.000188608
73162 79536 79274 -0.00358109
73483 81120 81343 0.00303472
70126 78875 78875 0
71363 79510 79590 0.00112103
72545 81756 81756 0
72287 81804 81682 -0.00168772
69858 78360 78569 0.00299178
70161 79500 79114 -0.00550163
70500 80335 79320 -0.0143972
71270 79354 79213 -0.00197839
71001 79088 79038 -0.000704215
71603 79922 80074 0.00212282
71953 80493 80182 -0.00432227
68822 77922 77595 -0.00475139
70769 77923 78245 0.00455001
75422 80859 81017 0.00209488
71818 81371 81172 -0.00277089
72527 81044 81053 0.000124092
68896 79070 79115 0.000653158
71388 79043 79282 0.0033479
72369 79840 79816 -0.000331634
71182 81291 81291 0
72855 79267 78967 -0.00411777
70537 77695 77145 -0.00779733
72935 81967 81713 -0.00348255
67865 78567 78429 -0.00203345
71758 79316 80089 0.0107723
70115 77880 77969 0.00126934
70889 79529 79568 0.000550156
70481 76900 76764 -0.0019296
73344 80248 80082 -0.00226331
70875 77935 78351 0.00586949
71283 77674 77443 -0.0032406
70889 79380 79276 -0.00146708
74811 81072 82363 0.0172568
72560 81077 81214 0.00188809
73313 79584 80339 0.0102983
68421 78551 78558 0.000102308
71902 80802 80679 -0.00171066
71422 79809 79706 -0.00144213
73506 79602 78745 -0.0116589
69103 78236 78239 4.34135e-05
72638 79944 80170 0.00311132
72390 79026 79101 0.00103605
70909 79591 78629 -0.0135667
71046 80943 80948 7.03769e-05
71124 78147 77998 -0.00209493
73684 81466 81988 0.00708431
72933 78960 79377 0.00571758
71104 78725 78999 0.00385351
72934 80742 80598 -0.00197439
71461 79791 79547 -0.00341445
70531 78180 78085 -0.00134693
71492 79796 79859 0.000881217
71255 79658 79801 0.00200688
71711 80636 80295 -0.0047552
73206 82823 82831 0.000109281
69709 78455 78197 -0.0037011
70883 80734 80381 -0.00498004
75778 83412 83412 0
69245 78532 77948 -0.00843382
73453 80957 81035 0.0010619
73282 80041 79869 -0.0023471
71649 81167 81165 -2.79139e-05
68839 77301 77871 0.00828019
70619 80675 80658 -0.000240728
74460 81303 81303 0
72235 79708 79622 -0.00119056
71180 78308 78165 -0.00200899
69408 78274 77815 -0.00661307
73695 80785 80845 0.000814166
72348 79335 79163 -0.0023774
71903 79015 78800 -0.00299014
71502 80841 80664 -0.00247546
71351 78790 78288 -0.00703564
72196 79422 79241 -0.00250706
72373 80282 80202 -0.00110538
71096 78723 78043 -0.00956453
68593 79586 79427 -0.00231802
71028 78259 78283 0.000337895
71245 76999 76819 -0.00252649
69424 78521 79030 0.00733176
71812 81988 81988 0
71045 79941 79522 -0.00589767
72355 80135 79941 -0.00268122
72845 78918 78366 -0.00757773
72141 79306 79232 -0.00102577
69172 78527 78685 0.00228416
70268 77206 77126 -0.0011385
71169 78920 78908 -0.000168613
70546 79388 79281 -0.00151674
70889 79535 79496 -0.000550156
68860 79099 78855 -0.00354342
73114 81302 81126 -0.0024072
68522 78478 78344 -0.00195558
72730 80365 80359 -8.24969e-05
70394 79637 79327 -0.00440378
71627 82467 82199 -0.00374161
70108 79175 79187 0.000171164
74241 81921 82137 0.00290944
70192 77690 78290 0.00854798
71583 78067 77545 -0.00729223
72306 79914 79860 -0.000746826
69816 79897 79708 -0.00270712
71046 79513 79491 -0.000309659
73642 81226 81061 -0.00224057
73619 80322 80346 0.000326003
72490 79876 80076 0.002759
70481 77946 78389 0.00628538
72670 79644 79847 0.00279345
72542 80007 79823 -0.00253646
72512 80147 79731 -0.00573698
71376 78658 78513 -0.0020315
71747 79999 79969 -0.000418136
71573 78723 79007 0.00396798
73266 81556 81639 0.00113286
70951 80231 80231 0
72311 80656 80829 0.00239244
68833 77014 77155 0.00204844
71261 80133 80133 0
71035 79823 79925 0.00143591
72065 79415 79033 -0.00530077
72025 80668 80755 0.00120791
72511 79852 80013 0.00222035
73072 81441 81441 0
71970 80808 80834 0.000361262
69939 78130 78992 0.012325
71845 81019 80733 -0.00398079
71345 79871 79871 0
74336 81565 81919 0.00476216
74729 81730 81709 -0.000281015
70137 79850 79605 -0.00349316
72033 78746 80091 0.018672
74990 82218 82128 -0.00120016
73926 82494 82610 0.00156914
72361 80468 80372 -0.00132668
73736 80889 80746 -0.00193935
73753 79860 79160 -0.00949114
73245 80302 80302 0
71846 80853 81073 0.00306211
72428 79778 79322 -0.00629591
72137 80321 80205 -0.00160805
73205 79826 79698 -0.00174851
72264 80034 80115 0.00112089
70356 78675 78623 -0.000739098
69778 77832 78039 0.00296655
70428 79061 78896 -0.00234282
70357 79999 80152 0.00217462
71594 79781 80404 0.00870185
74845 83847 84042 0.00260538
70356 78552 78619 0.0009523
74007 80662 81128 0.0062967
72502 80215 79978 -0.00326888
74208 82521 82393 -0.00172488
72044 81859 81674 -0.00256788
71533 78636 78722 0.00120224
72966 79009 79193 0.00252172
71001 78754 78754 0
71670 79399 79197 -0.00281847
70055 79826 79705 -0.00172721
70912 78988 79670 0.00961755
70203 79338 79440 0.00145293
71031 78621 77608 -0.0142614
71535 79414 79440 0.000363458
72852 78583 78828 0.00336298
68607 77408 77626 0.00317752
73057 79052 79185 0.0018205
71602 80575 80611 0.000502779
73755 82323 82101 -0.00300997
70522 78586 79098 0.00726015
71843 79306 78579 -0.0101193
70802 78240 78801 0.0079235
71297 78957 78731 -0.00316984
69617 79210 79194 -0.000229829
72244 80160 80026 -0.00185483
70215 79320 79371 0.000726341
73791 82095 81459 -0.00861894
71426 78530 78660 0.00182007
71091 81274 81274 0
72032 77601 77688 0.0012078
71227 79462 79497 0.000491387
72535 81144 81848 0.00970566
73222 79821 80220 0.00544918
72297 80223 80178 -0.000622432
72272 81391 81391 0
73141 80702 80343 -0.00490833
72305 81006 81265 0.00358205
70730 79607 79561 -0.000650361
74096 79670 79625 -0.00060732
70802 79388 79517 0.00182198
72486 79173 78985 -0.0025936
73596 81175 80641 -0.00725583
71165 80935 81155 0.00309141
70973 77859 77946 0.00122582
71681 78436 78436 0
69615 79635 79656 0.000301659
68795 78480 78431 -0.000712261
68319 79094 79308 0.00313236
72011 79266 79517 0.00348558
71002 81829 81829 0
70230 78669 78465 -0.00290474
72951 78269 77750 -0.00711436
71332 79819 79975 0.00218696
71776 79054 79044 -0.000139322
69554 79621 79815 0.0027892
72329 80252 80427 0.0024195
69526 79306 79675 0.00530737
71423 79506 79970 0.00649651
68995 78076 77842 -0.00339155
73026 81908 81159 -0.0102566
72066 82083 82083 0
72643 79761 79827 0.000908553
72253 79887 79443 -0.00614507
68974 80056 79807 -0.00361006
71753 80850 80768 -0.00114281
72908 81107 80972 -0.00185165
74370 81065 80894 -0.00229931
71488 79975 79987 0.00016786
71953 79890 79959 0.000958959
73118 80810 80897 0.00118986
70256 79009 78913 -0.00136643
72572 80318 80460 0.00195668
71104 80103 80384 0.00395196
72464 80825 80709 -0.00160079
73895 82301 82129 -0.00232763
73658 81748 81749 1.35763e-05
72655 81816 81944 0.00176175
70903 78711 79463 0.010606
71312 80908 80464 -0.00622616
72752 80747 80714 -0.000453596
72176 81771 81890 0.00164875
70291 78508 78289 -0.00311562
69794 78619 78777 0.0022638
71886 80515 80517 2.78218e-05
69265 78448 78418 -0.000433119
71417 79407 80075 0.00935352
72532 80712 80110 -0.00829978
70758 79212 78370 -0.0118997
72567 80659 80362 -0.00409277
72136 79567 79041 -0.00729178
71969 81076 80964 -0.00155623
69623 79365 79042 -0.00463927
73743 81024 81024 0
71021 78950 78215 -0.0103491
72192 80341 80276 -0.000900377
73263 81579 81718 0.00189727
72036 78292 78599 0.00426176
72879 81995 81942 -0.000727233
69735 79372 79174 -0.00283932
71962 78782 79076 0.00408549
69192 79276 78788 -0.00705284
70038 80744 80813 0.000985179
69406 78577 78581 5.76319e-05
71588 80393 80635 0.00338045
71620 79726 79122 -0.0084334
69743 77617 77502 -0.00164891
71952 79374 79728 0.00491995
72840 80506 80666 0.0021966
72634 80141 80473 0.00457086
72804 80388 80388 0
71206 79369 79310 -0.000828582
71192 79111 79505 0.00553433
72924 80008 80198 0.00260545
68966 77746 77712 -0.000492997
68201 79175 78843 -0.00486796
70226 79414 78804 -0.00868624
75376 81751 81200 -0.00731002
70218 79790 79796 8.54482e-05
72625 80207 80264 0.000784854
73376 81542 81423 -0.00162178
72289 78252 78029 -0.00308484
73361 79186 79020 -0.00226278
73929 80067 80039 -0.000378742
72135 79202 79440 0.00329937
71728 79192 78918 -0.00381999
72913 80933 80905 -0.000384019
73218 79901 80317 0.00568166
73447 80636 80456 -0.00245075
72047 81466 81466 0
75127 81114 81044 -0.000931756
70056 78105 78225 0.00171292
73106 79692 80255 0.00770115
72088 79603 79738 0.00187271
73087 79856 80169 0.00428257
68492 77470 77133 -0.00492028
69011 76166 76254 0.00127516
72686 78987 78966 -0.000288914
73498 80931 80969 0.000517021
68154 78739 78997 0.00378554
74678 81998 81931 -0.000897185
72345 80329 80124 -0.00283364
71709 80317 80064 -0.00352815
70872 80527 79980 -0.00771814
69935 78127 78048 -0.00112962
70032 77839 77899 0.000856751
71473 80894 80649 -0.00342787
72020 80533 80779 0.00341572
70365 78523 78574 0.000724792
70816 78774 78847 0.00103084
71640 80968 80757 -0.00294528
74721 82506 82284 -0.00297105
70178 78835 79290 0.00648351
70977 78708 78323 -0.00542429
70615 78771 78685 -0.00121787
69949 78052 79219 0.0166836
71842 80253 80195 -0.000807327
71582 81008 80887 -0.00169037
72203 80061 79721 -0.00470895
72441 80559 80537 -0.000303695
72213 80803 81227 0.00587152
71778 79806 79341 -0.00647831
70989 79458 79656 0.00278916
68372 79433 79816 0.00560171
71108 80397 80563 0.00233448
68883 78963 78731 -0.00336803
70052 79161 79082 -0.00112773
74604 81904 81694 -0.00281486
72365 79227 78937 -0.00400746
71561 77276 77063 -0.00297648
71039 79904 79895 -0.000126691
69071 77709 77877 0.00243228
71217 80177 79684 -0.0069225
71772 81803 81309 -0.00688291
71595 80298 80342 0.000614568
70914 81771 81828 0.000803791
69454 78383 78048 -0.00482334
69523 78461 78733 0.00391237
74625 80874 80111 -0.0102245
70648 79868 79742 -0.00178349
70520 79038 78713 -0.00460862
72344 82372 82372 0
73821 81242 81130 -0.00151718
71736 79265 79723 0.00638452
73367 80855 80729 -0.00171739
71795 79856 79918 0.00086357
73480 81228 81114 -0.00155144
70836 79767 80162 0.00557626
68500 78825 78561 -0.00385401
72501 80468 80414 -0.000744817
72322 79895 80239 0.00475651
69991 79453 79381 -0.0010287
71445 78718 78546 -0.00240745
71095 81546 81626 0.00112525
71456 77884 77830 -0.00075571
72528 80993 80988 -6.89389e-05
71819 79143 79073 -0.000974672
67101 79986 79674 -0.00464971
68238 77392 77757 0.00534893
71043 80949 80785 -0.00230846
68066 79591 79213 -0.00555343
74768 82356 82072 -0.00379842
71018 78794 78788 -8.44856e-05
69484 78219 77793 -0.00613091
69129 77955 77771 -0.00266169
74190 82984 82329 -0.00882868
68641 79019 78988 -0.000451625
71307 79365 79126 -0.0033517
72616 80814 80672 -0.00195549
71056 77916 77772 -0.00202657
72556 79689 79175 -0.00708418
67922 77119 77019 -0.00147228
72166 79385 79170 -0.00297924
71509 80135 80355 0.00307654
71501 78519 78422 -0.00135662
70651 80154 80121 -0.000467085
70516 79869 78974 -0.0126922
71776 80739 80422 -0.00441652
73861 80186 79625 -0.00759535
68759 78830 78639 -0.00277782
73529 81031 81366 0.00455603
69888 78183 78613 0.0061527
71029 80877 80196 -0.00958763
69765 78771 78627 -0.00206407
73622 79514 79747 0.00316481
70644 79553 79521 -0.000452975
73513 80077 79979 -0.0013331
71905 80271 80571 0.00417217
70634 77964 77935 -0.000410567
69430 78394 78504 0.00158433
74620 80550 80661 0.00148754
71334 79758 79982 0.00314016
71422 79599 79586 -0.000182017
72467 80287 80271 -0.00022079
73159 79617 79687 0.00095682
70841 77533 77538 7.05806e-05
71729 78492 78540 0.000669185
70755 79244 79005 -0.00337785
72401 79237 80032 0.0109805
71883 81279 80958 -0.00446559
72442 81243 81507 0.00364429
69825 80088 79842 -0.00352309
72816 80271 80599 0.0045045
70588 81511 81211 -0.00425001
71470 80524 80324 -0.00279838
74378 82018 81911 -0.0014386
71255 78894 78952 0.000813978
71552 79396 79406 0.000139758
71608 80847 80718 -0.00180147
70481 78763 78855 0.00130532
71861 78756 78364 -0.00545498
69995 79705 79254 -0.00644332
69582 79289 79247 -0.000603604
70477 78204 78145 -0.000837153
72287 79999 79907 -0.0012727
72370 80022 79382 -0.00884344
71661 79961 79899 -0.000865185
70418 79496 79496 0
72111 83044 83094 0.000693375
72797 81973 81973 0
73085 80528 80629 0.00138195
71469 80938 80922 -0.000223873
71872 79315 78998 -0.00441062
70646 80102 80660 0.00789854
73051 79943 79943 0
74461 82835 82913 0.00104753
69838 79035 78968 -0.000959363
72636 81765 81853 0.00121152
73579 81198 81499 0.00409084
74120 81888 81728 -0.00215866
71760 79126 79240 0.00158863
70549 79104 78610 -0.00700223
71601 80960 81323 0.00506976
69845 80081 80135 0.000773141
72129 78749 78706 -0.000596154
72829 80125 80129 5.49232e-05
71144 79119 79422 0.00425897
70684 79528 79464 -0.000905438
71193 77259 77401 0.00199458
69293 79033 78951 -0.00118338
70339 79678 79657 -0.000298554
70717 79504 79504 0
71998 80933 81040 0.00148615
70112 80174 80370 0.00279553
75527 80124 81016 0.0118103
73003 82119 81798 -0.00439708
73057 80886 80920 0.00046539
69705 79981 80196 0.00308443
69727 77698 77787 0.00127641
71712 78269 78922 0.00910587
74817 80698 80632 -0.000882152
71930 81105 80925 -0.00250243
70278 79517 79391 -0.00179288
68712 77178 76499 -0.00988183
73642 80869 81201 0.0045083
72217 79593 80357 0.0105792
71484 80744 80535 -0.00292373
73165 81831 81513 -0.00434634
70035 79206 79433 0.00324124
73532 79844 79414 -0.00584779
72601 82433 82435 2.75478e-05
70474 78836 78695 -0.00200074
72165 79819 79449 -0.00512714
73074 80407 80161 -0.00336645
70850 79352 79003 -0.0049259
72090 81085 81222 0.0019004
73634 83732 83286 -0.00605698
72986 80878 80794 -0.00115091
71115 80947 80986 0.000548408
72456 78750 78502 -0.00342277
69812 78004 77914 -0.00128918
71665 80034 79631 -0.00562339
71752 80126 80269 0.00199298
72287 79230 79151 -0.00109287
72227 80364 80624 0.00359976
71266 81610 81767 0.00220301
72470 79654 80219 0.00779633
74089 81934 81785 -0.00201109
71191 77376 77509 0.00186821
71426 78905 78456 -0.00628623
71317 78934 79038 0.00145828
71041 79551 79784 0.0032798
73306 81365 81210 -0.00211442
72851 78996 79323 0.00448861
70755 79698 79273 -0.00600664
69312 80984 80783 -0.00289993
73169 80171 79840 -0.00452377
70711 80223 80612 0.00550127
72597 81830 81718 -0.00154276
73109 79887 79863 -0.000328277
69936 79598 78840 -0.0108385
71691 81885 81932 0.000655591
72154 79567 79026 -0.00749785
72222 80359 80871 0.00708925
74129 81370 81406 0.00048564
70610 77535 77552 0.000240759
71973 79817 79837 0.000277882
72713 82631 82346 -0.00391952
71416 80572 80566 -8.40148e-05
71216 79327 80188 0.01209
73635 80510 80512 2.7161e-05
72353 80088 80006 -0.00113333
70563 81163 81007 -0.00221079
72573 82246 81736 -0.00702741
72368 79973 79347 -0.00865023
69512 78882 78986 0.00149614
71645 79046 78856 -0.00265196
68165 78214 78591 0.0055307
70593 80426 80015 -0.00582211
69794 78574 77894 -0.00974296
70998 79142 78839 -0.00426773
72319 79443 79381 -0.000857313
71412 78871 79818 0.0132611
73019 80112 80180 0.000931264
72045 79727 79905 0.00247068
69047 80045 80133 0.00127449
71502 79439 78914 -0.00734245
70245 77232 77972 0.0105346
74190 80933 80824 -0.0014692
69694 77698 77711 0.00018653
73333 80029 80103 0.0010091
71733 78454 78435 -0.000264871
73033 81166 81118 -0.000657237
71184 79246 79170 -0.00106766
72796 79737 79709 -0.000384637
72306 80469 80389 -0.00110641
69435 78251 77810 -0.00635126
70606 79822 80002 0.00254936
71182 79815 79735 -0.00112388
73776 79666 80010 0.00466276
70317 80755 81110 0.00504857
71460 80346 79743 -0.00843829
69049 79645 79670 0.000362062
71022 77526 77533 9.8561e-05
70585 79381 79628 0.00349933
71907 80102 80102 0
71468 80065 80153 0.00123132
70134 82776 82787 0.000156843
71530 78993 79113 0.00167762
71646 79722 79817 0.00132596
75746 81904 82177 0.00360415
71320 82023 82311 0.00403814
71070 80181 80385 0.00287041
72057 80400 80047 -0.0048989
71434 78863 78519 -0.00481563
72886 80425 80523 0.00134457
72706 79096 79092 -5.50161e-05
70591 79071 78978 -0.00131745
73594 81081 81040 -0.000557111
71326 79941 79437 -0.00706615
69892 76584 76633 0.000701082
69563 77904 77711 -0.00277446
72561 79986 80122 0.00187429
72546 79793 79946 0.00210901
71333 79090 79182 0.00128973
68987 78540 78765 0.00326148
71358 79846 79853 9.80969e-05
71217 79358 79208 -0.00210624
68145 78956 78856 -0.00146746
71975 80055 79860 -0.00270927
72322 79521 79476 -0.000622217
71734 79814 79700 -0.0015892
69764 78941 78555 -0.00553294
71424 80047 80047 0
72522 79428 79349 -0.00108932
71762 80748 80591 -0.00218779
72192 80178 80182 5.54078e-05
70927 77894 78469 0.00810693
69944 78659 78559 -0.00142972
71016 78276 78303 0.000380196
70201 79319 79476 0.00223644
71864 79848 79347 -0.0069715
72016 81580 81580 0
71878 80404 80474 0.000973872
72769 81609 81695 0.00118182
71592 78774 78464 -0.00433009
70542 80960 81371 0.00582632
72409 79205 79729 0.00723667
71580 78885 78580 -0.00426097
70861 80163 79755 -0.00575775
73493 80193 80231 0.000517056
69847 78554 78248 -0.004381
74489 81102 81150 0.00064439
74906 81252 81190 -0.000827704
72684 78520 78735 0.00295801
71766 80697 80682 -0.000209013
71037 79772 79771 -1.40772e-05
71271 78673 78719 0.000645424
70559 80005 79740 -0.00375572
68555 79310 79364 0.000787689
74294 80505 80218 -0.00386303
69468 79312 78809 -0.00724074
69782 82016 82016 0
71641 81375 81257 -0.0016471
73820 82627 82309 -0.00430778
72839 79524 79529 6.86445e-05
71028 77460 77379 -0.0011404
74071 79979 79931 -0.000648027
71689 79001 79001 0
72678 80022 80332 0.00426539
72469 80502 80371 -0.00180767
70871 78125 78145 0.000282203
73764 79262 79025 -0.00321295
71765 81531 81272 -0.003609
73838 80024 80175 0.00204502
72667 81233 81233 0
70965 79445 79395 -0.000704573
71784 80385 80395 0.000139307
71840 79120 79173 0.000737751
70686 80663 80855 0.00271624
72230 80887 80908 0.000290738
71579 78839 79197 0.00500147
72989 80543 80824 0.0038499
70263 79595 79740 0.00206368
69979 79055 78895 -0.0022864
72882 80134 80417 0.00388299
71739 78571 78555 -0.000223031
71315 78868 78746 -0.00171072
71406 80092 80146 0.000756239
73085 81158 81111 -0.000643087
72496 79929 79918 -0.000151733
69814 79328 79328 0
71544 80058 79983 -0.00104831
72135 79969 79722 -0.00342414
69104 78842 78713 -0.00186675
72555 78945 78670 -0.00379023
70599 80785 80237 -0.00776215
71453 80063 80417 0.00495431
72899 79868 79468 -0.00548704
72017 78425 78614 0.00262438
70980 80031 80094 0.000887574
70046 79278 79379 0.00144191
70876 81321 81231 -0.00126982
70237 80050 79599 -0.00642112
73177 78844 78773 -0.00097025
72272 78642 78800 0.00218619
72843 79133 79091 -0.000576583
73200 81335 81667 0.00453552
69977 78655 78166 -0.00698801
69487 79147 79299 0.00218746
71347 81143 81048 -0.00133152
68107 77952 78011 0.000866284
69887 80235 79772 -0.00662498
70829 79012 78679 -0.00470146
72359 80820 80291 -0.00731077
72565 80259 80330 0.000978433
70632 80987 80939 -0.000679579
72946 80362 80275 -0.00119266
70752 79823 79392 -0.0060917
72655 81187 80916 -0.00372996
71685 79731 79731 0
70469 79256 79229 -0.000383147
71058 80981 80787 -0.00273016
70888 79771 79989 0.00307527
71272 78505 78408 -0.00136098
70993 79694 79651 -0.000605694
71616 79901 79932 0.000432864
70578 79970 80208 0.00337216
71218 79060 78849 -0.00296273
74357 82091 81864 -0.00305284
73381 82094 82049 -0.000613238
70547 78523 77857 -0.00944051
69454 79551 79863 0.00449218
73241 80225 80646 0.00574815
71519 79492 79611 0.00166389
69969 78441 78388 -0.000757478
73506 81265 81561 0.00402688
73551 79837 79962 0.0016995
72797 81422 81725 0.00416226
69533 79284 78751 -0.00766543
72408 78967 78979 0.000165728
72578 81576 81170 -0.00559398
69102 78895 78598 -0.00429799
71584 78526 77794 -0.0102257
70735 81296 81330 0.000480667
72379 80562 80636 0.0010224
69463 80590 80724 0.00192908
74905 82233 82171 -0.000827715
71340 81293 80911 -0.00535464
70584 80204 80204 0
69588 77247 77726 0.00688337
72113 78850 78850 0
70157 80969 80501 -0.00667075
73588 80917 80385 -0.00722944
74212 79670 79444 -0.00304533
72301 79256 79649 0.00543561
72927 82054 82007 -0.00064448
70040 79273 79074 -0.00284123
71464 79713 78960 -0.0105368
73780 82556 82527 -0.00039306
72541 82799 82799 0
71520 78686 78771 0.00118848
70890 79341 79494 0.00215827
72983 80856 80451 -0.00554924
71619 79734 79928 0.00270878
72788 79312 79186 -0.00173105
71549 77476 77915 0.00613566
69149 76776 76415 -0.00522061
70548 78397 78804 0.00576912
72561 80467 80622 0.00213613
71805 80767 80767 0
72326 81388 81365 -0.000318005
71412 80741 80578 -0.00228253
74044 80572 80130 -0.00596942
68685 79378 79415 0.000538691
70286 80654 80852 0.00281706
73382 80702 80798 0.00130822
71727 80645 80974 0.00458684
74558 81666 81668 2.68248e-05
70853 79770 79784 0.000197592
73324 80610 80530 -0.00109105
72998 80074 80074 0
72632 79427 78671 -0.0104086
72911 81265 80865 -0.00548614
74189 82306 82339 0.00044481
71158 81027 80942 -0.00119452
71451 78666 78859 0.00270115
70377 80085 80301 0.00306918
70843 79628 79427 -0.00283726
73376 82058 81792 -0.00362516
69317 77936 77620 -0.00455877
72342 80758 80669 -0.00123027
71216 80525 80371 -0.00216244
70342 79423 79705 0.00400898
69460 80253 80331 0.00112295
72893 79489 79489 0
70841 78380 78691 0.00439011
71208 79189 79171 -0.000252781
69087 78332 78285 -0.000680302
71108 79836 79625 -0.00296732
70862 78810 78934 0.00174988
72202 80310 80236 -0.0010249
67977 78877 78877 0
71979 80890 80706 -0.0025563
71370 79558 79564 8.40689e-05
71527 78523 78744 0.00308974
72461 78522 78217 -0.00420916
70269 78716 79179 0.00658897
71776 80314 80181 -0.00185299
72060 78882 78994 0.00155426
70452 79478 79407 -0.00100778
73458 81783 81940 0.00213728
72524 80314 80515 0.0027715
70449 79256 79049 -0.0029383
73453 80541 80614 0.000993833
72376 81188 80942 -0.00339892
68819 80367 80026 -0.00495503
73860 81127 81629 0.00679664
71081 80233 80233 0
70585 78566 78473 -0.00131756
71595 80868 80960 0.00128501
73081 80940 81106 0.00227145
71243 81239 80622 -0.0086605
72703 79531 79619 0.0012104
71895 79436 79387 -0.000681549
72183 80459 80431 -0.000387903
73209 80558 81099 0.0073898
70954 79558 79736 0.00250867
72540 79991 80116 0.00172319
71666 79887 79586 -0.00420004
72189 78460 77773 -0.00951669
71112 79244 79254 0.000140623
74783 81525 81626 0.00135057
71249 78134 78099 -0.000491235
73465 81911 81911 0
68587 79578 79693 0.0016767
69762 78380 77819 -0.00804163
72779 80395 80096 -0.00410833
70829 79616 79798 0.00256957
70894 80058 80109 0.000719384
71433 78452 78469 0.000237985
