35649 40281 40276 -0.000140256
35610 39536 39522 -0.000393148
37121 40851 40956 0.00282859
34807 40343 39989 -0.0101704
36192 40668 40510 -0.00436561
35452 40210 40116 -0.00265147
37079 41626 41404 -0.00598722
35317 41358 41374 0.00045304
36565 40240 40292 0.00142212
35714 39200 39033 -0.00467604
36737 40726 40708 -0.000489969
35437 40474 40424 -0.00141095
36072 39635 40155 0.0144156
35950 40865 40865 0
36301 40622 40492 -0.00358117
36162 41002 41002 0
37470 41313 41497 0.0049106
36098 40908 40179 -0.020195
35501 39656 39519 -0.00385905
35847 40929 40817 -0.00312439
37130 40901 40703 -0.00533262
36961 41149 41149 0
35889 39326 39737 0.011452
36408 40447 40486 0.00107119
36445 40213 40316 0.00282618
36702 40565 40626 0.00166203
36952 41093 40939 -0.00416757
36658 40479 40475 -0.000109117
36432 40855 40838 -0.000466623
35768 40204 40233 0.000810781
36563 40944 40951 0.00019145
35619 39609 39338 -0.0076083
37238 40226 40362 0.00365218
36012 39163 39339 0.00488726
35427 40052 39985 -0.00189121
35791 39724 39951 0.00634238
35289 40234 39999 -0.0066593
37046 41237 41261 0.000647843
35570 40847 40506 -0.00958673
35730 39681 39797 0.00324657
37515 41479 41532 0.00141277
37019 40150 40283 0.00359275
37791 41010 41013 7.9384e-05
36183 40788 40886 0.00270845
35329 39380 39434 0.00152849
38100 41495 41363 -0.00346457
36174 40352 40276 -0.00210096
36940 41206 41243 0.00100162
37692 40466 40756 0.00769394
35492 39685 39689 0.000112701
35893 39923 39640 -0.00788455
36194 39978 39757 -0.00610598
35824 39636 39610 -0.00072577
36177 39931 39992 0.00168615
36675 40643 40682 0.00106339
37172 40658 40537 -0.00325514
35875 40307 40126 -0.0050453
37866 41022 40935 -0.00229758
35659 40573 40488 -0.00238369
35936 40003 39815 -0.00523152
36234 39988 40091 0.00284263
36151 40096 40142 0.00127244
36334 40161 39995 -0.00456872
36612 40587 40665 0.00213045
35781 40269 40269 0
36921 40619 40547 -0.00195011
35589 40852 40768 -0.00236028
36165 40371 40184 -0.00517075
35204 39381 39228 -0.0043461
36439 40498 40573 0.00205823
35492 39874 39835 -0.00109884
35820 39702 39540 -0.00452261
35820 40848 40883 0.000977108
35560 40393 40502 0.00306524
35998 40370 40354 -0.000444469
35922 39844 40004 0.00445409
35292 40009 40159 0.00425026
36314 40415 40450 0.000963816
38093 41799 41842 0.00112882
36145 40870 41053 0.00506294
35207 39432 39457 0.000710086
35972 39789 39818 0.000806183
37277 39295 39323 0.000751133
35117 39065 38996 -0.00196486
36117 40595 40595 0
36225 40649 40590 -0.00162871
34960 39475 39351 -0.00354691
37158 41666 41672 0.000161473
36528 41108 41140 0.00087604
36418 41148 40645 -0.0138119
36626 41604 41573 -0.000846393
36218 40071 40080 0.000248495
35771 40544 40351 -0.00539543
36727 39964 39776 -0.00511885
36308 40256 40331 0.00206566
35700 39529 39528 -2.80112e-05
36512 39594 39512 -0.00224584
37136 41058 41077 0.000511633
36011 39930 39899 -0.000860848
35837 38790 38687 -0.00287412
36760 40654 40503 -0.00410773
36758 40412 40513 0.0027477
37807 40937 40931 -0.000158701
36065 40493 40471 -0.00061001
35699 40738 40746 0.000224096
37886 41437 41311 -0.00332577
36114 39842 40170 0.00908235
36719 40384 40493 0.00296849
35520 40205 40302 0.00273086
36473 40637 40637 0
37639 40447 40508 0.00162066
34742 39235 38967 -0.00771401
36782 41585 41555 -0.000815616
34849 40239 40422 0.00525123
35613 39981 40093 0.00314492
34364 39477 39562 0.00247352
36637 39895 39600 -0.00805197
36334 40948 40560 -0.0106787
37539 41051 41028 -0.000612696
36703 39881 39831 -0.00136229
36824 40591 40779 0.00510537
35630 39893 40234 0.00957059
37041 40892 40887 -0.000134986
35557 39789 39672 -0.00329049
35788 40636 40494 -0.00396781
36831 39990 39846 -0.00390975
34759 39758 39787 0.000834316
35784 39738 39967 0.00639951
36895 40155 40223 0.00184307
36600 40955 40904 -0.00139344
36795 40368 40649 0.00763691
37717 40562 40616 0.00143172
37090 40517 40616 0.00266918
36274 40295 40323 0.000771903
35540 40830 40804 -0.00073157
36138 40082 40301 0.0060601
36768 41244 41222 -0.000598346
36700 41126 41311 0.00504087
35615 40330 40345 0.000421171
36941 40509 40059 -0.0121816
35540 39545 39338 -0.00582442
35336 39970 39950 -0.000565995
34092 38990 39034 0.00129063
35809 40121 39990 -0.0036583
35219 40095 40116 0.000596269
35548 40557 40863 0.00860808
36152 40462 40861 0.0110367
33721 39174 39236 0.00183862
35366 40641 40594 -0.00132896
36187 39511 39460 -0.00140935
35549 39747 39691 -0.00157529
35738 39937 39873 -0.00179081
35608 40151 40021 -0.00365086
36118 39524 39574 0.00138435
35627 39956 39959 8.42058e-05
36784 39934 40069 0.00367007
35704 39058 39033 -0.000700202
36383 40158 40151 -0.000192398
36555 40339 40342 8.20681e-05
36560 39379 39360 -0.000519694
36326 40315 40157 -0.0043495
36946 40524 40555 0.000839062
35934 40416 40344 -0.00200367
36533 40494 40150 -0.00941614
35373 40352 40264 -0.00248777
37101 40571 40675 0.00280316
35171 40715 40664 -0.00145006
36169 40852 40852 0
36121 40187 40204 0.00047064
35632 40477 40166 -0.00872811
34815 39702 39548 -0.00442338
37296 40863 40965 0.00273488
35328 40153 40130 -0.000651042
35788 39342 39374 0.000894154
36483 40394 40654 0.00712661
37383 41462 40818 -0.0172271
36632 40089 40157 0.0018563
36929 39830 39854 0.000649896
35859 40137 39942 -0.00543797
36182 40178 40068 -0.00304019
36619 41660 41484 -0.00480625
37056 40435 40509 0.00199698
36708 40506 40279 -0.00618394
36010 40361 40247 -0.00316579
36164 41077 40982 -0.00262692
36656 41541 41628 0.00237342
35161 39829 39795 -0.00096698
34876 38616 38584 -0.000917536
35417 39825 39795 -0.000847051
37364 41197 41149 -0.00128466
36483 40677 40713 0.000986761
36964 40009 40009 0
36572 39881 40065 0.00503117
36718 41074 41050 -0.00065363
36347 40990 41086 0.00264121
36106 40092 39777 -0.00872431
36060 40636 40348 -0.00798669
35267 38904 39016 0.00317577
35600 39199 39211 0.000337079
35505 39639 39819 0.00506971
36728 41232 41135 -0.00264104
35885 40653 40725 0.00200641
36654 40493 40502 0.000245539
35240 40377 40358 -0.00053916
36459 41178 41178 0
36353 40165 39973 -0.00528154
36382 40336 40465 0.00354571
36241 40530 40432 -0.00270412
34945 39241 39246 0.000143082
35928 39404 39490 0.00239368
35996 38891 38855 -0.00100011
36305 41290 41093 -0.00542625
36041 40061 40061 0
36966 41257 41268 0.000297571
36761 40883 40907 0.000652866
35581 39847 39765 -0.0023046
35403 40637 40263 -0.0105641
35564 39843 39752 -0.00255877
37438 39998 40020 0.000587638
36873 40418 40500 0.00222385
36539 40275 40357 0.00224418
35524 40135 40109 -0.0007319
36324 41529 41500 -0.00079837
34370 38832 38669 -0.00474251
35902 40868 40868 0
35444 40136 40199 0.00177745
34871 39693 39535 -0.00453099
35816 40115 40017 -0.00273621
35923 39995 40121 0.0035075
36190 40167 40651 0.0133739
36028 40098 40065 -0.000915954
36550 41071 40949 -0.00333789
36853 41266 41332 0.0017909
35779 39580 39703 0.00343777
35965 40252 40585 0.009259
35006 39258 39398 0.00399931
36123 40681 40681 0
36378 40669 40681 0.00032987
36197 40359 40359 0
37487 40838 40832 -0.000160055
36943 40153 40020 -0.00360014
37105 40950 41059 0.00293761
35414 39821 39821 0
36031 40136 40111 -0.000693847
36607 41254 41254 0
36482 41262 41204 -0.00158983
35275 39565 39668 0.00291991
35414 40048 39915 -0.00375558
35593 40553 40334 -0.0061529
35992 40076 39982 -0.00261169
35872 39941 39915 -0.000724799
36156 40282 40475 0.00533798
36330 40629 40469 -0.00440407
34757 39339 39176 -0.0046897
35720 39102 39504 0.0112542
38091 40821 40864 0.00112888
36247 41057 40954 -0.00284161
36623 40902 40912 0.000273052
34775 39900 39928 0.000805176
36034 39891 40012 0.00335794
36542 40296 40124 -0.00470691
35953 41038 41038 0
36779 40013 39826 -0.00508442
35621 39281 39073 -0.00583925
36826 41380 41219 -0.00437191
34291 39670 39602 -0.00198303
36235 40036 40425 0.0107355
35414 39329 39435 0.00299317
35796 40148 40171 0.00064253
35620 38861 38795 -0.00185289
37033 40505 40415 -0.00243026
35786 39345 39546 0.00561672
35987 39211 39185 -0.000722483
35791 40085 40035 -0.001397
37764 40921 41572 0.0172386
36622 40987 40984 -8.1918e-05
37002 40171 40547 0.0101616
34567 39658 39145 -0.0148407
36308 40902 40727 -0.00481987
36054 40212 40124 -0.00244078
37120 40139 39753 -0.0103987
34896 39496 39504 0.000229253
36676 40355 40467 0.00305377
36561 39901 39941 0.00109406
35809 40172 39696 -0.0132927
35881 40868 40863 -0.00013935
35907 39445 39379 -0.00183808
37206 41128 41395 0.00717626
36825 39969 40075 0.00287848
35909 39725 39897 0.00478989
36828 40870 40689 -0.00491474
36074 40308 40224 -0.00232855
35886 40312 40332 0.00055732
36099 40279 40312 0.000914153
35988 40229 40296 0.00186173
36220 40714 40542 -0.00474876
36971 41772 41775 8.11447e-05
35197 39616 39474 -0.00403443
35774 40747 40564 -0.00511545
38249 42102 42102 0
34960 39616 39361 -0.00729405
37082 40865 40906 0.00110566
36997 40085 40322 0.00640592
36163 40964 40958 -0.000165915
34760 39082 39358 0.00794016
35648 40717 40709 -0.000224417
37617 41055 41055 0
36465 40196 40192 -0.000109694
35938 39494 39458 -0.00100173
35068 39544 39316 -0.00650165
37206 40768 40923 0.00416599
36544 40065 39979 -0.00235333
36304 39863 39789 -0.00203834
36095 40806 40502 -0.00842222
36048 39665 39537 -0.00355082
36456 39984 40007 0.000630898
36546 40522 40481 -0.00112187
35901 39739 39406 -0.00927551
34637 40180 40101 -0.0022808
35862 39491 39519 0.000780771
35979 38879 38789 -0.00250146
35052 39643 39900 0.00733196
36253 41404 41404 0
35859 40339 40307 -0.000892384
36528 40486 40346 -0.00383268
36804 39863 39581 -0.00766221
36405 40006 39966 -0.00109875
34931 39378 39719 0.0097621
35500 39161 38992 -0.00476056
35944 39843 39850 0.000194747
35639 40089 39875 -0.00600466
35806 40168 40149 -0.000530637
34795 39955 39828 -0.00364995
36926 41058 40952 -0.00287061
34611 39623 39559 -0.00184912
36719 40590 40568 -0.000599145
35567 40217 40054 -0.0045829
36144 41601 41412 -0.00522908
35406 39973 39981 0.00022595
37499 41354 41472 0.00314675
35468 39236 39534 0.00840194
36135 39378 39583 0.00567317
36507 40342 40315 -0.000739584
35251 40268 39743 -0.0148932
35888 40150 40146 -0.000111458
37169 41000 40915 -0.00228685
37154 40536 40545 0.000242235
36596 40370 40427 0.00155755
35586 39583 39572 -0.00030911
36681 40198 40305 0.00291704
36626 40385 40292 -0.00253918
36597 40408 40240 -0.00459054
36065 39727 39659 -0.00188548
36264 40414 40399 -0.000413633
36139 39744 39884 0.00387393
37001 41165 41213 0.00129726
35831 40498 40498 0
36517 40718 40806 0.00240984
34781 38901 38974 0.00209885
35968 40426 40238 -0.00522687
35873 40354 40354 0
36372 40070 39887 -0.00503134
36374 40724 40767 0.00118216
36608 40458 40423 -0.000956075
36893 40982 41111 0.0034966
36359 40816 40816 0
35326 39446 39724 0.00786956
36289 40761 40752 -0.000248009
36023 40310 40310 0
37524 41381 41339 -0.00111928
37700 41229 41217 -0.000318302
35419 40316 40192 -0.00350095
36364 39757 40430 0.0185073
37858 41485 41408 -0.00203392
37315 41743 41687 -0.00150074
36556 40636 40585 -0.00139512
37219 40830 40760 -0.00188076
37246 40308 39959 -0.00937013
36976 40531 40531 0
36276 40822 40844 0.000606462
36589 40288 40059 -0.00625871
36431 40555 40555 0
36947 40282 40236 -0.00124503
36492 40408 40551 0.00391867
35523 39709 39684 -0.000703769
35234 39293 39387 0.00266788
35546 39898 39816 -0.00230687
35527 40359 40319 -0.0011259
36160 40292 40598 0.00846239
37784 42316 42411 0.00251429
35538 39658 39699 0.00115369
37360 40885 40946 0.00163276
36605 40490 40365 -0.00341483
37453 41508 41546 0.0010146
36376 41322 41228 -0.00258412
36127 39707 39759 0.00143937
36822 39874 39949 0.00203683
35847 39750 39750 0
36194 40098 39992 -0.00292866
35358 40201 40213 0.000339386
35806 39876 40218 0.00955147
35458 40098 40110 0.000338429
35859 39689 39182 -0.0141387
36108 40182 40120 -0.00171707
36802 39661 39759 0.0026629
34654 39059 39211 0.00438622
36878 39907 39972 0.00176257
36150 40678 40696 0.000497925
37219 41539 41430 -0.00292861
35612 39694 39951 0.00721667
36294 40019 39688 -0.00911996
35766 39510 39800 0.00810826
36002 39854 39739 -0.00319427
35154 39987 39991 0.000113785
36471 40456 40387 -0.00189191
35443 40035 40055 0.000564286
37252 41423 41104 -0.0085633
36065 39654 39719 0.0018023
35878 41028 41018 -0.000278722
36373 39180 39226 0.00126467
35960 40110 40128 0.000500556
36618 40956 41316 0.00983123
36960 40295 40492 0.00533009
36510 40523 40479 -0.00120515
36487 41082 41082 0
36924 40744 40557 -0.00506446
36502 40893 41025 0.00361624
35723 40164 40400 0.00660639
37410 40301 40189 -0.00299385
35756 40069 40139 0.00195771
36601 39972 39880 -0.00251359
37132 40960 40960 0
35931 40955 40969 0.000389636
35841 39298 39342 0.00122764
36197 39597 39597 0
35156 40199 40329 0.0036978
34746 39602 39637 0.00100731
34506 39924 40030 0.00307193
36354 40018 40032 0.000385102
35870 41331 41331 0
35466 39724 39608 -0.00327074
36844 39456 39258 -0.00537401
36029 40306 40384 0.00216492
36233 39898 39889 -0.000248392
35126 40235 40299 0.00182201
36523 40508 40529 0.00057498
35106 40036 40219 0.00521278
36067 40435 40373 -0.00171902
34841 39417 39428 0.00031572
36864 41223 40765 -0.012424
36386 41336 41437 0.00277579
36676 40269 40304 0.000954303
36466 40257 40088 -0.00463445
34829 40271 40442 0.0049097
36225 40672 40765 0.00256729
36806 40909 40868 -0.00111395
37552 40923 40921 -5.32595e-05
36092 40381 40379 -5.54139e-05
36324 40334 40367 0.00090849
36921 40913 40840 -0.00197719
35470 39887 39837 -0.00140964
36646 40558 40533 -0.000682203
35912 40440 40576 0.00378703
36589 40797 40739 -0.00158518
37284 41525 41440 -0.0022798
37173 41247 41246 -2.69012e-05
36674 41285 41348 0.00171784
35820 39804 40129 0.00907314
35986 40830 40606 -0.00622464
36738 40771 40755 -0.000435516
36463 41290 41350 0.0016455
35500 39635 39582 -0.00149296
35226 39674 39756 0.00232783
36291 40634 40671 0.00101954
34977 39460 39526 0.00188695
36058 40088 40429 0.00945699
36614 40735 40430 -0.00833015
35747 40013 39617 -0.0110779
36636 40716 40563 -0.00417622
36427 40174 39914 -0.00713756
36354 40938 40883 -0.0015129
35147 40051 39965 -0.00244687
37223 40884 40857 -0.000725358
35861 39845 39470 -0.010457
36460 40555 40524 -0.000850247
37010 41156 41270 0.00308025
36411 39564 39712 0.00406471
36789 41374 41395 0.000570823
35229 40082 39990 -0.00261148
36331 39765 39910 0.00399108
34931 40026 39776 -0.00715697
35370 40750 40788 0.00107436
35063 39677 39682 0.0001426
36162 40596 40717 0.00334605
36147 40220 39924 -0.00818878
35248 39214 39292 0.00221289
36339 40078 40012 -0.00181623
36800 40745 40745 0
36667 40501 40613 0.00305452
36756 40565 40669 0.00282947
35942 39876 40027 0.00420121
35937 39937 40134 0.00548182
36824 40392 40486 0.00255268
34828 39246 39295 0.00140691
34449 39866 39706 -0.00464455
35468 40111 39686 -0.0119826
38038 41264 41052 -0.00557337
35463 40286 40289 8.45952e-05
36660 40487 40515 0.000763775
37034 41158 41173 0.000405033
36506 39508 39395 -0.00309538
37040 39700 39856 0.00421166
37333 40427 40407 -0.000535719
36420 39969 40084 0.00315761
36229 39962 40107 0.00400232
36820 40856 40853 -8.14775e-05
36968 40334 40543 0.00565354
37079 40660 40608 -0.00140241
36350 41097 41097 0
37926 40943 40905 -0.00100195
35377 39407 39499 0.00260056
36919 40233 40520 0.00777378
36402 40189 40254 0.00178562
36898 40482 40418 -0.00173451
34592 39109 38941 -0.00485661
34870 38459 38504 0.00129051
36705 39688 39857 0.00460428
37117 40666 40940 0.00738206
34418 39731 39684 -0.00136556
37704 41379 41349 -0.000795672
36521 40544 40438 -0.00290244
36200 40537 40407 -0.00359116
35788 40716 40527 -0.0052811
35325 39407 39422 0.000424628
35353 39292 39305 0.00036772
36108 40847 40722 -0.00346184
36356 40660 40745 0.00233799
35543 39649 39670 0.000590834
35752 39749 39787 0.00106288
36168 40877 40766 -0.00306901
37707 41638 41523 -0.00304983
35449 39995 40046 0.00143869
35840 39725 39532 -0.00538504
35672 39790 39749 -0.00114936
35304 39390 39989 0.0169669
36266 40503 40390 -0.00311587
36135 40883 40830 -0.00146672
36457 40374 40252 -0.00334641
36582 40635 40648 0.000355366
36450 40915 40999 0.00230453
36234 40286 40047 -0.00659601
35861 40113 40213 0.00278854
34526 40097 40290 0.00558999
35898 40571 40655 0.00233996
34792 39878 39756 -0.00350655
35378 39957 39920 -0.00104585
37655 41332 41224 -0.00286815
36532 39994 39938 -0.0015329
36144 39009 38900 -0.00301571
35866 40331 40322 -0.000250934
34887 39233 39310 0.00220713
35950 40464 40464 0
36217 41268 41013 -0.00704089
36146 40535 40549 0.000387318
35807 41272 41293 0.000586478
35076 39591 39409 -0.00518873
35103 39809 39751 -0.00165228
37686 40837 40450 -0.0102691
35683 40327 40268 -0.00165345
35614 39918 39752 -0.00466109
36524 41580 41580 0
37262 41007 40947 -0.00161022
36235 40030 40283 0.0069822
37030 40800 40733 -0.00180934
36253 40307 40337 0.000827518
37093 40964 40932 -0.000862696
35757 40252 40445 0.00539754
34595 39793 39667 -0.00364214
36613 40630 40602 -0.000764756
36519 40322 40496 0.00476464
35338 40094 40077 -0.000481069
36077 39741 39665 -0.00210661
35901 41175 41156 -0.000529233
36076 39306 39282 -0.000665262
36630 40893 40961 0.0018564
36282 39976 39931 -0.00124028
33882 40361 40206 -0.0045747
34473 39082 39156 0.00214661
35872 40848 40798 -0.00139384
34372 40182 39992 -0.00552776
37730 41547 41406 -0.00373708
35867 39739 39789 0.00139404
35101 39497 38966 -0.0151278
34920 39224 39532 0.00882016
37453 41883 41686 -0.00525993
34657 39876 39858 -0.000519376
36011 40073 39957 -0.00322124
36680 40813 40742 -0.00193566
35879 39333 39262 -0.00197887
36647 40226 40311 0.00231943
34306 38945 38895 -0.00145747
36423 40059 39958 -0.00277297
36113 40441 40559 0.00326752
36086 39734 39575 -0.00440614
35660 40290 40454 0.00459899
35592 40309 40139 -0.00477635
36219 40746 40591 -0.00427952
37311 40405 40199 -0.00552116
34719 39788 39698 -0.00259224
37121 40893 41060 0.0044988
35284 39475 39693 0.00617844
35852 40811 40468 -0.00956711
35234 39777 39623 -0.00437078
37158 40185 40232 0.00126487
35679 40170 40153 -0.000476471
37118 40420 40375 -0.00121235
36311 40571 40627 0.00154223
35673 39369 39334 -0.000981134
35080 39600 39648 0.0013683
37678 40668 40726 0.00153936
36031 40272 40385 0.00313619
36075 40193 40025 -0.00465696
36604 40543 40532 -0.000300514
36949 40194 40241 0.00127202
35770 39144 39151 0.000195695
36229 39713 39647 -0.00182175
35729 40004 39880 -0.00347057
36546 39990 40384 0.0107809
36300 40930 40871 -0.00162534
36577 41016 41154 0.00377286
35245 40397 40294 -0.0029224
36779 40534 40695 0.0043775
35648 41082 41124 0.00117819
36080 40645 40547 -0.00271619
37557 41378 41350 -0.000745533
35997 39897 39868 -0.000805623
36133 40086 40089 8.30266e-05
36153 40808 40619 -0.00522778
35599 39771 39816 0.00126408
36276 39756 39561 -0.00537545
35350 40234 40009 -0.00636492
35134 40029 40002 -0.000768486
35590 39474 39453 -0.000590053
36484 40368 40323 -0.00123342
36531 40395 40175 -0.00602228
36169 40363 40329 -0.000940032
35553 39981 40123 0.00399404
36392 41903 41928 0.000686964
36743 41387 41387 0
36914 40673 40695 0.00059598
36067 40845 40840 -0.000138631
36304 40051 39897 -0.00424196
35668 40436 40722 0.00801839
36885 40365 40365 0
37573 41765 41833 0.00180981
35281 39921 39884 -0.00104872
36690 41288 41327 0.00106296
37156 41019 41135 0.00312197
37431 41383 41261 -0.00325933
36230 39955 39988 0.000910847
35618 39932 39754 -0.00499747
36155 40880 41058 0.00492325
35272 40438 40467 0.000822182
36410 39788 39764 -0.00065916
36787 40464 40320 -0.00391443
35932 39952 40103 0.00420238
35696 40182 40141 -0.00114859
35961 39015 39085 0.00194655
34996 39893 39851 -0.00120014
35510 40196 40158 -0.00107012
35703 40129 40129 0
36361 40726 40912 0.00511537
35396 40466 40561 0.00268392
38135 40461 40803 0.00896814
36851 41308 41284 -0.000651271
36898 40831 40854 0.00062334
35188 40371 40476 0.00298397
35231 39247 39289 0.00119213
36215 39513 39845 0.00916747
37773 40734 40679 -0.00145607
36325 40941 40850 -0.00250516
35473 40130 40132 5.63809e-05
34684 38960 38615 -0.00994695
37172 40822 40984 0.00435812
36468 40160 40563 0.0110508
36091 40751 40647 -0.0028816
36942 41233 41146 -0.00235504
35356 39976 40095 0.00336577
37122 40297 40090 -0.00557621
36647 41606 41602 -0.000109149
35593 39806 39728 -0.00219144
36445 40295 40114 -0.00496639
36890 40589 40464 -0.00338845
35769 40045 39872 -0.00483659
36411 40970 40926 -0.00120843
37169 42255 42032 -0.00599962
36850 40818 40778 -0.00108548
35905 40868 40886 0.000501323
36575 39739 39585 -0.00421053
35265 39381 39338 -0.00121934
36172 40407 40189 -0.00602676
36232 40449 40516 0.00184919
36508 40098 39964 -0.00367043
36470 40567 40650 0.00227584
35969 41106 41273 0.00464289
36614 40505 40505 0
37404 41358 41273 -0.00227248
35950 39064 39130 0.00183588
36060 39798 39604 -0.00537992
36026 39858 39911 0.00147116
35887 40167 40284 0.00326023
36999 41068 40991 -0.00208114
36777 39865 40032 0.00454088
35731 40229 39928 -0.00842406
35008 40893 40848 -0.00128542
36944 40436 40304 -0.00357298
35689 40483 40672 0.00529575
36651 41301 41250 -0.0013915
36908 40329 40318 -0.000298038
35322 40171 39793 -0.0107015
36189 41363 41359 -0.000110531
36419 40164 39885 -0.00766084
36440 40554 40812 0.00708013
37431 41028 41105 0.00205712
35665 39154 39154 0
36351 40309 40314 0.000137548
36714 41753 41557 -0.00533856
36072 40626 40664 0.00105345
35963 40056 40500 0.012346
37172 40639 40641 5.38039e-05
36532 40375 40381 0.00016424
35624 40963 41013 0.00140355
36648 41519 41269 -0.00682165
36542 40224 40242 0.000492584
35111 39956 39870 -0.00244937
36170 39918 39800 -0.00326237
34428 39624 39651 0.000784245
35657 40622 40412 -0.00588945
35237 39657 39533 -0.00351903
35855 39954 39797 -0.00437875
36533 39952 40088 0.00372266
36052 39824 40302 0.0132586
36860 40587 40474 -0.00306565
36393 40255 40353 0.00269283
34869 40421 40468 0.0013479
36103 40088 39827 -0.00722932
35475 38992 38926 -0.00186047
37451 40849 40793 -0.00149529
35200 39238 39248 0.000284091
37026 40407 40435 0.000756225
36228 39606 39591 -0.000414044
36868 40963 40938 -0.000678095
35951 40010 39841 -0.00470084
36756 40250 40239 -0.000299271
36513 40622 40575 -0.00128721
35084 39518 39301 -0.00618516
35658 40292 40448 0.00437489
35941 40291 40260 -0.000862525
37246 40220 40389 0.0045374
35502 40670 40884 0.00602783
36075 40557 40249 -0.00853777
34872 40207 40220 0.000372792
35867 39146 39145 -2.78808e-05
35636 40076 40187 0.00311483
36315 40434 40434 0
36095 40069 40467 0.0110265
35412 41813 41813 0
36147 39899 39957 0.00160456
36186 40247 40298 0.00140938
38221 41326 41470 0.00376756
36007 41397 41534 0.00380482
35897 40502 40589 0.0024236
36378 40563 40412 -0.00415086
36078 39713 39646 -0.00185709
36787 40599 40645 0.00125044
36730 39948 39952 0.000108903
35633 39861 39871 0.000280639
37161 40936 40915 -0.000565109
36016 40353 40328 -0.000694136
35300 38670 38716 0.00130312
35135 39340 39240 -0.00284616
36651 40277 40170 -0.00291943
36631 40277 40356 0.00215664
35995 40055 39963 -0.00255591
34843 39652 39820 0.00482163
36041 40318 40314 -0.000110985
35964 39972 40078 0.00294739
34423 39871 39821 -0.00145252
36350 40432 40326 -0.00291609
36510 40143 39991 -0.00416324
36221 40290 40230 -0.0016565
35253 39793 39675 -0.00334723
36059 40412 40402 -0.000277323
36630 40102 40143 0.0011193
36234 40774 40691 -0.00229067
36452 40476 40476 0
35817 39327 39621 0.00820839
35328 39721 39688 -0.000934103
35856 39522 39527 0.000139447
35429 40018 40097 0.00222981
36294 40323 40172 -0.00416047
36355 41172 41172 0
36310 40614 40651 0.001019
36756 41207 41250 0.00116988
36160 39868 39620 -0.00685841
35617 41022 41062 0.00112306
36571 39993 39962 -0.000847666
36162 39862 39717 -0.00400973
35770 40451 40393 -0.00162147
37105 40472 40373 -0.0026681
35272 39666 39507 -0.00450782
37615 40940 40965 0.000664628
37830 41036 41008 -0.000740153
36694 39511 39739 0.00621355
36228 40759 40733 -0.000717677
35880 40251 40277 0.000724638
35996 39725 39748 0.00063896
35628 40383 40430 0.00131919
34621 40037 40067 0.000866526
37503 40633 40492 -0.0037597
35094 40062 39810 -0.00718071
35229 41390 41390 0
36177 41070 41015 -0.0015203
37278 41716 41647 -0.00185096
36772 40146 40148 5.43892e-05
35885 39130 39088 -0.00117041
37396 40373 40348 -0.000668521
36199 39886 39886 0
36703 40399 40554 0.00422309
36595 40594 40556 -0.00103839
35787 39435 39443 0.000223545
37239 39853 39891 0.00102044
36229 41147 41024 -0.00339507
37273 40386 40467 0.00217315
36679 40993 40993 0
35846 40127 40102 -0.000697428
36247 40541 40581 0.00110354
36273 39950 39979 0.000799493
35695 40759 40820 0.00170892
36476 40836 40846 0.000274153
36160 39815 40000 0.00511615
36849 40656 40799 0.0038807
35481 40194 40265 0.00200107
35343 39912 39835 -0.00217865
36796 40528 40606 0.0021198
36227 39659 39651 -0.00022083
36025 39839 39836 -8.32755e-05
36057 40430 40454 0.000665613
36890 40962 40944 -0.000487937
36592 40339 40329 -0.000273284
35248 40049 40040 -0.000255334
36130 40542 40390 -0.00420703
36428 40500 40420 -0.00219611
34895 39806 39790 -0.000458518
36641 39858 39722 -0.00371169
35645 40787 40534 -0.00709777
36067 40395 40486 0.00252308
36803 40311 40088 -0.00605929
36363 39583 39679 0.00264005
35829 40387 40420 0.000921042
35374 40029 40078 0.0013852
35794 41061 41014 -0.00131307
35464 40280 40181 -0.00279156
36937 39798 39729 -0.00186805
36495 39705 39728 0.000630223
36789 39970 39944 -0.000706733
36951 41097 41219 0.00330167
35352 39712 39458 -0.00718488
35105 39967 40004 0.00105398
36037 40978 40917 -0.0016927
34396 39354 39386 0.000930341
35270 40624 40246 -0.0107173
35772 39902 39728 -0.00486414
36535 40796 40532 -0.00722595
36630 40514 40549 0.000955501
35654 40882 40883 2.80473e-05
36833 40498 40521 0.00062444
35717 39957 40072 0.00321976
36697 40998 40860 -0.00376053
36200 40244 40244 0
35580 40007 39991 -0.000449691
35883 40878 40821 -0.0015885
35794 40273 40361 0.00245851
35990 39526 39713 0.00519589
35840 40370 40076 -0.00820313
36153 40331 40350 0.000525544
35636 40372 40493 0.00339544
35961 39910 39798 -0.00311449
37536 41432 41314 -0.00314365
37058 41433 41412 -0.000566679
35625 39653 39589 -0.00179649
35067 39956 40162 0.00587447
36961 40554 40692 0.00373367
36109 40118 40169 0.00141239
35355 39565 39568 8.48536e-05
37095 41004 41176 0.00463674
37151 40312 40378 0.00177653
36758 41246 41263 0.000462484
35124 40026 39762 -0.00751623
36567 39870 39875 0.000136735
36634 41169 41110 -0.00161053
34911 39852 39769 -0.00237747
36150 39657 39280 -0.0104288
35722 41073 41059 -0.000391915
36530 40660 40701 0.00112237
35080 40669 40732 0.0017959
37831 41510 41465 -0.0011895
36016 41034 40837 -0.00546979
35670 40510 40510 0
35147 39011 39242 0.0065724
36407 39795 39795 0
35427 40865 40635 -0.00649222
37148 40840 40574 -0.00716055
37483 40229 40121 -0.00288131
36518 40001 40197 0.00536722
36809 41408 41459 0.00138553
35374 40017 39922 -0.00268559
36077 40224 39847 -0.0104499
37240 41671 41487 -0.00494092
36621 41690 41690 0
36117 39600 39771 0.00473461
35797 40051 40135 0.00234657
36835 40800 40504 -0.00803584
36173 40250 40345 0.00262627
36761 40047 39983 -0.00174098
36121 39103 39330 0.00628443
34937 38783 38602 -0.00518075
35612 39708 39774 0.00185331
36639 40715 40701 -0.000382106
36263 40773 40773 0
36518 41210 41070 -0.00383373
36047 40808 40604 -0.00565928
37380 40356 40439 0.00222044
34693 40113 40091 -0.000634134
35488 40612 40806 0.00546664
37046 40735 40748 0.000350915
36222 40709 40906 0.00543868
37636 41204 41211 0.000185992
35772 40264 40259 -0.000139774
37016 40768 40636 -0.00356603
36864 40438 40438 0
36698 40117 39736 -0.010382
36816 41023 40824 -0.00540526
37461 41547 41493 -0.0014415
35915 40875 40842 -0.000918836
36091 39725 39808 0.00229974
35529 40433 40550 0.00329308
35773 40110 40086 -0.000670897
37040 41410 41277 -0.00359071
35008 39361 39199 -0.00462751
36534 40761 40736 -0.000684294
35950 40641 40563 -0.00216968
35519 40099 40208 0.00306878
35074 40465 40554 0.00253749
36795 40114 40113 -2.71776e-05
35768 39570 39725 0.00433348
35959 40020 40020 0
34878 39539 39518 -0.000602099
35911 40310 40204 -0.00295174
35794 39800 39862 0.00173213
36442 40542 40433 -0.00299105
34336 39823 39823 0
36363 40844 40751 -0.00255754
36036 40100 40129 0.000804751
36124 39635 39749 0.0031558
36601 39661 39508 -0.00418021
35493 39750 39983 0.00656467
36247 40522 40471 -0.00140701
36400 39842 39901 0.00162088
35565 40122 40076 -0.00129341
37081 41271 41357 0.00231925
36638 40562 40665 0.00281129
35576 40012 39903 -0.00306386
37075 40651 40689 0.00102495
36545 40973 40850 -0.00336571
34760 40578 40404 -0.00500575
37299 40953 41201 0.00664897
35893 40505 40505 0
35665 39584 39610 0.000729006
36126 40653 40857 0.0056469
36895 40852 40929 0.002087
35967 40998 40686 -0.00867462
36706 40144 40180 0.000980766
36302 40111 40083 -0.000771307
36441 40613 40593 -0.000548832
36969 40744 40949 0.00554519
35826 40158 40238 0.00223302
36628 40385 40449 0.0017473
36196 40328 40185 -0.00395071
36442 39600 39252 -0.00954942
35897 39993 39991 -5.5715e-05
37748 41144 41204 0.00158949
35970 39442 39428 -0.000389213
37102 41357 41357 0
34642 40165 40224 0.00170313
35218 39551 39451 -0.00283946
36741 40580 40430 -0.00408263
35767 40079 40276 0.00550787
35775 40412 40433 0.000587002
36083 39526 39629 0.00285453
