21794 24986 24920 -0.00302836
20774 24889 24895 0.000288823
22256 25249 24723 -0.0236341
22309 25409 25154 -0.0114304
21514 25185 25178 -0.00032537
21908 25147 25090 -0.00260179
21838 25304 25312 0.000366334
21717 25249 25083 -0.00764378
21468 24935 24952 0.000791876
21135 24589 24502 -0.00411639
21742 24943 24949 0.000275964
21625 24784 24911 0.00587283
21095 23907 24082 0.0082958
20922 25731 25891 0.00764745
21988 24984 25093 0.00495725
21495 24481 24759 0.0129332
21220 25189 25257 0.00320452
21221 25483 25454 -0.00136657
21131 24528 24532 0.000189295
22087 25431 25581 0.00679133
21761 25101 25132 0.00142457
22034 24946 24981 0.00158845
21154 24597 24543 -0.00255271
22128 24753 24690 -0.00284707
21611 24998 25071 0.00337791
21754 25089 25091 9.19371e-05
22595 25137 25217 0.00354061
22511 25939 25998 0.00262094
21838 24798 24859 0.0027933
21759 25178 25093 -0.00390643
22182 25497 25376 -0.00545487
20816 24756 24719 -0.00177748
21749 25007 25064 0.00262081
21156 24726 24955 0.0108244
21122 24598 24684 0.00407158
20876 24598 24568 -0.00143706
21658 24809 25023 0.00988088
21953 25764 25729 -0.00159432
21735 25563 25505 -0.00266851
21974 24846 24832 -0.000637117
22963 25943 25958 0.000653225
21519 25488 25519 0.00144059
21248 25345 25335 -0.000470633
21919 25193 24957 -0.0107669
21464 24492 24516 0.00111815
23087 25675 25745 0.00303201
22817 25475 25307 -0.00736293
21445 25346 25486 0.00652833
21659 24777 24826 0.00226234
21271 24689 24589 -0.00470124
20901 24572 24459 -0.00540644
22557 25005 25018 0.000576318
21051 24410 24673 0.0124935
21869 25161 25236 0.00342951
21772 25610 25595 -0.000688958
22270 25098 25175 0.00345757
22016 25298 25298 0
22232 25666 25610 -0.00251889
21982 25209 25226 0.00077336
21753 24610 24541 -0.00317198
21186 25235 25150 -0.00401208
20956 24649 24654 0.000238595
21985 25788 25704 -0.00382079
22149 25722 25447 -0.0124159
21058 23562 23946 0.0182353
20697 24880 24731 -0.00719911
21324 25094 24969 -0.00586194
22349 25156 25044 -0.00501141
21202 24755 24728 -0.00127346
22286 24816 24814 -8.97424e-05
21982 25099 25036 -0.00286598
21189 25076 25039 -0.00174619
21465 25819 26024 0.00955043
21155 24961 24906 -0.00259986
20680 24240 24288 0.00232108
20515 23883 23927 0.00214477
20703 24702 24584 -0.00569966
22491 25237 25237 0
22307 25670 25544 -0.00564845
21621 25276 25264 -0.000555016
21080 24147 24108 -0.00185009
22239 24971 24954 -0.000764423
21562 24552 24552 0
22050 24408 24331 -0.00349206
22581 25416 25421 0.000221425
21538 25431 25447 0.000742873
21450 24460 24578 0.00550117
22241 25747 25714 -0.00148375
22359 25595 25641 0.00205734
22482 25818 25609 -0.00929633
22740 25991 26028 0.00162709
22361 25677 25558 -0.00532177
22566 25587 25561 -0.00115218
20959 24422 24518 0.00458037
21809 25664 25651 -0.000596084
21595 24599 24578 -0.000972447
22276 24736 24624 -0.00502783
21519 25439 25170 -0.0125006
21531 24784 24709 -0.00348335
21882 24579 24644 0.00297048
21002 25739 25750 0.00052376
22689 25750 25770 0.000881484
22020 25334 25322 -0.000544959
23213 25265 25267 8.61586e-05
21380 25516 25516 0
22236 25640 25674 0.00152905
21755 24696 24498 -0.00910136
20699 25053 25060 0.000338181
21130 24768 24877 0.00515854
22823 25828 25701 -0.00556456
22239 25395 25012 -0.017222
21954 24605 24473 -0.00601257
22266 25302 25277 -0.00112279
21633 24853 24790 -0.00291222
21552 23873 23769 -0.00482554
21031 24573 24542 -0.00147401
21628 24780 24706 -0.00342149
21585 25315 25310 -0.000231642
23161 25538 25815 0.0119598
22410 25347 25246 -0.00450692
22104 25103 25185 0.00370974
21424 25012 24999 -0.000606796
21966 25295 25388 0.00423382
21289 24590 24568 -0.0010334
21343 25527 25484 -0.00201471
21887 25294 25133 -0.00735596
21301 25003 24920 -0.00389653
22651 25477 25511 0.00150104
21505 24972 24832 -0.00651011
22233 25861 25928 0.00301354
21894 25515 25350 -0.00753631
22065 25729 25780 0.00231135
21332 24922 24972 0.0023439
21903 25448 25332 -0.00529608
21976 25575 25653 0.00354933
20919 25205 25128 -0.00368086
21262 25269 25350 0.00380961
22202 25534 25518 -0.000720656
21125 24469 24393 -0.00359763
21812 25488 25449 -0.00178801
21254 24449 24545 0.0045168
21779 24661 24728 0.00307636
21256 24143 24135 -0.000376364
22185 24929 24903 -0.00117196
21743 25121 25147 0.00119579
21965 25581 25604 0.00104712
22729 25446 25403 -0.00189186
21530 24474 24470 -0.000185787
21869 25619 25253 -0.016736
21195 24609 24590 -0.000896438
21844 25229 24826 -0.018449
22457 24782 24583 -0.00886138
21324 24640 24499 -0.00661227
21507 24411 24255 -0.00725345
21013 24961 25018 0.00271261
21200 25279 25213 -0.00311321
21046 24642 24571 -0.00337356
21033 24935 24795 -0.00665621
21230 24801 24820 0.00089496
21770 24733 24683 -0.00229674
22448 25414 25490 0.0033856
21659 25483 25273 -0.00969574
21550 25324 25352 0.0012993
22475 25437 25429 -0.000355951
21031 24709 24718 0.00042794
21473 25095 25154 0.00274764
22752 25467 25467 0
21949 25563 25407 -0.00710739
21792 25675 25682 0.000321219
21546 25412 25414 9.28247e-05
21520 24972 24916 -0.00260223
22277 25469 25426 -0.00193024
21763 25136 25232 0.00441116
21896 24475 24595 0.00548045
22422 25781 25817 0.00160557
21950 25559 25349 -0.0095672
21721 25072 25118 0.00211777
21473 25036 25036 0
22247 25259 25208 -0.00229244
22286 24560 24585 0.00112178
21829 25644 25675 0.00142013
22366 24847 24835 -0.000536529
22050 24799 24934 0.00612245
21206 24535 24779 0.0115062
22004 25808 25808 0
22812 25786 25662 -0.00543574
20730 24345 24516 0.00824891
21392 24366 24357 -0.000420718
21978 25546 25468 -0.003549
22589 25904 25896 -0.000354155
20851 24639 24521 -0.0056592
22211 25219 25350 0.00589798
22482 25044 25184 0.0062272
22599 25583 25733 0.00663746
22554 25244 25179 -0.00288197
21188 24720 24610 -0.00519162
21966 25029 25146 0.00532641
22505 24319 24507 0.0083537
21193 24686 24686 0
21582 25117 25024 -0.00430915
22342 26484 26478 -0.000268553
23010 25057 25374 0.0137766
21057 25230 25184 -0.00218455
21995 25764 25603 -0.00731985
22115 25289 25327 0.00171829
21013 23748 23798 0.00237948
21346 25041 25053 0.000562166
21618 25302 25340 0.00175779
21761 24545 24440 -0.00482515
21450 25166 25048 -0.00550117
21027 23525 23588 0.00299615
22260 25936 25929 -0.000314465
22645 25064 25123 0.00260543
22091 25823 25823 0
21509 24920 24959 0.00181319
21905 24739 24759 0.000913034
21151 24976 24730 -0.0116307
21767 24791 25223 0.0198466
21576 25123 25126 0.000139043
21953 25640 25577 -0.00286977
22020 25486 25480 -0.00027248
21508 24753 24720 -0.00153431
23061 26092 25988 -0.00450978
20766 24278 24245 -0.00158914
22401 25328 25335 0.000312486
21487 25173 25216 0.00200121
21893 24870 24872 9.13534e-05
21976 24646 24593 -0.00241172
21689 25369 25363 -0.000276638
22667 25328 25126 -0.00891163
22729 25554 25524 -0.0013199
21361 25360 25437 0.0036047
22204 25908 25908 0
21775 24632 24716 0.00385763
21026 24755 24738 -0.000808523
20885 24502 24528 0.00124491
21791 25525 25462 -0.0028911
21577 24937 24945 0.000370765
21443 25253 25345 0.00429044
21552 25193 25153 -0.00185598
21430 24740 24718 -0.0010266
21566 24986 24978 -0.000370954
20724 24320 24351 0.00149585
21717 24565 24211 -0.0163006
22932 25657 25648 -0.000392465
22326 26081 26081 0
21385 24398 24685 0.0134206
20804 24716 24720 0.000192271
21532 24662 24708 0.00213636
21913 24388 24420 0.00146032
21162 23905 24015 0.005198
21847 25333 25388 0.00251751
22092 25167 25107 -0.00271592
20996 24004 23924 -0.00381025
21238 24469 24423 -0.00216593
22682 25186 25100 -0.00379155
21241 24989 24971 -0.000847418
21682 25203 24887 -0.0145743
21662 25339 25368 0.00133875
22070 24966 24955 -0.000498414
22018 24346 24376 0.00136252
22168 25050 25192 0.00640563
21721 25443 25311 -0.00607707
21259 24685 24643 -0.00197563
22294 25865 25806 -0.00264645
21445 24807 24670 -0.00638844
21319 25206 25179 -0.00126648
21637 25214 25316 0.00471415
22246 25105 24978 -0.00570889
22730 24481 24504 0.00101188
22708 25538 25684 0.00642945
21414 24700 24570 -0.00607079
21782 24509 24632 0.00564686
21988 25398 25450 0.00236493
22237 26086 25913 -0.00777983
22484 25338 25431 0.00413627
22188 25414 25363 -0.00229854
20881 23926 23936 0.000478904
22221 25695 25790 0.00427524
21097 25603 25601 -9.48002e-05
22565 25248 25138 -0.00487481
20645 24085 24164 0.00382659
22010 24181 24062 -0.00540663
22502 25424 25493 0.00306639
20666 24666 24689 0.00111294
21406 25312 25325 0.000607306
21024 24217 24133 -0.00399543
21595 25982 25944 -0.00175967
20471 24805 24835 0.00146549
21596 25117 25038 -0.00365808
21246 25092 25016 -0.00357714
21697 24799 25005 0.0094944
21198 24340 24534 0.00915181
23137 24847 24991 0.0062238
22317 25353 25504 0.00676614
21620 24920 25003 0.00383904
22276 25947 25911 -0.00161609
21237 24751 24617 -0.00630974
22601 25647 25587 -0.00265475
21599 25295 25297 9.25969e-05
21494 24251 24275 0.00111659
22094 25339 25520 0.00819227
22238 25250 25054 -0.00881374
22153 25603 25514 -0.00401751
20937 24242 24614 0.0177676
22067 24861 24853 -0.000362532
21920 25439 25328 -0.00506387
21430 25110 25083 -0.00125992
21269 24806 24857 0.00239786
21037 25050 24893 -0.00746304
22174 25112 25199 0.00392351
20833 24648 24526 -0.00585609
22126 24760 24811 0.00230498
21573 25509 25503 -0.000278125
22182 24805 24805 0
22729 25788 25512 -0.0121431
21212 25233 25241 0.000377145
21550 24507 24329 -0.00825986
22068 24589 24711 0.00552837
20168 24247 24315 0.00337168
20766 24028 24041 0.000626023
20448 24049 24076 0.00132042
21640 25349 25365 0.000739372
21661 24683 24838 0.00715572
21506 25030 25179 0.0069283
20298 24871 24863 -0.000394128
21451 25474 25560 0.00400914
21302 24967 24965 -9.38879e-05
21424 24533 24289 -0.0113891
21636 25327 25483 0.00721021
22220 24623 24572 -0.00229523
21902 24505 24482 -0.00105013
21921 24761 24688 -0.00333014
21918 25032 25051 0.000866867
20782 24184 23908 -0.0132807
21410 25007 25151 0.00672583
21338 25137 25080 -0.00267129
22884 26101 25944 -0.00686069
20646 24626 24492 -0.00649036
22917 25557 25534 -0.00100362
21718 25273 25228 -0.00207201
21875 25158 25060 -0.00448
21113 24887 24693 -0.00918865
21057 24663 24754 0.0043216
22004 25011 25003 -0.00036357
22247 25362 25459 0.00436014
21637 25396 25396 0
21647 25348 25367 0.00087772
22178 24715 24765 0.00225449
21625 24444 24587 0.00661272
21813 25561 25606 0.00206299
21747 25133 25143 0.000459834
21077 24892 24947 0.00260948
21509 24676 24849 0.00804314
21870 25017 25062 0.00205761
22001 25097 25243 0.00663606
21703 24502 24353 -0.00686541
22048 25608 25723 0.00521589
21569 24563 24630 0.00310631
20295 24688 24690 9.85464e-05
21490 24697 24527 -0.00791066
21838 25299 25172 -0.00581555
22401 25172 25126 -0.00205348
22574 25902 25859 -0.00190485
22861 25656 25678 0.000962338
21912 25154 25174 0.000912742
21561 24506 24506 0
21567 25059 24991 -0.00315297
21060 25262 25282 0.000949668
22190 25298 25216 -0.00369536
23114 26439 26448 0.000389374
22397 24939 24982 0.0019199
21949 24940 24815 -0.00569502
21427 26075 26063 -0.000560041
22786 25464 25515 0.00223822
21292 25275 25490 0.0100977
21408 24857 24895 0.00177504
21839 25307 25346 0.0017858
22280 24965 24820 -0.00650808
22854 25465 25296 -0.00739477
21836 24698 24796 0.004488
20519 24765 24866 0.00492227
21156 24790 24880 0.00425411
22570 25024 25146 0.00540541
21319 24279 24297 0.000844317
21563 24764 24719 -0.00208691
20645 24811 24697 -0.00552192
22007 25177 25101 -0.00345345
21959 25043 25190 0.00669429
22030 25565 25752 0.00848842
21510 24707 24595 -0.00520688
22842 25427 25417 -0.00043779
22460 24794 24663 -0.00583259
22622 25875 25779 -0.00424366
21677 25315 25377 0.00286017
21039 24760 24660 -0.00475308
21851 25350 25409 0.00270011
21313 24796 24745 -0.00239291
21179 24896 24817 -0.00373011
21748 25097 25144 0.00216112
21977 25194 25194 0
21151 24500 24517 0.000803745
21256 24147 24155 0.000376364
21140 24749 24688 -0.00288553
21712 24450 24715 0.0122052
20875 24476 24461 -0.000718563
21906 25005 24817 -0.00858212
21109 24532 24322 -0.00994836
22716 26046 26178 0.00581088
21423 24720 24729 0.000420109
21573 24356 24256 -0.00463542
21281 24479 24332 -0.00690757
22203 24660 24691 0.00139621
22580 25467 25141 -0.0144376
22085 24869 24930 0.00276206
20633 25152 25262 0.00533127
21886 25955 25934 -0.000959517
21875 24676 24680 0.000182857
20398 25303 25403 0.00490244
21224 24705 24712 0.000329815
22258 25227 25227 0
21474 25383 25033 -0.0162988
21636 25599 25696 0.00448327
21289 24669 24702 0.0015501
21477 25244 25167 -0.00358523
22275 25449 25501 0.00233446
22743 25458 25453 -0.000219848
21316 25246 25256 0.000469131
21248 24772 24658 -0.00536521
21784 25061 25086 0.00114763
21688 24523 24648 0.00576356
23284 25751 25774 0.000987803
20940 25347 25315 -0.00152818
22243 24530 24570 0.00179832
21287 24411 24383 -0.00131536
21865 25311 25076 -0.0107478
20880 24708 24697 -0.00052682
21358 24898 25092 0.00908325
21857 24840 24566 -0.012536
21955 25579 25615 0.00163972
20960 24919 25018 0.00472328
20906 24671 24502 -0.0080838
20930 24412 24364 -0.00229336
21912 25019 25071 0.00237313
20905 24513 24556 0.00205692
21616 24724 24695 -0.0013416
20824 25361 25091 -0.0129658
20763 24298 24287 -0.000529789
21955 24877 24861 -0.000728763
22150 25522 25540 0.000812641
22567 25134 25056 -0.00345637
22571 25009 25206 0.00872801
20544 24688 24472 -0.010514
21542 25380 25380 0
21725 25095 24977 -0.00543153
21962 25823 25633 -0.00865131
22368 26103 26044 -0.0026377
21469 24809 24980 0.00796497
21761 25458 25617 0.00730665
21468 25437 25490 0.00246879
21247 24525 24585 0.00282393
22561 25041 24814 -0.0100616
21520 25196 25009 -0.00868959
22021 24980 25005 0.00113528
21311 25113 24982 -0.00614706
22403 26147 25832 -0.0140606
23369 26363 26216 -0.00629038
22233 24894 24879 -0.000674673
21542 25199 25354 0.00719525
21579 24965 25085 0.00556096
22910 25262 25110 -0.00663466
21464 24770 24716 -0.00251584
21585 24756 24614 -0.00657864
22702 25884 25771 -0.00497754
21389 24048 24042 -0.000280518
21921 25551 25113 -0.0199808
21488 24757 24646 -0.00516567
22031 24864 24964 0.00453906
22065 25565 25293 -0.0123272
21281 24909 24909 0
22246 25868 25767 -0.00454014
20563 24524 24339 -0.00899674
21761 25327 25285 -0.00193006
22122 24615 24613 -9.04077e-05
21448 25369 25429 0.00279746
22307 25456 25520 0.00286905
22055 25427 25373 -0.00244842
21650 25539 25620 0.00374134
20209 24913 24854 -0.00291949
21292 25147 25162 0.00070449
21582 25105 25089 -0.000741359
21372 25009 24978 -0.0014505
20922 24605 24602 -0.00014339
21408 25571 25565 -0.000280269
21172 24607 24622 0.000708483
21838 24336 24685 0.0159813
21967 25019 25027 0.000364183
21301 25220 25068 -0.00713582
21581 24838 24809 -0.00134377
21795 24778 24763 -0.000688231
21024 24492 24502 0.000475647
21990 25102 25186 0.00381992
21624 25620 25643 0.00106363
20361 24131 24035 -0.0047149
20596 24259 24320 0.00296174
21541 24196 24267 0.00329604
21694 25932 25992 0.00276574
21169 25390 25405 0.000708583
22077 25729 25852 0.00557141
21606 25193 25172 -0.000971952
21517 24456 24386 -0.00325324
21806 25133 25149 0.000733743
21934 25511 25443 -0.00310021
22376 25424 25472 0.00214516
22650 25103 25111 0.000353201
22288 25173 25089 -0.00376884
22688 25165 25134 -0.00136636
22261 25854 25299 -0.0249315
21891 25054 25046 -0.000365447
22231 25288 25379 0.00409338
20790 24533 24545 0.000577201
21269 24659 24726 0.00315012
21190 24840 24674 -0.00783388
22367 25052 24937 -0.0051415
21100 24579 24595 0.000758294
21445 24099 24078 -0.000979249
21250 24422 24239 -0.00861176
21438 25139 25172 0.00153932
21510 24465 24524 0.00274291
22294 25132 25304 0.00771508
22188 24630 24494 -0.00612944
21521 25026 24988 -0.00176572
22262 25712 25598 -0.00512083
20904 24070 24028 -0.00200918
20903 24534 24453 -0.00387504
21281 25208 25163 -0.00211456
22023 25615 25594 -0.000953549
22119 24707 24868 0.00727881
21337 24220 24227 0.000328069
20958 25023 24937 -0.00410344
21825 25564 25605 0.00187858
21171 24231 24408 0.00836049
21651 24456 24496 0.00184749
22155 25067 25109 0.00189573
21408 24343 24522 0.00836136
21768 24867 24845 -0.00101066
22289 25010 25050 0.00179461
22026 25390 25339 -0.00231545
22620 25335 25547 0.00937224
21407 25506 25559 0.00247583
22311 25281 25064 -0.00972614
22045 25217 25021 -0.0088909
22567 24553 24601 0.002127
22246 24843 24829 -0.000629327
22068 24615 24528 -0.00394236
21044 25002 24984 -0.000855351
22746 25949 25949 0
21395 25030 24868 -0.00757186
21588 24913 24968 0.00254771
21374 24709 24738 0.00135679
20301 24356 24432 0.00374366
20858 24932 24927 -0.000239716
22743 25794 25714 -0.00351757
20924 25463 25512 0.00234181
22416 25614 25614 0
20821 24641 24404 -0.0113827
21517 24684 24726 0.00195194
22077 24939 25274 0.0151742
22826 25078 24973 -0.00460002
20297 24872 25271 0.0196581
22259 25872 25931 0.00265061
21440 25452 25540 0.00410448
21169 24909 24885 -0.00113373
22803 25314 25228 -0.00377143
22299 25315 25309 -0.00026907
22758 25759 25642 -0.00514105
21905 25175 24994 -0.00826295
19499 24381 24350 -0.00158983
21483 25030 25019 -0.000512033
21211 24958 24910 -0.00226298
20786 24321 24377 0.00269412
22006 24975 25086 0.00504408
22258 25314 25571 0.0115464
20838 24202 24326 0.00595067
22049 25296 25499 0.00920677
21862 25117 25139 0.00100631
21703 24730 24808 0.00359397
21661 24878 24947 0.00318545
21246 25181 25200 0.000894286
21383 24379 24492 0.00528457
23216 25899 25677 -0.00956237
21999 24690 24659 -0.00140915
21676 24314 24449 0.00622809
21414 24345 24345 0
22279 25206 25370 0.00736119
20648 24558 24322 -0.0114297
21120 24333 24384 0.00241477
21735 25290 25058 -0.010674
21247 24463 24445 -0.000847178
21751 25351 25299 -0.00239069
20815 24383 24383 0
21027 24992 24944 -0.00228278
21349 24694 24688 -0.000281044
21546 25012 25039 0.00125313
20837 24831 24865 0.00163171
21518 25008 24960 -0.00223069
21651 25485 25515 0.00138562
22391 25310 24987 -0.0144254
22423 25419 25419 0
21872 25450 25402 -0.00219459
20684 24706 24854 0.00715529
21672 24708 24535 -0.00798265
21522 24949 24773 -0.00817768
21885 25448 25321 -0.00580306
21318 24664 24843 0.00839666
21180 24637 24711 0.00349386
20832 25049 25050 4.80031e-05
21123 24053 24025 -0.00132557
20866 24794 24661 -0.00637401
22307 25643 25686 0.00192765
21956 25216 25121 -0.00432684
21598 24955 24910 -0.00208353
21277 25448 25308 -0.00657987
21589 25209 24838 -0.0171847
21101 24430 24351 -0.0037439
21764 24443 24438 -0.000229737
21957 25312 25336 0.00109305
21146 25061 24909 -0.00718812
22187 25505 25533 0.001262
22195 25303 25303 0
21693 25007 24829 -0.00820541
22250 25237 25083 -0.00692135
22105 25580 25536 -0.0019905
21279 24937 24814 -0.00578035
22856 25701 25701 0
21197 25060 25023 -0.00174553
21568 25045 25052 0.000324555
20865 24767 24728 -0.00186916
20447 24264 24323 0.00288551
21712 25469 25461 -0.00036846
21441 25088 25088 0
21225 24776 24719 -0.00268551
21953 24866 25040 0.00792602
21674 25492 25346 -0.00673618
21896 25035 25154 0.00543478
22805 25314 25356 0.0018417
21672 24775 24899 0.00572167
22745 26307 26307 0
22730 26062 26076 0.000615926
21104 24958 24855 -0.00488059
21829 25182 25159 -0.00105364
21174 24187 24083 -0.00491168
21813 24921 24998 0.00353001
22466 25434 25403 -0.00137986
22230 26045 26040 -0.000224921
21436 24804 24752 -0.00242583
22702 25966 25980 0.000616686
22325 25715 25608 -0.00479283
22015 25260 25347 0.00395185
20812 24320 24175 -0.00696713
21939 25137 25284 0.0067004
21871 25339 25169 -0.00777285
21427 24800 24651 -0.00695384
21743 24529 24767 0.0109461
22336 25108 25148 0.00179083
21823 24791 25005 0.00980617
21546 24966 24973 0.000324886
20996 24602 24647 0.00214327
20869 24525 24434 -0.00436053
21354 24899 24604 -0.0138147
21297 25261 25129 -0.00619806
22645 25388 25370 -0.000794877
21694 25606 25579 -0.00124458
21686 25368 25160 -0.00959144
22557 25920 25946 0.00115264
22367 25855 25789 -0.00295078
21701 25195 25281 0.00396295
21077 24526 24452 -0.00351094
21837 25064 25064 0
22213 25213 25326 0.00508711
22557 25646 25549 -0.00430022
22023 25189 25240 0.00231576
21386 24934 24780 -0.00720097
21584 25327 25472 0.00671794
20777 24984 24941 -0.0020696
22078 25581 25276 -0.0138147
21824 25981 25939 -0.00192449
21080 24965 24893 -0.00341556
21543 25301 25205 -0.0044562
22319 26051 26093 0.0018818
21146 25186 25076 -0.00520193
22399 25639 25639 0
21800 26219 26253 0.00155963
20947 24785 24812 0.00128897
23025 25986 25896 -0.00390879
22606 26497 26411 -0.0038043
22467 25606 25581 -0.00111274
22062 24828 24902 0.00335418
21559 25195 25228 0.00153068
20994 24551 24594 0.0020482
21547 25098 25011 -0.00403769
21602 24875 24736 -0.00643459
21321 25059 24969 -0.00422119
21479 25097 24955 -0.00661111
21563 25107 25112 0.000231879
21595 24639 24376 -0.0121787
22762 25323 25442 0.00522801
20812 24165 24233 0.00326735
22384 25173 25175 8.93495e-05
21357 24931 25003 0.00337126
20758 24591 24616 0.00120435
22116 25836 25558 -0.0125701
21282 25375 25169 -0.00967954
21781 24749 24757 0.000367293
21397 25428 25487 0.0027574
22068 25071 25035 -0.00163132
22447 25178 25190 0.000534593
21112 25059 25283 0.0106101
20964 25320 25434 0.00543789
22173 25012 24876 -0.00613359
21543 25507 25525 0.000835538
20753 24006 24009 0.000144557
21943 25603 25799 0.00893223
22791 25830 25814 -0.000702032
20225 24395 24324 -0.00351051
21449 25053 25230 0.00825213
22527 25602 25512 -0.00399521
21131 25171 25038 -0.00629407
22069 25389 25402 0.000589062
21329 25113 25103 -0.000468845
22164 25050 25099 0.00221079
22853 25386 25539 0.00669496
22511 25459 25487 0.00124384
22245 25230 25243 0.000584401
21981 25095 25031 -0.00291161
21501 24530 24537 0.000325566
20740 24554 24397 -0.00756991
21583 25676 25590 -0.00398462
22258 24355 24377 0.000988409
21630 24798 24722 -0.00351364
20985 24502 24701 0.00948296
21598 24603 24515 -0.00407445
21364 25037 24772 -0.012404
21295 24795 24800 0.000234797
20544 24700 24622 -0.00379673
21209 24649 24579 -0.00330049
21576 24820 24667 -0.00709121
22470 25199 25372 0.00769915
21562 24708 24661 -0.00217976
22460 25782 25872 0.00400712
22642 25635 25552 -0.00366575
22826 25458 25423 -0.00153334
21580 25068 25231 0.00755329
21891 25410 25384 -0.0011877
21719 25110 25018 -0.00423592
21489 24682 24848 0.00772488
21200 24677 24544 -0.00627358
21357 24483 24622 0.0065084
21943 25178 25084 -0.00428383
22073 24825 24969 0.00652381
22044 24806 24881 0.00340229
22107 24804 24804 0
21154 24833 24782 -0.00241089
22054 24134 24118 -0.000725492
21862 25322 25441 0.00544323
21755 25036 24993 -0.00197656
22058 25656 25632 -0.00108804
22372 24968 25054 0.00384409
21658 24992 24992 0
21673 25578 25641 0.00290684
21992 25532 25470 -0.00281921
21289 25000 25048 0.00225469
22312 25391 25371 -0.000896379
21343 24286 24165 -0.00566931
22319 25097 25114 0.000761683
21615 25179 25199 0.000925283
20613 24762 24926 0.00795614
22635 25908 25929 0.000927767
21494 24373 24197 -0.00818833
21557 24041 24045 0.000185555
21333 24023 24209 0.00871889
21958 24844 24808 -0.00163949
21524 24180 24441 0.012126
21861 25023 25064 0.00187549
21679 24586 24433 -0.00705752
21531 24779 24882 0.0047838
20171 24439 24485 0.0022805
20955 24407 24313 -0.0044858
21632 25135 25149 0.000647189
21715 25183 25189 0.000276307
20959 24353 24243 -0.00524834
22198 24882 24943 0.002748
21244 25020 25172 0.00715496
21766 24780 24949 0.0077644
21454 25373 25302 -0.00330941
21437 24842 24714 -0.00597098
21033 25090 25173 0.00394618
20829 24864 24849 -0.00072015
21083 24585 24622 0.00175497
20562 24637 24444 -0.00938625
21096 24281 24281 0
22351 25565 25461 -0.00465304
22098 25347 25446 0.00448004
21762 25675 25515 -0.00735227
22036 24794 24815 0.000952986
21988 25462 25151 -0.0141441
21249 24501 24539 0.00178832
20818 24630 24552 -0.00374676
21601 26062 25935 -0.00587936
21495 24604 24556 -0.00223308
21314 24607 24526 -0.00380032
22597 26181 26201 0.000885073
22002 25297 25260 -0.00168167
21834 24721 24702 -0.000870202
22233 25928 25870 -0.00260873
21794 24634 24696 0.00284482
21193 24550 24352 -0.00934271
21517 24315 24396 0.00376447
21317 24743 24789 0.0021579
21631 25392 25367 -0.00115575
22075 24914 24875 -0.0017667
21830 25713 25745 0.00146587
22847 26019 25966 -0.00231978
21841 25847 25769 -0.00357127
21902 24678 24872 0.00885764
21525 24468 24428 -0.0018583
21651 25197 25146 -0.00235555
21663 24930 24890 -0.00184647
21914 25009 25022 0.000593228
21100 24352 24357 0.000236967
21955 25117 25169 0.00236848
22951 25521 25445 -0.0033114
21856 25632 25275 -0.0163342
21968 25214 25206 -0.000364166
22036 25304 24713 -0.0268197
21187 24905 24879 -0.00122717
21563 25461 25439 -0.00102027
21065 24526 24303 -0.0105863
21417 24993 24938 -0.00256805
21521 24890 24896 0.000278797
22158 25184 24940 -0.0110118
21608 25331 25212 -0.00550722
21586 24245 24253 0.000370611
20808 24357 24291 -0.00317186
22631 25115 25053 -0.0027396
21795 24205 24272 0.0030741
21519 25035 24875 -0.00743529
21319 24993 24951 -0.00197007
21918 24922 24765 -0.00716306
22460 25047 25044 -0.000133571
21833 25165 25141 -0.00109925
21178 25194 25241 0.00221928
22476 25170 25321 0.00671828
21791 24486 24511 0.00114726
21684 25052 25136 0.00387382
21125 25048 25019 -0.00137278
21876 25704 25704 0
20459 25392 25392 0
20899 24985 25020 0.00167472
21598 24670 24537 -0.00615798
21605 24694 24700 0.000277713
20844 25198 25234 0.00172712
20970 24731 24731 0
21412 24639 24729 0.00420325
21427 25064 25031 -0.00154011
22238 24869 24884 0.000674521
21894 25262 24977 -0.0130173
20152 24469 24519 0.00248114
20885 24490 24451 -0.00186737
21702 24741 24761 0.000921574
20700 24509 24438 -0.00342995
22788 25235 25369 0.00588029
21082 25073 25021 -0.00246656
21957 25211 25213 9.10871e-05
20424 25377 25220 -0.00768703
21869 25699 25656 -0.00196625
21980 24956 24954 -9.09918e-05
22727 25284 25512 0.0100321
22421 25851 25787 -0.00285447
21838 25503 25186 -0.014516
20921 24684 24571 -0.00540127
22115 25051 25126 0.00339136
21520 24780 24710 -0.00325279
21597 23987 23790 -0.00912164
22060 24923 24966 0.00194923
22498 24899 24891 -0.000355587
21665 24925 24900 -0.00115393
21553 25175 25035 -0.00649562
21590 25375 25397 0.00101899
22626 25318 25289 -0.00128171
21836 25441 25459 0.000824327
20947 24631 24576 -0.00262567
21753 25012 25056 0.00202271
22444 25483 25501 0.000801996
20313 23609 23602 -0.000344607
21743 25679 25732 0.00243757
22215 25542 25526 -0.000720234
22495 26042 26096 0.00240053
20960 24517 24440 -0.00367366
22023 24649 24649 0
22840 25412 25319 -0.0040718
21963 24298 24364 0.00300505
21785 24439 24548 0.00500344
22706 25500 25538 0.00167357
20938 24625 24753 0.00611329
20902 25144 25144 0
22038 25498 25587 0.00403848
21993 25413 25429 0.000727504
21616 24924 24967 0.00198927
21163 24960 25010 0.00236261
21609 25112 25053 -0.00273034
21506 25088 25026 -0.00288292
23064 25609 25611 8.67152e-05
21581 24464 24533 0.00319726
22166 24257 24300 0.00193991
21690 25475 25475 0
21019 24621 24615 -0.000285456
22191 24345 24371 0.00117165
22651 25450 25495 0.00198667
22834 25595 25528 -0.00293422
22382 25130 25151 0.000938254
22238 25170 25199 0.00130407
22076 25342 25293 -0.00221961
21388 24889 24971 0.00383393
22192 25038 25177 0.00626352
21723 25301 25068 -0.010726
20779 23938 24007 0.00332066
21289 25168 25066 -0.00479121
21794 25239 25018 -0.0101404
21227 24950 24920 -0.00141329
21796 25265 25282 0.00077996
21964 25465 25440 -0.00113823
21592 25292 25505 0.00986476
21995 24890 24936 0.00209138
21205 25163 25169 0.000282952
22496 25452 25534 0.00364509
21617 25340 25233 -0.00494981
22591 26271 26259 -0.000531185
20833 25253 25324 0.00340805
21443 25627 25604 -0.00107261
21476 25586 25432 -0.0071708
20431 24943 24694 -0.0121874
20820 25523 25409 -0.0054755
21682 25279 25254 -0.00115303
21580 25309 25284 -0.00115848
21679 24974 24921 -0.00244476
21590 24916 24919 0.000138953
21902 25073 25051 -0.00100447
21840 25190 24994 -0.00897436
21427 24949 24955 0.000280021
22069 25510 25599 0.00403281
21289 25195 25204 0.000422754
21097 25171 25023 -0.00701522
21548 25097 25198 0.00468721
21415 25240 25248 0.00037357
21521 25489 25454 -0.00162632
21366 24711 24712 4.68033e-05
21091 24656 24703 0.00222844
21301 25533 25560 0.00126755
21515 24955 24925 -0.00139438
21617 25708 25516 -0.0088819
21040 24791 24620 -0.00812738
21984 25488 25585 0.0044123
22136 24658 24778 0.00542103
21737 24740 24724 -0.000736072
20831 24468 24458 -0.000480054
21751 25262 25262 0
22109 24898 24915 0.000768918
21545 24488 24614 0.00584822
21178 24791 24902 0.00524129
23072 25677 25786 0.00472434
21798 24939 24579 -0.0165153
20798 24562 24560 -9.61631e-05
22406 25399 25379 -0.000892618
21439 24927 24963 0.00167918
21969 24969 24655 -0.0142929
22261 25696 25679 -0.000763667
22075 24717 24687 -0.001359
21054 24945 24918 -0.00128242
21911 26049 26037 -0.00054767
22591 25572 25663 0.00402815
22555 25525 25602 0.00341388
21698 25144 24832 -0.0143792
22114 24861 24825 -0.00162793
22498 25105 24844 -0.011601
22081 25611 25642 0.00140392
21673 24825 24973 0.00682877
20290 24819 24857 0.00187284
21560 24351 24319 -0.00148423
21540 24711 24782 0.00329619
21171 25221 25275 0.00255066
22232 25323 25395 0.00323858
21013 24156 24232 0.00361681
21774 25376 25638 0.0120327
21231 24964 24829 -0.00635863
20941 24219 24177 -0.00200563
21586 25261 25202 -0.00273325
21530 24467 24495 0.00130051
21155 25203 25273 0.00330891
20970 25015 25091 0.00362423
