25374 28423 28284 -0.00547805
24364 28321 28451 0.00533574
25758 28810 28875 0.00252349
25276 29191 29191 0
25352 28960 28844 -0.00457558
25454 29256 29329 0.00286792
25831 29481 29590 0.00421974
25561 29081 29094 0.000508587
25111 28790 28790 0
24801 28456 28519 0.00254022
25507 28691 28784 0.00364606
25364 28535 28712 0.00697839
24721 27886 27669 -0.00877796
24397 29556 29575 0.000778784
25297 28712 28652 -0.00237182
25215 28626 28661 0.00138806
24862 29360 29308 -0.00209155
25040 29577 29580 0.000119808
24713 28379 28307 -0.00291345
25369 28926 29012 0.00338996
25687 28964 29079 0.00447697
25901 29064 29045 -0.000733562
25113 28333 28266 -0.00266794
26330 29187 29202 0.000569692
25106 28768 28500 -0.0106747
25217 29173 29202 0.00115002
26702 29247 29338 0.00340798
26291 29700 29797 0.00368948
25632 28467 28400 -0.00261392
25491 29095 28950 -0.00568828
25867 29204 29365 0.00622415
24237 28440 28605 0.00680777
25264 29004 28786 -0.00862888
24729 28473 28559 0.0034777
24758 28443 28382 -0.00246385
24613 28597 28588 -0.00036566
25105 29029 28879 -0.00597491
25596 29922 29922 0
25099 29311 29311 0
25256 28476 28671 0.00772094
26880 30371 30335 -0.00133929
25149 29096 29182 0.00341962
25113 28938 29139 0.00800382
25103 28949 28949 0
24752 28636 28535 -0.00408048
27079 29826 29748 -0.00288046
26226 29380 29307 -0.0027835
25093 29155 29313 0.00629658
25327 29272 29140 -0.00521183
24937 28551 28509 -0.00168424
24760 28575 28311 -0.0106624
25994 28736 28790 0.0020774
24778 28226 28201 -0.00100896
25072 28584 29114 0.0211391
25421 29048 29082 0.00133748
26356 29175 29114 -0.00231446
25816 29234 29184 -0.00193678
26029 29470 29520 0.00192093
25740 28790 28798 0.0003108
25927 28830 28695 -0.00520693
25336 28816 28949 0.00524945
24354 28424 28111 -0.0128521
25243 29338 29371 0.00130729
25667 29505 29333 -0.00670121
24681 27613 27597 -0.000648272
24443 28973 29035 0.00253651
25733 29205 29251 0.00178759
25326 28777 28772 -0.000197426
24782 28749 28720 -0.0011702
26075 28726 28819 0.00356663
25649 29110 29086 -0.000935709
24663 28635 28623 -0.000486559
24588 29522 29514 -0.000325362
24601 28880 28825 -0.00223568
24160 28298 28218 -0.00331126
24138 27929 28055 0.00521999
23948 28553 28511 -0.0017538
25891 29121 28958 -0.00629562
26362 30225 30070 -0.00587968
25531 29372 29366 -0.000235008
24771 28006 28190 0.00742804
25809 28951 28698 -0.00980278
24972 27969 28059 0.00360404
25138 28244 28375 0.00521123
26095 29350 29171 -0.00685955
25254 29422 29422 0
24699 28087 28033 -0.00218632
26003 30126 29998 -0.00492251
25876 29453 29268 -0.00714948
26076 29682 29742 0.00230097
26727 30104 30158 0.00202043
25601 29095 29082 -0.000507793
26409 29622 29380 -0.00916354
24580 28311 28307 -0.000162734
25228 29218 29124 -0.00372602
25170 28505 28470 -0.00139054
25680 28550 28462 -0.00342679
25000 28984 28984 0
25394 28733 28814 0.00318973
25350 28564 28326 -0.00938856
24274 29315 29321 0.000247178
26397 29526 29512 -0.000530363
25762 29266 29159 -0.0041534
26851 29300 29306 0.000223455
24773 29220 29193 -0.0010899
25754 29247 29411 0.00636794
25096 28048 28217 0.00673414
24164 29198 29198 0
24862 28759 28733 -0.00104577
26597 29557 29695 0.00518856
25922 29122 29240 0.00455212
25529 28292 28423 0.00513142
26668 29240 29286 0.00172491
25065 28441 28576 0.005386
25126 27835 27756 -0.00314415
24657 28485 28340 -0.00588068
24861 28663 28609 -0.00217208
25534 29142 29005 -0.0053654
27075 29632 29549 -0.00306556
25783 28893 28949 0.00217197
25492 29086 29139 0.00207908
25039 28937 28744 -0.00770798
25922 29693 29727 0.00131163
24724 28523 28339 -0.00744216
25427 29315 29402 0.00342156
25798 29434 29415 -0.000736491
24659 28170 28287 0.00474472
26376 29702 29706 0.000151653
25214 28981 28912 -0.00273657
25412 29486 29315 -0.0067291
25503 29092 29121 0.00113712
25999 29641 29626 -0.000576945
25025 28725 28654 -0.00283716
25676 29392 29142 -0.00973672
25545 29383 29395 0.000469759
24398 29097 29099 8.19739e-05
25150 29744 29714 -0.00119284
25836 29374 29287 -0.00336739
24942 28801 28544 -0.0103039
25375 29723 29645 -0.00307389
24754 28187 28423 0.00953381
25515 28496 28619 0.00482069
24517 27539 27704 0.00673002
25957 28770 28801 0.00119428
25123 28659 28565 -0.00374159
25463 29365 29467 0.00400581
26229 29142 29239 0.0036982
24932 27943 27970 0.00108295
25413 29857 29793 -0.0025184
24806 28291 28299 0.000322503
25372 28863 28534 -0.0129671
26177 28610 28617 0.00026741
24571 28430 28220 -0.00854666
24872 28116 28185 0.0027742
24491 28518 28503 -0.00061247
24819 29079 28965 -0.00459326
24483 28145 28174 0.0011845
24770 28796 28649 -0.0059346
25035 28597 28658 0.00243659
25083 28049 28156 0.00426584
25947 29325 29454 0.00497167
25294 29620 29481 -0.00549537
24866 29098 29209 0.00446393
26404 29579 29556 -0.00087108
24762 28610 28345 -0.0107019
25225 29273 29270 -0.00011893
26351 29169 29170 3.79492e-05
25434 29355 29257 -0.00385311
25317 29034 29011 -0.00090848
25225 29339 29343 0.000158573
25066 28963 28963 0
25964 29455 29591 0.00523802
25371 28875 29115 0.00945962
25416 28602 28657 0.00216399
25851 29827 29870 0.00166338
25546 29118 29094 -0.000939482
25557 28930 29018 0.00344328
25220 29051 29102 0.0020222
25658 28782 28824 0.00163692
26134 28579 28749 0.00650494
25745 29814 29620 -0.00753544
26169 28898 28892 -0.000229279
25777 28873 28916 0.00166815
25028 28909 28601 -0.0123062
25710 30307 30308 3.88954e-05
26493 29714 29631 -0.0031329
24437 28242 28233 -0.000368294
24786 28604 28523 -0.00326797
25256 29372 29372 0
26322 29650 29698 0.00182357
24502 28623 28401 -0.00906048
26006 29228 29217 -0.000422979
25833 29053 28895 -0.00611621
26218 29530 29641 0.00423373
26236 28855 28915 0.00228693
24968 28963 28992 0.00116149
25051 28729 28675 -0.0021556
25983 28068 28065 -0.00011546
24559 28477 28524 0.00191376
24652 28409 28440 0.0012575
26123 30024 29977 -0.00179918
26850 28998 29088 0.00335196
24536 28997 28920 -0.00313825
25392 29261 29276 0.000590737
26095 29253 29221 -0.00122629
24469 27423 27376 -0.0019208
25074 28961 28972 0.000438701
25089 28865 29029 0.00653673
25735 28364 28317 -0.00182631
25144 29079 28966 -0.00449411
24457 27338 27298 -0.00163552
26405 29936 29992 0.00212081
26581 29033 29079 0.00173056
25774 29731 29692 -0.00151315
25186 29022 28918 -0.00412928
25630 28681 28752 0.00277019
25009 28420 28464 0.00175937
25394 29266 29048 -0.00858471
25579 29257 28850 -0.0159115
25500 29551 29617 0.00258824
25693 29710 29579 -0.00509867
25126 28530 28384 -0.00581071
27019 30062 29984 -0.00288686
23916 27542 27351 -0.00798629
25923 29617 29617 0
25050 28821 28739 -0.00327345
25429 28637 28578 -0.00232019
25507 28513 28466 -0.00184263
24676 28900 28906 0.000243151
26403 29429 29247 -0.00689316
26203 29168 29093 -0.00286227
25145 29041 29042 3.97693e-05
26023 29766 29607 -0.00610998
25251 28466 28406 -0.00237614
24619 28785 28758 -0.00109671
24456 28207 28175 -0.00130847
25346 29575 29444 -0.00516847
25129 29140 28998 -0.00565084
24999 29237 29155 -0.00328013
25190 29377 29313 -0.00254069
24911 28385 28400 0.000602144
25291 28850 28937 0.00343996
24518 28334 28310 -0.000978873
25215 28660 28510 -0.00594884
27051 29415 29829 0.0153044
26004 29829 29719 -0.00423012
25158 28430 28547 0.00465061
24598 28400 28454 0.0021953
24755 28281 28271 -0.000403959
25284 28072 28280 0.00822655
25099 28660 28402 -0.0102793
25303 28989 29011 0.000869462
25737 29044 28826 -0.0084703
24731 27920 27915 -0.000202175
25067 28435 28355 -0.00319145
26468 29002 28905 -0.0036648
25160 29110 29110 0
25252 29191 29288 0.00384128
25368 29311 29311 0
25674 28780 28648 -0.00514139
25946 28459 28513 0.00208125
25557 29221 28934 -0.0112298
25196 28754 28676 -0.00309573
24681 28355 28300 -0.00222843
25764 30030 29934 -0.00372613
25133 28773 28677 -0.00381968
24877 29279 29270 -0.00036178
25154 28864 28916 0.00206727
25694 28754 28942 0.00731688
26108 28291 28191 -0.00383024
25861 29324 29436 0.00433085
25108 28506 28448 -0.00231002
25115 28556 28589 0.00131396
25553 29257 29284 0.00105663
26201 30354 30351 -0.000114499
26324 29206 29283 0.00292509
26022 29307 29227 -0.00307432
24388 28157 28145 -0.000492045
26065 29688 29667 -0.000805678
24707 29356 29356 0
26382 29034 29183 0.00564779
24115 28163 27932 -0.0095791
25463 27855 27906 0.00200291
25757 28990 29051 0.00236829
24333 28592 28599 0.000287675
25051 29051 29174 0.00490998
24551 28318 28160 -0.00643558
25587 29979 29990 0.000429906
24114 28782 28701 -0.00335904
25252 28860 28970 0.00435609
24619 29115 28951 -0.00666152
25640 29127 29087 -0.00156006
24464 28328 28248 -0.00327011
26728 28905 28861 -0.00164621
25773 29271 29249 -0.000853606
25570 29126 29129 0.000117325
25862 29776 29748 -0.00108267
24522 28743 28497 -0.0100318
26279 29484 29236 -0.00943719
25272 29574 29536 -0.00150364
25098 28513 28535 0.000876564
25981 29363 29184 -0.00688965
26004 29083 28998 -0.00326873
25406 29217 29442 0.00885618
24574 27957 28224 0.0108651
25689 29020 28931 -0.00346452
25626 29265 29244 -0.00081948
24958 28775 28850 0.00300505
24988 28860 28843 -0.000680327
24340 28225 28342 0.0048069
26429 29451 29464 0.000491884
24830 28287 28176 -0.0044704
25343 28421 28421 0
24981 29116 29006 -0.00440335
25606 28763 28733 -0.0011716
26443 29457 29368 -0.00336573
24685 29259 29277 0.000729188
24921 28226 28180 -0.00184583
25555 28589 28803 0.0083741
23822 28251 28284 0.00138527
24398 28010 27945 -0.00266415
23695 28007 28007 0
25200 29401 29180 -0.00876984
24875 28580 28541 -0.00156784
25152 29369 29337 -0.00127226
23734 28618 28609 -0.000379203
24754 28786 28771 -0.000605963
25012 28577 28660 0.00331841
25348 28572 28535 -0.00145968
25129 29312 29340 0.00111425
25553 28514 28532 0.000704418
26045 28679 28525 -0.00591284
25318 28655 28585 -0.00276483
25760 29217 29186 -0.00120342
24348 27960 27984 0.000985707
24752 28564 28608 0.00177763
24750 28875 28924 0.0019798
26321 29963 29752 -0.00801641
24640 28804 28641 -0.00661526
26446 29654 29677 0.000869697
25271 29169 29159 -0.00039571
25633 28559 28620 0.00237974
24314 28677 28603 -0.00304351
24910 28632 28212 -0.0168607
25401 28783 28746 -0.00145664
25627 29037 28897 -0.00546299
24934 29204 29432 0.00914414
25124 28869 29018 0.00593058
25590 28626 28618 -0.000312622
25497 28488 28780 0.0114523
25002 29215 29330 0.00459963
25423 28909 28963 0.00212406
24579 28820 28903 0.00337687
25068 28859 28872 0.000518589
25414 28909 28852 -0.00224286
25881 29648 29723 0.00289788
25590 28601 28680 0.00308714
25707 29663 29717 0.0021006
24876 28342 28337 -0.000200997
24000 28369 28415 0.00191667
25061 28559 28489 -0.00279318
25518 29163 29130 -0.0012932
26121 29370 29381 0.000421117
26346 29563 29525 -0.00144234
26289 29440 29390 -0.00190194
25673 29132 29140 0.000311611
25671 28450 28452 7.79089e-05
25160 29310 28941 -0.0146661
24661 28846 28862 0.000648798
25665 29173 28927 -0.00958504
26661 30050 29960 -0.00337572
25759 28844 28916 0.00279514
25588 28621 28416 -0.00801157
25016 29675 29709 0.00135913
26815 29660 29612 -0.00179004
24785 29335 29214 -0.00488199
25563 29020 28834 -0.00727614
25235 29057 29023 -0.00134734
25983 28754 28733 -0.000808221
26718 29185 29245 0.00224568
25466 28706 28653 -0.00208121
23716 28688 28692 0.000168663
24822 29052 28906 -0.00588188
26548 29177 29097 -0.00301341
24927 28119 28051 -0.00272797
25188 28248 28587 0.0134588
23816 28683 28593 -0.00377897
25633 29061 28873 -0.0073343
25674 29135 28937 -0.00771208
25654 29682 29337 -0.0134482
25288 28456 28407 -0.00193768
26717 29744 29563 -0.00677471
26135 28542 28681 0.00531854
26664 29791 29700 -0.00341284
25361 29342 29474 0.00520484
25270 28745 28822 0.00304709
25716 29249 29322 0.0028387
24825 28838 28924 0.00346425
24924 28843 28823 -0.000802439
25178 29122 29156 0.00135039
25918 29097 29104 0.000270083
24723 28374 28147 -0.00918173
25118 27920 28073 0.00609125
25056 29143 29060 -0.00331258
25599 28622 28393 -0.00894566
24393 28579 28483 -0.00393556
25610 28670 28388 -0.0110113
24869 28474 28484 0.000402107
26418 29920 29842 -0.00295253
25313 28705 28851 0.00576779
25666 28756 28619 -0.0053378
24435 28117 28058 -0.00241457
26018 28639 28714 0.00288262
25859 28704 28962 0.00997718
25683 28704 28683 -0.000817661
24261 29228 29231 0.000123655
25948 30297 30267 -0.00115616
25344 28847 28847 0
24159 29867 29867 0
24497 28208 28195 -0.000530677
26140 28962 28920 -0.00160673
25268 29517 29318 -0.00787557
25575 29605 29804 0.00778104
24871 28497 28433 -0.00257328
25280 29098 29232 0.00530063
26277 29725 29701 -0.000913346
26359 29350 29274 -0.00288327
25135 28888 28782 -0.00421723
25036 29188 28838 -0.0139799
25024 29162 29136 -0.001039
24924 28559 28533 -0.00104317
26876 29765 29852 0.00323709
24524 29650 29544 -0.0043223
25646 28443 28136 -0.0119707
24712 28126 28398 0.0110068
25137 29278 29040 -0.00946811
24238 28485 28428 -0.00235168
24480 28406 28490 0.00343137
25440 28279 28205 -0.00290881
25745 29790 29933 0.00555448
24443 28962 29045 0.00339566
24309 28470 28734 0.0108602
24363 28741 28706 -0.0014366
25475 29354 29362 0.000314033
24205 28509 28150 -0.0148316
25661 29227 29198 -0.00113012
24250 29017 29077 0.00247423
24178 28442 28379 -0.00260567
25670 28594 28781 0.00728477
25857 29587 29544 -0.00166299
26340 29121 29148 0.00102506
26028 28967 28973 0.000230521
24106 28979 28958 -0.000871152
25360 29758 29625 -0.00524448
25482 29365 29011 -0.0138922
25985 29430 29194 -0.00908216
25631 29550 29557 0.000273107
25074 28821 28899 0.00311079
25687 29645 29594 -0.00198544
25040 29148 29075 -0.00291534
24587 28507 28656 0.00606011
26124 28567 28829 0.0100291
25261 29148 29218 0.00277107
25617 28973 28833 -0.00546512
24952 28934 28607 -0.0131052
26237 30102 30145 0.00163891
27150 30121 30034 -0.00320442
25964 28813 28655 -0.00608535
24973 29426 29398 -0.00112121
25230 29229 29082 -0.0058264
26688 29503 29477 -0.000974221
24780 28718 28752 0.00137207
25379 28331 28432 0.00397967
26252 29789 29724 -0.002476
24938 27907 28021 0.00457134
25581 29579 29621 0.00164184
25307 28720 28504 -0.00853519
25639 28824 28835 0.000429034
25072 29129 28985 -0.00574346
25118 29009 28750 -0.0103113
26302 29858 29755 -0.00391605
23967 28490 28480 -0.00041724
25323 29506 29476 -0.00118469
25632 28631 28611 -0.000780275
25149 29298 29197 -0.00401606
26074 28977 29121 0.00552274
25307 28931 28821 -0.00434662
25783 29733 29894 0.00624442
24217 28617 28554 -0.00260148
24765 29055 29154 0.00399758
25445 29094 29113 0.000746709
24934 29055 29092 0.00148392
24350 28278 28149 -0.00529774
24883 29116 29210 0.00377768
24859 28402 28320 -0.0032986
25499 28555 28508 -0.00184321
25424 28753 28847 0.00369729
25246 29124 29146 0.000871425
25454 28710 28678 -0.00125717
25502 28719 28795 0.00298016
24398 28517 28647 0.00532831
25450 29350 29121 -0.00899804
25343 29452 29455 0.000118376
23697 27846 27838 -0.000337595
23987 28269 28230 -0.00162588
25249 28366 28318 -0.00190107
25212 29706 29745 0.00154688
24412 29115 29127 0.000491562
25551 29560 28960 -0.0234824
25226 29156 28844 -0.0123682
25336 28083 28079 -0.000157878
25584 28828 28872 0.00171982
26127 29540 29393 -0.00562636
26072 28876 29041 0.00632863
26063 28755 29007 0.00966888
26011 29189 29081 -0.00415209
26314 29158 29118 -0.0015201
26147 29488 29439 -0.00187402
26095 29279 29343 0.00245258
25966 29550 29528 -0.000847262
24852 28129 28167 0.00152905
25119 28611 28420 -0.00760381
24813 28345 28622 0.0111635
25968 28871 28619 -0.00970425
24375 28119 28141 0.000902564
24746 27685 27631 -0.00218217
25145 28780 28723 -0.00226685
24819 28655 28643 -0.000483501
25142 28481 28637 0.00620476
25774 29074 29036 -0.00147435
25847 28894 28899 0.000193446
24737 28975 28918 -0.00230424
25869 29543 29543 0
24837 27810 27654 -0.00628095
24374 28507 28460 -0.00192828
24863 29147 29154 0.000281543
25533 29662 29697 0.00137078
25754 28805 28765 -0.00155316
24818 27918 28060 0.00572165
24801 29122 29227 0.0042337
25651 29753 29708 -0.00175432
24891 28046 28010 -0.00144631
25352 28723 28658 -0.0025639
25890 28872 28506 -0.0141367
25044 28633 28624 -0.000359368
25356 28773 28617 -0.00615239
25707 29013 29121 0.00420119
25107 29051 29119 0.00270841
26240 29439 29327 -0.00426829
25234 29457 29549 0.00364587
25831 29434 29394 -0.00154853
25615 29010 28781 -0.00894007
26285 28615 28590 -0.000951113
26016 29275 29242 -0.00126845
25518 28721 28476 -0.00960107
24389 28412 28410 -8.20042e-05
26886 30131 30069 -0.00230603
24695 28264 28228 -0.00145778
24663 28342 28243 -0.00401411
25089 29040 28683 -0.0142293
23870 28236 28226 -0.000418936
24294 29016 28931 -0.00349881
26111 29686 29599 -0.00333193
24574 28845 28887 0.00170912
26096 29220 29509 0.0110745
24449 28455 28468 0.000531719
25331 28948 28956 0.000315819
26011 29331 29233 -0.00376764
25867 28687 28449 -0.00920091
23969 28948 29018 0.00292044
25630 29496 29467 -0.00113149
24995 29068 29222 0.00616123
24526 28927 28963 0.00146783
26404 29475 29438 -0.0014013
25849 29014 28923 -0.00352045
26789 29741 29586 -0.00578596
25517 28864 28421 -0.017361
23149 28679 28550 -0.00557259
25691 29200 29159 -0.00159589
25146 29053 29049 -0.000159071
24232 28486 28220 -0.0109772
25378 28617 28850 0.00918118
26057 29856 29856 0
24470 28167 28162 -0.000204332
26285 29295 29337 0.00159787
25417 28873 28871 -7.86875e-05
25641 28783 28712 -0.002769
25220 28489 28543 0.00214116
25124 29213 29214 3.98026e-05
24952 28618 28691 0.00292562
26705 29970 30142 0.00644074
25216 28580 28459 -0.00479854
24960 28097 28010 -0.00348558
25022 28285 28207 -0.00311726
25939 29683 29445 -0.00917537
24061 28010 28128 0.0049042
24711 28252 28441 0.00764842
25478 29280 29276 -0.000156998
25192 28419 28355 -0.00254049
25566 29372 29333 -0.00152546
23984 28065 28065 0
24760 28660 28730 0.00282714
24593 28141 28057 -0.00341561
25288 28846 28541 -0.0120611
24954 28893 28810 -0.00332612
24818 29240 29144 -0.00386816
24938 29604 29584 -0.000801989
26106 29219 29101 -0.00452003
25629 28971 28916 -0.00214601
25440 29299 29198 -0.00397013
24209 28724 28641 -0.00342848
25335 28624 28624 0
25062 28570 28578 0.000319208
25576 29245 29235 -0.000390992
25325 28770 28721 -0.00193485
24888 28520 28545 0.0010045
24507 28974 28991 0.000693679
24687 27895 27919 0.000972172
24680 28550 28465 -0.00344408
25400 29286 29340 0.00212598
25691 28865 28881 0.000622786
24514 28660 28298 -0.0147671
24854 29152 29164 0.00048282
24954 28766 28637 -0.00516951
24320 27980 28031 0.00209704
25539 28677 28670 -0.000274091
25580 29311 29281 -0.00117279
24903 28652 28758 0.00425652
25710 29041 29200 0.00618436
25710 29152 29129 -0.000894594
25474 28748 28829 0.00317971
25507 29093 28886 -0.00811542
25325 29324 29296 -0.00110563
24996 29319 29383 0.00256041
26336 29380 29263 -0.00444259
24663 29195 29195 0
25021 28671 28710 0.00155869
24498 28997 28972 -0.00102049
24141 28475 28538 0.00260967
25171 29217 29194 -0.00091375
24939 28871 28894 0.00092225
25061 28677 28931 0.0101353
25866 28938 28917 -0.000811877
25220 29055 29152 0.00384615
25360 29013 28816 -0.00776814
25991 28801 28792 -0.000346274
25233 28598 28962 0.0144256
26374 30213 30125 -0.00333662
26192 29437 29391 -0.00175626
24904 28619 28711 0.00369419
25542 29140 28973 -0.00653825
24519 28114 28076 -0.00154982
25626 28969 28910 -0.00230235
26003 29335 29259 -0.00292274
26264 29841 29660 -0.00689156
24786 28882 28870 -0.000484144
26537 30116 29885 -0.00870483
26295 29658 29705 0.00178741
25762 29391 29360 -0.00120332
24373 28311 28201 -0.00451319
25505 28788 28740 -0.00188198
25112 29082 29029 -0.00211054
25025 28782 28617 -0.00659341
25607 28717 28559 -0.00617019
26172 29343 29305 -0.00145193
25455 28804 28690 -0.00447849
24910 28867 29095 0.00915295
24348 28332 28341 0.00036964
24830 28477 28233 -0.00982682
25540 28755 28731 -0.000939702
25258 29347 29243 -0.00411751
25841 29170 29056 -0.00441159
25529 29562 29559 -0.000117513
25172 29246 29367 0.00480693
26403 29912 29837 -0.00284059
26071 29570 29554 -0.000613709
25509 29203 29167 -0.00141127
24801 28099 28121 0.000887061
25673 29169 29175 0.000233709
25755 29094 29079 -0.000582411
26410 29622 29480 -0.00537675
25598 29311 29335 0.000937573
24799 28533 28592 0.00237913
25068 29166 29297 0.00522579
24633 29266 29422 0.00633297
25593 29099 28898 -0.00785371
25585 29635 29647 0.000469025
24883 29105 29039 -0.00265241
25022 28924 29012 0.00351691
25555 29398 29426 0.00109568
24341 28677 28801 0.00509429
26205 29350 29453 0.00393055
25523 30023 30041 0.000705246
24456 28752 28805 0.00216716
26661 29792 29826 0.00127527
26301 30091 29922 -0.00642561
26404 29138 29030 -0.00409029
25944 29071 29184 0.00435553
25020 28798 28764 -0.00135891
24210 28270 28323 0.00218918
24849 29013 28967 -0.00185118
25588 28697 28647 -0.00195404
25035 28685 28905 0.0087877
25073 28856 28882 0.00103697
25181 28478 28541 0.00250189
25492 28693 28736 0.0016868
26458 29521 29519 -7.55915e-05
24603 28158 28365 0.00841361
26166 29274 29274 0
25148 28478 28629 0.00600445
24328 28131 28200 0.00283624
25953 29378 29379 3.85312e-05
24864 29143 29057 -0.00345882
25497 28342 28345 0.000117661
24877 29446 29365 -0.00325602
25580 29011 28915 -0.00375293
26120 29144 29233 0.00340735
24607 29302 29206 -0.00390133
24809 29403 29404 4.0308e-05
25681 28819 28834 0.000584089
24731 29018 29142 0.00501395
24482 28121 28126 0.000204232
25511 29659 29647 -0.000470385
26410 29759 29656 -0.00390004
23829 28190 28149 -0.00172059
24735 28682 28523 -0.00642814
26560 29973 29957 -0.00060241
24784 28913 29052 0.00560846
25247 28927 28991 0.00253495
24979 28680 28872 0.00768646
25374 29045 28949 -0.0037834
26698 29282 29384 0.00382051
26170 29582 29458 -0.00473825
25697 29001 29056 0.00214033
25449 28515 28612 0.00381154
25214 28342 28453 0.00440232
24551 28088 28270 0.00741314
25347 29384 29236 -0.00583896
25842 28353 28266 -0.00336661
25477 28886 28822 -0.00251207
24517 28896 28870 -0.00106049
24995 28646 28778 0.00528106
25234 28794 28788 -0.000237774
24534 28418 28359 -0.00240483
24058 28833 28754 -0.00328373
24925 28636 28316 -0.0128385
25166 28291 28286 -0.000198681
26159 29587 29477 -0.00420505
25261 28214 28306 0.00364198
25955 29612 29520 -0.0035446
26643 29847 29871 0.000900799
26296 29487 29449 -0.00144509
25202 28787 28780 -0.000277756
25339 29077 28865 -0.00836655
25167 29128 29097 -0.00123177
25073 28399 28821 0.0168309
24786 28110 28122 0.000484144
25290 28598 28558 -0.00158165
25525 29131 28816 -0.0123408
25650 29022 28982 -0.00155945
26052 28763 28828 0.00249501
25384 28228 28342 0.00449102
24882 28779 28636 -0.00574713
25774 28336 28297 -0.00151315
25095 29185 29001 -0.00733214
25506 29216 29216 0
25471 29932 29995 0.0024734
25581 28681 28427 -0.00992924
25120 28505 28785 0.0111465
25381 29869 29826 -0.00169418
26083 29683 29632 -0.0019553
24651 29234 29265 0.00125756
25967 29305 29305 0
24571 28210 27961 -0.0101339
25913 29004 29103 0.00382048
25517 28928 28810 -0.00462437
23965 28930 28913 -0.000709368
25795 29628 29628 0
24960 28330 28257 -0.00292468
25011 28449 28331 -0.00471792
25293 28018 27996 -0.000869806
25970 28947 29056 0.00419715
25215 28427 28535 0.00428316
25617 28921 28778 -0.00558223
25385 28784 28784 0
25395 28557 28568 0.000433156
23553 28454 28504 0.00212287
24017 28108 28315 0.00861889
25327 28942 28928 -0.00055277
25087 28821 28809 -0.000478335
24927 28324 28324 0
25344 28356 28371 0.000591856
24871 29181 29071 -0.00442282
25426 28845 28940 0.00373633
25239 29341 29394 0.00209992
24683 28922 28903 -0.000769761
24712 28899 28707 -0.0077695
24225 28378 28280 -0.00404541
24837 28595 28559 -0.00144945
24305 28637 28783 0.00600699
24823 28046 28086 0.00161141
26134 29600 29549 -0.00195148
25449 28946 28910 -0.00141459
25409 29632 29646 0.000550986
25998 29251 29172 -0.0030387
25969 29504 29310 -0.00747045
24901 28780 28800 0.000803181
24488 28531 28420 -0.00453283
25110 29882 29820 -0.00246914
25488 28507 28393 -0.00447269
25189 28598 28572 -0.0010322
26102 30406 30372 -0.00130258
25658 29023 28972 -0.00198768
25895 28856 28993 0.0052906
25924 29554 29594 0.00154297
25016 28508 28733 0.00899424
25031 28818 28831 0.000519356
25469 28629 28710 0.00318034
25099 28662 28688 0.0010359
25731 29408 29345 -0.00244841
25526 28410 28401 -0.000352582
25727 29906 29927 0.000816263
26671 29952 29931 -0.000787372
25651 29920 29841 -0.0030798
25852 28749 28600 -0.00576358
25546 28692 28547 -0.00567604
24942 29042 29040 -8.0186e-05
25481 28892 28892 0
25467 28890 28990 0.00392665
25208 28466 28000 -0.0184862
25419 29132 28990 -0.00558637
26366 29231 29154 -0.00292043
25527 29753 29753 0
25624 28921 28919 -7.80518e-05
25584 29307 29357 0.00195435
24561 28840 28818 -0.000895729
25267 29799 29817 0.000712392
24976 28572 28626 0.00216208
24819 29141 29089 -0.00209517
25433 29106 29081 -0.000982975
25042 28153 28242 0.00355403
24922 29508 29437 -0.00284889
25575 28638 28592 -0.00179863
24580 28113 28308 0.00793328
26388 29206 28990 -0.00818554
25460 28087 28015 -0.00282797
25105 28974 28688 -0.0113922
24605 28689 28681 -0.000325137
25928 29070 29070 0
25593 28683 28323 -0.0140663
25490 29225 29044 -0.00710082
24638 28911 28911 0
26463 29355 29395 0.00151154
24745 28225 27856 -0.0149121
25348 29169 29169 0
24632 29187 29187 0
25646 29629 29718 0.00347033
24018 29092 28884 -0.00866017
24432 28792 28755 -0.00151441
24994 28970 28722 -0.00992238
25871 28991 28943 -0.00185536
24514 29258 29222 -0.00146855
24671 28836 28942 0.00429654
25465 28776 28651 -0.0049087
25227 29137 29160 0.000911722
25596 28738 28660 -0.00304735
25358 29468 29444 -0.000946447
23846 28695 28546 -0.00624843
24198 28201 28189 -0.000495909
25478 29016 29018 7.84991e-05
24377 28344 28076 -0.010994
26394 29261 29362 0.00382663
24824 28722 28982 0.0104737
25015 28829 28811 -0.000719568
24401 29495 29361 -0.00549158
25854 29678 29678 0
25362 28930 28825 -0.00414005
26096 29114 29183 0.00264408
26097 29755 29812 0.00218416
24828 29259 29107 -0.00612212
24041 28397 28282 -0.00478349
25879 29186 29304 0.00455968
25335 29073 29039 -0.00134202
25019 27702 27805 0.00411687
25822 28784 28813 0.00112307
26127 28868 28851 -0.000650668
25175 28544 28528 -0.000635551
24767 29026 29007 -0.00076715
25343 29316 29445 0.00509016
26172 29437 29464 0.00103164
25350 28990 28922 -0.00268245
24670 28569 28429 -0.00567491
25293 28855 29019 0.00648401
26142 29481 29399 -0.00313671
23639 27429 27370 -0.00249588
25046 29805 29465 -0.013575
26194 29813 29813 0
26163 29833 29898 0.00248442
24553 28506 28538 0.0013033
25702 28649 28695 0.00178974
26815 29620 29616 -0.00014917
25737 28453 28226 -0.00881999
25718 28491 28478 -0.000505483
26219 29472 29593 0.00461497
24961 28951 28952 4.00625e-05
24415 29210 29212 8.19169e-05
25786 29826 29740 -0.00333514
25863 29513 29354 -0.00614778
25411 29067 28864 -0.00798867
24730 28500 28463 -0.00149616
25129 28758 28641 -0.00465598
25357 29012 28949 -0.00248452
26586 29667 29441 -0.00850071
25254 28688 28708 0.000791954
25962 28449 28374 -0.00288884
25409 29881 29842 -0.00153489
24713 28556 28602 0.00186137
25998 28476 28254 -0.00853912
26648 30018 30026 0.00030021
26655 29410 29587 0.00664041
25668 29271 29177 -0.00366215
26085 29178 29048 -0.00498371
25921 29627 29616 -0.000424366
25245 28704 28957 0.0100218
25550 28682 28675 -0.000273973
24988 28898 28801 -0.00388186
24298 27697 27674 -0.00094658
24479 28754 28697 -0.00232853
25521 28949 29031 0.00321304
24440 28768 28825 0.00233224
25927 29362 29432 0.00269989
25408 29505 29571 0.00259761
25414 29084 29056 -0.00110175
25609 29185 29163 -0.000859073
24730 28958 29024 0.00266882
26232 29488 29487 -3.81214e-05
24951 29369 29284 -0.00340668
25777 29423 29444 0.00081468
24376 29068 29149 0.00332294
25174 29789 29816 0.00107254
25121 29063 28826 -0.00943434
23889 28845 28810 -0.00146511
24357 29644 29414 -0.00944287
25302 29644 29666 0.000869496
25565 29300 29316 0.000625856
25480 29078 29028 -0.00196232
25153 28698 28842 0.00572496
24995 28505 28408 -0.00388078
25172 29480 29376 -0.00413157
25001 28647 28730 0.00331987
25846 29623 29534 -0.00344347
24918 28891 28938 0.00188619
24300 29067 29119 0.00213992
25601 29313 29128 -0.00722628
24586 28549 28503 -0.00187098
25134 29526 29445 -0.00322273
25038 28560 28578 0.000718907
24596 28141 28406 0.0107741
25064 29353 29275 -0.00311203
24988 28595 28480 -0.00460221
25006 29266 29403 0.00547869
24422 28667 28522 -0.00593727
25488 29331 29331 0
25967 29048 28977 -0.00273424
25466 28692 28700 0.000314144
24382 28481 28745 0.0108277
25510 28749 28767 0.000705606
25867 28951 28814 -0.00529632
25194 28250 28190 -0.00238152
24827 28677 28728 0.00205422
26447 29854 29725 -0.00487768
25480 28685 28937 0.00989011
24575 28774 28584 -0.00773143
25750 29128 29122 -0.00023301
25057 29111 29222 0.0044299
25534 28835 28459 -0.0147255
26178 29955 29861 -0.0035908
25652 29056 28877 -0.00697801
24400 28731 28705 -0.00106557
25291 29730 29731 3.95398e-05
26449 29796 29745 -0.00192824
26357 29422 29523 0.003832
25706 29494 29612 0.00459037
25593 28598 28674 0.00296956
25964 28675 28602 -0.00281159
25347 29191 29248 0.00224879
25444 29111 29308 0.00774249
23796 29240 29222 -0.00075643
25051 28333 28030 -0.0120953
25289 28978 29110 0.00521966
25495 29495 29391 -0.00407923
25848 29197 29239 0.00162488
24647 28395 28395 0
25437 29608 29608 0
24960 29238 29118 -0.00480769
24311 27647 27604 -0.00176875
25338 29095 29061 -0.00134186
24927 28274 28222 -0.00208609
25102 29131 29139 0.0003187
24277 28614 28244 -0.0152408
