18154 20823 20923 0.00550843
16746 20880 20879 -5.97158e-05
18711 21323 21087 -0.0126129
18822 21494 21635 0.00749123
17686 21256 21325 0.00390139
17816 21263 21226 -0.00207678
18322 21416 21436 0.00109158
18259 21483 21663 0.00985815
17739 20803 20853 0.00281865
17772 20499 20441 -0.00326356
18139 21246 21275 0.00159877
18091 21128 21016 -0.00619092
17581 20430 20298 -0.00750811
17328 22036 22011 -0.00144275
18233 21208 21247 0.00213898
17749 20476 20556 0.0045073
17538 21271 21281 0.00057019
17363 21207 21162 -0.00259172
18055 21150 21265 0.00636943
18249 21566 21566 0
18402 21322 21355 0.00179328
18267 20999 20976 -0.0012591
17681 20916 20878 -0.0021492
18361 21124 21128 0.000217853
17820 20647 20837 0.0106622
18082 21350 21359 0.000497733
19007 21440 21507 0.00352502
18552 21951 21825 -0.00679172
17856 20740 20724 -0.000896057
18287 21234 21094 -0.00765571
18132 21371 21146 -0.012409
17289 21060 21067 0.000404882
18227 21470 21438 -0.00175564
17509 20958 21020 0.00354104
17517 20814 20769 -0.00256893
17712 21094 21094 0
17622 20810 20711 -0.00561798
18208 21739 21613 -0.00692004
18198 21471 21642 0.00939664
18697 20814 21019 0.0109643
18854 21386 21474 0.00466744
17870 21408 21407 -5.59597e-05
17518 21575 21574 -5.70841e-05
18215 21202 21036 -0.00911337
17913 20622 20674 0.00290292
19197 21994 21999 0.000260457
19063 21473 21361 -0.00587526
17803 21285 21293 0.000449362
17981 20780 20787 0.0003893
17293 20686 20682 -0.000231307
17103 20581 20603 0.00128632
18896 21212 21212 0
17712 20480 20505 0.00141147
18071 21350 21351 5.53373e-05
18289 21203 21208 0.000273388
18834 21348 21105 -0.0129022
18122 21472 21382 -0.00496634
18608 21720 21631 -0.00478289
18053 21222 21207 -0.000830887
17715 20386 20439 0.00299181
17516 21191 21232 0.00234072
17527 20957 21097 0.00798768
18390 21960 21937 -0.00125068
18684 21861 21770 -0.00487048
17787 19972 20088 0.00652162
17031 20769 20878 0.00640009
17943 20875 20953 0.0043471
18931 21217 21320 0.00544081
17819 20951 21138 0.0104944
18422 20896 20909 0.000705678
17930 20731 20725 -0.000334635
17618 21014 21001 -0.000737882
18227 21778 21701 -0.0042245
17642 21475 21313 -0.00918263
17338 20632 20575 -0.00328758
16827 20259 20292 0.00196113
17270 20760 20659 -0.00584829
18667 20991 21132 0.00755344
18838 21477 21645 0.00891814
18057 21473 21371 -0.00564878
17516 20228 19854 -0.0213519
18463 21096 21047 -0.00265396
18149 20768 20785 0.000936691
18603 20649 20737 0.00473042
18698 21263 21203 -0.0032089
17928 21485 21485 0
17736 20863 20825 -0.00214253
19143 21764 21761 -0.000156715
18730 21805 21895 0.00480513
18840 21590 21574 -0.000849257
18740 21725 21885 0.00853789
18482 21265 21379 0.00616816
18640 21485 21388 -0.00520386
17510 20649 20691 0.00239863
17743 21428 21450 0.00123993
18037 20842 20872 0.00166325
18472 20828 20732 -0.00519706
17723 21012 21156 0.00812504
18213 20835 21046 0.0115851
17922 20401 20487 0.00479857
17715 21677 21677 0
18830 21550 21440 -0.00584174
18399 21501 21220 -0.0152726
19115 20854 20854 0
17525 21296 21279 -0.000970043
18789 21880 21740 -0.00745117
18279 20991 20878 -0.00618196
17292 21062 21078 0.000925283
17509 20553 20576 0.00131361
18555 21783 21852 0.00371867
18674 21324 21008 -0.0169219
18701 20906 20987 0.00433132
18772 21396 21315 -0.00431494
18261 20944 21025 0.00443568
18096 19963 20019 0.00309461
17297 20845 20633 -0.0122565
18392 20907 20755 -0.00826446
18042 21567 21520 -0.00260503
19350 21909 21927 0.000930233
18809 21005 20981 -0.00127598
18708 21311 21295 -0.000855249
17834 21279 21236 -0.00241112
18425 21233 21266 0.00179104
17850 20683 20670 -0.000728291
17669 21223 21150 -0.00413153
18159 20931 21020 0.00490115
17340 20491 20422 -0.00397924
18801 21470 21478 0.000425509
17648 21156 21195 0.00220988
18384 21873 21854 -0.00103351
18334 21478 21601 0.00670885
18572 21852 21950 0.00527676
17613 20881 20867 -0.000794867
18386 21451 21214 -0.0128902
18483 21634 21651 0.000919764
17562 21224 21008 -0.0122993
17493 21754 21567 -0.01069
18659 21639 21620 -0.00101828
17903 20595 20580 -0.000837848
18232 21353 21291 -0.00340061
17340 20748 20701 -0.0027105
18291 21102 20966 -0.00743535
17941 20291 20365 0.00412463
18609 21267 21267 0
17816 20982 21000 0.00101033
18443 21395 21282 -0.00612699
18928 21149 21209 0.00316991
18429 20865 20992 0.00689131
18103 21763 21677 -0.00475059
17728 20997 21026 0.00163583
18430 21336 21416 0.00434075
18550 20790 20769 -0.00113208
17826 20795 20775 -0.00112196
17635 20717 20439 -0.0157641
17664 20926 20988 0.00350996
17331 20951 21178 0.0130979
17429 20423 20627 0.0117046
17583 20987 20958 -0.00164932
17979 21416 21396 -0.00111241
18598 20807 20725 -0.00440908
18747 21358 21395 0.00197365
18331 21698 21639 -0.00321859
17857 20885 21020 0.00756006
18892 21480 21527 0.00248783
17570 20702 20771 0.00392715
18033 21304 21192 -0.00621084
19081 21590 21610 0.00104816
18349 21318 21343 0.00136247
17843 20816 21000 0.0103122
17857 21306 21284 -0.00123201
17596 20707 20842 0.0076722
18408 21053 21325 0.0147762
18002 20997 21015 0.000999889
18489 20801 20887 0.00465141
18342 21705 21734 0.00158107
18290 21329 21331 0.000109349
18754 21747 21583 -0.0087448
18049 21008 21057 0.00271483
18367 20951 20993 0.00228671
18829 21190 21256 0.00350523
18387 21704 21766 0.00337195
18494 20819 20901 0.00443387
18681 21098 21204 0.00567421
17976 20631 20687 0.00311526
18300 21769 21694 -0.00409836
19262 21568 21670 0.0052954
17276 20520 20604 0.00486224
17528 20582 20662 0.00456413
18244 21403 21482 0.00433019
18620 21595 21511 -0.00451128
17194 20574 20577 0.000174479
18584 21498 21344 -0.0082867
18494 21147 21179 0.00173029
18658 21431 21460 0.00155429
18849 21314 21326 0.000636639
17619 20721 20695 -0.00147568
18532 21359 21231 -0.00690697
18566 20801 20745 -0.00301627
17515 20682 20771 0.00508136
18045 21157 21170 0.000720421
19243 22428 22419 -0.000467703
19120 21320 21197 -0.00643305
17805 21160 21057 -0.00578489
18066 21747 21811 0.00354257
18774 21505 21527 0.00117183
17586 20280 20497 0.0123394
17855 21419 21397 -0.00123215
17910 21299 21315 0.000893356
18130 20744 20795 0.00281302
18180 21324 21232 -0.00506051
17631 20133 20157 0.00136124
18632 21785 21779 -0.000322027
18839 21232 21278 0.00244174
18133 21427 21425 -0.000110296
17957 21019 20966 -0.0029515
18341 20789 20912 0.00670629
17890 21068 21054 -0.00078256
18115 21237 21114 -0.00678995
17802 20866 20806 -0.00337041
18366 21640 21607 -0.0017968
18601 21835 21862 0.00145153
17441 20651 20649 -0.000114672
19036 21758 21783 0.0013133
17406 20599 20504 -0.00545789
19016 21724 21542 -0.00957089
17891 21261 21273 0.000670728
18726 21505 21574 0.00368472
18322 20796 20786 -0.000545792
18359 21504 21520 0.000871507
18935 21363 21436 0.00385529
19245 21682 21604 -0.004053
17826 20849 20849 0
18433 21723 21646 -0.00417729
18094 20667 20725 0.00320548
17385 20662 20550 -0.00644234
17230 20233 20212 -0.0012188
18231 21360 21370 0.000548516
17812 21194 21173 -0.00117898
17708 21360 21267 -0.00525186
17790 21146 21171 0.00140528
18136 20865 20781 -0.00463167
17864 21057 21043 -0.000783699
16838 20481 20328 -0.00908659
18245 20931 20837 -0.0051521
19135 21772 21897 0.00653253
18806 22353 22327 -0.00138254
17573 20852 20836 -0.000910488
17027 20702 20662 -0.00234921
18049 21010 21010 0
18565 20839 20929 0.00484783
17361 20374 20030 -0.0198145
18251 21179 21142 -0.00202729
18516 21489 21490 5.40073e-05
17479 19984 20072 0.00503461
17468 20667 20673 0.000343485
18561 20840 20892 0.00280157
17610 21133 20959 -0.00988075
17897 21052 20946 -0.00592278
18099 21152 21152 0
18515 21157 21224 0.00361869
18332 20755 20650 -0.00572769
18615 21165 21058 -0.00574805
18135 21080 21150 0.00385994
17802 20867 20831 -0.00202224
18374 21551 21180 -0.0201916
18103 21026 21090 0.00353533
17566 21001 21025 0.00136628
18269 21560 21383 -0.00968854
18517 21210 21156 -0.00291624
19073 20675 20681 0.000314581
18815 21577 21668 0.00483657
17441 20383 20544 0.00923112
17984 20512 20497 -0.000834075
18598 21558 21574 0.000860308
18814 21831 21800 -0.00164771
18867 21455 21369 -0.00455822
18651 21947 21916 -0.00166211
17277 19782 19821 0.00225734
18546 21499 21378 -0.00652432
17746 21357 21058 -0.0168489
18775 21173 21234 0.003249
17115 20403 20382 -0.00122699
18070 20455 20474 0.00105147
19010 21476 21489 0.000683851
17272 20802 20836 0.0019685
17869 21204 21100 -0.00582014
17187 20097 20077 -0.00116367
18352 21819 21938 0.00648431
16942 21071 21387 0.0186519
17626 21273 21298 0.00141836
17866 21171 21136 -0.00195903
18030 20787 20921 0.00743206
17510 21026 21100 0.00422616
19335 20925 20963 0.00196535
18647 21585 21218 -0.0196815
17953 20886 21093 0.0115301
18504 21744 21731 -0.000702551
18013 20980 20871 -0.00605119
18887 22004 21922 -0.00434161
18239 21502 21653 0.00827896
17803 20448 20434 -0.000786384
18303 21577 21600 0.00125662
18133 20786 20680 -0.0058457
18370 21635 21460 -0.0095264
17309 20441 20519 0.00450633
18262 20848 20915 0.00366882
18156 21215 21257 0.00231328
17657 20729 20971 0.0137056
18029 21291 21348 0.00316157
17969 21085 21121 0.00200345
18544 21275 21275 0
17159 20592 20483 -0.00635235
18229 20616 20673 0.00312689
17461 21262 21382 0.00687246
18346 20951 20813 -0.00752208
18931 21912 21919 0.000369764
17821 21650 21674 0.00134673
18150 20862 20862 0
17967 20771 20626 -0.00807035
16648 20171 20052 -0.00714801
17463 20519 20297 -0.0127126
16862 20145 20210 0.00385482
17992 21240 21227 -0.000722543
18258 21168 21139 -0.00158834
18182 21495 21503 0.000439996
17336 20969 21313 0.0198431
18049 21635 21661 0.00144052
17509 20980 21109 0.00736764
17868 20749 20624 -0.00699575
17993 21437 21531 0.00522425
18416 20755 20668 -0.00472415
18133 20746 20723 -0.00126841
18801 21140 21159 0.00101058
18577 21259 21370 0.00597513
17250 20667 20672 0.000289855
17762 21024 21146 0.0068686
18073 21011 20860 -0.008355
19193 21759 21678 -0.00422029
17286 20892 20802 -0.00520653
18986 21528 21439 -0.00468766
17754 20864 20864 0
18421 21052 21105 0.00287715
17818 21144 21082 -0.00347963
17490 20895 20780 -0.00657519
18109 20819 20719 -0.00552212
18507 21302 21274 -0.00151294
18063 21504 21361 -0.00791674
17830 21120 21029 -0.00510376
18703 20558 20835 0.0148105
17422 20349 20383 0.00195156
18714 21835 21750 -0.00454205
18164 21283 21143 -0.00770755
17577 20901 20718 -0.0104113
18062 20966 20770 -0.0108515
17934 20960 20877 -0.00462808
18117 21031 21080 0.00270464
18122 20268 20381 0.00623551
17796 21343 21252 -0.00511351
17901 20674 20641 -0.00184347
17135 20673 20927 0.0148235
17944 20605 20464 -0.00785778
18505 21821 21821 0
18864 21495 21487 -0.000424088
18794 21787 21660 -0.00675748
19202 21905 21921 0.000833247
18318 21436 21461 0.00136478
17775 20528 20441 -0.00489451
17990 21105 21250 0.00806003
17354 21194 21088 -0.0061081
18266 21464 21371 -0.00509143
19164 22101 22103 0.000104362
18691 21007 21029 0.00117704
18237 21175 21192 0.000932171
17856 21546 21652 0.00593638
19146 21386 21451 0.00339497
17461 21065 21131 0.00377985
17712 21159 20904 -0.014397
17872 20957 21027 0.00391674
18592 20802 20876 0.00398021
19575 21602 21671 0.0035249
17960 20526 20520 -0.000334076
17100 21024 21086 0.00362573
17521 20644 20747 0.00587866
19309 21315 21240 -0.0038842
17682 20322 20525 0.0114806
17784 20767 20731 -0.00202429
17248 21396 21295 -0.00585575
18487 21046 20988 -0.00313734
18483 21146 21053 -0.00503165
18486 21735 21757 0.00119009
17980 21003 20799 -0.0113459
19072 21630 21513 -0.00613465
18900 20683 20671 -0.000634921
18778 21423 21409 -0.000745553
17710 21219 21202 -0.00095991
17869 21195 21105 -0.00503666
17721 21049 21031 -0.00101574
17963 20998 20904 -0.00523298
17552 20984 20944 -0.00227894
18074 21160 21236 0.00420494
18190 21060 21126 0.00362837
18008 20665 20753 0.00488672
17717 20554 20595 0.00231416
17254 20598 20627 0.00168077
18061 20877 20914 0.00204861
17455 20601 20476 -0.00716127
18134 20970 21026 0.00308812
17659 20459 20355 -0.00588935
18976 21873 21947 0.00389966
17789 20783 20743 -0.00224858
17943 20721 20670 -0.00284233
17538 20869 20751 -0.00672825
18348 21094 21047 -0.00256159
18765 21727 21646 -0.00431655
18442 21011 20948 -0.00341612
16818 21225 21196 -0.00172434
18257 21925 21888 -0.00202662
18071 20753 20772 0.00105141
17175 21379 21425 0.00267831
17547 20912 20912 0
18474 21377 21473 0.00519649
17667 21346 21190 -0.00883002
18105 21348 21303 -0.0024855
17846 20971 20987 0.000896559
18002 21230 21176 -0.00299967
18534 21298 21303 0.000269774
18959 21738 21651 -0.00458885
17821 21115 21256 0.00791201
17933 21008 20986 -0.00122679
18635 21404 21417 0.000697612
18066 21315 21158 -0.00869036
19681 22043 22109 0.00335349
17648 21704 21487 -0.012296
18317 20368 20271 -0.00529563
17318 19990 19913 -0.00444624
18074 21032 20797 -0.0130021
17662 20616 20508 -0.00611482
17613 20661 20905 0.0138534
18334 20921 21025 0.00567252
17994 21412 21537 0.00694676
17518 21002 20973 -0.00165544
17580 20492 20513 0.00119454
17340 20740 20706 -0.00196078
18285 21373 21428 0.00300793
17242 20964 20701 -0.0152535
17882 20893 20797 -0.00536853
17431 21354 21326 -0.00160633
17849 20906 21077 0.00958037
18314 20984 20931 -0.00289396
18421 21579 21424 -0.00841431
19086 21355 21355 0
18862 21209 21147 -0.00328703
17116 20788 20673 -0.00671886
18023 21278 21260 -0.000998724
17854 21160 21022 -0.00772936
18631 21896 21740 -0.00837314
18630 21863 21868 0.000268384
17750 20856 20726 -0.00732394
17686 21049 21224 0.00989483
17785 21391 21165 -0.0127073
18136 20935 20950 0.000827084
18393 20477 20467 -0.000543685
18141 21433 21374 -0.0032523
18211 21032 21095 0.00345945
17581 21232 21056 -0.0100108
18601 21708 21713 0.000268803
19251 22281 22298 0.000883071
18258 20997 20959 -0.00208128
18373 21302 21434 0.00718446
17933 21129 20954 -0.00975855
19046 21318 21222 -0.00504043
17668 20817 20817 0
17893 20740 20757 0.000950092
18468 21372 21395 0.0012454
17442 20107 20088 -0.00108932
18552 21383 21517 0.00722294
18176 20731 20794 0.00346611
18502 21079 21043 -0.00194574
18283 21412 21215 -0.010775
17943 21018 21006 -0.000668784
18360 21516 21497 -0.00103486
17387 20835 20722 -0.00649911
18534 21315 21305 -0.000539549
18515 20673 20812 0.00750743
17827 21201 21223 0.00123408
18873 21108 21204 0.00508663
18166 21378 21239 -0.00765166
17884 21361 21194 -0.00933796
16743 21000 20958 -0.00250851
17509 20988 20890 -0.00559712
18358 21588 21615 0.00147075
17884 21151 21235 0.00469694
17262 20806 20823 0.000984822
18099 21832 21832 0
17420 20754 20574 -0.010333
18242 21002 21145 0.00783905
18434 21350 21271 -0.00428556
18049 21178 21109 -0.00382293
18099 20893 20980 0.0048069
17862 20906 20791 -0.00643825
17535 20571 20573 0.000114058
18266 21479 21459 -0.00109493
18041 21314 21181 -0.0073721
16618 20010 20064 0.00324949
17369 20609 20586 -0.0013242
18068 20615 20397 -0.0120655
17934 21860 21872 0.00066912
17837 21508 21487 -0.00117733
18531 21928 21936 0.000431709
17693 20895 20947 0.00293902
17872 20481 20444 -0.00207028
18253 21076 21084 0.000438284
18879 21715 21672 -0.00227766
18529 21383 21446 0.00340008
19072 21295 21317 0.00115352
18441 21000 20982 -0.000976086
18720 21117 21136 0.00101496
18744 21431 21538 0.00570849
18158 20576 20621 0.00247825
18384 21318 21373 0.00299173
17660 20982 20916 -0.00373726
17538 20700 20700 0
17804 20654 20681 0.00151651
18609 21328 21132 -0.0105325
17545 20645 20574 -0.00404674
18314 20539 20581 0.00229333
17654 20504 20574 0.00396511
17895 21354 21452 0.00547639
17980 20698 20691 -0.000389321
18469 21389 21421 0.00173263
18718 20917 20975 0.00309862
17916 21087 21060 -0.00150703
18537 21432 21484 0.0028052
17272 20183 20050 -0.00770032
17558 21021 20607 -0.023579
17816 21194 21263 0.00387292
18205 21516 21510 -0.00032958
18704 20962 21058 0.00513259
17263 19943 19943 0
17541 21206 21297 0.00518785
17933 21349 21251 -0.00546479
17680 20416 20387 -0.00164027
18104 20746 20776 0.00165709
18531 21173 21017 -0.00841833
18014 20858 20927 0.00383035
17554 20711 20735 0.00136721
18564 21331 21153 -0.00958845
18575 21620 21649 0.00156124
19105 21612 21724 0.00586234
18007 21412 21405 -0.000388738
18760 21311 21167 -0.00767591
18372 21148 21210 0.0033747
18918 20805 20647 -0.00835183
18300 21051 21073 0.00120219
18671 20952 21006 0.00289219
17862 21083 21271 0.0105251
19021 21686 21648 -0.00199779
17606 20919 21030 0.00630467
18150 20898 20887 -0.000606061
17658 20708 20426 -0.0159701
16756 20580 20473 -0.00638577
17222 20925 20790 -0.00783881
18966 21797 21705 -0.00485079
17512 21537 21522 -0.000856556
18898 21528 21587 0.00312202
17597 20672 20697 0.0014207
18051 20997 20908 -0.00493047
18486 21374 21226 -0.00800606
19074 21335 21256 -0.00414176
17168 21234 21252 0.00104846
18420 21617 21584 -0.00179153
18051 21641 21559 -0.00454268
17993 20720 20802 0.00455733
18787 21714 21598 -0.00617448
18538 21359 21408 0.00264322
18726 21347 21584 0.0126562
18066 21122 21135 0.000719584
16380 20588 20563 -0.00152625
17704 20680 20608 -0.00406688
17423 21092 21099 0.000401768
17310 20916 20881 -0.00202195
18217 20713 20750 0.00203107
18507 21492 21717 0.0121576
17631 20498 20445 -0.00300607
18153 21334 21400 0.00363576
18273 21339 21428 0.00487057
17716 20434 20531 0.00547528
17962 21029 21162 0.00740452
17662 21362 21352 -0.000566187
18325 20682 20812 0.00709413
19243 22148 22208 0.00311802
17971 20789 20431 -0.019921
17656 20488 20378 -0.00623018
17810 20514 20516 0.000112296
18421 21322 21329 0.000380001
17137 20452 20331 -0.00706075
17401 20687 20826 0.00798805
18363 21395 21518 0.00669825
17406 20922 20835 -0.00499828
18729 22009 21951 -0.0030968
17020 20216 20227 0.000646298
17521 20752 20684 -0.00388106
17570 20632 20603 -0.00165054
18161 21282 21384 0.00561643
17527 20967 21126 0.00907172
17903 21276 21025 -0.01402
18217 21680 21673 -0.000384256
18618 21429 21243 -0.00999033
18621 21322 21317 -0.000268514
18156 21464 21477 0.000716017
17047 20945 20920 -0.00146653
18126 20963 20963 0
17649 20887 20837 -0.00283302
17843 21260 21268 0.000448355
17907 20533 20540 0.000390909
17379 20899 20873 -0.00149606
17038 20858 20881 0.00134992
17688 20253 20185 -0.00384441
17161 20934 20823 -0.00646815
18646 21199 21247 0.00257428
18384 21071 20994 -0.00418842
17885 21184 21186 0.000111826
17366 21121 21191 0.00403086
17951 20989 20880 -0.00607209
17682 20801 20808 0.000395883
17875 20673 20643 -0.00167832
18335 21666 21664 -0.000109081
17524 20718 20696 -0.00125542
18537 21208 21130 -0.0042078
18673 20962 21077 0.00615862
18294 20783 20867 0.00459167
18583 21445 21378 -0.00360545
18545 21498 21492 -0.000323537
17771 20840 20872 0.00180069
19194 21550 21667 0.00609565
17848 21095 21115 0.00112057
17813 20792 20835 0.00241397
17572 20737 20779 0.00239017
17115 20703 20772 0.00403155
17995 21264 21224 -0.00222284
17812 20780 20960 0.0101055
17812 21019 21095 0.00426679
18027 20875 20844 -0.00171964
18160 21869 21818 -0.00280837
18112 21327 21309 -0.000993816
19109 20962 20969 0.00036632
17692 21058 21012 -0.00260005
19098 22393 22169 -0.011729
18872 22521 22567 0.00243747
17857 21229 21194 -0.00196002
18233 21293 21557 0.0144792
17538 20324 20248 -0.00433345
17765 20571 20541 -0.00168871
18762 21301 21137 -0.00874107
18088 21544 21553 0.000497567
17902 21344 21181 -0.00910513
18725 22009 21840 -0.00902537
18793 21877 21754 -0.00654499
18657 21703 21543 -0.00857587
17462 20553 20481 -0.00412324
18140 21061 21021 -0.00220507
18352 21323 21347 0.00130776
18065 21081 21062 -0.00105176
18058 20629 20742 0.00625761
18635 21466 21474 0.0004293
18022 20889 20812 -0.00427256
17595 21282 21229 -0.00301222
17563 20926 20875 -0.00290383
17586 20792 20759 -0.00187649
17655 21066 21046 -0.00113282
18000 21422 21273 -0.00827778
18860 21498 21498 0
18088 21380 21491 0.00613667
18216 21251 21252 5.48968e-05
18808 21828 21828 0
18353 21640 21592 -0.00261538
18248 21116 21011 -0.00575406
17586 20521 20599 0.00443535
18432 21095 21249 0.00835503
18750 21151 20971 -0.0096
18441 21167 21261 0.00509734
18235 21022 21007 -0.000822594
17758 20982 20982 0
18255 21335 21341 0.000328677
17215 21173 21055 -0.00685449
18985 21683 21704 0.00110614
18523 21918 21986 0.00367111
17413 21131 21086 -0.00258428
17983 21318 21334 0.000889729
18743 21885 21819 -0.00352131
17560 21131 20949 -0.0103645
18756 21817 21817 0
18245 21984 22051 0.00367224
17476 21352 21223 -0.00738155
19195 21796 21917 0.00630372
19251 22664 22617 -0.00244143
18695 21634 21610 -0.00128377
18543 20989 20871 -0.00636359
17443 21183 21017 -0.00951671
17376 20392 20453 0.00351059
17977 21099 20965 -0.00745397
18057 20601 20787 0.0103007
17588 21322 21183 -0.00790312
17798 21161 21052 -0.00612428
17953 21067 21050 -0.000946917
18474 21072 20749 -0.017484
18905 21286 21107 -0.00946839
17538 20641 20413 -0.0130003
18580 21117 21121 0.000215285
17752 20895 20929 0.00191528
17362 21208 20938 -0.0155512
18223 21508 21442 -0.0036218
17641 21028 20848 -0.0102035
17983 20785 20917 0.00734027
17603 21081 21156 0.00426064
18014 20614 20736 0.00677251
18765 21262 21212 -0.00266454
17965 21255 21132 -0.00684665
17237 21458 21171 -0.0166502
18363 20910 20937 0.00147035
17699 21620 21625 0.000282502
17267 20535 20535 0
18204 21752 21546 -0.0113162
18695 21487 21512 0.00133726
16399 20588 20688 0.00609793
17949 21146 21182 0.00200568
18502 21531 21410 -0.00653983
17613 20910 20956 0.00261171
18550 21126 21189 0.00339623
17924 20870 21061 0.0106561
18523 21283 21247 -0.00194353
19235 21607 21675 0.00353522
18896 21212 21305 0.00492168
18498 21246 21219 -0.00145962
18138 20878 20878 0
17669 20216 20328 0.00633879
17226 20621 20765 0.00835946
18239 21922 21922 0
18590 20693 20722 0.00155998
17975 21237 21399 0.00901252
17153 20628 20451 -0.0103189
17843 20759 20734 -0.00140111
17592 20569 20488 -0.00460437
17507 20985 20985 0
17009 21003 20754 -0.0146393
17820 20940 20958 0.0010101
18094 20846 20787 -0.00326075
18897 21615 21657 0.00222258
17978 20797 20797 0
18511 21468 21477 0.000486197
19280 21796 21806 0.000518672
19448 21812 21875 0.00323941
17661 20990 20961 -0.00164204
18167 21212 21148 -0.00352287
17734 20769 20826 0.00321416
18059 21036 20976 -0.00332244
17487 20728 20737 0.000514668
17791 20831 20938 0.00601428
18486 21138 21253 0.00622092
18127 20739 20736 -0.000165499
18684 21089 21148 0.00315778
18790 21075 21025 -0.00266099
17827 21259 21134 -0.00701184
18381 20450 20496 0.00250258
18189 21096 21174 0.00428831
17828 20862 20956 0.0052726
18340 21559 21511 -0.00261723
18150 21077 21188 0.0061157
17984 20783 20835 0.00289146
17947 21383 21385 0.000111439
18313 21684 21506 -0.00971987
17709 21303 21198 -0.00592919
18783 21539 21482 -0.00303466
17653 20407 20382 -0.00141619
18816 21109 21046 -0.00334821
17954 21113 21030 -0.00462293
17482 20969 20999 0.00171605
18816 21727 21703 -0.00127551
17928 21032 21009 -0.00128291
18495 20688 20619 -0.00373074
17819 20363 20446 0.00465795
18537 20845 20845 0
18008 20546 20661 0.00638605
18054 21178 21073 -0.00581589
17949 20687 20587 -0.00557134
18361 20992 20756 -0.0128533
16923 20874 20827 -0.00277729
17480 20707 20766 0.00337529
18165 21018 21026 0.000440407
18043 21453 21442 -0.000609655
17834 20769 20839 0.00392509
18707 21549 21555 0.000320736
17793 21152 21206 0.0030349
18238 21007 21037 0.00164492
17710 21399 21549 0.00846979
18071 21361 21382 0.00116208
17683 21177 21221 0.00248827
17172 20785 20946 0.00937573
17599 20673 20565 -0.00613671
17106 20537 20384 -0.00894423
17643 20530 20530 0
18588 21877 21934 0.00306649
18463 21398 21419 0.00113741
18048 21865 21879 0.000775709
18325 20947 20955 0.000436562
18509 21498 21772 0.0148036
17950 20911 20865 -0.00256267
17413 20841 20792 -0.00281399
18273 22005 21978 -0.00147759
17869 20825 20907 0.00458895
17706 20629 20674 0.00254151
18853 22114 22109 -0.00026521
18295 21072 21111 0.00213173
17758 20767 20796 0.00163307
18857 21947 21820 -0.0067349
17890 20488 20308 -0.0100615
17437 20582 20432 -0.0086024
17892 20682 20657 -0.00139727
17675 20681 20726 0.00254597
18207 21526 21397 -0.00708519
18499 20801 20843 0.00227039
18265 21866 21866 0
18778 21737 21731 -0.000319523
18270 21591 21561 -0.00164204
18068 20776 20644 -0.00730573
17717 20522 20539 0.00095953
18005 21335 21380 0.00249931
18265 20995 20985 -0.000547495
18201 21037 20952 -0.00467007
17615 20629 20740 0.00630145
18497 21127 21097 -0.00162188
18981 21477 21393 -0.00442548
18469 21733 21770 0.00200336
18326 21292 21146 -0.00796682
18507 21434 21398 -0.00194521
17396 20303 20456 0.00879513
17966 21156 21261 0.00584437
17521 20330 20268 -0.00353861
17897 21024 20853 -0.00955467
17864 20946 20897 -0.00274295
18592 21169 20973 -0.0105422
18068 21451 21490 0.00215851
17603 20068 20153 0.00482872
17437 20554 20385 -0.00969203
19147 21005 21002 -0.000156683
18369 20545 20401 -0.00783929
17631 20972 20835 -0.0077704
17288 20876 20828 -0.00277649
18073 20938 20858 -0.00442649
18772 21014 20994 -0.00106542
18211 21312 21312 0
17706 21046 21114 0.00384051
18861 21166 21376 0.0111341
18352 20411 20620 0.0113884
18012 21155 21154 -5.55185e-05
17538 21356 21333 -0.00131144
18495 21286 21367 0.00437956
17561 21622 21373 -0.0141791
17553 20665 20685 0.00113941
17871 20735 20642 -0.00520396
17900 20731 20620 -0.00620112
17007 21219 21233 0.00082319
17550 20494 20193 -0.017151
18053 21017 20809 -0.0115216
17615 21167 21217 0.00283849
18606 20778 20881 0.00553585
18234 21697 21686 -0.000603269
16597 20887 20892 0.000301259
17502 20245 20386 0.00805622
17963 20743 20918 0.00974225
17019 20127 19993 -0.00787355
18587 21416 21416 0
17509 21230 21184 -0.00262722
18180 21435 21277 -0.00869087
17042 21449 21132 -0.0186011
18347 21368 21457 0.00485093
18223 20934 20853 -0.00444493
18877 21160 21513 0.0187
18948 21826 21829 0.000158328
18252 21398 21434 0.00197239
17335 20542 20783 0.0139025
18248 21050 21046 -0.000219202
18108 21182 21224 0.00231942
18162 20103 20220 0.00644202
18220 20560 20483 -0.00422613
18928 21317 21212 -0.00554734
18139 20923 20977 0.00297701
17525 20986 20828 -0.00901569
18233 21132 21111 -0.00115176
19084 21536 21564 0.0014672
18123 21459 21324 -0.0074491
17044 20450 20410 -0.00234687
18136 21217 21255 0.00209528
18828 21386 21432 0.00244317
17108 19757 19882 0.00730652
17630 21213 21235 0.00124787
18560 21393 21362 -0.00167026
18667 21918 21710 -0.0111427
17406 20617 20648 0.001781
18745 21199 21207 0.00042678
19132 21615 21639 0.00125444
18307 20633 20792 0.0086852
18414 20964 20827 -0.00743999
19012 21801 21751 -0.00262992
17433 21198 21212 0.000803075
17577 20724 20718 -0.000341355
18045 21508 21248 -0.0144084
18176 21647 21705 0.00319102
17932 21094 21094 0
17759 21064 21067 0.000168928
17765 20642 20571 -0.00399662
17994 21133 21052 -0.0045015
19227 21778 21708 -0.00364071
17826 20706 20716 0.000560978
18113 20459 20510 0.00281566
18116 21845 21664 -0.00999117
17426 20819 20952 0.00763227
18545 20705 20794 0.00479914
18697 21509 21276 -0.0124619
19057 21708 21475 -0.0122265
18936 21490 21490 0
18226 20747 20936 0.0103698
18340 21487 21459 -0.00152672
17784 20750 21144 0.0221547
18536 21006 21010 0.000215796
18477 21683 21624 -0.00319316
17435 20169 20066 -0.00590766
17431 20641 20668 0.00154896
18087 21449 21427 -0.00121634
17475 20892 20719 -0.00989986
18047 21320 21359 0.00216102
17809 21057 21222 0.00926498
18103 21385 21477 0.00508203
18563 21012 21056 0.00237031
17398 20690 20678 -0.000689734
18543 21292 21348 0.00302001
17680 21664 21685 0.00118778
18826 21989 21855 -0.00711782
17099 21288 21374 0.00502953
17856 21624 21713 0.00498432
17827 21310 21345 0.00196331
17202 21133 21005 -0.007441
17323 21426 21389 -0.00213589
18158 21575 21607 0.00176231
17922 21039 21145 0.00591452
18313 21353 21400 0.00256648
17743 21250 21322 0.00405794
18788 21921 21751 -0.00904833
17814 21101 21034 -0.00376109
18113 21233 21255 0.0012146
18551 21598 21609 0.00059296
17658 20965 21279 0.0177823
17428 21308 21236 -0.00413128
18003 21332 21379 0.00261068
17639 21211 21222 0.000623618
18155 21687 21613 -0.00407601
17924 20814 21021 0.0115488
17466 20650 20666 0.000916065
18007 21718 21806 0.00488699
18109 20955 21228 0.0150754
17883 21500 21312 -0.0105128
17417 20781 20753 -0.00160762
18649 21653 21749 0.00514773
18617 20693 20742 0.002632
18574 21191 21186 -0.000269193
17352 20616 20654 0.00218995
18573 21145 21124 -0.00113067
18528 20810 20736 -0.00399396
17956 20612 20536 -0.00423257
17393 21148 21103 -0.00258725
19303 21859 21861 0.000103611
18464 21132 21128 -0.000216638
17552 20824 20754 -0.00398815
18666 21485 21389 -0.00514304
17946 21314 21404 0.00501505
18221 20805 20837 0.00175622
18743 21720 21691 -0.00154724
18424 21100 21100 0
17426 20768 20818 0.00286928
18509 22222 22164 -0.00313361
18769 21632 21613 -0.00101231
18807 21642 21688 0.0024459
17815 20820 20797 -0.00129105
18323 21199 21046 -0.00835016
18846 21356 21447 0.00482861
18442 21680 21696 0.000867585
18290 21233 21265 0.00174959
17050 21042 21051 0.000527859
17916 20592 20682 0.00502344
18040 21006 21048 0.00232816
17729 21322 21429 0.00603531
18549 21395 21458 0.00339641
17533 20463 20374 -0.00507614
17941 21461 21551 0.00501644
17615 20929 20909 -0.0011354
17922 20884 20933 0.00273407
18100 21094 21239 0.00801105
17836 20794 20794 0
17645 21105 21198 0.00527061
17506 21027 21104 0.00439849
