32606 36308 35955 -0.0108262
31598 35899 35752 -0.00465219
33148 36816 36907 0.00274526
31986 36697 36920 0.0069718
32474 36865 36777 -0.00270986
32247 36515 36421 -0.002915
32908 37622 37558 -0.00194482
32603 37064 37060 -0.000122688
32544 36602 36601 -3.07276e-05
31526 36095 36053 -0.00133223
32488 36881 36977 0.00295494
33119 37097 37064 -0.000996407
32775 35828 35793 -0.00106789
30962 37404 37476 0.00232543
33001 36474 36501 0.000818157
32655 36451 36654 0.00621651
32370 37698 37703 0.000154464
31909 36881 36940 0.00184901
31778 35995 35975 -0.000629366
32442 36706 36809 0.0031749
32985 37117 37211 0.00284978
33575 37036 37119 0.00247208
32298 35819 35963 0.00445848
34181 37057 36956 -0.00295486
32497 36161 35962 -0.00612364
32570 37331 37124 -0.00635554
34183 37201 37002 -0.00582161
33513 37218 37134 -0.00250649
33779 36975 36798 -0.00523994
32610 36544 36474 -0.00214658
33828 37475 37385 -0.00266052
31088 36209 36217 0.000257334
32844 36979 37036 0.00173548
31814 36012 35847 -0.0051864
31872 36294 36204 -0.0028238
31727 36367 36331 -0.00113468
32835 36499 36720 0.00673062
33046 37010 37167 0.00475095
32080 36654 36691 0.00115337
32732 36664 36612 -0.00158866
34445 38351 38351 0
32082 36011 36066 0.00171436
33083 37300 37386 0.00259952
32122 36738 36803 0.00202354
32182 36428 36381 -0.00146044
34456 38045 38001 -0.00127699
33583 37064 37238 0.00518119
32686 37875 37809 -0.00201921
32926 37137 37217 0.00242969
32035 36085 36006 -0.00246605
31891 36547 36608 0.00191277
32707 36446 36366 -0.00244596
32237 35775 35767 -0.000248162
32170 36464 36452 -0.000373018
32442 36908 36803 -0.00323655
33213 36536 36303 -0.00701533
32920 37345 37328 -0.000516403
33509 37591 37464 -0.00379003
32798 36820 36749 -0.00216477
32942 36530 36566 0.00109283
31918 36591 36662 0.00222445
31287 35995 36007 0.000383546
32400 36399 35776 -0.0192284
32693 37339 37377 0.00116233
32268 35241 35732 0.0152163
31994 37085 37055 -0.000937676
33150 37353 37438 0.0025641
32813 36850 36785 -0.00198092
32099 36408 36449 0.0012773
33358 36665 36406 -0.00776425
32981 36704 36627 -0.00233468
31978 36566 36233 -0.0104134
31699 37252 37141 -0.00350169
31560 36781 36881 0.00316857
31839 36432 36393 -0.00122491
31658 36245 36124 -0.0038221
31008 36336 36350 0.000451496
33337 36822 36641 -0.0054294
33619 37564 37431 -0.0039561
32286 37210 37254 0.00136282
31445 35575 35701 0.004007
33067 36233 36109 -0.00374996
32764 35625 35428 -0.0060127
32074 35653 35666 0.000405313
33454 37379 37420 0.00122556
32640 37076 36974 -0.003125
31885 36051 36051 0
33324 37942 37822 -0.00360101
32582 36830 36957 0.00389786
33496 37647 37678 0.000925484
34196 37922 37890 -0.000935782
32417 36556 36560 0.000123392
33470 37524 37505 -0.000567673
32104 36407 36511 0.00323947
32668 36696 36720 0.000734664
33004 36017 36089 0.00218155
32922 36474 36290 -0.00558897
32415 37085 36975 -0.00339349
32845 36752 36861 0.00331862
32204 35690 35758 0.00211154
31468 36703 36646 -0.00181136
33942 37091 37046 -0.00132579
33205 37347 37394 0.00141545
33902 36759 36731 -0.00082591
32083 37103 37107 0.000124677
33729 37315 37490 0.00518841
32815 36242 36167 -0.00228554
31841 37571 37603 0.00100499
31830 36622 36549 -0.00229343
33303 37045 37044 -3.00273e-05
33244 36709 36772 0.00189508
32687 35680 35633 -0.00143788
34164 37457 37701 0.00714202
32630 36579 36601 0.000674226
32981 36143 36234 0.00275916
32041 36470 36366 -0.00324584
32495 36441 36152 -0.00889368
32701 36969 36837 -0.00403657
33722 37027 37041 0.000415159
32420 36265 36347 0.0025293
32762 36807 36879 0.00219767
32078 37003 36894 -0.00339797
32962 36969 36907 -0.00188095
32126 36265 36235 -0.000933823
32454 36680 37092 0.0126949
32829 36627 36569 -0.00176673
31944 36371 36472 0.00316178
32813 36809 36998 0.00575991
32285 36976 37044 0.00210624
32167 37707 37619 -0.00273572
32676 37074 37097 0.000703881
32899 37216 37058 -0.00480258
31809 36137 36234 0.00304945
32538 36868 36882 0.000430266
32607 37484 37541 0.00174809
31682 36540 36531 -0.000284073
32526 37325 37279 -0.00141425
33081 37013 37055 0.00126961
32298 36664 36653 -0.000340578
32585 36965 36924 -0.00125825
31864 36351 36391 0.00125534
32598 35525 35486 -0.00119639
31671 35571 35566 -0.000157873
33243 36115 36307 0.00577565
32636 36597 36427 -0.00520897
32322 37063 37215 0.00470268
33567 37056 37064 0.000238329
31241 35415 35282 -0.00425723
32109 37259 37215 -0.00137033
31535 35425 35213 -0.00672269
32769 36931 36931 0
33363 36383 36120 -0.00788298
31623 36049 36049 0
31348 35752 35779 0.000861299
31784 36563 36534 -0.000912409
31966 36566 36472 -0.00294062
31765 36095 36158 0.00198331
31583 36664 36335 -0.010417
32197 36697 36774 0.00239153
32129 35853 35875 0.00068474
32839 36762 37175 0.0125765
32081 37269 37165 -0.00324179
31605 36123 36220 0.00306913
33316 37136 37124 -0.000360187
32377 36745 36666 -0.00244
32943 37365 37413 0.00145706
33721 37008 37052 0.00130482
33165 37646 37581 -0.0019599
32782 37225 37179 -0.00140321
32584 37249 37256 0.000214829
32146 36527 36324 -0.00631494
33387 37318 37342 0.000718843
32508 36453 36440 -0.000399902
32527 35772 35904 0.00405817
32938 37333 37356 0.000698282
32622 37029 36935 -0.00288149
32988 36802 36733 -0.00209167
31989 36229 36272 0.00134421
33202 36587 36472 -0.00346365
33102 36398 36484 0.00259803
32552 37327 37296 -0.000952322
33399 36903 37058 0.00464086
32970 36338 36331 -0.000212314
32281 36551 36745 0.00600973
32770 37927 37937 0.000305157
34485 37550 37541 -0.000260983
31716 36287 36243 -0.00138731
31503 35796 35525 -0.00860236
32088 36874 36877 9.34929e-05
33620 37914 37720 -0.00577037
31664 36521 36277 -0.00770591
32254 36370 36113 -0.007968
33090 36537 36570 0.00099728
34221 37371 37347 -0.000701324
33643 36947 36824 -0.00365604
31927 36968 37006 0.00119022
32391 36372 36409 0.00114229
33137 35454 35410 -0.00132782
32000 36253 36309 0.00175
31833 35998 36064 0.00207332
32417 37643 37600 -0.00132646
33994 37182 37138 -0.00129435
31932 36787 36790 9.39496e-05
32179 37200 37186 -0.000435066
33836 36757 36702 -0.00162549
32346 35898 35776 -0.00377172
32197 36699 36371 -0.0101873
32465 36903 36785 -0.00363468
32326 35572 35643 0.00219637
31608 36339 36274 -0.00205644
31780 35159 35105 -0.00169918
33345 38030 37926 -0.00311891
33719 36502 36482 -0.000593137
33546 37445 37525 0.00238479
32507 37186 36758 -0.0131664
33002 36027 35758 -0.00815102
32155 37032 36903 -0.00401182
32085 36919 36897 -0.000685679
32961 36655 36551 -0.00315524
33272 37588 37431 -0.00471868
32852 36718 36794 0.00231341
32099 36290 36290 0
34630 38235 38277 0.00121282
31322 35477 35360 -0.00373539
33092 37121 37029 -0.00278013
32003 36695 36648 -0.00146861
32795 36352 36392 0.0012197
32621 36175 36134 -0.00125686
31813 36940 37163 0.00700971
33405 36512 36497 -0.000449035
33634 37014 37126 0.00332996
32477 37291 37469 0.0054808
33675 37698 37752 0.00160356
32159 35787 35778 -0.000279859
31670 36476 36527 0.00161036
31741 35574 35657 0.00261491
32302 36929 36929 0
32586 36924 36921 -9.20641e-05
32489 37030 37030 0
32840 37342 37270 -0.00219245
31930 36256 36252 -0.000125274
32839 36927 36882 -0.00137032
32127 35900 35879 -0.000653656
32155 36194 36254 0.00186596
34338 37671 37562 -0.00317433
32955 37602 37678 0.00230618
32321 35884 35860 -0.000742551
31421 35680 35726 0.00146399
32316 36738 36825 0.00269216
33125 36430 36423 -0.000211321
32184 36161 36155 -0.000186428
32833 37195 37110 -0.00258886
32915 36534 36429 -0.00319003
31994 35668 35517 -0.00471963
32339 36058 35790 -0.00828721
33839 37019 37264 0.00724017
32400 37543 37724 0.00558642
32507 37228 37236 0.000246101
32706 37167 37032 -0.00412768
32777 36768 36499 -0.00820697
33327 36669 36670 3.00057e-05
33493 37589 37498 -0.00271699
32442 36364 36311 -0.00163368
32534 35860 35806 -0.0016598
33023 38089 37994 -0.00287678
32262 36625 36499 -0.00390552
31911 36914 36958 0.00137883
31749 36127 36175 0.00151186
32988 36393 36395 6.06281e-05
32961 35730 35619 -0.00336762
33542 36992 36944 -0.00143104
31566 35920 35938 0.000570234
31949 36029 36060 0.000970296
32243 37321 37341 0.00062029
32817 37798 37798 0
33531 36976 36914 -0.00184904
32771 36607 36609 6.10296e-05
31005 35555 35549 -0.000193517
33311 37088 37078 -0.000300201
31916 36838 36933 0.00297656
33428 37049 36962 -0.00260261
31471 35849 35891 0.00133456
32855 36341 36388 0.00143053
33445 36525 36790 0.00792346
31411 36337 36388 0.00162364
32321 36773 36834 0.00188732
31711 35877 35877 0
32674 37773 37708 -0.00198935
31774 36799 37043 0.00767923
32503 36355 36337 -0.000553795
31499 37037 37111 0.00234928
32722 36660 36685 0.000764012
31717 36327 36328 3.15288e-05
33910 36593 36365 -0.00672368
33109 36909 36802 -0.00323175
33035 37241 37193 -0.001453
33417 37585 37521 -0.00191519
31158 35871 35767 -0.00333783
33699 37373 37336 -0.00109796
33307 37729 37811 0.00246194
32166 36189 36075 -0.00354411
33442 37163 37021 -0.00424616
33166 36469 36415 -0.00162817
32539 37104 37188 0.00258152
31481 35752 35568 -0.0058448
32423 36913 37065 0.00468803
32588 37264 37264 0
31929 36238 36523 0.00892605
32368 36299 36157 -0.00438705
31255 35845 35716 -0.00412734
33635 37162 37200 0.00112978
32038 35968 36086 0.00368313
32931 36065 35900 -0.00501048
32221 37068 36965 -0.00319667
32426 36299 36236 -0.00194289
33262 37010 36970 -0.00120257
31882 36510 36532 0.000690045
31986 36217 36225 0.000250109
32544 36408 36376 -0.000983284
31150 35934 35871 -0.00202247
31620 35555 35367 -0.0059456
31014 35786 35822 0.00116077
32481 37387 37440 0.00163172
32174 36937 37013 0.00236216
32674 37243 37352 0.00333599
30766 36505 36443 -0.00201521
31735 36530 36397 -0.00419096
31752 36229 36213 -0.000503905
31957 35918 36016 0.00306662
31874 36421 36167 -0.00796888
33100 36361 36332 -0.000876133
33061 36713 36546 -0.00505127
32595 36282 36379 0.00297592
33275 37398 37209 -0.00567994
31885 35578 35565 -0.000407715
31904 36854 36887 0.00103435
31814 36622 36433 -0.00594078
33717 38012 37994 -0.000533855
31274 36711 36648 -0.00201445
33756 37339 37318 -0.000622112
32482 36969 36793 -0.00541839
33061 36409 36450 0.00124013
32225 37253 37104 -0.00462374
32493 36169 36242 0.00224664
32810 36687 36517 -0.00518135
33104 37037 36695 -0.0103311
32049 37168 37262 0.00293301
32431 36548 36587 0.00120255
32431 35937 35848 -0.00274429
32657 36919 36918 -3.06213e-05
32366 37111 37143 0.000988692
32979 36674 36567 -0.00324449
31807 36644 36756 0.00352124
32094 36382 35925 -0.0142394
32385 36461 36452 -0.000277906
33425 37546 37330 -0.00646223
32880 36224 36236 0.000364964
32842 37595 37639 0.00133975
31534 35545 35560 0.000475677
31497 36322 36302 -0.000634981
32157 36539 36714 0.00544205
32647 36538 36494 -0.00134775
33569 37017 36997 -0.000595788
33315 36627 36788 0.00483266
33146 37108 37193 0.00256441
33351 37039 36805 -0.00701628
33065 36338 36575 0.0071677
32670 37369 37337 -0.000979492
31336 36279 36310 0.000989278
33292 37103 37033 -0.00210261
33997 37619 37731 0.00329441
32688 36452 36331 -0.00370166
32708 36591 36670 0.00241531
32589 37565 37467 -0.00300715
34504 37632 37662 0.000869464
32104 36809 36728 -0.00252305
33427 37208 37205 -8.97478e-05
31909 36898 36739 -0.00498292
32864 36526 36559 0.00100414
34037 37021 37098 0.00226224
32518 36633 36387 -0.00756504
31083 36797 36850 0.00170511
32018 36786 36822 0.00112437
33751 36541 36969 0.0126811
33076 36295 36188 -0.00323497
32025 36090 36090 0
31279 36923 36927 0.000127881
32926 36758 36690 -0.00206524
32678 37047 37050 9.18049e-05
33571 37628 37447 -0.00539156
32556 36321 36340 0.00058361
33421 37074 37221 0.00439843
33358 36310 36550 0.00719468
33890 37596 37691 0.00280319
33064 37650 37241 -0.0123699
32387 36236 36228 -0.000247013
32609 36528 36713 0.00567328
31683 36676 36676 0
32139 36666 36502 -0.00510283
32150 36973 36938 -0.00108865
32776 36280 36388 0.00329509
32270 36131 35960 -0.00529904
31735 35958 36057 0.00311958
31921 36679 36573 -0.0033207
33094 36340 35881 -0.0138696
31202 36070 35969 -0.00323697
32888 36118 36155 0.00112503
31863 36811 36895 0.00263629
33886 37459 37421 -0.00112141
32601 36525 36535 0.000306739
32888 36253 36436 0.00556434
30742 35412 35317 -0.00309023
33041 36171 36296 0.00378318
33261 36603 36537 -0.00198431
33385 35990 36391 0.0120114
32215 37064 37049 -0.000465622
33307 38010 38017 0.000210166
32496 36741 36741 0
31026 37072 36911 -0.0051892
31814 35764 35746 -0.000565789
33367 36270 36509 0.00716277
32888 37751 37743 -0.00024325
32898 37646 37629 -0.000516749
31770 36126 35924 -0.0063582
32623 37432 37266 -0.00508843
33420 36989 37019 0.000897666
33287 37116 37189 0.00219305
32505 36802 36774 -0.000861406
32091 36136 36245 0.00339659
32388 36937 36920 -0.000524886
32430 36032 36026 -0.000185014
33775 37299 37347 0.00142117
31710 37447 37494 0.00148218
32565 35834 35576 -0.00792262
31737 35805 35833 0.000882251
32528 37249 37147 -0.00313576
31157 35763 35802 0.00125173
32092 36645 36671 0.000810171
32396 36143 36080 -0.00194468
32935 37429 37341 -0.00267193
31887 36702 36664 -0.00119171
31684 36291 36333 0.00132559
31660 36730 36814 0.00265319
32528 36769 36705 -0.00196754
32272 36450 36468 0.000557759
32624 37076 36951 -0.00383154
31656 36707 36514 -0.00609679
32179 36238 36294 0.00174027
32329 36200 35939 -0.00807325
33130 37129 37303 0.00525204
34384 37673 37698 0.000727082
33203 36557 36622 0.00195765
30871 36524 36556 0.00103657
32847 37283 37247 -0.00109599
32596 37317 36724 -0.0181924
33357 37430 37458 0.000839404
32402 37238 37224 -0.000432072
32117 36341 36456 0.00358066
32793 36873 36918 0.00137224
32536 37244 37318 0.0022744
32114 36520 36433 -0.0027091
33833 36821 36774 -0.00138918
32160 36823 36338 -0.0150808
33181 36883 37176 0.00883035
32626 36911 36982 0.00217618
33148 37662 37433 -0.00690841
33905 37365 37307 -0.00171066
33034 36677 36734 0.00172549
31945 36830 36833 9.39114e-05
32590 36925 36959 0.00104326
33852 37342 37294 -0.00141794
32566 36573 36666 0.00285574
32023 35685 35682 -9.36827e-05
33375 37309 37167 -0.00425468
32642 36024 36030 0.000183812
32311 37402 37397 -0.000154746
33556 36893 37068 0.00521516
32600 36479 36321 -0.00484663
32899 36843 36777 -0.00200614
32824 36981 36960 -0.000639776
33179 37440 37427 -0.000391814
30603 36235 36046 -0.00617587
33164 37022 37053 0.000934749
33088 36055 36220 0.0049867
32500 37266 37219 -0.00144615
33644 37360 37163 -0.00585543
32208 36038 36184 0.00453304
33076 37284 36994 -0.00876769
31404 36337 36214 -0.0039167
31819 36811 36969 0.00496559
32293 36821 36909 0.00272505
31922 36558 36462 -0.00300733
31568 36393 35988 -0.0128294
32927 37311 37189 -0.00370517
32352 36030 36270 0.0074184
32424 35514 35472 -0.00129534
33125 36788 36753 -0.0010566
32798 36626 36870 0.00743948
32984 36302 36297 -0.000151589
33118 36522 36488 -0.00102663
32144 36562 36564 6.222e-05
32711 36259 36425 0.00507475
32460 37359 37356 -9.24214e-05
30889 35551 35233 -0.0102949
31632 36219 36017 -0.00638594
32545 36295 36342 0.00144415
32473 37964 37962 -6.15896e-05
31931 37169 37169 0
32608 37446 37271 -0.00536678
33223 37319 37158 -0.00484604
32440 35672 35562 -0.00339088
31987 36235 36259 0.000750305
33140 37398 37288 -0.00331925
33442 36741 36795 0.00161474
33155 36597 36791 0.0058513
33482 37336 37350 0.000418135
33300 36983 37006 0.000690691
32996 37162 37027 -0.00409141
33405 37068 37039 -0.000868134
32915 36696 36760 0.0019444
31517 35474 35558 0.00266523
32446 36413 36090 -0.009955
31953 36808 36821 0.000406848
33334 36463 36439 -0.000719986
31314 35520 35318 -0.00645079
32247 35634 35386 -0.00769064
32192 36278 36218 -0.00186382
31825 36699 36561 -0.00433621
32484 36393 36483 0.00277059
33371 37084 37006 -0.00233736
33102 36400 36258 -0.00428977
31977 36862 36762 -0.00312725
32965 37164 37115 -0.00148642
32267 35790 35936 0.00452475
31551 36031 36047 0.000507115
32103 37253 37235 -0.000560695
32760 37206 37233 0.000824176
33109 36418 36418 0
32427 35927 35808 -0.00366978
32257 37249 37397 0.00458815
33425 37987 38007 0.000598355
32093 36084 35888 -0.00610725
32340 36026 35894 -0.00408163
32824 36280 36014 -0.00810383
32492 35884 35844 -0.00123107
32485 36318 36582 0.00812683
33180 36867 37299 0.0130199
32139 36718 36781 0.00196024
33497 36989 37228 0.00713497
32359 37629 37563 -0.00203962
32671 36933 36912 -0.000642772
32945 36646 36891 0.00743664
33489 36471 36349 -0.00364299
32934 37065 37119 0.00163964
33456 36679 36647 -0.00095648
31844 36515 36515 0
33522 37384 37402 0.000536961
31771 36651 36587 -0.00201442
31508 36137 36163 0.000825187
32911 36679 36675 -0.00012154
31579 35583 35410 -0.00547832
31682 36936 36999 0.00198851
33370 37505 37407 -0.00293677
31660 37035 36921 -0.00360076
33806 37583 37524 -0.00174525
31446 35428 35407 -0.000667811
32396 36834 36927 0.00287072
33124 36966 37248 0.00851346
33184 36388 36373 -0.000452025
30412 36829 36787 -0.00138103
33327 37534 37438 -0.00288055
32191 36492 36683 0.00593334
31342 36552 36605 0.00169102
34007 37678 37675 -8.82171e-05
32939 36424 36378 -0.00139652
33728 37330 37402 0.00213472
32889 36632 36621 -0.000334458
30053 36379 36328 -0.001697
33307 36709 36599 -0.00330261
32477 36927 36921 -0.000184746
31293 36221 35861 -0.0115042
32383 36281 36365 0.00259395
33369 37366 37273 -0.00278702
31210 35998 35972 -0.000833066
33463 37085 37202 0.0034964
32293 36456 36520 0.00198185
32613 36494 36656 0.00496734
32336 36114 35909 -0.00633968
32933 37052 36940 -0.00340084
32300 36243 36289 0.00142415
34234 37779 37898 0.00347608
32100 36043 35736 -0.00956386
31968 35569 35526 -0.0013451
32170 35962 35909 -0.0016475
33571 38324 37895 -0.0127789
30497 36107 35685 -0.0138374
32308 36270 36477 0.00640708
32902 37069 37179 0.00334326
32828 36040 35864 -0.00536128
32786 36796 36782 -0.000427012
30755 35386 35386 0
31648 36184 36233 0.00154828
31952 36475 36498 0.00071983
32169 36515 36534 0.000590631
32656 36741 36836 0.00290911
32456 36690 36498 -0.0059157
32032 37004 37198 0.00605644
33563 37103 37163 0.00178768
32637 36352 36350 -6.12801e-05
32811 37301 37061 -0.00731462
31617 36072 36164 0.00290983
33172 36790 36767 -0.000693356
32078 36593 36638 0.00140283
32541 36544 36714 0.00522418
32109 36903 36903 0
32442 36722 36634 -0.00271253
31801 36562 36652 0.0028301
31684 36094 36094 0
31405 36325 36330 0.00015921
32912 37159 37159 0
33248 36644 36646 6.0154e-05
32032 36701 36372 -0.010271
32290 37284 37205 -0.00244658
31736 36484 36408 -0.00239476
31388 35744 35744 0
32408 36066 35881 -0.00570847
32960 36833 36872 0.00118325
31861 35753 36111 0.0112363
33235 36894 36715 -0.00538589
32858 37251 37197 -0.00164344
32948 36994 36844 -0.00455263
32811 36603 36827 0.00682698
32651 36776 36766 -0.000306269
32440 37159 36960 -0.0061344
34264 37360 37307 -0.00154681
31948 37069 36969 -0.00313009
31952 36472 36440 -0.0010015
32175 36937 36848 -0.00276612
32035 36788 36875 0.00271578
32435 36789 36830 0.00126407
32104 36848 36818 -0.000934463
32254 36273 36453 0.0055807
32255 36130 36026 -0.00322431
33253 37168 37280 0.00336812
32618 36610 36699 0.00272855
33087 36616 36688 0.00217608
32412 36330 36627 0.00916327
33593 37920 37792 -0.00381032
33413 37337 37530 0.00577619
32575 36774 36631 -0.00438987
32433 36527 36714 0.00576573
31914 36189 36134 -0.00172338
32571 36889 36889 0
33030 36747 36728 -0.000575235
33715 38215 37908 -0.00910574
31493 36290 36482 0.00609659
33971 37735 37829 0.00276707
33744 37585 37600 0.000444523
33286 37452 37383 -0.00207294
31994 36154 36137 -0.00053135
33189 36488 36697 0.00629727
32399 36798 36876 0.00240748
32574 36689 36637 -0.00159637
31957 36538 36448 -0.00281628
33013 37146 37158 0.000363493
32570 36431 36382 -0.00150445
31910 36311 36178 -0.00416797
32132 35826 35957 0.00407693
32020 36062 36255 0.00602748
32686 36694 36694 0
32410 36808 36780 -0.000863931
32701 36595 36661 0.00201829
32941 37013 37115 0.00309645
32366 37359 37442 0.00256442
33456 37922 37752 -0.0050813
33343 37307 36844 -0.013886
32472 36853 36884 0.000954669
31748 35550 35423 -0.00400025
32903 36918 36768 -0.00455885
32842 36923 36934 0.000334937
33697 37013 36771 -0.00718165
33511 36490 36425 -0.00193966
31748 35614 35766 0.0047877
32746 36808 36832 0.000732914
32282 37034 37098 0.00198253
33191 36993 36973 -0.000602573
32814 37077 37117 0.00121899
32533 36880 36973 0.00285864
32113 36781 36531 -0.00778501
32789 37536 37423 -0.00344628
31088 36394 36340 -0.001737
33852 36909 36894 -0.000443105
32113 37491 37543 0.00161928
31359 36484 36349 -0.00430498
33876 37331 37476 0.00428032
33971 38056 37931 -0.00367961
34507 37653 37608 -0.00130408
33203 36540 36650 0.00331295
32056 36200 36469 0.00839156
31483 35301 35397 0.00304926
32145 36954 36762 -0.00597294
32727 36735 36755 0.000611116
32246 36279 36231 -0.00148856
31848 36970 36780 -0.00596584
32641 36840 36785 -0.001685
32485 36666 36926 0.00800369
33859 37349 37457 0.0031897
31521 35713 35650 -0.00199867
32848 36505 36415 -0.00273989
32156 36496 36459 -0.00115064
31990 36295 36359 0.00200063
33474 37242 37183 -0.00176256
31675 36452 36559 0.00337806
32409 36372 36328 -0.00135765
31625 36910 36992 0.00259289
32210 36371 36254 -0.00363241
33241 36934 36909 -0.000752083
31950 37676 37738 0.00194053
31349 36728 36463 -0.00845322
32414 36607 36600 -0.000215956
32538 37085 36960 -0.00384166
32464 36211 36057 -0.00474372
32515 37569 37578 0.000276795
34349 37470 37652 0.00529855
30751 36121 36218 0.00315437
31587 36458 36442 -0.000506537
34005 37839 37727 -0.00329363
32025 37060 37099 0.0012178
32733 37387 37580 0.00589619
32273 36647 36710 0.0019521
32813 37178 37201 0.000700942
34071 37433 37476 0.00126207
33639 37828 37812 -0.000475638
32488 36536 36573 0.00113888
32717 36368 36242 -0.00385121
32093 36279 36255 -0.000747827
31430 35872 35984 0.00356347
32014 36711 36736 0.000780908
33151 36302 36024 -0.00838587
32151 36613 36281 -0.0103263
31858 36434 36423 -0.000345282
32394 36207 36258 0.00157437
32022 36689 36593 -0.00299794
31849 36172 36206 0.00106754
30897 36297 36296 -3.23656e-05
31859 35990 36086 0.00301328
32456 35440 35473 0.00101676
33495 37475 37437 -0.0011345
31966 35950 35932 -0.000563098
33037 37291 37305 0.000423767
33266 36696 36679 -0.000511032
33251 37305 37171 -0.00402995
32609 36495 36245 -0.0076666
31877 35913 35999 0.00269787
32248 36844 36976 0.00409328
31539 35530 35853 0.0102413
31973 36039 35859 -0.00562975
32276 36581 36630 0.00151816
32647 36701 36427 -0.00839281
33069 37193 37243 0.00151199
33212 36361 36340 -0.000632302
32571 36060 36076 0.000491235
31884 36198 36197 -3.13637e-05
33196 35808 36043 0.00707917
31893 36665 36536 -0.00404477
32384 36623 36464 -0.00490983
32717 37820 37722 -0.00299538
32140 36189 36189 0
32488 36925 36897 -0.000861857
33393 37952 37729 -0.00667805
33332 37792 37684 -0.00324013
32670 36857 37035 0.00544842
32833 36805 36933 0.00389852
31956 35973 35973 0
32702 36664 36628 -0.00110085
32280 36757 36680 -0.00238538
30761 36183 36102 -0.0026332
32567 37407 37370 -0.00113612
31965 36327 36234 -0.00290943
31820 35671 35774 0.00323696
32155 35888 36027 0.00432281
32948 36384 36414 0.000910526
32015 36072 36175 0.00321724
33055 36627 36544 -0.00251097
32154 36346 36335 -0.000342104
32994 36701 36902 0.00609202
31164 36342 36455 0.00362598
31205 36376 36295 -0.00259574
33093 36728 36823 0.0028707
32573 36311 36349 0.00116661
32807 36196 36184 -0.000365776
32242 35872 36202 0.0102351
32148 36615 36644 0.000902078
33076 36478 36619 0.00426291
32703 37175 37269 0.00287435
31197 36471 36400 -0.00227586
31649 36474 36250 -0.00707763
31647 36164 36235 0.0022435
31875 36207 35955 -0.00790588
31168 36487 36554 0.00214964
32521 35900 35900 0
34094 38028 38082 0.00158386
32922 36757 36677 -0.00242999
32601 37541 37611 0.00214717
33449 36572 36673 0.00301952
33315 37531 37474 -0.00171094
32427 36822 36635 -0.0057668
31880 36602 36564 -0.00119197
31898 37255 36909 -0.0108471
32543 36346 36330 -0.000491657
32349 36034 36062 0.00086556
33075 37538 37663 0.00377929
32916 36791 37012 0.00671406
32709 36386 36525 0.00424959
32980 36864 37042 0.00539721
32487 36917 36704 -0.00655647
32321 36720 36717 -9.28189e-05
32625 36425 36402 -0.000704981
31659 35998 36035 0.0011687
33034 37410 37368 -0.00127142
32899 35936 35948 0.000364753
33284 37520 37624 0.00312462
34189 37736 37763 0.000789728
33376 37668 37442 -0.00677133
33568 36955 37069 0.00339609
32686 36227 35929 -0.00911705
32442 37507 37618 0.00342149
33118 36952 36917 -0.00105683
33012 36683 36670 -0.000393796
32508 36656 36276 -0.0116894
31931 35911 35895 -0.00050108
33490 37019 36963 -0.00167214
32682 37528 37505 -0.000703751
32800 36875 36837 -0.00115854
32325 36675 36804 0.00399072
31839 36478 36430 -0.00150759
32321 37189 37066 -0.00380558
32527 35975 35926 -0.00150644
32311 36997 36794 -0.00628269
32828 37102 37004 -0.00298526
32673 36129 36119 -0.000306063
32015 37396 37453 0.00178042
32745 36829 36524 -0.0093144
31781 36389 36251 -0.00434222
33353 36997 36932 -0.00194885
32691 36101 36261 0.00489431
32077 36523 36508 -0.000467625
31862 36990 37063 0.00229113
33311 36705 36562 -0.00429288
32708 36484 36142 -0.0104562
32481 36467 36439 -0.000862042
31829 37058 37014 -0.00138239
33146 36514 36637 0.00371086
31850 35831 36019 0.00590267
32638 36510 36551 0.0012562
31604 36776 36767 -0.000284774
32853 37047 36786 -0.00794448
31201 36654 36583 -0.00227557
31751 36588 36475 -0.00355894
31674 36683 36677 -0.00018943
33210 36844 36553 -0.00876242
31736 36970 37086 0.00365516
32085 36304 36328 0.000748013
32518 36699 36564 -0.00415155
32155 36037 36213 0.00547349
33138 36721 36654 -0.00202185
33290 37366 37410 0.00132172
30904 36177 35883 -0.00951333
31105 35942 35969 0.000868028
32945 36821 37261 0.0133556
31488 36320 36320 0
33291 36897 36977 0.00240305
31963 35922 35805 -0.00366048
32315 37245 37236 -0.000278508
31394 37249 37222 -0.000860037
32627 37008 37105 0.002973
31983 36659 36527 -0.00412719
32955 36557 36557 0
33192 37345 37402 0.00171728
31895 36456 36684 0.00714846
31112 36433 36403 -0.000964258
33362 37300 37186 -0.00341706
32462 36778 36771 -0.000215637
32113 35935 35805 -0.0040482
33238 37178 37070 -0.00324929
32982 36661 36493 -0.00509369
32381 36590 36356 -0.00722646
31951 36285 35923 -0.0113298
33207 37693 37517 -0.00530009
34154 37583 37609 0.000761258
32691 36409 36222 -0.00572023
32481 36493 36480 -0.000400234
32601 36865 37062 0.00604276
33489 36593 36502 -0.00271731
31634 35428 35212 -0.0068281
31609 37607 37669 0.00196147
33289 37129 37263 0.00402535
33985 37826 37781 -0.00132411
32086 36145 35965 -0.00560992
33383 36539 36657 0.00353473
33827 37349 37338 -0.000325184
32870 36126 35759 -0.0111652
32763 36164 36089 -0.00228917
33410 37199 37435 0.00706375
32513 37300 37211 -0.00273737
31611 37110 37152 0.00132865
33192 37342 37388 0.00138588
33110 37028 37140 0.00338266
32544 36887 36736 -0.00463987
31392 36478 36267 -0.00672146
31995 35812 35934 0.0038131
32689 37081 36883 -0.00605708
33687 37628 37636 0.00023748
33191 36549 36473 -0.00228978
33479 36105 35954 -0.00451029
32798 37546 37605 0.00179889
31263 36569 36578 0.00028788
32998 36488 36331 -0.00475786
33950 38247 38272 0.000736377
34314 37816 37735 -0.00236055
32501 36860 36888 0.000861512
33272 37096 37011 -0.0025547
33704 37386 37116 -0.00801092
32463 36304 36709 0.0124757
32440 36444 36496 0.00160296
32221 36183 36142 -0.00127246
31365 34882 34916 0.00108401
31589 36254 36397 0.00452689
33114 36648 36609 -0.00117775
31952 36427 36412 -0.000469454
33539 37183 37432 0.00742419
32466 37555 37555 0
33096 37156 37275 0.0035956
32756 37041 36975 -0.0020149
32197 36884 36872 -0.000372706
33121 37286 37278 -0.000241539
31872 36952 37037 0.00266692
33475 37938 37884 -0.00161314
31595 36607 35995 -0.0193702
33197 37705 37705 0
32765 37337 37282 -0.00167862
30746 36308 36373 0.0021141
31518 37669 37698 0.000920109
33195 37910 37624 -0.00861576
32794 36891 36933 0.00128072
32585 37288 37093 -0.00598435
32619 36491 36563 0.0022073
32578 36559 36666 0.00328443
31744 37071 36950 -0.00381174
31811 35960 35960 0
33319 37116 36856 -0.00780336
32008 36963 36976 0.000406148
31321 36213 36267 0.00172408
32780 37201 37261 0.00183038
31910 36138 36076 -0.00194296
32939 36943 36866 -0.00233765
32061 36390 36361 -0.000904526
32080 35542 35176 -0.011409
31988 36945 37068 0.00384519
32244 36479 36435 -0.00136459
32125 37758 37628 -0.00404669
31357 36456 36429 -0.000861052
32725 36556 36410 -0.00446142
32821 36347 36255 -0.00280308
32709 36321 36321 0
31711 36135 36069 -0.0020813
32651 36580 36475 -0.00321583
32786 37105 37105 0
32256 36488 36501 0.000403026
32160 36663 36205 -0.0142413
33822 37597 37733 0.00402105
32733 36872 36849 -0.000702655
31400 36002 36110 0.00343949
32952 36862 36765 -0.00294368
32491 36998 36836 -0.004986
33128 36609 36164 -0.0134327
33182 37558 37461 -0.00292327
33016 36899 36852 -0.00142355
32091 36054 36143 0.00277336
32475 37446 37378 -0.00209392
34042 37470 37416 -0.00158628
33828 37823 37866 0.00127114
33032 36837 36853 0.000484379
32904 36129 36366 0.00720277
33537 36138 36128 -0.000298178
32961 36790 36664 -0.0038227
32824 37215 37275 0.00182793
31105 37319 37303 -0.000514387
32525 36066 35946 -0.00368947
32691 36536 36452 -0.00256951
32257 36656 36678 0.000682023
33145 37057 36697 -0.0108614
31779 35818 35988 0.00534944
32354 37044 37044 0
32362 36919 36692 -0.0070144
31349 35293 35296 9.56968e-05
32712 36684 36535 -0.0045549
31828 36684 36545 -0.00436722
32529 37090 37088 -6.14836e-05
31767 36300 36056 -0.00768093
