50245 56299 56020 -0.00555279
48264 55872 56365 0.0102147
51015 57088 57064 -0.00047045
50055 57837 57837 0
50206 57332 57139 -0.00384416
50399 57804 58086 0.00559535
51165 58406 58619 0.004163
50630 57631 57650 0.000375272
49705 57098 56988 -0.00221306
49102 56434 56480 0.000936825
50526 56855 56930 0.00148438
50247 56830 56875 0.000895576
48950 55106 54799 -0.00627171
48298 58565 58600 0.000724668
50105 56889 56768 -0.00241493
49932 56940 56308 -0.0126572
49234 57840 58074 0.00475281
49592 58576 58591 0.000302468
48910 56194 56041 -0.00312819
50209 57262 57436 0.00346551
50871 57397 57614 0.00426569
51292 57578 57539 -0.000760352
49731 56129 55993 -0.00273471
52146 57829 57861 0.000613662
49718 56832 56550 -0.00567199
49942 57795 57676 -0.00238276
52847 57910 58087 0.00334929
52093 58884 59071 0.00358973
50767 56375 56437 0.00122127
50473 57629 57574 -0.00108969
51229 57887 58194 0.0059927
48002 56338 56469 0.00272905
50018 57452 57014 -0.00875685
48953 56385 56552 0.00341144
49019 56537 56217 -0.00652808
48741 56659 56636 -0.000471882
49728 57515 57217 -0.0059926
50715 58770 59301 0.0104703
49696 58069 57963 -0.00213297
49986 56281 56725 0.00888249
53295 60222 60143 -0.00148232
49814 57650 57817 0.00335247
49721 57316 57358 0.000844714
49741 57359 57359 0
49006 56724 56516 -0.00424438
53656 59111 58950 -0.0030006
51970 58233 58019 -0.00411776
49713 58054 58097 0.000864965
50161 57977 57730 -0.00492414
49362 56553 56474 -0.00160042
49036 56624 56609 -0.000305898
51459 56909 57020 0.00215706
49044 55660 55834 0.00354783
49640 56978 57677 0.0140814
50335 57537 57609 0.00143042
52203 57791 57824 0.000632148
51126 58033 57819 -0.00418574
51587 58397 58292 -0.0020354
51019 57347 57139 -0.00407691
51359 57125 56856 -0.00523764
50181 57078 57333 0.0050816
48222 56290 55654 -0.013189
50023 58146 58209 0.00125942
50836 58447 58101 -0.0068062
48872 54681 54651 -0.000613848
48420 57415 57550 0.0027881
50948 57840 57927 0.00170762
50156 57006 56979 -0.00053832
49087 56946 56883 -0.00128344
51643 56917 57110 0.0037372
50822 57689 57646 -0.00084609
48830 56783 56700 -0.00169977
48664 58458 58454 -8.21963e-05
48715 57226 57125 -0.00207328
47795 55995 55803 -0.00401716
47808 55329 55579 0.00522925
47414 56546 56454 -0.00194036
51259 56994 57336 0.006672
52228 59817 59573 -0.00467182
50562 58055 58178 0.00243266
49040 55714 55809 0.00193719
51120 57355 56946 -0.00800078
49447 55541 55578 0.000748276
49768 55941 56193 0.00506349
51667 58133 57918 -0.00416126
50045 58296 58296 0
48898 55647 55410 -0.00484682
51508 59685 59412 -0.00530015
51239 58345 58407 0.00121002
51653 58805 58936 0.00253615
52929 59865 59802 -0.00119027
50687 57632 57604 -0.00055241
52293 58673 58187 -0.00929379
48685 56101 56091 -0.000205402
49960 57887 57702 -0.00370296
49841 56466 56403 -0.00126402
50843 56552 56386 -0.00326495
49494 57401 57431 0.000606134
50284 56910 57075 0.00328136
50183 56636 56094 -0.0108005
48069 58081 58096 0.000312051
52261 58470 58152 -0.00608484
51016 57986 57752 -0.0045868
53178 57967 58007 0.000752191
49080 57779 57855 0.00154849
51021 57909 58270 0.00707552
49702 55562 55894 0.00667981
47812 57782 57782 0
49210 56947 56897 -0.00101605
52671 58551 58831 0.00531602
51325 57698 57923 0.00438383
50586 56054 56290 0.00466532
52831 57954 58041 0.00164676
49634 56501 56486 -0.000302212
49744 55116 54971 -0.00291492
48798 56104 55681 -0.00866839
49209 56757 56656 -0.00205247
50582 57724 57449 -0.00543672
53675 58749 58588 -0.00299953
51055 57102 57334 0.00454412
50486 57620 57722 0.00202036
49593 57595 57078 -0.0104249
51342 58862 58871 0.000175295
48980 56362 56155 -0.00422621
50370 58094 58266 0.00341473
51116 58279 58295 0.000313014
48848 56078 56053 -0.000511792
52269 58889 58901 0.000229582
49932 57411 57271 -0.00280381
50321 57781 58075 0.00584249
50489 57463 57678 0.00425835
51516 58738 58710 -0.00054352
49551 56901 56757 -0.0029061
50861 58099 57746 -0.00694048
50560 58104 58256 0.00300633
48309 57652 57654 4.14002e-05
49815 58948 58890 -0.00116431
51169 58144 58008 -0.00265786
49362 57028 56518 -0.0103318
50255 58897 58741 -0.00310417
49004 56056 56299 0.00495878
50528 56496 56673 0.00350301
48511 54501 54745 0.00502979
51398 57000 57027 0.000525312
49746 56759 56573 -0.00373899
50376 58331 58123 -0.00412895
51961 57958 57790 -0.00323319
49373 55494 55408 -0.00174184
50365 59148 59013 -0.00268043
49120 55956 56037 0.00164902
50240 57189 56761 -0.00851911
51809 56634 56426 -0.00401475
48656 56334 55834 -0.0102762
49252 55706 55809 0.00209129
48516 56405 56500 0.00195812
49130 57589 57355 -0.00476287
48512 55774 55894 0.00247361
49028 57012 56725 -0.0058538
49579 56703 56765 0.00125053
49656 55670 55744 0.00149025
51361 58058 58337 0.00543214
50090 58626 58399 -0.00453184
49258 57644 57866 0.00450688
52280 58580 58355 -0.00430375
49029 56665 56146 -0.0105856
49945 57984 57982 -4.0044e-05
52178 57781 57779 -3.83303e-05
50344 58144 57945 -0.0039528
50141 57500 57555 0.00109691
49934 58051 58044 -0.000140185
49633 57368 57368 0
51443 58367 58626 0.0050347
50259 57209 57698 0.0097296
50306 56010 56780 0.0153063
51192 59094 59184 0.00175809
50598 57623 57524 -0.0019566
50617 57315 57485 0.00335856
49935 57539 57649 0.00220286
50834 57017 57108 0.00179014
51750 56759 56954 0.00376812
51010 59074 58684 -0.00764556
51773 57324 57173 -0.00291658
51073 57233 57328 0.00186008
49560 57273 56653 -0.0125101
50916 60053 59951 -0.0020033
52461 58879 58714 -0.00314519
48367 55926 55859 -0.00138524
49075 56660 56396 -0.00537952
50020 58186 58186 0
52162 58760 58851 0.00174457
48510 56694 56259 -0.00896722
51531 57901 57998 0.00188236
51154 57539 57232 -0.00600149
51906 58139 58702 0.0108465
51964 57207 57283 0.00146255
49472 57389 57438 0.000990459
49585 56884 56780 -0.00209741
51427 55576 55566 -0.00019445
48633 56572 56504 -0.00139823
48784 56275 56486 0.00432519
51757 59476 59408 -0.00131383
53179 57429 57600 0.00321556
48598 57451 57289 -0.00333347
50304 57971 57998 0.000536737
51674 57944 57879 -0.00125789
48450 54224 54136 -0.00181631
49655 57422 57394 -0.000563891
49665 57170 57491 0.0064633
50958 56186 56144 -0.000824208
49806 57604 57381 -0.00447737
48403 54122 54047 -0.00154949
52319 59311 59401 0.00172022
52616 57264 57578 0.00596777
51065 58908 58832 -0.0014883
49906 57415 57293 -0.0024446
50752 56802 56954 0.00299496
49493 55966 56297 0.00668781
50277 57975 57546 -0.00853273
50654 57956 57145 -0.0160106
50486 58543 58627 0.00166383
50886 58861 58613 -0.00487364
49752 56457 56211 -0.00494452
53529 59571 59424 -0.00274617
47341 54413 54163 -0.00528083
51334 58677 58677 0
49599 57080 56935 -0.00292345
50338 56714 56590 -0.00246335
50532 56485 56398 -0.00172168
48856 57348 57255 -0.00190355
52295 58278 58115 -0.00311693
51901 57813 57654 -0.00306352
49803 57548 57536 -0.000240949
51540 58972 58650 -0.00624757
49991 56729 56362 -0.00734132
48760 57018 56984 -0.000697293
48435 55864 55797 -0.0013833
50194 58592 58339 -0.00504044
49754 57735 57457 -0.00558749
49502 57896 57717 -0.00361602
49881 58193 58079 -0.00228544
49305 56197 56223 0.00052733
50098 57067 57326 0.00516987
48553 56154 56044 -0.00226557
49960 56785 56504 -0.0056245
53597 58275 59107 0.0155233
51527 58850 58913 0.00122266
49810 56305 56540 0.00471793
48741 56283 56393 0.00225683
49014 56001 55981 -0.000408047
50068 55645 56007 0.00723017
49679 56113 56233 0.00241551
50080 57399 57436 0.000738818
50957 57526 57266 -0.00510234
48988 55545 55281 -0.00538907
49651 56374 56190 -0.00370587
52398 57435 57244 -0.00364518
49839 57699 57699 0
50009 58044 57972 -0.00143974
50266 58088 58088 0
50860 57025 56782 -0.00477782
51379 56465 56472 0.000136242
50611 57823 57186 -0.0125862
49904 57174 56933 -0.00482927
48863 55923 56037 0.00233305
51014 59483 59287 -0.00384208
49760 56981 56797 -0.00369775
49261 57976 57998 0.000446601
49792 57153 57250 0.0019481
50892 56961 57342 0.00748644
51675 55986 55790 -0.00379294
51218 58124 58115 -0.000175719
49738 56489 56458 -0.000623266
49753 56574 56625 0.00102506
50568 57934 57996 0.00122607
51901 60148 60142 -0.000115605
52167 57878 58021 0.0027412
51546 58075 57903 -0.00333683
48271 55733 55737 8.28655e-05
51643 58842 58799 -0.000832639
48936 58153 58153 0
52252 57415 57815 0.00765521
47759 55564 55620 0.00117255
50425 55174 55280 0.00210213
51005 57418 57524 0.00207823
48180 56641 56656 0.000311333
49618 57555 57798 0.00489742
48614 56105 55807 -0.00612992
50681 59179 59417 0.00469604
47744 57006 56836 -0.00356066
50007 56932 56963 0.000619913
48748 57687 57351 -0.00689259
50790 57692 57619 -0.00143729
48285 55548 55546 -4.14207e-05
52940 57334 57191 -0.00270117
51057 57995 57940 -0.00107723
50661 57708 57708 0
51200 58963 58986 0.000449219
48529 56921 56666 -0.00525459
52070 58357 58336 -0.000403303
50041 58596 58531 -0.00129893
49703 56557 56534 -0.000462749
51439 58161 58268 0.00208013
51516 57640 57458 -0.00353288
50327 57886 58336 0.00894152
48672 55918 55943 0.000513642
50888 57492 57313 -0.00351753
50721 57958 57925 -0.000650618
49446 56585 57157 0.0115682
49513 57332 57169 -0.00329206
48180 55874 56112 0.00493981
52350 58335 58361 0.000496657
49143 55996 55771 -0.00457848
50179 56290 56290 0
49490 57563 57481 -0.0016569
50686 56698 56890 0.00378803
52393 58384 58306 -0.00148875
48892 57968 58015 0.000961302
49345 55901 55819 -0.00166177
50617 56643 57068 0.00839639
47185 55962 56022 0.00127159
48298 55475 55239 -0.00488633
46922 55483 55483 0
49903 57949 57780 -0.00338657
49256 56616 56534 -0.00166477
49856 58215 58152 -0.00126364
46952 56885 56634 -0.00534589
49044 57029 57029 0
49559 56727 56840 0.00228011
50174 56569 56539 -0.000597919
49767 58066 58124 0.00116543
50573 56443 56475 0.000632749
51556 56499 56480 -0.000368531
50117 56672 56598 -0.00147654
51018 57881 58045 0.00321455
48202 55385 55406 0.000435667
49008 56587 56664 0.00157117
48962 57480 57273 -0.00422777
52148 59386 58981 -0.00776636
48811 57079 56758 -0.00657639
52377 58746 58797 0.00097371
50011 57764 57542 -0.00443902
50762 56581 56689 0.00212758
48140 56816 56676 -0.00290818
49354 56732 55895 -0.0169591
50290 57004 56922 -0.00163054
50756 57541 57262 -0.00549689
49386 57872 58327 0.00921314
49738 57293 57486 0.00388033
50666 56711 56691 -0.000394742
50525 56455 57039 0.0115586
49545 57903 58137 0.00472298
50356 57271 57642 0.00736754
48644 57044 57249 0.00421429
49577 56888 56833 -0.00110939
50351 56719 57167 0.00889754
51269 58731 58881 0.00292574
50690 56661 56825 0.00323535
50906 58744 58903 0.0031234
49228 56203 56120 -0.00168603
47520 56195 56222 0.000568182
49609 56628 56424 -0.00411216
50537 57705 57707 3.9575e-05
51716 58174 58174 0
52166 58544 58633 0.00170609
52069 58333 58239 -0.0018053
50813 57678 57701 0.00045264
50827 56411 56363 -0.00094438
49821 58064 57274 -0.0158568
48819 57146 57182 0.000737418
50838 57822 57331 -0.00965813
52847 59578 59397 -0.00342498
50996 57158 57267 0.00213742
50678 56714 56304 -0.0080903
49537 58799 58860 0.0012314
53117 58757 58662 -0.0017885
49033 57151 57832 0.0138886
50652 57501 57136 -0.00720603
49983 57559 57505 -0.00108037
51465 56938 56936 -3.88614e-05
52919 57804 57922 0.00222982
50408 56846 56886 0.000793525
46914 56810 56809 -2.13156e-05
49179 57578 57283 -0.0059985
52578 57797 57895 0.0018639
49377 55564 55579 0.000303785
49907 55963 56640 0.0135652
47172 56660 56638 -0.000466378
50784 57580 57038 -0.0106727
50845 57697 57309 -0.00763104
50806 58806 58593 -0.00419242
50080 56355 56255 -0.00199681
52924 58924 58574 -0.00661326
51741 56539 56832 0.00566282
52817 59038 58858 -0.00340799
50246 58125 58388 0.00523425
50052 56945 57108 0.00325661
50969 57967 58116 0.00292335
49174 57188 57339 0.00307073
49336 57133 57092 -0.000831036
49875 57699 57249 -0.00902256
51340 57632 57648 0.000311648
48965 56195 55745 -0.00919024
49744 55299 55728 0.00862416
49621 57735 57575 -0.00322444
50678 56684 56222 -0.00911638
48297 56575 56341 -0.00484502
50736 56794 56242 -0.0108798
49232 56396 56399 6.0936e-05
52339 59518 59134 -0.00733679
50116 56856 57148 0.00582648
50825 56935 56665 -0.00531235
48374 55486 55552 0.00136437
51518 56740 56888 0.00287278
51222 56850 57359 0.00993714
50867 56869 56822 -0.000923978
48050 57924 57588 -0.00699272
51426 60086 60030 -0.00108894
50226 57010 57146 0.00270776
47859 59175 59204 0.000605947
48500 55874 55847 -0.000556701
51767 57372 57291 -0.0015647
50044 58483 58082 -0.00801295
50656 58650 59054 0.00797536
49221 56422 56290 -0.00268178
50078 57666 58182 0.0103039
52048 58812 58832 0.000384261
52202 58132 57982 -0.00287345
49770 57220 57024 -0.00393812
49563 57826 57117 -0.014305
49563 57769 57719 -0.00100882
49339 56552 56497 -0.00111474
53277 58980 59125 0.00272162
48565 58741 58521 -0.00453001
50813 56367 55761 -0.0119261
48924 55711 56368 0.013429
49767 57984 57509 -0.00954448
47994 56197 56298 0.00210443
48476 56268 56603 0.00691064
50376 56009 55870 -0.00275925
50968 59088 59276 0.00368859
48382 57357 57530 0.00357571
48105 56655 56869 0.0044486
48215 56915 56851 -0.00132739
50470 58180 58191 0.000217951
47894 56111 55755 -0.00743308
50828 57909 57850 -0.00116078
48005 57478 57207 -0.00564525
47859 56320 56143 -0.00369836
50860 56601 57022 0.00827762
51230 58633 58543 -0.00175678
52168 57689 57662 -0.000517559
51555 57281 57388 0.00207545
47742 57405 57369 -0.000754053
50219 58956 58691 -0.00527689
50478 58192 57487 -0.0139665
51481 57747 57848 0.00196189
50756 58552 58547 -9.85105e-05
49643 57228 57234 0.000120863
50861 58768 58621 -0.00289023
49588 57435 57672 0.00477938
48690 56473 56760 0.00589443
51737 56596 56841 0.00473549
50017 57869 57865 -7.99728e-05
50738 57398 57116 -0.00555796
49441 57337 56705 -0.0127829
51979 59659 59687 0.000538679
53794 59696 59528 -0.00312302
51416 57228 56756 -0.00918002
49453 58302 58251 -0.00103128
49979 57888 57600 -0.00576242
52851 58436 58384 -0.000983898
49054 56888 56962 0.00150854
50289 55828 56346 0.0103005
52015 59041 58912 -0.00248005
49360 55265 55485 0.00445705
50655 58606 59107 0.00989044
50138 56898 56478 -0.00837688
50751 57084 57104 0.000394081
49645 57701 57412 -0.00582133
49733 57453 56937 -0.0103754
52097 59148 58905 -0.00466438
47460 56447 55797 -0.0136957
50172 58468 58408 -0.00119589
50794 56731 56692 -0.000767807
49810 57724 57846 0.00244931
51620 57397 57685 0.00557923
50074 57291 57137 -0.00307545
51051 58894 59222 0.00642495
47945 56693 56561 -0.00275315
49051 57575 57711 0.00277262
50402 57844 57672 -0.00341256
49382 57550 57739 0.00382731
48210 55987 55944 -0.000891931
49261 57559 57845 0.00580581
49245 56476 56110 -0.00743223
50452 56504 56417 -0.00172441
50351 56953 57123 0.0033763
49968 57670 57710 0.000800512
50424 56842 56824 -0.000356973
50509 56855 56959 0.00205904
48345 56516 56776 0.00537801
50434 57954 57706 -0.00491732
50204 58346 58356 0.000199187
46920 55137 55120 -0.000362319
47476 55992 55750 -0.00509731
49993 56173 56084 -0.00178025
49934 58881 58845 -0.000720952
48335 57738 57716 -0.000455157
50604 58574 57382 -0.0235555
49949 57742 57164 -0.0115718
50169 55739 55585 -0.00306962
50662 57386 57200 -0.00367139
51715 58508 58203 -0.00589771
51660 57464 57563 0.00191638
51600 57084 57448 0.00705426
51525 57808 57598 -0.00407569
52109 57679 57681 3.83811e-05
51787 58429 58324 -0.00202754
51710 58033 58394 0.00698124
51446 58547 58505 -0.00081639
49196 55704 55771 0.0013619
49745 56819 56302 -0.010393
49141 56142 56690 0.0111516
51425 57194 56689 -0.00982013
48261 55703 55744 0.000849547
48994 54698 54736 0.000775605
49795 57009 56894 -0.00230947
49136 56749 56730 -0.000386682
49784 56263 56721 0.00919974
51045 57604 57531 -0.00143011
51196 57244 57254 0.000195328
48976 57403 57313 -0.00183763
51245 58539 58539 0
49156 55055 54744 -0.0063268
48268 56473 56192 -0.00582166
49219 57743 57732 -0.000223491
50561 58761 58824 0.00124602
51004 57006 56974 -0.000627402
49146 55627 55580 -0.000956334
49092 57664 57885 0.00450175
50813 58964 58873 -0.00179088
49284 55675 55482 -0.00391608
50217 56901 56774 -0.00252902
51256 57168 56439 -0.0142227
49606 56724 56709 -0.000302383
50222 57012 56657 -0.00706862
50922 57492 57696 0.00400613
49719 57559 57680 0.00243368
51976 58436 58110 -0.00627213
49975 58370 58552 0.00364182
51182 58331 58250 -0.00158259
50722 57459 57009 -0.00887189
52062 56685 56633 -0.000998809
51539 58007 57946 -0.00118357
50505 56874 56503 -0.00734581
48296 56280 56283 6.21169e-05
53271 59710 59582 -0.00240281
48887 55952 55936 -0.000327285
48855 56145 55891 -0.00519906
49690 57555 56882 -0.013544
47255 55928 55912 -0.000338589
48113 57492 57315 -0.00367884
51736 58968 58845 -0.00237745
48659 57149 57243 0.00193181
51666 57874 58468 0.0114969
48396 56372 56372 0
50168 57318 57341 0.00045846
51480 58091 57888 -0.00394328
51209 56821 56531 -0.00566307
47460 57339 57469 0.00273915
50741 58384 58381 -5.91238e-05
49514 57615 58014 0.00805833
48552 57293 57107 -0.00383094
52301 58191 58340 0.00284889
51205 57545 57303 -0.0047261
53086 58956 58755 -0.00378631
50577 57228 56342 -0.0175178
45827 56808 56545 -0.00573897
50867 57822 57732 -0.00176932
49810 57566 57568 4.01526e-05
47988 56496 56129 -0.00764775
50249 56676 57150 0.00943302
51596 59139 59139 0
48455 55524 55786 0.00540708
52061 58037 58122 0.0016327
50313 57178 57179 1.98756e-05
50799 57054 57205 0.0029725
49947 56415 56499 0.00168178
49759 57867 57874 0.000140678
49409 56838 56838 0
52928 59738 59653 -0.00160596
49951 56608 56495 -0.00226222
49422 55675 55482 -0.00390514
49560 56031 55864 -0.00336965
51379 58825 58602 -0.00434029
47642 55553 55747 0.00407204
48901 55930 56443 0.0104906
50431 57971 57964 -0.000138804
49901 56319 56195 -0.00248492
50599 58173 58050 -0.00243088
47487 55585 55585 0
49057 56805 56784 -0.000428073
48711 55907 55146 -0.0156228
50110 57159 57061 -0.0019557
49436 57259 57092 -0.00337811
49176 57954 57756 -0.00402635
49398 58718 58633 -0.00172072
51704 57880 57623 -0.0049706
50763 57406 57293 -0.00222603
50393 58046 57706 -0.00674697
47943 56896 56730 -0.00346244
50177 56707 56707 0
49647 56733 56611 -0.00245735
50701 57971 57943 -0.000552257
50153 57133 56897 -0.0047056
49263 56467 56531 0.00129915
48499 57381 57411 0.000618569
48868 55271 55285 0.000286486
48839 56514 56349 -0.00337845
50314 58009 58109 0.00198752
50873 57158 57195 0.000727301
48518 56752 56024 -0.0150047
49209 57724 57761 0.000751895
49420 56991 57057 0.00133549
48152 55398 55511 0.00234674
50549 56798 56802 7.91311e-05
50678 58120 58021 -0.00195351
49319 57123 56965 -0.00320363
50926 57451 57844 0.00771708
50893 57733 57699 -0.000668068
50470 56959 57124 0.00326927
50497 57619 57208 -0.0081391
50147 58097 58041 -0.00111672
49512 58082 57860 -0.00448376
52157 58193 58163 -0.000575186
48830 57820 57820 0
49559 56794 56868 0.00149317
48521 57381 57389 0.000164877
47782 56523 56523 0
49849 57883 57881 -4.01212e-05
49384 57173 57222 0.000992224
49635 56836 57341 0.0101743
51230 57341 57251 -0.00175678
49967 57584 57773 0.0037825
50223 57471 57048 -0.00842244
51489 57068 57050 -0.000349589
49976 56672 57399 0.014547
52260 59900 59716 -0.00352086
51870 58114 58223 0.00210141
49284 56655 56829 0.00353056
50584 57756 57415 -0.00674126
48528 55658 55582 -0.00156611
50764 57380 57266 -0.00224569
51504 58115 57967 -0.00287356
52049 59154 58804 -0.00672443
49044 57184 57149 -0.000713645
52544 59655 59188 -0.00888779
52095 58740 58842 0.00195796
51013 58219 58161 -0.00113697
48247 56063 55848 -0.00445624
50533 57164 57046 -0.00233511
49739 57564 57491 -0.00146766
49546 56991 56686 -0.0061559
50741 56898 56596 -0.00595179
51823 58123 58131 0.000154372
50426 57065 56737 -0.00650458
49341 57182 57651 0.00950528
48192 56102 55917 -0.00383881
49158 56421 55933 -0.00992717
50576 57003 56906 -0.00191791
50023 58147 57959 -0.00375827
51187 57789 57701 -0.00171919
50584 58591 58583 -0.000158153
49832 57952 58187 0.00471585
52349 59350 59385 0.00066859
51628 58574 58538 -0.000697296
50558 57875 57807 -0.00134499
49081 55640 55684 0.000896477
50859 57798 57806 0.000157298
51014 57647 57616 -0.000607676
52338 58715 58428 -0.00548359
50720 57925 58068 0.0028194
49135 56548 56663 0.00234049
49650 57892 57836 -0.0011279
48796 58081 58298 0.00444709
50704 57427 57259 -0.00331335
50658 58805 58738 -0.00132259
49281 57662 57539 -0.00249589
49551 57320 57480 0.003229
50635 58270 58260 -0.000197492
48192 56807 57049 0.00502158
51911 58163 58368 0.00394907
50572 59505 59550 0.00088982
48427 56966 56764 -0.00417123
52774 59004 59070 0.00125062
52111 59615 59432 -0.00351173
52310 57725 57519 -0.00393806
51356 57577 57799 0.00432277
49554 57062 56993 -0.00139242
47946 55975 56084 0.00227339
49229 57474 57036 -0.00889719
50673 56844 56751 -0.0018353
49585 56814 56891 0.00155289
49650 57360 57195 -0.00332326
49869 56420 56541 0.00242636
50445 56807 56888 0.00160571
52392 58487 58477 -0.000190869
48694 56316 56029 -0.00589395
51818 57997 57997 0
49788 56522 56687 0.00331405
48161 55878 55846 -0.000664438
51408 58174 58225 0.000992063
49270 57607 57593 -0.000284149
50503 56154 56158 7.92032e-05
49241 58304 58173 -0.00266038
50659 57461 57272 -0.00373083
51775 57769 57938 0.00326412
48753 58069 57887 -0.0037331
49145 58259 58198 -0.00124122
50867 57098 57088 -0.000196591
48961 57462 57728 0.0054329
48495 55783 55721 -0.00127848
50531 58780 58748 -0.000633275
52303 58953 58741 -0.0040533
47169 55812 55723 -0.00188683
48954 56839 56459 -0.00776239
52625 59413 59375 -0.00072209
49028 57252 57539 0.0058538
49987 57301 57422 0.00242063
49506 56848 57225 0.00761524
50275 57563 57374 -0.00375932
52899 58275 58224 -0.000964101
51823 58586 58345 -0.00465044
50892 57439 57474 0.000687731
50411 56460 56593 0.00263831
49927 56112 56363 0.00502734
48615 55628 55986 0.00736398
50159 58204 57910 -0.00586136
51189 56163 56003 -0.00312567
50446 57622 57100 -0.0103477
48528 57211 57157 -0.00111276
49496 56668 57030 0.00731372
49994 57053 57039 -0.000280034
48562 56260 56144 -0.0023887
47648 57106 56964 -0.00298019
49354 56725 56135 -0.0119545
49821 56038 56028 -0.000200719
51817 58626 58411 -0.00414922
50024 55860 56058 0.0039581
51403 58723 58424 -0.00581678
52794 59165 59195 0.000568246
52075 58537 58266 -0.00520403
49923 57035 57020 -0.000300463
50186 57613 57183 -0.00856813
49840 57731 57507 -0.00449438
49605 56220 57027 0.0162685
49076 55665 55684 0.000387155
50061 56628 56544 -0.00167795
50532 57696 57075 -0.0122892
50789 57492 57424 -0.00133887
51604 56726 57118 0.00759631
50259 55925 56235 0.00616805
49273 56977 56718 -0.00525643
51060 56153 56060 -0.00182139
49713 57829 57454 -0.0075433
50497 57880 57878 -3.96063e-05
50455 59416 59449 0.000654048
50623 56766 56379 -0.00764475
49746 56455 57006 0.0110763
50287 59203 59114 -0.00176984
51658 58812 58688 -0.0024004
48806 57940 57965 0.000512232
51439 58051 58051 0
48655 55871 55380 -0.0100915
51305 57377 57634 0.00500926
50496 57265 57137 -0.00253485
47437 57337 57344 0.000147564
51087 58678 59157 0.00937616
49437 56339 55982 -0.00722131
49511 56400 56113 -0.00579669
50073 55352 55426 0.00147784
51406 57528 57543 0.000291795
49937 56309 56543 0.0046859
50766 57367 57099 -0.00527912
50277 57007 57007 0
50301 56543 56575 0.00063617
46630 56240 56458 0.0046751
47534 55691 56084 0.00826777
50150 57336 57175 -0.00321037
49681 57085 57060 -0.00050321
49370 56102 56102 0
50175 56158 56184 0.000518186
49279 57832 57607 -0.00456584
50362 57318 57249 -0.00137008
50000 58189 58238 0.00098
48880 57303 57262 -0.000838789
48938 57247 56866 -0.00778536
47946 56181 56004 -0.00369165
49176 56656 56560 -0.00195217
48134 56752 56574 -0.00369801
49144 55552 55628 0.00154648
51767 58665 58563 -0.00197037
50357 57400 57228 -0.00341561
50303 58933 58692 -0.00479097
51482 57946 57790 -0.00303019
51456 58457 58096 -0.0070157
49298 57037 57037 0
48469 56101 56249 0.0030535
49759 58967 59088 0.00243172
50485 56626 56254 -0.00736853
49871 56642 56589 -0.00106274
51695 60256 60178 -0.00150885
50800 57486 57342 -0.00283465
51284 57189 57438 0.00485532
51347 58540 58620 0.00155803
49539 57105 56915 -0.00383536
49571 57112 57098 -0.000282423
50429 56720 56877 0.00311329
49717 56794 56837 0.000864895
50962 58280 58176 -0.00204074
50517 56245 56219 -0.000514678
50959 59261 59305 0.000863439
52841 59358 59319 -0.000738063
50809 59297 59297 0
51187 56953 56641 -0.0060953
50571 56810 56525 -0.00563564
49397 57541 57545 8.09766e-05
50470 57246 57246 0
50445 57224 57423 0.00394489
49914 56390 55509 -0.0176504
50359 57738 57466 -0.00540122
52221 57917 57699 -0.00417457
50570 58962 58962 0
50770 57413 57290 -0.00242269
50681 58077 58184 0.00211124
48590 57092 57045 -0.000967277
50050 59040 59078 0.000759241
49450 56590 56684 0.00190091
49157 57718 57622 -0.00195293
50376 57642 57602 -0.000794029
49584 56000 56034 0.000685705
49366 58467 58325 -0.00287647
50657 56733 56644 -0.00175691
48664 55668 56050 0.00784975
52278 57861 57429 -0.00826351
50449 55880 55523 -0.00707645
49715 57376 56759 -0.0124107
48729 56921 56808 -0.00231895
51339 57585 57585 0
50675 56890 56115 -0.0152935
50490 57886 57535 -0.00695187
48775 57264 57499 0.00481804
52406 58145 58230 0.00162195
49017 55902 55965 0.00128527
50197 57786 57786 0
48762 57817 57817 0
50817 58719 58900 0.0035618
47557 57547 57525 -0.000462603
48374 57036 56838 -0.00409311
49523 57338 56924 -0.00835975
51226 57267 57330 0.00122984
48525 57947 57873 -0.00152499
48839 57111 57327 0.00442269
50423 56829 56758 -0.00140809
49964 57724 57776 0.00104075
50663 56771 56742 -0.00057241
50231 58374 58340 -0.000676873
47205 56841 56555 -0.00605868
47898 55917 55811 -0.00221304
50472 57464 57467 5.94389e-05
48261 56141 55602 -0.0111684
52328 58010 58212 0.00386027
49162 57228 57407 0.00364102
49532 57108 56777 -0.00668255
48348 58451 58186 -0.0054811
51208 58815 58815 0
50251 57320 57370 0.000995005
51694 57502 57821 0.00617093
51663 58919 59026 0.00207111
49183 57957 57682 -0.00559136
47616 56234 55930 -0.00638441
51269 57868 58064 0.00382297
50169 57588 57129 -0.00914908
49557 55099 55089 -0.000201788
51136 57019 57074 0.00107556
51771 57199 57085 -0.002202
49875 56541 56628 0.00174436
49052 57515 57469 -0.00093778
50185 58085 58443 0.00713361
51807 58041 58581 0.0104233
50203 57428 57327 -0.00201183
48860 56604 56321 -0.00579206
50118 57199 57530 0.00660441
51796 58534 58260 -0.00528998
46760 54271 54273 4.27716e-05
49636 59098 58520 -0.0116448
51877 59041 59041 0
51793 59093 59215 0.00235553
48598 56459 56193 -0.00547348
50893 56746 56832 0.00168982
53129 58711 58703 -0.000150577
50960 56336 55888 -0.00879121
50914 56417 56377 -0.000785639
51917 58390 58649 0.00498873
49450 57378 57379 2.02224e-05
48367 57871 57874 6.20258e-05
51053 59105 58901 -0.00399585
51233 58489 58163 -0.00636309
50325 57567 57187 -0.00755092
48959 56433 56358 -0.00153189
49778 56984 56761 -0.00447989
50220 57469 57347 -0.00242931
52658 58769 58270 -0.00947624
49992 56789 56841 0.00104017
51414 56365 56210 -0.00301474
50320 59213 59132 -0.0016097
48951 56559 56664 0.002145
51494 56420 55973 -0.00868062
52776 59466 59475 0.000170532
52812 58207 58627 0.00795274
50829 57910 57539 -0.00729898
51678 57809 57646 -0.00315415
51349 58717 58697 -0.000389492
49957 56837 57352 0.0103089
50580 56743 56801 0.0011467
49487 57265 57060 -0.0041425
48081 54815 54740 -0.00155987
48478 56971 56971 0
50547 57352 57509 0.00310602
48397 56720 57080 0.00743848
51353 58177 58380 0.00395303
50342 58475 58603 0.00254261
50346 57470 57576 0.00210543
50706 57157 57767 0.0120301
48968 57370 57492 0.00249142
51967 58607 58350 -0.00494545
49402 58175 58001 -0.00352212
51054 58307 58651 0.00673796
48273 57573 57735 0.00335591
49869 59026 59076 0.00100263
49736 57515 57097 -0.00840438
47275 57123 57060 -0.00133263
48234 58720 58720 0
50115 58721 58765 0.000877981
50659 58088 58105 0.000335577
50458 57612 57612 0
49825 56851 57162 0.00624185
49524 56489 56288 -0.00405864
49885 58343 58028 -0.00631452
49480 56721 56920 0.00402183
51191 58664 58488 -0.0034381
49355 57256 57339 0.00168169
48124 57577 57677 0.00207797
50679 58046 57681 -0.00720219
48715 56574 56589 0.000307913
49786 58490 58323 -0.00335436
49573 56585 56613 0.000564824
48729 55757 56280 0.0107328
49659 58110 58002 -0.00217483
49461 56648 56413 -0.00475122
49526 57967 58243 0.00557283
48348 56777 56489 -0.00595681
50441 58100 57994 -0.00210147
51431 57559 57412 -0.0028582
50452 56853 56768 -0.00168477
48265 56408 56927 0.0107531
50504 56931 56970 0.000772216
51238 57367 56955 -0.00804091
49886 55927 55837 -0.00180411
49167 56812 56905 0.00189151
52375 59154 58885 -0.00513604
50434 56776 57292 0.0102312
48651 57003 56621 -0.00785184
51022 57717 57706 -0.000215593
49628 57921 57908 -0.000261949
50567 56667 56368 -0.00591295
51848 59348 59149 -0.00383814
50799 57555 57226 -0.00647651
48278 56900 56849 -0.00105638
50117 58926 58914 -0.00023944
52403 58838 58954 0.00221361
52198 57987 58107 0.00229894
50941 58460 58690 0.00451503
50679 56474 56773 0.00589988
51436 56833 56056 -0.0151062
50202 57820 57935 0.00229075
50401 57710 58096 0.00765858
47116 57927 57892 -0.000742847
49613 56117 55457 -0.013303
50113 57454 57703 0.00496877
50504 58446 58233 -0.00421749
51209 57875 57949 0.00144506
48815 56262 56262 0
50375 58645 58658 0.000258065
49425 57635 57678 0.000870005
48125 54561 54666 0.00218182
50183 57696 57781 0.0016938
49366 56013 55906 -0.00216748
49723 57705 57717 0.000241337
48041 56679 55912 -0.0159655
