35947 41248 41441 0.00536902
33165 41364 41363 -3.01523e-05
37066 42258 41788 -0.0126801
37269 42596 42875 0.00748611
35018 42125 42245 0.00342681
35270 42079 42042 -0.00104905
36301 42447 42485 0.0010468
36172 42580 42940 0.00995245
35110 41182 41281 0.00281971
35175 40895 40468 -0.0121393
35949 42115 42171 0.00155776
35846 41869 41648 -0.00616526
34815 40609 40361 -0.00712337
34304 43674 43624 -0.00145756
36117 42031 42106 0.00207658
35143 40736 40737 2.84552e-05
34718 42138 42158 0.00057607
34366 42006 41915 -0.00264797
35738 41889 42109 0.00615591
36119 42703 42703 0
36428 42249 42307 0.00159218
36178 41623 41566 -0.00157554
34992 41422 41348 -0.00211477
36358 41829 41821 -0.000220034
35288 41090 41280 0.00538427
35819 42313 42331 0.000502527
37631 42617 42617 0
36754 43504 43258 -0.00669315
35359 41238 41038 -0.00565627
36209 42053 41769 -0.00784335
35910 42364 41917 -0.0124478
34244 41643 41734 0.0026574
36088 42541 42471 -0.0019397
34667 41509 41631 0.0035192
34681 41235 41289 0.00155705
35077 41790 41790 0
34900 41225 41034 -0.00547278
36068 43079 42827 -0.0069868
36042 42549 42888 0.00940569
37004 41519 41536 0.00045941
37367 42386 42524 0.0036931
35382 42408 42409 2.8263e-05
34657 42713 42709 -0.000115417
36086 42009 42022 0.000360251
35453 40935 40935 0
38041 43594 43600 0.000157725
37774 42554 42327 -0.00600942
35278 42195 42209 0.000396848
35601 41163 41049 -0.00320216
34224 40970 40957 -0.00037985
33868 40934 40814 -0.00354317
37405 42002 42002 0
35056 40555 40609 0.00154039
35776 42278 42251 -0.000754696
36219 42263 42014 -0.00687484
37306 42293 41804 -0.0131078
35883 42541 42361 -0.0050163
36883 43050 42925 -0.0033891
35775 42058 42197 0.00388539
35085 40400 40505 0.00299273
34683 41967 42117 0.00432489
34700 41496 41780 0.00818444
36446 43520 43478 -0.00115239
37012 43335 43149 -0.0050254
35240 39568 39724 0.00442679
33740 41205 41372 0.00494961
35517 41485 41480 -0.000140778
37504 41777 42233 0.0121587
35307 41504 41874 0.0104795
36492 41409 41437 0.000767291
35525 41079 41071 -0.000225194
34880 41614 41592 -0.000630734
36075 43127 42976 -0.00418572
34939 42473 42335 -0.00394974
34307 40845 40729 -0.00338123
33324 40137 40137 0
34193 41232 40907 -0.00950487
36960 41570 41848 0.00752165
37315 42530 42878 0.00932601
35758 42553 42341 -0.00592874
34667 40091 39297 -0.0229036
36567 41786 41690 -0.00262532
35931 41133 41161 0.000779271
36828 40895 41010 0.00312262
37024 42117 41995 -0.00329516
35517 42594 42594 0
35129 41480 41279 -0.00572177
37935 43125 43131 0.000158165
37094 43203 43371 0.00452903
37313 42770 42736 -0.000911211
37110 43036 43351 0.00848828
36601 42297 42357 0.0016393
36901 42527 42348 -0.00485082
34683 40920 41004 0.00242194
35140 42466 42512 0.00130905
35707 41286 41394 0.00302462
36571 41253 41058 -0.00533209
35075 41599 41961 0.0103207
36067 41276 41698 0.0117004
35476 40396 40551 0.00436915
35067 42945 42945 0
37280 42675 42456 -0.00587446
36437 42608 42037 -0.0156709
37862 41307 41307 0
34720 42207 42096 -0.003197
37231 43362 43103 -0.00695657
36206 41593 41364 -0.00632492
34203 41677 41719 0.00122796
34648 40697 40733 0.00103902
36738 43160 43298 0.00375633
36984 42256 41993 -0.00711118
37075 41201 41594 0.0106001
37177 42343 42232 -0.00298572
36157 41476 41640 0.00453577
35822 39586 39639 0.00147954
34229 41269 40851 -0.0122119
36413 41414 41106 -0.00845852
35735 42715 42617 -0.00274241
38370 43442 43376 -0.00172009
37244 41612 41568 -0.0011814
37068 42244 42200 -0.00118701
35325 42265 42083 -0.00515216
36501 42061 42124 0.00172598
35361 40998 40967 -0.000876672
35003 42066 41922 -0.00411393
35973 41460 41650 0.00528174
34343 40605 40466 -0.0040474
37266 42582 42646 0.00171738
34945 41909 41985 0.00217485
36413 43335 43298 -0.00101612
36307 42558 42794 0.00650012
36807 43322 43394 0.00195615
34871 41361 41332 -0.000831637
36437 42508 42040 -0.0128441
36605 42643 42904 0.00713017
34790 42059 41747 -0.00896809
34648 43119 42753 -0.0105634
36953 42867 42980 0.00305794
35423 40774 40737 -0.00104452
36103 42300 42170 -0.00360081
34308 40951 40993 0.0012242
36208 41868 41523 -0.00952828
35514 40164 40202 0.00107
36842 42107 42107 0
35281 41562 41592 0.000850316
36489 42329 42110 -0.00600181
37502 41920 42004 0.00223988
36503 41331 41583 0.00690354
35881 43140 42967 -0.00482149
35115 41583 41637 0.0015378
36493 42256 42415 0.004357
36713 41189 41115 -0.00201563
35299 41213 41168 -0.00127482
34935 41047 40929 -0.0033777
34983 41647 41560 -0.00248692
34309 41493 41940 0.0130287
34521 40484 40871 0.0112106
34805 41553 41503 -0.00143658
35601 42383 42437 0.00151681
36827 41198 41029 -0.00458902
37098 42300 42362 0.00167125
36301 42978 43031 0.00146001
35374 41385 41651 0.00751965
37420 42502 42652 0.00400855
34797 41010 41150 0.00402334
35707 42136 41984 -0.00425687
37775 42766 42808 0.00111185
36320 42230 42271 0.00112885
35331 41221 41589 0.0104158
35356 42193 42151 -0.00118792
34833 41018 41294 0.00792352
36461 41717 42254 0.0147281
35652 41720 41637 -0.00232806
36601 41181 41357 0.00480861
36328 42894 43060 0.00456948
36224 42256 42256 0
37149 43092 42761 -0.00891006
35748 41624 41720 0.00268546
36389 41503 41589 0.00236335
37280 41976 42109 0.0035676
36441 43006 43133 0.00348509
36584 41211 41363 0.00415482
37015 41818 42036 0.0058895
35578 40855 40965 0.0030918
36238 43128 42979 -0.00411171
38145 42731 42948 0.00568882
34184 40624 40799 0.00511935
34702 40924 40924 0
36140 42565 42562 -8.30105e-05
36905 42802 42643 -0.00430836
34048 40762 40749 -0.000381814
36823 42609 42301 -0.00836434
36628 41879 42125 0.00671617
36920 42418 42444 0.000704225
37325 42215 42247 0.000857334
34907 41052 40997 -0.00157562
36705 42310 42171 -0.00378695
36741 41192 41069 -0.00334776
34688 40820 41148 0.00945572
35711 41884 41914 0.000840077
38123 44423 44415 -0.000209847
37867 42225 41977 -0.00654924
35267 41918 41726 -0.00544418
35794 43089 43113 0.000670503
37169 42588 42638 0.00134521
34813 40146 40588 0.0126964
35359 42433 42386 -0.00132922
35453 42197 42230 0.00093081
35910 41086 41185 0.00275689
36012 42243 42059 -0.00510941
34894 39848 39900 0.00149023
36918 43163 43160 -8.12612e-05
37287 42031 42014 -0.000455923
35933 42457 42472 0.000417444
35570 41636 41527 -0.00306438
36327 41040 41427 0.0106532
35419 41727 41545 -0.00513848
35878 42073 41841 -0.00646636
35243 41330 41110 -0.00624237
36361 42859 42839 -0.00055004
36843 43262 43326 0.0017371
34531 40894 40888 -0.000173757
37712 43126 43171 0.00119325
34458 40647 40577 -0.00203146
37662 43096 42688 -0.0108332
35430 42128 42153 0.000705617
37067 42616 42726 0.0029676
36310 41226 41208 -0.000495731
36353 42598 42623 0.000687701
37513 42316 42469 0.00407859
38136 42979 42822 -0.00411684
35306 41429 41501 0.00203931
36503 43026 42920 -0.00290387
35816 40907 41045 0.00385303
34417 41070 40713 -0.0103728
34128 40094 40094 0
36104 42316 42338 0.000609351
35270 41989 41950 -0.00110576
35070 42289 42239 -0.00142572
35224 41889 41935 0.00130593
35902 41319 41154 -0.00459584
35388 41714 41691 -0.000649938
33340 40545 40478 -0.0020096
36151 41562 41296 -0.00735803
37908 43134 43397 0.00693785
37273 44321 44275 -0.00123414
34775 41284 41284 0
33730 41032 40947 -0.00252001
35757 41624 41624 0
36772 41227 41461 0.00636354
34347 40333 39647 -0.0199726
36125 42027 42046 0.000525952
36673 42576 42583 0.000190876
34613 39568 39745 0.00511369
34598 41116 40976 -0.00404648
36729 41256 41365 0.00296768
34885 41880 41551 -0.00943099
35448 41719 41493 -0.00637554
35875 41920 41920 0
36671 41906 42033 0.00346323
36283 41090 40883 -0.00570515
36882 41940 41734 -0.00558538
35910 42084 41889 -0.00543024
35240 41307 41242 -0.00184449
36378 42688 41957 -0.0200946
35850 41778 41784 0.000167364
34780 41609 41653 0.00126509
36172 42622 42638 0.000442331
36673 42012 41909 -0.00280861
37759 40929 40941 0.000317805
37258 42740 42922 0.00488486
34541 40291 40705 0.0119858
35620 40643 40592 -0.00143178
36827 42712 42757 0.00122193
37274 43257 43191 -0.00177067
37373 42502 42286 -0.00577957
36946 43493 43433 -0.00162399
34181 39161 39255 0.00275007
36734 42591 42359 -0.00631567
35141 42307 41728 -0.0164765
37190 41956 42080 0.00333423
33897 40427 40449 0.000649025
35775 40512 40551 0.00109015
37659 42551 42567 0.000424865
34208 41224 41293 0.00201707
35372 41924 41795 -0.00364695
34022 39822 39771 -0.00149903
36350 43238 43469 0.00635488
33547 41600 42363 0.0227442
34901 42134 42179 0.00128936
35387 41941 41871 -0.00197813
35699 41162 41434 0.00761926
34704 41752 41832 0.00230521
38315 41475 41552 0.00200966
36926 42782 42031 -0.020338
35571 41384 41802 0.0117511
36628 43465 43057 -0.011139
35650 41557 41336 -0.00619916
37433 43624 43614 -0.000267144
36107 42602 42909 0.00850251
35255 40513 40481 -0.000907673
36227 42730 42784 0.0014906
35913 41190 40967 -0.00620945
36412 42636 42352 -0.00779963
34276 40482 40448 -0.000991948
36172 41303 41437 0.00370452
35941 42269 42111 -0.00439609
34983 41074 41554 0.013721
35715 42181 42291 0.00307994
35570 41739 41816 0.00216475
36734 42145 42145 0
33963 40771 40578 -0.00568265
36098 40841 40844 8.31071e-05
34573 42115 42130 0.000433865
36326 41489 41227 -0.00721246
37515 43472 43438 -0.000906304
35300 42900 42948 0.00135977
35946 41327 41243 -0.00233684
35589 41150 40861 -0.00812049
32964 39933 39705 -0.00691664
34555 40634 40183 -0.0130517
33390 39905 40041 0.00407308
35629 42056 42035 -0.000589408
36157 41936 41984 0.00132754
36047 42393 42635 0.00671346
34305 41508 42186 0.0197639
35765 42823 42942 0.00332728
34693 41577 41832 0.00735019
35364 41075 41192 0.00330845
35629 42465 42650 0.0051924
36432 41061 40887 -0.00477602
35892 41070 41024 -0.00128162
37227 41863 41899 0.00096704
36789 42128 42338 0.00570823
34143 40940 40942 5.85772e-05
35169 41646 41880 0.00665359
35753 41390 41590 0.00559394
38024 43123 42968 -0.00407637
34235 41343 41219 -0.00362202
37602 42649 42460 -0.00502633
35127 41316 41316 0
36478 41696 41805 0.0029881
35270 41885 41763 -0.00345903
34638 41359 41163 -0.00565853
35861 41224 41034 -0.00529823
36667 42225 42166 -0.00160908
35774 42612 42328 -0.00793873
35296 41718 41814 0.00271985
37038 41284 41284 0
34526 40321 40392 0.00205642
37107 43289 43125 -0.00441965
35975 42168 41885 -0.00786657
34781 41376 41011 -0.0104942
35737 41504 41356 -0.00414137
35521 41558 41366 -0.00540525
35877 41667 41753 0.00239708
35897 40150 40375 0.00626793
35225 42276 42205 -0.00201561
35435 40937 40874 -0.0017779
33930 40961 41465 0.0148541
35527 40818 40872 0.00151997
36654 43229 43199 -0.000818465
37343 42561 42550 -0.000294567
37222 43165 42910 -0.00685079
38042 43414 43440 0.000683455
36252 42440 42488 0.00132406
35188 40663 40484 -0.00508696
35624 41940 42093 0.00429486
34351 41993 41788 -0.0059678
36198 42536 42367 -0.00466877
37985 43824 43831 0.000184283
36995 41587 41630 0.00116232
36118 41965 42000 0.000969046
35361 42960 42911 -0.00138571
37907 42354 42483 0.00340307
34562 41662 42171 0.0147272
35094 41928 41425 -0.0143329
35388 41518 41661 0.00404092
36825 41295 41366 0.00192804
38780 42792 42936 0.00371325
35549 40649 40626 -0.000646994
33833 41728 41754 0.00076848
34715 40918 41123 0.00590523
38247 42233 42083 -0.00392188
35015 40245 40645 0.0114237
35229 41153 41150 -8.51571e-05
34169 42342 42048 -0.00860429
36624 41668 41582 -0.00234819
36612 41888 41783 -0.00286791
36622 43086 42538 -0.0149637
35604 41594 41231 -0.0101955
37782 42864 42624 -0.00635223
37438 40890 40903 0.000347241
37192 42451 42426 -0.000672188
35088 42043 42013 -0.000854993
35393 42004 41820 -0.00519877
35110 41711 41673 -0.00108231
35583 41614 41278 -0.00944271
34736 41570 41745 0.005038
35803 41997 42064 0.00187135
36047 41722 41777 0.00152579
35660 40940 40831 -0.00305665
35085 40721 40836 0.00327775
34161 40859 40874 0.000439097
35742 41340 41294 -0.001287
34562 40788 40609 -0.0051791
35925 41796 41653 -0.00398051
34951 40438 40292 -0.00417728
37594 43231 43490 0.0068894
35212 41159 41078 -0.00230035
35526 41026 40923 -0.00289929
34721 41340 41103 -0.00682584
36330 41800 41710 -0.00247729
37175 43051 42892 -0.00427707
36530 41645 41513 -0.00361347
33313 42069 42014 -0.00165101
36182 43481 43411 -0.00193466
35816 41122 41157 0.000977217
34011 42366 42457 0.0026756
34741 41413 41413 0
36568 42351 42538 0.00511376
34999 42305 41999 -0.00874311
35854 42285 42201 -0.00234283
35321 41531 41556 0.000707794
35664 42063 41963 -0.00280395
36703 42189 42203 0.00038144
37573 43101 42925 -0.00468421
35280 41822 42111 0.00819161
35487 41603 41520 -0.00233888
36926 42390 42434 0.00119157
35772 42221 41911 -0.008666
39026 43708 43838 0.00333111
34959 43003 42572 -0.0123287
36293 40355 40161 -0.00534538
34285 39589 39439 -0.00437509
35788 41646 41593 -0.00148094
34983 40806 40615 -0.00545979
34879 40920 41415 0.0141919
36316 41452 41663 0.00581011
35628 42404 42598 0.00544516
34670 41600 41544 -0.00161523
34783 40559 40593 0.000977489
34316 41069 41061 -0.000233127
36232 42422 42471 0.0013524
34132 41527 41418 -0.00319348
35414 41397 41210 -0.0052804
34507 42306 42249 -0.00165184
35328 41410 41665 0.00721807
36293 41537 41482 -0.00151544
36508 42768 42459 -0.0084639
37804 42198 42311 0.0029891
37378 42022 41907 -0.00307668
33889 41177 40903 -0.00808522
35693 42160 42122 -0.00106463
35370 41946 41940 -0.000169635
36905 43250 43082 -0.00455223
36885 43301 43315 0.000379558
35137 41300 41047 -0.00720039
35012 41841 42037 0.00559808
35222 42394 41934 -0.01306
35919 41467 41500 0.000918734
36417 40569 40551 -0.000494275
35923 42511 42340 -0.00476018
36067 41694 41886 0.00532343
34839 42081 41724 -0.0102471
36853 43019 43023 0.000108539
38153 43993 44210 0.00568763
36160 41587 41551 -0.000995575
36370 42199 42460 0.00717624
35520 41694 41505 -0.00532095
37711 42215 42025 -0.00503832
34979 41238 41238 0
35454 41101 41311 0.00592317
36590 42353 42392 0.00106586
34519 39799 39772 -0.000782178
36746 42329 42624 0.00802808
36000 41067 41093 0.000722222
36614 41739 41671 -0.00185721
36200 42415 42022 -0.0108564
35532 41641 41616 -0.000703591
36365 42637 42798 0.00442733
34439 41284 41064 -0.00638811
36730 42253 42223 -0.000816771
36690 40972 41248 0.00752249
35295 41808 42042 0.00662983
37372 41808 42028 0.00588676
35948 42366 42184 -0.00506287
35400 42213 41981 -0.00655367
33146 41590 41500 -0.00271526
34676 41585 41396 -0.00545046
36355 42749 42808 0.00162289
35434 41904 42066 0.00457188
34166 41201 41235 0.000995141
35840 43258 43258 0
34510 41129 40766 -0.0105187
36107 41582 41862 0.00775473
36498 42282 42119 -0.004466
35706 41918 41786 -0.00369686
35856 41386 41560 0.00485274
35373 41401 41140 -0.00737851
34755 40789 40795 0.000172637
36204 42571 42534 -0.00102199
35739 42216 41967 -0.00696718
32901 39839 39486 -0.0107292
34372 40781 40762 -0.000552776
35779 40752 40390 -0.0101177
35525 43334 43354 0.000562984
35324 42451 42557 0.00300079
36712 43469 43479 0.00027239
35027 41466 41608 0.00405402
35386 40558 40481 -0.002176
36141 41782 41762 -0.000553388
37374 43013 42930 -0.0022208
36713 42375 42507 0.00359546
37759 42185 42222 0.000979899
36538 41594 41704 0.00301056
37066 41750 41884 0.00361517
37113 42452 42667 0.00579312
35956 40756 40850 0.00261431
36425 42141 42466 0.00892244
34958 41555 41422 -0.00380457
34716 40994 40990 -0.000115221
35268 40924 40982 0.00164455
36854 42254 41858 -0.0107451
34745 40793 40751 -0.00120881
36265 40695 40777 0.00226113
34954 40597 40737 0.00400526
35432 42297 42501 0.00575751
35608 41131 41183 0.00146035
36575 42386 42446 0.00164046
37068 41437 41547 0.00296752
35471 41778 41958 0.00507457
36734 42216 42582 0.00996352
34183 39948 39688 -0.00760612
34769 41635 40824 -0.0233254
35264 42010 42059 0.00138952
36046 42621 42579 -0.00116518
37048 41517 41705 0.0050745
34168 39493 39493 0
34724 41998 42187 0.00544292
35523 42297 41878 -0.0117952
35009 40454 40447 -0.000199949
35861 41096 41274 0.00496361
36687 41910 41608 -0.0082318
35673 41298 41462 0.00459731
34773 41096 41091 -0.00014379
36781 42286 41960 -0.00886327
36781 42832 42890 0.0015769
37845 43290 43120 -0.00449201
35658 42424 42407 -0.000476751
37168 42225 41941 -0.00764098
36385 41916 42038 0.00335303
37466 41213 40904 -0.00824748
36259 41458 41756 0.00821865
36957 41493 41564 0.00192115
35376 41789 42205 0.0117594
37684 42967 42894 -0.00193716
34860 41435 41656 0.00633964
35952 41393 41368 -0.000695372
34965 41036 40894 -0.0040612
33174 40767 40664 -0.00310484
34104 41443 41174 -0.00788764
37591 43215 43030 -0.00492139
34674 42669 42638 -0.000894042
37412 42639 42759 0.00320753
34826 40919 41057 0.00396256
35747 41571 41513 -0.00162251
36591 42327 42036 -0.00795278
37769 42263 42109 -0.00407742
33996 42185 42178 -0.000205907
36452 42814 42752 -0.00170087
35763 42878 42720 -0.00441797
35634 41048 41214 0.00465847
37215 43049 42815 -0.00628779
36715 42327 42419 0.00250579
37098 42305 42771 0.0125613
35803 41867 41897 0.000837919
32425 40776 40728 -0.00148034
35046 40946 40995 0.00139816
34509 41800 41800 0
34281 41421 41359 -0.00180858
36062 41017 41123 0.00293938
36641 42566 43016 0.0122813
34911 40606 40499 -0.00306494
35950 42082 42379 0.00826147
36177 42274 42451 0.00489261
35086 40493 40633 0.0039902
35586 41750 41930 0.00505817
34981 42250 42300 0.00142935
36300 41031 41238 0.00570248
38135 43910 44027 0.00306805
35598 41169 40458 -0.019973
34953 40580 40417 -0.00466341
35275 40811 40650 -0.00456414
36483 42250 42258 0.00021928
33922 40530 40282 -0.00731089
34428 41106 41223 0.0033984
36347 42637 42609 -0.000770352
34462 41413 41264 -0.0043236
37074 43589 43477 -0.00302099
33699 40040 40065 0.000741862
34727 41197 41012 -0.00532727
34797 40870 40817 -0.00152312
35986 42232 42370 0.00383482
34724 41664 41708 0.00126714
35481 42178 41665 -0.0144584
36094 42585 42954 0.0102233
36870 42448 42076 -0.0100895
36886 42255 42249 -0.000162663
35956 42533 42552 0.000528424
33757 41470 41423 -0.0013923
35899 41539 41410 -0.00359341
34951 41356 41485 0.00369088
35358 42130 42149 0.000537361
35464 40667 40972 0.00860027
34404 41393 41341 -0.00151145
33718 41306 41463 0.00465627
35014 40110 40187 0.00219912
33945 41596 41219 -0.0111062
36951 41985 42035 0.00135314
36401 41729 41575 -0.00423065
35400 41950 41953 8.47458e-05
34380 41724 41913 0.00549738
35561 41597 41375 -0.00624279
35007 41191 41203 0.000342789
35382 40955 40898 -0.00161099
36326 42927 42915 -0.000330342
34702 41052 41006 -0.00132557
36717 42059 42183 0.00337718
36954 41502 41736 0.0063322
36258 41199 41374 0.00482652
36807 42485 42370 -0.00312441
36727 42581 42415 -0.00451984
35183 41272 41335 0.00179064
38019 42681 42916 0.00618112
35328 41772 41813 0.00116055
35277 41184 41297 0.00320322
34792 41075 41257 0.00523109
33874 41007 41133 0.00371967
35635 42125 42045 -0.00224498
35277 41140 41511 0.0105168
35267 41652 41799 0.0041682
35687 41354 41427 0.00204556
35978 43378 43595 0.00603146
35864 42251 42212 -0.00108744
37851 41533 41624 0.00240416
35041 41724 41636 -0.00251134
37852 44408 43962 -0.0117827
37387 44624 44726 0.00272822
35331 41573 41945 0.010529
36122 42209 42737 0.0146171
34707 40158 40104 -0.00155588
35182 40783 40679 -0.00295606
37165 42197 41865 -0.00893314
35832 42694 42710 0.000446528
35422 42268 41940 -0.00925978
37084 43605 43267 -0.00911444
37229 43347 43108 -0.00641973
36950 42994 42904 -0.00243572
34569 40855 40553 -0.00873615
35943 41726 41849 0.00342208
36339 42226 42266 0.00110075
35753 41744 41707 -0.00103488
35781 40877 41098 0.00617646
36898 42521 42470 -0.00138219
35706 41356 41241 -0.00322075
34844 42159 42198 0.00111927
34776 41449 41351 -0.00281804
34821 41188 41121 -0.00192413
34958 41737 41696 -0.00117284
35657 42457 42168 -0.008105
37359 42483 42593 0.0029444
35845 42398 42609 0.00588646
36061 42382 42099 -0.00784781
37294 43283 43283 0
36328 42885 42760 -0.00344087
36169 41852 41647 -0.00566784
34794 40631 40782 0.00433983
36509 41807 42022 0.00588896
37129 41892 41549 -0.00923806
36538 41941 42127 0.00509059
36135 41672 41637 -0.00096859
35186 41569 41591 0.000625249
36155 42273 42147 -0.003485
34089 41951 41793 -0.00463493
37609 42975 42973 -5.31788e-05
36700 43444 43582 0.00376022
34477 41864 41777 -0.00252342
35631 42264 42298 0.000954225
37139 43382 43200 -0.00490051
34768 42018 41500 -0.0148988
37151 43231 43231 0
36143 43567 43697 0.00359682
34614 42292 42044 -0.00716473
38005 43210 43427 0.00570978
38148 44910 44832 -0.00204467
37033 42867 42815 -0.00140415
36715 41578 41340 -0.00648236
34553 41948 41621 -0.00946372
34420 40388 40504 0.00337013
35620 42053 41553 -0.0140371
35753 40810 41171 0.0100971
34832 42239 41963 -0.00792375
35234 41969 41798 -0.00485327
35554 41746 41705 -0.00115318
36556 41715 41022 -0.0189572
37426 42163 41802 -0.0096457
34704 40877 40357 -0.0149839
36814 41855 41863 0.000217309
35146 41392 41401 0.000256075
34359 41896 41459 -0.0127186
36098 42691 42497 -0.00537426
34942 41679 41309 -0.010589
35625 41025 41447 0.0118456
34841 41566 41883 0.00909848
35661 40808 41052 0.00684221
37202 41840 41934 0.00252675
35589 41913 41880 -0.000927253
34154 42763 41964 -0.023394
36373 41428 41483 0.00151211
35051 42841 42688 -0.00436507
34195 40661 40661 0
36056 43098 43169 0.00196916
37021 42561 42604 0.0011615
32452 40877 40979 0.0031431
35526 42059 42059 0
36642 42656 42295 -0.00985208
34840 41397 41453 0.00160735
36727 41840 41971 0.00356686
35507 41361 41740 0.010674
36714 42200 42131 -0.00187939
38111 42808 42926 0.00309622
37414 42005 42191 0.0049714
36641 42091 42040 -0.00139188
35930 41335 41392 0.00158642
34982 40042 40265 0.00637471
34111 40850 41032 0.00533552
36091 43432 43432 0
36829 41008 41055 0.00127617
35588 41993 42392 0.0112116
33942 40833 40489 -0.0101349
35326 40984 41070 0.00243447
34840 40726 40700 -0.000746269
34656 41553 41553 0
33684 41609 41401 -0.00617504
35300 41512 41542 0.000849858
35825 41446 41178 -0.00748081
37429 42864 42916 0.0013893
35608 41192 41192 0
36667 42540 42553 0.000354542
38201 43205 43217 0.000314128
38525 43227 43347 0.00311486
34988 41597 41539 -0.00165771
35997 42046 41908 -0.00383365
35125 41149 41335 0.00529537
35729 41634 41531 -0.00288281
34630 41057 41074 0.000490904
35211 41108 41452 0.00976967
36600 41875 42104 0.00625683
35891 41078 41073 -0.000139311
36998 41776 41891 0.00310828
37219 41760 41659 -0.00271367
35315 42112 41874 -0.00673935
36410 40568 40681 0.00310354
36036 42079 41961 -0.0032745
35285 41306 41506 0.00566813
36323 42735 42507 -0.00627701
35916 41714 41745 0.000863125
35610 41160 41255 0.00266779
35562 42381 42386 0.0001406
36269 42970 42736 -0.00645179
35070 42201 41996 -0.00584545
37201 42663 42554 -0.00293003
34957 40427 40382 -0.0012873
37264 41815 41693 -0.00327394
35537 41768 41631 -0.00385514
34595 41518 41578 0.00173435
37261 43041 42989 -0.00139556
35504 41664 41621 -0.00121113
36605 40975 40834 -0.00385193
35263 40429 40464 0.000992542
36686 41275 41275 0
35673 40720 40949 0.00641942
35788 41974 41771 -0.00567229
35536 40979 40781 -0.00557181
36364 41569 41093 -0.0130899
33501 41351 41265 -0.00256709
34598 40986 41138 0.00439332
35969 41629 41650 0.000583836
35732 42487 42468 -0.000531736
35316 41151 41270 0.00336958
37045 42733 42690 -0.00116075
35249 41907 42017 0.00312066
36121 41625 41679 0.00149498
35083 42391 42693 0.00860816
35790 42277 42379 0.00284996
35037 41886 41976 0.00256871
33986 41157 41475 0.00935679
34838 40956 40733 -0.00640106
33882 40709 40397 -0.00920843
34924 40562 40655 0.00266293
36822 43363 43477 0.00309598
36539 42354 42402 0.00131366
35722 43304 43285 -0.000531885
36276 41477 41487 0.000275664
36676 42802 43159 0.00973389
35532 41422 41335 -0.0024485
34472 41256 41164 -0.00266883
36221 43617 43563 -0.00149085
35386 41256 41412 0.00440852
35043 40851 40941 0.00256827
37331 43805 43792 -0.000348236
36206 41720 41627 -0.00256864
35163 41055 41202 0.00418053
37364 43483 43235 -0.0066374
35425 40597 40231 -0.0103317
34524 40760 40366 -0.0114124
35416 40970 40920 -0.00141179
35009 40985 41056 0.00202805
36050 42653 42396 -0.00712899
36617 41116 41273 0.00428763
36178 43336 43336 0
37206 43071 43071 0
36193 42791 42724 -0.00185119
35770 41141 40879 -0.00732457
35064 40633 40686 0.00151152
35664 42288 42375 0.00243943
36182 41597 41581 -0.000442209
36048 41685 41511 -0.0048269
34863 41011 41073 0.00177839
36636 41861 41869 0.000218364
37599 42563 42459 -0.00276603
36593 43072 43153 0.00221354
36320 42201 41907 -0.00809471
36665 42470 42398 -0.00196373
34391 40178 40475 0.00863598
35596 41936 42045 0.00306214
34684 40251 40135 -0.00334448
35443 41634 41300 -0.00942358
35378 41482 41090 -0.0110803
36808 41931 41531 -0.0108672
35795 42546 42576 0.000838106
34848 39734 39899 0.00473485
34520 40703 40369 -0.00967555
37931 41613 41606 -0.000184546
36405 40718 40406 -0.00857025
34911 41521 41388 -0.00380969
34237 41339 41250 -0.00259953
35770 41465 41310 -0.00433324
37173 41641 41460 -0.00486913
36054 42212 41961 -0.00696178
35061 41623 41824 0.00573287
37356 41924 42410 0.01301
36358 40476 40893 0.0114693
35652 41892 41885 -0.000196342
34721 42316 42266 -0.00144005
36647 42196 42353 0.00428412
34772 42765 42340 -0.0122225
34752 40939 40988 0.00140999
35409 40911 40894 -0.000480104
35430 41064 40846 -0.00615298
33647 42020 42049 0.00086189
34743 40595 39981 -0.0176726
35736 41392 41212 -0.00503694
34886 41929 42035 0.00303847
36817 41128 41332 0.00554092
36122 42910 42959 0.00135651
32851 41253 41377 0.00377462
34646 40407 40356 -0.00147203
35584 41084 41428 0.00966727
33667 39853 39602 -0.00745537
36844 42731 42462 -0.00730105
34677 42069 41964 -0.00302794
36001 42453 42146 -0.00852754
33767 42502 41870 -0.0187165
36342 42716 42511 -0.00564086
36112 41498 41314 -0.00509526
37401 41923 42628 0.0188498
37517 43220 43211 -0.000239891
36163 42418 42495 0.00212925
34345 40698 41163 0.0135391
36147 41707 41690 -0.000470302
35858 41951 42031 0.00223102
35968 40160 40042 -0.00328069
36083 40724 40577 -0.00407394
37498 42224 42012 -0.00565363
35929 41437 41536 0.00275543
34700 41583 41483 -0.00288184
36114 42044 41829 -0.00595337
37781 42727 42719 -0.000211747
35877 42517 42230 -0.00799955
33762 40515 40441 -0.00219181
35935 42052 42125 0.00203145
37296 42394 42479 0.00227906
33836 39096 39336 0.00709304
34924 42041 42090 0.00140305
36760 42379 42324 -0.00149619
36964 43433 43023 -0.0110919
34443 40831 40781 -0.00145167
37122 41993 42007 0.000377135
37905 42840 42890 0.00131909
36253 40867 41183 0.00871652
36452 41505 41277 -0.0062548
37650 43185 43078 -0.00284197
34544 42020 42045 0.000723715
34817 41059 41043 -0.000459546
35717 42472 41982 -0.013719
36004 42896 43012 0.00322186
35492 41761 41761 0
35162 41713 41717 0.000113759
35185 40894 40805 -0.00252949
35645 41878 41717 -0.00451676
38081 43147 43004 -0.00375515
35276 40994 41011 0.000481914
35874 40524 40630 0.00295479
35884 43304 42950 -0.00986512
34508 41243 41208 -0.00101426
36732 41093 41203 0.00299466
37014 42588 42110 -0.012914
37756 43027 42556 -0.0124748
37504 42579 42579 0
36097 41280 41466 0.00515278
36330 42594 42531 -0.0017341
35188 41772 41869 0.00275662
36691 41601 41608 0.000190782
36613 43088 42866 -0.00606342
34496 39910 39913 8.69666e-05
34512 41099 40943 -0.00452017
35822 42485 42440 -0.00125621
34603 41359 41032 -0.00945005
35745 42241 42320 0.0022101
35288 41729 42052 0.00915325
35865 42376 42562 0.00518611
36752 41621 41707 0.00234001
34441 40971 40950 -0.000609738
36734 42208 42293 0.00231393
35011 42921 42875 -0.00131387
37284 43568 43295 -0.00732218
33868 42197 42364 0.00493091
35362 42924 43035 0.00313896
35307 42227 42320 0.00263404
34045 41865 41606 -0.00760758
34305 42439 42371 -0.00198222
35975 42747 42931 0.00511466
35496 41700 41902 0.00569078
36260 42292 42390 0.0027027
35139 42078 42226 0.00421184
37233 43444 43111 -0.00894368
35295 41816 41785 -0.000878311
35854 42048 42094 0.00128298
36751 42782 42801 0.000516993
34980 41539 42174 0.0181532
34522 42222 42097 -0.00362088
35644 42244 42338 0.00263719
34949 42031 42057 0.000743941
35969 43002 42824 -0.00494871
35486 41578 41648 0.00197261
34607 40934 40971 0.00106915
35687 43034 43208 0.00487573
35851 41511 42048 0.0149787
35416 42591 42216 -0.0105884
34478 41204 41102 -0.00295841
36917 42907 43105 0.00536338
36874 41004 41100 0.00260346
36796 41987 42015 0.000760952
34355 40833 40898 0.00189201
36771 41870 41815 -0.00149574
36723 41259 41112 -0.00400294
35564 40830 40673 -0.00441458
34447 41911 41770 -0.00409324
38240 43315 43328 0.000339958
36551 41853 41417 -0.0119285
34755 41263 41119 -0.00414329
36991 42588 42436 -0.00410911
35546 42241 42450 0.00587971
36080 40956 41273 0.00878603
37112 43025 42966 -0.00158978
36496 41671 41808 0.00375384
34492 41135 41313 0.00516062
36669 44032 43926 -0.00289073
37170 42870 42829 -0.00110304
37248 42886 42967 0.00217461
35293 41259 41219 -0.00113337
36289 42148 41684 -0.0127862
37349 42644 42514 -0.00348068
36518 42987 42973 -0.000383373
36228 41974 42151 0.00488572
33753 41729 41680 -0.00145172
35485 40783 40977 0.0054671
35748 41639 41953 0.00878371
35115 42241 42445 0.00580948
36755 42416 42540 0.00337369
34732 40543 40374 -0.00486583
35536 42518 42651 0.00374268
34870 41446 41400 -0.00131919
35481 41366 41468 0.00287478
35852 41812 42091 0.00778199
35321 41200 41208 0.000226494
34962 42134 42039 -0.00271724
34643 41637 41788 0.00435874
