29032 32371 32258 -0.00389226
28177 32188 32174 -0.000496859
29422 32930 32946 0.000543811
28744 32823 32614 -0.00727108
29037 32962 32997 0.00120536
28708 32714 32731 0.000592169
29210 33515 33518 0.000102705
29205 33029 32907 -0.00417737
28707 32856 32791 -0.00226426
27848 32043 31989 -0.0019391
29056 32833 32765 -0.00234031
29553 33336 33336 0
28711 31897 31879 -0.000626937
27681 33355 33553 0.00715292
29120 32736 32599 -0.00470467
29052 33013 32931 -0.00282253
28646 33512 33512 0
28406 33121 32846 -0.00968105
28355 32494 32517 0.000811144
29083 33348 33357 0.000309459
29419 33056 33277 0.00751215
29799 33303 33303 0
29128 32710 32494 -0.00741555
30155 33041 32985 -0.00185707
28790 32460 32203 -0.00892671
28968 32792 33071 0.00963132
30570 33245 33270 0.000817795
29845 33608 33596 -0.000402077
29793 32425 32698 0.00916323
28859 32773 32963 0.00658373
29759 33155 33017 -0.00463725
27894 32739 32673 -0.0023661
28765 32921 32809 -0.00389362
28244 32046 32117 0.00251381
28246 32345 32349 0.000141613
28418 32665 32382 -0.00995848
28963 32935 33139 0.00704347
29215 33277 33346 0.0023618
28506 33035 32962 -0.00256086
28766 32255 32456 0.00698742
30689 34189 34363 0.00566978
28960 32769 32626 -0.00493785
29009 33025 32938 -0.00299907
28721 32659 32813 0.00536193
28335 32691 32687 -0.000141168
30725 33663 33710 0.0015297
29837 33469 33521 0.0017428
29130 33371 33601 0.00789564
29135 33226 33066 -0.00549168
28256 32038 31889 -0.00527322
28629 32666 32569 -0.00338817
29446 32539 32563 0.000815051
28344 32044 31915 -0.00455123
28469 32585 32682 0.00340721
28940 33048 33048 0
29736 32888 32883 -0.000168146
29452 33290 33106 -0.00624745
29774 33552 33385 -0.00560892
29367 32811 32891 0.00272415
29401 32672 33047 0.0127547
28806 32887 32392 -0.0171839
28086 32327 32439 0.00398775
28679 32431 32318 -0.00394017
29186 33422 33607 0.00633866
28431 31669 31600 -0.00242693
28597 33156 33082 -0.00258768
29775 33191 33350 0.00534005
29235 32767 32768 3.42056e-05
28551 32618 32777 0.00556898
29918 33296 33217 -0.00264055
29296 32796 32796 0
28115 32366 32166 -0.00711364
28239 33533 33359 -0.00616169
27974 32558 32607 0.00175163
27720 32280 32108 -0.00620491
28085 32039 32352 0.0111447
27106 32049 32057 0.000295138
30011 32555 32875 0.0106628
29876 33773 33536 -0.00793279
28869 33204 33188 -0.000554228
28210 31902 31963 0.00216235
29519 32988 32941 -0.00159219
28946 32085 32050 -0.00120915
28801 32072 32317 0.00850665
29851 33457 33457 0
28769 33287 33310 0.000799472
28335 32179 31972 -0.00730545
29500 33877 33813 -0.00216949
29246 33104 33091 -0.000444505
29595 33870 33655 -0.00726474
30554 33956 33910 -0.00150553
29140 33273 33155 -0.00404942
29797 33227 33116 -0.00372521
28460 32370 32826 0.0160225
28796 32703 32589 -0.00395888
29299 32527 32472 -0.0018772
29027 32563 32451 -0.00385848
28603 33021 33066 0.00157326
29462 32591 32898 0.0104202
28672 32216 32173 -0.00149972
28029 32833 32889 0.00199793
29943 33205 33147 -0.00193701
29550 33150 33286 0.00460237
30522 33146 33131 -0.000491449
28393 33148 33094 -0.00190188
29645 33302 33429 0.00428403
29188 32447 32563 0.00397424
28025 33205 32953 -0.00899197
28414 32675 32675 0
30007 33383 33384 3.33256e-05
29435 32789 32748 -0.0013929
29184 31989 32023 0.00116502
30238 33287 33541 0.00840003
28730 32143 32275 0.0045945
29027 32177 32215 0.00130913
28338 31999 32161 0.00571671
28544 32715 32562 -0.00536015
28948 33187 33228 0.00141633
30464 33422 33583 0.00528493
29202 32947 32966 0.00065064
29115 32770 32809 0.00133952
28589 32998 32923 -0.00262339
29294 33227 33373 0.00498396
28378 32541 32595 0.00190288
28759 33330 33373 0.00149518
29306 32930 33114 0.00627858
28077 32406 32354 -0.00185205
29393 33209 33020 -0.0064301
28728 33138 33096 -0.00146199
28752 33676 33544 -0.00459098
28991 33436 33135 -0.0103825
29559 33370 33453 0.00280794
28618 32588 32678 0.00314487
29168 33332 33332 0
28991 33595 33501 -0.00324239
28218 32952 32603 -0.012368
28814 33707 33571 -0.00471993
29519 33522 33495 -0.000914665
28560 32675 32634 -0.00143557
28931 32859 33123 0.00912516
28168 32272 32206 -0.00234308
28775 32179 31925 -0.00882711
28272 32018 31882 -0.00481041
29784 32604 32620 0.000537201
28842 32444 32717 0.00946536
28799 33007 32808 -0.00690996
29885 33208 33191 -0.000568847
28034 31835 31810 -0.000891774
28767 33418 33218 -0.00695241
28263 31655 32028 0.0131975
29282 32789 32640 -0.00508845
29837 32491 32365 -0.00422294
28186 32363 32062 -0.0106791
28102 32315 32303 -0.000427016
27893 32380 32421 0.0014699
28395 32794 32666 -0.00450784
28301 32328 32257 -0.00250875
28059 32408 32416 0.000285114
28603 32370 32591 0.00772646
28376 31967 31785 -0.00641387
29313 33250 32903 -0.0118378
28777 33481 33145 -0.011676
28160 32500 32246 -0.00901989
29693 33321 33280 -0.0013808
28213 32186 32287 0.00357991
29046 33169 33128 -0.00141155
30001 32850 32945 0.00316656
28990 33408 33404 -0.000137979
28951 33189 33274 0.002936
28841 33368 33369 3.46729e-05
28432 32641 32641 0
29858 33794 33884 0.00301427
29067 32912 32972 0.0020642
28815 31959 31747 -0.00735728
29401 33438 33557 0.00404748
28986 33165 32901 -0.00910785
29743 33124 33084 -0.00134485
28614 32588 32502 -0.00300552
29200 32451 32479 0.000958904
29812 32429 32622 0.0064739
28896 33493 33585 0.00318383
30063 33234 33203 -0.00103117
29369 32639 32730 0.00309851
28854 32610 32377 -0.00807514
29451 34381 34262 -0.00404061
30366 33635 33632 -9.87947e-05
27955 32338 32339 3.57718e-05
28201 32289 31979 -0.0109925
28318 32891 32840 -0.00180097
29859 33786 33554 -0.00776985
28296 32328 32487 0.00561917
29241 32910 32835 -0.00256489
29442 32702 32696 -0.000203791
30326 33459 33464 0.000164875
30010 32919 32951 0.00106631
28759 33216 33102 -0.00396398
28826 32242 32265 0.000797891
29704 32001 31874 -0.00427552
28345 32086 32142 0.00197566
28166 32335 32416 0.00287581
29056 33929 33910 -0.00065391
30356 33018 32996 -0.000724733
28314 33033 32928 -0.00370841
28562 33160 33318 0.00553183
30190 33063 33089 0.000861212
28390 31581 31512 -0.00243043
28667 33058 32795 -0.00917431
28806 33018 32859 -0.00551968
29263 32213 32252 0.00133274
28367 32617 32702 0.00299644
27934 31116 31036 -0.00286389
29984 34458 34097 -0.0120398
30206 33054 33025 -0.000960074
29364 33606 33606 0
28851 33184 33019 -0.00571904
29349 32386 32054 -0.0113121
28524 32429 32278 -0.00529379
28302 32493 32565 0.00254399
29320 32722 32560 -0.00552524
29057 33500 33189 -0.0107031
29100 33207 33082 -0.00429553
28561 32644 32379 -0.00927839
30884 34014 33985 -0.000938998
27680 31342 31590 0.00895954
29578 33449 33449 0
28398 32654 32495 -0.00559899
28885 32496 32538 0.00145404
28871 32181 32138 -0.00148938
28236 32723 33112 0.0137767
29840 32926 32874 -0.00174263
29898 33017 33126 0.00364573
28776 33282 33394 0.00389213
29975 33869 33824 -0.00150125
28798 32364 32275 -0.00309049
28240 32371 32439 0.00240793
28167 32005 31997 -0.00028402
28730 33156 33225 0.00240167
29264 33273 33239 -0.00116184
28967 33377 33409 0.00110471
28937 33196 33158 -0.0013132
28697 32600 32482 -0.00411193
29165 32985 33072 0.00298303
28348 32237 32151 -0.00303372
28742 32476 32379 -0.00337485
30751 33253 33671 0.0135931
29178 33632 33667 0.00119953
29017 32056 32257 0.00692697
27854 31988 31886 -0.00366195
28338 32477 32436 -0.00144682
29212 31951 32281 0.0112967
28684 32495 32595 0.00348626
29088 33218 33218 0
29164 32715 32744 0.000994377
28300 31907 31412 -0.0174912
28774 32194 32107 -0.00302356
30304 33357 33565 0.00686378
28739 33385 32949 -0.015171
28854 33457 33457 0
28781 32796 32751 -0.00156353
29168 32419 32622 0.00695968
29683 32627 32324 -0.0102079
29662 33208 33193 -0.000505698
29057 32823 32801 -0.000757133
28592 32012 31998 -0.000489647
29414 33998 33999 3.39974e-05
28954 32867 32880 0.000448988
28341 33058 33127 0.00243464
28482 32640 32594 -0.00161506
29315 32751 32682 -0.00235374
29254 31739 31752 0.000444384
29831 33475 33490 0.000502833
28806 32135 32384 0.00864403
28460 32103 32045 -0.00203795
29020 33375 33353 -0.000758098
29558 34213 34174 -0.00131944
29663 33077 32834 -0.00819202
29122 32626 32779 0.00525376
27971 32170 32200 0.00107254
29959 33118 33117 -3.3379e-05
28205 32967 32943 -0.000850913
30216 33316 33306 -0.00033095
27960 32010 32003 -0.000250358
28770 31980 32131 0.00524852
29356 32616 32917 0.0102534
27694 32465 32493 0.00101105
28650 33059 32963 -0.00335079
28150 32038 32007 -0.00110124
29211 33871 33751 -0.00410804
27893 32891 32849 -0.00150575
29074 32947 32548 -0.0137236
27947 33074 33037 -0.00132393
29404 33345 33135 -0.00714189
28101 32592 32378 -0.00761539
30540 32719 32734 0.000491159
29356 33034 32919 -0.00391743
29642 33270 33348 0.0026314
29257 33633 33633 0
27910 32164 32335 0.00612684
30117 33553 33435 -0.00391805
29498 33952 33996 0.00149163
28720 32360 32365 0.000174095
30014 33643 33628 -0.000499767
29486 32741 32582 -0.00539239
28696 32851 32890 0.00135907
28189 32378 32321 -0.00202207
28919 32432 32957 0.0181542
29041 33101 33109 0.000275473
28191 32656 32523 -0.00471782
28697 32664 32706 0.00146357
27593 32419 32010 -0.0148226
30058 33389 33370 -0.000632111
28451 32229 32063 -0.00583459
29337 32091 32068 -0.000783993
28529 33216 33203 -0.000455677
29386 32599 32632 0.00112298
29948 33104 33332 0.0076132
28565 33052 33052 0
28358 31955 31962 0.000246844
29222 32872 32876 0.000136883
27210 32017 32005 -0.000441014
28022 31778 31559 -0.00781529
27286 31714 31778 0.00234553
28957 33018 33017 -3.4534e-05
28041 32302 32427 0.00445776
28970 33107 33093 -0.000483259
27254 32375 32427 0.00190798
28530 32899 32880 -0.000665966
28451 32571 32280 -0.0102281
28785 32192 32174 -0.000625326
28371 32998 32998 0
29195 32358 32384 0.000890563
29628 32742 32740 -6.75037e-05
28951 32392 32482 0.0031087
29574 32921 32803 -0.00398999
28168 31847 31834 -0.000461517
28390 32730 32838 0.00380416
28228 32992 32907 -0.00301119
30093 34126 34132 0.000199382
27930 32905 32833 -0.00257787
30229 33649 33595 -0.00178636
28748 33197 32887 -0.0107834
29115 32448 32511 0.00216383
28448 33150 33163 0.000456974
28952 32587 32557 -0.0010362
28902 32544 32691 0.00508615
29552 32679 33052 0.0126218
28400 33034 33143 0.00383803
28926 33176 33273 0.00335338
29066 32540 32540 0
28829 32694 32689 -0.000173436
28975 33330 33306 -0.0008283
29226 32748 32864 0.00396907
28074 32863 32811 -0.00185225
28371 32564 32667 0.00363047
28846 32785 32785 0
29812 33650 33652 6.70871e-05
29141 32655 32479 -0.0060396
29329 33199 33446 0.0084217
28209 31991 32100 0.00386402
27788 32311 32326 0.000539801
28298 32536 32536 0
29051 32601 32734 0.00457816
29973 32996 33088 0.00306943
30182 33411 33356 -0.00182228
29781 33480 33472 -0.000268628
29574 32829 33007 0.0060188
29438 32544 32622 0.00264964
28859 32839 32781 -0.00200977
27981 32726 32842 0.00414567
29230 32851 32902 0.00174478
30204 33781 33748 -0.00109257
29059 32382 32513 0.00450807
29151 32251 32154 -0.0033275
28853 33518 33668 0.00519877
30274 33313 33397 0.00277466
28256 32893 33073 0.00637033
29523 32908 32929 0.00071131
28682 32919 32758 -0.00561328
29286 32503 32422 -0.00276583
30489 33032 33132 0.00327987
28897 32909 32939 0.00103817
27406 32640 32517 -0.00448807
28393 32671 32636 -0.0012327
29965 33309 33118 -0.0063741
29085 32231 32227 -0.000137528
28479 32221 32172 -0.00172057
27627 32943 32966 0.000832519
29442 33021 33016 -0.000169825
29297 33262 33102 -0.00546131
29605 33667 33339 -0.0110792
29087 32469 32472 0.000103139
29979 33256 33300 0.00146769
29716 32414 32440 0.00087495
30387 33720 33733 0.000427815
29399 33684 33652 -0.00108847
28882 32574 32562 -0.000415484
29271 33187 33216 0.000990742
28007 32642 32678 0.00128539
28489 32822 32907 0.00298361
28393 32904 32815 -0.00313458
29391 32860 32917 0.00193937
28608 32465 32425 -0.00139821
28468 32074 32074 0
28474 32932 33132 0.00702395
29147 32354 32406 0.00178406
27477 32334 32440 0.00385777
29256 32562 32564 6.8362e-05
27928 32499 32437 -0.00221999
29948 33886 33829 -0.0019033
29025 32702 32734 0.0011025
29368 32376 32610 0.00796786
27597 31606 31879 0.00989238
29445 32554 32317 -0.0080489
29589 32542 32515 -0.000912501
29541 32538 32617 0.00267425
28181 32678 32898 0.00780668
29620 34204 34204 0
28832 32536 32621 0.00294811
27461 33180 33381 0.00731947
28141 32168 32101 -0.00238087
29564 32668 32622 -0.00155595
29290 33740 33524 -0.00737453
29174 33657 33716 0.00202235
28323 32420 32397 -0.000812061
29060 33490 33480 -0.000344116
29955 33474 33401 -0.00243699
29708 33228 33095 -0.00447691
28507 32386 32685 0.0104887
28353 32917 32345 -0.0201742
28708 33311 33266 -0.00156751
28462 32298 32185 -0.00397021
30662 34056 34056 0
27893 33253 33352 0.00354928
29129 32257 31847 -0.0140753
27970 31851 32314 0.0165535
29139 33367 33324 -0.00147569
27972 32202 32218 0.000572001
28097 32112 32373 0.00928925
28917 32308 32329 0.000726216
29249 33759 33739 -0.000683784
28143 32705 32765 0.00213197
27835 32203 32058 -0.00520927
28455 33091 33077 -0.000492005
29260 32989 33291 0.0103213
28257 32414 32205 -0.0073964
29192 33234 33273 0.00133598
28043 32840 32765 -0.00267446
28193 32535 32549 0.000496577
28942 32652 32619 -0.00114021
29513 33464 33552 0.00298174
30243 33466 33412 -0.00178554
29709 33067 32938 -0.00434212
27540 32941 32910 -0.00112564
29373 33681 33572 -0.00371089
28957 33151 33116 -0.00120869
29622 33159 33094 -0.00219432
29046 33617 33611 -0.000206569
28496 32713 32721 0.000280741
29320 33409 33381 -0.00095498
28890 33098 32996 -0.00353063
28352 32597 32671 0.00261005
30027 32642 32272 -0.0123222
28747 32934 32922 -0.000417435
29579 33164 33122 -0.00141993
28806 32746 32679 -0.0023259
29245 33427 33405 -0.000752265
30527 33758 33852 0.00307924
29582 33045 32916 -0.00436076
28193 33009 33038 0.00102862
28832 32920 32868 -0.00180355
30351 33267 33244 -0.0007578
28877 32889 32866 -0.000796482
28603 32192 32200 0.000279691
29884 33285 33232 -0.00177352
28917 31908 31835 -0.00252447
28985 33428 33333 -0.00327756
29256 32803 32846 0.00146978
29034 32334 32531 0.00678515
28851 33254 33318 0.00221829
29240 32859 32940 0.00277018
29683 33814 33724 -0.00303204
27016 32477 32440 -0.00136956
29076 33097 32946 -0.00519329
29047 32301 32267 -0.00117052
29004 33493 33444 -0.00168942
30109 33357 33611 0.00843602
28595 32180 32008 -0.00601504
29385 33521 33371 -0.00510465
27513 32168 32145 -0.000835968
28279 33082 33171 0.00314721
28614 32898 32897 -3.49479e-05
28374 32734 32586 -0.00521604
28179 32571 32351 -0.00780723
28879 33621 33647 0.000900308
28965 32550 32497 -0.00182979
29053 31970 32057 0.00299453
29280 32974 32925 -0.0016735
29196 33308 33216 -0.00315112
29190 32299 32473 0.00596095
29313 32984 32938 -0.00156927
28462 32523 32586 0.00221348
28834 32876 32850 -0.000901713
29002 33222 33269 0.00162058
27539 31808 31503 -0.0110752
27785 31982 32170 0.00676624
28771 32245 32082 -0.00566543
29100 34154 34135 -0.000652921
27662 32812 32877 0.00234979
29052 33502 33351 -0.00519758
29283 33342 33242 -0.00341495
28987 32320 32455 0.00465726
28696 32294 32408 0.00397268
29803 33252 33466 0.00718049
29781 32855 32755 -0.00335785
29564 33053 32994 -0.00199567
29937 33162 33304 0.00474329
29435 32440 32479 0.00132495
29325 32894 33074 0.00613811
29893 33258 33304 0.00153882
29480 33396 33396 0
27860 31763 31646 -0.00419957
28921 32499 32341 -0.00546316
28292 32434 32563 0.00455959
29497 32913 32760 -0.00518697
27798 31672 31642 -0.00107921
28142 31507 31475 -0.00113709
28715 32515 32466 -0.00170643
28474 32725 32774 0.00172087
28791 32458 32481 0.000798861
29467 33147 33102 -0.00152713
29629 32894 32951 0.00192379
28358 32748 32728 -0.000705268
29402 33311 33134 -0.00602
28519 31753 31438 -0.0110453
27968 32234 32336 0.00364703
28419 33432 33329 -0.00362434
29146 33226 33150 -0.00260756
29304 32187 32151 -0.0012285
28652 31924 32098 0.00607287
28607 33458 33274 -0.00643199
29710 34032 33962 -0.00235611
28579 32248 32146 -0.00356905
28607 32119 32082 -0.00129339
29229 32612 32533 -0.0027028
28701 32414 32429 0.00052263
28830 32542 32596 0.00187305
29563 33308 33376 0.00230017
28746 32890 32601 -0.0100536
29721 33320 33313 -0.000235524
28659 33771 33684 -0.0030357
29277 33160 33080 -0.00273252
29105 32775 32759 -0.000549734
30003 32518 32487 -0.00103323
29422 33399 33446 0.00159744
29433 32609 32674 0.00220841
27950 32380 32341 -0.00139535
30030 33808 33721 -0.0028971
28423 32707 32706 -3.51828e-05
28105 32175 32266 0.00323786
29057 32967 33014 0.00161751
27750 31832 31860 0.00100901
27770 33007 32792 -0.00774217
29566 33622 33517 -0.00355138
28059 32842 32877 0.00124737
29722 33599 33551 -0.00161497
28146 32126 32126 0
28724 32597 32600 0.000104442
29490 33184 33146 -0.00128857
29513 32365 32443 0.0026429
27093 33194 33158 -0.00132876
29470 33777 33658 -0.004038
28345 33019 33011 -0.000282237
27846 32850 32855 0.000179559
30286 33689 33762 0.00241035
29267 32698 32652 -0.00157174
30197 33624 33703 0.00261615
29017 32624 32637 0.000448013
26879 32679 32740 0.00226943
29284 32734 32679 -0.00187816
28959 32905 32675 -0.00794226
27561 32146 32157 0.000399115
28577 32153 32170 0.000594884
29420 33356 33406 0.00169952
27712 31686 31788 0.00368072
29790 33416 33415 -3.35683e-05
28952 32978 32763 -0.00742608
29156 32645 32743 0.00336123
28752 32378 32387 0.000313022
29062 33126 33126 0
28496 32348 32437 0.00312325
30337 33812 33791 -0.000692224
28652 32453 32213 -0.00837638
28455 31826 31839 0.000456862
28445 31903 31991 0.00309369
29588 34083 34035 -0.00162228
27376 32284 32268 -0.000584454
28565 32408 32291 -0.00409592
29420 33117 33332 0.00730795
29172 32375 32253 -0.00418209
29251 33161 33161 0
27395 31499 31524 0.000912575
27863 32137 32123 -0.000502458
28179 32452 32355 -0.00344228
28790 32760 32732 -0.00097256
28773 32872 32944 0.00250235
28538 32715 32623 -0.00322377
28287 33272 33035 -0.00837841
29963 33185 33230 0.00150185
29360 32860 32938 0.00265668
29312 33485 33275 -0.0071643
27831 32359 32352 -0.000251518
29672 32971 32940 -0.00104476
28465 32431 32388 -0.00151063
29430 33281 33133 -0.00502888
28879 32729 32717 -0.000415527
28720 32642 32656 0.000487465
28366 32762 32918 0.00549954
28142 31864 31845 -0.000675147
28412 32557 32581 0.000844714
29008 33171 33123 -0.00165472
29444 32422 32514 0.00312458
27925 32394 32248 -0.00522829
28635 33330 33160 -0.00593679
28080 32176 31902 -0.00975783
27918 31648 31600 -0.00171932
28821 32290 31954 -0.0116582
29444 33098 32991 -0.00363402
28678 32382 32203 -0.00624172
29583 33043 33001 -0.00141973
29052 32928 33036 0.00371747
29116 32735 32848 0.00388103
29177 33200 33022 -0.0061007
28925 33141 33141 0
28752 32958 32959 3.47802e-05
30215 33394 33501 0.00354129
28667 33291 33041 -0.00872083
28408 32816 32793 -0.000809631
28329 32528 32638 0.00388295
28102 32559 32589 0.00106754
28809 32734 32720 -0.000485959
28500 32736 32969 0.00817544
28508 32466 32633 0.005858
29278 32921 32901 -0.000683107
28814 33235 33167 -0.00235996
29067 32897 32713 -0.0063302
29320 32607 32636 0.000989086
28569 32345 32525 0.00630054
30004 33819 33752 -0.00223304
30135 33555 33917 0.0120126
28967 33043 33122 0.00272724
29084 32871 32550 -0.011037
28604 32450 32452 6.99203e-05
28801 32773 32735 -0.0013194
29908 33065 33176 0.00371138
29933 33890 33877 -0.000434303
28196 32485 32484 -3.5466e-05
30510 34080 34164 0.0027532
30159 33882 33882 0
29714 33548 33425 -0.00413946
28039 32161 31892 -0.00959378
29284 32545 32587 0.00143423
28614 32810 32894 0.00293563
29010 32727 32690 -0.00127542
28980 32499 32635 0.00469289
29421 32955 32763 -0.00652595
28940 32416 32257 -0.00549413
28342 32535 32621 0.00303437
28003 31767 31746 -0.00074992
28410 32221 32260 0.00137276
28829 32544 32681 0.00475216
28690 32856 32791 -0.0022656
29213 33032 32949 -0.0028412
29364 33301 33531 0.00783272
28744 33470 33470 0
29750 33659 33683 0.000806723
29406 33234 33206 -0.000952187
29086 33168 33108 -0.00206285
28441 31881 31883 7.0321e-05
29341 33035 32939 -0.00327187
29278 33036 33061 0.000853883
29789 33300 33220 -0.00268556
29425 33072 32861 -0.00717077
28379 32103 32127 0.000845696
28910 33264 33337 0.00252508
28479 33254 32884 -0.012992
29146 33324 33119 -0.00703356
29439 33579 33526 -0.00180033
28599 33173 32892 -0.00982552
28643 32572 32643 0.00247879
29032 33248 33116 -0.00454671
27720 32548 32445 -0.00371573
29811 32759 32891 0.0044279
29031 33643 33518 -0.00430574
27976 32466 32549 0.00296683
30519 33657 33544 -0.00370261
29968 34121 34113 -0.000266951
30447 33010 33155 0.00476237
29365 32849 32788 -0.0020773
28468 32408 32442 0.00119432
27710 32058 32031 -0.000974377
28410 33340 33418 0.00274551
29395 32790 32510 -0.00952543
28577 32356 32506 0.00524898
28248 33010 32657 -0.0124965
28891 32810 32464 -0.011976
29232 32917 32869 -0.00164204
30190 33543 33635 0.00304737
27884 32118 32102 -0.000573806
29368 32779 32849 0.00238355
28282 32149 32082 -0.002369
28047 32080 32070 -0.000356544
29937 33533 33361 -0.0057454
28090 33227 33231 0.000142399
29195 32796 32733 -0.0021579
28200 33358 33401 0.00152482
28925 32771 32786 0.000518583
29497 32710 32644 -0.00223752
28192 33470 33418 -0.00184449
28237 33289 33151 -0.0048872
28983 32561 32724 0.00562399
28384 32903 32917 0.000493236
28638 32277 32155 -0.00426007
29105 33354 33505 0.00518811
30411 33555 33648 0.0030581
27124 32172 32187 0.000553016
27964 32161 32203 0.00150193
30225 33801 33871 0.00231596
28569 33007 33015 0.000280024
29021 33232 33145 -0.00299783
28817 32668 32684 0.000555228
29378 33486 33298 -0.00639935
30637 33569 33546 -0.000750726
30062 33812 33878 0.00219546
29236 32818 32956 0.00472021
29146 32446 32600 0.00528374
28647 32328 32515 0.00652773
28077 32284 32358 0.00263561
28736 32947 32567 -0.0132238
29507 32267 32167 -0.00338903
28946 32723 32730 0.00024183
28013 32637 32273 -0.012994
28845 32553 32237 -0.0109551
28661 32624 32688 0.002233
28244 32184 32179 -0.000177029
27532 32556 32469 -0.00315996
28602 32612 32439 -0.00604853
28979 31924 31877 -0.00162186
29713 33668 33694 0.000875038
28741 32099 32048 -0.00177447
29551 33583 33553 -0.00101519
29788 33180 33187 0.000234994
29745 33386 33431 0.00151286
29018 32686 32842 0.00537597
28717 32634 32656 0.000766097
28800 33134 33014 -0.00416667
28210 32195 31961 -0.00829493
28474 32111 32143 0.00112383
28704 32473 32525 0.00181159
29005 32882 32594 -0.00992932
29211 33016 33056 0.00136935
29483 32580 32462 -0.00400231
28831 32063 32064 3.46849e-05
28317 32277 32477 0.0070629
29475 32321 32394 0.00247668
28402 32631 32629 -7.04176e-05
29005 32862 32862 0
29408 33971 34069 0.00333243
29032 32263 32376 0.00389226
28958 32820 32817 -0.000103598
29339 34018 34018 0
29475 33357 33358 3.39271e-05
29034 33457 33437 -0.000688848
29416 33058 33085 0.000917868
28291 31705 31699 -0.000212082
29066 32786 32719 -0.0023051
29035 32702 32868 0.00571724
27393 32615 32590 -0.000912642
29257 33806 33842 0.00123047
28713 32434 32493 0.00205482
28157 32195 32071 -0.00440388
28732 32167 32040 -0.00442016
29558 33030 33051 0.000710468
28491 31902 32241 0.0118985
29389 32929 32747 -0.00619279
28706 32448 32333 -0.00400613
29005 32553 32601 0.00165489
27438 32185 32164 -0.000765362
27754 32262 32223 -0.0014052
28996 32649 32605 -0.00151745
28781 32368 32380 0.000416942
28913 32231 32147 -0.00290527
28975 32294 32206 -0.0030371
28503 32874 33063 0.00663088
29359 33021 32917 -0.00354235
28949 33275 33239 -0.00124357
27905 32752 32680 -0.00258018
28322 32583 32616 0.00116517
28036 32296 32327 0.00110572
28389 32487 32528 0.00144422
27870 32933 32905 -0.00100466
28435 31775 31662 -0.00397398
30076 33642 33523 -0.00395664
29090 33178 32987 -0.00656583
29255 33747 33466 -0.0096052
29486 32824 32844 0.000678288
29813 33400 33501 0.00338778
28937 32792 32859 0.00231537
28165 32470 32544 0.00262737
28709 33538 33214 -0.0112857
29120 32195 32086 -0.00374313
28848 31665 32009 0.0119246
29460 33934 33918 -0.000543109
29338 33093 32970 -0.00419251
29042 32584 32648 0.0022037
29369 32936 32857 -0.00268991
28597 32479 32558 0.00276253
28826 32667 32665 -6.93818e-05
28880 32688 32698 0.00034626
28181 32452 32262 -0.00674213
29352 33272 33244 -0.000953938
29314 32092 31809 -0.00965409
29781 33995 34048 0.00177966
30534 33865 33912 0.00153927
29562 34023 34063 0.00135309
29794 32598 32753 0.00520239
29248 32667 32239 -0.0146335
28982 33668 33578 -0.00310538
29449 33002 32738 -0.00896465
29097 32674 32673 -3.43678e-05
28871 32666 32383 -0.00980222
28884 32653 32503 -0.00519319
29809 33179 33083 -0.0032205
29143 33644 33644 0
29076 32894 33053 0.00546843
29010 32918 32946 0.000965184
27971 32772 32649 -0.00439741
28951 33299 33208 -0.00314324
28960 32442 32354 -0.00303867
28323 32661 32558 -0.00363662
29182 33026 32955 -0.00243301
28813 32549 32426 -0.00426891
28490 33408 33123 -0.0100035
28986 32424 32487 0.00217346
28247 32302 32233 -0.00244274
29841 32972 32962 -0.000335109
28834 32091 31996 -0.00329472
28842 32927 32831 -0.00332848
28144 32866 32848 -0.000639568
29505 32726 32640 -0.00291476
29261 32673 32617 -0.00191381
29108 32746 32766 0.000687096
28198 33039 32862 -0.00627704
29602 32964 32951 -0.00043916
28358 31755 32281 0.0185486
29155 32913 32945 0.00109758
28127 32877 32774 -0.00366196
29102 33482 33580 0.00336747
27685 32842 32665 -0.00639335
27901 32756 32634 -0.0043726
28397 32856 32837 -0.000669085
29656 33180 33172 -0.00026976
28068 33111 33190 0.00281459
28423 32355 32534 0.00629772
28972 32388 32446 0.00200193
29025 32792 32969 0.00609819
29123 32691 32723 0.00109879
29282 33324 33296 -0.000956219
27349 32237 32043 -0.0070935
27847 32318 31899 -0.0150465
29090 32843 33049 0.00708147
28119 32818 32846 0.000995768
29476 32742 32755 0.000441037
28406 32226 32546 0.0112652
28591 33303 33295 -0.000279808
28221 33387 33472 0.00301194
29316 33501 33409 -0.00313822
28761 32991 32682 -0.0107437
29232 31978 32322 0.0117679
29908 33862 33862 0
28450 32981 33086 0.00369069
27798 32367 32080 -0.0103245
29687 33046 33064 0.000606326
28971 33267 33229 -0.00131166
28579 31794 31799 0.000174954
29503 32944 32871 -0.00247432
29920 33075 32984 -0.00304144
28984 32883 32961 0.00269114
28126 32589 32065 -0.0186304
29310 33398 33306 -0.00313886
29980 33302 33243 -0.00196798
29016 32501 32428 -0.00251585
28546 32459 32376 -0.00290759
28795 32929 32812 -0.00406321
29831 33361 33235 -0.00422379
27671 31728 31728 0
28598 33608 33808 0.0069935
29862 33357 33516 0.00532449
30152 33933 33947 0.000464314
27955 32489 32457 -0.0011447
29330 32296 32368 0.00245482
30316 33487 33348 -0.00458504
29275 32124 31978 -0.00498719
29658 32243 32276 0.00111268
29735 33126 33449 0.0108626
28600 33287 33287 0
28128 33128 33221 0.00330631
29483 33792 33636 -0.00529118
29363 32934 33181 0.00841195
29010 32834 32594 -0.00827301
28178 32175 32252 0.00273263
28783 32321 32273 -0.00166765
29278 32883 32815 -0.00232256
30312 33975 34003 0.000923727
29285 32560 32348 -0.0072392
29790 32336 32221 -0.00386036
28957 33714 33939 0.00777014
27898 32314 32399 0.00304681
29595 32427 32709 0.00952864
30274 34269 34334 0.00214706
30716 33906 33899 -0.000227894
28993 33284 33293 0.00031042
29782 33114 33124 0.000335773
29640 33196 33153 -0.00145074
28691 32600 32439 -0.00561152
28675 32245 32433 0.00655623
28511 32447 32474 0.000947003
27719 31434 31225 -0.00753995
28150 32436 32398 -0.00134991
29337 32639 32735 0.00327232
28279 32524 32341 -0.00647123
30207 33450 33629 0.00592578
29031 33340 33373 0.00113672
29305 33526 33368 -0.00539157
29080 33016 32928 -0.00302613
28541 33190 33268 0.00273291
29414 33185 33089 -0.00326375
28235 33050 32933 -0.00414379
29836 33653 33651 -6.70331e-05
27751 32911 32835 -0.00273864
28906 33706 33691 -0.000518923
28986 33282 33413 0.00451942
27467 32441 32382 -0.00214803
27849 33572 33550 -0.000789975
29468 34023 33952 -0.00240939
29085 32809 32785 -0.000825168
28894 33031 32997 -0.00117671
28711 32525 32569 0.00153251
28565 32754 32888 0.00469106
28532 33385 33341 -0.00154213
28480 32155 32177 0.000772472
29705 33743 33717 -0.000875274
28500 32694 32765 0.00249123
27784 32392 32466 0.0026634
29179 33033 32991 -0.00143939
27986 32149 32082 -0.00239405
28987 33154 33281 0.00438127
28472 32541 32464 -0.00270441
28323 31938 32176 0.00840306
28616 33305 33270 -0.00122309
28872 32799 32799 0
28686 33356 33112 -0.00850589
27952 32447 32413 -0.00121637
29190 32938 33105 0.00572114
29194 32543 32618 0.00256902
29273 32912 32845 -0.0022888
28025 32475 32356 -0.00424621
29061 32566 32661 0.00326899
29317 32658 32672 0.000477539
28940 32295 32256 -0.00134762
29030 32725 32914 0.00651051
29897 33910 33774 -0.00454895
29424 33154 33088 -0.00224307
27943 32638 32389 -0.008911
29362 33006 32869 -0.00466589
28654 33096 33192 0.00335032
29343 32441 32256 -0.00630474
29483 33279 33504 0.00763152
29545 33262 33167 -0.00321543
27976 32088 32104 0.000571919
28660 33425 33459 0.00118632
30207 33544 33436 -0.00357533
29947 33446 33526 0.00267139
29167 33201 33297 0.00329139
29387 32294 32259 -0.001191
29589 32227 32173 -0.001825
29126 33172 33154 -0.000618005
28909 32967 33049 0.00283649
27454 33203 33259 0.00203978
28792 32136 32136 0
28911 32817 32874 0.00197157
28606 32748 32823 0.00262183
29325 33173 33141 -0.00109122
28347 32339 32244 -0.00335132
28971 33004 33088 0.00289945
28716 33125 33062 -0.0021939
27947 31504 31492 -0.000429384
29263 33245 33079 -0.00567269
28157 32242 32194 -0.00170473
28846 32893 32878 -0.000520003
27932 32619 31971 -0.0231992
