64556 71919 71214 -0.0109208
62589 71096 70932 -0.00262027
65664 72962 73127 0.00251279
63337 72664 73149 0.00765745
64314 73028 72918 -0.00171036
63836 72463 72122 -0.00534181
65178 74526 74410 -0.00177974
64580 73462 73453 -0.000139362
64432 72478 72218 -0.00403526
62409 71488 70938 -0.00881283
64340 73039 73200 0.00250233
65599 73486 73483 -4.57324e-05
64919 70975 70908 -0.00103206
61302 74134 74258 0.00202277
65376 72280 72335 0.000841287
64666 71981 72595 0.00949494
64105 74703 74711 0.000124795
63182 73032 73144 0.00177266
62899 71279 71232 -0.00074723
64204 72809 72891 0.00127718
65322 73440 73718 0.00425584
66494 73370 73541 0.00257166
63968 70767 71234 0.00730053
67684 73413 73209 -0.00301401
64356 71624 71236 -0.00602896
64509 73818 73570 -0.00384442
67669 73649 73288 -0.00533479
66390 73764 73588 -0.002651
66918 73175 72907 -0.0040049
64581 72398 72409 0.000170329
67017 74280 74092 -0.00280526
61565 71755 71749 -9.7458e-05
65038 73239 73347 0.00166057
62995 71332 71009 -0.00512739
63097 71881 71639 -0.00383536
62831 72042 71972 -0.0011141
65044 72584 72742 0.00242912
65475 73339 73722 0.00584956
63514 72611 72857 0.00387316
64774 72370 72470 0.00154383
68265 76015 76015 0
63545 71348 71458 0.00173106
65520 73892 73891 -1.52625e-05
63636 72794 72919 0.0019643
63711 72142 72092 -0.000784794
68273 75400 75308 -0.00134753
66546 73498 73802 0.00456827
64758 75063 74937 -0.00194571
65216 73571 73734 0.00249939
63422 71466 71311 -0.00244395
63151 72407 72582 0.00277114
64746 72158 72004 -0.00237853
63816 70858 70823 -0.000548452
63684 72214 72204 -0.000157025
64243 73119 72893 -0.00351789
65781 72268 71908 -0.0054727
65195 73971 73936 -0.000536851
66387 74478 74222 -0.00385618
64978 72938 72796 -0.00218536
65230 72129 72471 0.00524299
63209 72629 72617 -0.000189846
61954 71283 71308 0.000403525
64199 72120 71257 -0.0134426
64754 73960 74046 0.0013281
63907 70336 70766 0.00672853
63375 73700 73434 -0.00419724
65637 74147 74147 0
64996 73005 73018 0.000200012
63573 72181 71964 -0.0034134
66076 72791 72339 -0.00684061
65338 72743 72589 -0.00235697
63312 71988 71768 -0.00347485
62756 73783 73634 -0.00237427
62495 73115 72759 -0.00569646
63021 72148 72068 -0.00126942
62694 71780 71550 -0.00366861
61382 71960 71987 0.000439868
66003 73010 72595 -0.00628759
66593 74521 74476 -0.000675747
63928 73682 73812 0.00203354
62245 70434 70361 -0.00117278
65506 71786 71550 -0.00360272
64882 70565 70172 -0.00605715
63501 70546 70577 0.000488181
66239 74035 74119 0.00126814
64690 73463 73267 -0.00302983
63129 71412 71358 -0.000855391
66001 75156 74937 -0.00331813
64506 72951 73260 0.00479025
66355 74582 74660 0.0011755
67738 75129 75072 -0.000841477
64167 72432 72419 -0.000202596
66293 74345 74297 -0.000724058
63580 72906 72349 -0.00876062
64676 72680 72724 0.000680314
65365 71343 71400 0.000872026
65179 72077 71876 -0.00308382
64181 73455 73246 -0.00325642
65050 72835 73013 0.00273636
63745 70666 70801 0.00211781
62307 72695 72685 -0.000160496
67210 73470 73373 -0.00144324
65753 73992 74088 0.00146001
67149 72813 72748 -0.000967997
63548 73504 73095 -0.00643608
66798 74026 74246 0.00329351
65005 71806 71665 -0.00216906
63003 74367 74432 0.0010317
63011 72525 72382 -0.00226945
65925 73368 73376 0.00012135
65819 72712 72843 0.00199031
64773 70220 70559 0.00523366
67678 74217 74705 0.00721061
64628 72306 72507 0.00311011
65324 71588 71770 0.00278611
63409 72215 72009 -0.00324875
64317 72152 71570 -0.00904893
64781 73238 73438 0.00308732
66839 73393 73427 0.000508685
64192 71897 71974 0.00119953
64870 72890 72991 0.00155696
63534 73305 73085 -0.00346271
65292 73235 73245 0.000153158
63621 71829 71779 -0.000785904
64274 72670 72646 -0.000373401
65041 72567 72463 -0.00159899
63276 72236 72274 0.000600544
65024 72973 73358 0.00592089
63939 73246 73376 0.00203319
63691 74622 74522 -0.00157008
64679 73300 73476 0.00272113
65198 73760 73438 -0.0049388
62983 71580 71274 -0.00485845
64437 73025 73066 0.00063628
64537 74220 74338 0.00182841
62733 72395 72489 0.00149841
64430 73986 73965 -0.000325935
65518 73329 73403 0.00112946
63934 72611 72598 -0.000203335
64539 73044 73158 0.00176637
63073 71978 72070 0.00145863
64549 70349 70278 -0.00109994
62666 70392 70465 0.00116491
65824 71504 71896 0.00595527
64645 72515 71372 -0.0176812
63946 73329 73639 0.00484784
66493 73411 73418 0.000105274
61845 70127 69863 -0.00426874
63623 73849 73751 -0.00154032
62445 70138 69335 -0.0128593
64893 73144 73144 0
66051 72050 72036 -0.000211957
62624 71424 71424 0
62074 71053 70852 -0.00323807
62953 72424 72370 -0.000857783
63279 72396 72232 -0.0025917
62934 71526 71678 0.00241523
62501 72573 71928 -0.0103198
63761 72684 72812 0.0020075
63615 71273 71033 -0.0037727
65009 73602 73627 0.000384562
63543 74197 73642 -0.00873424
62591 71570 71740 0.00271605
65958 73547 73506 -0.000621608
64125 72498 72633 0.00210526
65267 74042 74197 0.00237486
66777 73304 73344 0.000599009
65659 74558 74455 -0.00156871
64928 73395 73656 0.00401984
64507 73828 73762 -0.00102314
63650 72325 71936 -0.00611155
66159 73951 73935 -0.000241842
64390 72214 72188 -0.000403789
64383 70832 71104 0.00422472
65226 73929 73995 0.00101187
64596 73253 73139 -0.00176482
65333 73048 72595 -0.00693371
63335 71755 71849 0.00148417
65778 72486 72412 -0.001125
65563 72111 72288 0.00269969
64483 73953 74210 0.00398555
66088 73049 73406 0.00540189
65317 71977 72527 0.00842047
63928 72135 72792 0.0102772
64890 75230 75169 -0.000940052
68299 74413 74395 -0.000263547
62790 71722 71788 0.00105112
62390 70909 70364 -0.00873537
63549 73042 73045 4.72077e-05
66629 75041 74746 -0.0044275
62686 72291 71852 -0.00700316
63904 72077 71545 -0.00832499
65513 72240 72483 0.00370919
67754 74002 73957 -0.000664167
66644 73218 72972 -0.00369126
63270 73251 73324 0.00115379
64114 72010 72086 0.00118539
65582 70180 70093 -0.00132658
63356 71807 71747 -0.000947029
62991 71536 71407 -0.00204791
64226 74460 74327 -0.00207081
67333 73649 73191 -0.00680201
63236 72861 72868 0.000110696
63746 73612 73682 0.00109811
67004 72817 72693 -0.00185064
64058 71034 70958 -0.00118642
63762 72702 72050 -0.0102255
64263 72850 72856 9.33663e-05
64005 70431 70807 0.00587454
62603 71934 71851 -0.00132582
62910 69622 69517 -0.00166905
66059 75392 75151 -0.00364825
66744 72530 72431 -0.00148328
66464 74196 74343 0.00221172
64399 73547 72817 -0.0113356
65338 71327 70811 -0.0078974
63648 73353 73086 -0.00419495
63509 73111 73111 0
65282 72541 72405 -0.00208327
65872 74454 74144 -0.0047061
65070 72741 72894 0.00235131
63565 71861 71502 -0.00564776
68600 75761 75842 0.00118076
62006 70263 70263 0
65529 73569 73365 -0.00311313
63378 72704 72623 -0.00127805
64927 72008 72066 0.000893311
64636 71676 71601 -0.00116034
63009 73187 72702 -0.00769731
66165 72324 72296 -0.000423184
66617 73348 73571 0.00334749
64326 74151 74244 0.00144576
66706 74699 74801 0.0015291
63672 70866 70842 -0.000376932
62721 72149 72435 0.00455988
62856 70459 70616 0.00249777
63945 73102 73116 0.000218938
64502 73122 73167 0.000697653
64346 73334 73334 0
65021 73981 73827 -0.00236847
63214 71777 71155 -0.00983959
65054 73160 73076 -0.00129123
63625 71050 71067 0.000267191
63684 71812 71773 -0.000612399
68041 74637 74181 -0.00670184
65301 74535 74686 0.00231237
64005 70831 71012 0.0028279
62260 70497 70797 0.0048185
64008 72776 72957 0.00282777
65590 72136 72122 -0.000213447
63705 71591 71578 -0.000204066
65001 73658 73495 -0.00250765
65173 72364 72152 -0.00325288
63371 70659 71012 0.00557037
64059 71359 70901 -0.00714966
67003 73760 73819 0.000880558
64194 74090 74595 0.00786678
64363 73731 73753 0.000341811
64802 73334 73390 0.000864171
64921 72610 72314 -0.00455939
65990 72646 72649 4.54614e-05
66343 74472 74286 -0.00280361
64244 72037 71879 -0.00245937
64409 70986 70877 -0.00169231
65386 75446 75260 -0.00284465
63867 72500 72281 -0.003429
63192 73212 73266 0.000854539
62847 71321 71630 0.0049167
65330 72086 72092 9.18414e-05
65240 70435 70486 0.000781729
66439 73278 73083 -0.00293502
62526 71293 71233 -0.000959601
63284 71379 71451 0.00113773
63807 73890 73930 0.00062689
65008 74886 74886 0
66433 73265 73210 -0.000827902
64913 72537 72661 0.00191025
61376 70425 70305 -0.00195516
65983 73479 73461 -0.000272798
63214 72981 73165 0.00291075
66211 73403 73225 -0.00268838
62317 71012 71084 0.00115538
65061 71892 72097 0.00315089
66228 72335 72851 0.00779127
62209 72129 72096 -0.00053047
64011 72840 72976 0.00212463
62782 71076 71076 0
64705 74830 74706 -0.00191639
62911 72892 73380 0.00775699
64358 71969 71945 -0.000372914
62374 73385 73513 0.00205214
64815 72635 72695 0.000925712
62252 71234 71185 -0.000787123
67158 72489 72033 -0.00678996
65582 73083 72896 -0.00285139
65425 73757 73672 -0.0012992
66158 74441 74316 -0.00188942
61668 71042 70812 -0.00372965
66762 74058 74030 -0.0004194
65967 74997 74985 -0.000181909
63702 71698 71452 -0.00386173
66227 73706 73347 -0.00542075
65698 72363 72172 -0.00290724
64470 73491 73344 -0.00228013
62359 70650 70445 -0.00328742
64242 73246 73438 0.0029887
64501 73682 73793 0.0017209
63238 71780 72346 0.00895031
64116 71909 71686 -0.00347807
61870 70965 70707 -0.00417003
66619 73439 73819 0.00570408
63422 71206 71435 0.00361073
65212 71493 71056 -0.00670122
63836 73453 73251 -0.00316436
64189 71867 71764 -0.00160464
65897 73337 73203 -0.00203348
63151 72475 72381 -0.0014885
63335 71684 71745 0.000963133
64442 72127 72066 -0.000946588
61697 71178 71093 -0.0013777
62595 70405 70045 -0.00575126
61406 70877 70942 0.00105853
64330 74167 74145 -0.000341987
63731 73250 73337 0.00136511
64741 73802 74013 0.00325914
60885 72294 72159 -0.00221729
62868 72396 72124 -0.00432653
62909 71762 71741 -0.000333816
63262 71010 71320 0.00490026
63112 72126 71620 -0.00801749
65526 71989 71952 -0.000564661
65457 72520 72366 -0.00235269
64516 72085 72280 0.00302251
65902 74092 73718 -0.00567509
63128 70464 70434 -0.000475225
63179 72979 73100 0.00191519
62942 72435 72133 -0.00479807
66796 75345 75301 -0.000658722
61949 72730 72598 -0.00213079
66854 73972 73479 -0.00737428
64273 73199 73208 0.000140028
65492 72127 72205 0.00119099
63810 73813 73522 -0.00456041
64368 71662 71705 0.000668034
64957 72633 72298 -0.00515726
65569 73389 72693 -0.0106148
63478 73666 73848 0.00286714
64213 72382 72470 0.00137044
64208 71243 71299 0.000872165
64710 73146 73160 0.00021635
64116 73548 73633 0.00132572
65322 72654 72449 -0.0031383
62957 72550 72772 0.00352622
63489 72000 71104 -0.0141127
64166 72231 72231 0
66197 74385 73948 -0.00660151
65123 71763 71958 0.00299433
65057 74472 74569 0.001491
62392 70359 70392 0.000528914
62383 71966 71931 -0.00056105
63653 72358 72726 0.00578135
64659 72398 72362 -0.000556767
66471 73188 73273 0.00127875
65978 72542 72855 0.00474401
65649 73506 73681 0.00266569
66005 73027 72865 -0.00245436
65477 72338 72446 0.00164943
64692 74035 73965 -0.00108205
62047 71886 71971 0.00136993
65946 73543 73590 0.000712704
67375 74567 74709 0.00210761
64726 72192 71950 -0.00373884
64782 72502 72657 0.00239264
64542 74427 74226 -0.00311425
68358 74808 74629 -0.00261857
63532 72893 72718 -0.00275452
66228 73714 73501 -0.00321616
63205 72820 72496 -0.00512618
65090 72355 72420 0.000998617
67416 73313 73484 0.00253649
64374 72616 72051 -0.00877684
61502 72873 72979 0.00172352
63425 72895 72970 0.0011825
66835 73521 73229 -0.00436897
65528 71917 71718 -0.00303687
63427 71507 71582 0.00118246
61963 73155 73262 0.00172684
65229 72826 72698 -0.00196232
64695 73369 73286 -0.00128294
66491 74570 74740 0.00255674
64487 71947 71823 -0.00192287
66215 73448 73751 0.004576
66041 71930 72116 0.00281643
67125 74494 74693 0.00296462
65508 74587 73784 -0.012258
64117 71679 71747 0.00106056
64619 72379 72752 0.0057723
62755 72669 72623 -0.000733009
63626 72636 72314 -0.00506082
63711 73285 73200 -0.00133415
64910 71844 72061 0.00334309
63906 71449 71212 -0.00370857
62849 71175 71398 0.00354819
63229 72665 72462 -0.00321055
65523 71964 72023 0.000900447
61756 71407 71197 -0.00340048
65148 71541 71602 0.00093633
63084 72529 73550 0.0161848
67144 74233 74154 -0.00117658
64536 72333 72350 0.000263419
65121 71772 72125 0.00542068
60859 70114 69928 -0.00305624
65425 71668 71915 0.00377532
65896 72447 72390 -0.000864999
66132 71672 72080 0.00616948
63819 73446 73416 -0.000470079
66004 75354 75366 0.000181807
64389 72792 72734 -0.000900775
61455 73451 73119 -0.00540233
62988 70835 70803 -0.000508033
66079 71844 72325 0.00727917
65141 74787 74736 -0.000782917
65153 74613 74552 -0.000936258
62885 71913 71148 -0.0121651
64617 74171 73381 -0.0122259
66206 73206 73346 0.00211461
65934 73553 73698 0.00219917
64375 72540 72843 0.0047068
63526 71549 71793 0.00384095
64152 73141 73241 0.0015588
64209 71362 71229 -0.00207136
66947 73939 74026 0.00129954
62791 74182 74275 0.0014811
64517 70659 70552 -0.00165848
62851 70928 70986 0.000922817
64412 73854 73562 -0.00453332
61702 71045 70918 -0.00205828
63556 72595 72644 0.000770974
64151 71581 71450 -0.00204206
65197 74121 74063 -0.000889611
63127 72695 72627 -0.00107719
62710 71754 71922 0.002679
62665 72751 72896 0.00231389
64423 72849 72719 -0.00201791
63885 72208 72219 0.000172184
64629 73468 73523 0.000851011
62680 72732 72338 -0.0062859
63714 71732 71871 0.00218162
64048 71788 71404 -0.0059955
65630 73571 73900 0.00501295
68098 74448 74686 0.00349496
65774 72417 72549 0.00200687
61140 72346 72419 0.00119398
65042 73927 73899 -0.000430491
64562 73939 73555 -0.00594777
66098 74162 74236 0.00111955
64160 73765 73429 -0.00523691
63589 72221 72221 0
64941 73035 73136 0.00155526
64435 73854 73858 6.20781e-05
63609 72323 72508 0.00290839
66993 72922 72889 -0.000492589
63704 72957 72552 -0.00635753
65726 73074 73567 0.00750084
64659 73142 73128 -0.000216521
65675 74225 74188 -0.00056338
67159 74032 73923 -0.00162301
65407 72498 72700 0.00308835
63276 72969 72952 -0.000268664
64549 73225 73206 -0.00029435
67028 73950 73848 -0.00152175
64480 72460 72647 0.00290012
63436 70700 70691 -0.000141875
66114 73907 73583 -0.00490063
64625 71344 71353 0.000139265
63984 74113 74095 -0.00028132
66480 73109 73456 0.00521961
64532 72243 71916 -0.00506725
65154 72975 72800 -0.00268594
65000 73241 73199 -0.000646154
65699 74163 74133 -0.000456628
60609 71792 71421 -0.0061212
65712 73369 73431 0.000943511
65565 71444 71774 0.00503317
64364 73539 73733 0.00301411
66615 73993 73603 -0.00585454
63733 71340 71702 0.00567995
65501 73855 73015 -0.0128242
62159 71951 71693 -0.00415065
63023 72958 73262 0.00482364
63963 73104 73270 0.00259525
63214 72410 72208 -0.00319549
62501 72056 71255 -0.0128158
65191 73783 73755 -0.000429507
64106 71417 71888 0.00734721
64168 70299 70349 0.000779205
65594 72880 72822 -0.000884227
64915 72510 72998 0.00751752
65348 71923 71926 4.59081e-05
65606 72372 72308 -0.000975521
63695 72466 72464 -3.13996e-05
64818 71890 72332 0.00681909
64292 73992 74186 0.00301748
61172 70416 69788 -0.0102661
62608 71737 71326 -0.00656466
64447 71893 71984 0.00141201
64316 75234 75241 0.000108838
63214 73602 73602 0
64566 74188 74293 0.00162624
65796 73959 73669 -0.00440756
64241 70463 70602 0.00216373
63326 71777 71812 0.000552696
65612 74074 73956 -0.00179845
66266 72900 72922 0.000331995
65638 72831 72875 0.000670343
66333 73944 73971 0.000407037
65946 73319 73351 0.000485246
65358 73629 73352 -0.0042382
66194 73465 73405 -0.000906427
65206 72706 72761 0.000843481
62391 70253 70443 0.00304531
64250 72134 72169 0.000544747
63286 72911 72879 -0.000505641
66018 72230 72186 -0.000666485
61999 70526 69938 -0.00948402
63842 70452 70373 -0.00123743
63764 71624 71660 0.000564582
63007 72695 72417 -0.00441221
64337 72105 72278 0.00268897
66101 73484 73321 -0.00246592
65573 72133 71829 -0.00463605
63324 73037 72775 -0.00413745
65289 73632 73623 -0.000137849
63870 70874 71129 0.00399248
62479 71389 71422 0.000528177
63560 73903 73746 -0.00247011
64877 73187 73756 0.00877044
65555 72101 72119 0.000274579
64237 71189 70946 -0.00378287
63869 74101 73884 -0.00339758
66212 75311 75258 -0.000800459
63513 71367 71066 -0.00473919
64043 71080 71101 0.000327905
64973 71840 71319 -0.00801872
64365 71096 71028 -0.00105647
64341 71952 72474 0.00811302
65728 73062 73913 0.0129473
63654 72752 72871 0.00186948
66350 73877 73836 -0.000617935
64106 74572 74437 -0.00210589
64721 73165 73136 -0.000448077
65243 72601 73088 0.0074644
66336 72248 72009 -0.00360287
65237 73441 73541 0.00153287
66231 72647 72569 -0.0011777
63072 72341 72341 0
66415 74583 74121 -0.00695626
62930 72596 72482 -0.00181154
62400 71579 71820 0.00386218
65182 72671 72666 -7.67083e-05
62513 70471 70131 -0.00543887
62755 73204 73318 0.00181659
66121 74343 74151 -0.00290377
62691 73371 73185 -0.00296693
66939 74245 74340 0.0014192
62256 69920 70116 0.00314829
64167 73107 73131 0.000374024
65550 73199 74036 0.0127689
65695 72027 71662 -0.00555598
60214 72929 72843 -0.00142824
66006 74366 74185 -0.00274217
63771 72309 72691 0.00599018
62034 72437 72487 0.00080601
67351 74674 74665 -0.000133628
65238 72168 72314 0.00223796
66821 73970 74277 0.00459436
65174 72590 72571 -0.000291527
59501 72049 71948 -0.00169745
65943 72687 72469 -0.00330589
64334 73158 73154 -6.21755e-05
61977 71745 71047 -0.0112622
64116 71994 72021 0.000421112
66085 74013 73827 -0.00281456
61816 71330 71406 0.00122946
66265 73778 73686 -0.00138836
63929 72250 71955 -0.00461449
64608 72319 72313 -9.28678e-05
64039 71518 71359 -0.00248286
65225 73397 73174 -0.00341893
63965 71802 71873 0.00110998
67837 74889 75129 0.00353789
63591 71426 70996 -0.00676196
63302 70461 70370 -0.00143755
63710 71134 71122 -0.000188353
66497 75934 75095 -0.0126171
60389 71548 70718 -0.0137442
63956 71820 72237 0.00652011
65133 73394 73620 0.00346982
65020 71382 71051 -0.00509074
64897 72994 72844 -0.00231135
60897 70075 70075 0
62699 71575 71776 0.00320579
63280 72267 72314 0.000742731
63738 72367 72402 0.000549123
64697 72822 72990 0.00259672
64294 72702 71593 -0.0172489
63452 73441 73713 0.0042867
66466 73487 73619 0.00198598
64644 72153 72014 -0.00215024
64995 73897 73427 -0.00723133
62614 71585 71645 0.000958252
65711 72909 72827 -0.00124789
63527 72491 72578 0.0013695
64497 72438 72767 0.00510101
63581 73066 73066 0
64236 72499 72505 9.34056e-05
62934 72401 72570 0.00268535
62736 71502 71502 0
62157 71920 71934 0.000225236
65175 73588 73583 -7.67165e-05
65832 72577 72585 0.000121521
63416 72686 72024 -0.010439
63931 73878 73677 -0.00314401
62833 72244 72107 -0.00218038
62148 70793 70793 0
64160 71451 71089 -0.00564214
65296 73045 73050 7.65744e-05
63099 70831 70575 -0.00405712
65829 73070 72722 -0.00528642
65040 73772 73664 -0.00166052
65281 73314 73323 0.000137866
64937 72472 72679 0.00318771
64650 72867 72830 -0.000572312
64254 73584 73220 -0.00566502
67860 73996 73889 -0.00157678
63256 73418 73217 -0.00317756
63286 72022 72184 0.00255981
63732 73169 72997 -0.0026988
63423 73072 73036 -0.000567617
64245 72939 72958 0.000295743
63581 72872 72880 0.000125824
63862 71813 72216 0.00631048
63857 71571 71362 -0.00327294
65882 73664 73798 0.00203394
64605 72543 72708 0.00255398
65554 72556 72692 0.00207463
64209 72247 72590 0.00534193
66552 75154 74897 -0.00386164
66165 73956 74344 0.00586413
64484 72794 72514 -0.00434216
64244 72383 72497 0.00177448
63173 71660 71541 -0.00188372
64508 73072 73072 0
65402 72672 72735 0.000963273
66817 75755 75146 -0.00911445
62329 72353 72242 -0.00178087
67249 74732 74922 0.00282532
66854 74470 74505 0.000523529
65908 74185 74044 -0.00213935
63349 71601 71321 -0.00441996
65742 72293 72998 0.0107237
64175 72979 73014 0.000545384
64496 72665 72568 -0.00150397
63314 72372 72276 -0.00151625
65359 73562 73587 0.000382503
64508 72150 72373 0.00345694
63182 71910 71761 -0.00235827
63613 71222 71209 -0.000204361
63401 71448 71814 0.00577278
64736 72702 72665 -0.000571552
64189 72931 72857 -0.00115285
64771 72489 72615 0.00194532
65261 73364 73468 0.0015936
64066 74014 74176 0.00252864
66304 75141 74803 -0.00509773
66026 73906 73000 -0.0137219
64351 73023 73039 0.000248636
62834 70322 70135 -0.0029761
65171 73407 72839 -0.00871553
65051 73330 73359 0.000445804
66759 72787 72853 0.000988631
66389 72309 72177 -0.00198828
62887 70718 70855 0.00217851
64866 72923 72969 0.000709154
63954 73402 73530 0.00200144
65773 73316 73271 -0.000684171
64971 73447 73518 0.0010928
64429 73078 73189 0.00172283
63587 72515 72377 -0.00217025
64965 74382 74167 -0.00330947
61542 72075 71974 -0.00164116
67038 73115 73083 -0.000477341
63616 74108 74403 0.0046372
62105 72461 72114 -0.00558731
67077 73944 74242 0.00444266
67307 75416 75720 0.00451662
68361 74615 74518 -0.00141894
65737 72352 72587 0.00357485
63490 71732 72274 0.00853678
62366 69920 70290 0.00593272
63683 73199 72441 -0.0119027
64818 72778 72824 0.000709679
63860 71743 71761 0.000281867
63076 73247 72606 -0.0101623
64647 73065 72927 -0.00213467
64308 72711 73126 0.00645332
67052 73915 74209 0.00438466
62394 70743 70590 -0.00245216
65057 72328 72137 -0.00293589
63669 72275 72200 -0.00117797
63340 71885 72016 0.0020682
66314 73806 73667 -0.00209609
62741 72399 72447 0.00076505
64184 72292 71972 -0.00498567
62603 73108 73259 0.00241202
63795 72048 71820 -0.00357395
65874 73184 73143 -0.0006224
63296 74661 74772 0.00175367
62098 72777 72247 -0.0085349
64199 72533 72563 0.000467297
64447 73465 72731 -0.0113892
64320 71756 71447 -0.0048041
64402 74681 74466 -0.00333841
68028 74591 74581 -0.000146998
60872 71568 71726 0.00259561
62521 72191 72155 -0.000575807
67369 74972 74766 -0.00305779
63381 73400 73472 0.00113599
64819 74446 74436 -0.000154276
63946 72648 72739 0.00142308
65009 73661 73714 0.000815272
67506 74155 74243 0.00130359
66615 74939 74617 -0.00483375
64345 72367 72448 0.00125884
64778 72035 71778 -0.0039674
63555 71886 71835 -0.000802455
62248 71066 71040 -0.000417684
63362 72701 72753 0.000820681
65660 71860 71343 -0.0078739
63660 72586 71872 -0.0112158
63057 71805 72072 0.00423426
64140 71727 71762 0.000545681
63431 72691 72504 -0.00294809
63058 71633 71684 0.000808779
61191 71919 71939 0.000326845
63081 71298 71483 0.00293274
64260 70190 70257 0.00104264
66348 74250 74179 -0.00107012
63292 71176 71152 -0.000379195
65423 73876 73722 -0.00235391
65897 72708 72654 -0.000819461
65850 73861 73659 -0.00306758
64594 72300 72029 -0.00419544
63128 71662 71395 -0.0042295
63852 72995 73250 0.00399361
62411 70346 70654 0.00493503
63303 71361 71008 -0.00557635
63912 72621 72565 -0.000876205
64649 72702 72152 -0.00850748
65485 73682 73874 0.00293197
65788 72045 72001 -0.000668815
64479 71460 71460 0
63146 71687 71699 0.000190036
65764 70860 71420 0.0085153
63166 72635 72372 -0.00416363
64100 72529 72223 -0.00477379
64789 74937 74547 -0.00601954
63613 71649 71649 0
64351 73138 72902 -0.00366739
66161 75123 74764 -0.00542616
66022 74894 74673 -0.00334737
64688 73030 73360 0.00510141
65023 72913 72727 -0.00286053
63282 71257 71257 0
64750 72235 72638 0.00622394
63881 72784 72633 -0.00236377
60904 71767 71521 -0.00403914
64489 74089 74008 -0.00125603
63316 71900 71779 -0.00191105
62995 70560 70840 0.0044448
63662 71055 71329 0.00430398
65219 72050 72102 0.000797314
63398 71461 71565 0.00164043
65494 72562 72414 -0.00225975
63677 71985 71961 -0.000376902
65349 72681 73093 0.00630461
61711 71996 72207 0.00341916
61760 72042 71880 -0.00262306
65532 72734 72934 0.00305194
64515 72047 72001 -0.000713012
64971 71706 71642 -0.000985055
63826 71020 71452 0.0067684
63690 72297 72612 0.00494583
65484 72455 72498 0.000656649
64768 73633 73809 0.00271739
61770 71955 72098 0.00231504
62669 72258 71808 -0.00718058
62650 71626 71769 0.00228252
63119 71724 71735 0.000174274
61735 72310 72242 -0.00110148
64389 71061 71090 0.000450387
67543 75378 75486 0.00159898
65160 72766 73055 0.00443524
64550 74348 74487 0.00215337
66233 72713 72627 -0.00129845
66016 74379 74264 -0.001742
64209 72916 72662 -0.00395583
63112 72466 72092 -0.00592597
63189 73823 73132 -0.0109354
64468 72016 71986 -0.000465347
64038 71363 71426 0.000983791
65508 74378 74613 0.00358735
65158 73055 73299 0.00374474
64786 72073 72356 0.00436823
65318 73133 73364 0.00353654
64319 73123 72686 -0.00679426
64009 72719 72713 -9.37368e-05
64610 72153 72125 -0.000433369
62694 71315 71342 0.000430663
65419 74043 74236 0.00295021
65118 71135 71157 0.000337848
65933 74600 74520 -0.00121335
67716 74769 74820 0.000753145
66107 74625 74160 -0.00703405
66472 73235 73459 0.00336984
64709 71715 71133 -0.00899411
64248 74320 74541 0.0034398
65605 73214 73146 -0.00103651
65381 72658 72637 -0.000321194
64380 72622 72608 -0.000217459
63234 71161 71126 -0.0005535
66326 73332 73219 -0.00170371
64732 74447 74353 -0.00145214
64990 73058 73002 -0.000861671
64039 72669 72943 0.00427864
63022 72222 72132 -0.00142807
64010 73686 73430 -0.00399938
64407 71243 71132 -0.00172342
63990 73007 72867 -0.00218784
65013 73528 73207 -0.00493747
64681 71662 71202 -0.00711183
63417 74084 73800 -0.00447829
64858 72952 72346 -0.00934349
62933 72148 71794 -0.00562503
66072 73288 73155 -0.00201296
64770 71486 71862 0.00580516
63511 72323 72283 -0.000629812
63097 73266 73412 0.0023139
65980 72737 72444 -0.00444074
64785 72265 72114 -0.00233079
64336 72094 72171 0.00119684
63017 73402 73310 -0.00145992
65627 72306 72554 0.00377893
63083 70108 71322 0.0192445
64626 72315 72400 0.00131526
62572 72845 72845 0
65080 73425 72903 -0.0080209
61790 72585 72496 -0.00144036
62886 72504 72267 -0.00376872
62753 72697 72667 -0.000478065
65753 72831 72725 -0.00161209
62820 73523 73375 -0.00235594
63534 71854 71742 -0.00176284
64393 72694 72711 0.000264004
63681 71418 71730 0.00489942
65595 72701 72567 -0.00204284
65942 74038 74121 0.00125868
61187 71667 71864 0.00321964
61570 71155 71213 0.000942017
65260 72932 73784 0.0130555
62351 71950 71950 0
65976 73120 73289 0.00256154
63289 71222 70903 -0.00504037
63998 73781 73694 -0.00135942
62193 73747 73747 0
64613 73421 73526 0.00162506
63354 72383 72357 -0.000410392
65263 72403 72147 -0.00392259
65710 73947 74067 0.00182621
63175 72232 72662 0.00680649
61629 72188 72126 -0.00100602
66087 73891 73658 -0.00352566
64292 72870 72855 -0.000233311
63611 71191 70932 -0.00407162
65824 73665 73447 -0.00331186
65323 72617 72277 -0.0052049
64150 72495 71908 -0.00915043
63288 71916 71174 -0.0117242
65765 74686 74346 -0.00516992
67625 74460 74502 0.000621072
64734 72122 71755 -0.00566935
64337 72303 72276 -0.000419665
64593 72695 73109 0.00640936
66342 72508 72321 -0.00281873
62618 70209 69716 -0.00787314
62630 74549 74472 -0.00122944
65914 73509 73786 0.00420245
67287 74921 74842 -0.00117408
63524 71580 71241 -0.00533657
66090 72366 72602 0.00357089
67002 74014 73990 -0.000358198
65076 71702 70829 -0.0134151
64868 71613 71450 -0.0025128
66156 73354 74158 0.0121531
64402 73907 73730 -0.00274836
62623 73533 73592 0.000942146
65727 73966 73960 -9.12867e-05
65585 73390 73595 0.00312571
64445 73064 73188 0.00192412
62162 72236 71832 -0.00649915
63369 70956 71207 0.00396093
64743 73350 73129 -0.0034135
66724 74542 74560 0.000269768
65708 72370 72213 -0.00238936
66313 71596 71235 -0.00544388
64951 73959 74511 0.00849871
61918 72442 72444 3.23008e-05
65358 72269 71987 -0.0043147
67242 75778 75990 0.00315279
67986 74923 74776 -0.00216221
64355 72767 73009 0.00376039
65910 73492 73326 -0.00251859
66773 74092 73565 -0.00789241
64248 71898 72405 0.0078913
64222 72280 72272 -0.000124568
63805 71705 71607 -0.00153593
62068 69049 69121 0.00116002
62557 71862 72114 0.00402833
65577 72863 72856 -0.000106745
63269 72144 72113 -0.000489971
66416 73672 74155 0.00727234
64324 74428 74428 0
65585 73637 73863 0.00344591
64857 73372 73245 -0.00195815
63770 72923 73058 0.00211698
65605 73864 73818 -0.000701166
63120 73400 73354 -0.000728771
66318 75176 75070 -0.00159836
62578 72524 72350 -0.00278053
65771 74708 74712 6.08171e-05
64885 73966 73853 -0.00174154
60822 71883 72007 0.00203874
62403 74612 74670 0.000929442
65739 75085 74529 -0.00845769
64984 73102 73198 0.00147729
64525 73881 73488 -0.00609066
64607 72284 72370 0.00133113
64554 72442 72660 0.00337702
62884 73452 73215 -0.00376884
62968 71122 71198 0.00120696
65981 73497 72982 -0.00780528
63408 73237 73268 0.000488897
62017 71717 71816 0.00159634
64901 73680 73472 -0.00320488
63214 71607 71492 -0.00181922
65252 73181 73053 -0.00196163
63473 72069 72172 0.00162274
63556 70015 69694 -0.00505066
63374 73217 73436 0.00345568
63815 72228 72140 -0.00137899
63638 74827 74680 -0.00230994
62091 72232 72159 -0.00117569
64759 72384 72223 -0.00248614
64990 71991 71819 -0.00264656
64797 71970 71970 0
62773 71657 71666 0.000143374
64634 72443 72241 -0.00312529
64932 73510 73510 0
63875 72251 72126 -0.00195695
63687 72627 71717 -0.0142886
66982 74489 74755 0.00397122
64817 73166 73012 -0.00237592
62166 71318 71537 0.00352283
65294 73041 72851 -0.00290992
64364 73180 72988 -0.00298303
65601 72496 71606 -0.0135669
65717 74166 74190 0.000365202
65388 73206 73007 -0.00304337
63515 71408 71569 0.00253483
64348 74267 74006 -0.00405607
67444 74246 74152 -0.00139375
66997 74938 74977 0.000582116
65433 72991 73014 0.000351505
65152 71548 72013 0.00713716
66438 71581 71593 0.00018062
65275 72865 72607 -0.00395251
65015 73884 73883 -1.53811e-05
61595 73919 73891 -0.000454582
64423 71507 71205 -0.00468777
64769 72208 72237 0.000447745
63905 72631 72682 0.00079806
65661 73425 72720 -0.010737
62932 70974 71294 0.00508485
64071 73385 73385 0
64094 73134 72662 -0.00736418
62073 69925 70006 0.00130492
64794 72825 72209 -0.00950705
63044 72685 72487 -0.00314066
64443 73484 73473 -0.000170693
62869 71883 71303 -0.00922553
