57484 64107 63888 -0.00380976
55813 63778 63454 -0.0058051
58283 65258 65313 0.000943671
56916 65035 64620 -0.00729145
57508 65300 65354 0.000939
56832 64771 64771 0
57859 66388 66409 0.000362951
57844 65588 65208 -0.00656939
56830 64820 64916 0.00168925
55128 63284 63356 0.00130605
57544 65205 65270 0.00112957
58536 65884 66036 0.00259669
56861 63155 63155 0
54799 66100 66482 0.00697093
57683 64517 64601 0.00145623
57540 65396 64978 -0.00726451
56724 66401 66401 0
56243 65383 65040 -0.00609854
56129 64361 64525 0.00292184
57569 66040 65713 -0.00568014
58262 65500 65944 0.00762075
59026 65996 65996 0
57683 64785 64355 -0.00745454
59714 65508 65342 -0.00277992
57014 64275 63798 -0.00836637
57370 64967 65523 0.00969148
60509 65853 65900 0.000776744
59128 66606 66588 -0.000304424
59013 64227 64774 0.00926914
57141 64901 65095 0.00339511
58951 65710 65431 -0.00473274
55245 64857 64733 -0.00224455
56951 65211 64981 -0.00403856
55912 63623 63599 -0.000429246
55916 63957 64064 0.00191358
56277 64710 64633 -0.00136823
57378 65255 65661 0.00707588
57886 66068 66089 0.000362782
56437 65322 65296 -0.000460691
56928 63826 64321 0.00869519
60830 68278 68124 -0.00253165
57367 64900 64633 -0.00465424
57445 64993 65251 0.00449125
56900 64700 65013 0.00550088
56093 64760 64755 -8.91377e-05
60876 66781 66805 0.000394244
59123 66330 66433 0.00174213
57713 66408 66584 0.00304957
57705 65821 65503 -0.00551079
55932 63425 63146 -0.0049882
56697 65011 64518 -0.00869535
58289 64130 64490 0.00617612
56098 63450 63291 -0.00283433
56367 64466 64722 0.00454166
57303 65268 65443 0.00305394
58894 64980 65129 0.00252997
58329 65932 65579 -0.00605188
58996 66162 66139 -0.000389857
58190 64990 65161 0.00293865
58228 64660 65479 0.0140654
57048 65130 64169 -0.0168455
55619 64047 64254 0.00372175
56822 64578 64051 -0.00927458
57811 66224 66531 0.00531041
56302 62731 62573 -0.00280629
56651 65723 65565 -0.00278901
58957 65724 66048 0.00549553
57903 64911 64908 -5.18108e-05
56554 64632 64942 0.00548149
59265 65987 65820 -0.00281785
58044 64984 64984 0
55665 64112 63731 -0.00684452
55895 66403 66065 -0.00604705
55392 64571 64606 0.00063186
54861 63933 63571 -0.00659849
55620 63760 63555 -0.00368572
53659 63461 63480 0.000354088
59419 64482 65120 0.0107373
59188 66912 66446 -0.00787322
57158 65792 65742 -0.000874768
55847 62922 63188 0.00476301
58480 65359 65256 -0.00176129
57323 63557 63489 -0.00118626
57016 63517 64003 0.00852392
59105 66266 66266 0
57011 65952 65992 0.000701619
56102 63748 63447 -0.00536523
58423 67099 66981 -0.00201975
57900 65565 65538 -0.000466321
58627 67111 66686 -0.00724922
60524 67291 67177 -0.00188355
57690 65919 65677 -0.00419483
59010 65594 65709 0.00194882
56360 64135 65035 0.0159688
57008 64585 64549 -0.00063149
58023 64313 64335 0.00037916
57470 64474 64277 -0.00342788
56625 65403 65491 0.00155408
58343 64546 65168 0.0106611
56760 63790 63701 -0.00156801
55494 65106 65151 0.000810898
59275 65752 65647 -0.0017714
58519 65664 65946 0.00481895
60454 65651 65623 -0.000463162
56248 65784 65634 -0.00266676
58714 65973 66225 0.00429199
57813 64283 63939 -0.00595022
55451 65573 65225 -0.00627581
56242 64707 64707 0
59406 66131 65938 -0.00324883
58276 64520 64865 0.0059201
57831 63386 63188 -0.00342377
59891 65945 66292 0.00579386
56901 64065 63973 -0.00161684
57490 63744 63469 -0.00478344
56079 63364 63683 0.0056884
56501 64766 64488 -0.00492027
57347 65765 65834 0.0012032
60390 66258 66573 0.0052161
57825 65333 65291 -0.000726329
57648 64904 64979 0.001301
56618 65366 64455 -0.0160903
58024 65772 66109 0.00580794
56208 64466 64573 0.00190364
56967 66040 66129 0.00156231
58067 65640 65613 -0.00046498
55611 64212 64212 0
58242 65834 65464 -0.0063528
56897 65711 65678 -0.000579995
56937 66709 66541 -0.00295063
57391 66209 65626 -0.0101584
58572 66418 66295 -0.00209998
56662 64552 64736 0.00324733
57771 66020 66041 0.000363504
57375 66549 66340 -0.0036427
55880 65300 64597 -0.0125805
57083 66818 66541 -0.00485258
58465 66435 66348 -0.00148807
56534 64702 64621 -0.00143277
57298 65105 65627 0.00911027
55759 63911 63974 0.00112986
56975 63733 63239 -0.00867047
55955 63378 63118 -0.00464659
58970 64556 64583 0.00045786
57123 64835 64815 -0.000350122
56978 65310 64917 -0.0068974
59201 65796 65754 -0.000709447
55508 62865 63046 0.00326079
57008 66251 66006 -0.00429764
55969 62688 63426 0.0131859
57989 64941 64655 -0.00493197
59067 64273 64092 -0.00306432
55816 64123 63520 -0.0108034
55647 64016 63986 -0.000539113
55249 64152 63510 -0.0116201
56210 64932 64686 -0.00437645
56073 64052 63917 -0.00240758
55526 63856 64175 0.00574506
56640 63925 64561 0.0112288
56178 63280 63182 -0.00174446
58025 65125 65158 0.00056872
56995 66315 65550 -0.0134222
55771 64381 63874 -0.00909075
58785 65906 65906 0
55868 63754 63952 0.00354407
57530 65720 65633 -0.00151225
59406 65064 65245 0.00304683
57382 66168 66128 -0.000697083
57338 65733 65908 0.00305208
57101 66040 66074 0.000595436
56303 64640 64640 0
59164 66971 67149 0.00300859
57572 65207 65325 0.00204961
57032 63285 62900 -0.0067506
58229 66444 66474 0.000515207
57416 65694 65165 -0.00921346
58909 65578 65394 -0.00312346
56649 64488 64367 -0.00213596
57851 64005 64347 0.00591174
59035 64233 64817 0.00989244
57238 66357 66541 0.00321465
59480 65796 65708 -0.00147949
58181 65136 64880 -0.00440006
57144 64607 64145 -0.00808484
58335 68138 67599 -0.00923974
60138 66574 66649 0.00124713
55345 64045 64054 0.000162616
55843 63959 63675 -0.00508569
56085 65236 65063 -0.0030846
59170 66953 66484 -0.00792631
56022 64201 64323 0.00217772
57941 64898 65106 0.00358986
58296 64766 64762 -6.86153e-05
60044 66261 66278 0.000283126
59444 65228 65289 0.00102618
56987 65804 65579 -0.00394827
57050 63858 63759 -0.00173532
58794 63339 63125 -0.00363983
56121 63589 63674 0.00151458
55740 64165 64221 0.00100466
57565 67223 67149 -0.0012855
60123 65555 65356 -0.00330988
56074 65242 65481 0.00426222
56583 65704 66019 0.00556704
59785 65488 65534 0.000769424
56212 62559 62405 -0.00273963
56768 65480 64959 -0.00917771
57026 65559 65088 -0.00825939
57945 63790 63860 0.00120804
56192 64619 64827 0.00370159
55289 61606 61451 -0.00280345
59409 68257 67557 -0.0117827
59797 65460 65399 -0.00102012
58176 66583 66583 0
57155 65749 65484 -0.00463651
58109 64293 63483 -0.0139393
56451 64221 63910 -0.0055092
56017 64348 64348 0
58071 64823 64499 -0.00557938
57523 66360 65746 -0.010674
57640 65789 65544 -0.00425052
56561 64380 64129 -0.00443769
61182 67409 67340 -0.00112778
54796 62063 62567 0.00919775
58568 66268 66265 -5.12225e-05
56230 64722 64383 -0.00602881
57179 64361 64406 0.000787002
57196 63743 63667 -0.00132876
55919 65060 65405 0.00616964
59102 65252 65116 -0.00230111
59216 65710 65647 -0.0010639
57000 65954 66175 0.00387719
59379 67114 66985 -0.00217249
57017 64089 63931 -0.0027711
55920 64113 64258 0.00259299
55790 63398 63381 -0.000304714
56885 65659 65792 0.00233805
57933 65914 65849 -0.00112199
57369 66088 66154 0.00115045
57298 65769 65694 -0.00130895
56810 64554 64325 -0.00403098
57768 65337 65502 0.00285625
56146 63806 63696 -0.00195918
56937 64344 64145 -0.00349509
60925 65746 66713 0.015872
57813 66668 66734 0.00114161
57460 63808 63899 0.00158371
55192 63387 63188 -0.0036056
56113 64326 64369 0.000766311
57837 63272 63663 0.00676038
56778 64341 64539 0.00348727
57577 65675 65776 0.00175417
57748 64802 64865 0.00109095
56059 63212 62220 -0.0176956
56999 64018 63620 -0.00698258
59996 66060 66481 0.00701713
56937 66171 65302 -0.0152625
57130 66271 66271 0
57018 64991 64883 -0.00189414
57766 64752 64629 -0.00212928
58778 63750 63849 0.0016843
58760 65788 65775 -0.000221239
57547 65019 64977 -0.000729838
56615 63389 63358 -0.000547558
58245 67354 67327 -0.000463559
57320 65085 65107 0.00038381
56130 65495 65644 0.00265455
56372 64623 64537 -0.00152558
58068 64885 64751 -0.00230764
57903 62822 62840 0.000310865
59090 66324 66356 0.000541547
57067 63784 64185 0.00702683
56378 63594 63483 -0.00196885
57438 66087 65401 -0.0119433
58552 67790 67715 -0.00128091
58765 65532 65058 -0.00806603
57678 64753 64932 0.00310344
55366 63720 63778 0.00104757
59352 65614 65614 0
55866 65306 65261 -0.000805499
59860 66018 65921 -0.00162045
55372 63413 63330 -0.00149895
56964 63340 63448 0.00189593
58121 64592 65170 0.00994477
54841 64316 64374 0.0010576
56743 65487 65309 -0.00313695
55733 63472 63409 -0.00113039
57858 67114 66948 -0.00286909
55230 65152 65083 -0.00124932
57575 65245 64450 -0.0138081
55345 65526 65290 -0.00426416
58246 66065 65652 -0.00709062
55696 62839 62698 -0.0025316
60487 64825 64862 0.000611702
58153 65437 65218 -0.00376593
58713 65905 66050 0.00246964
57915 66604 66604 0
55236 63688 63872 0.00333116
59666 66483 66246 -0.00397211
58424 67285 67371 0.001472
56877 64102 64106 7.03272e-05
59432 66707 66641 -0.00111051
58398 64867 64796 -0.0012158
56851 65030 64910 -0.00211078
55842 64144 64144 0
57293 64259 65111 0.0148709
57473 65541 65561 0.000347989
55837 64688 64422 -0.00476387
56853 64723 64741 0.000316606
54627 64190 64280 0.00164754
59534 66147 66453 0.00513992
56319 63801 63474 -0.00580621
58091 63560 63648 0.00151486
56525 65699 65779 0.0014153
58173 64547 64614 0.00115174
59334 65638 65684 0.000775272
56578 65482 65293 -0.00334052
56156 63739 63309 -0.00765724
57876 65111 64942 -0.00292004
53893 63411 63396 -0.000278329
55463 62932 62497 -0.00784307
54025 62811 62947 0.00251735
57346 65390 65387 -5.2314e-05
55528 63991 64236 0.00441219
57406 65610 65596 -0.000243877
53929 64178 64202 0.00044503
56528 65199 65174 -0.000442259
56371 64601 63958 -0.0114066
56986 63748 63703 -0.000789668
56173 65355 65353 -3.56043e-05
57787 64050 64106 0.000969076
58658 64869 64548 -0.0054724
57306 64142 64409 0.0046592
58567 65056 64979 -0.00131473
55761 63076 63044 -0.000573878
56220 64848 65058 0.00373533
55849 65318 65141 -0.00316926
59625 67587 67653 0.00110692
55331 65193 65066 -0.00229528
59866 66650 66553 -0.00162029
56885 65731 65117 -0.0107937
57669 64281 64407 0.00218488
56324 65672 65600 -0.00127832
57348 64422 64492 0.00122062
57223 64454 64737 0.00494556
58536 64772 65479 0.012078
56250 65220 65466 0.00437333
57274 65720 65921 0.00350945
57557 64480 64480 0
57122 64789 64775 -0.000245089
57406 66051 66004 -0.00081873
57882 64888 64656 -0.00400815
55560 65062 64951 -0.00199784
56114 64436 64683 0.00440175
57153 64971 65140 0.00295698
59054 66662 66835 0.00292952
57727 64695 64357 -0.00585515
58089 65755 66249 0.00850419
55821 63340 63557 0.00388743
55030 64012 63817 -0.00354352
56007 64432 64432 0
57526 64588 64845 0.00446755
59351 65350 65027 -0.0054422
59773 66178 66347 0.00282736
58988 66052 66347 0.00500102
58531 64993 65341 0.00594557
58292 64462 64403 -0.00101215
57148 65044 64938 -0.00185483
55402 64849 65081 0.00418757
57897 65157 65403 0.00424892
59862 66961 66883 -0.001303
57534 64134 64377 0.00422359
57735 63903 63727 -0.00304841
57143 66407 66705 0.00521499
59973 65996 66184 0.00313474
55906 65122 65470 0.00622473
58489 65235 65239 6.83889e-05
56820 65210 64895 -0.00554382
57998 64384 64234 -0.0025863
60393 65444 65635 0.00316262
57206 65222 65229 0.000122365
54219 64643 64741 0.00180748
56251 64840 64593 -0.00439103
59336 65962 65580 -0.00643791
57610 63857 63894 0.00064225
56424 63847 63964 0.00207359
54727 65270 65310 0.000730901
58340 65432 65426 -0.000102845
58008 65867 65549 -0.005482
58628 66711 66058 -0.011138
57615 64324 64329 8.6783e-05
59395 65889 65980 0.00153212
58833 64212 64403 0.00324648
60195 66820 66857 0.000614669
58246 66726 66665 -0.00104728
57188 64519 64506 -0.00022732
58008 65769 65828 0.0010171
55483 64590 64774 0.00331633
56398 65115 64867 -0.00439732
56253 65203 65024 -0.00318205
58213 65162 65200 0.000652775
56658 64287 64174 -0.00199442
56373 63559 63546 -0.000230607
56390 65200 65634 0.0076964
57697 64069 64164 0.00164653
54388 64015 64221 0.0037876
57962 64513 64517 6.90107e-05
55284 64352 64224 -0.00231532
59334 67120 67037 -0.00139886
57461 64764 64829 0.0011312
58157 64102 64590 0.00839108
54631 62855 63116 0.00477751
58301 64507 64586 0.00135504
58607 64461 64398 -0.00107496
58513 64448 64613 0.00281989
55820 64752 65407 0.0117341
58708 67819 67826 0.000119234
57134 64463 64631 0.00294046
54402 65726 66136 0.00753649
55721 63722 63638 -0.00150751
58544 64719 64625 -0.00160563
58012 66842 66426 -0.00717093
57779 66674 66805 0.00226726
56071 64201 64089 -0.00199747
57562 66371 66403 0.000555922
59342 66319 66053 -0.00448249
58837 65829 65562 -0.00453796
56453 64157 64250 0.00164739
56133 65217 65200 -0.000302852
56861 65998 65902 -0.00168833
56351 63970 63741 -0.00406381
60783 67509 67509 0
55234 65874 66068 0.00351233
57706 63907 63087 -0.01421
55368 63075 63994 0.016598
57699 66085 65996 -0.00154249
55396 63771 63814 0.000776229
55641 63611 64121 0.0091659
57262 63988 64071 0.00144948
57900 66852 66806 -0.000794473
55710 64775 64904 0.00231556
55089 63759 63457 -0.00548204
56316 65519 65491 -0.000497194
57956 65457 65954 0.00857547
55925 64164 63756 -0.00729549
57828 65852 65933 0.00140071
55524 65095 64913 -0.00327786
55819 64433 63935 -0.00892169
57342 64688 64623 -0.00113355
58474 66318 66368 0.000855081
59901 66300 66187 -0.00188645
58853 65443 65250 -0.00327936
54545 65292 65203 -0.00163168
58163 66716 66501 -0.00369651
57358 65771 65567 -0.00355661
58690 65704 65590 -0.00194241
57512 66592 66583 -0.000156489
56417 64802 64802 0
58054 66178 66122 -0.000964619
57214 65524 65431 -0.00162548
56149 64856 64722 -0.00238651
59458 64660 63909 -0.0126308
56939 65274 65226 -0.000843007
58593 65704 65509 -0.00332804
57085 65129 64767 -0.00634142
57939 66253 66209 -0.000759419
60478 66972 67085 0.00186845
58583 65452 65167 -0.00486489
55834 65398 65398 0
57106 65199 65098 -0.00176864
60105 65966 65847 -0.00197987
57166 65155 65116 -0.000682224
56667 63823 63810 -0.00022941
59208 65969 65856 -0.00190853
57239 63188 63052 -0.002376
57391 66222 66042 -0.00313638
57958 64966 65088 0.00210497
57469 63963 64424 0.00802172
57130 66000 66000 0
57905 64937 65244 0.00530179
58791 66987 66804 -0.00311272
53495 64255 64191 -0.00119637
57600 65698 65278 -0.00729167
57564 64005 63939 -0.00114655
57442 66360 66248 -0.00194979
59612 66076 66559 0.0081024
56581 63702 63346 -0.00629186
58187 66398 66107 -0.00500112
54460 63698 63661 -0.000679398
56015 65626 65729 0.00183879
56675 65174 65178 7.05779e-05
56187 64831 64552 -0.00496556
55797 64497 64121 -0.00673871
57168 66577 66577 0
57392 64506 64408 -0.00170756
57487 63270 63442 0.00299198
57984 65308 65228 -0.00137969
57791 65956 65945 -0.000190341
57826 63984 64334 0.00605264
58064 65368 65267 -0.00173946
56396 64460 64579 0.00211008
57136 65141 65105 -0.000630076
57441 65788 65908 0.0020891
54534 62998 62384 -0.011259
54991 63329 63696 0.00667382
56968 63846 63544 -0.00530122
57639 67695 67656 -0.000676625
54756 64964 65097 0.00242896
57530 66378 66067 -0.00540588
57987 66062 65867 -0.00336282
57405 64002 64272 0.00470342
56817 63985 64221 0.00415369
58989 65857 65888 0.000525522
59009 65223 64965 -0.00437221
58527 65460 64991 -0.0080134
59306 65580 65966 0.00650862
58275 64234 64508 0.00470184
58074 65446 65509 0.00108482
59233 65914 66002 0.00148566
58406 66175 66175 0
55144 62883 62763 -0.00217612
57265 64391 63998 -0.00686283
56031 64230 64507 0.00494369
58417 65197 64842 -0.006077
55036 62679 62672 -0.000127189
55716 62408 62345 -0.00113073
56868 64307 64307 0
56377 64821 64770 -0.000904624
57020 64302 64345 0.000754121
58365 65676 65591 -0.00145635
58692 65169 65283 0.00194234
56147 64550 64709 0.00283185
58229 65988 65644 -0.00590771
56442 62818 62221 -0.0105772
55390 63872 64069 0.0035566
56259 65932 66013 0.00143977
57718 65817 65636 -0.00313594
58026 63742 63671 -0.00122359
56746 63234 63580 0.00609735
56646 66280 65902 -0.00667302
58856 67427 67514 0.00147818
56571 63866 63658 -0.0036768
56655 63629 63519 -0.00194158
57869 64580 64552 -0.000483851
56854 64225 64256 0.000545256
57104 64471 64664 0.0033798
58564 65709 66032 0.00551533
56930 65149 64580 -0.00999473
58869 65998 65754 -0.0041448
56769 66675 66739 0.00112738
58002 65715 65557 -0.00272404
57636 64925 64892 -0.000572559
59426 64416 64304 -0.0018847
58283 66183 65967 -0.00370605
58260 64568 64639 0.00121867
55359 64050 64076 0.000469662
59490 66996 66814 -0.00305934
56289 64840 64783 -0.00101263
55660 63728 63855 0.00228171
57550 65325 65421 0.00166811
54940 63059 63117 0.0010557
55001 65390 64954 -0.00792713
58585 66655 66447 -0.0035504
55555 64868 64991 0.00221402
58856 66565 66550 -0.000254859
55725 63629 63629 0
56893 64560 64565 8.78843e-05
58356 65710 65401 -0.00529509
58430 64107 64259 0.0026014
53643 65504 65251 -0.00471637
58356 66933 66693 -0.00411269
56150 65423 65407 -0.000284951
55119 65054 65063 0.000163283
59988 66706 66883 0.00295059
57970 64793 64694 -0.00170778
59831 66634 66789 0.00259063
57503 64662 64710 0.000834739
53209 64737 64807 0.00131557
57976 64787 64695 -0.00158686
57359 65183 64730 -0.00789763
54582 63673 63705 0.000586274
56575 63636 63709 0.00129032
58252 66140 66165 0.00042917
54881 62775 62977 0.00368069
59001 66194 66187 -0.000118642
57319 65313 64811 -0.008758
57766 64697 64894 0.00341031
56946 64127 64143 0.000280968
57564 65625 65625 0
56429 64155 64484 0.00583034
60111 67014 66967 -0.000781887
56765 64276 63797 -0.0084383
56345 63044 63074 0.000532434
56329 63229 62215 -0.0180014
58604 67541 67165 -0.00641594
54207 63829 63947 0.00217684
56545 64168 63943 -0.00397913
58237 65558 65993 0.00746948
57779 63850 63897 0.000813444
57897 65681 65687 0.000103632
54245 62400 62444 0.000811135
55197 63678 63411 -0.00483722
55810 64297 64055 -0.00433614
57049 64917 64868 -0.000858911
57003 65154 65287 0.00233321
56538 64824 64643 -0.00320139
56032 65918 65463 -0.00812036
59341 65749 65884 0.00227499
58161 65107 65335 0.00392015
58068 66337 65926 -0.00707791
55113 64096 64078 -0.000326602
58777 65328 65269 -0.00100379
56383 64239 64155 -0.00148981
58340 65969 65968 -1.71409e-05
57188 64248 64789 0.00946003
56862 64662 64678 0.000281383
56137 65139 65187 0.000855051
55711 63103 63222 0.00213602
56228 64459 64509 0.000889237
57456 65696 65606 -0.00156642
58304 64232 64392 0.00274424
55276 64156 63860 -0.00535495
56694 66002 65675 -0.00576781
55599 63742 63196 -0.00982032
55283 62674 62585 -0.0016099
57051 63959 63959 0
58324 65570 65545 -0.00042864
56794 64139 63778 -0.00635631
58602 65459 65366 -0.00158698
57503 65207 65421 0.00372154
57682 64859 65088 0.00397004
57750 65742 65396 -0.00599134
57268 65630 65648 0.000314312
56944 65305 65305 0
59848 66144 66358 0.00357573
56765 65940 65444 -0.00873778
56261 65113 64951 -0.00287944
56104 64429 64669 0.00427777
55626 64657 64610 -0.000844929
57057 64841 64781 -0.00105158
56433 64830 65310 0.00850566
56453 64329 64782 0.00802437
57971 65211 65177 -0.0005865
57090 65877 65732 -0.00253985
57569 65172 64816 -0.00618388
58090 64610 64531 -0.00135996
56588 64098 64450 0.0062204
59443 67036 66897 -0.00233837
59680 66490 67197 0.0118465
57339 65302 65256 -0.000802246
57602 65130 64501 -0.0109198
56619 64164 64169 8.83096e-05
57036 64915 64968 0.000929238
59228 65609 65706 0.00163774
59319 67185 67157 -0.000472024
55800 64328 64325 -5.37634e-05
60397 67542 67654 0.0018544
59746 67114 67114 0
58834 66374 66203 -0.00290648
55506 63855 63151 -0.0126833
58008 64495 64341 -0.00265481
56681 64976 65148 0.00303453
57434 64846 64744 -0.00177595
57418 64434 64664 0.00400571
58254 65276 64895 -0.00654032
57329 64210 64107 -0.00179665
56121 64545 64641 0.00171059
55430 62900 62913 0.00023453
56251 63882 63903 0.000373327
57094 64466 64738 0.00476407
56822 65159 64964 -0.00343177
57863 65437 65437 0
58185 66003 66458 0.00781988
56901 66239 66302 0.00110719
58976 66719 66762 0.00072911
58228 65833 65785 -0.000824346
57649 65737 65620 -0.00202952
56288 63127 63129 3.55316e-05
58116 65446 65261 -0.00318329
57990 65454 65506 0.000896706
59025 65831 65836 8.47099e-05
58299 65550 64169 -0.0236882
56223 63609 63660 0.000907102
57273 65910 66052 0.00247935
56418 65900 65754 -0.00258783
57748 66008 65584 -0.00734225
58285 66520 66411 -0.00187012
56639 65725 65171 -0.00978125
56723 64543 64496 -0.000828588
57523 65741 65627 -0.00198182
54880 64479 64438 -0.000747085
59030 64955 65155 0.00338811
57514 66706 66674 -0.000556386
55408 64323 64436 0.00203942
60430 66675 66451 -0.00370677
59371 67605 67655 0.000842162
60314 65943 65686 -0.00426103
58138 65060 64929 -0.00225326
56387 64231 64297 0.00117048
54888 63221 63437 0.00393529
56276 65780 65839 0.0010484
58218 64851 64737 -0.00195816
56592 64129 64383 0.00448827
55934 65693 64680 -0.0181106
57222 64904 64320 -0.0102059
57859 65222 65066 -0.00269621
59785 66452 66629 0.00296061
55189 63661 63572 -0.00161264
58165 64947 65093 0.0025101
56000 63737 63532 -0.00366071
55533 63532 63516 -0.000288117
59304 66455 66435 -0.000337245
55649 65861 65862 1.79698e-05
57831 65031 64696 -0.00579274
55824 66057 66157 0.00179134
57286 64919 64942 0.000401494
58461 64830 64696 -0.00229213
55852 66326 66214 -0.0020053
55938 65964 65693 -0.00484465
57410 64841 64841 0
56206 65229 64750 -0.00852222
56745 63716 63719 5.28681e-05
57649 66091 66399 0.00534268
60234 66471 66657 0.00308796
53689 63601 63726 0.00232822
55346 63657 63762 0.00189716
59884 66995 67131 0.00227106
56537 65383 65394 0.000194563
57463 65837 65434 -0.00701321
57112 64774 64776 3.50189e-05
58210 66356 66408 0.000893317
60704 66506 66471 -0.000576568
59532 66947 66826 -0.00203252
57902 64988 65273 0.00492211
57717 64272 64576 0.00526708
56730 64047 64422 0.00661026
55598 63955 64097 0.00255405
56874 65260 65193 -0.00117804
58444 63912 63721 -0.00326809
57322 64866 64778 -0.00153519
55452 64611 63901 -0.0128039
57106 64484 64223 -0.00457045
56778 64647 64767 0.00211349
55912 63715 63756 0.000733295
54525 64557 64499 -0.00106373
56629 64573 64252 -0.00566847
57380 63218 63125 -0.00162077
58857 66726 66782 0.000951459
56907 63558 63460 -0.00172211
58524 66539 66477 -0.00105939
59013 65759 65879 0.00203345
58903 66218 66244 0.000441404
57491 64666 64913 0.00429632
56873 64650 64694 0.000773654
57032 65644 65943 0.00524267
55817 63746 63275 -0.00843829
56382 63589 63660 0.00125927
56825 64312 64544 0.00408271
57433 65142 64533 -0.0106037
57848 65414 65244 -0.00293874
58399 64549 64313 -0.00404117
57070 63503 63160 -0.00601016
56079 64442 64317 -0.002229
58394 64044 64180 0.00232901
56252 64676 64643 -0.000586646
57417 65089 65089 0
58244 67324 67508 0.00315912
57454 63866 64189 0.00562189
57357 65012 65008 -6.97387e-05
58135 67427 67427 0
58376 66197 66196 -1.71303e-05
57484 66015 66232 0.00377496
58265 65474 65530 0.000961126
56016 62781 62769 -0.000214225
57543 64937 64806 -0.00227656
57458 64736 65076 0.00591737
54227 64604 64563 -0.000756081
57937 66952 66853 -0.00170875
56880 64141 64380 0.00420183
55744 63775 63527 -0.00444891
56883 63665 63430 -0.00413129
58518 65423 65451 0.000478485
56423 63211 63878 0.0118214
58236 65244 64885 -0.00616457
56853 64290 64029 -0.00459079
57454 64485 64548 0.00109653
54333 63756 63705 -0.000938656
54936 63899 63931 0.000582496
57408 64652 64698 0.000801282
56998 64098 64127 0.00050879
57263 63846 63689 -0.00274174
57352 63816 63709 -0.00186567
56471 65522 65522 0
58136 64815 65212 0.00682882
57340 65916 65845 -0.00123823
55253 64889 64733 -0.00282338
56083 64541 64603 0.0011055
55504 64006 64021 0.000270251
56213 64351 64130 -0.00393147
55197 65248 65200 -0.000869612
56293 62919 62690 -0.004068
59573 66737 66157 -0.00973595
57575 65326 65295 -0.000538428
57920 66803 66279 -0.00904696
58381 65007 65049 0.000719412
59070 66187 66438 0.0042492
57291 64929 65068 0.00242621
55751 64267 63212 -0.0189234
56889 66465 65810 -0.0115136
57682 63790 63581 -0.00362331
57111 62712 63432 0.012607
58341 67229 67197 -0.000548499
58083 65551 65317 -0.00402872
57521 64569 64686 0.00203404
58167 65584 65311 -0.00469338
56619 64331 64483 0.00268461
57094 64703 64650 -0.000928294
57185 64755 64775 0.000349742
55808 64290 64285 -8.95929e-05
58126 65934 65875 -0.00101504
58020 63530 62972 -0.00961737
59000 67382 67493 0.00188136
60494 67211 67201 -0.000165306
58562 67417 67501 0.00143438
59003 64584 64893 0.00523702
57905 64689 63833 -0.0147828
57404 66713 66538 -0.00304857
58331 65399 64875 -0.00898322
57626 64720 64714 -0.00010412
57176 64710 64389 -0.00561424
57208 64713 64448 -0.00463222
59039 65729 65542 -0.0031674
57724 66661 66661 0
57612 65271 65494 0.00387072
57475 65232 65383 0.00262723
55351 64771 64649 -0.00220412
57334 65644 65785 0.00245927
57347 64251 64073 -0.00310391
56102 64687 64488 -0.00354711
57799 65216 65275 0.00102078
57040 64091 64206 0.00201613
56442 66197 66100 -0.00171858
57412 64225 64388 0.00283913
55926 63523 63817 0.00525695
59116 65320 65293 -0.000456729
57127 63591 63403 -0.00329091
57115 65202 65008 -0.00339666
55734 65091 65062 -0.000520329
58431 64612 64836 0.00383358
57944 64692 64629 -0.00108726
57664 64677 64925 0.00430078
55828 65441 65088 -0.00632299
58625 65279 65272 -0.000119403
56172 62966 63152 0.00331126
57731 65197 65259 0.00107395
55681 65116 64926 -0.0034123
57654 66314 66419 0.00182121
54823 65088 64729 -0.00654835
55251 64897 64653 -0.00441621
56259 65117 65071 -0.000817647
58718 65716 65696 -0.000340611
55554 65644 65733 0.00160204
56273 64097 64445 0.00618414
57374 64159 64266 0.00186496
57488 64965 65312 0.00603604
57638 64306 64770 0.00805024
57999 65707 65969 0.00451732
54137 63846 63471 -0.00692687
55124 63992 63151 -0.0152565
57624 65036 65442 0.00704568
55687 65171 65079 -0.00165209
58429 64895 64915 0.000342296
56254 63822 64452 0.0111992
56622 65449 65960 0.00902476
55917 66163 66315 0.00271831
58071 66399 66214 -0.00318576
56972 65361 64866 -0.00868848
57888 63206 64033 0.0142862
59209 67052 66342 -0.0119914
56358 65340 65547 0.00367295
55064 63788 63559 -0.0041588
58815 65469 65668 0.00338349
57383 65787 65445 -0.00595995
56614 63076 63111 0.000618222
58425 65409 65113 -0.00506632
59276 65468 65416 -0.000877252
57418 65056 65314 0.00449336
55707 64565 64249 -0.00567254
58038 65995 65997 3.44602e-05
59359 65965 65843 -0.00205529
57462 64384 64408 0.000417667
56547 64314 64147 -0.0029533
57047 65265 64810 -0.00797588
59103 66112 65868 -0.00412839
54762 62796 62446 -0.00639129
56669 66612 67021 0.00721735
59138 66057 66386 0.00556326
59698 67222 67252 0.000502529
55339 64347 64273 -0.00133721
58067 63974 64115 0.00242823
60044 66360 66073 -0.00477983
57970 63644 63237 -0.00702087
58724 63833 63913 0.00136231
58871 65605 66249 0.0109392
56649 65961 65914 -0.00082967
55726 65917 65818 -0.00177655
58385 66942 66628 -0.00537809
58162 65359 65749 0.00670541
57443 65333 64537 -0.0138572
55788 63701 63863 0.00290385
57009 64141 63928 -0.00373625
57989 65147 65096 -0.000879477
60033 67305 66713 -0.00986124
57981 64477 64064 -0.00712302
59005 64064 63849 -0.00364376
57344 66811 67245 0.00756836
55252 63996 64183 0.00338449
58622 64238 64800 0.00958684
59965 67610 68010 0.00667056
60849 67172 67158 -0.000230078
57413 65894 65943 0.000853465
58997 65552 65619 0.00113565
58714 65783 65834 0.000868617
56774 64480 64238 -0.00426251
56763 63860 64344 0.00852668
56462 64312 64348 0.000637597
54848 62208 61973 -0.00428457
55744 64254 64184 -0.00125574
58099 64685 64836 0.00259901
55997 64405 64043 -0.00646463
59821 66265 66310 0.000752244
57523 66077 66138 0.00106045
58060 66439 66069 -0.00637272
57580 65412 65229 -0.00317819
56521 65758 65929 0.00302542
58266 65729 65546 -0.00314077
55914 65696 65863 0.00298673
59105 66691 66687 -6.76762e-05
54958 65195 65045 -0.00272936
57268 66792 66756 -0.000628623
57399 65923 66186 0.00458196
54350 64235 64121 -0.00209752
55141 66493 66211 -0.00511416
58358 67388 67258 -0.00222763
57644 65036 64993 -0.000745958
57219 65442 65381 -0.00106608
56871 64420 64554 0.00235621
56597 64902 65176 0.00484125
56529 66150 66071 -0.00139751
56374 63670 63708 0.00067407
58840 66826 66776 -0.000849762
56448 64791 64868 0.00136409
55020 64409 64292 -0.0021265
57772 65314 65336 0.000380807
55446 63708 63660 -0.000865707
57420 65441 65940 0.00869035
56372 64457 64306 -0.00267863
56116 63287 63761 0.00844679
56683 65982 65917 -0.00114673
57147 64949 64945 -6.99949e-05
56817 66080 65794 -0.0050337
55337 64257 64198 -0.00106619
57762 65210 65557 0.00600741
57817 64478 64626 0.0025598
57995 65214 65089 -0.00215536
55473 64317 64452 0.00243362
57543 64497 64823 0.00566533
58055 64702 64720 0.000310051
57305 63946 64049 0.0017974
57496 64832 65198 0.00636566
59210 67188 66918 -0.00456004
58259 65517 65489 -0.000480612
55322 64667 64175 -0.00889339
58181 65399 64892 -0.00871419
56751 65575 65767 0.0033832
58102 64248 64082 -0.00285704
58388 66232 66358 0.00215798
58518 65901 65716 -0.00316142
55362 63588 63644 0.00101152
56788 66118 66233 0.00202508
59844 66472 66263 -0.00349241
59311 66269 66428 0.00268078
57788 65982 65986 6.92185e-05
58188 63955 63885 -0.001203
58618 63666 63750 0.00143301
57688 65712 65677 -0.000606712
57252 65344 65497 0.0026724
54366 65950 65878 -0.00132436
57025 63645 63645 0
57280 64915 65153 0.00415503
56668 64884 65029 0.00255876
58092 65732 65672 -0.00103284
56150 64072 64020 -0.000926091
57378 65684 65658 -0.000453135
56875 65632 65796 0.00288352
55330 62335 62415 0.00144587
57960 65889 65547 -0.00590062
55771 63876 63787 -0.00159581
57142 65159 65129 -0.000525008
55281 64678 63299 -0.0249453
