43154 49278 49359 0.001877
41142 49304 49304 0
44090 50045 48988 -0.0239737
44173 50390 50410 0.000452765
42606 49891 49876 -0.000352063
43382 49864 49796 -0.00156747
43259 50143 50160 0.000392982
43021 50043 49708 -0.00778689
42494 49120 49396 0.00649503
41835 48677 48095 -0.0139118
43080 49442 49450 0.000185701
42838 49086 49356 0.00630282
41776 47348 47691 0.00821046
41426 51297 51310 0.000313813
43561 49635 49729 0.00215789
42561 48471 48965 0.0116069
42019 49904 50047 0.00340322
42023 50591 50413 -0.00423578
41820 48555 48560 0.00011956
43710 50345 50649 0.00695493
43081 49742 49794 0.00120703
43631 49426 49496 0.00160436
41877 48643 48511 -0.00315209
43817 49030 48911 -0.00271584
42800 49663 49671 0.000186916
43086 49712 49711 -2.32094e-05
44720 49783 49916 0.00297406
44611 51432 51553 0.00271234
43248 49115 49239 0.00286718
43084 49861 49739 -0.00283168
43934 50593 50290 -0.00689671
41227 49042 48978 -0.00155238
43067 49540 49654 0.00264704
41890 48984 49429 0.0106231
41822 48729 48884 0.00370618
41337 48726 48667 -0.00142729
42895 49150 49577 0.00995454
43495 51057 50987 -0.00160938
43047 50658 50545 -0.00262504
43490 49176 49176 0
45519 51409 51569 0.00351502
42619 50494 50561 0.00157207
42046 50181 50157 -0.000570803
43430 49910 49444 -0.0107299
42487 48495 48516 0.000494269
45745 50892 51214 0.00703902
45212 50489 50450 -0.000862603
42488 50131 50515 0.00903785
42887 49076 49165 0.00207522
42106 48908 48711 -0.00467867
41390 48683 48459 -0.00541194
44662 49529 49553 0.00053737
41665 48331 48793 0.0110884
43293 49758 49989 0.00533574
43112 50724 50700 -0.00055669
44102 49710 49857 0.00333318
43589 50101 50101 0
44060 50868 50755 -0.00256468
43571 49973 50001 0.000642629
43082 48756 48626 -0.0030175
41958 49997 49830 -0.00398017
41491 48809 48814 0.000120508
43563 51105 50950 -0.00355807
43861 50857 50413 -0.0101229
41701 46719 47426 0.016954
41001 49300 49013 -0.00699983
42212 49690 49437 -0.00599356
44267 49820 49460 -0.00813247
41999 49031 48983 -0.00114288
44138 49043 49178 0.00305859
43558 49747 49618 -0.00296157
41957 49591 49602 0.000262173
42482 51138 51546 0.00960407
41895 49451 49363 -0.00210049
40914 47974 48066 0.00224862
40634 47761 47405 -0.00876114
40988 48929 48705 -0.00546501
44536 49987 49987 0
44184 50804 50601 -0.00459442
42817 50045 50178 0.00310624
41722 47800 47693 -0.00256459
44054 49484 49472 -0.000272393
42690 48620 48620 0
43656 48344 48189 -0.00355049
44717 50337 50349 0.000268354
42677 50374 50108 -0.00623287
42473 48469 48706 0.00558002
44064 51018 50959 -0.00133896
44283 50712 50788 0.00171623
44531 51150 50731 -0.00940918
45031 51480 51547 0.00148786
44283 50872 50644 -0.0051487
44682 50601 50621 0.000447608
41515 48510 48585 0.00180658
43207 50799 50846 0.00108779
42754 48768 48692 -0.00177761
44104 48682 48771 0.00201796
42603 50214 49842 -0.00873178
42632 49097 48949 -0.00347157
43319 48866 48799 -0.00154667
41577 50995 51013 0.000432932
44922 51062 50504 -0.0124215
43609 50235 50182 -0.00121535
45979 50042 50046 8.69962e-05
42357 50569 50569 0
44050 50771 50871 0.00227015
43088 48933 48547 -0.00895841
40948 49591 49596 0.000122106
41822 49041 49264 0.00533212
45201 51172 50921 -0.00555297
44037 50326 49559 -0.0174172
43506 48752 48486 -0.0061141
44097 50138 50084 -0.00122457
42843 49233 49529 0.00690895
42666 47357 47069 -0.00675011
41618 48905 48594 -0.00747273
42810 48927 48921 -0.000140154
42754 50131 50120 -0.000257286
45919 50635 51181 0.0118905
44384 50216 50050 -0.00374009
43789 49742 49719 -0.000525246
42440 49560 49535 -0.000589067
43508 50267 50284 0.000390733
42180 48728 48692 -0.000853485
42286 50343 50574 0.0054628
43362 50118 49701 -0.00961672
42201 49549 49381 -0.00398095
44892 50598 50631 0.000735098
42582 49479 49088 -0.00918228
44034 51236 51369 0.00302039
43357 50556 50229 -0.00754203
43722 50997 51102 0.00240154
42243 49369 49474 0.00248562
43399 50435 50205 -0.00529966
43511 50648 50809 0.00370021
41433 49957 49797 -0.00386166
42106 50078 50237 0.00377618
43970 50578 50547 -0.000705026
41800 48449 48300 -0.00356459
43196 50495 50415 -0.00185202
42074 48431 48621 0.00451585
43122 48718 48982 0.00612217
42064 47775 47760 -0.000356599
43929 49357 49303 -0.00122926
43065 49742 49805 0.0014629
43458 50616 50664 0.00110451
45036 50395 50345 -0.00111022
42647 48482 48475 -0.000164138
43339 50759 50057 -0.0161979
41982 48736 48701 -0.000833691
43259 49973 49182 -0.0182852
44452 49064 48679 -0.00866103
42230 48825 48436 -0.00921146
42599 48363 48053 -0.00727717
41619 49473 49560 0.00209039
41970 49660 50050 0.00929235
41704 48333 48695 0.00868022
41627 49370 49091 -0.00670238
42029 49106 49141 0.000832758
43111 48981 48881 -0.00231959
44424 50329 50483 0.00346659
42891 50473 50068 -0.00944254
42694 50174 50231 0.00133508
44514 50385 50377 -0.000179719
41641 48938 48938 0
42519 49712 49713 2.35189e-05
45045 50436 50436 0
43448 50629 50319 -0.00713497
43162 50665 50879 0.00495806
42664 50428 50330 -0.00229702
42609 49474 49354 -0.00281631
44139 50494 50289 -0.00464442
43106 49811 49999 0.00436134
43335 48698 48685 -0.000299988
44398 51013 51146 0.00299563
43481 50619 50149 -0.0108093
43014 49396 49750 0.00822988
42519 49585 49585 0
44079 50077 49934 -0.00324418
44125 49034 48520 -0.0116487
43260 50818 50887 0.00159501
44240 49170 49150 -0.00045208
43689 49148 49428 0.00640894
41977 48582 49065 0.0115063
43577 51133 51044 -0.00204236
45170 51077 50709 -0.008147
41024 48207 48543 0.00819033
42360 48278 48249 -0.000684608
43536 50614 50466 -0.00339949
44770 51331 51331 0
41281 48809 48572 -0.00574114
44008 49988 50241 0.00574895
44524 49608 49889 0.0063112
44729 50955 50945 -0.000223569
44669 50012 49876 -0.00304462
41982 48976 48755 -0.00526416
43481 49538 49791 0.00581863
44539 48142 48516 0.00839714
41966 48899 48899 0
42712 49726 49558 -0.00393332
44265 52476 52491 0.000338868
45570 49625 50258 0.0138907
41705 49902 49905 7.19338e-05
43576 51074 50728 -0.00794015
43793 50171 50174 6.85041e-05
41594 47021 46825 -0.00471222
42274 49683 49631 -0.00123007
42797 50137 50158 0.000490689
43090 48613 48409 -0.00473428
42486 49858 49618 -0.00564892
41615 46591 46707 0.00278746
44104 51400 51376 -0.000544168
44828 49632 49830 0.00441688
43771 51161 50964 -0.0045007
42612 49371 49440 0.00161926
43380 49002 49049 0.00108345
41862 49458 48972 -0.0116096
43100 49963 49963 0
42716 49762 49770 0.000187283
43465 50783 50657 -0.00289888
43621 50495 50571 0.00174228
42588 49026 48955 -0.00166714
45689 51709 51506 -0.00444308
41103 48074 48002 -0.0017517
44360 50176 50192 0.000360685
42547 49867 49786 -0.00190378
43332 49261 49259 -4.61553e-05
43547 48842 48740 -0.0023423
42949 50255 50241 -0.000325968
44899 50167 49782 -0.0085748
45037 50660 50601 -0.00131003
42306 50259 50409 0.0035456
43977 51332 51332 0
43117 48786 48947 0.00373403
41645 49047 49013 -0.000816425
41368 48613 48598 -0.000362599
43156 50565 50436 -0.00298916
42720 49387 49412 0.000585206
42471 50154 50190 0.000847637
42675 49918 49834 -0.00196837
42431 48992 48917 -0.00176758
42723 49505 49493 -0.000280879
41044 48161 48228 0.00163239
43026 47751 48077 0.00757681
45442 51283 50826 -0.0100568
44245 51702 51702 0
42333 48308 48853 0.0128741
41222 48981 48993 0.000291107
42649 48854 48944 0.00211025
43394 47994 48359 0.0084113
41877 47325 47536 0.00503857
43247 50167 50276 0.00252041
43747 49783 49739 -0.00100578
41580 47530 47369 -0.00387205
42069 48500 48408 -0.00218688
44898 49882 49962 0.00178182
42071 49524 49626 0.00242447
42943 49929 49302 -0.0146007
42930 50215 50273 0.00135104
43716 49415 49452 0.000846372
43581 48199 48266 0.00153737
43913 50000 49905 -0.00216337
43022 50251 50145 -0.00246386
42084 48754 48784 0.00071286
44147 51229 51112 -0.00265024
42456 49137 48864 -0.00643019
42215 49946 49900 -0.00108966
42833 49751 50128 0.00880162
44061 49733 49477 -0.00581013
44996 48458 48434 -0.000533381
44975 50553 50889 0.00747082
42418 48939 48681 -0.00608232
43146 48551 48802 0.00581746
43523 50301 50348 0.00107989
44043 51685 51334 -0.00796948
44547 50199 50284 0.0019081
43946 50360 50283 -0.00175215
41326 47670 47401 -0.00650922
44014 50907 51053 0.00331713
41784 50728 50721 -0.000167528
44685 50029 49796 -0.00521428
40877 47715 47870 0.00379186
43584 47897 47658 -0.00548366
44575 50365 50200 -0.00370163
40923 48864 48905 0.00100188
42391 50143 50180 0.000872827
41626 47980 47628 -0.00845625
42769 51476 51392 -0.00196404
40528 49117 49181 0.00157916
42768 49748 49591 -0.00367097
42073 49720 49555 -0.00392176
42970 49119 49529 0.00954154
42005 48226 48605 0.00902274
45839 49447 49523 0.00165798
44208 50420 50107 -0.00708017
42836 49372 49543 0.00399197
44100 51384 51314 -0.0015873
42028 49014 48737 -0.00659084
44790 50838 50713 -0.0027908
42756 49823 50126 0.00708672
42569 48222 48085 -0.0032183
43740 50181 50563 0.00873342
44057 50044 49304 -0.0167964
43889 50734 50561 -0.00394176
41468 48125 48731 0.0146137
43717 49250 49234 -0.00036599
43387 50388 50173 -0.0049554
42456 49762 49697 -0.001531
42141 49148 49246 0.00232553
41638 49583 49275 -0.00739709
43923 49745 49911 0.00377934
41235 48803 48668 -0.00327392
43820 49047 49154 0.00244181
42737 50564 50525 -0.000912558
43907 49111 49111 0
45037 51096 50617 -0.0106357
42012 49996 50011 0.000357041
42668 48277 48186 -0.00213275
43720 48740 49062 0.00736505
39941 48036 48168 0.00330487
41098 47624 47604 -0.000486642
40492 47642 47699 0.00140769
42855 50201 50235 0.000793373
42895 48880 49198 0.00741345
42636 49300 49923 0.0146121
40159 49232 49210 -0.000547822
42505 50512 50680 0.00395248
42210 49470 49471 2.36911e-05
42409 48581 48143 -0.010328
42850 50178 50521 0.00800467
43967 48722 48625 -0.0022062
43346 48507 47940 -0.0130808
43397 49035 48810 -0.00518469
43404 49593 49641 0.00110589
41137 47900 47342 -0.0135644
42395 49636 49819 0.00431655
42214 49654 49658 9.47553e-05
45345 51739 51476 -0.00579998
40895 48791 48720 -0.00173615
45400 50818 50588 -0.00506608
42979 50035 49966 -0.00160544
43316 49829 49633 -0.00452489
41801 49300 48920 -0.00909069
41702 48851 49066 0.00515563
43572 49597 49541 -0.00128523
44069 50265 50451 0.00422065
42852 50331 50331 0
42860 50271 50255 -0.000373308
43914 49024 49064 0.000910871
42849 48788 48723 -0.00151695
43231 50673 50762 0.00205871
43071 49846 49620 -0.00524715
41709 49288 49146 -0.00340454
42546 48830 49038 0.00488883
43322 49572 49655 0.00191589
43575 49711 50000 0.00663224
42989 48537 48244 -0.0068157
43652 50717 50932 0.00492532
42692 48834 48713 -0.00283425
40184 48955 49029 0.00184153
42541 48927 48580 -0.00815684
43247 50045 50018 -0.000624321
44341 49841 49728 -0.00254843
44701 51306 51216 -0.00201338
45294 50846 50938 0.00203117
43364 49793 49802 0.000207545
42682 48526 48526 0
42705 49645 49503 -0.00332514
41688 50054 50090 0.000863558
43964 50147 49984 -0.00370758
45817 52415 52428 0.000283737
44347 49384 49477 0.0020971
43467 49412 49056 -0.00819012
42428 51660 51634 -0.000612803
45125 50312 50549 0.00525208
42135 50159 50475 0.0074997
42408 49253 49329 0.00179211
43250 50138 50215 0.00178035
44130 49474 49568 0.00213007
45264 50431 50204 -0.00501502
43231 48928 49191 0.0060836
40597 49169 49249 0.00197059
41920 49139 49322 0.00436546
44698 49569 49680 0.00248333
42231 48177 48122 -0.00130236
42721 49061 48977 -0.00196625
40897 49187 48949 -0.0058195
43596 49909 49732 -0.00406001
43488 49605 49293 -0.00717439
43633 50657 51029 0.00852566
42595 48935 48711 -0.00525883
45251 50379 50352 -0.000596672
44473 49115 48867 -0.00557642
44817 51276 51088 -0.00419484
42947 50149 50273 0.00288728
41674 48919 48862 -0.00136776
43309 50250 50366 0.00267843
42216 49140 49111 -0.000686943
41910 49313 48918 -0.00942496
43086 49731 49826 0.00220489
43538 49898 49898 0
41891 48523 48585 0.00148003
42095 47835 47846 0.000261314
41864 49024 48911 -0.00269922
42975 48413 48945 0.0123793
41334 48459 48435 -0.000580636
43399 49537 49157 -0.00875596
41784 48572 48149 -0.0101235
45001 51619 51869 0.00555543
42404 48953 48966 0.000306575
42714 48220 48013 -0.00484619
42122 48474 48179 -0.00700347
43955 48881 48915 0.000773518
44738 50467 49894 -0.0128079
43741 49269 49392 0.00281201
40861 49839 50060 0.00540858
43378 51469 51420 -0.0011296
43353 48887 48901 0.00032293
40400 50293 50340 0.00116337
42031 48940 48952 0.000285504
44062 49968 49968 0
42544 50295 49604 -0.016242
42850 50908 50908 0
42131 48969 48914 -0.00130545
42548 50027 49848 -0.00420701
44108 50395 50509 0.00258457
45049 50443 50474 0.00068814
42200 50007 50024 0.000402844
42052 49065 48831 -0.00556454
43154 49655 49706 0.00118181
42942 48571 48796 0.00523963
46160 51095 51132 0.00080156
41474 50230 50151 -0.00190481
44074 48458 48684 0.00512774
42154 48364 48308 -0.00132846
43299 50132 49663 -0.0108317
41348 48838 48938 0.0024185
42304 49335 49718 0.00905352
43291 49350 48669 -0.0157308
43468 50657 50726 0.00158737
41484 49353 49556 0.00489345
41370 48835 48501 -0.00807348
41418 48242 48236 -0.000144865
43413 49590 49688 0.00225739
41375 48557 48636 0.00190937
42802 48972 49050 0.00182234
41225 50241 49739 -0.0121771
41094 48168 48290 0.0029688
43500 49418 49268 -0.00344828
43894 50584 50625 0.000934068
44688 49782 49599 -0.00409506
44716 49540 49936 0.00885589
40676 48892 48935 0.00105713
42660 50288 50288 0
43033 49740 49502 -0.00553064
43504 51174 50845 -0.00756252
44302 51700 51576 -0.00279897
42505 49118 49466 0.00818727
43089 50445 50754 0.0071712
42520 50393 50064 -0.00773754
42070 48564 48687 0.0029237
44678 49623 49555 -0.001522
42611 49908 49531 -0.00884748
43609 49484 49527 0.000986035
42228 49774 49515 -0.00613337
44374 51812 51189 -0.0140398
46315 52263 51966 -0.00641261
44027 49142 49282 0.00317987
42648 50155 50099 -0.00131307
42745 49451 49685 0.00547432
45361 50017 49714 -0.00667975
42500 49083 49017 -0.00155294
42766 49102 48779 -0.00755273
44984 51130 51073 -0.00126712
42341 47626 47603 -0.000543209
43412 50630 49754 -0.0201788
42562 49038 48824 -0.00502796
43604 49292 49444 0.00348592
43689 50628 50098 -0.0121312
42138 49346 49350 9.49262e-05
44067 51171 51062 -0.00247351
40722 48589 48561 -0.000687589
43121 50196 50146 -0.00115953
43840 48783 48739 -0.00100365
42471 50272 50378 0.00249582
44171 50273 50553 0.006339
43650 50202 50236 0.000778923
42855 50585 50743 0.00368685
40012 49347 49230 -0.00292412
42173 49837 49858 0.000497949
42743 49549 49692 0.00334558
42341 49532 49474 -0.00136983
41421 48887 48718 -0.00408006
42391 50661 50639 -0.000518978
41941 48619 48790 0.00407716
43215 48226 48914 0.0159204
43501 49555 49566 0.000252868
42144 49929 49616 -0.00742692
42750 49221 49161 -0.00140351
43162 49077 49052 -0.000579213
41663 48548 48512 -0.000864076
43576 49703 49921 0.00500275
42842 50755 50812 0.00133047
40311 47718 47593 -0.00310089
40768 48091 48151 0.00147174
42651 47915 48064 0.00349347
42972 51405 51442 0.000861026
41914 50270 50411 0.00336403
43726 50984 50942 -0.000960527
42785 49933 49892 -0.00095828
42601 48429 48293 -0.00319241
43176 49797 49873 0.00176024
43409 50490 50381 -0.002511
44343 50390 50532 0.00320231
44843 49717 49741 0.000535201
44151 49855 49699 -0.00353333
44919 49798 49625 -0.00385138
44088 51228 50204 -0.0232263
43360 49638 49623 -0.000345941
44039 50188 50272 0.0019074
41142 48569 48620 0.00123961
42105 49109 48564 -0.0129438
41967 49198 48878 -0.00762504
44295 49644 49405 -0.00539564
41778 48687 48716 0.000694145
42451 47715 47696 -0.000447575
42074 48362 48370 0.000190141
42443 49788 49857 0.00162571
42598 48424 48581 0.00368562
44161 49806 50153 0.00785761
43946 48781 48519 -0.00596186
42607 49586 49514 -0.00168986
44103 51005 50945 -0.00136045
41369 47644 47563 -0.00195799
41389 48273 48444 0.00413153
42121 49924 49834 -0.0021367
43608 50677 50287 -0.00894331
43806 48930 49254 0.00739625
42250 47978 47990 0.000284024
41498 49559 49388 -0.00412068
43227 50655 50845 0.0043954
41915 48001 48353 0.00839795
42883 48398 48081 -0.00739221
43860 49633 49657 0.000547196
42396 48225 48626 0.00945844
43118 49270 49195 -0.00173941
44159 49388 49590 0.00457438
43612 50326 50182 -0.00330184
44801 50819 50944 0.00279012
42402 50546 50653 0.00252347
44207 49941 49739 -0.00456941
43656 49953 49480 -0.0108347
44690 48643 48738 0.00212576
44075 49235 49205 -0.000680658
43674 48730 48557 -0.00396117
41673 49546 49576 0.000719891
45071 51421 51339 -0.00181935
42362 49575 49253 -0.00760115
42769 49362 49472 0.00257196
42333 48975 49036 0.00144096
40190 48244 48278 0.000845982
41310 49342 49391 0.00118615
45064 51038 51163 0.00277383
41427 50448 50553 0.00253458
44389 50516 50748 0.00522652
41211 48790 48323 -0.0113319
42610 48867 49105 0.00558554
43689 49374 50057 0.0156332
45197 49676 49522 -0.00340731
40189 50064 50064 0
44056 51245 51363 0.00267841
42467 50439 50484 0.00105965
41906 49333 49277 -0.00133632
45168 49983 50190 0.00458289
44176 50188 50152 -0.000814922
45091 51058 51058 0
43417 49913 49545 -0.00847594
38596 48297 48236 -0.00158047
42533 49562 49536 -0.00061129
42009 49448 49354 -0.00223762
41163 48167 48266 0.00240507
43572 49465 49676 0.00484256
44074 50205 50650 0.0100967
41260 47946 48197 0.00608337
43666 50466 50515 0.00112215
43280 49760 49785 0.000577634
42991 49012 49178 0.00386127
42909 49461 49424 -0.00086229
42083 49889 49930 0.000974265
42341 48276 48512 0.00557379
46016 51343 50906 -0.0094967
43584 48918 48842 -0.00174376
42925 48147 48426 0.00649971
42412 48230 48305 0.00176837
44128 49946 50266 0.00725163
40882 48666 48201 -0.0113742
41788 48166 48257 0.00217766
43024 49761 49607 -0.0035794
42077 48528 47907 -0.0147587
43045 50203 50334 0.00304333
41215 48295 48295 0
41678 49569 49447 -0.0029272
42283 48914 48514 -0.00946007
42691 49461 49620 0.00372444
41273 49209 49258 0.00118722
42635 49556 49459 -0.00227513
42889 50503 50564 0.00142228
44345 50131 49489 -0.0144774
44420 50371 50371 0
43323 50362 50334 -0.000646308
40970 48937 49230 0.00715157
42909 48947 48904 -0.00100212
42633 49427 49207 -0.00516032
43379 50371 50194 -0.00408032
42217 48794 49205 0.00973541
41916 48784 48926 0.00338773
41231 49571 49613 0.00101865
41809 47666 47425 -0.00576431
41292 49086 48839 -0.00598179
44200 50797 50882 0.00192308
43474 49684 49749 0.00149515
42748 49158 49324 0.00388322
42128 50398 50116 -0.00669389
42773 49763 49227 -0.0125313
41773 48416 48332 -0.00201087
43083 48418 48418 0
43497 50085 50185 0.00229901
41872 49651 49347 -0.00726022
43951 50524 50147 -0.00857773
43933 50110 50110 0
42989 49569 49261 -0.00716462
44061 49999 49578 -0.00955494
43778 50676 50489 -0.00427155
42140 49406 49143 -0.0062411
45270 50905 50905 0
41961 49626 49553 -0.00173971
42728 49612 49623 0.000257442
41320 48977 48981 9.68054e-05
40463 48469 48164 -0.00753775
42999 50458 50442 -0.000372102
42469 49688 49688 0
42025 49102 48988 -0.00271267
43472 49271 49602 0.0076141
42934 50524 50227 -0.00691759
43357 49631 49825 0.00447448
45181 50154 50242 0.00194772
42924 49239 49332 0.00216662
45078 52166 52166 0
45019 51633 51663 0.000666385
41761 49520 49192 -0.00785422
43240 49981 49865 -0.0026827
41902 47979 47788 -0.00455825
43207 49359 49514 0.00358738
44496 50389 50322 -0.00150575
44050 51753 51624 -0.00292849
42425 49129 49061 -0.00160283
44960 51541 51468 -0.00162367
44231 51227 50693 -0.012073
43594 49975 50214 0.00548241
41198 48157 47875 -0.00684499
43471 49806 50103 0.00683214
43324 50195 49865 -0.00761703
42417 49206 48818 -0.00914728
43085 48602 49038 0.0101195
44218 49974 49803 -0.0038672
43237 49559 49536 -0.000531952
42670 49424 49482 0.00135927
41568 48821 48821 0
41309 48586 48403 -0.00443003
42277 49317 49024 -0.00693048
42183 50066 49798 -0.00635327
44861 50304 50267 -0.00082477
42987 50762 50706 -0.00130272
42932 50257 49838 -0.00975962
44727 51390 51441 0.00114025
44280 51210 51070 -0.0031617
43014 49941 50108 0.00388246
41709 48577 48423 -0.00369225
43258 49657 49657 0
43990 49885 50161 0.00627415
44695 50830 50661 -0.00378118
43643 49932 50029 0.00222258
42370 49514 49090 -0.0100071
42747 50606 50360 -0.00575479
41141 49505 49481 -0.00058336
43731 50674 50069 -0.0138346
43222 51482 51506 0.000555273
41743 49457 49317 -0.00335386
42671 50129 50128 -2.34351e-05
44230 51635 51720 0.00192177
41861 49946 49664 -0.00673658
44373 50802 50802 0
43186 51976 52043 0.00155143
41483 49095 49138 0.00103657
45587 51475 51302 -0.00379494
44792 52502 52334 -0.00375067
44507 50729 50691 -0.000853798
43674 49172 49322 0.00343454
42704 49980 49998 0.000421506
41583 48326 48700 0.00899406
42696 49754 49557 -0.00461402
42776 49284 49003 -0.0065691
42227 49650 49465 -0.00438108
42521 49628 49423 -0.00482115
42698 49736 49739 7.02609e-05
42733 48773 48561 -0.00496104
45067 50196 50397 0.00446003
41186 47863 48001 0.00335065
44338 49878 49885 0.000157878
42278 49360 49518 0.00373717
41092 48529 48746 0.00528083
43813 51221 51089 -0.0030128
42168 50296 49894 -0.0095333
43142 49041 49052 0.000254972
42360 50356 50467 0.0026204
43700 49654 49582 -0.0016476
44496 49918 49937 0.000427005
41826 50086 50111 0.000597714
41534 50185 50403 0.00524871
43917 49560 49281 -0.00635289
42669 50521 50493 -0.000656214
41094 47540 47544 9.73378e-05
43463 50737 51123 0.00888112
45136 51165 51132 -0.000731124
40036 48304 48165 -0.00347188
42455 49475 49949 0.0111648
44623 50723 50539 -0.00412343
41796 49842 49574 -0.0064121
43693 50297 50308 0.000251757
42263 49769 49695 -0.00175094
43917 49649 49755 0.00241364
45292 50282 50615 0.00735229
44569 50406 50467 0.00136866
44064 49926 50007 0.00183824
43543 49725 49592 -0.00305445
42570 48590 48589 -2.34907e-05
41069 48640 48324 -0.00769437
42704 50884 50692 -0.00449607
44092 48246 48285 0.000884514
42822 49130 48971 -0.00371304
41534 48425 48895 0.011316
42759 48741 48558 -0.0042798
42323 49597 49086 -0.0120738
42164 49108 49457 0.0082772
40677 48921 48761 -0.00393343
42010 48853 48709 -0.00342776
42721 49168 48870 -0.00697549
44504 50021 50275 0.00570735
42702 48926 48832 -0.0022013
44485 51080 51260 0.00404631
44854 50771 50632 -0.00309894
45204 50452 50383 -0.00152641
42748 49666 49983 0.00741555
43373 50361 50304 -0.00131418
43015 49751 49751 0
42512 48850 49183 0.00783308
41985 48869 48881 0.000285816
42272 48680 48751 0.0016796
43437 49693 49640 -0.00122016
43707 49111 49468 0.00816803
43657 49133 49287 0.0035275
43781 49145 49103 -0.00095932
41893 49177 49065 -0.00267348
43691 47750 47840 0.00205992
43319 50180 50418 0.00549412
43065 49596 49508 -0.00204342
43690 50845 50797 -0.00109865
44276 49744 49890 0.0032975
42896 49498 49498 0
42938 50691 50819 0.00298104
43562 50590 50464 -0.00289243
42155 49507 49602 0.00225359
44197 50297 50148 -0.00337127
42266 47865 47865 0
44193 49710 49753 0.000973005
42776 49853 49894 0.000958481
40788 49033 49366 0.00816417
44829 51325 51364 0.000869973
42573 48226 47951 -0.00645949
42674 47607 47609 4.68669e-05
42226 47550 47818 0.0063468
43464 49194 49148 -0.00105835
42625 47904 48613 0.0166334
43325 49582 49663 0.00186959
42926 48685 48736 0.00118809
42648 48982 49281 0.00701088
39931 48421 48510 0.00222884
41479 48450 48144 -0.00737723
42831 49813 49813 0
43002 49710 49887 0.00411609
41502 48242 48028 -0.00515638
43949 49246 49395 0.00339029
42084 49566 49879 0.00743751
43113 49367 49449 0.00190198
42506 50278 50133 -0.00341128
42456 49233 48968 -0.00624176
41663 49887 49867 -0.000480042
41221 49038 49152 0.00276558
41735 48677 48430 -0.00591829
40725 48827 48444 -0.00940454
41764 48084 48084 0
44276 50667 50459 -0.0046978
43731 50175 50372 0.00450481
43089 50854 50538 -0.00733366
43628 49036 49140 0.00238379
43570 50465 50232 -0.00534772
42061 48520 48600 0.001902
41200 48753 48596 -0.00381068
42803 51676 51392 -0.00663505
42573 48541 48699 0.00371127
42191 48738 48686 -0.00123249
44746 51866 51904 0.000849238
43553 50097 50086 -0.000252566
43234 48930 48958 0.000647638
44046 51158 51251 0.00211143
43158 48786 48917 0.00303536
41967 48532 48151 -0.00907856
42596 48158 48326 0.00394403
42220 49026 49108 0.00194221
42829 50440 50261 -0.00417941
43689 49318 49247 -0.00162512
43240 50956 51023 0.00154949
45277 51580 51474 -0.00234114
43263 51217 51064 -0.00353651
43363 49046 49371 0.00749487
42605 48447 48372 -0.00176036
42885 49933 49834 -0.0023085
42908 49249 49309 0.00139834
43402 49374 49571 0.00453896
41765 48236 48246 0.000239435
43506 49797 49913 0.0026663
45465 50575 50405 -0.00373914
43297 50788 50078 -0.0163984
43534 50006 49927 -0.00181467
43661 50037 49117 -0.0210714
41911 49310 49256 -0.00128844
42715 50382 50406 0.000561864
41707 48585 48113 -0.011317
42423 49510 49397 -0.00266365
42625 49307 49331 0.00056305
43881 49886 49399 -0.0110982
42803 50187 49964 -0.00520992
42745 48011 48028 0.000397707
41192 48221 48096 -0.00303457
44833 49749 49624 -0.00278812
43186 47930 48109 0.00414486
42600 49542 49349 -0.00453052
42228 49505 49421 -0.0019892
43393 49365 49046 -0.00735142
44477 49631 49623 -0.000179868
43243 49852 49810 -0.000971255
41926 49938 50005 0.00159805
44506 49855 50157 0.0067856
43162 48495 48544 0.00113526
42933 49615 49790 0.00407612
41826 49623 49565 -0.0013867
43351 50954 50954 0
40512 50309 50097 -0.00523302
41374 49510 49344 -0.00401218
42798 48896 48626 -0.00630871
42769 48989 48947 -0.00098202
41252 49902 49981 0.00191506
41516 48962 48987 0.000602177
42382 48803 48908 0.00247747
42439 49658 49596 -0.00146092
44012 49231 49258 0.000613469
43369 50042 49480 -0.0129586
39883 48455 48556 0.00253241
41339 48487 48408 -0.00191103
42991 48995 49040 0.00104673
40965 48546 48516 -0.000732332
45168 50025 50294 0.00595554
41756 49676 49828 0.0036402
43482 49948 49950 4.5996e-05
40471 50282 50154 -0.00316276
43317 50942 50851 -0.00210079
43562 49454 49425 -0.000665718
45017 50706 50541 -0.00366528
44387 51178 51056 -0.00274855
43259 50537 49911 -0.014471
41443 48904 48677 -0.0054774
43813 49504 49762 0.00588866
42609 49083 48758 -0.0076275
42781 47972 47117 -0.0199855
43687 49370 49463 0.00212878
44581 49328 49322 -0.000134586
42925 49721 49310 -0.00957484
42686 49881 49625 -0.00599728
42758 50273 50329 0.0013097
44784 50147 49967 -0.00401929
43247 50411 50447 0.000832428
41490 48795 48569 -0.0054471
43107 49576 49661 0.00197184
44465 50401 50541 0.00314854
40169 46711 46918 0.00515323
43089 50905 51018 0.00262248
43997 50581 50554 -0.000613678
44533 51587 51690 0.00231289
41483 48875 48502 -0.00899164
43615 48820 48820 0
45250 50364 50172 -0.00424309
43486 48007 48250 0.00558801
43128 48582 48526 -0.00129846
44967 50689 50593 -0.0021349
41482 48801 49060 0.00624367
41406 49810 49810 0
43633 50503 50668 0.00378154
43564 50400 50385 -0.000344321
42799 49357 49445 0.00205612
41902 49426 49493 0.00159897
42806 49773 49610 -0.00380788
42597 49719 49586 -0.00312229
45681 50738 50745 0.000153237
42718 48432 48567 0.00316026
43899 48055 48268 0.00485205
42960 50496 50496 0
41629 48773 48762 -0.000264239
43949 48132 48278 0.00332203
44846 50396 50481 0.00189538
45233 50717 50582 -0.00298455
44317 49782 49819 0.000834894
44050 49868 49921 0.00120318
43728 50237 50129 -0.00246981
42320 49289 49360 0.00167769
43927 49574 49559 -0.000341476
43034 50147 50169 0.000511224
41117 47364 47524 0.00389133
42170 49820 49676 -0.00341475
43157 49476 49557 0.00187687
42040 49394 49352 -0.000999049
43167 50059 50135 0.0017606
43524 50463 50414 -0.00112582
42768 50105 50529 0.00991395
43548 49290 49384 0.00215854
41979 49855 49502 -0.00840897
44571 50424 50589 0.00370196
42807 50193 50142 -0.00119139
44744 52058 52036 -0.000491686
41258 50267 50169 -0.0023753
42484 50797 50474 -0.00760286
42523 50678 50379 -0.00703149
40431 49484 48899 -0.0144691
41238 50567 50522 -0.00109123
42947 50077 50028 -0.00114094
42752 50153 50029 -0.00290045
42926 49469 49366 -0.00239948
42769 49312 49364 0.00121583
43399 49673 49643 -0.00069126
43270 49900 49514 -0.00892073
42412 49400 49402 4.71565e-05
43712 50523 50702 0.00409499
42172 49922 49928 0.000142274
41780 49859 49556 -0.00725227
42654 49691 49900 0.00489989
42439 49894 50045 0.00355805
42636 50616 50487 -0.00302561
42295 48957 48955 -4.72869e-05
41793 48877 48959 0.00196205
42205 50584 50642 0.00137424
42579 49416 49416 0
42820 50812 50567 -0.00572163
41654 48947 48756 -0.00458539
43514 50500 50693 0.00443535
43845 49131 49124 -0.000159653
43054 49007 48983 -0.000557439
41244 48467 48435 -0.00077587
43057 50021 50021 0
43807 49163 49376 0.00486224
42669 48494 48746 0.00590593
41944 48951 48987 0.000858287
45705 51195 51096 -0.00216606
43146 49376 48666 -0.0164558
41176 48662 48662 0
44393 50329 50289 -0.000901043
42459 49393 49467 0.00174286
43506 49456 48882 -0.0131936
44081 50887 50857 -0.000680565
43721 48965 48904 -0.00139521
41668 49423 49301 -0.00292791
43416 51634 51610 -0.000552792
44754 50681 50854 0.00386558
44675 50582 50762 0.0040291
42998 49596 49555 -0.000953533
43789 49224 49158 -0.00150723
44581 49758 49228 -0.0118885
43724 50715 50780 0.0014866
42937 49205 49610 0.00943242
40176 49157 49244 0.00216547
42703 48236 48171 -0.00152214
42683 49000 49125 0.00292857
41933 49970 50071 0.0024086
44062 50386 50251 -0.00306386
41626 47873 48018 0.0034834
43121 50900 50794 -0.0024582
42037 49447 49114 -0.00792159
41460 47979 47899 -0.00192957
42747 49920 49932 0.000280721
42629 48474 48526 0.00121983
41902 49793 50075 0.00672999
41500 49538 49757 0.00527711
