71450 80100 80019 -0.00113366
70030 78818 78911 0.001328
73000 80800 80886 0.00117808
71005 80049 80569 0.00732343
71407 80852 80833 -0.00026608
70697 79835 79916 0.00114573
71821 81613 81071 -0.00754654
72049 81261 81593 0.00460798
71736 80215 80605 0.0054366
69349 79012 79035 0.000331656
72221 81748 81647 -0.00139849
72191 81004 81020 0.000221634
72575 78704 79270 0.00779883
67997 81419 81445 0.00038237
72324 80345 79778 -0.00783972
72673 81576 81062 -0.00707278
70683 82441 82042 -0.00564492
70212 80449 80438 -0.000156668
70169 78824 78964 0.00199518
71543 81028 80985 -0.000601037
72575 81687 81667 -0.000275577
74243 82404 82288 -0.00156244
71380 78612 78616 5.60381e-05
74584 80583 80583 0
71409 79900 79900 0
71829 80447 80223 -0.00311852
74946 81568 81161 -0.00543058
73223 80660 80616 -0.000600904
74696 81536 81235 -0.00402967
72101 80419 80753 0.00463239
73741 81668 81368 -0.00406829
68184 79114 79024 -0.00131996
72661 81447 81228 -0.003014
70335 79158 78686 -0.00671074
70523 80013 79249 -0.0108333
69915 79060 78647 -0.00590717
72240 79933 80341 0.00564784
72400 82057 81339 -0.00991713
71574 80669 80352 -0.00442898
71542 78710 78839 0.00180314
75098 83094 83331 0.00315588
70556 79664 79587 -0.00109133
73141 81717 82025 0.00421104
71155 80556 80536 -0.000281077
70915 79285 79074 -0.00297539
75357 82752 82827 0.000995263
72986 80823 80761 -0.000849478
71720 82807 82765 -0.000585611
71881 80739 80771 0.00044518
70056 78709 78705 -5.70972e-05
69945 80119 80172 0.000757738
71781 79679 79436 -0.0033853
71573 78935 79001 0.000922135
70775 78954 79002 0.000678206
71805 81159 80855 -0.00423369
73217 80168 80214 0.000628269
72923 81764 81748 -0.00021941
73265 81508 81508 0
72480 80878 79567 -0.0180877
71817 78996 79174 0.00247852
70200 79654 79912 0.00367521
69045 79364 78950 -0.00599609
71062 79729 79156 -0.00806338
72892 82069 81655 -0.00567964
71010 79593 79304 -0.00406985
69718 80938 80382 -0.00797498
72578 81492 81566 0.00101959
72660 80981 80974 -9.63391e-05
70312 79228 79655 0.00607293
73594 80431 79567 -0.0117401
71634 79691 79511 -0.00251277
70613 79706 79409 -0.00420602
69846 81556 81131 -0.00608482
68822 79640 80051 0.00597193
71034 80705 80533 -0.00242138
70455 79737 79399 -0.00479739
69208 79264 79409 0.00209513
72963 79902 79620 -0.00386497
73510 82574 82685 0.00151
70866 81207 80632 -0.00811391
69621 77900 77940 0.000574539
72315 79112 79353 0.00333264
71832 77801 77519 -0.00392583
70390 77201 77520 0.00453189
73483 81577 81458 -0.00161942
71480 80826 81441 0.00860381
69867 78429 78403 -0.000372136
73267 82863 83005 0.00193812
71471 80368 79839 -0.0074016
73263 82646 82568 -0.00106466
74560 82503 82566 0.000844957
71841 80103 79845 -0.00359126
73743 81673 81673 0
70346 79338 79585 0.00351122
71939 80306 80116 -0.00264113
72549 78866 78960 0.00129568
72721 79277 79455 0.00244771
72520 81184 80327 -0.0118174
71254 79874 79784 -0.00126309
69811 77473 77476 4.29732e-05
69874 80489 80532 0.000615393
74320 81333 81354 0.000282562
73586 82193 82267 0.00100563
73793 79791 79613 -0.00241215
70304 81937 82000 0.000896108
73605 82179 82069 -0.00149446
72230 79593 79679 0.00119064
70648 82166 82159 -9.90828e-05
69668 80424 80424 0
73899 81392 81392 0
72777 80215 80125 -0.00123665
71724 77686 77572 -0.00158943
75095 82349 82140 -0.00278314
70914 80158 80199 0.000578165
72693 79759 79372 -0.00532376
70117 79046 79169 0.00175421
71276 79877 79655 -0.00311465
72417 81650 80992 -0.00908626
74093 80879 81256 0.0050882
71283 80093 80093 0
71988 80669 80708 0.000541757
69179 80668 79919 -0.010827
72606 81822 81777 -0.000619783
70682 79110 78756 -0.00500835
71667 81278 81056 -0.00309766
71451 79779 79772 -9.79692e-05
70401 79876 79407 -0.00666184
71998 79704 79716 0.000166671
71264 80769 80297 -0.00662326
70562 81918 81679 -0.00338709
71563 80592 80637 0.000628817
72549 82139 81810 -0.00453487
71533 80186 80143 -0.000601121
71509 79841 79706 -0.00188787
71243 81776 81709 -0.000940443
69086 79854 79633 -0.00319891
71650 81607 81494 -0.00157711
73194 81846 81860 0.000191273
71556 80568 80815 0.00345184
71457 80109 80651 0.00758498
69808 78850 79068 0.00312285
72065 78547 78705 0.00219247
70408 78600 77794 -0.0114476
72540 79276 79543 0.00368073
71721 79661 79578 -0.00115726
71370 80655 80697 0.000588483
73980 80802 80931 0.00174371
69103 78061 77620 -0.00638178
70830 81216 81295 0.00111535
70170 77495 77921 0.00607097
71733 79802 79698 -0.00144982
73251 79684 79687 4.09551e-05
69711 79051 79104 0.000760282
69201 78992 78874 -0.00170518
69843 79824 80009 0.0026488
71028 80053 79721 -0.00467421
69586 79048 79122 0.00106343
69847 80195 80277 0.00117399
70702 79367 79622 0.00360669
71107 78766 78572 -0.00272828
72510 81436 81616 0.00248242
70907 81260 80766 -0.00696687
69509 79594 79633 0.000561078
73048 80682 80727 0.000616033
70760 79616 79719 0.00145562
71862 80790 80670 -0.00166987
74218 81384 81704 0.00431162
72665 81227 81366 0.00191289
71217 80486 80455 -0.000435289
71473 80848 80719 -0.00180488
70614 79447 79274 -0.00244994
73087 81559 82083 0.00716954
71364 80426 80419 -9.80887e-05
71617 78877 78927 0.000698158
73125 81142 82221 0.0147556
73027 82292 82252 -0.000547743
72661 80778 80338 -0.00605552
70677 79744 79787 0.000608402
72794 79535 79932 0.00545375
73085 79509 79338 -0.00233974
71452 82656 82662 8.39725e-05
73457 80761 81077 0.00430184
72209 79966 80045 0.00109405
70738 80421 80264 -0.00221946
71348 82035 81894 -0.00197623
76292 82644 82506 -0.00180884
70022 79512 79516 5.71249e-05
69104 78000 78038 0.000549896
70249 80161 80900 0.0105197
73997 82709 82263 -0.00602727
69900 79919 79936 0.000243205
70927 78924 78957 0.000465267
72788 79880 79563 -0.00435511
74506 80764 81036 0.00365071
74516 81260 81118 -0.00190563
70125 80586 80850 0.00376471
71225 79998 79928 -0.000982801
72590 77859 78051 0.00264499
70409 79640 79640 0
69813 78809 78587 -0.00317992
71652 82922 83054 0.00184224
74424 81029 81084 0.000739009
71513 80767 80949 0.00254499
70004 80647 80918 0.00387121
74008 81117 80765 -0.00475624
71595 79787 79172 -0.00858999
71425 80399 80411 0.000168008
72687 80699 80893 0.00266898
71057 78124 78447 0.00454565
68814 78422 78601 0.00260121
70454 77169 77227 0.000823232
72591 82503 82282 -0.00304445
73602 79360 79642 0.00383142
73579 81846 81724 -0.00165808
72271 81668 80833 -0.0115537
73588 78663 78874 0.00286732
70458 80570 80157 -0.00586165
70347 79914 79396 -0.0073635
72798 80822 80775 -0.000645622
72855 81231 81604 0.00511976
71649 79621 80073 0.00630853
70739 79747 80082 0.00473572
75500 82972 82931 -0.000543046
69619 77782 77930 0.00212586
72419 81782 81712 -0.000966597
70358 80085 79120 -0.0137156
72241 78811 78654 -0.00217328
70885 79373 79358 -0.00021161
69329 80709 80626 -0.00119719
74259 80603 80608 6.73319e-05
73392 79737 79649 -0.00119904
71008 81648 81662 0.000197161
74131 82443 82572 0.00174016
70348 78487 78543 0.000796043
70266 79978 79756 -0.00315942
70644 78288 78249 -0.000552064
71579 80934 80863 -0.000991911
71624 80883 81183 0.00418854
70682 80659 80685 0.000367845
72709 81284 81419 0.00185672
71188 80171 79946 -0.00316065
71848 81265 80728 -0.00747411
70047 78994 79126 0.00188445
71109 80184 80513 0.0046267
74566 81315 81544 0.0030711
72553 82730 82814 0.00115777
71218 78556 78792 0.00331377
70065 79120 79120 0
71324 80883 80819 -0.000897314
72988 80106 79934 -0.00235655
70750 78998 78956 -0.00059364
72164 80886 80627 -0.00358905
72776 80478 80359 -0.00163515
71115 78659 78455 -0.00286859
71122 79783 79760 -0.000323388
74696 81744 81401 -0.00459195
71492 81077 80853 -0.00313322
71723 81625 81625 0
71634 80339 80317 -0.000307117
71882 79956 80341 0.005356
73608 80247 80253 8.15129e-05
72989 81375 81523 0.0020277
70890 79241 79315 0.00104387
71317 78400 78177 -0.00312688
72412 83067 82863 -0.00281721
70885 79796 79863 0.000945193
70887 81439 81110 -0.00464119
70785 79419 79684 0.00374373
72868 79779 79401 -0.00518746
72287 78012 77735 -0.00383195
73151 80824 80819 -6.83518e-05
69525 79021 78282 -0.0106293
70100 78817 78303 -0.00733238
70386 81031 81031 0
73356 82873 82901 0.0003817
74169 81481 81295 -0.00250779
72713 80721 80607 -0.00156781
67808 78372 78321 -0.000752124
73383 80534 80560 0.000354305
70567 80722 80755 0.000467641
73255 80976 80627 -0.00476418
69280 78578 78599 0.000303118
72040 80237 80123 -0.00158245
73170 79940 80108 0.00229602
69610 80040 79763 -0.00397931
70926 80429 80459 0.000422976
69963 79331 79188 -0.00204394
72249 82903 82933 0.000415231
70194 80042 79584 -0.00652477
71916 79513 79387 -0.00175204
69631 81190 80599 -0.0084876
72278 80010 79946 -0.00088547
69489 78436 78417 -0.000273425
75047 79934 80070 0.0018122
73239 80629 80363 -0.00363194
73166 81611 81526 -0.00116174
73440 82420 82671 0.00341776
68414 78764 78621 -0.00209022
74628 81063 81292 0.00306855
72934 82763 83231 0.00641676
70981 79286 79465 0.0025218
73639 81403 81367 -0.000488871
73218 80195 79980 -0.00293644
72154 81457 81465 0.000110874
70160 77677 77930 0.00360604
71556 80637 80770 0.00185868
72231 82190 81927 -0.0036411
70357 79942 80051 0.00154924
70652 79165 78851 -0.00444432
68852 79019 78920 -0.00143787
73791 81398 81470 0.000975729
71345 79937 80012 0.00105123
72636 78454 78556 0.00140426
71493 80955 81166 0.00295134
70529 79374 78770 -0.00856385
73144 80988 80692 -0.00404681
70712 80450 80533 0.00117378
71153 78647 78623 -0.000337301
71323 79386 79562 0.00246765
68566 79202 78825 -0.00549835
70069 77653 77633 -0.000285433
69137 79643 79700 0.00082445
71703 82040 81900 -0.0019525
71380 80851 80842 -0.000126086
71988 81490 81260 -0.00319498
68530 80150 80150 0
70152 80271 80434 0.00232353
70286 79325 78752 -0.00815241
70055 78374 78304 -0.000999215
70512 79504 78689 -0.0115583
72824 79156 79156 0
72551 79815 79833 0.000248101
71303 79500 79202 -0.00417935
73882 81675 81628 -0.00063615
69471 77701 77710 0.00012955
70241 80760 80760 0
69425 80246 80406 0.00230465
74161 82822 82857 0.000471946
68043 79108 78709 -0.00586394
73920 81573 81819 0.00332792
71202 80351 80479 0.0017977
72228 79639 79702 0.000872238
71281 81074 81099 0.000350725
70818 79703 79416 -0.00405264
72127 79997 80087 0.0012478
73177 81295 80819 -0.00650478
71316 80844 81369 0.0073616
71085 80440 80484 0.000618977
71704 78778 78760 -0.000251032
71849 81190 81035 -0.0021573
71225 80804 81145 0.00478764
72797 80350 80386 0.000494526
70306 80285 79953 -0.00472221
70462 80474 80379 -0.00134824
70889 79683 79475 -0.00293416
73203 81622 81401 -0.003019
71971 80166 79790 -0.00522433
71831 81310 81293 -0.000236667
68654 77701 77641 -0.000873948
69296 79558 79585 0.000389633
71358 79743 79649 -0.0013173
71385 80115 79899 -0.00302585
73020 80612 80261 -0.0048069
73990 80759 80685 -0.00100014
73911 81936 81731 -0.00277361
72806 80639 80609 -0.000412054
71872 79231 79275 0.000612199
71743 82229 82176 -0.000738748
69574 79614 79640 0.000373703
74040 81704 81998 0.00397083
74675 82862 82835 -0.000361567
72394 80777 80259 -0.00715529
71653 80388 79286 -0.0153797
71518 81466 81521 0.000769037
75439 81988 82888 0.0119302
69955 80935 80776 -0.00227289
72665 80981 80874 -0.00147251
70820 80807 80743 -0.0009037
71591 79535 80394 0.0119987
75014 81796 81649 -0.00195963
71495 80296 79699 -0.00835023
68601 81086 81101 0.000218656
70378 80713 79853 -0.0122197
73923 81351 81351 0
72279 78990 78769 -0.0030576
70192 78396 78276 -0.0017096
68485 80234 80011 -0.00325619
72295 79761 79868 0.00148005
71472 80271 80299 0.000391762
74139 83666 83714 0.000647433
71677 79565 79299 -0.00371109
73857 81592 81386 -0.00278917
73696 80215 80049 -0.0022525
74803 82588 82183 -0.00541422
72653 82213 81602 -0.00840984
71058 78997 79114 0.00164654
72446 80403 80362 -0.000565939
70110 79997 80303 0.00436457
70013 79650 79650 0
70219 80759 80390 -0.00525499
71979 80112 80152 0.000555718
70337 79258 79517 0.00368227
69607 78359 78815 0.00655107
71117 80783 80922 0.00195453
72655 79247 78938 -0.00425298
69381 79260 79415 0.00223404
72662 79620 79471 -0.00205059
70326 80378 80165 -0.00302875
74194 82214 81150 -0.0143408
71856 79562 79391 -0.00237976
72730 79070 80023 0.0131033
67579 77817 77705 -0.00165732
72317 79403 79570 0.00230928
72910 78992 79061 0.000946372
73067 80046 79806 -0.00328466
70631 80252 79880 -0.00526681
73319 82819 82684 -0.00184127
71039 79686 80249 0.00792522
68975 81583 81760 0.00256615
70161 78508 78500 -0.000114023
73360 79363 79271 -0.00125409
72353 81441 82178 0.0101862
71968 81920 81920 0
70212 80377 80449 0.00102547
72626 81781 81962 0.00249222
73663 81417 81216 -0.00272864
73266 80913 80743 -0.00232031
71289 80065 80001 -0.000897754
70835 79005 78669 -0.00474342
72087 81271 81277 8.32328e-05
71342 79417 79353 -0.000897087
73751 80841 80849 0.000108473
70011 81521 81534 0.000185685
70988 78208 77368 -0.011833
69934 78347 78568 0.00316012
71226 80604 80278 -0.00457698
69384 79771 79648 -0.00177274
69685 80176 80086 -0.00129153
71263 79407 79275 -0.00185229
72153 82280 82146 -0.00185716
70438 80088 79650 -0.00621823
69739 79421 79594 0.00248068
69596 80694 80578 -0.00166676
71797 80760 80656 -0.00144853
71208 80359 80373 0.000196607
72110 80679 80863 0.00255166
69182 79436 79296 -0.00202365
71152 80434 80180 -0.00356982
70999 79218 79060 -0.00222538
73265 82482 82394 -0.00120112
75362 82481 81959 -0.00692657
74108 80283 80893 0.00823123
69209 80393 80095 -0.0043058
71361 81179 81186 9.80928e-05
72017 81433 81069 -0.00505436
73386 81521 81118 -0.00549151
70801 81015 80991 -0.000338978
71312 79571 79968 0.00556709
71836 80473 80558 0.00118325
71943 81640 81499 -0.00195988
71352 79110 79376 0.003728
73863 80743 80608 -0.00182771
71003 80364 80106 -0.00363365
73301 81331 81242 -0.00121417
72701 81304 81616 0.00429155
72774 82119 82027 -0.00126419
74392 81496 81029 -0.00627756
72660 80239 79586 -0.00898706
71116 81164 81155 -0.000126554
71261 81446 80906 -0.00757778
75034 82379 82092 -0.00382493
71594 80158 79070 -0.0151968
70630 79183 79209 0.000368116
73511 81196 81849 0.00888302
71460 79276 78997 -0.00390428
70816 81344 81123 -0.00312076
74296 80812 81016 0.00274577
71653 79616 79162 -0.00633609
71737 80356 80333 -0.000320616
72411 80127 80272 0.00200246
72272 81236 80954 -0.00390193
67471 79797 79840 0.000637311
72636 80869 80783 -0.00118399
72730 79949 79399 -0.00756222
71715 81239 81160 -0.00110158
74508 81682 81272 -0.00550276
70435 78310 78347 0.000525307
73237 81794 81740 -0.000737332
69342 80042 80171 0.00186034
69515 79771 79925 0.00221535
71659 79948 80172 0.00312592
71458 80000 80151 0.00211313
68626 79154 79361 0.00301635
71106 80261 80600 0.00476753
71934 80122 79515 -0.00843829
71349 77866 77775 -0.00127542
72884 80140 80084 -0.000768344
72642 80277 80330 0.000729605
72867 80109 79885 -0.00307409
72645 80469 80393 -0.00104618
70483 79429 79508 0.00112084
71908 79001 79573 0.00795461
72026 81698 81845 0.00204093
68499 78202 78234 0.00046716
69933 79613 79252 -0.00516208
71603 79001 79386 0.00537687
71330 82381 82420 0.000546755
70312 81396 81387 -0.000128001
71127 81141 81078 -0.00088574
72286 81199 80641 -0.00771934
71806 78364 78260 -0.00144835
70798 80356 80122 -0.00330518
72862 82237 82152 -0.00116659
72522 80053 79835 -0.00300598
72089 79842 80151 0.00428637
73643 81843 81787 -0.000760425
73820 81012 81335 0.00437551
72908 81086 81115 0.000397762
73852 81267 81178 -0.00120511
72438 81332 81353 0.000289903
69169 77978 77975 -4.3372e-05
71257 79913 79777 -0.00190858
70326 80201 79834 -0.00521855
72861 80363 80301 -0.000850935
69648 78007 78109 0.00146451
70299 77097 76837 -0.00369849
71234 79231 78972 -0.0036359
71494 80820 80430 -0.005455
71176 79430 79462 0.00044959
73610 81713 81801 0.00119549
73093 79848 79914 0.000902959
69468 80222 80224 2.87902e-05
72300 80637 80959 0.00445367
71398 79062 77758 -0.0182638
69327 78689 78786 0.00139917
70632 81224 81185 -0.000552158
71643 80670 80301 -0.00515054
72262 79400 79359 -0.00056738
72130 79139 79021 -0.00163594
70876 82000 81989 -0.000155201
73352 82690 82694 5.45316e-05
71520 79925 79826 -0.00138423
72084 78966 79254 0.00399534
72203 79635 79677 0.000581693
71515 79018 78978 -0.000559323
71859 81140 81140 0
72671 81121 80849 -0.0037429
70992 80880 80689 -0.00269044
73167 81721 81237 -0.006615
71095 82434 82022 -0.00579506
72028 80936 80953 0.000236019
71976 79589 79611 0.000305657
73856 80054 80040 -0.000189558
72721 80922 81005 0.00114135
72224 79355 79301 -0.000747674
70251 79452 79420 -0.00045551
73556 82293 82426 0.00180815
70723 80068 80405 0.00476507
69283 79104 79168 0.000923748
72519 80838 80705 -0.001834
69564 78687 78891 0.00293255
69902 81226 80719 -0.00725301
73382 81705 82231 0.00716797
69857 80802 80683 -0.00170348
73796 81888 82262 0.00506803
69638 78286 78113 -0.00248428
70951 80181 80084 -0.00136714
73149 81522 81291 -0.00315794
72636 79644 80097 0.00623658
67316 79397 79386 -0.000163408
73490 82897 82487 -0.00557899
70441 80257 80388 0.00185971
68806 79922 80223 0.00437462
74426 82032 81906 -0.00169296
72898 80395 80256 -0.00190677
74060 81220 80562 -0.00888469
73128 80516 80617 0.00138114
66735 79749 79906 0.00235259
73109 80396 80258 -0.00188759
71691 80816 80727 -0.00124144
69091 79407 79043 -0.00526841
70669 78930 78529 -0.00567434
73158 80620 81136 0.00705323
69317 78840 78774 -0.000952147
73290 81569 81701 0.00180106
71362 80042 79946 -0.00134525
71452 79333 78985 -0.0048704
71381 78637 78315 -0.004511
73148 80911 80961 0.000683546
70391 78687 79183 0.00704636
74875 82540 82694 0.00205676
70381 78288 77814 -0.00673477
69851 77879 77927 0.000687177
70799 78913 78786 -0.00179381
73696 83374 83426 0.000705601
68232 79549 79432 -0.00171474
71117 80072 79851 -0.00310756
72813 81164 81058 -0.00145578
71681 78431 78431 0
71749 80555 80434 -0.00168643
67334 78115 78048 -0.00099504
69873 79300 78761 -0.007714
71742 80455 79735 -0.010036
70609 80193 80423 0.00325738
71806 80380 80396 0.000222823
71332 80199 78932 -0.017762
70738 80994 81220 0.00319489
73178 80922 80537 -0.00526114
71561 79448 79558 0.00153715
72059 81426 81300 -0.00174857
69240 78467 78605 0.00199307
73343 80859 80785 -0.00100896
70165 79528 79230 -0.00424713
71677 79916 80405 0.00682227
70110 79932 80122 0.00271003
70251 80157 79907 -0.00355867
70754 80684 81146 0.00652967
69565 78144 78320 0.00253001
68786 79609 79579 -0.000436135
72956 81384 81548 0.00224793
73046 80588 80681 0.00127317
70692 80484 80103 -0.00538958
70980 80920 80807 -0.001592
70690 80720 80720 0
69003 77928 77927 -1.44921e-05
71909 79030 78780 -0.00347662
72022 80553 80319 -0.00324901
71143 78915 79399 0.0068032
73568 81406 81177 -0.00311277
72665 81446 81643 0.00271107
71639 80388 80264 -0.0017309
72671 80612 80012 -0.00825639
72427 80122 80171 0.000676543
71060 81151 81151 0
76184 82073 82117 0.000577549
70612 80104 79617 -0.00689684
70953 80707 80638 -0.000972475
71186 81357 81511 0.00216335
69917 80176 80285 0.00155899
71311 79799 80398 0.00839983
70937 80620 80326 -0.00414452
70988 79178 79397 0.00308503
70282 78396 78296 -0.00142284
72551 81301 81578 0.003818
71789 79894 79943 0.000682556
72699 80803 80395 -0.00561218
71414 79366 79409 0.000602123
74097 83975 83975 0
73066 82367 81736 -0.00863603
71842 80793 80648 -0.00201832
72077 80047 80298 0.00348239
71027 79818 79799 -0.000267504
71651 80122 80622 0.00697827
72715 80368 80378 0.000137523
74051 83158 83095 -0.000850765
69025 79441 79346 -0.00137631
73433 81991 81991 0
73727 81864 81617 -0.0033502
73188 82427 82187 -0.00327923
71294 79148 78919 -0.00321205
72333 80101 80155 0.000746547
71453 81247 81408 0.00225323
71523 80977 80743 -0.00327167
69779 78867 78840 -0.000386936
72461 81155 80868 -0.00396075
71783 79863 79772 -0.00126771
70361 79125 78999 -0.00179076
70498 78564 78011 -0.00784419
69855 79184 79175 -0.000128838
71816 80659 80809 0.00208867
72233 80701 80376 -0.00449933
71621 80214 80158 -0.000781894
72284 81067 81067 0
71563 81161 81068 -0.00129955
73078 82657 82657 0
72452 81663 81329 -0.00460995
70691 80266 79553 -0.0100861
69212 77552 77931 0.00547593
71574 81545 81520 -0.000349289
72333 80911 80975 0.000884797
73892 81201 81435 0.00316678
72742 78997 79222 0.00309312
70063 78004 78474 0.00670825
71895 80806 81316 0.00709368
71882 81156 81470 0.00436827
73077 81033 80794 -0.00327052
72599 82235 81594 -0.00882932
70773 80594 80784 0.00268464
70853 80729 80046 -0.00963968
71922 82269 82354 0.00118184
69258 79844 79173 -0.00968841
74443 80886 80867 -0.000255229
70608 80799 80581 -0.00308747
68796 79294 79185 -0.00158439
74637 82146 82116 -0.000401945
74102 83152 82940 -0.00286092
75403 81906 81420 -0.00644537
73113 80625 80485 -0.00191484
70383 79175 78962 -0.0030263
69895 78474 78626 0.00217469
71188 80713 80750 0.000519751
72502 80222 80683 0.00635845
70523 79328 79527 0.00282177
71042 80976 80680 -0.00416655
72944 81805 81750 -0.000754003
71200 80710 80710 0
74500 82596 82741 0.00194631
69330 78369 78251 -0.001702
71790 79100 79030 -0.000975066
71081 78865 79227 0.00509278
70041 79891 79860 -0.000442598
73756 81523 81510 -0.000176257
70148 80631 80524 -0.00152535
71195 79819 79646 -0.00242995
69752 81213 81145 -0.000974882
71522 79423 79406 -0.000237689
72523 80262 79682 -0.00799746
69883 81799 82043 0.00349155
69852 80437 80113 -0.00463838
70576 79894 79773 -0.00171446
71979 81226 80580 -0.00897484
71635 79195 79464 0.00375515
71363 82279 82491 0.00297073
75366 82071 82140 0.000915532
68148 78839 79310 0.00691143
71010 80765 80890 0.00176032
73843 81996 82083 0.00117818
70749 80937 80687 -0.00353362
71145 80430 81159 0.0102467
70693 80928 80993 0.000919469
71727 81226 81172 -0.000752855
74913 81784 81784 0
74029 82434 81868 -0.00764565
71405 81289 81376 0.0012184
71670 79078 78804 -0.00382308
71228 78868 79420 0.00774976
68848 78344 78396 0.000755287
70142 80164 80048 -0.00165379
72817 78976 79192 0.00296634
70794 80618 80306 -0.00440715
69782 79481 79396 -0.00121808
70733 79528 79526 -2.82753e-05
71035 80384 80504 0.00168931
70890 79679 79330 -0.00492312
68768 79747 79848 0.00146871
69807 78793 78874 0.00116034
71401 77974 77894 -0.00112043
73066 82044 82209 0.00225823
71518 78912 79040 0.00178976
72401 81016 81284 0.00370161
72276 80174 79817 -0.0049394
72670 81320 81371 0.000701803
71252 79771 80163 0.0055016
71099 80031 79819 -0.00298176
71479 81376 81316 -0.000839407
69702 78829 78243 -0.00840722
70263 79652 79725 0.00103895
70495 80105 79971 -0.00190084
71669 80421 80104 -0.00442311
72975 82309 82143 -0.00227475
73823 80206 80485 0.00377931
72167 79629 79962 0.0046143
69465 78815 78903 0.00126683
72180 79106 79034 -0.000997506
70650 80680 80701 0.00029724
71907 80105 79562 -0.00755142
71921 82848 82782 -0.000917674
70723 79463 79731 0.00378943
70742 80549 80099 -0.00636114
73989 83903 83887 -0.000216248
73307 82667 82502 -0.00225081
71423 80603 81093 0.00686054
72638 80992 80416 -0.00792973
71259 80097 80097 0
71398 79748 79457 -0.00407574
70600 80159 80020 -0.00196884
67321 79451 79200 -0.00372841
71802 81776 81799 0.000320325
70397 79623 79628 7.10258e-05
69615 78317 76924 -0.0200101
70193 78161 77906 -0.00363284
72969 80034 80326 0.0040017
70931 79298 79460 0.00228391
72327 80452 80480 0.000387131
70745 80150 79835 -0.00445261
71897 80224 80480 0.00356065
69257 80051 79832 -0.00316214
68109 78988 79059 0.00104245
72885 80585 80527 -0.000795774
71604 79611 79644 0.000460868
73104 80687 80610 -0.00105329
71877 79947 79947 0
71076 80306 80260 -0.000647195
72129 79959 79703 -0.0035492
71952 81027 81166 0.00193184
68883 79883 80087 0.00296154
69473 79119 79300 0.00260533
69118 78522 78583 0.000882549
70024 78527 78410 -0.00167086
68615 80415 80420 7.28704e-05
72078 79060 78559 -0.0069508
74107 82205 82043 -0.00218603
72538 81162 80956 -0.00283989
71811 82230 82079 -0.00210274
72629 79882 80406 0.00721475
72967 80971 81313 0.00468705
71132 79999 79431 -0.00798515
70576 80391 80752 0.00511505
70171 80718 79974 -0.0106027
72050 80695 80556 -0.00192922
71218 78934 78685 -0.00349631
72350 82411 82237 -0.00240498
72822 81749 81487 -0.00359781
72277 80284 80063 -0.00305768
72560 81054 80811 -0.00334895
71877 80246 80270 0.000333904
71134 79829 80107 0.00390812
72125 80170 80193 0.000318891
69676 79380 79499 0.00170791
72224 81901 81942 0.000567678
72922 79365 79411 0.000630811
73616 82172 82164 -0.000108672
75275 82651 82880 0.00304218
72560 81961 82040 0.00108875
74523 81148 80867 -0.00377065
71359 79150 78785 -0.00511498
71480 81618 81831 0.00297985
71974 80705 80705 0
72646 80501 80346 -0.00213363
72161 80304 79890 -0.00573717
70333 78306 78444 0.00196209
73438 80637 80546 -0.00123914
71985 81799 81618 -0.00251441
72348 81027 81250 0.00308232
71462 81684 81724 0.000559738
69575 79947 80232 0.0040963
71725 81459 81289 -0.00237016
71382 78031 78739 0.00991847
70949 80789 80726 -0.000887962
72695 81503 81377 -0.00173327
71960 79631 79247 -0.0053363
70246 81501 81063 -0.00623523
71432 80143 80023 -0.00167992
70083 80318 80289 -0.000413795
73118 80190 80704 0.00702973
70670 78046 78184 0.00195274
70954 79776 79803 0.000380528
70706 81214 81280 0.000933443
73155 80772 80770 -2.73392e-05
71552 80570 80122 -0.00626118
71493 79478 79444 -0.000475571
70217 81138 80751 -0.00551149
73519 80328 80348 0.000272039
70732 78748 78701 -0.00066448
71754 79920 79901 -0.000264794
70122 81177 81014 -0.00232452
72847 80568 80791 0.00306121
69654 80442 79811 -0.00905906
70090 79570 79600 0.000428021
70157 79963 79697 -0.0037915
72156 80044 79962 -0.00113643
70183 81557 81321 -0.00336264
71408 80161 80125 -0.000504145
71497 79931 79205 -0.0101543
70881 79555 79000 -0.00783002
72995 80197 80007 -0.00260292
73330 81805 81840 0.000477294
67693 78515 78771 0.00378178
69108 79089 79341 0.00364647
72152 81437 81908 0.00652789
69303 78499 78393 -0.00152952
72770 80756 80835 0.00108561
70578 78778 78941 0.0023095
70721 80837 80640 -0.00278559
68908 79815 79727 -0.00127707
70905 81599 81476 -0.00173472
70646 79923 79644 -0.00394927
71981 80177 80188 0.000152818
72229 81202 81302 0.00138449
70462 80444 80012 -0.00613096
68699 79423 79560 0.00199421
73001 80763 81048 0.00390406
71367 80916 80642 -0.00383931
70927 78329 78568 0.00336966
72975 80594 81028 0.00594724
72670 80271 79591 -0.00935737
70357 79415 79358 -0.000810154
71043 80497 80079 -0.00588376
73046 82441 82072 -0.00505161
74982 81805 81605 -0.00266731
71733 79471 79551 0.00111525
71256 79480 79722 0.00339621
71258 80803 80762 -0.000575374
74036 79856 79798 -0.000783403
69865 78323 78175 -0.00211837
70232 81996 81918 -0.0011106
72821 82001 81966 -0.000480631
74018 81792 82093 0.00406658
70129 78869 78923 0.00077001
73555 79844 79834 -0.000135953
74009 81703 81786 0.00112149
71834 78656 77575 -0.0150486
72491 79672 79163 -0.00702156
73563 81501 81188 -0.00425486
71579 81353 81123 -0.00321323
69908 81260 81121 -0.00198833
73265 82585 82963 0.00515935
72890 81300 80994 -0.00419811
71253 80030 79550 -0.00673656
68755 79192 79180 -0.000174533
69830 78534 78767 0.00333667
71791 80313 79811 -0.00699252
74698 81805 81965 0.00214196
73155 80325 80253 -0.000984212
73648 80024 80001 -0.000312296
72944 82417 82117 -0.00411274
68930 80054 79890 -0.00237923
72836 80121 80121 0
74245 83574 83638 0.000862011
74863 82348 82348 0
71392 80312 80168 -0.00201703
72405 80021 80412 0.00540018
73720 81706 81536 -0.00230602
72060 80457 80877 0.00582848
71643 80358 80050 -0.00429909
71468 78429 78446 0.000237869
69251 76862 76862 0
69750 79195 79164 -0.000444444
72854 80907 80907 0
70634 79680 79713 0.000467197
73604 82397 82495 0.00133145
71639 82219 81477 -0.0103575
72306 80992 81005 0.000179791
71812 80371 80342 -0.000403832
70632 80384 79938 -0.00631442
72385 81723 81407 -0.00436555
70342 80529 81045 0.00733559
73428 82409 82488 0.00107588
69181 80550 80220 -0.0047701
71867 81309 81267 -0.000584413
71960 81590 81662 0.00100056
68496 79840 79860 0.000291988
69620 82093 81595 -0.00715312
72999 82775 82624 -0.00206852
71706 80869 81002 0.0018548
70689 79355 80097 0.0104967
71119 80398 80863 0.00653834
71926 80170 80354 0.00255818
69847 81192 81638 0.00638539
69671 79078 79306 0.00327252
74153 81574 81300 -0.00369506
69962 79937 80081 0.00205826
69245 79848 80007 0.00229619
71334 80955 80982 0.000378501
70956 79508 79125 -0.00539771
71681 79855 79609 -0.00343187
71148 79122 79178 0.000787092
70196 77848 77354 -0.00703744
70236 79981 80205 0.00318925
71469 79999 80190 0.00267249
69919 81431 81289 -0.00203092
68956 79344 79402 0.000841116
72432 80474 80087 -0.00534294
71893 79543 79379 -0.00228117
71955 79467 79401 -0.00091724
69725 78412 78417 7.17103e-05
71469 79369 79687 0.00444948
71981 80790 80570 -0.00305636
71135 79261 79973 0.0100091
71138 80120 80178 0.000815317
73990 82356 82503 0.00198675
71057 81249 81088 -0.00226579
68575 79400 79365 -0.00051039
71637 80215 80106 -0.00152156
71365 80777 80563 -0.00299867
72563 79924 79872 -0.000716619
73139 82045 82012 -0.000451196
72460 81265 80802 -0.00638973
70275 78311 78063 -0.00352899
71556 81497 81326 -0.00238974
74547 81828 81809 -0.000254873
73834 82392 82205 -0.00253271
72129 80792 80545 -0.00342442
71869 79102 79098 -5.56568e-05
73969 79691 79619 -0.000973381
72704 80899 80717 -0.0025033
71654 80977 81128 0.00210735
68205 80806 80817 0.000161278
72190 79728 79952 0.00310292
71594 80162 80219 0.000796156
71472 80439 80719 0.00391762
73731 80948 80293 -0.00888364
69745 78267 78228 -0.00055918
70817 80583 80286 -0.00419391
71061 79905 79804 -0.00142131
69526 77860 78016 0.00224376
72400 80552 80031 -0.00719613
70437 80179 80473 0.00417394
72596 81270 81197 -0.00100557
70142 80055 79291 -0.0108922
