36084 40440 40400 -0.00110852
35359 39795 39851 0.00158376
36851 40777 40822 0.00122113
35857 40406 40750 0.00959366
36054 40820 40807 -0.00036057
35713 40321 40360 0.00109204
36262 41200 40924 -0.00761127
36370 41003 41171 0.00461919
36231 40554 40709 0.0042781
35033 39896 39907 0.00031399
36467 41226 41214 -0.000329065
36453 40902 40908 0.000164596
36636 39722 40008 0.00780653
34342 41092 41095 8.73566e-05
36512 40548 40262 -0.00783304
36694 41164 40920 -0.00664959
35691 41609 41609 0
35461 40630 40625 -0.000141
35448 39798 39894 0.00270819
36147 40920 40895 -0.00069162
36643 41226 41220 -0.000163742
37482 41594 41528 -0.00176085
36039 39686 39647 -0.00108216
37666 40762 40682 -0.00212393
36061 40340 40340 0
36272 40613 40506 -0.00294993
37858 41176 40972 -0.00538856
36965 40699 40677 -0.000595158
37702 41150 40993 -0.00416424
36407 40596 40764 0.0046145
37225 41215 41059 -0.00419073
34431 39940 39895 -0.00130696
36693 40947 41008 0.00166244
35524 39964 39710 -0.0071501
35619 40396 40006 -0.0109492
35305 39912 39684 -0.00645801
36471 40359 40565 0.00564832
36545 41410 41410 0
36150 40718 40570 -0.00409405
36151 39766 39775 0.000248956
37895 41924 42035 0.00292915
35619 40211 40168 -0.00120722
36929 41248 41403 0.00419724
35922 40719 40653 -0.00183731
35828 40040 39932 -0.0030144
38037 41739 41798 0.00155112
36838 40790 40762 -0.000760085
36200 41783 41762 -0.00058011
36292 40676 40771 0.00261766
35386 39741 39712 -0.000819533
35323 40438 40346 -0.00260454
36255 40242 40114 -0.00353055
36153 39862 39901 0.00107875
35747 39955 39885 -0.00195821
36258 40977 40741 -0.00650891
36967 40470 40491 0.000568074
36819 41279 41274 -0.000135799
36983 41149 41149 0
36586 40820 40735 -0.00232329
36270 39884 39910 0.000716846
35447 40215 40334 0.00335712
34868 40075 39865 -0.00602271
35865 40234 39995 -0.00666388
36794 41418 41375 -0.00116867
35852 40187 40174 -0.000362602
35195 40567 40559 -0.000227305
36653 41144 41184 0.00109132
36679 40466 40872 0.011069
35502 40074 40216 0.00399977
37151 40486 40161 -0.00874808
36158 40208 40121 -0.00240611
35663 40244 40093 -0.00423408
35277 41192 40957 -0.00666156
34755 40164 40409 0.00704935
35882 40754 40661 -0.00259183
35577 40362 40093 -0.00756106
34959 40058 40096 0.00108699
36859 40354 40219 -0.00366261
37109 41686 41737 0.00137433
35791 40988 40724 -0.00737616
35169 39343 39361 0.000511814
36509 39934 40058 0.00339642
36274 39283 39141 -0.00391465
35554 38985 39143 0.00444394
37110 41181 41097 -0.00226354
36072 40797 41102 0.00845531
35285 39590 39590 0
36997 41835 41900 0.0017569
36107 40580 40323 -0.00711773
36982 41717 41845 0.00346114
37640 41649 41679 0.000797024
36292 40448 40141 -0.00845916
37231 41227 41227 0
35517 40040 40161 0.00340682
36334 40505 40525 0.000550449
36627 39817 39852 0.000955579
36731 40028 40153 0.00340312
36623 40986 40556 -0.0117413
35984 40397 40273 -0.00344598
35271 39128 39131 8.50557e-05
35291 40601 40652 0.00144513
37529 41060 40982 -0.00207839
37157 41487 41517 0.000807385
37258 40286 40193 -0.00249611
35493 41355 41384 0.000817063
37164 41484 41433 -0.0013723
36459 40221 40198 -0.000630846
35698 41507 41504 -8.40383e-05
35192 40672 40631 -0.00116504
37328 41097 41097 0
36759 40496 40389 -0.00291085
36196 39211 39142 -0.00190629
37909 41567 41458 -0.00287531
35802 40439 40562 0.00343556
36700 40232 40190 -0.00114441
35430 39911 40029 0.00333051
36009 40103 40225 0.00338804
36550 41245 40872 -0.0102052
37385 40960 40995 0.000936204
35998 40285 40448 0.00452803
36349 40725 40665 -0.00165066
34931 40717 40331 -0.0110504
36655 41304 41282 -0.000600191
35692 39931 39765 -0.0046509
36182 41002 40907 -0.00262561
36070 40037 40262 0.00623787
35547 40313 40072 -0.00677976
36335 40212 40216 0.000110087
35982 40610 40535 -0.00208438
35635 41350 41227 -0.00345166
36154 40688 40671 -0.000470211
36602 41438 41266 -0.0046992
36121 40481 40452 -0.000802857
36110 40268 40236 -0.000886181
35995 41300 41263 -0.00102792
34894 40303 40196 -0.00306643
36170 41149 41118 -0.000857064
36957 41315 41324 0.000243526
36144 40671 40803 0.00365206
36084 40440 40715 0.00762111
35266 39826 39884 0.00164464
36389 39737 39816 0.00217099
35573 39707 39302 -0.011385
36632 40033 40165 0.00360341
36211 40185 40166 -0.000524702
36073 40764 40764 0
37350 40802 40862 0.00160643
34906 39256 39250 -0.00017189
35752 41030 40989 -0.00114679
35433 39127 39258 0.00369712
36221 40288 40232 -0.00154606
37003 40244 40248 0.000108099
35203 39899 39928 0.000823793
34951 39937 39785 -0.00434895
35268 40300 40394 0.00266531
35880 40428 40255 -0.00482163
35126 39768 39930 0.00461197
35295 40513 40392 -0.00342825
35708 40068 40197 0.00361264
35909 39784 39681 -0.00286836
36627 41120 41206 0.00234799
35799 41008 40760 -0.00692757
35094 40128 40198 0.00199464
36893 40741 40741 0
35736 40197 40255 0.00162301
36278 40776 40694 -0.00226032
37480 41213 41213 0
36704 41011 41086 0.00204337
35960 40367 40614 0.00686874
36099 40783 40771 -0.000332419
35668 40128 40038 -0.00252327
36885 41155 41455 0.00813339
36032 40582 40452 -0.0036079
36181 39805 39856 0.00140958
36923 41438 41499 0.00165209
36878 41404 41576 0.00466403
36689 40771 40538 -0.00635068
35697 40257 40278 0.000588285
36747 40143 40347 0.00555147
36902 40133 40051 -0.0022221
36068 41715 41717 5.54508e-05
37120 40789 40954 0.00444504
36454 40356 40319 -0.00101498
35715 40596 40514 -0.00229595
36040 41417 41348 -0.00191454
38518 41715 41696 -0.000493276
35367 40149 40081 -0.0019227
34889 39313 39430 0.00335349
35468 40465 40842 0.0106293
37347 41747 41517 -0.00615846
35305 40347 40484 0.00388047
35803 39831 39842 0.000307237
36764 40333 40179 -0.00418888
37627 40783 40973 0.00504957
37622 40993 40935 -0.00154165
35395 40674 40808 0.00378585
35977 40399 40363 -0.00100064
36670 39315 39373 0.00158167
35558 40207 40207 0
35279 39801 39682 -0.00337311
36159 41884 41911 0.000746702
37571 40903 40934 0.000825104
36103 40736 40869 0.0036839
35343 40710 40839 0.00364994
37369 40957 40871 -0.00230137
36147 40268 39949 -0.00882508
36067 40588 40584 -0.000110905
36712 40743 40837 0.00256047
35888 39450 39615 0.00459764
34744 39590 39685 0.00273429
35593 38971 39002 0.000870958
36643 41656 41532 -0.003384
37185 40118 40222 0.00279683
37138 41307 41249 -0.00156174
36476 41216 40800 -0.0114048
37161 39720 39824 0.00279863
35591 40648 40497 -0.00424265
35540 40349 40095 -0.00714688
36756 40803 40778 -0.000680161
36802 41018 41202 0.00499973
36180 40202 40428 0.00624655
35726 40271 40204 -0.00187538
38113 41878 41853 -0.000655944
35168 39273 39346 0.00207575
36573 41285 41245 -0.0010937
35536 40427 39937 -0.0137888
36496 39800 39721 -0.00216462
35773 40062 40051 -0.000307494
35010 40749 40705 -0.00125678
37495 40699 40697 -5.33404e-05
37054 40241 40197 -0.00118746
35854 41127 41225 0.00273331
37426 41472 41711 0.00638593
35527 39631 39663 0.000900723
35488 40380 40301 -0.0022261
35670 39522 39506 -0.000448556
36155 40882 40846 -0.000995713
36179 40841 40986 0.00400785
35689 40529 40629 0.00280198
36724 41037 41104 0.00182442
35953 40517 40365 -0.00422774
36272 40874 40750 -0.00341861
35371 39878 39877 -2.82717e-05
35899 40474 40642 0.0046798
37634 41048 41164 0.00308232
36615 41787 41778 -0.000245801
35962 39661 39783 0.00339247
35362 39919 39737 -0.00514677
36009 40826 40793 -0.000916438
36858 40452 40365 -0.00236041
35744 39898 39782 -0.0032453
36446 40740 40855 0.00315535
36749 40623 40563 -0.0016327
35908 39715 39609 -0.00295199
35903 40259 40248 -0.000306381
37721 41245 41088 -0.00416214
36082 40914 40796 -0.00327033
36221 41211 41211 0
36158 40348 40534 0.00514409
36291 40348 40547 0.00548345
37176 40346 40512 0.00446525
36849 40968 41147 0.00485766
35799 40027 40045 0.000502807
36025 39601 39613 0.000333102
36572 41929 41831 -0.00267965
35809 40301 40334 0.000921556
35788 41104 41103 -2.79423e-05
35755 40100 40239 0.00388757
36793 40451 40085 -0.00994754
36517 39415 39277 -0.00377906
36929 40869 40788 -0.0021934
35110 39959 39510 -0.0127884
35388 39776 39556 -0.0062168
35563 40927 40927 0
37029 41830 41857 0.000729158
37434 41133 41023 -0.00293851
36708 40710 40687 -0.000626566
34254 39569 39498 -0.00207275
37050 40654 40538 -0.0031309
35625 40743 40826 0.00232982
36986 40876 40696 -0.00486671
34988 39423 39684 0.0074597
36383 40507 40454 -0.00145672
36954 40216 40453 0.00641338
35145 40401 40262 -0.00395504
35813 40600 40612 0.000335074
35335 39943 39974 0.000877317
36491 41857 41870 0.000356252
35449 40412 40183 -0.00645998
36324 40158 40023 -0.00371655
35164 40982 40693 -0.00821863
36491 40381 40347 -0.000931737
35633 40687 40552 -0.00378862
37889 40352 40409 0.00150439
36979 40709 40499 -0.0056789
36949 41139 41163 0.000649544
37095 41618 41743 0.00336973
34555 39774 39706 -0.00196788
37670 40923 41075 0.00403504
36826 41760 42000 0.00651713
35846 40153 40092 -0.00170172
37182 40978 41038 0.00161368
36961 40474 40374 -0.00270555
36414 41111 41119 0.000219696
35416 39218 39341 0.00347301
36113 40697 40768 0.00196605
36487 41501 41369 -0.00361773
35525 40363 40412 0.00137931
35665 39959 39800 -0.00445815
34785 39764 39859 0.00273106
37257 41099 41126 0.000724696
36034 40375 40313 -0.0017206
36681 39620 39661 0.00111774
36093 40853 40964 0.00307539
35629 40088 39779 -0.00867271
36927 40882 40729 -0.00414331
35700 40608 40664 0.00156863
35926 39729 39693 -0.00100206
36023 40072 40165 0.00258168
34617 39794 39791 -8.66626e-05
35395 39211 39198 -0.000367284
34919 40241 40241 0
36202 41333 41348 0.000414342
36035 40803 40795 -0.000222006
36335 41130 41011 -0.00327508
34626 40320 40322 5.77601e-05
35411 40478 40579 0.00285222
35476 40049 39760 -0.00814635
35393 39579 39546 -0.000932388
35611 40147 39731 -0.0116818
36786 39971 39971 0
36646 40341 40311 -0.000818643
36025 40013 40007 -0.000166551
37306 41223 41207 -0.000428885
35091 39232 39237 0.000142487
35465 40759 40759 0
35087 40553 40614 0.00173854
37431 41783 41735 -0.00128236
34360 39939 39738 -0.00584983
37327 41180 41312 0.00353631
35980 40586 40649 0.00175097
36471 40212 40245 0.000904828
35999 40921 40904 -0.000472235
35749 40236 40091 -0.00405606
36427 40519 40451 -0.00186675
36947 41029 40794 -0.00636046
36008 40792 41060 0.00744279
35903 40610 40638 0.000779879
36221 39844 39762 -0.00226388
36266 40963 40898 -0.00179231
35956 40829 40948 0.0033096
36752 40555 40622 0.00182303
35517 40550 40381 -0.00475828
35618 40658 40606 -0.00145994
35784 40221 40113 -0.00301811
36968 41205 41093 -0.00302965
36338 40424 40425 2.75194e-05
36264 41044 40935 -0.00300574
34698 39248 39221 -0.000778143
34990 40152 40165 0.000371535
36049 40243 40204 -0.00108186
36044 40434 40322 -0.00310731
36874 40695 40514 -0.00490861
37358 40758 40736 -0.000588897
37319 41358 41256 -0.00273319
36790 40733 40604 -0.00350639
36293 39996 40037 0.00112969
36226 41501 41477 -0.000662508
35137 40182 40200 0.000512281
37376 41152 41373 0.00591289
37675 41779 41785 0.000159257
36559 40783 40523 -0.00711179
36181 40543 40032 -0.0141234
36114 41428 41146 -0.00780861
38076 41620 41835 0.0056466
35348 40872 40793 -0.00223492
36677 40874 40829 -0.00122693
35754 40790 40723 -0.00187392
36151 40630 40585 -0.00124478
37871 41289 41220 -0.00182197
36110 40544 40242 -0.00836333
34663 40937 40946 0.000259643
35531 40476 40762 0.00804931
37328 41070 40826 -0.00653665
36487 39872 39760 -0.00306959
35440 39570 39509 -0.00172122
34568 40492 40378 -0.00329785
36497 40263 40285 0.000602789
36096 40536 40565 0.000803413
37430 42245 42245 0
36191 40170 40033 -0.00378547
37278 41186 41031 -0.00415795
37218 40484 40402 -0.00220323
37762 41674 41471 -0.00537577
36672 41501 41190 -0.00848058
35896 39970 39951 -0.000529307
36560 40572 40522 -0.00136761
35397 40392 40523 0.00370088
35364 40208 40208 0
35432 40747 40570 -0.00499548
36341 40449 40463 0.00038524
35516 40018 39931 -0.0024496
35145 39666 39839 0.00492246
35902 40771 40842 0.00197761
36699 40024 39861 -0.00444154
35052 40078 40017 -0.00174027
36683 40196 40124 -0.00196276
35518 40524 40474 -0.00140774
37449 41454 41268 -0.00496675
36295 40072 40087 0.00041328
36730 39934 40423 0.0133134
34144 39414 39246 -0.00492034
36520 39947 40158 0.00577766
36808 39878 39928 0.0013584
36881 40408 40287 -0.00328082
35655 40443 40314 -0.00361801
37002 41778 41711 -0.00181071
35858 40229 40514 0.00794802
34819 41279 41168 -0.00318791
35431 39627 39622 -0.000141119
37044 40062 39988 -0.00199762
36523 41103 41480 0.0103223
36338 41347 41296 -0.00140349
35469 40578 40621 0.00121233
36663 41272 40936 -0.00916455
37181 41093 40995 -0.00263575
36988 40836 40901 0.00175733
35996 40411 40385 -0.000722302
35781 39898 39711 -0.00522624
36396 41111 41024 -0.00239037
36030 40102 40068 -0.000943658
37209 40792 40792 0
35352 41155 41155 0
35835 39478 39048 -0.0119994
35317 39766 39684 -0.00232183
35967 40700 40539 -0.00447633
35034 40276 40212 -0.0018268
35188 40480 40433 -0.00133568
35984 40094 40017 -0.00213984
36444 41550 41479 -0.00194819
35570 40642 40209 -0.0121732
35227 40118 40201 0.00235615
35159 40753 40687 -0.00187719
36249 40759 40709 -0.00137935
35968 40642 40533 -0.00303047
36404 40729 40782 0.00145588
34937 40100 40025 -0.00214672
35928 40693 40482 -0.00587286
35840 39988 39914 -0.00206473
36975 41625 41581 -0.00118999
38050 41605 41375 -0.00604468
37411 40612 40839 0.00606773
34941 40575 40426 -0.00426433
36033 40971 40975 0.000111009
36357 41021 40922 -0.002723
37042 41016 40934 -0.0022137
35760 40899 40890 -0.000251678
36015 40166 40371 0.00569207
36271 40578 40689 0.0030603
36327 41212 41138 -0.00203705
36018 39925 40066 0.00391471
37302 40762 40638 -0.00332422
35843 40563 40464 -0.00276205
37007 41059 41016 -0.00116194
36688 41037 41278 0.00656891
36732 41433 41382 -0.00138844
37554 41117 40889 -0.00607126
36700 40523 40194 -0.00896458
35902 40964 40962 -5.57072e-05
35978 41119 40896 -0.00619823
37893 41597 41450 -0.00387934
36161 40465 39914 -0.0152374
35649 39804 39985 0.00507728
37107 41001 41345 0.00927049
36088 40018 39880 -0.00382399
35760 41059 40942 -0.00327181
37501 40898 40887 -0.000293326
36197 40268 39977 -0.00803934
36223 40620 40407 -0.00588024
36569 40457 40620 0.00445733
36502 41015 40875 -0.00383541
34072 40303 40204 -0.00290561
36660 40801 40872 0.00193672
36711 40353 40081 -0.00740922
36214 41006 41045 0.00107693
37634 41246 41039 -0.00550035
35596 39602 39525 -0.00216316
36976 41371 41245 -0.00340762
35026 40426 40323 -0.00294067
35104 40148 40396 0.00706472
36178 40560 40465 -0.00262591
36080 40602 40436 -0.00460089
34663 39978 40080 0.00294262
35917 40684 40698 0.000389788
36304 40421 40094 -0.00900727
36052 39342 39304 -0.00105403
36810 40456 40434 -0.000597664
36695 40548 40542 -0.00016351
36780 40413 40319 -0.00255574
36667 40606 40568 -0.00103635
35571 40078 40124 0.00129319
36286 39873 40155 0.00777159
36367 41290 41326 0.000989908
34589 39474 39494 0.000578219
35328 40190 40007 -0.00518003
36164 39896 40194 0.00824024
36011 41567 41586 0.000527617
35514 41105 41098 -0.000197105
35919 40920 40929 0.000250564
36503 41141 41114 -0.000739665
36259 39570 39387 -0.00504702
35753 40513 40445 -0.00190194
36803 41448 41184 -0.00717333
36602 40396 40290 -0.00289602
36411 40309 40467 0.00433935
37177 41323 41394 0.00190978
37273 40892 41059 0.00448046
36809 40889 40946 0.00154853
37262 41004 40959 -0.00120766
36571 41055 41063 0.000218753
34941 39437 39348 -0.00254715
35985 40491 40267 -0.00622482
35508 40541 40305 -0.00664639
36789 40563 40537 -0.000706733
35172 39384 39142 -0.00688047
35510 39004 38875 -0.00363278
35966 39998 39874 -0.0034477
36103 40711 40606 -0.00290835
35933 40112 40103 -0.000250466
37163 41239 41283 0.00118397
36895 40367 40340 -0.000731806
35076 40518 40593 0.00213821
36501 40703 40779 0.00208213
36068 39843 39275 -0.015748
35014 39718 39639 -0.00225624
35675 41015 41015 0
36175 40730 40542 -0.00519696
36494 40096 40077 -0.000520634
36410 39939 39881 -0.00159297
35798 41397 41391 -0.000167607
37031 41732 41736 0.000108018
36134 40360 40310 -0.00138374
36394 39851 39813 -0.00104413
36480 40220 40240 0.000548246
36097 39810 39866 0.00155138
36280 40948 40709 -0.00658765
36685 40861 40824 -0.00100859
35845 40769 40739 -0.000836937
36941 41247 41000 -0.00668634
35887 41575 41682 0.00298158
36363 40850 40883 0.000907516
36345 40188 40315 0.00349429
37286 40414 40406 -0.000214558
36707 40841 40879 0.00103522
36493 40089 40047 -0.00115091
35467 40109 40091 -0.000507514
37127 41532 41600 0.00183155
35708 40387 40582 0.00546096
34982 39942 39974 0.000914756
36616 40889 40734 -0.00423312
35137 39724 39823 0.00281754
35286 40993 40653 -0.00963555
37032 41219 41373 0.00415857
35275 40782 40596 -0.00527286
37271 41326 41457 0.0035148
35174 39275 39446 0.00486155
35818 40438 40432 -0.000167514
36961 41170 41047 -0.00332783
36687 40214 40398 0.0050154
34003 40098 40092 -0.000176455
37105 41841 41636 -0.00552486
35563 40514 40572 0.00163091
34765 40360 40519 0.00457357
37575 41391 41328 -0.00167665
36806 40614 40477 -0.00372222
37386 40589 40655 0.00176537
36902 40703 40681 -0.000596174
33704 40264 40343 0.00234394
36925 40601 40533 -0.00184157
36194 40798 40768 -0.000828867
34882 40081 40244 0.0046729
35695 39853 39803 -0.00140076
36944 40703 40962 0.00701061
34996 39793 39759 -0.00097154
37011 41261 41254 -0.000189133
36050 40425 40377 -0.00133148
36065 40030 39854 -0.00488008
36044 39777 39542 -0.00651981
36935 40863 40873 0.000270746
35546 40035 39978 -0.00160356
37791 41642 41728 0.00227567
35536 39526 39313 -0.00599392
35281 39317 39345 0.000793628
35751 39852 39783 -0.00193002
37206 42078 42103 0.000671935
34453 40144 40082 -0.00179955
35923 40430 40280 -0.0041756
36780 40993 40936 -0.00154976
36189 39592 39594 5.52654e-05
36247 40675 40615 -0.00165531
34005 39446 39410 -0.00105867
35273 39965 39750 -0.00609531
36221 40300 40239 -0.00168411
35643 40472 40533 0.00171142
36240 40558 40566 0.000220751
36013 40024 39840 -0.00510927
35709 41052 40988 -0.00179227
36956 40862 40856 -0.000162355
36131 40107 40121 0.000387479
36373 40926 41030 0.00285926
34963 39557 39684 0.00363241
37023 40805 40763 -0.00113443
35437 40072 40140 0.0019189
36165 40311 40585 0.00757639
35410 40366 40466 0.00282406
35482 40468 40343 -0.00352291
35748 40952 40944 -0.000223789
35136 39456 39545 0.00253301
34756 40204 40097 -0.00307861
36839 41121 41153 0.000868645
36887 40689 40734 0.00121994
35711 40640 40448 -0.00537649
35853 40940 40817 -0.00343068
35702 40755 40755 0
34848 39349 39349 0
36323 39896 39689 -0.00569887
36358 40664 40553 -0.00305297
35917 40100 40077 -0.000640365
37142 41096 40973 -0.00331161
36708 41129 41221 0.00250627
36162 40578 40515 -0.00174216
36714 40712 40403 -0.00841641
36580 40440 40615 0.00478403
35875 40963 40963 0
38463 41439 41459 0.00051998
35668 40449 40202 -0.00692497
35823 40739 40704 -0.000977026
35938 41070 41149 0.00219823
35316 40481 40533 0.00147242
36003 40585 40583 -5.55509e-05
35821 40699 40557 -0.00396416
35859 39963 40082 0.00331855
35499 39577 39526 -0.00143666
36625 40976 41161 0.00505119
36242 40333 40352 0.000524254
36693 40780 40577 -0.00553239
36046 40049 40067 0.000499362
37400 42324 42371 0.00125668
36897 41575 41261 -0.00851018
36289 40880 40733 -0.00405081
36381 40401 40525 0.00340837
35873 40305 40369 0.00178407
36182 40449 40700 0.00693715
36724 40577 40585 0.000217841
37369 41949 41916 -0.000883085
34872 40053 40062 0.000258087
37091 41394 41137 -0.0069289
37216 41327 41195 -0.00354686
36961 41612 41691 0.00213739
36004 39959 39881 -0.00216643
36516 40427 40456 0.000794172
36072 41019 41102 0.00230095
36123 40884 40768 -0.00321125
35219 39777 39789 0.000340725
36601 40984 40838 -0.00398896
36245 40322 40275 -0.00129673
35533 40001 39892 -0.00306757
35613 39667 39392 -0.0077219
35280 40030 39972 -0.00164399
36258 40705 40783 0.00215125
36471 40729 40563 -0.00455156
36163 40620 40474 -0.00403728
36486 40909 40909 0
36154 40975 40935 -0.00110638
36881 41716 41716 0
36593 41225 41054 -0.00467302
35678 40517 40155 -0.0101463
34968 39165 39172 0.000200183
36139 41157 41145 -0.000332051
36514 40838 40770 -0.0018623
37302 41028 41105 0.00206423
36718 39848 39980 0.00359497
35369 39376 39597 0.00624841
36298 40786 41045 0.00713538
36282 40835 41107 0.00749683
36880 40710 40766 0.00151844
36660 41464 41178 -0.00780142
35736 40676 40767 0.00254645
35781 40749 40401 -0.00972583
36300 41520 41560 0.00110193
34986 40311 39978 -0.00951809
37595 40835 40823 -0.000319191
35648 40784 40670 -0.00319794
34740 39886 40076 0.0054692
37693 41513 41461 -0.00137957
37401 41966 41848 -0.003155
38061 41308 41095 -0.00559628
36924 40712 40641 -0.00192287
35537 40067 39852 -0.00605003
35286 39621 39697 0.00215383
35928 40740 40758 0.000501002
36609 40495 40726 0.00630992
35608 40050 40147 0.00272411
35867 40872 40832 -0.00111523
36827 41293 41320 0.000733158
35963 40754 40754 0
37623 41691 41769 0.0020732
35022 39584 39508 -0.00217006
36251 39882 39895 0.000358611
35900 39907 40005 0.00272981
35376 40341 40323 -0.00050882
37232 41142 41139 -8.05758e-05
35415 40709 40638 -0.0020048
35949 40289 40195 -0.00261482
35234 40970 40971 2.83817e-05
36110 40029 40093 0.00177236
36597 40506 40205 -0.00822472
35276 41285 41239 -0.001304
35263 40586 40435 -0.00428211
35641 40321 40268 -0.00148705
36338 41027 40661 -0.0100721
36156 39964 40100 0.00376148
36026 41209 41632 0.0117415
38063 41438 41480 0.00110343
34423 39804 40068 0.00766929
35869 40783 40844 0.00170063
37276 41413 41399 -0.000375577
35742 40865 40719 -0.00408483
35928 40605 40973 0.0102427
35678 40823 40878 0.00154157
36208 40974 40969 -0.000138091
37807 41280 41280 0
37383 41543 41329 -0.00572453
36050 41031 41076 0.00124827
36196 39919 39781 -0.00381258
35961 39810 40032 0.00617335
34770 39556 39581 0.000719011
35444 40519 40427 -0.00259564
36766 39868 39984 0.00315509
35756 40700 40543 -0.00439087
35249 40136 39979 -0.00445403
35721 40149 40148 -2.79947e-05
35859 40519 40633 0.00317912
35802 40236 40060 -0.00491593
34727 40268 40323 0.00158378
35248 39756 39804 0.00136178
36055 39375 39350 -0.000693385
36888 41423 41492 0.00187053
36118 39851 39912 0.00168891
36560 40892 40930 0.00103939
36486 40398 40236 -0.00444006
36699 41041 41063 0.000599471
35971 40268 40465 0.00547663
35902 40399 40135 -0.00735335
36094 41079 41052 -0.000748047
35222 39803 39523 -0.00794958
35482 40213 40253 0.00112733
35602 40377 40462 0.00238751
36190 40600 40437 -0.00450401
36851 41544 41461 -0.00225231
37261 40476 40619 0.00383779
36453 40320 40344 0.000658382
35072 39766 39825 0.00168225
36433 39923 39891 -0.000878325
35666 40718 40730 0.000336455
36321 40440 40163 -0.00762644
36314 41805 41779 -0.000715977
35730 40132 40122 -0.000279877
35717 40669 40507 -0.00453566
37340 42332 42324 -0.000214247
37009 41721 41702 -0.000513389
36068 40696 40981 0.00790174
36674 40886 40594 -0.00796204
35981 40430 40430 0
36058 40306 40113 -0.00535249
35677 40485 40479 -0.000168176
34005 40071 40070 -2.94074e-05
36259 41291 41301 0.000275794
35546 40226 40178 -0.00135036
35168 39543 39257 -0.00813239
35449 39472 39344 -0.00361082
36861 40417 40566 0.00404221
35817 40009 40112 0.00287573
36506 40610 40623 0.000356106
35724 40483 40309 -0.00487068
36305 40567 40637 0.00192811
34964 40408 40297 -0.00317469
34415 39881 40015 0.00389365
36807 40684 40580 -0.00282555
36159 39996 40124 0.00353992
36909 40728 40688 -0.00108375
36310 40382 40382 0
35882 40566 40506 -0.00167215
36435 40373 40356 -0.000466584
36337 41003 40984 -0.000522883
34787 40403 40428 0.000718659
35084 39934 39929 -0.000142515
34918 39667 39684 0.000486855
35362 39644 39568 -0.0021492
34633 40572 40578 0.000173245
36401 39950 39673 -0.00760968
37415 41269 41265 -0.000106909
36648 40998 40977 -0.000573019
36264 41520 41451 -0.00190271
36681 40330 40603 0.00744255
36826 40867 41029 0.00439907
35924 40391 40352 -0.00108563
35650 40614 40793 0.00502104
35417 40733 40357 -0.0106164
36365 40720 40769 0.00134745
35978 39857 39739 -0.00327978
36532 41602 41516 -0.0023541
36785 41276 41112 -0.00445834
36489 40524 40406 -0.00323385
36636 40912 40799 -0.0030844
36305 40517 40527 0.000275444
35923 40311 40451 0.00389722
36420 40427 40526 0.00271829
35185 40070 40133 0.00179054
36467 41334 41280 -0.00148079
36838 40088 40105 0.00046148
37162 41469 41462 -0.000188364
38002 41714 41829 0.00302616
36637 41474 41433 -0.00111909
37632 40960 40846 -0.00302934
36050 39982 39980 -5.54785e-05
36096 41196 41301 0.00290891
36338 40737 40737 0
36677 40640 40625 -0.000408976
36438 40531 40329 -0.00554366
35520 39468 39595 0.00357545
37078 40704 40663 -0.00110578
36345 41284 41199 -0.0023387
36516 40893 41009 0.00317669
36063 41219 41239 0.000554585
35152 40380 40279 -0.00287324
36220 41229 41035 -0.00535616
36047 39578 39790 0.00588121
35825 40790 40757 -0.000921144
36707 41150 41085 -0.00177078
36348 40216 40023 -0.00530978
35465 41143 40924 -0.0061751
36066 40465 40402 -0.0017468
35390 40539 40505 -0.000960723
36909 40485 40741 0.00693598
35670 39417 39456 0.00109336
35840 40294 40112 -0.00507813
35701 40991 41025 0.000952354
36937 40771 40650 -0.00327585
36130 40661 40433 -0.00631055
36099 40124 40107 -0.000470927
35471 40963 40927 -0.00101491
37127 40372 40570 0.00533305
35707 39716 39634 -0.00229647
36233 40341 40227 -0.0031463
35417 40982 40897 -0.00239998
36772 40660 40770 0.00299141
35175 40591 39824 -0.0218053
35390 40278 40174 -0.00293868
35411 40283 40222 -0.00172263
36442 40408 40138 -0.00740903
35452 41179 41090 -0.00251044
36058 40461 40446 -0.000415996
36097 40342 40298 -0.00121894
35791 40165 39876 -0.00807466
36874 40504 40417 -0.00235939
37014 41300 41300 0
34188 39640 39768 0.003744
34906 40099 39782 -0.00908153
36427 41311 41355 0.0012079
34998 39626 39577 -0.00140008
36722 40751 40741 -0.000272316
35640 39946 39857 -0.00249719
35711 40802 40704 -0.00274425
34787 40457 40247 -0.00603674
35808 41182 41123 -0.00164768
35668 40335 40200 -0.00378491
36344 40482 40484 5.50297e-05
36483 41005 40758 -0.00677028
35574 40600 40382 -0.00612807
34685 40107 40146 0.00112441
36850 40767 40915 0.00401628
36035 40713 40555 -0.00438463
35808 39662 39660 -5.58534e-05
36845 40760 40895 0.003664
36688 40198 40176 -0.000599651
35520 40003 40056 0.00149212
35868 40623 40501 -0.00340136
36883 41682 41419 -0.00713066
37873 41191 41197 0.000158424
36228 40128 40171 0.00118693
35972 40190 40238 0.00133437
35964 40581 40746 0.00458792
37378 40301 40303 5.35074e-05
35295 39562 39485 -0.00218161
35441 41367 41332 -0.000987557
36775 41405 41328 -0.00209381
37382 41375 41445 0.00187256
35424 39827 39932 0.00296409
37154 40316 40231 -0.00228778
37366 41240 41275 0.00093668
36285 39733 39180 -0.0152405
36607 40236 39971 -0.00723905
37149 40847 41033 0.00500686
36139 41035 41015 -0.000553419
35292 41017 40947 -0.00198345
36996 41691 41887 0.00529787
36804 41033 40874 -0.00432018
35986 40419 40172 -0.00686378
34725 39990 39933 -0.00164147
35259 39642 39754 0.00317649
36245 40532 40279 -0.00698027
37712 41293 41366 0.00193572
36952 40711 40527 -0.00497943
37183 40389 40379 -0.00026894
36830 41588 41437 -0.00409992
34802 40418 40329 -0.00255732
36774 40440 40423 -0.000462283
37485 42182 42215 0.000880352
37790 41564 41564 0
36055 40596 40518 -0.00216336
36557 40595 40595 0
37209 41224 41143 -0.00217689
36404 40629 40825 0.00538402
36182 40547 40421 -0.00348239
36086 39609 39590 -0.00052652
34989 38827 38827 0
35219 39931 39924 -0.000198756
36784 40901 40901 0
35670 40267 40250 -0.000476591
37168 41588 41634 0.00123762
36162 41492 41116 -0.0103977
36487 40869 40864 -0.000137035
36269 40580 40560 -0.000551435
35664 40567 40342 -0.00630888
36540 41266 41089 -0.00484401
35516 40650 40608 -0.00118257
37060 41423 41626 0.0054776
34927 40657 40488 -0.00483866
36277 41032 41009 -0.000634011
36340 41188 41222 0.000935608
34618 40322 40332 0.000288867
35158 41445 41193 -0.00716764
36860 41691 41710 0.000515464
36187 40826 40867 0.001133
35707 40062 40430 0.0103061
35907 40587 40829 0.00673963
36306 40464 40558 0.0025891
35256 41108 41021 -0.00246767
35195 39932 40045 0.00321068
37443 41032 41053 0.000560852
35314 40576 40605 0.000821204
34961 40311 40390 0.00225966
36027 40868 40782 -0.0023871
35816 40119 40159 0.00111682
36188 40351 40166 -0.00511219
35939 39950 39982 0.000890398
35433 39296 39054 -0.00682979
35462 40523 40497 -0.000733179
36106 40374 40493 0.00329585
35298 41098 40975 -0.00348462
34825 40061 40072 0.000315865
36599 40638 40444 -0.00530069
36303 40151 40071 -0.00220367
36325 40110 40086 -0.000660702
35227 39599 39602 8.51619e-05
36104 40077 39977 -0.00276978
36343 40782 40784 5.50312e-05
35924 40369 40388 0.000528894
35921 40498 40565 0.0018652
37355 41568 41598 0.000803105
35888 41021 40365 -0.0182791
34639 40041 40134 0.00268484
36161 40487 40433 -0.00149332
36030 40813 40670 -0.00396891
36644 40360 40335 -0.00068224
36930 41491 41430 -0.00165177
36590 41024 41033 0.000245969
35502 39546 39424 -0.00343643
36115 41120 41037 -0.00229821
37630 41305 41290 -0.000398618
37283 41588 41474 -0.00305769
36415 40782 40655 -0.00348757
36294 39950 39944 -0.000165317
37342 40220 40181 -0.0010444
36711 40844 40755 -0.00242434
36180 40900 40935 0.000967385
34445 40799 40809 0.000290318
36441 40255 40258 8.23249e-05
36137 40419 40481 0.00171569
36076 40585 40631 0.00127509
37217 40833 40827 -0.000161217
35222 39261 39491 0.00653001
35765 40628 40563 -0.00181742
35882 40342 40289 -0.00147706
35105 39294 39293 -2.8486e-05
36551 40651 40394 -0.00703127
35563 40528 40620 0.00258696
36640 41019 40982 -0.00100983
35441 40424 40434 0.000282159
